<?xml version="1.0" encoding="UTF-8"?><TestSessionContainer xmlns="http://www.codecover.org/xml/testsession-container" Date="1598619546633" TestSessionContainerId="91a82019-19bd-4a09-a274-545ae37d76bc" version="1.0">
<SrcFileList>
<SrcFile Content="package pickr;&#13;&#10;&#13;&#10;public class Main {&#13;&#10;&#13;&#10;&#9;public static void main(String[] args) {&#13;&#10;&#9;&#9;// TODO Auto-generated method stub&#13;&#10;&#13;&#10;&#9;}&#13;&#10;&#13;&#10;}&#13;&#10;" Filename="Main.java" Intrnl_Id="1"/>
<SrcFile Content="package pickr.classes;&#13;&#10;&#13;&#10;&#13;&#10;import java.util.ArrayList;&#13;&#10;//import java.util.Collections;&#13;&#10;import java.util.Collections;&#13;&#10;&#13;&#10;import pickr.enums.Suit;&#13;&#10;import pickr.exceptions.OutOfBoundException;&#13;&#10;import pickr.exceptions.WrongCardNumberException;&#13;&#10;&#13;&#10;public class Deck {&#13;&#10;&#13;&#10;&#9;public ArrayList&lt;GamingCard&gt; cards;&#13;&#10;&#13;&#10;&#13;&#10;&#9;public Deck() { this.cards = new ArrayList&lt;GamingCard&gt;();&#9;}&#13;&#10;&#13;&#10;&#9;public ArrayList&lt;GamingCard&gt; getCards() { return cards;&#9;}&#13;&#10;&#13;&#10;&#9;public void init() throws WrongCardNumberException {&#13;&#10;&#9;&#9;for(int num = 1; num &lt; 11; num++) {&#13;&#10;&#9;&#9;&#9;for(Suit suit : Suit.values()) {&#13;&#10;&#9;&#9;&#9;&#9;cards.add(new GamingCard(suit, num));&#13;&#10;&#9;&#9;&#9;}&#13;&#10;&#9;&#9;}&#13;&#10;&#9;}&#13;&#10;&#13;&#10;&#9;public void shuffle() { Collections.shuffle(cards);&#9;}&#13;&#10;&#13;&#10;&#9;public GamingCard pick() throws OutOfBoundException {&#13;&#10;&#13;&#10;&#9;&#9;if(!cards.isEmpty())&#13;&#10;&#9;&#9;&#9;return cards.remove(0);&#13;&#10;&#9;&#9;else throw new OutOfBoundException();&#13;&#10;&#13;&#10;&#9;}&#13;&#10;&#13;&#10;&#9;public ArrayList&lt;GamingCard&gt; picks(int n) throws OutOfBoundException {&#13;&#10;&#13;&#10;&#9;&#9;if(cards.size() &gt;= n) {&#13;&#10;&#9;&#9;&#9;ArrayList&lt;GamingCard&gt; picked = new ArrayList&lt;GamingCard&gt;();&#13;&#10;&#9;&#9;&#9;for(int i =0; i &lt; n; i ++) {&#13;&#10;&#9;&#9;&#9;&#9;picked.add(cards.remove(0));&#13;&#10;&#9;&#9;&#9;}&#13;&#10;&#9;&#9;&#9;return picked;&#13;&#10;&#9;&#9;}&#13;&#10;&#9;&#9;else throw new OutOfBoundException();&#13;&#10;&#9;}&#13;&#10;}&#13;&#10;" Filename="Deck.java" Intrnl_Id="2"/>
<SrcFile Content="package pickr.classes;&#13;&#10;&#13;&#10;import pickr.enums.Suit;&#13;&#10;import pickr.exceptions.WrongCardNumberException;&#13;&#10;&#13;&#10;public class GamingCard {&#13;&#10;&#9;&#13;&#10;&#9;private Suit suit;&#13;&#10;&#9;private int num;&#13;&#10;&#9;private int val;&#13;&#10;&#9;&#13;&#10;&#9;public GamingCard(Suit suit, int num) throws WrongCardNumberException {&#13;&#10;&#9;&#13;&#10;&#9;&#9;this.suit = suit;&#13;&#10;&#9;&#9;this.val = numToVal(num);&#13;&#10;&#9;&#9;this.num = checkNum(num);&#13;&#10;&#9;}&#13;&#10;&#9; &#13;&#10;&#9;public Suit getSuit() { return this.suit; }&#13;&#10;&#9;&#13;&#10;&#9;public int getNum() { return this.num; }&#13;&#10;&#9;&#13;&#10;&#9;public int getVal() { return this.val; }&#13;&#10;&#9;&#13;&#10;&#9;&#13;&#10;&#9;int numToVal(int num) {&#13;&#10;&#9;&#9;if(num != 1 &amp;&amp; num != 3) return num-1;&#13;&#10;&#9;&#9;else return num == 1 ? 10 : 9;&#9;&#9;&#13;&#10;&#9;}&#13;&#10;&#9;&#13;&#10;&#9;int checkNum(int num) throws WrongCardNumberException {&#13;&#10;&#9; &#13;&#10;&#9;&#9;    if (num &lt; 1 || num &gt; 10) {&#13;&#10;&#9;&#9;      throw new WrongCardNumberException();&#13;&#10;&#9;&#9;    }&#13;&#10;&#9;&#9;    return num;&#13;&#10;&#9; }&#13;&#10;&#9;&#13;&#10;&#9;@Override&#13;&#10;&#9;public String toString() {&#9;return num + &quot; &quot; + suit.toString() + &quot; value: &quot; + val;&#9;}&#13;&#10;&#13;&#10;}&#13;&#10;" Filename="GamingCard.java" Intrnl_Id="3"/>
<SrcFile Content="package pickr.classes;&#13;&#10;&#13;&#10;&#13;&#10;import java.util.ArrayList;&#13;&#10;&#13;&#10;public class Player {&#13;&#10;&#9;&#13;&#10;&#9;private ArrayList&lt;GamingCard&gt; cards;&#13;&#10;&#9;&#13;&#10;&#9;private String id;&#13;&#10;&#9;&#13;&#10;&#9;private int gameScore;&#13;&#10;&#9;&#13;&#10;&#9;private int matchScore;&#13;&#10;&#9;&#13;&#10;&#9;public Player(String id) {&#13;&#10;&#9;&#9;this.id = id;&#13;&#10;&#9;&#9;this.cards = new ArrayList&lt;GamingCard&gt;();&#13;&#10;&#9;&#9;this.gameScore = 0;&#13;&#10;&#9;&#9;this.matchScore = 0;&#13;&#10;&#9;}&#13;&#10;&#13;&#10;&#9;&#13;&#10;&#9;public ArrayList&lt;GamingCard&gt; getCards() { return cards;&#9;}&#13;&#10;&#13;&#10;&#9;public void hand(ArrayList&lt;GamingCard&gt; cards) { this.cards = cards;&#9;}&#13;&#10;&#9;&#13;&#10;&#9;public GamingCard drop() { return this.cards.get(0); }&#13;&#10;&#13;&#10;&#9;public int getGameScore() {&#9;return gameScore; }&#13;&#10;&#13;&#10;&#9;public void setGameScore(int gameScore) { this.gameScore += gameScore;&#9;}&#13;&#10;&#13;&#10;&#9;public int getMatchScore() { return matchScore; }&#13;&#10;&#13;&#10;&#9;public void setMatchScore(int matchScore) {&#9;this.matchScore = matchScore; }&#13;&#10;&#13;&#10;&#9;public String getId() {&#9;return id;&#9;}&#13;&#10;&#13;&#10;&#9;public void delete() { this.cards.remove(0); }&#13;&#10;&#9;&#13;&#10;&#9;public void pick(GamingCard card) { this.cards.add(card);  }&#13;&#10;&#13;&#10;}&#13;&#10;&#13;&#10;" Filename="Player.java" Intrnl_Id="4"/>
<SrcFile Content="package pickr.enums;&#13;&#10;&#13;&#10;&#13;&#10;public enum GameType {BRISCOLA_CHIAMATA, BRISCOLA, MARIANNA, DOMINO  }" Filename="GameType.java" Intrnl_Id="5"/>
<SrcFile Content="package pickr.enums;&#13;&#10;&#13;&#10;&#13;&#10;public enum Suit {ORI, SPADE, BASTONI, COPPE } &#13;&#10;" Filename="Suit.java" Intrnl_Id="6"/>
<SrcFile Content="package pickr.exceptions;&#13;&#10;&#13;&#10;&#13;&#10;public class OutOfBoundException extends Exception {&#13;&#10;&#13;&#10;&#9;/**&#13;&#10;&#9; * &#13;&#10;&#9; */&#13;&#10;&#9;private static final long serialVersionUID = 1L;&#13;&#10;&#13;&#10;}&#13;&#10;" Filename="OutOfBoundException.java" Intrnl_Id="7"/>
<SrcFile Content="package pickr.exceptions;&#13;&#10;&#13;&#10;&#13;&#10;public class WrongCardNumberException extends Exception {&#13;&#10;&#13;&#10;&#9;/**&#13;&#10;&#9; * &#13;&#10;&#9; */&#13;&#10;&#9;private static final long serialVersionUID = 1L;&#13;&#10;&#13;&#10;}&#13;&#10;" Filename="WrongCardNumberException.java" Intrnl_Id="8"/>
<SrcFile Content="package pickr.games;&#13;&#10;&#13;&#10;import pickr.classes.GamingCard;&#13;&#10;import pickr.classes.Player;&#13;&#10;import pickr.enums.Suit;&#13;&#10;import pickr.exceptions.OutOfBoundException;&#13;&#10;import pickr.exceptions.WrongCardNumberException;&#13;&#10;&#13;&#10;public class Briscola extends Game{&#13;&#10;&#9;&#13;&#10;&#9;private int numcards = 3;&#13;&#10;&#9;&#13;&#10;&#9;protected Suit briscola;&#13;&#10;&#9;&#13;&#10;&#9;public Briscola(int numplayers, int score) {&#13;&#10;&#9;&#9;super(numplayers, score);&#13;&#10;&#9;}&#13;&#10;&#9;&#13;&#10;&#13;&#10;&#9;@Override&#13;&#10;&#9;void spread() throws OutOfBoundException {&#13;&#10;&#9;&#9;for(Player player : players) {&#13;&#10;&#9;&#9;&#9;player.hand(deck.picks(numcards));&#13;&#10;&#9;&#9;}&#9;&#9;&#13;&#10;&#9;}&#13;&#10;&#13;&#10;&#9;@Override&#13;&#10;&#9;public void start() throws WrongCardNumberException, OutOfBoundException { &#9;&#13;&#10;&#9;&#9;&#13;&#10;&#9;&#9;this.deck.init();&#13;&#10;&#9;&#9;this.deck.shuffle();&#13;&#10;&#9;&#9;&#13;&#10;&#9;&#9;briscola = deck.getCards().get(deck.getCards().size()-1).getSuit();&#13;&#10;&#9;&#9;&#13;&#10;&#9;&#9;this.spread();&#13;&#10;&#9;&#9;&#13;&#10;&#9;&#9;// this.deck.show();&#13;&#10;&#9;}&#13;&#10;&#13;&#10;&#13;&#10;&#9;@Override&#13;&#10;&#9;protected GamingCard rule() {&#13;&#10;&#9;&#9;&#13;&#10;&#9;&#9;GamingCard winningCard = this.getTable().get(0);&#13;&#10;&#9;&#9;&#13;&#10;&#9;&#9;// assert(this.getTable().size() == this.numplayers);&#13;&#10;&#9;&#9;for(GamingCard card : this.getTable()) {&#9;&#13;&#10;&#9;&#9;&#9;&#9;&#13;&#10;&#9;&#9;&#9;// T T T&#13;&#10;&#9;&#9;&#9;if(card.getVal() &gt; winningCard.getVal() &amp;&amp; winningCard.getSuit() == briscola &amp;&amp; card.getSuit() == briscola) {&#13;&#10;&#9;&#9;&#9;&#9;System.out.println(&quot;TTT: Winning: &quot; + winningCard.toString() + &quot; Card: &quot; + card.toString());&#13;&#10;&#9;&#9;&#9;&#9;winningCard = card;&#13;&#10;&#9;&#9;&#9;}&#13;&#10;&#9;&#9;&#9;// T F F &#13;&#10;&#9;&#9;&#9;if(card.getVal() &gt; winningCard.getVal() &amp;&amp; winningCard.getSuit() != briscola &amp;&amp; card.getSuit() != briscola) {&#13;&#10;&#9;&#9;&#9;&#9;System.out.println(&quot;TFF: Winning: &quot; + winningCard.toString() + &quot; Card: &quot; + card.toString());&#13;&#10;&#9;&#9;&#9;&#9;winningCard = card;&#13;&#10;&#9;&#9;&#9;}&#13;&#10;&#9;&#9;&#9;&#13;&#10;&#9;&#9;&#9;// F T F &#13;&#10;&#9;&#9;&#9; if(!(card.getVal() &gt; winningCard.getVal()) &amp;&amp; card.getSuit() == briscola &amp;&amp; winningCard.getSuit() != briscola) {&#13;&#10;&#9;&#9;&#9;&#9;System.out.println(&quot;FTF: Winning: &quot; + winningCard.toString() + &quot; Card: &quot; + card.toString());&#13;&#10;&#9;&#9;&#9;&#9;winningCard = card;&#13;&#10;&#9;&#9;&#9;}&#9;&#13;&#10;&#9;&#9;&#9;&#13;&#10;&#9;&#9;}&#13;&#10;&#9;&#9;System.out.println(&quot;Briscola.rule() : &quot; + winningCard);&#13;&#10;&#9;&#9;return winningCard;&#13;&#10;&#9;}&#13;&#10;&#9;&#13;&#10;&#13;&#10;&#13;&#10;&#13;&#10;&#9;public void round() throws OutOfBoundException {&#13;&#10;&#9;&#9;&#13;&#10;&#9;&#9;for(Player player : this.players) {&#13;&#10;&#9;&#9;&#9;this.dropCard(player.drop());&#13;&#10;&#9;&#9;}&#13;&#10;&#9;&#9;&#13;&#10;&#9;&#9;System.out.println(&quot;Briscola.round() : &quot; + this.getTable());&#13;&#10;&#9;&#9;&#13;&#10;&#9;&#9;GamingCard winningCard = this.rule();&#13;&#10;&#9;&#9;&#13;&#10;&#9;&#9;this.winner(winningCard);&#9;&#13;&#10;&#9;&#9;&#13;&#10;&#9;&#9;for(Player player : this.players) {&#13;&#10;&#9;&#9;&#9;player.pick(this.deck.pick());&#13;&#10;&#9;&#9;}&#9;&#9;&#13;&#10;&#9;}&#13;&#10;}&#13;&#10;" Filename="Briscola.java" Intrnl_Id="9"/>
<SrcFile Content="package pickr.games;&#13;&#10;&#13;&#10;&#13;&#10;import java.util.ArrayList;&#13;&#10;&#13;&#10;import pickr.classes.Deck;&#13;&#10;import pickr.classes.GamingCard;&#13;&#10;import pickr.classes.Player;&#13;&#10;import pickr.exceptions.OutOfBoundException;&#13;&#10;import pickr.exceptions.WrongCardNumberException;&#13;&#10;&#13;&#10;public abstract class Game {&#13;&#10;&#9;&#13;&#10;&#9;int numplayers;&#13;&#10;&#9;int score;&#13;&#10;&#9;private int round = 0;&#13;&#10;&#9;protected Deck deck;&#13;&#10;&#9;private ArrayList&lt;GamingCard&gt; table;&#13;&#10;&#9;protected ArrayList&lt;Player&gt; players;&#13;&#10;&#9;&#13;&#10;&#9;public Game(int numplayers, int score) {&#13;&#10;&#9;&#9;this.numplayers = numplayers;&#13;&#10;&#9;&#9;this.score = score;&#13;&#10;&#9;&#9;this.deck = new Deck();&#13;&#10;&#9;&#9;this.table = new ArrayList&lt;GamingCard&gt;();&#13;&#10;&#9;&#9;this.players = new ArrayList&lt;Player&gt;();&#13;&#10;&#9;}&#13;&#10;&#13;&#10;&#9;public Deck getDeck() { return deck; }&#13;&#10;&#13;&#10;&#9;public int getRound() { return round; }&#13;&#10;&#13;&#10;&#9;public ArrayList&lt;GamingCard&gt; getTable() { return table; }&#13;&#10;&#13;&#10;&#9;public ArrayList&lt;Player&gt; getPlayers() { return players; }&#13;&#10;&#9;&#13;&#10;&#9;abstract void spread() throws OutOfBoundException;&#13;&#10;&#9;&#13;&#10;&#9;abstract GamingCard rule();&#13;&#10;&#9;&#13;&#10;&#9;public void addPlayer(String id) throws OutOfBoundException {&#13;&#10;&#9;&#9;if(players.size() &lt; this.numplayers) {&#13;&#10;&#9;&#9;&#9;players.add(new Player(id));&#13;&#10;&#9;&#9;}&#13;&#10;&#9;&#9;else throw new OutOfBoundException();&#13;&#10;&#9;}&#13;&#10;&#9;&#13;&#10;&#9;int getTableValue() {&#13;&#10;&#9;&#9;int result = 0;&#13;&#10;&#9;&#9;for(GamingCard card : this.table) {&#13;&#10;&#9;&#9;&#9;result += card.getVal();&#13;&#10;&#9;&#9;}&#13;&#10;&#9;&#9;return result;&#13;&#10;&#9;}&#13;&#10;&#9;&#13;&#10;&#9;protected void dropCard(GamingCard card) { table.add(card); }&#13;&#10;&#9;&#9;&#13;&#10;&#9;abstract void start() throws WrongCardNumberException, OutOfBoundException;&#9;&#13;&#10;&#9;&#13;&#10;&#9;public Player winner(GamingCard winnerCard) {&#9;&#9;&#13;&#10;&#9;&#9;&#13;&#10;&#9;&#9;Player winner = this.players.get(0);&#13;&#10;&#9;&#9;&#13;&#10;&#9;&#9;for(Player player : this.players) {&#13;&#10;&#9;&#9;&#9;&#9;&#13;&#10;&#9;&#9;&#9;if(player.getCards().contains(winnerCard)) winner = player;&#13;&#10;&#9;&#9;&#9;&#13;&#10;&#9;&#9;&#9;player.delete();&#13;&#10;&#9;&#9;}&#13;&#10;&#9;&#9;&#13;&#10;&#9;&#9;System.out.println(&quot;the winner is &quot; + winner.getId());&#9;&#13;&#10;&#9;&#9;&#13;&#10;&#9;&#9;winner.setGameScore(getTableValue());&#13;&#10;&#9;&#9;&#13;&#10;&#9;&#9;table.clear();&#13;&#10;&#9;&#9;&#13;&#10;&#9;&#9;this.round += 1;&#13;&#10;&#9;&#9;&#13;&#10;&#9;&#9;return winner;&#9;&#9;&#13;&#10;&#9;}&#13;&#10;&#13;&#10;}&#13;&#10;" Filename="Game.java" Intrnl_Id="10"/>
<SrcFile Content="package test;&#13;&#10;&#13;&#10;import java.util.ArrayList;&#13;&#10;&#13;&#10;import org.junit.Test;&#13;&#10;&#13;&#10;import pickr.classes.GamingCard;&#13;&#10;import pickr.classes.Player;&#13;&#10;import pickr.enums.Suit;&#13;&#10;import pickr.exceptions.OutOfBoundException;&#13;&#10;import pickr.exceptions.WrongCardNumberException;&#13;&#10;import pickr.games.Briscola;&#13;&#10;&#13;&#10;class GameMCDC extends Briscola {&#13;&#10;&#13;&#10;&#9;public GameMCDC(int numplayers, int score) { super(numplayers, score);&#9;}&#13;&#10;&#9;&#13;&#10;&#9;@Override&#13;&#10;&#9;public void start() throws WrongCardNumberException, OutOfBoundException {&#13;&#10;&#9;&#9;&#13;&#10;&#9;&#9;ArrayList&lt;GamingCard&gt; player1 = new ArrayList&lt;GamingCard&gt;();&#13;&#10;&#9;&#9;player1.add(new GamingCard(Suit.BASTONI, 2));&#13;&#10;&#9;&#9;player1.add(new GamingCard(Suit.ORI, 9));&#9;&#9;&#13;&#10;&#9;&#9;this.players.get(0).hand(player1);&#13;&#10;&#9;&#9;&#13;&#10;&#9;&#9;ArrayList&lt;GamingCard&gt; player2 = new ArrayList&lt;GamingCard&gt;();&#13;&#10;&#9;&#9;player2.add(new GamingCard(Suit.BASTONI, 10));&#13;&#10;&#9;&#9;player2.add(new GamingCard(Suit.ORI, 2));&#9;&#9;&#13;&#10;&#9;&#9;this.players.get(1).hand(player2);&#13;&#10;&#9;&#9;&#13;&#10;&#9;&#9;ArrayList&lt;GamingCard&gt; player3 = new ArrayList&lt;GamingCard&gt;();&#13;&#10;&#9;&#9;player3.add(new GamingCard(Suit.ORI, 3));&#13;&#10;&#9;&#9;player3.add(new GamingCard(Suit.BASTONI, 4));&#9;&#9;&#13;&#10;&#9;&#9;this.players.get(2).hand(player3);&#13;&#10;&#9;&#9;&#13;&#10;&#9;&#9;ArrayList&lt;GamingCard&gt; player4 = new ArrayList&lt;GamingCard&gt;();&#13;&#10;&#9;&#9;player4.add(new GamingCard(Suit.ORI, 1));&#13;&#10;&#9;&#9;player4.add(new GamingCard(Suit.SPADE, 6));&#9;&#9;&#13;&#10;&#9;&#9;this.players.get(3).hand(player4);&#13;&#10;&#9;&#9;&#13;&#10;&#9;&#9;this.briscola = Suit.ORI;&#13;&#10;&#9;}&#13;&#10;&#9;&#13;&#10;&#9;@Override&#13;&#10;&#9;public void round() throws OutOfBoundException {&#13;&#10;&#9;&#9;&#13;&#10;&#9;&#9;for(Player player : this.players) {&#13;&#10;&#9;&#9;&#9;this.dropCard(player.drop());&#13;&#10;&#9;&#9;}&#13;&#10;&#9;&#9;&#13;&#10;&#9;&#9;System.out.println(&quot;Briscola.round() : &quot; + this.getTable());&#13;&#10;&#9;&#9;&#13;&#10;&#9;&#9;GamingCard winningCard =  rule();&#13;&#10;&#9;&#9;&#13;&#10;&#9;&#9;this.winner(winningCard);&#9;&#13;&#10;&#9;&#13;&#10;&#9;}&#13;&#10;&#9;&#13;&#10;&#9;&#13;&#10;}&#13;&#10;&#13;&#10;public class MCDC {&#13;&#10;&#9;&#13;&#10;&#9;@Test&#13;&#10;&#9;public void MCDC_Test() throws OutOfBoundException, WrongCardNumberException { &#13;&#10;&#9;&#9;&#13;&#10;&#9;&#9;int score = 10;&#13;&#10;&#9;&#9;int numplayers = 4;&#13;&#10;&#9;&#9;&#13;&#10;&#9;&#9;GameMCDC game = new GameMCDC(numplayers, score);&#9;&#13;&#10;&#9;&#9;&#13;&#10;&#9;&#9;for(int i=0; i &lt; 4; i++) { game.addPlayer(&quot;Player &quot; + i); }&#13;&#10;&#9;&#9;&#13;&#10;&#9;&#9;game.start();&#13;&#10;&#9;&#9;&#13;&#10;&#9;&#9;game.round();&#13;&#10;&#9;&#9;game.round();&#13;&#10;&#9;}&#13;&#10;&#13;&#10;}&#13;&#10;" Filename="MCDC.java" Intrnl_Id="11"/>
</SrcFileList>
<CritList>
<CritListEntry Name="org.codecover.model.utils.criteria.ConditionCoverage" PluginName="org.codecover"/>
<CritListEntry Name="org.codecover.model.utils.criteria.BranchCoverage" PluginName="org.codecover"/>
<CritListEntry Name="org.codecover.model.utils.criteria.StatementCoverage" PluginName="org.codecover"/>
</CritList>
<BoolOpList>
<BoolOp Arity="2" Intrnl_Id="12" Name="conditional and (&amp;&amp;)">
<BoolAssgnmntBoolMapList>
<MapEntry BoolAssgnmnt="02" Value="false"/>
<MapEntry BoolAssgnmnt="10" Value="false"/>
<MapEntry BoolAssgnmnt="11" Value="true"/>
</BoolAssgnmntBoolMapList>
</BoolOp>
<BoolOp Arity="2" Intrnl_Id="13" Name="conditional or (||)">
<BoolAssgnmntBoolMapList>
<MapEntry BoolAssgnmnt="00" Value="false"/>
<MapEntry BoolAssgnmnt="01" Value="true"/>
<MapEntry BoolAssgnmnt="12" Value="true"/>
</BoolAssgnmntBoolMapList>
</BoolOp>
<BoolOp Arity="1" Intrnl_Id="14" Name="not (!)">
<BoolAssgnmntBoolMapList>
<MapEntry BoolAssgnmnt="1" Value="false"/>
<MapEntry BoolAssgnmnt="0" Value="true"/>
</BoolAssgnmntBoolMapList>
</BoolOp>
</BoolOpList>
<HierarchyLvlTypeList>
<HierarchyLvlType EnglishName="enumeration" IntrnlName="enum" Intrnl_Id="15"/>
<HierarchyLvlType EnglishName="package" IntrnlName="package" Intrnl_Id="16"/>
<HierarchyLvlType EnglishName="method" IntrnlName="method" Intrnl_Id="17"/>
<HierarchyLvlType EnglishName="class" IntrnlName="class" Intrnl_Id="18"/>
<HierarchyLvlType EnglishName="default package" IntrnlName="default package" Intrnl_Id="19"/>
</HierarchyLvlTypeList>
<MASTRoot>
<HierarchyLvl HierarchyLvlId="65" HierarchyLvlTypeId="19" Intrnl_Id="20" Name="default package">
<Header/>
<LocList/>
<HierarchyLvl HierarchyLvlId="63" HierarchyLvlTypeId="16" Intrnl_Id="21" Name="pickr">
<Header/>
<LocList/>
<HierarchyLvl HierarchyLvlId="59" HierarchyLvlTypeId="16" Intrnl_Id="22" Name="classes">
<Header/>
<LocList/>
<HierarchyLvl HierarchyLvlId="9" HierarchyLvlTypeId="18" Intrnl_Id="23" Name="Deck">
<Header>
<Loc EndOffset="265" SrcFileId="2" StartOffset="248"/>
</Header>
<LocList>
<Loc EndOffset="1156" SrcFileId="2" StartOffset="248"/>
</LocList>
<HierarchyLvl HierarchyLvlId="3" HierarchyLvlTypeId="17" Intrnl_Id="24" Name="Deck">
<Header>
<Loc EndOffset="327" SrcFileId="2" StartOffset="314"/>
</Header>
<LocList>
<Loc EndOffset="373" SrcFileId="2" StartOffset="314"/>
</LocList>
<StmntSeq Intrnl_Id="25">
<LocList>
<Loc EndOffset="371" SrcFileId="2" StartOffset="330"/>
</LocList>
<BasicStmnt CovItemId="S1" CovItemPrefix="pickr.classes.Deck.java" Intrnl_Id="26">
<LocList>
<Loc EndOffset="371" SrcFileId="2" StartOffset="330"/>
</LocList>
</BasicStmnt>
</StmntSeq>
</HierarchyLvl>
<HierarchyLvl HierarchyLvlId="4" HierarchyLvlTypeId="17" Intrnl_Id="27" Name="getCards">
<Header>
<Loc EndOffset="417" SrcFileId="2" StartOffset="378"/>
</Header>
<LocList>
<Loc EndOffset="435" SrcFileId="2" StartOffset="378"/>
</LocList>
<StmntSeq Intrnl_Id="28">
<LocList>
<Loc EndOffset="433" SrcFileId="2" StartOffset="420"/>
</LocList>
<BasicStmnt CovItemId="S2" CovItemPrefix="pickr.classes.Deck.java" Intrnl_Id="29">
<LocList>
<Loc EndOffset="433" SrcFileId="2" StartOffset="420"/>
</LocList>
</BasicStmnt>
</StmntSeq>
</HierarchyLvl>
<HierarchyLvl HierarchyLvlId="5" HierarchyLvlTypeId="17" Intrnl_Id="30" Name="init">
<Header>
<Loc EndOffset="490" SrcFileId="2" StartOffset="440"/>
</Header>
<LocList>
<Loc EndOffset="626" SrcFileId="2" StartOffset="440"/>
</LocList>
<StmntSeq Intrnl_Id="31">
<LocList>
<Loc EndOffset="622" SrcFileId="2" StartOffset="496"/>
</LocList>
<LoopStmnt CovItemId="S3" CovItemPrefix="pickr.classes.Deck.java" Intrnl_Id="32" MltplExecId="L1-2" MltplExecPrefix="pickr.classes.Deck.java" NvrExecId="L1-0" NvrExecPrefix="pickr.classes.Deck.java" OnceExecutedId="L1-1" OnceExecutedPrefix="pickr.classes.Deck.java" OptBodyExec="true">
<StmntSeq Intrnl_Id="33">
<LocList>
<Loc EndOffset="617" SrcFileId="2" StartOffset="536"/>
</LocList>
<LoopStmnt CovItemId="S4" CovItemPrefix="pickr.classes.Deck.java" Intrnl_Id="34" MltplExecId="L2-2" MltplExecPrefix="pickr.classes.Deck.java" NvrExecId="L2-0" NvrExecPrefix="pickr.classes.Deck.java" OnceExecutedId="L2-1" OnceExecutedPrefix="pickr.classes.Deck.java" OptBodyExec="true">
<StmntSeq Intrnl_Id="35">
<LocList>
<Loc EndOffset="611" SrcFileId="2" StartOffset="574"/>
</LocList>
<BasicStmnt CovItemId="S5" CovItemPrefix="pickr.classes.Deck.java" Intrnl_Id="36">
<LocList>
<Loc EndOffset="611" SrcFileId="2" StartOffset="574"/>
</LocList>
</BasicStmnt>
</StmntSeq>
<Keyword EndOffset="539" SrcFileId="2" StartOffset="536"/>
<LocList>
<Loc EndOffset="617" SrcFileId="2" StartOffset="536"/>
</LocList>
</LoopStmnt>
</StmntSeq>
<Keyword EndOffset="499" SrcFileId="2" StartOffset="496"/>
<LocList>
<Loc EndOffset="622" SrcFileId="2" StartOffset="496"/>
</LocList>
<RootTerm CovItemId="C1" CovItemPrefix="pickr.classes.Deck.java" Intrnl_Id="37">
<BasicBoolTerm Intrnl_Id="38">
<LocList>
<Loc EndOffset="521" SrcFileId="2" StartOffset="513"/>
</LocList>
</BasicBoolTerm>
</RootTerm>
</LoopStmnt>
</StmntSeq>
</HierarchyLvl>
<HierarchyLvl HierarchyLvlId="6" HierarchyLvlTypeId="17" Intrnl_Id="39" Name="shuffle">
<Header>
<Loc EndOffset="652" SrcFileId="2" StartOffset="631"/>
</Header>
<LocList>
<Loc EndOffset="684" SrcFileId="2" StartOffset="631"/>
</LocList>
<StmntSeq Intrnl_Id="40">
<LocList>
<Loc EndOffset="682" SrcFileId="2" StartOffset="655"/>
</LocList>
<BasicStmnt CovItemId="S6" CovItemPrefix="pickr.classes.Deck.java" Intrnl_Id="41">
<LocList>
<Loc EndOffset="682" SrcFileId="2" StartOffset="655"/>
</LocList>
</BasicStmnt>
</StmntSeq>
</HierarchyLvl>
<HierarchyLvl HierarchyLvlId="7" HierarchyLvlTypeId="17" Intrnl_Id="42" Name="pick">
<Header>
<Loc EndOffset="740" SrcFileId="2" StartOffset="689"/>
</Header>
<LocList>
<Loc EndOffset="843" SrcFileId="2" StartOffset="689"/>
</LocList>
<StmntSeq Intrnl_Id="43">
<LocList>
<Loc EndOffset="837" SrcFileId="2" StartOffset="748"/>
</LocList>
<CondStmnt CovItemId="S7" CovItemPrefix="pickr.classes.Deck.java" Intrnl_Id="44">
<Branch CovItemId="B1" CovItemPrefix="pickr.classes.Deck.java" Implct="false" Intrnl_Id="45">
<Cond/>
<LocList>
<Loc EndOffset="796" SrcFileId="2" StartOffset="773"/>
</LocList>
<StmntSeq Intrnl_Id="46">
<LocList>
<Loc EndOffset="796" SrcFileId="2" StartOffset="773"/>
</LocList>
<BasicStmnt CovItemId="S8" CovItemPrefix="pickr.classes.Deck.java" Intrnl_Id="47">
<LocList>
<Loc EndOffset="796" SrcFileId="2" StartOffset="773"/>
</LocList>
</BasicStmnt>
</StmntSeq>
</Branch>
<Branch CovItemId="B2" CovItemPrefix="pickr.classes.Deck.java" Implct="false" Intrnl_Id="48">
<Cond>
<Loc EndOffset="804" SrcFileId="2" StartOffset="800"/>
</Cond>
<LocList>
<Loc EndOffset="837" SrcFileId="2" StartOffset="805"/>
</LocList>
<StmntSeq Intrnl_Id="49">
<LocList>
<Loc EndOffset="837" SrcFileId="2" StartOffset="805"/>
</LocList>
<BasicStmnt CovItemId="S9" CovItemPrefix="pickr.classes.Deck.java" Intrnl_Id="50">
<LocList>
<Loc EndOffset="837" SrcFileId="2" StartOffset="805"/>
</LocList>
</BasicStmnt>
</StmntSeq>
</Branch>
<Keyword EndOffset="750" SrcFileId="2" StartOffset="748"/>
<LocList>
<Loc EndOffset="837" SrcFileId="2" StartOffset="748"/>
</LocList>
<RootTerm CovItemId="C2" CovItemPrefix="pickr.classes.Deck.java" Intrnl_Id="51">
<OpTerm BooleanOpId="14" Intrnl_Id="52">
<BasicBoolTerm Intrnl_Id="53">
<LocList>
<Loc EndOffset="767" SrcFileId="2" StartOffset="752"/>
</LocList>
</BasicBoolTerm>
<LocList>
<Loc EndOffset="752" SrcFileId="2" StartOffset="751"/>
</LocList>
</OpTerm>
</RootTerm>
</CondStmnt>
</StmntSeq>
</HierarchyLvl>
<HierarchyLvl HierarchyLvlId="8" HierarchyLvlTypeId="17" Intrnl_Id="54" Name="picks">
<Header>
<Loc EndOffset="916" SrcFileId="2" StartOffset="848"/>
</Header>
<LocList>
<Loc EndOffset="1153" SrcFileId="2" StartOffset="848"/>
</LocList>
<StmntSeq Intrnl_Id="55">
<LocList>
<Loc EndOffset="1149" SrcFileId="2" StartOffset="924"/>
</LocList>
<CondStmnt CovItemId="S10" CovItemPrefix="pickr.classes.Deck.java" Intrnl_Id="56">
<Branch CovItemId="B3" CovItemPrefix="pickr.classes.Deck.java" Implct="false" Intrnl_Id="57">
<Cond/>
<LocList>
<Loc EndOffset="1108" SrcFileId="2" StartOffset="946"/>
</LocList>
<StmntSeq Intrnl_Id="58">
<LocList>
<Loc EndOffset="1011" SrcFileId="2" StartOffset="952"/>
<Loc EndOffset="1084" SrcFileId="2" StartOffset="1016"/>
<Loc EndOffset="1103" SrcFileId="2" StartOffset="1089"/>
</LocList>
<BasicStmnt CovItemId="S11" CovItemPrefix="pickr.classes.Deck.java" Intrnl_Id="59">
<LocList>
<Loc EndOffset="1011" SrcFileId="2" StartOffset="952"/>
</LocList>
</BasicStmnt>
<LoopStmnt CovItemId="S12" CovItemPrefix="pickr.classes.Deck.java" Intrnl_Id="60" MltplExecId="L3-2" MltplExecPrefix="pickr.classes.Deck.java" NvrExecId="L3-0" NvrExecPrefix="pickr.classes.Deck.java" OnceExecutedId="L3-1" OnceExecutedPrefix="pickr.classes.Deck.java" OptBodyExec="true">
<StmntSeq Intrnl_Id="61">
<LocList>
<Loc EndOffset="1078" SrcFileId="2" StartOffset="1050"/>
</LocList>
<BasicStmnt CovItemId="S13" CovItemPrefix="pickr.classes.Deck.java" Intrnl_Id="62">
<LocList>
<Loc EndOffset="1078" SrcFileId="2" StartOffset="1050"/>
</LocList>
</BasicStmnt>
</StmntSeq>
<Keyword EndOffset="1019" SrcFileId="2" StartOffset="1016"/>
<LocList>
<Loc EndOffset="1084" SrcFileId="2" StartOffset="1016"/>
</LocList>
<RootTerm CovItemId="C4" CovItemPrefix="pickr.classes.Deck.java" Intrnl_Id="63">
<BasicBoolTerm Intrnl_Id="64">
<LocList>
<Loc EndOffset="1035" SrcFileId="2" StartOffset="1030"/>
</LocList>
</BasicBoolTerm>
</RootTerm>
</LoopStmnt>
<BasicStmnt CovItemId="S14" CovItemPrefix="pickr.classes.Deck.java" Intrnl_Id="65">
<LocList>
<Loc EndOffset="1103" SrcFileId="2" StartOffset="1089"/>
</LocList>
</BasicStmnt>
</StmntSeq>
</Branch>
<Branch CovItemId="B4" CovItemPrefix="pickr.classes.Deck.java" Implct="false" Intrnl_Id="66">
<Cond>
<Loc EndOffset="1116" SrcFileId="2" StartOffset="1112"/>
</Cond>
<LocList>
<Loc EndOffset="1149" SrcFileId="2" StartOffset="1117"/>
</LocList>
<StmntSeq Intrnl_Id="67">
<LocList>
<Loc EndOffset="1149" SrcFileId="2" StartOffset="1117"/>
</LocList>
<BasicStmnt CovItemId="S15" CovItemPrefix="pickr.classes.Deck.java" Intrnl_Id="68">
<LocList>
<Loc EndOffset="1149" SrcFileId="2" StartOffset="1117"/>
</LocList>
</BasicStmnt>
</StmntSeq>
</Branch>
<Keyword EndOffset="926" SrcFileId="2" StartOffset="924"/>
<LocList>
<Loc EndOffset="1149" SrcFileId="2" StartOffset="924"/>
</LocList>
<RootTerm CovItemId="C3" CovItemPrefix="pickr.classes.Deck.java" Intrnl_Id="69">
<BasicBoolTerm Intrnl_Id="70">
<LocList>
<Loc EndOffset="944" SrcFileId="2" StartOffset="927"/>
</LocList>
</BasicBoolTerm>
</RootTerm>
</CondStmnt>
</StmntSeq>
</HierarchyLvl>
</HierarchyLvl>
<HierarchyLvl HierarchyLvlId="17" HierarchyLvlTypeId="18" Intrnl_Id="71" Name="GamingCard">
<Header>
<Loc EndOffset="128" SrcFileId="3" StartOffset="105"/>
</Header>
<LocList>
<Loc EndOffset="896" SrcFileId="3" StartOffset="105"/>
</LocList>
<HierarchyLvl HierarchyLvlId="10" HierarchyLvlTypeId="17" Intrnl_Id="72" Name="GamingCard">
<Header>
<Loc EndOffset="267" SrcFileId="3" StartOffset="198"/>
</Header>
<LocList>
<Loc EndOffset="355" SrcFileId="3" StartOffset="198"/>
</LocList>
<StmntSeq Intrnl_Id="73">
<LocList>
<Loc EndOffset="293" SrcFileId="3" StartOffset="276"/>
<Loc EndOffset="322" SrcFileId="3" StartOffset="297"/>
<Loc EndOffset="351" SrcFileId="3" StartOffset="326"/>
</LocList>
<BasicStmnt CovItemId="S1" CovItemPrefix="pickr.classes.GamingCard.java" Intrnl_Id="74">
<LocList>
<Loc EndOffset="293" SrcFileId="3" StartOffset="276"/>
</LocList>
</BasicStmnt>
<BasicStmnt CovItemId="S2" CovItemPrefix="pickr.classes.GamingCard.java" Intrnl_Id="75">
<LocList>
<Loc EndOffset="322" SrcFileId="3" StartOffset="297"/>
</LocList>
</BasicStmnt>
<BasicStmnt CovItemId="S3" CovItemPrefix="pickr.classes.GamingCard.java" Intrnl_Id="76">
<LocList>
<Loc EndOffset="351" SrcFileId="3" StartOffset="326"/>
</LocList>
</BasicStmnt>
</StmntSeq>
</HierarchyLvl>
<HierarchyLvl HierarchyLvlId="11" HierarchyLvlTypeId="17" Intrnl_Id="77" Name="getSuit">
<Header>
<Loc EndOffset="383" SrcFileId="3" StartOffset="362"/>
</Header>
<LocList>
<Loc EndOffset="405" SrcFileId="3" StartOffset="362"/>
</LocList>
<StmntSeq Intrnl_Id="78">
<LocList>
<Loc EndOffset="403" SrcFileId="3" StartOffset="386"/>
</LocList>
<BasicStmnt CovItemId="S4" CovItemPrefix="pickr.classes.GamingCard.java" Intrnl_Id="79">
<LocList>
<Loc EndOffset="403" SrcFileId="3" StartOffset="386"/>
</LocList>
</BasicStmnt>
</StmntSeq>
</HierarchyLvl>
<HierarchyLvl HierarchyLvlId="12" HierarchyLvlTypeId="17" Intrnl_Id="80" Name="getNum">
<Header>
<Loc EndOffset="430" SrcFileId="3" StartOffset="411"/>
</Header>
<LocList>
<Loc EndOffset="451" SrcFileId="3" StartOffset="411"/>
</LocList>
<StmntSeq Intrnl_Id="81">
<LocList>
<Loc EndOffset="449" SrcFileId="3" StartOffset="433"/>
</LocList>
<BasicStmnt CovItemId="S5" CovItemPrefix="pickr.classes.GamingCard.java" Intrnl_Id="82">
<LocList>
<Loc EndOffset="449" SrcFileId="3" StartOffset="433"/>
</LocList>
</BasicStmnt>
</StmntSeq>
</HierarchyLvl>
<HierarchyLvl HierarchyLvlId="13" HierarchyLvlTypeId="17" Intrnl_Id="83" Name="getVal">
<Header>
<Loc EndOffset="476" SrcFileId="3" StartOffset="457"/>
</Header>
<LocList>
<Loc EndOffset="497" SrcFileId="3" StartOffset="457"/>
</LocList>
<StmntSeq Intrnl_Id="84">
<LocList>
<Loc EndOffset="495" SrcFileId="3" StartOffset="479"/>
</LocList>
<BasicStmnt CovItemId="S6" CovItemPrefix="pickr.classes.GamingCard.java" Intrnl_Id="85">
<LocList>
<Loc EndOffset="495" SrcFileId="3" StartOffset="479"/>
</LocList>
</BasicStmnt>
</StmntSeq>
</HierarchyLvl>
<HierarchyLvl HierarchyLvlId="14" HierarchyLvlTypeId="17" Intrnl_Id="86" Name="numToVal">
<Header>
<Loc EndOffset="527" SrcFileId="3" StartOffset="506"/>
</Header>
<LocList>
<Loc EndOffset="611" SrcFileId="3" StartOffset="506"/>
</LocList>
<StmntSeq Intrnl_Id="87">
<LocList>
<Loc EndOffset="605" SrcFileId="3" StartOffset="533"/>
</LocList>
<CondStmnt CovItemId="S7" CovItemPrefix="pickr.classes.GamingCard.java" Intrnl_Id="88">
<Branch CovItemId="B1" CovItemPrefix="pickr.classes.GamingCard.java" Implct="false" Intrnl_Id="89">
<Cond/>
<LocList>
<Loc EndOffset="571" SrcFileId="3" StartOffset="558"/>
</LocList>
<StmntSeq Intrnl_Id="90">
<LocList>
<Loc EndOffset="571" SrcFileId="3" StartOffset="558"/>
</LocList>
<BasicStmnt CovItemId="S8" CovItemPrefix="pickr.classes.GamingCard.java" Intrnl_Id="91">
<LocList>
<Loc EndOffset="571" SrcFileId="3" StartOffset="558"/>
</LocList>
</BasicStmnt>
</StmntSeq>
</Branch>
<Branch CovItemId="B2" CovItemPrefix="pickr.classes.GamingCard.java" Implct="false" Intrnl_Id="92">
<Cond>
<Loc EndOffset="579" SrcFileId="3" StartOffset="575"/>
</Cond>
<LocList>
<Loc EndOffset="605" SrcFileId="3" StartOffset="580"/>
</LocList>
<StmntSeq Intrnl_Id="93">
<LocList>
<Loc EndOffset="605" SrcFileId="3" StartOffset="580"/>
</LocList>
<BasicStmnt CovItemId="S9" CovItemPrefix="pickr.classes.GamingCard.java" Intrnl_Id="94">
<LocList>
<Loc EndOffset="605" SrcFileId="3" StartOffset="580"/>
</LocList>
<QMO CovItemId="Q0" CovItemPrefix="pickr.classes.GamingCard.java" Intrnl_Id="95">
<LocList>
<Loc EndOffset="595" SrcFileId="3" StartOffset="587"/>
</LocList>
<QMO_E CovItemId="Q0-0" CovItemPrefix="pickr.classes.GamingCard.java" Intrnl_Id="96">
<LocList>
<Loc EndOffset="600" SrcFileId="3" StartOffset="598"/>
</LocList>
</QMO_E>
<QMO_E CovItemId="Q0-1" CovItemPrefix="pickr.classes.GamingCard.java" Intrnl_Id="97">
<LocList>
<Loc EndOffset="604" SrcFileId="3" StartOffset="603"/>
</LocList>
</QMO_E>
</QMO>
</BasicStmnt>
</StmntSeq>
</Branch>
<Keyword EndOffset="535" SrcFileId="3" StartOffset="533"/>
<LocList>
<Loc EndOffset="605" SrcFileId="3" StartOffset="533"/>
</LocList>
<RootTerm CovItemId="C1" CovItemPrefix="pickr.classes.GamingCard.java" Intrnl_Id="98">
<OpTerm BooleanOpId="12" Intrnl_Id="99">
<BasicBoolTerm Intrnl_Id="100">
<LocList>
<Loc EndOffset="544" SrcFileId="3" StartOffset="536"/>
</LocList>
</BasicBoolTerm>
<BasicBoolTerm Intrnl_Id="101">
<LocList>
<Loc EndOffset="556" SrcFileId="3" StartOffset="548"/>
</LocList>
</BasicBoolTerm>
<LocList>
<Loc EndOffset="547" SrcFileId="3" StartOffset="545"/>
</LocList>
</OpTerm>
</RootTerm>
</CondStmnt>
</StmntSeq>
</HierarchyLvl>
<HierarchyLvl HierarchyLvlId="15" HierarchyLvlTypeId="17" Intrnl_Id="102" Name="checkNum">
<Header>
<Loc EndOffset="670" SrcFileId="3" StartOffset="617"/>
</Header>
<LocList>
<Loc EndOffset="790" SrcFileId="3" StartOffset="617"/>
</LocList>
<StmntSeq Intrnl_Id="103">
<LocList>
<Loc EndOffset="766" SrcFileId="3" StartOffset="684"/>
<Loc EndOffset="785" SrcFileId="3" StartOffset="774"/>
</LocList>
<CondStmnt CovItemId="S10" CovItemPrefix="pickr.classes.GamingCard.java" Intrnl_Id="104">
<Branch CovItemId="B3" CovItemPrefix="pickr.classes.GamingCard.java" Implct="false" Intrnl_Id="105">
<Cond/>
<LocList>
<Loc EndOffset="766" SrcFileId="3" StartOffset="709"/>
</LocList>
<StmntSeq Intrnl_Id="106">
<LocList>
<Loc EndOffset="757" SrcFileId="3" StartOffset="720"/>
</LocList>
<BasicStmnt CovItemId="S11" CovItemPrefix="pickr.classes.GamingCard.java" Intrnl_Id="107">
<LocList>
<Loc EndOffset="757" SrcFileId="3" StartOffset="720"/>
</LocList>
</BasicStmnt>
</StmntSeq>
</Branch>
<Branch CovItemId="B4" CovItemPrefix="pickr.classes.GamingCard.java" Implct="true" Intrnl_Id="108">
<Cond/>
<LocList/>
<StmntSeq Intrnl_Id="109">
<LocList/>
</StmntSeq>
</Branch>
<Keyword EndOffset="686" SrcFileId="3" StartOffset="684"/>
<LocList>
<Loc EndOffset="766" SrcFileId="3" StartOffset="684"/>
</LocList>
<RootTerm CovItemId="C2" CovItemPrefix="pickr.classes.GamingCard.java" Intrnl_Id="110">
<OpTerm BooleanOpId="13" Intrnl_Id="111">
<BasicBoolTerm Intrnl_Id="112">
<LocList>
<Loc EndOffset="695" SrcFileId="3" StartOffset="688"/>
</LocList>
</BasicBoolTerm>
<BasicBoolTerm Intrnl_Id="113">
<LocList>
<Loc EndOffset="707" SrcFileId="3" StartOffset="699"/>
</LocList>
</BasicBoolTerm>
<LocList>
<Loc EndOffset="698" SrcFileId="3" StartOffset="696"/>
</LocList>
</OpTerm>
</RootTerm>
</CondStmnt>
<BasicStmnt CovItemId="S12" CovItemPrefix="pickr.classes.GamingCard.java" Intrnl_Id="114">
<LocList>
<Loc EndOffset="785" SrcFileId="3" StartOffset="774"/>
</LocList>
</BasicStmnt>
</StmntSeq>
</HierarchyLvl>
<HierarchyLvl HierarchyLvlId="16" HierarchyLvlTypeId="17" Intrnl_Id="115" Name="toString">
<Header>
<Loc EndOffset="832" SrcFileId="3" StartOffset="796"/>
</Header>
<LocList>
<Loc EndOffset="891" SrcFileId="3" StartOffset="796"/>
</LocList>
<StmntSeq Intrnl_Id="116">
<LocList>
<Loc EndOffset="889" SrcFileId="3" StartOffset="835"/>
</LocList>
<BasicStmnt CovItemId="S13" CovItemPrefix="pickr.classes.GamingCard.java" Intrnl_Id="117">
<LocList>
<Loc EndOffset="889" SrcFileId="3" StartOffset="835"/>
</LocList>
</BasicStmnt>
</StmntSeq>
</HierarchyLvl>
</HierarchyLvl>
<HierarchyLvl HierarchyLvlId="29" HierarchyLvlTypeId="18" Intrnl_Id="118" Name="Player">
<Header>
<Loc EndOffset="78" SrcFileId="4" StartOffset="59"/>
</Header>
<LocList>
<Loc EndOffset="973" SrcFileId="4" StartOffset="59"/>
</LocList>
<HierarchyLvl HierarchyLvlId="18" HierarchyLvlTypeId="17" Intrnl_Id="119" Name="Player">
<Header>
<Loc EndOffset="233" SrcFileId="4" StartOffset="209"/>
</Header>
<LocList>
<Loc EndOffset="348" SrcFileId="4" StartOffset="209"/>
</LocList>
<StmntSeq Intrnl_Id="120">
<LocList>
<Loc EndOffset="252" SrcFileId="4" StartOffset="239"/>
<Loc EndOffset="297" SrcFileId="4" StartOffset="256"/>
<Loc EndOffset="320" SrcFileId="4" StartOffset="301"/>
<Loc EndOffset="344" SrcFileId="4" StartOffset="324"/>
</LocList>
<BasicStmnt CovItemId="S1" CovItemPrefix="pickr.classes.Player.java" Intrnl_Id="121">
<LocList>
<Loc EndOffset="252" SrcFileId="4" StartOffset="239"/>
</LocList>
</BasicStmnt>
<BasicStmnt CovItemId="S2" CovItemPrefix="pickr.classes.Player.java" Intrnl_Id="122">
<LocList>
<Loc EndOffset="297" SrcFileId="4" StartOffset="256"/>
</LocList>
</BasicStmnt>
<BasicStmnt CovItemId="S3" CovItemPrefix="pickr.classes.Player.java" Intrnl_Id="123">
<LocList>
<Loc EndOffset="320" SrcFileId="4" StartOffset="301"/>
</LocList>
</BasicStmnt>
<BasicStmnt CovItemId="S4" CovItemPrefix="pickr.classes.Player.java" Intrnl_Id="124">
<LocList>
<Loc EndOffset="344" SrcFileId="4" StartOffset="324"/>
</LocList>
</BasicStmnt>
</StmntSeq>
</HierarchyLvl>
<HierarchyLvl HierarchyLvlId="19" HierarchyLvlTypeId="17" Intrnl_Id="125" Name="getCards">
<Header>
<Loc EndOffset="395" SrcFileId="4" StartOffset="356"/>
</Header>
<LocList>
<Loc EndOffset="413" SrcFileId="4" StartOffset="356"/>
</LocList>
<StmntSeq Intrnl_Id="126">
<LocList>
<Loc EndOffset="411" SrcFileId="4" StartOffset="398"/>
</LocList>
<BasicStmnt CovItemId="S5" CovItemPrefix="pickr.classes.Player.java" Intrnl_Id="127">
<LocList>
<Loc EndOffset="411" SrcFileId="4" StartOffset="398"/>
</LocList>
</BasicStmnt>
</StmntSeq>
</HierarchyLvl>
<HierarchyLvl HierarchyLvlId="20" HierarchyLvlTypeId="17" Intrnl_Id="128" Name="hand">
<Header>
<Loc EndOffset="463" SrcFileId="4" StartOffset="418"/>
</Header>
<LocList>
<Loc EndOffset="487" SrcFileId="4" StartOffset="418"/>
</LocList>
<StmntSeq Intrnl_Id="129">
<LocList>
<Loc EndOffset="485" SrcFileId="4" StartOffset="466"/>
</LocList>
<BasicStmnt CovItemId="S6" CovItemPrefix="pickr.classes.Player.java" Intrnl_Id="130">
<LocList>
<Loc EndOffset="485" SrcFileId="4" StartOffset="466"/>
</LocList>
</BasicStmnt>
</StmntSeq>
</HierarchyLvl>
<HierarchyLvl HierarchyLvlId="21" HierarchyLvlTypeId="17" Intrnl_Id="131" Name="drop">
<Header>
<Loc EndOffset="517" SrcFileId="4" StartOffset="493"/>
</Header>
<LocList>
<Loc EndOffset="547" SrcFileId="4" StartOffset="493"/>
</LocList>
<StmntSeq Intrnl_Id="132">
<LocList>
<Loc EndOffset="545" SrcFileId="4" StartOffset="520"/>
</LocList>
<BasicStmnt CovItemId="S7" CovItemPrefix="pickr.classes.Player.java" Intrnl_Id="133">
<LocList>
<Loc EndOffset="545" SrcFileId="4" StartOffset="520"/>
</LocList>
</BasicStmnt>
</StmntSeq>
</HierarchyLvl>
<HierarchyLvl HierarchyLvlId="22" HierarchyLvlTypeId="17" Intrnl_Id="134" Name="getGameScore">
<Header>
<Loc EndOffset="577" SrcFileId="4" StartOffset="552"/>
</Header>
<LocList>
<Loc EndOffset="599" SrcFileId="4" StartOffset="552"/>
</LocList>
<StmntSeq Intrnl_Id="135">
<LocList>
<Loc EndOffset="597" SrcFileId="4" StartOffset="580"/>
</LocList>
<BasicStmnt CovItemId="S8" CovItemPrefix="pickr.classes.Player.java" Intrnl_Id="136">
<LocList>
<Loc EndOffset="597" SrcFileId="4" StartOffset="580"/>
</LocList>
</BasicStmnt>
</StmntSeq>
</HierarchyLvl>
<HierarchyLvl HierarchyLvlId="23" HierarchyLvlTypeId="17" Intrnl_Id="137" Name="setGameScore">
<Header>
<Loc EndOffset="643" SrcFileId="4" StartOffset="604"/>
</Header>
<LocList>
<Loc EndOffset="676" SrcFileId="4" StartOffset="604"/>
</LocList>
<StmntSeq Intrnl_Id="138">
<LocList>
<Loc EndOffset="674" SrcFileId="4" StartOffset="646"/>
</LocList>
<BasicStmnt CovItemId="S9" CovItemPrefix="pickr.classes.Player.java" Intrnl_Id="139">
<LocList>
<Loc EndOffset="674" SrcFileId="4" StartOffset="646"/>
</LocList>
</BasicStmnt>
</StmntSeq>
</HierarchyLvl>
<HierarchyLvl HierarchyLvlId="24" HierarchyLvlTypeId="17" Intrnl_Id="140" Name="getMatchScore">
<Header>
<Loc EndOffset="707" SrcFileId="4" StartOffset="681"/>
</Header>
<LocList>
<Loc EndOffset="730" SrcFileId="4" StartOffset="681"/>
</LocList>
<StmntSeq Intrnl_Id="141">
<LocList>
<Loc EndOffset="728" SrcFileId="4" StartOffset="710"/>
</LocList>
<BasicStmnt CovItemId="S10" CovItemPrefix="pickr.classes.Player.java" Intrnl_Id="142">
<LocList>
<Loc EndOffset="728" SrcFileId="4" StartOffset="710"/>
</LocList>
</BasicStmnt>
</StmntSeq>
</HierarchyLvl>
<HierarchyLvl HierarchyLvlId="25" HierarchyLvlTypeId="17" Intrnl_Id="143" Name="setMatchScore">
<Header>
<Loc EndOffset="776" SrcFileId="4" StartOffset="735"/>
</Header>
<LocList>
<Loc EndOffset="810" SrcFileId="4" StartOffset="735"/>
</LocList>
<StmntSeq Intrnl_Id="144">
<LocList>
<Loc EndOffset="808" SrcFileId="4" StartOffset="779"/>
</LocList>
<BasicStmnt CovItemId="S11" CovItemPrefix="pickr.classes.Player.java" Intrnl_Id="145">
<LocList>
<Loc EndOffset="808" SrcFileId="4" StartOffset="779"/>
</LocList>
</BasicStmnt>
</StmntSeq>
</HierarchyLvl>
<HierarchyLvl HierarchyLvlId="26" HierarchyLvlTypeId="17" Intrnl_Id="146" Name="getId">
<Header>
<Loc EndOffset="836" SrcFileId="4" StartOffset="815"/>
</Header>
<LocList>
<Loc EndOffset="851" SrcFileId="4" StartOffset="815"/>
</LocList>
<StmntSeq Intrnl_Id="147">
<LocList>
<Loc EndOffset="849" SrcFileId="4" StartOffset="839"/>
</LocList>
<BasicStmnt CovItemId="S12" CovItemPrefix="pickr.classes.Player.java" Intrnl_Id="148">
<LocList>
<Loc EndOffset="849" SrcFileId="4" StartOffset="839"/>
</LocList>
</BasicStmnt>
</StmntSeq>
</HierarchyLvl>
<HierarchyLvl HierarchyLvlId="27" HierarchyLvlTypeId="17" Intrnl_Id="149" Name="delete">
<Header>
<Loc EndOffset="876" SrcFileId="4" StartOffset="856"/>
</Header>
<LocList>
<Loc EndOffset="902" SrcFileId="4" StartOffset="856"/>
</LocList>
<StmntSeq Intrnl_Id="150">
<LocList>
<Loc EndOffset="900" SrcFileId="4" StartOffset="879"/>
</LocList>
<BasicStmnt CovItemId="S13" CovItemPrefix="pickr.classes.Player.java" Intrnl_Id="151">
<LocList>
<Loc EndOffset="900" SrcFileId="4" StartOffset="879"/>
</LocList>
</BasicStmnt>
</StmntSeq>
</HierarchyLvl>
<HierarchyLvl HierarchyLvlId="28" HierarchyLvlTypeId="17" Intrnl_Id="152" Name="pick">
<Header>
<Loc EndOffset="941" SrcFileId="4" StartOffset="908"/>
</Header>
<LocList>
<Loc EndOffset="968" SrcFileId="4" StartOffset="908"/>
</LocList>
<StmntSeq Intrnl_Id="153">
<LocList>
<Loc EndOffset="965" SrcFileId="4" StartOffset="944"/>
</LocList>
<BasicStmnt CovItemId="S14" CovItemPrefix="pickr.classes.Player.java" Intrnl_Id="154">
<LocList>
<Loc EndOffset="965" SrcFileId="4" StartOffset="944"/>
</LocList>
</BasicStmnt>
</StmntSeq>
</HierarchyLvl>
</HierarchyLvl>
</HierarchyLvl>
<HierarchyLvl HierarchyLvlId="60" HierarchyLvlTypeId="16" Intrnl_Id="155" Name="enums">
<Header/>
<LocList/>
<HierarchyLvl HierarchyLvlId="30" HierarchyLvlTypeId="15" Intrnl_Id="156" Name="GameType">
<Header>
<Loc EndOffset="46" SrcFileId="5" StartOffset="26"/>
</Header>
<LocList>
<Loc EndOffset="96" SrcFileId="5" StartOffset="26"/>
</LocList>
</HierarchyLvl>
<HierarchyLvl HierarchyLvlId="31" HierarchyLvlTypeId="15" Intrnl_Id="157" Name="Suit">
<Header>
<Loc EndOffset="42" SrcFileId="6" StartOffset="26"/>
</Header>
<LocList>
<Loc EndOffset="72" SrcFileId="6" StartOffset="26"/>
</LocList>
</HierarchyLvl>
</HierarchyLvl>
<HierarchyLvl HierarchyLvlId="61" HierarchyLvlTypeId="16" Intrnl_Id="158" Name="exceptions">
<Header/>
<LocList/>
<HierarchyLvl HierarchyLvlId="32" HierarchyLvlTypeId="18" Intrnl_Id="159" Name="OutOfBoundException">
<Header>
<Loc EndOffset="81" SrcFileId="7" StartOffset="31"/>
</Header>
<LocList>
<Loc EndOffset="159" SrcFileId="7" StartOffset="31"/>
</LocList>
<StmntSeq Intrnl_Id="160">
<LocList>
<Loc EndOffset="154" SrcFileId="7" StartOffset="106"/>
</LocList>
<BasicStmnt CovItemId="S1" CovItemPrefix="pickr.exceptions.OutOfBoundException.java" Intrnl_Id="161">
<LocList>
<Loc EndOffset="154" SrcFileId="7" StartOffset="106"/>
</LocList>
</BasicStmnt>
</StmntSeq>
</HierarchyLvl>
<HierarchyLvl HierarchyLvlId="33" HierarchyLvlTypeId="18" Intrnl_Id="162" Name="WrongCardNumberException">
<Header>
<Loc EndOffset="86" SrcFileId="8" StartOffset="31"/>
</Header>
<LocList>
<Loc EndOffset="164" SrcFileId="8" StartOffset="31"/>
</LocList>
<StmntSeq Intrnl_Id="163">
<LocList>
<Loc EndOffset="159" SrcFileId="8" StartOffset="111"/>
</LocList>
<BasicStmnt CovItemId="S1" CovItemPrefix="pickr.exceptions.WrongCardNumberException.java" Intrnl_Id="164">
<LocList>
<Loc EndOffset="159" SrcFileId="8" StartOffset="111"/>
</LocList>
</BasicStmnt>
</StmntSeq>
</HierarchyLvl>
</HierarchyLvl>
<HierarchyLvl HierarchyLvlId="62" HierarchyLvlTypeId="16" Intrnl_Id="165" Name="games">
<Header/>
<LocList/>
<HierarchyLvl HierarchyLvlId="39" HierarchyLvlTypeId="18" Intrnl_Id="166" Name="Briscola">
<Header>
<Loc EndOffset="247" SrcFileId="9" StartOffset="213"/>
</Header>
<LocList>
<Loc EndOffset="2282" SrcFileId="9" StartOffset="213"/>
</LocList>
<StmntSeq Intrnl_Id="167">
<LocList>
<Loc EndOffset="279" SrcFileId="9" StartOffset="254"/>
</LocList>
<BasicStmnt CovItemId="S1" CovItemPrefix="pickr.games.Briscola.java" Intrnl_Id="168">
<LocList>
<Loc EndOffset="279" SrcFileId="9" StartOffset="254"/>
</LocList>
</BasicStmnt>
</StmntSeq>
<HierarchyLvl HierarchyLvlId="34" HierarchyLvlTypeId="17" Intrnl_Id="169" Name="Briscola">
<Header>
<Loc EndOffset="357" SrcFileId="9" StartOffset="315"/>
</Header>
<LocList>
<Loc EndOffset="392" SrcFileId="9" StartOffset="315"/>
</LocList>
<StmntSeq Intrnl_Id="170">
<LocList>
<Loc EndOffset="388" SrcFileId="9" StartOffset="363"/>
</LocList>
<BasicStmnt CovItemId="S2" CovItemPrefix="pickr.games.Briscola.java" Intrnl_Id="171">
<LocList>
<Loc EndOffset="388" SrcFileId="9" StartOffset="363"/>
</LocList>
</BasicStmnt>
</StmntSeq>
</HierarchyLvl>
<HierarchyLvl HierarchyLvlId="35" HierarchyLvlTypeId="17" Intrnl_Id="172" Name="spread">
<Header>
<Loc EndOffset="452" SrcFileId="9" StartOffset="400"/>
</Header>
<LocList>
<Loc EndOffset="538" SrcFileId="9" StartOffset="400"/>
</LocList>
<StmntSeq Intrnl_Id="173">
<LocList>
<Loc EndOffset="532" SrcFileId="9" StartOffset="458"/>
</LocList>
<LoopStmnt CovItemId="S3" CovItemPrefix="pickr.games.Briscola.java" Intrnl_Id="174" MltplExecId="L1-2" MltplExecPrefix="pickr.games.Briscola.java" NvrExecId="L1-0" NvrExecPrefix="pickr.games.Briscola.java" OnceExecutedId="L1-1" OnceExecutedPrefix="pickr.games.Briscola.java" OptBodyExec="true">
<StmntSeq Intrnl_Id="175">
<LocList>
<Loc EndOffset="527" SrcFileId="9" StartOffset="493"/>
</LocList>
<BasicStmnt CovItemId="S4" CovItemPrefix="pickr.games.Briscola.java" Intrnl_Id="176">
<LocList>
<Loc EndOffset="527" SrcFileId="9" StartOffset="493"/>
</LocList>
</BasicStmnt>
</StmntSeq>
<Keyword EndOffset="461" SrcFileId="9" StartOffset="458"/>
<LocList>
<Loc EndOffset="532" SrcFileId="9" StartOffset="458"/>
</LocList>
</LoopStmnt>
</StmntSeq>
</HierarchyLvl>
<HierarchyLvl HierarchyLvlId="36" HierarchyLvlTypeId="17" Intrnl_Id="177" Name="start">
<Header>
<Loc EndOffset="627" SrcFileId="9" StartOffset="543"/>
</Header>
<LocList>
<Loc EndOffset="809" SrcFileId="9" StartOffset="543"/>
</LocList>
<StmntSeq Intrnl_Id="178">
<LocList>
<Loc EndOffset="656" SrcFileId="9" StartOffset="639"/>
<Loc EndOffset="680" SrcFileId="9" StartOffset="660"/>
<Loc EndOffset="755" SrcFileId="9" StartOffset="688"/>
<Loc EndOffset="777" SrcFileId="9" StartOffset="763"/>
</LocList>
<BasicStmnt CovItemId="S5" CovItemPrefix="pickr.games.Briscola.java" Intrnl_Id="179">
<LocList>
<Loc EndOffset="656" SrcFileId="9" StartOffset="639"/>
</LocList>
</BasicStmnt>
<BasicStmnt CovItemId="S6" CovItemPrefix="pickr.games.Briscola.java" Intrnl_Id="180">
<LocList>
<Loc EndOffset="680" SrcFileId="9" StartOffset="660"/>
</LocList>
</BasicStmnt>
<BasicStmnt CovItemId="S7" CovItemPrefix="pickr.games.Briscola.java" Intrnl_Id="181">
<LocList>
<Loc EndOffset="755" SrcFileId="9" StartOffset="688"/>
</LocList>
</BasicStmnt>
<BasicStmnt CovItemId="S8" CovItemPrefix="pickr.games.Briscola.java" Intrnl_Id="182">
<LocList>
<Loc EndOffset="777" SrcFileId="9" StartOffset="763"/>
</LocList>
</BasicStmnt>
</StmntSeq>
</HierarchyLvl>
<HierarchyLvl HierarchyLvlId="37" HierarchyLvlTypeId="17" Intrnl_Id="183" Name="rule">
<Header>
<Loc EndOffset="855" SrcFileId="9" StartOffset="816"/>
</Header>
<LocList>
<Loc EndOffset="1901" SrcFileId="9" StartOffset="816"/>
</LocList>
<StmntSeq Intrnl_Id="184">
<LocList>
<Loc EndOffset="913" SrcFileId="9" StartOffset="865"/>
<Loc EndOffset="1815" SrcFileId="9" StartOffset="978"/>
<Loc EndOffset="1874" SrcFileId="9" StartOffset="1819"/>
<Loc EndOffset="1897" SrcFileId="9" StartOffset="1878"/>
</LocList>
<BasicStmnt CovItemId="S9" CovItemPrefix="pickr.games.Briscola.java" Intrnl_Id="185">
<LocList>
<Loc EndOffset="913" SrcFileId="9" StartOffset="865"/>
</LocList>
</BasicStmnt>
<LoopStmnt CovItemId="S10" CovItemPrefix="pickr.games.Briscola.java" Intrnl_Id="186" MltplExecId="L2-2" MltplExecPrefix="pickr.games.Briscola.java" NvrExecId="L2-0" NvrExecPrefix="pickr.games.Briscola.java" OnceExecutedId="L2-1" OnceExecutedPrefix="pickr.games.Briscola.java" OptBodyExec="true">
<StmntSeq Intrnl_Id="187">
<LocList>
<Loc EndOffset="1281" SrcFileId="9" StartOffset="1043"/>
<Loc EndOffset="1538" SrcFileId="9" StartOffset="1300"/>
<Loc EndOffset="1804" SrcFileId="9" StartOffset="1563"/>
</LocList>
<CondStmnt CovItemId="S11" CovItemPrefix="pickr.games.Briscola.java" Intrnl_Id="188">
<Branch CovItemId="B1" CovItemPrefix="pickr.games.Briscola.java" Implct="false" Intrnl_Id="189">
<Cond/>
<LocList>
<Loc EndOffset="1281" SrcFileId="9" StartOffset="1151"/>
</LocList>
<StmntSeq Intrnl_Id="190">
<LocList>
<Loc EndOffset="1250" SrcFileId="9" StartOffset="1158"/>
<Loc EndOffset="1275" SrcFileId="9" StartOffset="1256"/>
</LocList>
<BasicStmnt CovItemId="S12" CovItemPrefix="pickr.games.Briscola.java" Intrnl_Id="191">
<LocList>
<Loc EndOffset="1250" SrcFileId="9" StartOffset="1158"/>
</LocList>
</BasicStmnt>
<BasicStmnt CovItemId="S13" CovItemPrefix="pickr.games.Briscola.java" Intrnl_Id="192">
<LocList>
<Loc EndOffset="1275" SrcFileId="9" StartOffset="1256"/>
</LocList>
</BasicStmnt>
</StmntSeq>
</Branch>
<Branch CovItemId="B2" CovItemPrefix="pickr.games.Briscola.java" Implct="true" Intrnl_Id="193">
<Cond/>
<LocList/>
<StmntSeq Intrnl_Id="194">
<LocList/>
</StmntSeq>
</Branch>
<Keyword EndOffset="1045" SrcFileId="9" StartOffset="1043"/>
<LocList>
<Loc EndOffset="1281" SrcFileId="9" StartOffset="1043"/>
</LocList>
<RootTerm CovItemId="C1" CovItemPrefix="pickr.games.Briscola.java" Intrnl_Id="195">
<OpTerm BooleanOpId="12" Intrnl_Id="196">
<OpTerm BooleanOpId="12" Intrnl_Id="197">
<BasicBoolTerm Intrnl_Id="198">
<LocList>
<Loc EndOffset="1082" SrcFileId="9" StartOffset="1046"/>
</LocList>
</BasicBoolTerm>
<BasicBoolTerm Intrnl_Id="199">
<LocList>
<Loc EndOffset="1119" SrcFileId="9" StartOffset="1086"/>
</LocList>
</BasicBoolTerm>
<LocList>
<Loc EndOffset="1085" SrcFileId="9" StartOffset="1083"/>
</LocList>
</OpTerm>
<BasicBoolTerm Intrnl_Id="200">
<LocList>
<Loc EndOffset="1149" SrcFileId="9" StartOffset="1123"/>
</LocList>
</BasicBoolTerm>
<LocList>
<Loc EndOffset="1122" SrcFileId="9" StartOffset="1120"/>
</LocList>
</OpTerm>
</RootTerm>
</CondStmnt>
<CondStmnt CovItemId="S14" CovItemPrefix="pickr.games.Briscola.java" Intrnl_Id="201">
<Branch CovItemId="B3" CovItemPrefix="pickr.games.Briscola.java" Implct="false" Intrnl_Id="202">
<Cond/>
<LocList>
<Loc EndOffset="1538" SrcFileId="9" StartOffset="1408"/>
</LocList>
<StmntSeq Intrnl_Id="203">
<LocList>
<Loc EndOffset="1507" SrcFileId="9" StartOffset="1415"/>
<Loc EndOffset="1532" SrcFileId="9" StartOffset="1513"/>
</LocList>
<BasicStmnt CovItemId="S15" CovItemPrefix="pickr.games.Briscola.java" Intrnl_Id="204">
<LocList>
<Loc EndOffset="1507" SrcFileId="9" StartOffset="1415"/>
</LocList>
</BasicStmnt>
<BasicStmnt CovItemId="S16" CovItemPrefix="pickr.games.Briscola.java" Intrnl_Id="205">
<LocList>
<Loc EndOffset="1532" SrcFileId="9" StartOffset="1513"/>
</LocList>
</BasicStmnt>
</StmntSeq>
</Branch>
<Branch CovItemId="B4" CovItemPrefix="pickr.games.Briscola.java" Implct="true" Intrnl_Id="206">
<Cond/>
<LocList/>
<StmntSeq Intrnl_Id="207">
<LocList/>
</StmntSeq>
</Branch>
<Keyword EndOffset="1302" SrcFileId="9" StartOffset="1300"/>
<LocList>
<Loc EndOffset="1538" SrcFileId="9" StartOffset="1300"/>
</LocList>
<RootTerm CovItemId="C2" CovItemPrefix="pickr.games.Briscola.java" Intrnl_Id="208">
<OpTerm BooleanOpId="12" Intrnl_Id="209">
<OpTerm BooleanOpId="12" Intrnl_Id="210">
<BasicBoolTerm Intrnl_Id="211">
<LocList>
<Loc EndOffset="1339" SrcFileId="9" StartOffset="1303"/>
</LocList>
</BasicBoolTerm>
<BasicBoolTerm Intrnl_Id="212">
<LocList>
<Loc EndOffset="1376" SrcFileId="9" StartOffset="1343"/>
</LocList>
</BasicBoolTerm>
<LocList>
<Loc EndOffset="1342" SrcFileId="9" StartOffset="1340"/>
</LocList>
</OpTerm>
<BasicBoolTerm Intrnl_Id="213">
<LocList>
<Loc EndOffset="1406" SrcFileId="9" StartOffset="1380"/>
</LocList>
</BasicBoolTerm>
<LocList>
<Loc EndOffset="1379" SrcFileId="9" StartOffset="1377"/>
</LocList>
</OpTerm>
</RootTerm>
</CondStmnt>
<CondStmnt CovItemId="S17" CovItemPrefix="pickr.games.Briscola.java" Intrnl_Id="214">
<Branch CovItemId="B5" CovItemPrefix="pickr.games.Briscola.java" Implct="false" Intrnl_Id="215">
<Cond/>
<LocList>
<Loc EndOffset="1804" SrcFileId="9" StartOffset="1674"/>
</LocList>
<StmntSeq Intrnl_Id="216">
<LocList>
<Loc EndOffset="1773" SrcFileId="9" StartOffset="1681"/>
<Loc EndOffset="1798" SrcFileId="9" StartOffset="1779"/>
</LocList>
<BasicStmnt CovItemId="S18" CovItemPrefix="pickr.games.Briscola.java" Intrnl_Id="217">
<LocList>
<Loc EndOffset="1773" SrcFileId="9" StartOffset="1681"/>
</LocList>
</BasicStmnt>
<BasicStmnt CovItemId="S19" CovItemPrefix="pickr.games.Briscola.java" Intrnl_Id="218">
<LocList>
<Loc EndOffset="1798" SrcFileId="9" StartOffset="1779"/>
</LocList>
</BasicStmnt>
</StmntSeq>
</Branch>
<Branch CovItemId="B6" CovItemPrefix="pickr.games.Briscola.java" Implct="true" Intrnl_Id="219">
<Cond/>
<LocList/>
<StmntSeq Intrnl_Id="220">
<LocList/>
</StmntSeq>
</Branch>
<Keyword EndOffset="1565" SrcFileId="9" StartOffset="1563"/>
<LocList>
<Loc EndOffset="1804" SrcFileId="9" StartOffset="1563"/>
</LocList>
<RootTerm CovItemId="C3" CovItemPrefix="pickr.games.Briscola.java" Intrnl_Id="221">
<OpTerm BooleanOpId="12" Intrnl_Id="222">
<OpTerm BooleanOpId="12" Intrnl_Id="223">
<OpTerm BooleanOpId="14" Intrnl_Id="224">
<BasicBoolTerm Intrnl_Id="225">
<LocList>
<Loc EndOffset="1604" SrcFileId="9" StartOffset="1568"/>
</LocList>
</BasicBoolTerm>
<LocList>
<Loc EndOffset="1567" SrcFileId="9" StartOffset="1566"/>
</LocList>
</OpTerm>
<BasicBoolTerm Intrnl_Id="226">
<LocList>
<Loc EndOffset="1635" SrcFileId="9" StartOffset="1609"/>
</LocList>
</BasicBoolTerm>
<LocList>
<Loc EndOffset="1608" SrcFileId="9" StartOffset="1606"/>
</LocList>
</OpTerm>
<BasicBoolTerm Intrnl_Id="227">
<LocList>
<Loc EndOffset="1672" SrcFileId="9" StartOffset="1639"/>
</LocList>
</BasicBoolTerm>
<LocList>
<Loc EndOffset="1638" SrcFileId="9" StartOffset="1636"/>
</LocList>
</OpTerm>
</RootTerm>
</CondStmnt>
</StmntSeq>
<Keyword EndOffset="981" SrcFileId="9" StartOffset="978"/>
<LocList>
<Loc EndOffset="1815" SrcFileId="9" StartOffset="978"/>
</LocList>
</LoopStmnt>
<BasicStmnt CovItemId="S20" CovItemPrefix="pickr.games.Briscola.java" Intrnl_Id="228">
<LocList>
<Loc EndOffset="1874" SrcFileId="9" StartOffset="1819"/>
</LocList>
</BasicStmnt>
<BasicStmnt CovItemId="S21" CovItemPrefix="pickr.games.Briscola.java" Intrnl_Id="229">
<LocList>
<Loc EndOffset="1897" SrcFileId="9" StartOffset="1878"/>
</LocList>
</BasicStmnt>
</StmntSeq>
</HierarchyLvl>
<HierarchyLvl HierarchyLvlId="38" HierarchyLvlTypeId="17" Intrnl_Id="230" Name="round">
<Header>
<Loc EndOffset="1959" SrcFileId="9" StartOffset="1913"/>
</Header>
<LocList>
<Loc EndOffset="2279" SrcFileId="9" StartOffset="1913"/>
</LocList>
<StmntSeq Intrnl_Id="231">
<LocList>
<Loc EndOffset="2043" SrcFileId="9" StartOffset="1969"/>
<Loc EndOffset="2111" SrcFileId="9" StartOffset="2051"/>
<Loc EndOffset="2156" SrcFileId="9" StartOffset="2119"/>
<Loc EndOffset="2189" SrcFileId="9" StartOffset="2164"/>
<Loc EndOffset="2273" SrcFileId="9" StartOffset="2198"/>
</LocList>
<LoopStmnt CovItemId="S22" CovItemPrefix="pickr.games.Briscola.java" Intrnl_Id="232" MltplExecId="L3-2" MltplExecPrefix="pickr.games.Briscola.java" NvrExecId="L3-0" NvrExecPrefix="pickr.games.Briscola.java" OnceExecutedId="L3-1" OnceExecutedPrefix="pickr.games.Briscola.java" OptBodyExec="true">
<StmntSeq Intrnl_Id="233">
<LocList>
<Loc EndOffset="2038" SrcFileId="9" StartOffset="2009"/>
</LocList>
<BasicStmnt CovItemId="S23" CovItemPrefix="pickr.games.Briscola.java" Intrnl_Id="234">
<LocList>
<Loc EndOffset="2038" SrcFileId="9" StartOffset="2009"/>
</LocList>
</BasicStmnt>
</StmntSeq>
<Keyword EndOffset="1972" SrcFileId="9" StartOffset="1969"/>
<LocList>
<Loc EndOffset="2043" SrcFileId="9" StartOffset="1969"/>
</LocList>
</LoopStmnt>
<BasicStmnt CovItemId="S24" CovItemPrefix="pickr.games.Briscola.java" Intrnl_Id="235">
<LocList>
<Loc EndOffset="2111" SrcFileId="9" StartOffset="2051"/>
</LocList>
</BasicStmnt>
<BasicStmnt CovItemId="S25" CovItemPrefix="pickr.games.Briscola.java" Intrnl_Id="236">
<LocList>
<Loc EndOffset="2156" SrcFileId="9" StartOffset="2119"/>
</LocList>
</BasicStmnt>
<BasicStmnt CovItemId="S26" CovItemPrefix="pickr.games.Briscola.java" Intrnl_Id="237">
<LocList>
<Loc EndOffset="2189" SrcFileId="9" StartOffset="2164"/>
</LocList>
</BasicStmnt>
<LoopStmnt CovItemId="S27" CovItemPrefix="pickr.games.Briscola.java" Intrnl_Id="238" MltplExecId="L4-2" MltplExecPrefix="pickr.games.Briscola.java" NvrExecId="L4-0" NvrExecPrefix="pickr.games.Briscola.java" OnceExecutedId="L4-1" OnceExecutedPrefix="pickr.games.Briscola.java" OptBodyExec="true">
<StmntSeq Intrnl_Id="239">
<LocList>
<Loc EndOffset="2268" SrcFileId="9" StartOffset="2238"/>
</LocList>
<BasicStmnt CovItemId="S28" CovItemPrefix="pickr.games.Briscola.java" Intrnl_Id="240">
<LocList>
<Loc EndOffset="2268" SrcFileId="9" StartOffset="2238"/>
</LocList>
</BasicStmnt>
</StmntSeq>
<Keyword EndOffset="2201" SrcFileId="9" StartOffset="2198"/>
<LocList>
<Loc EndOffset="2273" SrcFileId="9" StartOffset="2198"/>
</LocList>
</LoopStmnt>
</StmntSeq>
</HierarchyLvl>
</HierarchyLvl>
<HierarchyLvl HierarchyLvlId="52" HierarchyLvlTypeId="18" Intrnl_Id="241" Name="Game">
<Header>
<Loc EndOffset="274" SrcFileId="10" StartOffset="248"/>
</Header>
<LocList>
<Loc EndOffset="1868" SrcFileId="10" StartOffset="248"/>
</LocList>
<StmntSeq Intrnl_Id="242">
<LocList>
<Loc EndOffset="335" SrcFileId="10" StartOffset="313"/>
</LocList>
<BasicStmnt CovItemId="S1" CovItemPrefix="pickr.games.Game.java" Intrnl_Id="243">
<LocList>
<Loc EndOffset="335" SrcFileId="10" StartOffset="313"/>
</LocList>
</BasicStmnt>
</StmntSeq>
<HierarchyLvl HierarchyLvlId="40" HierarchyLvlTypeId="17" Intrnl_Id="244" Name="Game">
<Header>
<Loc EndOffset="480" SrcFileId="10" StartOffset="442"/>
</Header>
<LocList>
<Loc EndOffset="657" SrcFileId="10" StartOffset="442"/>
</LocList>
<StmntSeq Intrnl_Id="245">
<LocList>
<Loc EndOffset="515" SrcFileId="10" StartOffset="486"/>
<Loc EndOffset="538" SrcFileId="10" StartOffset="519"/>
<Loc EndOffset="565" SrcFileId="10" StartOffset="542"/>
<Loc EndOffset="610" SrcFileId="10" StartOffset="569"/>
<Loc EndOffset="653" SrcFileId="10" StartOffset="614"/>
</LocList>
<BasicStmnt CovItemId="S2" CovItemPrefix="pickr.games.Game.java" Intrnl_Id="246">
<LocList>
<Loc EndOffset="515" SrcFileId="10" StartOffset="486"/>
</LocList>
</BasicStmnt>
<BasicStmnt CovItemId="S3" CovItemPrefix="pickr.games.Game.java" Intrnl_Id="247">
<LocList>
<Loc EndOffset="538" SrcFileId="10" StartOffset="519"/>
</LocList>
</BasicStmnt>
<BasicStmnt CovItemId="S4" CovItemPrefix="pickr.games.Game.java" Intrnl_Id="248">
<LocList>
<Loc EndOffset="565" SrcFileId="10" StartOffset="542"/>
</LocList>
</BasicStmnt>
<BasicStmnt CovItemId="S5" CovItemPrefix="pickr.games.Game.java" Intrnl_Id="249">
<LocList>
<Loc EndOffset="610" SrcFileId="10" StartOffset="569"/>
</LocList>
</BasicStmnt>
<BasicStmnt CovItemId="S6" CovItemPrefix="pickr.games.Game.java" Intrnl_Id="250">
<LocList>
<Loc EndOffset="653" SrcFileId="10" StartOffset="614"/>
</LocList>
</BasicStmnt>
</StmntSeq>
</HierarchyLvl>
<HierarchyLvl HierarchyLvlId="41" HierarchyLvlTypeId="17" Intrnl_Id="251" Name="getDeck">
<Header>
<Loc EndOffset="683" SrcFileId="10" StartOffset="662"/>
</Header>
<LocList>
<Loc EndOffset="700" SrcFileId="10" StartOffset="662"/>
</LocList>
<StmntSeq Intrnl_Id="252">
<LocList>
<Loc EndOffset="698" SrcFileId="10" StartOffset="686"/>
</LocList>
<BasicStmnt CovItemId="S7" CovItemPrefix="pickr.games.Game.java" Intrnl_Id="253">
<LocList>
<Loc EndOffset="698" SrcFileId="10" StartOffset="686"/>
</LocList>
</BasicStmnt>
</StmntSeq>
</HierarchyLvl>
<HierarchyLvl HierarchyLvlId="42" HierarchyLvlTypeId="17" Intrnl_Id="254" Name="getRound">
<Header>
<Loc EndOffset="726" SrcFileId="10" StartOffset="705"/>
</Header>
<LocList>
<Loc EndOffset="744" SrcFileId="10" StartOffset="705"/>
</LocList>
<StmntSeq Intrnl_Id="255">
<LocList>
<Loc EndOffset="742" SrcFileId="10" StartOffset="729"/>
</LocList>
<BasicStmnt CovItemId="S8" CovItemPrefix="pickr.games.Game.java" Intrnl_Id="256">
<LocList>
<Loc EndOffset="742" SrcFileId="10" StartOffset="729"/>
</LocList>
</BasicStmnt>
</StmntSeq>
</HierarchyLvl>
<HierarchyLvl HierarchyLvlId="43" HierarchyLvlTypeId="17" Intrnl_Id="257" Name="getTable">
<Header>
<Loc EndOffset="788" SrcFileId="10" StartOffset="749"/>
</Header>
<LocList>
<Loc EndOffset="806" SrcFileId="10" StartOffset="749"/>
</LocList>
<StmntSeq Intrnl_Id="258">
<LocList>
<Loc EndOffset="804" SrcFileId="10" StartOffset="791"/>
</LocList>
<BasicStmnt CovItemId="S9" CovItemPrefix="pickr.games.Game.java" Intrnl_Id="259">
<LocList>
<Loc EndOffset="804" SrcFileId="10" StartOffset="791"/>
</LocList>
</BasicStmnt>
</StmntSeq>
</HierarchyLvl>
<HierarchyLvl HierarchyLvlId="44" HierarchyLvlTypeId="17" Intrnl_Id="260" Name="getPlayers">
<Header>
<Loc EndOffset="848" SrcFileId="10" StartOffset="811"/>
</Header>
<LocList>
<Loc EndOffset="868" SrcFileId="10" StartOffset="811"/>
</LocList>
<StmntSeq Intrnl_Id="261">
<LocList>
<Loc EndOffset="866" SrcFileId="10" StartOffset="851"/>
</LocList>
<BasicStmnt CovItemId="S10" CovItemPrefix="pickr.games.Game.java" Intrnl_Id="262">
<LocList>
<Loc EndOffset="866" SrcFileId="10" StartOffset="851"/>
</LocList>
</BasicStmnt>
</StmntSeq>
</HierarchyLvl>
<HierarchyLvl HierarchyLvlId="45" HierarchyLvlTypeId="17" Intrnl_Id="263" Name="spread">
<Header>
<Loc EndOffset="923" SrcFileId="10" StartOffset="874"/>
</Header>
<LocList>
<Loc EndOffset="924" SrcFileId="10" StartOffset="874"/>
</LocList>
</HierarchyLvl>
<HierarchyLvl HierarchyLvlId="46" HierarchyLvlTypeId="17" Intrnl_Id="264" Name="rule">
<Header>
<Loc EndOffset="956" SrcFileId="10" StartOffset="930"/>
</Header>
<LocList>
<Loc EndOffset="957" SrcFileId="10" StartOffset="930"/>
</LocList>
</HierarchyLvl>
<HierarchyLvl HierarchyLvlId="47" HierarchyLvlTypeId="17" Intrnl_Id="265" Name="addPlayer">
<Header>
<Loc EndOffset="1022" SrcFileId="10" StartOffset="963"/>
</Header>
<LocList>
<Loc EndOffset="1149" SrcFileId="10" StartOffset="963"/>
</LocList>
<StmntSeq Intrnl_Id="266">
<LocList>
<Loc EndOffset="1145" SrcFileId="10" StartOffset="1028"/>
</LocList>
<CondStmnt CovItemId="S11" CovItemPrefix="pickr.games.Game.java" Intrnl_Id="267">
<Branch CovItemId="B1" CovItemPrefix="pickr.games.Game.java" Implct="false" Intrnl_Id="268">
<Cond/>
<LocList>
<Loc EndOffset="1104" SrcFileId="10" StartOffset="1065"/>
</LocList>
<StmntSeq Intrnl_Id="269">
<LocList>
<Loc EndOffset="1099" SrcFileId="10" StartOffset="1071"/>
</LocList>
<BasicStmnt CovItemId="S12" CovItemPrefix="pickr.games.Game.java" Intrnl_Id="270">
<LocList>
<Loc EndOffset="1099" SrcFileId="10" StartOffset="1071"/>
</LocList>
</BasicStmnt>
</StmntSeq>
</Branch>
<Branch CovItemId="B2" CovItemPrefix="pickr.games.Game.java" Implct="false" Intrnl_Id="271">
<Cond>
<Loc EndOffset="1112" SrcFileId="10" StartOffset="1108"/>
</Cond>
<LocList>
<Loc EndOffset="1145" SrcFileId="10" StartOffset="1113"/>
</LocList>
<StmntSeq Intrnl_Id="272">
<LocList>
<Loc EndOffset="1145" SrcFileId="10" StartOffset="1113"/>
</LocList>
<BasicStmnt CovItemId="S13" CovItemPrefix="pickr.games.Game.java" Intrnl_Id="273">
<LocList>
<Loc EndOffset="1145" SrcFileId="10" StartOffset="1113"/>
</LocList>
</BasicStmnt>
</StmntSeq>
</Branch>
<Keyword EndOffset="1030" SrcFileId="10" StartOffset="1028"/>
<LocList>
<Loc EndOffset="1145" SrcFileId="10" StartOffset="1028"/>
</LocList>
<RootTerm CovItemId="C1" CovItemPrefix="pickr.games.Game.java" Intrnl_Id="274">
<BasicBoolTerm Intrnl_Id="275">
<LocList>
<Loc EndOffset="1063" SrcFileId="10" StartOffset="1031"/>
</LocList>
</BasicBoolTerm>
</RootTerm>
</CondStmnt>
</StmntSeq>
</HierarchyLvl>
<HierarchyLvl HierarchyLvlId="48" HierarchyLvlTypeId="17" Intrnl_Id="276" Name="getTableValue">
<Header>
<Loc EndOffset="1174" SrcFileId="10" StartOffset="1155"/>
</Header>
<LocList>
<Loc EndOffset="1290" SrcFileId="10" StartOffset="1155"/>
</LocList>
<StmntSeq Intrnl_Id="277">
<LocList>
<Loc EndOffset="1195" SrcFileId="10" StartOffset="1180"/>
<Loc EndOffset="1268" SrcFileId="10" StartOffset="1199"/>
<Loc EndOffset="1286" SrcFileId="10" StartOffset="1272"/>
</LocList>
<BasicStmnt CovItemId="S14" CovItemPrefix="pickr.games.Game.java" Intrnl_Id="278">
<LocList>
<Loc EndOffset="1195" SrcFileId="10" StartOffset="1180"/>
</LocList>
</BasicStmnt>
<LoopStmnt CovItemId="S15" CovItemPrefix="pickr.games.Game.java" Intrnl_Id="279" MltplExecId="L1-2" MltplExecPrefix="pickr.games.Game.java" NvrExecId="L1-0" NvrExecPrefix="pickr.games.Game.java" OnceExecutedId="L1-1" OnceExecutedPrefix="pickr.games.Game.java" OptBodyExec="true">
<StmntSeq Intrnl_Id="280">
<LocList>
<Loc EndOffset="1263" SrcFileId="10" StartOffset="1239"/>
</LocList>
<BasicStmnt CovItemId="S16" CovItemPrefix="pickr.games.Game.java" Intrnl_Id="281">
<LocList>
<Loc EndOffset="1263" SrcFileId="10" StartOffset="1239"/>
</LocList>
</BasicStmnt>
</StmntSeq>
<Keyword EndOffset="1202" SrcFileId="10" StartOffset="1199"/>
<LocList>
<Loc EndOffset="1268" SrcFileId="10" StartOffset="1199"/>
</LocList>
</LoopStmnt>
<BasicStmnt CovItemId="S17" CovItemPrefix="pickr.games.Game.java" Intrnl_Id="282">
<LocList>
<Loc EndOffset="1286" SrcFileId="10" StartOffset="1272"/>
</LocList>
</BasicStmnt>
</StmntSeq>
</HierarchyLvl>
<HierarchyLvl HierarchyLvlId="49" HierarchyLvlTypeId="17" Intrnl_Id="283" Name="dropCard">
<Header>
<Loc EndOffset="1336" SrcFileId="10" StartOffset="1296"/>
</Header>
<LocList>
<Loc EndOffset="1357" SrcFileId="10" StartOffset="1296"/>
</LocList>
<StmntSeq Intrnl_Id="284">
<LocList>
<Loc EndOffset="1355" SrcFileId="10" StartOffset="1339"/>
</LocList>
<BasicStmnt CovItemId="S18" CovItemPrefix="pickr.games.Game.java" Intrnl_Id="285">
<LocList>
<Loc EndOffset="1355" SrcFileId="10" StartOffset="1339"/>
</LocList>
</BasicStmnt>
</StmntSeq>
</HierarchyLvl>
<HierarchyLvl HierarchyLvlId="50" HierarchyLvlTypeId="17" Intrnl_Id="286" Name="start">
<Header>
<Loc EndOffset="1438" SrcFileId="10" StartOffset="1364"/>
</Header>
<LocList>
<Loc EndOffset="1439" SrcFileId="10" StartOffset="1364"/>
</LocList>
</HierarchyLvl>
<HierarchyLvl HierarchyLvlId="51" HierarchyLvlTypeId="17" Intrnl_Id="287" Name="winner">
<Header>
<Loc EndOffset="1489" SrcFileId="10" StartOffset="1446"/>
</Header>
<LocList>
<Loc EndOffset="1863" SrcFileId="10" StartOffset="1446"/>
</LocList>
<StmntSeq Intrnl_Id="288">
<LocList>
<Loc EndOffset="1537" SrcFileId="10" StartOffset="1501"/>
<Loc EndOffset="1681" SrcFileId="10" StartOffset="1545"/>
<Loc EndOffset="1743" SrcFileId="10" StartOffset="1689"/>
<Loc EndOffset="1789" SrcFileId="10" StartOffset="1752"/>
<Loc EndOffset="1811" SrcFileId="10" StartOffset="1797"/>
<Loc EndOffset="1835" SrcFileId="10" StartOffset="1819"/>
<Loc EndOffset="1857" SrcFileId="10" StartOffset="1843"/>
</LocList>
<BasicStmnt CovItemId="S19" CovItemPrefix="pickr.games.Game.java" Intrnl_Id="289">
<LocList>
<Loc EndOffset="1537" SrcFileId="10" StartOffset="1501"/>
</LocList>
</BasicStmnt>
<LoopStmnt CovItemId="S20" CovItemPrefix="pickr.games.Game.java" Intrnl_Id="290" MltplExecId="L2-2" MltplExecPrefix="pickr.games.Game.java" NvrExecId="L2-0" NvrExecPrefix="pickr.games.Game.java" OnceExecutedId="L2-1" OnceExecutedPrefix="pickr.games.Game.java" OptBodyExec="true">
<StmntSeq Intrnl_Id="291">
<LocList>
<Loc EndOffset="1650" SrcFileId="10" StartOffset="1591"/>
<Loc EndOffset="1676" SrcFileId="10" StartOffset="1660"/>
</LocList>
<CondStmnt CovItemId="S21" CovItemPrefix="pickr.games.Game.java" Intrnl_Id="292">
<Branch CovItemId="B3" CovItemPrefix="pickr.games.Game.java" Implct="false" Intrnl_Id="293">
<Cond/>
<LocList>
<Loc EndOffset="1650" SrcFileId="10" StartOffset="1634"/>
</LocList>
<StmntSeq Intrnl_Id="294">
<LocList>
<Loc EndOffset="1650" SrcFileId="10" StartOffset="1634"/>
</LocList>
<BasicStmnt CovItemId="S22" CovItemPrefix="pickr.games.Game.java" Intrnl_Id="295">
<LocList>
<Loc EndOffset="1650" SrcFileId="10" StartOffset="1634"/>
</LocList>
</BasicStmnt>
</StmntSeq>
</Branch>
<Branch CovItemId="B4" CovItemPrefix="pickr.games.Game.java" Implct="true" Intrnl_Id="296">
<Cond/>
<LocList/>
<StmntSeq Intrnl_Id="297">
<LocList/>
</StmntSeq>
</Branch>
<Keyword EndOffset="1593" SrcFileId="10" StartOffset="1591"/>
<LocList>
<Loc EndOffset="1650" SrcFileId="10" StartOffset="1591"/>
</LocList>
<RootTerm CovItemId="C2" CovItemPrefix="pickr.games.Game.java" Intrnl_Id="298">
<BasicBoolTerm Intrnl_Id="299">
<LocList>
<Loc EndOffset="1632" SrcFileId="10" StartOffset="1594"/>
</LocList>
</BasicBoolTerm>
</RootTerm>
</CondStmnt>
<BasicStmnt CovItemId="S23" CovItemPrefix="pickr.games.Game.java" Intrnl_Id="300">
<LocList>
<Loc EndOffset="1676" SrcFileId="10" StartOffset="1660"/>
</LocList>
</BasicStmnt>
</StmntSeq>
<Keyword EndOffset="1548" SrcFileId="10" StartOffset="1545"/>
<LocList>
<Loc EndOffset="1681" SrcFileId="10" StartOffset="1545"/>
</LocList>
</LoopStmnt>
<BasicStmnt CovItemId="S24" CovItemPrefix="pickr.games.Game.java" Intrnl_Id="301">
<LocList>
<Loc EndOffset="1743" SrcFileId="10" StartOffset="1689"/>
</LocList>
</BasicStmnt>
<BasicStmnt CovItemId="S25" CovItemPrefix="pickr.games.Game.java" Intrnl_Id="302">
<LocList>
<Loc EndOffset="1789" SrcFileId="10" StartOffset="1752"/>
</LocList>
</BasicStmnt>
<BasicStmnt CovItemId="S26" CovItemPrefix="pickr.games.Game.java" Intrnl_Id="303">
<LocList>
<Loc EndOffset="1811" SrcFileId="10" StartOffset="1797"/>
</LocList>
</BasicStmnt>
<BasicStmnt CovItemId="S27" CovItemPrefix="pickr.games.Game.java" Intrnl_Id="304">
<LocList>
<Loc EndOffset="1835" SrcFileId="10" StartOffset="1819"/>
</LocList>
</BasicStmnt>
<BasicStmnt CovItemId="S28" CovItemPrefix="pickr.games.Game.java" Intrnl_Id="305">
<LocList>
<Loc EndOffset="1857" SrcFileId="10" StartOffset="1843"/>
</LocList>
</BasicStmnt>
</StmntSeq>
</HierarchyLvl>
</HierarchyLvl>
</HierarchyLvl>
<HierarchyLvl HierarchyLvlId="2" HierarchyLvlTypeId="18" Intrnl_Id="306" Name="Main">
<Header>
<Loc EndOffset="35" SrcFileId="1" StartOffset="18"/>
</Header>
<LocList>
<Loc EndOffset="131" SrcFileId="1" StartOffset="18"/>
</LocList>
<HierarchyLvl HierarchyLvlId="1" HierarchyLvlTypeId="17" Intrnl_Id="307" Name="main">
<Header>
<Loc EndOffset="80" SrcFileId="1" StartOffset="42"/>
</Header>
<LocList>
<Loc EndOffset="126" SrcFileId="1" StartOffset="42"/>
</LocList>
</HierarchyLvl>
</HierarchyLvl>
</HierarchyLvl>
<HierarchyLvl HierarchyLvlId="64" HierarchyLvlTypeId="16" Intrnl_Id="308" Name="test">
<Header/>
<LocList/>
<HierarchyLvl HierarchyLvlId="56" HierarchyLvlTypeId="18" Intrnl_Id="309" Name="GameMCDC">
<Header>
<Loc EndOffset="324" SrcFileId="11" StartOffset="293"/>
</Header>
<LocList>
<Loc EndOffset="1646" SrcFileId="11" StartOffset="293"/>
</LocList>
<HierarchyLvl HierarchyLvlId="53" HierarchyLvlTypeId="17" Intrnl_Id="310" Name="GameMCDC">
<Header>
<Loc EndOffset="373" SrcFileId="11" StartOffset="331"/>
</Header>
<LocList>
<Loc EndOffset="403" SrcFileId="11" StartOffset="331"/>
</LocList>
<StmntSeq Intrnl_Id="311">
<LocList>
<Loc EndOffset="401" SrcFileId="11" StartOffset="376"/>
</LocList>
<BasicStmnt CovItemId="S1" CovItemPrefix="test.MCDC.java" Intrnl_Id="312">
<LocList>
<Loc EndOffset="401" SrcFileId="11" StartOffset="376"/>
</LocList>
</BasicStmnt>
</StmntSeq>
</HierarchyLvl>
<HierarchyLvl HierarchyLvlId="54" HierarchyLvlTypeId="17" Intrnl_Id="313" Name="start">
<Header>
<Loc EndOffset="493" SrcFileId="11" StartOffset="409"/>
</Header>
<LocList>
<Loc EndOffset="1339" SrcFileId="11" StartOffset="409"/>
</LocList>
<StmntSeq Intrnl_Id="314">
<LocList>
<Loc EndOffset="563" SrcFileId="11" StartOffset="503"/>
<Loc EndOffset="612" SrcFileId="11" StartOffset="567"/>
<Loc EndOffset="657" SrcFileId="11" StartOffset="616"/>
<Loc EndOffset="697" SrcFileId="11" StartOffset="663"/>
<Loc EndOffset="765" SrcFileId="11" StartOffset="705"/>
<Loc EndOffset="815" SrcFileId="11" StartOffset="769"/>
<Loc EndOffset="860" SrcFileId="11" StartOffset="819"/>
<Loc EndOffset="900" SrcFileId="11" StartOffset="866"/>
<Loc EndOffset="968" SrcFileId="11" StartOffset="908"/>
<Loc EndOffset="1013" SrcFileId="11" StartOffset="972"/>
<Loc EndOffset="1062" SrcFileId="11" StartOffset="1017"/>
<Loc EndOffset="1102" SrcFileId="11" StartOffset="1068"/>
<Loc EndOffset="1170" SrcFileId="11" StartOffset="1110"/>
<Loc EndOffset="1215" SrcFileId="11" StartOffset="1174"/>
<Loc EndOffset="1262" SrcFileId="11" StartOffset="1219"/>
<Loc EndOffset="1302" SrcFileId="11" StartOffset="1268"/>
<Loc EndOffset="1335" SrcFileId="11" StartOffset="1310"/>
</LocList>
<BasicStmnt CovItemId="S2" CovItemPrefix="test.MCDC.java" Intrnl_Id="315">
<LocList>
<Loc EndOffset="563" SrcFileId="11" StartOffset="503"/>
</LocList>
</BasicStmnt>
<BasicStmnt CovItemId="S3" CovItemPrefix="test.MCDC.java" Intrnl_Id="316">
<LocList>
<Loc EndOffset="612" SrcFileId="11" StartOffset="567"/>
</LocList>
</BasicStmnt>
<BasicStmnt CovItemId="S4" CovItemPrefix="test.MCDC.java" Intrnl_Id="317">
<LocList>
<Loc EndOffset="657" SrcFileId="11" StartOffset="616"/>
</LocList>
</BasicStmnt>
<BasicStmnt CovItemId="S5" CovItemPrefix="test.MCDC.java" Intrnl_Id="318">
<LocList>
<Loc EndOffset="697" SrcFileId="11" StartOffset="663"/>
</LocList>
</BasicStmnt>
<BasicStmnt CovItemId="S6" CovItemPrefix="test.MCDC.java" Intrnl_Id="319">
<LocList>
<Loc EndOffset="765" SrcFileId="11" StartOffset="705"/>
</LocList>
</BasicStmnt>
<BasicStmnt CovItemId="S7" CovItemPrefix="test.MCDC.java" Intrnl_Id="320">
<LocList>
<Loc EndOffset="815" SrcFileId="11" StartOffset="769"/>
</LocList>
</BasicStmnt>
<BasicStmnt CovItemId="S8" CovItemPrefix="test.MCDC.java" Intrnl_Id="321">
<LocList>
<Loc EndOffset="860" SrcFileId="11" StartOffset="819"/>
</LocList>
</BasicStmnt>
<BasicStmnt CovItemId="S9" CovItemPrefix="test.MCDC.java" Intrnl_Id="322">
<LocList>
<Loc EndOffset="900" SrcFileId="11" StartOffset="866"/>
</LocList>
</BasicStmnt>
<BasicStmnt CovItemId="S10" CovItemPrefix="test.MCDC.java" Intrnl_Id="323">
<LocList>
<Loc EndOffset="968" SrcFileId="11" StartOffset="908"/>
</LocList>
</BasicStmnt>
<BasicStmnt CovItemId="S11" CovItemPrefix="test.MCDC.java" Intrnl_Id="324">
<LocList>
<Loc EndOffset="1013" SrcFileId="11" StartOffset="972"/>
</LocList>
</BasicStmnt>
<BasicStmnt CovItemId="S12" CovItemPrefix="test.MCDC.java" Intrnl_Id="325">
<LocList>
<Loc EndOffset="1062" SrcFileId="11" StartOffset="1017"/>
</LocList>
</BasicStmnt>
<BasicStmnt CovItemId="S13" CovItemPrefix="test.MCDC.java" Intrnl_Id="326">
<LocList>
<Loc EndOffset="1102" SrcFileId="11" StartOffset="1068"/>
</LocList>
</BasicStmnt>
<BasicStmnt CovItemId="S14" CovItemPrefix="test.MCDC.java" Intrnl_Id="327">
<LocList>
<Loc EndOffset="1170" SrcFileId="11" StartOffset="1110"/>
</LocList>
</BasicStmnt>
<BasicStmnt CovItemId="S15" CovItemPrefix="test.MCDC.java" Intrnl_Id="328">
<LocList>
<Loc EndOffset="1215" SrcFileId="11" StartOffset="1174"/>
</LocList>
</BasicStmnt>
<BasicStmnt CovItemId="S16" CovItemPrefix="test.MCDC.java" Intrnl_Id="329">
<LocList>
<Loc EndOffset="1262" SrcFileId="11" StartOffset="1219"/>
</LocList>
</BasicStmnt>
<BasicStmnt CovItemId="S17" CovItemPrefix="test.MCDC.java" Intrnl_Id="330">
<LocList>
<Loc EndOffset="1302" SrcFileId="11" StartOffset="1268"/>
</LocList>
</BasicStmnt>
<BasicStmnt CovItemId="S18" CovItemPrefix="test.MCDC.java" Intrnl_Id="331">
<LocList>
<Loc EndOffset="1335" SrcFileId="11" StartOffset="1310"/>
</LocList>
</BasicStmnt>
</StmntSeq>
</HierarchyLvl>
<HierarchyLvl HierarchyLvlId="55" HierarchyLvlTypeId="17" Intrnl_Id="332" Name="round">
<Header>
<Loc EndOffset="1403" SrcFileId="11" StartOffset="1345"/>
</Header>
<LocList>
<Loc EndOffset="1637" SrcFileId="11" StartOffset="1345"/>
</LocList>
<StmntSeq Intrnl_Id="333">
<LocList>
<Loc EndOffset="1487" SrcFileId="11" StartOffset="1413"/>
<Loc EndOffset="1555" SrcFileId="11" StartOffset="1495"/>
<Loc EndOffset="1596" SrcFileId="11" StartOffset="1563"/>
<Loc EndOffset="1629" SrcFileId="11" StartOffset="1604"/>
</LocList>
<LoopStmnt CovItemId="S19" CovItemPrefix="test.MCDC.java" Intrnl_Id="334" MltplExecId="L1-2" MltplExecPrefix="test.MCDC.java" NvrExecId="L1-0" NvrExecPrefix="test.MCDC.java" OnceExecutedId="L1-1" OnceExecutedPrefix="test.MCDC.java" OptBodyExec="true">
<StmntSeq Intrnl_Id="335">
<LocList>
<Loc EndOffset="1482" SrcFileId="11" StartOffset="1453"/>
</LocList>
<BasicStmnt CovItemId="S20" CovItemPrefix="test.MCDC.java" Intrnl_Id="336">
<LocList>
<Loc EndOffset="1482" SrcFileId="11" StartOffset="1453"/>
</LocList>
</BasicStmnt>
</StmntSeq>
<Keyword EndOffset="1416" SrcFileId="11" StartOffset="1413"/>
<LocList>
<Loc EndOffset="1487" SrcFileId="11" StartOffset="1413"/>
</LocList>
</LoopStmnt>
<BasicStmnt CovItemId="S21" CovItemPrefix="test.MCDC.java" Intrnl_Id="337">
<LocList>
<Loc EndOffset="1555" SrcFileId="11" StartOffset="1495"/>
</LocList>
</BasicStmnt>
<BasicStmnt CovItemId="S22" CovItemPrefix="test.MCDC.java" Intrnl_Id="338">
<LocList>
<Loc EndOffset="1596" SrcFileId="11" StartOffset="1563"/>
</LocList>
</BasicStmnt>
<BasicStmnt CovItemId="S23" CovItemPrefix="test.MCDC.java" Intrnl_Id="339">
<LocList>
<Loc EndOffset="1629" SrcFileId="11" StartOffset="1604"/>
</LocList>
</BasicStmnt>
</StmntSeq>
</HierarchyLvl>
</HierarchyLvl>
<HierarchyLvl HierarchyLvlId="58" HierarchyLvlTypeId="18" Intrnl_Id="340" Name="MCDC">
<Header>
<Loc EndOffset="1667" SrcFileId="11" StartOffset="1650"/>
</Header>
<LocList>
<Loc EndOffset="2000" SrcFileId="11" StartOffset="1650"/>
</LocList>
<HierarchyLvl HierarchyLvlId="57" HierarchyLvlTypeId="17" Intrnl_Id="341" Name="MCDC_Test">
<Header>
<Loc EndOffset="1759" SrcFileId="11" StartOffset="1675"/>
</Header>
<LocList>
<Loc EndOffset="1995" SrcFileId="11" StartOffset="1675"/>
</LocList>
<StmntSeq Intrnl_Id="342">
<LocList>
<Loc EndOffset="1785" SrcFileId="11" StartOffset="1770"/>
<Loc EndOffset="1808" SrcFileId="11" StartOffset="1789"/>
<Loc EndOffset="1864" SrcFileId="11" StartOffset="1816"/>
<Loc EndOffset="1932" SrcFileId="11" StartOffset="1873"/>
<Loc EndOffset="1953" SrcFileId="11" StartOffset="1940"/>
<Loc EndOffset="1974" SrcFileId="11" StartOffset="1961"/>
<Loc EndOffset="1991" SrcFileId="11" StartOffset="1978"/>
</LocList>
<BasicStmnt CovItemId="S24" CovItemPrefix="test.MCDC.java" Intrnl_Id="343">
<LocList>
<Loc EndOffset="1785" SrcFileId="11" StartOffset="1770"/>
</LocList>
</BasicStmnt>
<BasicStmnt CovItemId="S25" CovItemPrefix="test.MCDC.java" Intrnl_Id="344">
<LocList>
<Loc EndOffset="1808" SrcFileId="11" StartOffset="1789"/>
</LocList>
</BasicStmnt>
<BasicStmnt CovItemId="S26" CovItemPrefix="test.MCDC.java" Intrnl_Id="345">
<LocList>
<Loc EndOffset="1864" SrcFileId="11" StartOffset="1816"/>
</LocList>
</BasicStmnt>
<LoopStmnt CovItemId="S27" CovItemPrefix="test.MCDC.java" Intrnl_Id="346" MltplExecId="L2-2" MltplExecPrefix="test.MCDC.java" NvrExecId="L2-0" NvrExecPrefix="test.MCDC.java" OnceExecutedId="L2-1" OnceExecutedPrefix="test.MCDC.java" OptBodyExec="true">
<StmntSeq Intrnl_Id="347">
<LocList>
<Loc EndOffset="1930" SrcFileId="11" StartOffset="1900"/>
</LocList>
<BasicStmnt CovItemId="S28" CovItemPrefix="test.MCDC.java" Intrnl_Id="348">
<LocList>
<Loc EndOffset="1930" SrcFileId="11" StartOffset="1900"/>
</LocList>
</BasicStmnt>
</StmntSeq>
<Keyword EndOffset="1876" SrcFileId="11" StartOffset="1873"/>
<LocList>
<Loc EndOffset="1932" SrcFileId="11" StartOffset="1873"/>
</LocList>
<RootTerm CovItemId="C1" CovItemPrefix="test.MCDC.java" Intrnl_Id="349">
<BasicBoolTerm Intrnl_Id="350">
<LocList>
<Loc EndOffset="1891" SrcFileId="11" StartOffset="1886"/>
</LocList>
</BasicBoolTerm>
</RootTerm>
</LoopStmnt>
<BasicStmnt CovItemId="S29" CovItemPrefix="test.MCDC.java" Intrnl_Id="351">
<LocList>
<Loc EndOffset="1953" SrcFileId="11" StartOffset="1940"/>
</LocList>
</BasicStmnt>
<BasicStmnt CovItemId="S30" CovItemPrefix="test.MCDC.java" Intrnl_Id="352">
<LocList>
<Loc EndOffset="1974" SrcFileId="11" StartOffset="1961"/>
</LocList>
</BasicStmnt>
<BasicStmnt CovItemId="S31" CovItemPrefix="test.MCDC.java" Intrnl_Id="353">
<LocList>
<Loc EndOffset="1991" SrcFileId="11" StartOffset="1978"/>
</LocList>
</BasicStmnt>
</StmntSeq>
</HierarchyLvl>
</HierarchyLvl>
</HierarchyLvl>
</HierarchyLvl>
</MASTRoot>
<TestSession Comment="" Date="1598619558817" Name="28-ago-2020 14.59.18">
<TestCase Comment="" Date="1598619558533" Name="randoop.RandoopTest0:test100">
<CovList>
<CovPrefix CovItemPrefix="pickr.classes.Deck.java">
<Cov CovItemId="B1" Value="12"/>
<Cov CovItemId="B3" Value="12"/>
<Cov CovItemId="B4" Value="1"/>
<Cov CovItemId="S1" Value="7"/>
<Cov CovItemId="S10" Value="13"/>
<Cov CovItemId="S11" Value="12"/>
<Cov CovItemId="S12" Value="12"/>
<Cov CovItemId="S13" Value="36"/>
<Cov CovItemId="S14" Value="12"/>
<Cov CovItemId="S15" Value="1"/>
<Cov CovItemId="S2" Value="24"/>
<Cov CovItemId="S3" Value="6"/>
<Cov CovItemId="S4" Value="60"/>
<Cov CovItemId="S5" Value="240"/>
<Cov CovItemId="S6" Value="3"/>
<Cov CovItemId="S7" Value="12"/>
<Cov CovItemId="S8" Value="12"/>
</CovPrefix>
<CovPrefix CovItemPrefix="pickr.classes.GamingCard.java">
<Cov CovItemId="B1" Value="192"/>
<Cov CovItemId="B2" Value="48"/>
<Cov CovItemId="B4" Value="240"/>
<Cov CovItemId="S1" Value="240"/>
<Cov CovItemId="S10" Value="240"/>
<Cov CovItemId="S12" Value="240"/>
<Cov CovItemId="S13" Value="59"/>
<Cov CovItemId="S2" Value="240"/>
<Cov CovItemId="S3" Value="240"/>
<Cov CovItemId="S4" Value="28"/>
<Cov CovItemId="S6" Value="84"/>
<Cov CovItemId="S7" Value="240"/>
<Cov CovItemId="S8" Value="192"/>
<Cov CovItemId="S9" Value="48"/>
</CovPrefix>
<CovPrefix CovItemPrefix="pickr.classes.Player.java">
<Cov CovItemId="S1" Value="12"/>
<Cov CovItemId="S12" Value="15"/>
<Cov CovItemId="S13" Value="12"/>
<Cov CovItemId="S14" Value="12"/>
<Cov CovItemId="S2" Value="12"/>
<Cov CovItemId="S3" Value="12"/>
<Cov CovItemId="S4" Value="12"/>
<Cov CovItemId="S5" Value="24"/>
<Cov CovItemId="S6" Value="12"/>
<Cov CovItemId="S7" Value="12"/>
<Cov CovItemId="S9" Value="3"/>
</CovPrefix>
<CovPrefix CovItemPrefix="pickr.exceptions.OutOfBoundException.java">
<Cov CovItemId="S1" Value="1"/>
</CovPrefix>
<CovPrefix CovItemPrefix="pickr.games.Briscola.java">
<Cov CovItemId="B1" Value="1"/>
<Cov CovItemId="B2" Value="11"/>
<Cov CovItemId="B3" Value="2"/>
<Cov CovItemId="B4" Value="10"/>
<Cov CovItemId="B5" Value="1"/>
<Cov CovItemId="B6" Value="11"/>
<Cov CovItemId="S1" Value="3"/>
<Cov CovItemId="S10" Value="3"/>
<Cov CovItemId="S11" Value="12"/>
<Cov CovItemId="S12" Value="1"/>
<Cov CovItemId="S13" Value="1"/>
<Cov CovItemId="S14" Value="12"/>
<Cov CovItemId="S15" Value="2"/>
<Cov CovItemId="S16" Value="2"/>
<Cov CovItemId="S17" Value="12"/>
<Cov CovItemId="S18" Value="1"/>
<Cov CovItemId="S19" Value="1"/>
<Cov CovItemId="S2" Value="3"/>
<Cov CovItemId="S20" Value="3"/>
<Cov CovItemId="S21" Value="3"/>
<Cov CovItemId="S22" Value="3"/>
<Cov CovItemId="S23" Value="12"/>
<Cov CovItemId="S24" Value="3"/>
<Cov CovItemId="S25" Value="3"/>
<Cov CovItemId="S26" Value="3"/>
<Cov CovItemId="S27" Value="3"/>
<Cov CovItemId="S28" Value="12"/>
<Cov CovItemId="S3" Value="3"/>
<Cov CovItemId="S4" Value="12"/>
<Cov CovItemId="S5" Value="3"/>
<Cov CovItemId="S6" Value="3"/>
<Cov CovItemId="S7" Value="3"/>
<Cov CovItemId="S8" Value="3"/>
<Cov CovItemId="S9" Value="3"/>
</CovPrefix>
<CovPrefix CovItemPrefix="pickr.games.Game.java">
<Cov CovItemId="B1" Value="12"/>
<Cov CovItemId="B3" Value="3"/>
<Cov CovItemId="B4" Value="9"/>
<Cov CovItemId="S1" Value="3"/>
<Cov CovItemId="S10" Value="12"/>
<Cov CovItemId="S11" Value="12"/>
<Cov CovItemId="S12" Value="12"/>
<Cov CovItemId="S14" Value="3"/>
<Cov CovItemId="S15" Value="3"/>
<Cov CovItemId="S16" Value="12"/>
<Cov CovItemId="S17" Value="3"/>
<Cov CovItemId="S18" Value="12"/>
<Cov CovItemId="S19" Value="3"/>
<Cov CovItemId="S2" Value="3"/>
<Cov CovItemId="S20" Value="3"/>
<Cov CovItemId="S21" Value="12"/>
<Cov CovItemId="S22" Value="3"/>
<Cov CovItemId="S23" Value="12"/>
<Cov CovItemId="S24" Value="3"/>
<Cov CovItemId="S25" Value="3"/>
<Cov CovItemId="S26" Value="3"/>
<Cov CovItemId="S27" Value="3"/>
<Cov CovItemId="S28" Value="3"/>
<Cov CovItemId="S3" Value="3"/>
<Cov CovItemId="S4" Value="3"/>
<Cov CovItemId="S5" Value="3"/>
<Cov CovItemId="S6" Value="3"/>
<Cov CovItemId="S7" Value="9"/>
<Cov CovItemId="S8" Value="3"/>
<Cov CovItemId="S9" Value="9"/>
</CovPrefix>
</CovList>
<AssgnmntList>
<AssgnmntPrefix RootTermCovItemPrefix="pickr.classes.Deck.java">
<AssgnmntListEntry Length="1" RootTermCovItemId="C1">
<MapEntry BoolAssgnmnt="0" Value="6"/>
<MapEntry BoolAssgnmnt="1" Value="60"/>
</AssgnmntListEntry>
<AssgnmntListEntry Length="1" RootTermCovItemId="C2">
<MapEntry BoolAssgnmnt="0" Value="12"/>
</AssgnmntListEntry>
<AssgnmntListEntry Length="1" RootTermCovItemId="C3">
<MapEntry BoolAssgnmnt="0" Value="1"/>
<MapEntry BoolAssgnmnt="1" Value="12"/>
</AssgnmntListEntry>
<AssgnmntListEntry Length="1" RootTermCovItemId="C4">
<MapEntry BoolAssgnmnt="0" Value="12"/>
<MapEntry BoolAssgnmnt="1" Value="36"/>
</AssgnmntListEntry>
</AssgnmntPrefix>
<AssgnmntPrefix RootTermCovItemPrefix="pickr.classes.GamingCard.java">
<AssgnmntListEntry Length="2" RootTermCovItemId="C1">
<MapEntry BoolAssgnmnt="02" Value="24"/>
<MapEntry BoolAssgnmnt="10" Value="24"/>
<MapEntry BoolAssgnmnt="11" Value="192"/>
</AssgnmntListEntry>
<AssgnmntListEntry Length="2" RootTermCovItemId="C2">
<MapEntry BoolAssgnmnt="00" Value="240"/>
</AssgnmntListEntry>
</AssgnmntPrefix>
<AssgnmntPrefix RootTermCovItemPrefix="pickr.games.Briscola.java">
<AssgnmntListEntry Length="3" RootTermCovItemId="C1">
<MapEntry BoolAssgnmnt="022" Value="9"/>
<MapEntry BoolAssgnmnt="102" Value="2"/>
<MapEntry BoolAssgnmnt="111" Value="1"/>
</AssgnmntListEntry>
<AssgnmntListEntry Length="3" RootTermCovItemId="C2">
<MapEntry BoolAssgnmnt="022" Value="10"/>
<MapEntry BoolAssgnmnt="111" Value="2"/>
</AssgnmntListEntry>
<AssgnmntListEntry Length="3" RootTermCovItemId="C3">
<MapEntry BoolAssgnmnt="002" Value="7"/>
<MapEntry BoolAssgnmnt="010" Value="4"/>
<MapEntry BoolAssgnmnt="011" Value="1"/>
</AssgnmntListEntry>
</AssgnmntPrefix>
<AssgnmntPrefix RootTermCovItemPrefix="pickr.games.Game.java">
<AssgnmntListEntry Length="1" RootTermCovItemId="C1">
<MapEntry BoolAssgnmnt="1" Value="12"/>
</AssgnmntListEntry>
<AssgnmntListEntry Length="1" RootTermCovItemId="C2">
<MapEntry BoolAssgnmnt="0" Value="9"/>
<MapEntry BoolAssgnmnt="1" Value="3"/>
</AssgnmntListEntry>
</AssgnmntPrefix>
</AssgnmntList>
<ObjMetaDataList/>
<MetaDataList/>
</TestCase>
<TestCase Comment="" Date="1598619558542" Name="randoop.RandoopTest0:test101">
<CovList>
<CovPrefix CovItemPrefix="pickr.classes.Deck.java">
<Cov CovItemId="B1" Value="12"/>
<Cov CovItemId="B3" Value="12"/>
<Cov CovItemId="S1" Value="6"/>
<Cov CovItemId="S10" Value="12"/>
<Cov CovItemId="S11" Value="12"/>
<Cov CovItemId="S12" Value="12"/>
<Cov CovItemId="S13" Value="36"/>
<Cov CovItemId="S14" Value="12"/>
<Cov CovItemId="S2" Value="24"/>
<Cov CovItemId="S3" Value="6"/>
<Cov CovItemId="S4" Value="60"/>
<Cov CovItemId="S5" Value="240"/>
<Cov CovItemId="S6" Value="3"/>
<Cov CovItemId="S7" Value="12"/>
<Cov CovItemId="S8" Value="12"/>
</CovPrefix>
<CovPrefix CovItemPrefix="pickr.classes.GamingCard.java">
<Cov CovItemId="B1" Value="192"/>
<Cov CovItemId="B2" Value="48"/>
<Cov CovItemId="B4" Value="240"/>
<Cov CovItemId="S1" Value="240"/>
<Cov CovItemId="S10" Value="240"/>
<Cov CovItemId="S12" Value="240"/>
<Cov CovItemId="S13" Value="53"/>
<Cov CovItemId="S2" Value="240"/>
<Cov CovItemId="S3" Value="240"/>
<Cov CovItemId="S4" Value="23"/>
<Cov CovItemId="S6" Value="84"/>
<Cov CovItemId="S7" Value="240"/>
<Cov CovItemId="S8" Value="192"/>
<Cov CovItemId="S9" Value="48"/>
</CovPrefix>
<CovPrefix CovItemPrefix="pickr.classes.Player.java">
<Cov CovItemId="S1" Value="12"/>
<Cov CovItemId="S12" Value="15"/>
<Cov CovItemId="S13" Value="12"/>
<Cov CovItemId="S14" Value="12"/>
<Cov CovItemId="S2" Value="12"/>
<Cov CovItemId="S3" Value="12"/>
<Cov CovItemId="S4" Value="12"/>
<Cov CovItemId="S5" Value="24"/>
<Cov CovItemId="S6" Value="12"/>
<Cov CovItemId="S7" Value="12"/>
<Cov CovItemId="S9" Value="3"/>
</CovPrefix>
<CovPrefix CovItemPrefix="pickr.games.Briscola.java">
<Cov CovItemId="B2" Value="12"/>
<Cov CovItemId="B3" Value="1"/>
<Cov CovItemId="B4" Value="11"/>
<Cov CovItemId="B6" Value="12"/>
<Cov CovItemId="S1" Value="3"/>
<Cov CovItemId="S10" Value="3"/>
<Cov CovItemId="S11" Value="12"/>
<Cov CovItemId="S14" Value="12"/>
<Cov CovItemId="S15" Value="1"/>
<Cov CovItemId="S16" Value="1"/>
<Cov CovItemId="S17" Value="12"/>
<Cov CovItemId="S2" Value="3"/>
<Cov CovItemId="S20" Value="3"/>
<Cov CovItemId="S21" Value="3"/>
<Cov CovItemId="S22" Value="3"/>
<Cov CovItemId="S23" Value="12"/>
<Cov CovItemId="S24" Value="3"/>
<Cov CovItemId="S25" Value="3"/>
<Cov CovItemId="S26" Value="3"/>
<Cov CovItemId="S27" Value="3"/>
<Cov CovItemId="S28" Value="12"/>
<Cov CovItemId="S3" Value="3"/>
<Cov CovItemId="S4" Value="12"/>
<Cov CovItemId="S5" Value="3"/>
<Cov CovItemId="S6" Value="3"/>
<Cov CovItemId="S7" Value="3"/>
<Cov CovItemId="S8" Value="3"/>
<Cov CovItemId="S9" Value="3"/>
</CovPrefix>
<CovPrefix CovItemPrefix="pickr.games.Game.java">
<Cov CovItemId="B1" Value="12"/>
<Cov CovItemId="B3" Value="3"/>
<Cov CovItemId="B4" Value="9"/>
<Cov CovItemId="S1" Value="3"/>
<Cov CovItemId="S10" Value="12"/>
<Cov CovItemId="S11" Value="12"/>
<Cov CovItemId="S12" Value="12"/>
<Cov CovItemId="S14" Value="3"/>
<Cov CovItemId="S15" Value="3"/>
<Cov CovItemId="S16" Value="12"/>
<Cov CovItemId="S17" Value="3"/>
<Cov CovItemId="S18" Value="12"/>
<Cov CovItemId="S19" Value="3"/>
<Cov CovItemId="S2" Value="3"/>
<Cov CovItemId="S20" Value="3"/>
<Cov CovItemId="S21" Value="12"/>
<Cov CovItemId="S22" Value="3"/>
<Cov CovItemId="S23" Value="12"/>
<Cov CovItemId="S24" Value="3"/>
<Cov CovItemId="S25" Value="3"/>
<Cov CovItemId="S26" Value="3"/>
<Cov CovItemId="S27" Value="3"/>
<Cov CovItemId="S28" Value="3"/>
<Cov CovItemId="S3" Value="3"/>
<Cov CovItemId="S4" Value="3"/>
<Cov CovItemId="S5" Value="3"/>
<Cov CovItemId="S6" Value="3"/>
<Cov CovItemId="S7" Value="9"/>
<Cov CovItemId="S8" Value="3"/>
<Cov CovItemId="S9" Value="9"/>
</CovPrefix>
</CovList>
<AssgnmntList>
<AssgnmntPrefix RootTermCovItemPrefix="pickr.classes.Deck.java">
<AssgnmntListEntry Length="1" RootTermCovItemId="C1">
<MapEntry BoolAssgnmnt="0" Value="6"/>
<MapEntry BoolAssgnmnt="1" Value="60"/>
</AssgnmntListEntry>
<AssgnmntListEntry Length="1" RootTermCovItemId="C2">
<MapEntry BoolAssgnmnt="0" Value="12"/>
</AssgnmntListEntry>
<AssgnmntListEntry Length="1" RootTermCovItemId="C3">
<MapEntry BoolAssgnmnt="1" Value="12"/>
</AssgnmntListEntry>
<AssgnmntListEntry Length="1" RootTermCovItemId="C4">
<MapEntry BoolAssgnmnt="0" Value="12"/>
<MapEntry BoolAssgnmnt="1" Value="36"/>
</AssgnmntListEntry>
</AssgnmntPrefix>
<AssgnmntPrefix RootTermCovItemPrefix="pickr.classes.GamingCard.java">
<AssgnmntListEntry Length="2" RootTermCovItemId="C1">
<MapEntry BoolAssgnmnt="02" Value="24"/>
<MapEntry BoolAssgnmnt="10" Value="24"/>
<MapEntry BoolAssgnmnt="11" Value="192"/>
</AssgnmntListEntry>
<AssgnmntListEntry Length="2" RootTermCovItemId="C2">
<MapEntry BoolAssgnmnt="00" Value="240"/>
</AssgnmntListEntry>
</AssgnmntPrefix>
<AssgnmntPrefix RootTermCovItemPrefix="pickr.games.Briscola.java">
<AssgnmntListEntry Length="3" RootTermCovItemId="C1">
<MapEntry BoolAssgnmnt="022" Value="9"/>
<MapEntry BoolAssgnmnt="102" Value="2"/>
<MapEntry BoolAssgnmnt="110" Value="1"/>
</AssgnmntListEntry>
<AssgnmntListEntry Length="3" RootTermCovItemId="C2">
<MapEntry BoolAssgnmnt="022" Value="9"/>
<MapEntry BoolAssgnmnt="102" Value="1"/>
<MapEntry BoolAssgnmnt="110" Value="1"/>
<MapEntry BoolAssgnmnt="111" Value="1"/>
</AssgnmntListEntry>
<AssgnmntListEntry Length="3" RootTermCovItemId="C3">
<MapEntry BoolAssgnmnt="122" Value="2"/>
<MapEntry BoolAssgnmnt="002" Value="9"/>
<MapEntry BoolAssgnmnt="010" Value="1"/>
</AssgnmntListEntry>
</AssgnmntPrefix>
<AssgnmntPrefix RootTermCovItemPrefix="pickr.games.Game.java">
<AssgnmntListEntry Length="1" RootTermCovItemId="C1">
<MapEntry BoolAssgnmnt="1" Value="12"/>
</AssgnmntListEntry>
<AssgnmntListEntry Length="1" RootTermCovItemId="C2">
<MapEntry BoolAssgnmnt="0" Value="9"/>
<MapEntry BoolAssgnmnt="1" Value="3"/>
</AssgnmntListEntry>
</AssgnmntPrefix>
</AssgnmntList>
<ObjMetaDataList/>
<MetaDataList/>
</TestCase>
<TestCase Comment="" Date="1598619558543" Name="randoop.RandoopTest0:test102">
<CovList>
<CovPrefix CovItemPrefix="pickr.classes.Deck.java">
<Cov CovItemId="B1" Value="12"/>
<Cov CovItemId="B3" Value="12"/>
<Cov CovItemId="S1" Value="6"/>
<Cov CovItemId="S10" Value="12"/>
<Cov CovItemId="S11" Value="12"/>
<Cov CovItemId="S12" Value="12"/>
<Cov CovItemId="S13" Value="36"/>
<Cov CovItemId="S14" Value="12"/>
<Cov CovItemId="S2" Value="24"/>
<Cov CovItemId="S3" Value="6"/>
<Cov CovItemId="S4" Value="60"/>
<Cov CovItemId="S5" Value="240"/>
<Cov CovItemId="S6" Value="3"/>
<Cov CovItemId="S7" Value="12"/>
<Cov CovItemId="S8" Value="12"/>
</CovPrefix>
<CovPrefix CovItemPrefix="pickr.classes.GamingCard.java">
<Cov CovItemId="B1" Value="193"/>
<Cov CovItemId="B2" Value="48"/>
<Cov CovItemId="B3" Value="1"/>
<Cov CovItemId="B4" Value="240"/>
<Cov CovItemId="S1" Value="241"/>
<Cov CovItemId="S10" Value="241"/>
<Cov CovItemId="S11" Value="1"/>
<Cov CovItemId="S12" Value="240"/>
<Cov CovItemId="S13" Value="55"/>
<Cov CovItemId="S2" Value="241"/>
<Cov CovItemId="S3" Value="241"/>
<Cov CovItemId="S4" Value="21"/>
<Cov CovItemId="S6" Value="84"/>
<Cov CovItemId="S7" Value="241"/>
<Cov CovItemId="S8" Value="193"/>
<Cov CovItemId="S9" Value="48"/>
</CovPrefix>
<CovPrefix CovItemPrefix="pickr.classes.Player.java">
<Cov CovItemId="S1" Value="12"/>
<Cov CovItemId="S12" Value="15"/>
<Cov CovItemId="S13" Value="12"/>
<Cov CovItemId="S14" Value="12"/>
<Cov CovItemId="S2" Value="12"/>
<Cov CovItemId="S3" Value="12"/>
<Cov CovItemId="S4" Value="12"/>
<Cov CovItemId="S5" Value="24"/>
<Cov CovItemId="S6" Value="12"/>
<Cov CovItemId="S7" Value="12"/>
<Cov CovItemId="S9" Value="3"/>
</CovPrefix>
<CovPrefix CovItemPrefix="pickr.exceptions.WrongCardNumberException.java">
<Cov CovItemId="S1" Value="1"/>
</CovPrefix>
<CovPrefix CovItemPrefix="pickr.games.Briscola.java">
<Cov CovItemId="B2" Value="12"/>
<Cov CovItemId="B3" Value="2"/>
<Cov CovItemId="B4" Value="10"/>
<Cov CovItemId="B6" Value="12"/>
<Cov CovItemId="S1" Value="3"/>
<Cov CovItemId="S10" Value="3"/>
<Cov CovItemId="S11" Value="12"/>
<Cov CovItemId="S14" Value="12"/>
<Cov CovItemId="S15" Value="2"/>
<Cov CovItemId="S16" Value="2"/>
<Cov CovItemId="S17" Value="12"/>
<Cov CovItemId="S2" Value="3"/>
<Cov CovItemId="S20" Value="3"/>
<Cov CovItemId="S21" Value="3"/>
<Cov CovItemId="S22" Value="3"/>
<Cov CovItemId="S23" Value="12"/>
<Cov CovItemId="S24" Value="3"/>
<Cov CovItemId="S25" Value="3"/>
<Cov CovItemId="S26" Value="3"/>
<Cov CovItemId="S27" Value="3"/>
<Cov CovItemId="S28" Value="12"/>
<Cov CovItemId="S3" Value="3"/>
<Cov CovItemId="S4" Value="12"/>
<Cov CovItemId="S5" Value="3"/>
<Cov CovItemId="S6" Value="3"/>
<Cov CovItemId="S7" Value="3"/>
<Cov CovItemId="S8" Value="3"/>
<Cov CovItemId="S9" Value="3"/>
</CovPrefix>
<CovPrefix CovItemPrefix="pickr.games.Game.java">
<Cov CovItemId="B1" Value="12"/>
<Cov CovItemId="B3" Value="3"/>
<Cov CovItemId="B4" Value="9"/>
<Cov CovItemId="S1" Value="3"/>
<Cov CovItemId="S10" Value="12"/>
<Cov CovItemId="S11" Value="12"/>
<Cov CovItemId="S12" Value="12"/>
<Cov CovItemId="S14" Value="3"/>
<Cov CovItemId="S15" Value="3"/>
<Cov CovItemId="S16" Value="12"/>
<Cov CovItemId="S17" Value="3"/>
<Cov CovItemId="S18" Value="12"/>
<Cov CovItemId="S19" Value="3"/>
<Cov CovItemId="S2" Value="3"/>
<Cov CovItemId="S20" Value="3"/>
<Cov CovItemId="S21" Value="12"/>
<Cov CovItemId="S22" Value="3"/>
<Cov CovItemId="S23" Value="12"/>
<Cov CovItemId="S24" Value="3"/>
<Cov CovItemId="S25" Value="3"/>
<Cov CovItemId="S26" Value="3"/>
<Cov CovItemId="S27" Value="3"/>
<Cov CovItemId="S28" Value="3"/>
<Cov CovItemId="S3" Value="3"/>
<Cov CovItemId="S4" Value="3"/>
<Cov CovItemId="S5" Value="3"/>
<Cov CovItemId="S6" Value="3"/>
<Cov CovItemId="S7" Value="9"/>
<Cov CovItemId="S8" Value="3"/>
<Cov CovItemId="S9" Value="9"/>
</CovPrefix>
</CovList>
<AssgnmntList>
<AssgnmntPrefix RootTermCovItemPrefix="pickr.classes.Deck.java">
<AssgnmntListEntry Length="1" RootTermCovItemId="C1">
<MapEntry BoolAssgnmnt="0" Value="6"/>
<MapEntry BoolAssgnmnt="1" Value="60"/>
</AssgnmntListEntry>
<AssgnmntListEntry Length="1" RootTermCovItemId="C2">
<MapEntry BoolAssgnmnt="0" Value="12"/>
</AssgnmntListEntry>
<AssgnmntListEntry Length="1" RootTermCovItemId="C3">
<MapEntry BoolAssgnmnt="1" Value="12"/>
</AssgnmntListEntry>
<AssgnmntListEntry Length="1" RootTermCovItemId="C4">
<MapEntry BoolAssgnmnt="0" Value="12"/>
<MapEntry BoolAssgnmnt="1" Value="36"/>
</AssgnmntListEntry>
</AssgnmntPrefix>
<AssgnmntPrefix RootTermCovItemPrefix="pickr.classes.GamingCard.java">
<AssgnmntListEntry Length="2" RootTermCovItemId="C1">
<MapEntry BoolAssgnmnt="02" Value="24"/>
<MapEntry BoolAssgnmnt="10" Value="24"/>
<MapEntry BoolAssgnmnt="11" Value="193"/>
</AssgnmntListEntry>
<AssgnmntListEntry Length="2" RootTermCovItemId="C2">
<MapEntry BoolAssgnmnt="00" Value="240"/>
<MapEntry BoolAssgnmnt="01" Value="1"/>
</AssgnmntListEntry>
</AssgnmntPrefix>
<AssgnmntPrefix RootTermCovItemPrefix="pickr.games.Briscola.java">
<AssgnmntListEntry Length="3" RootTermCovItemId="C1">
<MapEntry BoolAssgnmnt="022" Value="10"/>
<MapEntry BoolAssgnmnt="102" Value="2"/>
</AssgnmntListEntry>
<AssgnmntListEntry Length="3" RootTermCovItemId="C2">
<MapEntry BoolAssgnmnt="022" Value="10"/>
<MapEntry BoolAssgnmnt="111" Value="2"/>
</AssgnmntListEntry>
<AssgnmntListEntry Length="3" RootTermCovItemId="C3">
<MapEntry BoolAssgnmnt="002" Value="12"/>
</AssgnmntListEntry>
</AssgnmntPrefix>
<AssgnmntPrefix RootTermCovItemPrefix="pickr.games.Game.java">
<AssgnmntListEntry Length="1" RootTermCovItemId="C1">
<MapEntry BoolAssgnmnt="1" Value="12"/>
</AssgnmntListEntry>
<AssgnmntListEntry Length="1" RootTermCovItemId="C2">
<MapEntry BoolAssgnmnt="0" Value="9"/>
<MapEntry BoolAssgnmnt="1" Value="3"/>
</AssgnmntListEntry>
</AssgnmntPrefix>
</AssgnmntList>
<ObjMetaDataList/>
<MetaDataList/>
</TestCase>
<TestCase Comment="" Date="1598619558545" Name="randoop.RandoopTest0:test103">
<CovList>
<CovPrefix CovItemPrefix="pickr.classes.Deck.java">
<Cov CovItemId="B1" Value="12"/>
<Cov CovItemId="B3" Value="12"/>
<Cov CovItemId="S1" Value="5"/>
<Cov CovItemId="S10" Value="12"/>
<Cov CovItemId="S11" Value="12"/>
<Cov CovItemId="S12" Value="12"/>
<Cov CovItemId="S13" Value="36"/>
<Cov CovItemId="S14" Value="12"/>
<Cov CovItemId="S2" Value="21"/>
<Cov CovItemId="S3" Value="5"/>
<Cov CovItemId="S4" Value="50"/>
<Cov CovItemId="S5" Value="200"/>
<Cov CovItemId="S6" Value="3"/>
<Cov CovItemId="S7" Value="12"/>
<Cov CovItemId="S8" Value="12"/>
</CovPrefix>
<CovPrefix CovItemPrefix="pickr.classes.GamingCard.java">
<Cov CovItemId="B1" Value="160"/>
<Cov CovItemId="B2" Value="40"/>
<Cov CovItemId="B4" Value="200"/>
<Cov CovItemId="S1" Value="200"/>
<Cov CovItemId="S10" Value="200"/>
<Cov CovItemId="S12" Value="200"/>
<Cov CovItemId="S13" Value="55"/>
<Cov CovItemId="S2" Value="200"/>
<Cov CovItemId="S3" Value="200"/>
<Cov CovItemId="S4" Value="23"/>
<Cov CovItemId="S6" Value="84"/>
<Cov CovItemId="S7" Value="200"/>
<Cov CovItemId="S8" Value="160"/>
<Cov CovItemId="S9" Value="40"/>
</CovPrefix>
<CovPrefix CovItemPrefix="pickr.classes.Player.java">
<Cov CovItemId="S1" Value="12"/>
<Cov CovItemId="S12" Value="15"/>
<Cov CovItemId="S13" Value="12"/>
<Cov CovItemId="S14" Value="12"/>
<Cov CovItemId="S2" Value="12"/>
<Cov CovItemId="S3" Value="12"/>
<Cov CovItemId="S4" Value="12"/>
<Cov CovItemId="S5" Value="24"/>
<Cov CovItemId="S6" Value="12"/>
<Cov CovItemId="S7" Value="12"/>
<Cov CovItemId="S9" Value="3"/>
</CovPrefix>
<CovPrefix CovItemPrefix="pickr.games.Briscola.java">
<Cov CovItemId="B2" Value="12"/>
<Cov CovItemId="B3" Value="2"/>
<Cov CovItemId="B4" Value="10"/>
<Cov CovItemId="B6" Value="12"/>
<Cov CovItemId="S1" Value="3"/>
<Cov CovItemId="S10" Value="3"/>
<Cov CovItemId="S11" Value="12"/>
<Cov CovItemId="S14" Value="12"/>
<Cov CovItemId="S15" Value="2"/>
<Cov CovItemId="S16" Value="2"/>
<Cov CovItemId="S17" Value="12"/>
<Cov CovItemId="S2" Value="3"/>
<Cov CovItemId="S20" Value="3"/>
<Cov CovItemId="S21" Value="3"/>
<Cov CovItemId="S22" Value="3"/>
<Cov CovItemId="S23" Value="12"/>
<Cov CovItemId="S24" Value="3"/>
<Cov CovItemId="S25" Value="3"/>
<Cov CovItemId="S26" Value="3"/>
<Cov CovItemId="S27" Value="3"/>
<Cov CovItemId="S28" Value="12"/>
<Cov CovItemId="S3" Value="3"/>
<Cov CovItemId="S4" Value="12"/>
<Cov CovItemId="S5" Value="3"/>
<Cov CovItemId="S6" Value="3"/>
<Cov CovItemId="S7" Value="3"/>
<Cov CovItemId="S8" Value="3"/>
<Cov CovItemId="S9" Value="3"/>
</CovPrefix>
<CovPrefix CovItemPrefix="pickr.games.Game.java">
<Cov CovItemId="B1" Value="12"/>
<Cov CovItemId="B3" Value="3"/>
<Cov CovItemId="B4" Value="9"/>
<Cov CovItemId="S1" Value="3"/>
<Cov CovItemId="S10" Value="12"/>
<Cov CovItemId="S11" Value="12"/>
<Cov CovItemId="S12" Value="12"/>
<Cov CovItemId="S14" Value="3"/>
<Cov CovItemId="S15" Value="3"/>
<Cov CovItemId="S16" Value="12"/>
<Cov CovItemId="S17" Value="3"/>
<Cov CovItemId="S18" Value="12"/>
<Cov CovItemId="S19" Value="3"/>
<Cov CovItemId="S2" Value="3"/>
<Cov CovItemId="S20" Value="3"/>
<Cov CovItemId="S21" Value="12"/>
<Cov CovItemId="S22" Value="3"/>
<Cov CovItemId="S23" Value="12"/>
<Cov CovItemId="S24" Value="3"/>
<Cov CovItemId="S25" Value="3"/>
<Cov CovItemId="S26" Value="3"/>
<Cov CovItemId="S27" Value="3"/>
<Cov CovItemId="S28" Value="3"/>
<Cov CovItemId="S3" Value="3"/>
<Cov CovItemId="S4" Value="3"/>
<Cov CovItemId="S5" Value="3"/>
<Cov CovItemId="S6" Value="3"/>
<Cov CovItemId="S7" Value="9"/>
<Cov CovItemId="S8" Value="3"/>
<Cov CovItemId="S9" Value="9"/>
</CovPrefix>
</CovList>
<AssgnmntList>
<AssgnmntPrefix RootTermCovItemPrefix="pickr.classes.Deck.java">
<AssgnmntListEntry Length="1" RootTermCovItemId="C1">
<MapEntry BoolAssgnmnt="0" Value="5"/>
<MapEntry BoolAssgnmnt="1" Value="50"/>
</AssgnmntListEntry>
<AssgnmntListEntry Length="1" RootTermCovItemId="C2">
<MapEntry BoolAssgnmnt="0" Value="12"/>
</AssgnmntListEntry>
<AssgnmntListEntry Length="1" RootTermCovItemId="C3">
<MapEntry BoolAssgnmnt="1" Value="12"/>
</AssgnmntListEntry>
<AssgnmntListEntry Length="1" RootTermCovItemId="C4">
<MapEntry BoolAssgnmnt="0" Value="12"/>
<MapEntry BoolAssgnmnt="1" Value="36"/>
</AssgnmntListEntry>
</AssgnmntPrefix>
<AssgnmntPrefix RootTermCovItemPrefix="pickr.classes.GamingCard.java">
<AssgnmntListEntry Length="2" RootTermCovItemId="C1">
<MapEntry BoolAssgnmnt="02" Value="20"/>
<MapEntry BoolAssgnmnt="10" Value="20"/>
<MapEntry BoolAssgnmnt="11" Value="160"/>
</AssgnmntListEntry>
<AssgnmntListEntry Length="2" RootTermCovItemId="C2">
<MapEntry BoolAssgnmnt="00" Value="200"/>
</AssgnmntListEntry>
</AssgnmntPrefix>
<AssgnmntPrefix RootTermCovItemPrefix="pickr.games.Briscola.java">
<AssgnmntListEntry Length="3" RootTermCovItemId="C1">
<MapEntry BoolAssgnmnt="022" Value="9"/>
<MapEntry BoolAssgnmnt="102" Value="3"/>
</AssgnmntListEntry>
<AssgnmntListEntry Length="3" RootTermCovItemId="C2">
<MapEntry BoolAssgnmnt="022" Value="9"/>
<MapEntry BoolAssgnmnt="110" Value="1"/>
<MapEntry BoolAssgnmnt="111" Value="2"/>
</AssgnmntListEntry>
<AssgnmntListEntry Length="3" RootTermCovItemId="C3">
<MapEntry BoolAssgnmnt="122" Value="1"/>
<MapEntry BoolAssgnmnt="002" Value="11"/>
</AssgnmntListEntry>
</AssgnmntPrefix>
<AssgnmntPrefix RootTermCovItemPrefix="pickr.games.Game.java">
<AssgnmntListEntry Length="1" RootTermCovItemId="C1">
<MapEntry BoolAssgnmnt="1" Value="12"/>
</AssgnmntListEntry>
<AssgnmntListEntry Length="1" RootTermCovItemId="C2">
<MapEntry BoolAssgnmnt="0" Value="9"/>
<MapEntry BoolAssgnmnt="1" Value="3"/>
</AssgnmntListEntry>
</AssgnmntPrefix>
</AssgnmntList>
<ObjMetaDataList/>
<MetaDataList/>
</TestCase>
<TestCase Comment="" Date="1598619558547" Name="randoop.RandoopTest0:test104">
<CovList>
<CovPrefix CovItemPrefix="pickr.classes.Deck.java">
<Cov CovItemId="B1" Value="8"/>
<Cov CovItemId="B3" Value="8"/>
<Cov CovItemId="B4" Value="1"/>
<Cov CovItemId="S1" Value="6"/>
<Cov CovItemId="S10" Value="9"/>
<Cov CovItemId="S11" Value="8"/>
<Cov CovItemId="S12" Value="8"/>
<Cov CovItemId="S13" Value="24"/>
<Cov CovItemId="S14" Value="8"/>
<Cov CovItemId="S15" Value="1"/>
<Cov CovItemId="S2" Value="19"/>
<Cov CovItemId="S3" Value="5"/>
<Cov CovItemId="S4" Value="50"/>
<Cov CovItemId="S5" Value="200"/>
<Cov CovItemId="S6" Value="2"/>
<Cov CovItemId="S7" Value="8"/>
<Cov CovItemId="S8" Value="8"/>
</CovPrefix>
<CovPrefix CovItemPrefix="pickr.classes.GamingCard.java">
<Cov CovItemId="B1" Value="160"/>
<Cov CovItemId="B2" Value="40"/>
<Cov CovItemId="B4" Value="200"/>
<Cov CovItemId="S1" Value="200"/>
<Cov CovItemId="S10" Value="200"/>
<Cov CovItemId="S12" Value="200"/>
<Cov CovItemId="S13" Value="40"/>
<Cov CovItemId="S2" Value="200"/>
<Cov CovItemId="S3" Value="200"/>
<Cov CovItemId="S4" Value="20"/>
<Cov CovItemId="S6" Value="56"/>
<Cov CovItemId="S7" Value="200"/>
<Cov CovItemId="S8" Value="160"/>
<Cov CovItemId="S9" Value="40"/>
</CovPrefix>
<CovPrefix CovItemPrefix="pickr.classes.Player.java">
<Cov CovItemId="S1" Value="8"/>
<Cov CovItemId="S12" Value="10"/>
<Cov CovItemId="S13" Value="8"/>
<Cov CovItemId="S14" Value="8"/>
<Cov CovItemId="S2" Value="8"/>
<Cov CovItemId="S3" Value="8"/>
<Cov CovItemId="S4" Value="8"/>
<Cov CovItemId="S5" Value="16"/>
<Cov CovItemId="S6" Value="8"/>
<Cov CovItemId="S7" Value="8"/>
<Cov CovItemId="S9" Value="2"/>
</CovPrefix>
<CovPrefix CovItemPrefix="pickr.games.Briscola.java">
<Cov CovItemId="B1" Value="1"/>
<Cov CovItemId="B2" Value="7"/>
<Cov CovItemId="B3" Value="1"/>
<Cov CovItemId="B4" Value="7"/>
<Cov CovItemId="B5" Value="1"/>
<Cov CovItemId="B6" Value="7"/>
<Cov CovItemId="S1" Value="2"/>
<Cov CovItemId="S10" Value="2"/>
<Cov CovItemId="S11" Value="8"/>
<Cov CovItemId="S12" Value="1"/>
<Cov CovItemId="S13" Value="1"/>
<Cov CovItemId="S14" Value="8"/>
<Cov CovItemId="S15" Value="1"/>
<Cov CovItemId="S16" Value="1"/>
<Cov CovItemId="S17" Value="8"/>
<Cov CovItemId="S18" Value="1"/>
<Cov CovItemId="S19" Value="1"/>
<Cov CovItemId="S2" Value="2"/>
<Cov CovItemId="S20" Value="2"/>
<Cov CovItemId="S21" Value="2"/>
<Cov CovItemId="S22" Value="2"/>
<Cov CovItemId="S23" Value="8"/>
<Cov CovItemId="S24" Value="2"/>
<Cov CovItemId="S25" Value="2"/>
<Cov CovItemId="S26" Value="2"/>
<Cov CovItemId="S27" Value="2"/>
<Cov CovItemId="S28" Value="8"/>
<Cov CovItemId="S3" Value="2"/>
<Cov CovItemId="S4" Value="8"/>
<Cov CovItemId="S5" Value="2"/>
<Cov CovItemId="S6" Value="2"/>
<Cov CovItemId="S7" Value="2"/>
<Cov CovItemId="S8" Value="2"/>
<Cov CovItemId="S9" Value="2"/>
</CovPrefix>
<CovPrefix CovItemPrefix="pickr.games.Game.java">
<Cov CovItemId="B1" Value="8"/>
<Cov CovItemId="B3" Value="2"/>
<Cov CovItemId="B4" Value="6"/>
<Cov CovItemId="S1" Value="2"/>
<Cov CovItemId="S10" Value="8"/>
<Cov CovItemId="S11" Value="8"/>
<Cov CovItemId="S12" Value="8"/>
<Cov CovItemId="S14" Value="2"/>
<Cov CovItemId="S15" Value="2"/>
<Cov CovItemId="S16" Value="8"/>
<Cov CovItemId="S17" Value="2"/>
<Cov CovItemId="S18" Value="8"/>
<Cov CovItemId="S19" Value="2"/>
<Cov CovItemId="S2" Value="2"/>
<Cov CovItemId="S20" Value="2"/>
<Cov CovItemId="S21" Value="8"/>
<Cov CovItemId="S22" Value="2"/>
<Cov CovItemId="S23" Value="8"/>
<Cov CovItemId="S24" Value="2"/>
<Cov CovItemId="S25" Value="2"/>
<Cov CovItemId="S26" Value="2"/>
<Cov CovItemId="S27" Value="2"/>
<Cov CovItemId="S28" Value="2"/>
<Cov CovItemId="S3" Value="2"/>
<Cov CovItemId="S4" Value="2"/>
<Cov CovItemId="S5" Value="2"/>
<Cov CovItemId="S6" Value="2"/>
<Cov CovItemId="S7" Value="6"/>
<Cov CovItemId="S8" Value="2"/>
<Cov CovItemId="S9" Value="6"/>
</CovPrefix>
</CovList>
<AssgnmntList>
<AssgnmntPrefix RootTermCovItemPrefix="pickr.classes.Deck.java">
<AssgnmntListEntry Length="1" RootTermCovItemId="C1">
<MapEntry BoolAssgnmnt="0" Value="5"/>
<MapEntry BoolAssgnmnt="1" Value="50"/>
</AssgnmntListEntry>
<AssgnmntListEntry Length="1" RootTermCovItemId="C2">
<MapEntry BoolAssgnmnt="0" Value="8"/>
</AssgnmntListEntry>
<AssgnmntListEntry Length="1" RootTermCovItemId="C3">
<MapEntry BoolAssgnmnt="0" Value="1"/>
<MapEntry BoolAssgnmnt="1" Value="8"/>
</AssgnmntListEntry>
<AssgnmntListEntry Length="1" RootTermCovItemId="C4">
<MapEntry BoolAssgnmnt="0" Value="8"/>
<MapEntry BoolAssgnmnt="1" Value="24"/>
</AssgnmntListEntry>
</AssgnmntPrefix>
<AssgnmntPrefix RootTermCovItemPrefix="pickr.classes.GamingCard.java">
<AssgnmntListEntry Length="2" RootTermCovItemId="C1">
<MapEntry BoolAssgnmnt="02" Value="20"/>
<MapEntry BoolAssgnmnt="10" Value="20"/>
<MapEntry BoolAssgnmnt="11" Value="160"/>
</AssgnmntListEntry>
<AssgnmntListEntry Length="2" RootTermCovItemId="C2">
<MapEntry BoolAssgnmnt="00" Value="200"/>
</AssgnmntListEntry>
</AssgnmntPrefix>
<AssgnmntPrefix RootTermCovItemPrefix="pickr.games.Briscola.java">
<AssgnmntListEntry Length="3" RootTermCovItemId="C1">
<MapEntry BoolAssgnmnt="022" Value="5"/>
<MapEntry BoolAssgnmnt="102" Value="1"/>
<MapEntry BoolAssgnmnt="110" Value="1"/>
<MapEntry BoolAssgnmnt="111" Value="1"/>
</AssgnmntListEntry>
<AssgnmntListEntry Length="3" RootTermCovItemId="C2">
<MapEntry BoolAssgnmnt="022" Value="6"/>
<MapEntry BoolAssgnmnt="102" Value="1"/>
<MapEntry BoolAssgnmnt="111" Value="1"/>
</AssgnmntListEntry>
<AssgnmntListEntry Length="3" RootTermCovItemId="C3">
<MapEntry BoolAssgnmnt="122" Value="1"/>
<MapEntry BoolAssgnmnt="002" Value="4"/>
<MapEntry BoolAssgnmnt="010" Value="2"/>
<MapEntry BoolAssgnmnt="011" Value="1"/>
</AssgnmntListEntry>
</AssgnmntPrefix>
<AssgnmntPrefix RootTermCovItemPrefix="pickr.games.Game.java">
<AssgnmntListEntry Length="1" RootTermCovItemId="C1">
<MapEntry BoolAssgnmnt="1" Value="8"/>
</AssgnmntListEntry>
<AssgnmntListEntry Length="1" RootTermCovItemId="C2">
<MapEntry BoolAssgnmnt="0" Value="6"/>
<MapEntry BoolAssgnmnt="1" Value="2"/>
</AssgnmntListEntry>
</AssgnmntPrefix>
</AssgnmntList>
<ObjMetaDataList/>
<MetaDataList/>
</TestCase>
<TestCase Comment="" Date="1598619558548" Name="randoop.RandoopTest0:test105">
<CovList>
<CovPrefix CovItemPrefix="pickr.classes.Deck.java">
<Cov CovItemId="B1" Value="52"/>
<Cov CovItemId="B2" Value="1"/>
<Cov CovItemId="B3" Value="28"/>
<Cov CovItemId="S1" Value="11"/>
<Cov CovItemId="S10" Value="28"/>
<Cov CovItemId="S11" Value="28"/>
<Cov CovItemId="S12" Value="28"/>
<Cov CovItemId="S13" Value="84"/>
<Cov CovItemId="S14" Value="28"/>
<Cov CovItemId="S2" Value="45"/>
<Cov CovItemId="S3" Value="11"/>
<Cov CovItemId="S4" Value="110"/>
<Cov CovItemId="S5" Value="440"/>
<Cov CovItemId="S6" Value="7"/>
<Cov CovItemId="S7" Value="53"/>
<Cov CovItemId="S8" Value="52"/>
<Cov CovItemId="S9" Value="1"/>
</CovPrefix>
<CovPrefix CovItemPrefix="pickr.classes.GamingCard.java">
<Cov CovItemId="B1" Value="352"/>
<Cov CovItemId="B2" Value="88"/>
<Cov CovItemId="B4" Value="440"/>
<Cov CovItemId="S1" Value="440"/>
<Cov CovItemId="S10" Value="440"/>
<Cov CovItemId="S12" Value="440"/>
<Cov CovItemId="S13" Value="172"/>
<Cov CovItemId="S2" Value="440"/>
<Cov CovItemId="S3" Value="440"/>
<Cov CovItemId="S4" Value="118"/>
<Cov CovItemId="S6" Value="392"/>
<Cov CovItemId="S7" Value="440"/>
<Cov CovItemId="S8" Value="352"/>
<Cov CovItemId="S9" Value="88"/>
</CovPrefix>
<CovPrefix CovItemPrefix="pickr.classes.Player.java">
<Cov CovItemId="S1" Value="28"/>
<Cov CovItemId="S12" Value="38"/>
<Cov CovItemId="S13" Value="56"/>
<Cov CovItemId="S14" Value="52"/>
<Cov CovItemId="S2" Value="28"/>
<Cov CovItemId="S3" Value="28"/>
<Cov CovItemId="S4" Value="28"/>
<Cov CovItemId="S5" Value="80"/>
<Cov CovItemId="S6" Value="28"/>
<Cov CovItemId="S7" Value="56"/>
<Cov CovItemId="S9" Value="14"/>
</CovPrefix>
<CovPrefix CovItemPrefix="pickr.games.Briscola.java">
<Cov CovItemId="B1" Value="1"/>
<Cov CovItemId="B2" Value="55"/>
<Cov CovItemId="B3" Value="10"/>
<Cov CovItemId="B4" Value="46"/>
<Cov CovItemId="B5" Value="4"/>
<Cov CovItemId="B6" Value="52"/>
<Cov CovItemId="S1" Value="7"/>
<Cov CovItemId="S10" Value="14"/>
<Cov CovItemId="S11" Value="56"/>
<Cov CovItemId="S12" Value="1"/>
<Cov CovItemId="S13" Value="1"/>
<Cov CovItemId="S14" Value="56"/>
<Cov CovItemId="S15" Value="10"/>
<Cov CovItemId="S16" Value="10"/>
<Cov CovItemId="S17" Value="56"/>
<Cov CovItemId="S18" Value="4"/>
<Cov CovItemId="S19" Value="4"/>
<Cov CovItemId="S2" Value="7"/>
<Cov CovItemId="S20" Value="14"/>
<Cov CovItemId="S21" Value="14"/>
<Cov CovItemId="S22" Value="14"/>
<Cov CovItemId="S23" Value="56"/>
<Cov CovItemId="S24" Value="14"/>
<Cov CovItemId="S25" Value="14"/>
<Cov CovItemId="S26" Value="14"/>
<Cov CovItemId="S27" Value="14"/>
<Cov CovItemId="S28" Value="53"/>
<Cov CovItemId="S3" Value="7"/>
<Cov CovItemId="S4" Value="28"/>
<Cov CovItemId="S5" Value="7"/>
<Cov CovItemId="S6" Value="7"/>
<Cov CovItemId="S7" Value="7"/>
<Cov CovItemId="S8" Value="7"/>
<Cov CovItemId="S9" Value="14"/>
</CovPrefix>
<CovPrefix CovItemPrefix="pickr.games.Game.java">
<Cov CovItemId="B1" Value="28"/>
<Cov CovItemId="B3" Value="14"/>
<Cov CovItemId="B4" Value="42"/>
<Cov CovItemId="S1" Value="7"/>
<Cov CovItemId="S10" Value="33"/>
<Cov CovItemId="S11" Value="28"/>
<Cov CovItemId="S12" Value="28"/>
<Cov CovItemId="S14" Value="14"/>
<Cov CovItemId="S15" Value="14"/>
<Cov CovItemId="S16" Value="56"/>
<Cov CovItemId="S17" Value="14"/>
<Cov CovItemId="S18" Value="56"/>
<Cov CovItemId="S19" Value="14"/>
<Cov CovItemId="S2" Value="7"/>
<Cov CovItemId="S20" Value="14"/>
<Cov CovItemId="S21" Value="56"/>
<Cov CovItemId="S22" Value="14"/>
<Cov CovItemId="S23" Value="56"/>
<Cov CovItemId="S24" Value="14"/>
<Cov CovItemId="S25" Value="14"/>
<Cov CovItemId="S26" Value="14"/>
<Cov CovItemId="S27" Value="14"/>
<Cov CovItemId="S28" Value="14"/>
<Cov CovItemId="S3" Value="7"/>
<Cov CovItemId="S4" Value="7"/>
<Cov CovItemId="S5" Value="7"/>
<Cov CovItemId="S6" Value="7"/>
<Cov CovItemId="S7" Value="19"/>
<Cov CovItemId="S8" Value="6"/>
<Cov CovItemId="S9" Value="42"/>
</CovPrefix>
</CovList>
<AssgnmntList>
<AssgnmntPrefix RootTermCovItemPrefix="pickr.classes.Deck.java">
<AssgnmntListEntry Length="1" RootTermCovItemId="C1">
<MapEntry BoolAssgnmnt="0" Value="11"/>
<MapEntry BoolAssgnmnt="1" Value="110"/>
</AssgnmntListEntry>
<AssgnmntListEntry Length="1" RootTermCovItemId="C2">
<MapEntry BoolAssgnmnt="0" Value="52"/>
<MapEntry BoolAssgnmnt="1" Value="1"/>
</AssgnmntListEntry>
<AssgnmntListEntry Length="1" RootTermCovItemId="C3">
<MapEntry BoolAssgnmnt="1" Value="28"/>
</AssgnmntListEntry>
<AssgnmntListEntry Length="1" RootTermCovItemId="C4">
<MapEntry BoolAssgnmnt="0" Value="28"/>
<MapEntry BoolAssgnmnt="1" Value="84"/>
</AssgnmntListEntry>
</AssgnmntPrefix>
<AssgnmntPrefix RootTermCovItemPrefix="pickr.classes.GamingCard.java">
<AssgnmntListEntry Length="2" RootTermCovItemId="C1">
<MapEntry BoolAssgnmnt="02" Value="44"/>
<MapEntry BoolAssgnmnt="10" Value="44"/>
<MapEntry BoolAssgnmnt="11" Value="352"/>
</AssgnmntListEntry>
<AssgnmntListEntry Length="2" RootTermCovItemId="C2">
<MapEntry BoolAssgnmnt="00" Value="440"/>
</AssgnmntListEntry>
</AssgnmntPrefix>
<AssgnmntPrefix RootTermCovItemPrefix="pickr.games.Briscola.java">
<AssgnmntListEntry Length="3" RootTermCovItemId="C1">
<MapEntry BoolAssgnmnt="022" Value="38"/>
<MapEntry BoolAssgnmnt="102" Value="15"/>
<MapEntry BoolAssgnmnt="110" Value="2"/>
<MapEntry BoolAssgnmnt="111" Value="1"/>
</AssgnmntListEntry>
<AssgnmntListEntry Length="3" RootTermCovItemId="C2">
<MapEntry BoolAssgnmnt="022" Value="39"/>
<MapEntry BoolAssgnmnt="102" Value="2"/>
<MapEntry BoolAssgnmnt="110" Value="5"/>
<MapEntry BoolAssgnmnt="111" Value="10"/>
</AssgnmntListEntry>
<AssgnmntListEntry Length="3" RootTermCovItemId="C3">
<MapEntry BoolAssgnmnt="122" Value="7"/>
<MapEntry BoolAssgnmnt="002" Value="40"/>
<MapEntry BoolAssgnmnt="010" Value="5"/>
<MapEntry BoolAssgnmnt="011" Value="4"/>
</AssgnmntListEntry>
</AssgnmntPrefix>
<AssgnmntPrefix RootTermCovItemPrefix="pickr.games.Game.java">
<AssgnmntListEntry Length="1" RootTermCovItemId="C1">
<MapEntry BoolAssgnmnt="1" Value="28"/>
</AssgnmntListEntry>
<AssgnmntListEntry Length="1" RootTermCovItemId="C2">
<MapEntry BoolAssgnmnt="0" Value="42"/>
<MapEntry BoolAssgnmnt="1" Value="14"/>
</AssgnmntListEntry>
</AssgnmntPrefix>
</AssgnmntList>
<ObjMetaDataList/>
<MetaDataList/>
</TestCase>
<TestCase Comment="" Date="1598619558551" Name="randoop.RandoopTest0:test106">
<CovList>
<CovPrefix CovItemPrefix="pickr.classes.Deck.java">
<Cov CovItemId="B1" Value="40"/>
<Cov CovItemId="B2" Value="1"/>
<Cov CovItemId="B3" Value="16"/>
<Cov CovItemId="S1" Value="6"/>
<Cov CovItemId="S10" Value="16"/>
<Cov CovItemId="S11" Value="16"/>
<Cov CovItemId="S12" Value="16"/>
<Cov CovItemId="S13" Value="48"/>
<Cov CovItemId="S14" Value="16"/>
<Cov CovItemId="S2" Value="24"/>
<Cov CovItemId="S3" Value="6"/>
<Cov CovItemId="S4" Value="60"/>
<Cov CovItemId="S5" Value="240"/>
<Cov CovItemId="S6" Value="4"/>
<Cov CovItemId="S7" Value="41"/>
<Cov CovItemId="S8" Value="40"/>
<Cov CovItemId="S9" Value="1"/>
</CovPrefix>
<CovPrefix CovItemPrefix="pickr.classes.GamingCard.java">
<Cov CovItemId="B1" Value="192"/>
<Cov CovItemId="B2" Value="48"/>
<Cov CovItemId="B4" Value="240"/>
<Cov CovItemId="S1" Value="240"/>
<Cov CovItemId="S10" Value="240"/>
<Cov CovItemId="S12" Value="240"/>
<Cov CovItemId="S13" Value="109"/>
<Cov CovItemId="S2" Value="240"/>
<Cov CovItemId="S3" Value="240"/>
<Cov CovItemId="S4" Value="84"/>
<Cov CovItemId="S6" Value="308"/>
<Cov CovItemId="S7" Value="240"/>
<Cov CovItemId="S8" Value="192"/>
<Cov CovItemId="S9" Value="48"/>
</CovPrefix>
<CovPrefix CovItemPrefix="pickr.classes.Player.java">
<Cov CovItemId="S1" Value="16"/>
<Cov CovItemId="S12" Value="23"/>
<Cov CovItemId="S13" Value="44"/>
<Cov CovItemId="S14" Value="40"/>
<Cov CovItemId="S2" Value="16"/>
<Cov CovItemId="S3" Value="16"/>
<Cov CovItemId="S4" Value="16"/>
<Cov CovItemId="S5" Value="56"/>
<Cov CovItemId="S6" Value="16"/>
<Cov CovItemId="S7" Value="44"/>
<Cov CovItemId="S9" Value="11"/>
</CovPrefix>
<CovPrefix CovItemPrefix="pickr.games.Briscola.java">
<Cov CovItemId="B2" Value="44"/>
<Cov CovItemId="B3" Value="7"/>
<Cov CovItemId="B4" Value="37"/>
<Cov CovItemId="B5" Value="2"/>
<Cov CovItemId="B6" Value="42"/>
<Cov CovItemId="S1" Value="4"/>
<Cov CovItemId="S10" Value="11"/>
<Cov CovItemId="S11" Value="44"/>
<Cov CovItemId="S14" Value="44"/>
<Cov CovItemId="S15" Value="7"/>
<Cov CovItemId="S16" Value="7"/>
<Cov CovItemId="S17" Value="44"/>
<Cov CovItemId="S18" Value="2"/>
<Cov CovItemId="S19" Value="2"/>
<Cov CovItemId="S2" Value="4"/>
<Cov CovItemId="S20" Value="11"/>
<Cov CovItemId="S21" Value="11"/>
<Cov CovItemId="S22" Value="11"/>
<Cov CovItemId="S23" Value="44"/>
<Cov CovItemId="S24" Value="11"/>
<Cov CovItemId="S25" Value="11"/>
<Cov CovItemId="S26" Value="11"/>
<Cov CovItemId="S27" Value="11"/>
<Cov CovItemId="S28" Value="41"/>
<Cov CovItemId="S3" Value="4"/>
<Cov CovItemId="S4" Value="16"/>
<Cov CovItemId="S5" Value="4"/>
<Cov CovItemId="S6" Value="4"/>
<Cov CovItemId="S7" Value="4"/>
<Cov CovItemId="S8" Value="4"/>
<Cov CovItemId="S9" Value="11"/>
</CovPrefix>
<CovPrefix CovItemPrefix="pickr.games.Game.java">
<Cov CovItemId="B1" Value="16"/>
<Cov CovItemId="B3" Value="11"/>
<Cov CovItemId="B4" Value="33"/>
<Cov CovItemId="S1" Value="4"/>
<Cov CovItemId="S10" Value="21"/>
<Cov CovItemId="S11" Value="16"/>
<Cov CovItemId="S12" Value="16"/>
<Cov CovItemId="S14" Value="11"/>
<Cov CovItemId="S15" Value="11"/>
<Cov CovItemId="S16" Value="44"/>
<Cov CovItemId="S17" Value="11"/>
<Cov CovItemId="S18" Value="44"/>
<Cov CovItemId="S19" Value="11"/>
<Cov CovItemId="S2" Value="4"/>
<Cov CovItemId="S20" Value="11"/>
<Cov CovItemId="S21" Value="44"/>
<Cov CovItemId="S22" Value="11"/>
<Cov CovItemId="S23" Value="44"/>
<Cov CovItemId="S24" Value="11"/>
<Cov CovItemId="S25" Value="11"/>
<Cov CovItemId="S26" Value="11"/>
<Cov CovItemId="S27" Value="11"/>
<Cov CovItemId="S28" Value="11"/>
<Cov CovItemId="S3" Value="4"/>
<Cov CovItemId="S4" Value="4"/>
<Cov CovItemId="S5" Value="4"/>
<Cov CovItemId="S6" Value="4"/>
<Cov CovItemId="S7" Value="10"/>
<Cov CovItemId="S8" Value="3"/>
<Cov CovItemId="S9" Value="33"/>
</CovPrefix>
</CovList>
<AssgnmntList>
<AssgnmntPrefix RootTermCovItemPrefix="pickr.classes.Deck.java">
<AssgnmntListEntry Length="1" RootTermCovItemId="C1">
<MapEntry BoolAssgnmnt="0" Value="6"/>
<MapEntry BoolAssgnmnt="1" Value="60"/>
</AssgnmntListEntry>
<AssgnmntListEntry Length="1" RootTermCovItemId="C2">
<MapEntry BoolAssgnmnt="0" Value="40"/>
<MapEntry BoolAssgnmnt="1" Value="1"/>
</AssgnmntListEntry>
<AssgnmntListEntry Length="1" RootTermCovItemId="C3">
<MapEntry BoolAssgnmnt="1" Value="16"/>
</AssgnmntListEntry>
<AssgnmntListEntry Length="1" RootTermCovItemId="C4">
<MapEntry BoolAssgnmnt="0" Value="16"/>
<MapEntry BoolAssgnmnt="1" Value="48"/>
</AssgnmntListEntry>
</AssgnmntPrefix>
<AssgnmntPrefix RootTermCovItemPrefix="pickr.classes.GamingCard.java">
<AssgnmntListEntry Length="2" RootTermCovItemId="C1">
<MapEntry BoolAssgnmnt="02" Value="24"/>
<MapEntry BoolAssgnmnt="10" Value="24"/>
<MapEntry BoolAssgnmnt="11" Value="192"/>
</AssgnmntListEntry>
<AssgnmntListEntry Length="2" RootTermCovItemId="C2">
<MapEntry BoolAssgnmnt="00" Value="240"/>
</AssgnmntListEntry>
</AssgnmntPrefix>
<AssgnmntPrefix RootTermCovItemPrefix="pickr.games.Briscola.java">
<AssgnmntListEntry Length="3" RootTermCovItemId="C1">
<MapEntry BoolAssgnmnt="022" Value="33"/>
<MapEntry BoolAssgnmnt="102" Value="11"/>
</AssgnmntListEntry>
<AssgnmntListEntry Length="3" RootTermCovItemId="C2">
<MapEntry BoolAssgnmnt="022" Value="33"/>
<MapEntry BoolAssgnmnt="110" Value="4"/>
<MapEntry BoolAssgnmnt="111" Value="7"/>
</AssgnmntListEntry>
<AssgnmntListEntry Length="3" RootTermCovItemId="C3">
<MapEntry BoolAssgnmnt="122" Value="4"/>
<MapEntry BoolAssgnmnt="002" Value="33"/>
<MapEntry BoolAssgnmnt="010" Value="5"/>
<MapEntry BoolAssgnmnt="011" Value="2"/>
</AssgnmntListEntry>
</AssgnmntPrefix>
<AssgnmntPrefix RootTermCovItemPrefix="pickr.games.Game.java">
<AssgnmntListEntry Length="1" RootTermCovItemId="C1">
<MapEntry BoolAssgnmnt="1" Value="16"/>
</AssgnmntListEntry>
<AssgnmntListEntry Length="1" RootTermCovItemId="C2">
<MapEntry BoolAssgnmnt="0" Value="33"/>
<MapEntry BoolAssgnmnt="1" Value="11"/>
</AssgnmntListEntry>
</AssgnmntPrefix>
</AssgnmntList>
<ObjMetaDataList/>
<MetaDataList/>
</TestCase>
<TestCase Comment="" Date="1598619558552" Name="randoop.RandoopTest0:test107">
<CovList>
<CovPrefix CovItemPrefix="pickr.classes.Deck.java">
<Cov CovItemId="B1" Value="8"/>
<Cov CovItemId="B3" Value="8"/>
<Cov CovItemId="B4" Value="1"/>
<Cov CovItemId="S1" Value="6"/>
<Cov CovItemId="S10" Value="9"/>
<Cov CovItemId="S11" Value="8"/>
<Cov CovItemId="S12" Value="8"/>
<Cov CovItemId="S13" Value="24"/>
<Cov CovItemId="S14" Value="8"/>
<Cov CovItemId="S15" Value="1"/>
<Cov CovItemId="S2" Value="19"/>
<Cov CovItemId="S3" Value="5"/>
<Cov CovItemId="S4" Value="50"/>
<Cov CovItemId="S5" Value="200"/>
<Cov CovItemId="S6" Value="2"/>
<Cov CovItemId="S7" Value="8"/>
<Cov CovItemId="S8" Value="8"/>
</CovPrefix>
<CovPrefix CovItemPrefix="pickr.classes.GamingCard.java">
<Cov CovItemId="B1" Value="160"/>
<Cov CovItemId="B2" Value="40"/>
<Cov CovItemId="B4" Value="200"/>
<Cov CovItemId="S1" Value="200"/>
<Cov CovItemId="S10" Value="200"/>
<Cov CovItemId="S12" Value="200"/>
<Cov CovItemId="S13" Value="36"/>
<Cov CovItemId="S2" Value="200"/>
<Cov CovItemId="S3" Value="200"/>
<Cov CovItemId="S4" Value="16"/>
<Cov CovItemId="S6" Value="56"/>
<Cov CovItemId="S7" Value="200"/>
<Cov CovItemId="S8" Value="160"/>
<Cov CovItemId="S9" Value="40"/>
</CovPrefix>
<CovPrefix CovItemPrefix="pickr.classes.Player.java">
<Cov CovItemId="S1" Value="8"/>
<Cov CovItemId="S12" Value="10"/>
<Cov CovItemId="S13" Value="8"/>
<Cov CovItemId="S14" Value="8"/>
<Cov CovItemId="S2" Value="8"/>
<Cov CovItemId="S3" Value="8"/>
<Cov CovItemId="S4" Value="8"/>
<Cov CovItemId="S5" Value="16"/>
<Cov CovItemId="S6" Value="8"/>
<Cov CovItemId="S7" Value="8"/>
<Cov CovItemId="S9" Value="2"/>
</CovPrefix>
<CovPrefix CovItemPrefix="pickr.games.Briscola.java">
<Cov CovItemId="B2" Value="8"/>
<Cov CovItemId="B4" Value="8"/>
<Cov CovItemId="B5" Value="1"/>
<Cov CovItemId="B6" Value="7"/>
<Cov CovItemId="S1" Value="2"/>
<Cov CovItemId="S10" Value="2"/>
<Cov CovItemId="S11" Value="8"/>
<Cov CovItemId="S14" Value="8"/>
<Cov CovItemId="S17" Value="8"/>
<Cov CovItemId="S18" Value="1"/>
<Cov CovItemId="S19" Value="1"/>
<Cov CovItemId="S2" Value="2"/>
<Cov CovItemId="S20" Value="2"/>
<Cov CovItemId="S21" Value="2"/>
<Cov CovItemId="S22" Value="2"/>
<Cov CovItemId="S23" Value="8"/>
<Cov CovItemId="S24" Value="2"/>
<Cov CovItemId="S25" Value="2"/>
<Cov CovItemId="S26" Value="2"/>
<Cov CovItemId="S27" Value="2"/>
<Cov CovItemId="S28" Value="8"/>
<Cov CovItemId="S3" Value="2"/>
<Cov CovItemId="S4" Value="8"/>
<Cov CovItemId="S5" Value="2"/>
<Cov CovItemId="S6" Value="2"/>
<Cov CovItemId="S7" Value="2"/>
<Cov CovItemId="S8" Value="2"/>
<Cov CovItemId="S9" Value="2"/>
</CovPrefix>
<CovPrefix CovItemPrefix="pickr.games.Game.java">
<Cov CovItemId="B1" Value="8"/>
<Cov CovItemId="B3" Value="2"/>
<Cov CovItemId="B4" Value="6"/>
<Cov CovItemId="S1" Value="2"/>
<Cov CovItemId="S10" Value="8"/>
<Cov CovItemId="S11" Value="8"/>
<Cov CovItemId="S12" Value="8"/>
<Cov CovItemId="S14" Value="2"/>
<Cov CovItemId="S15" Value="2"/>
<Cov CovItemId="S16" Value="8"/>
<Cov CovItemId="S17" Value="2"/>
<Cov CovItemId="S18" Value="8"/>
<Cov CovItemId="S19" Value="2"/>
<Cov CovItemId="S2" Value="2"/>
<Cov CovItemId="S20" Value="2"/>
<Cov CovItemId="S21" Value="8"/>
<Cov CovItemId="S22" Value="2"/>
<Cov CovItemId="S23" Value="8"/>
<Cov CovItemId="S24" Value="2"/>
<Cov CovItemId="S25" Value="2"/>
<Cov CovItemId="S26" Value="2"/>
<Cov CovItemId="S27" Value="2"/>
<Cov CovItemId="S28" Value="2"/>
<Cov CovItemId="S3" Value="2"/>
<Cov CovItemId="S4" Value="2"/>
<Cov CovItemId="S5" Value="2"/>
<Cov CovItemId="S6" Value="2"/>
<Cov CovItemId="S7" Value="6"/>
<Cov CovItemId="S8" Value="2"/>
<Cov CovItemId="S9" Value="6"/>
</CovPrefix>
</CovList>
<AssgnmntList>
<AssgnmntPrefix RootTermCovItemPrefix="pickr.classes.Deck.java">
<AssgnmntListEntry Length="1" RootTermCovItemId="C1">
<MapEntry BoolAssgnmnt="0" Value="5"/>
<MapEntry BoolAssgnmnt="1" Value="50"/>
</AssgnmntListEntry>
<AssgnmntListEntry Length="1" RootTermCovItemId="C2">
<MapEntry BoolAssgnmnt="0" Value="8"/>
</AssgnmntListEntry>
<AssgnmntListEntry Length="1" RootTermCovItemId="C3">
<MapEntry BoolAssgnmnt="0" Value="1"/>
<MapEntry BoolAssgnmnt="1" Value="8"/>
</AssgnmntListEntry>
<AssgnmntListEntry Length="1" RootTermCovItemId="C4">
<MapEntry BoolAssgnmnt="0" Value="8"/>
<MapEntry BoolAssgnmnt="1" Value="24"/>
</AssgnmntListEntry>
</AssgnmntPrefix>
<AssgnmntPrefix RootTermCovItemPrefix="pickr.classes.GamingCard.java">
<AssgnmntListEntry Length="2" RootTermCovItemId="C1">
<MapEntry BoolAssgnmnt="02" Value="20"/>
<MapEntry BoolAssgnmnt="10" Value="20"/>
<MapEntry BoolAssgnmnt="11" Value="160"/>
</AssgnmntListEntry>
<AssgnmntListEntry Length="2" RootTermCovItemId="C2">
<MapEntry BoolAssgnmnt="00" Value="200"/>
</AssgnmntListEntry>
</AssgnmntPrefix>
<AssgnmntPrefix RootTermCovItemPrefix="pickr.games.Briscola.java">
<AssgnmntListEntry Length="3" RootTermCovItemId="C1">
<MapEntry BoolAssgnmnt="022" Value="6"/>
<MapEntry BoolAssgnmnt="110" Value="2"/>
</AssgnmntListEntry>
<AssgnmntListEntry Length="3" RootTermCovItemId="C2">
<MapEntry BoolAssgnmnt="022" Value="6"/>
<MapEntry BoolAssgnmnt="102" Value="2"/>
</AssgnmntListEntry>
<AssgnmntListEntry Length="3" RootTermCovItemId="C3">
<MapEntry BoolAssgnmnt="122" Value="2"/>
<MapEntry BoolAssgnmnt="002" Value="4"/>
<MapEntry BoolAssgnmnt="010" Value="1"/>
<MapEntry BoolAssgnmnt="011" Value="1"/>
</AssgnmntListEntry>
</AssgnmntPrefix>
<AssgnmntPrefix RootTermCovItemPrefix="pickr.games.Game.java">
<AssgnmntListEntry Length="1" RootTermCovItemId="C1">
<MapEntry BoolAssgnmnt="1" Value="8"/>
</AssgnmntListEntry>
<AssgnmntListEntry Length="1" RootTermCovItemId="C2">
<MapEntry BoolAssgnmnt="0" Value="6"/>
<MapEntry BoolAssgnmnt="1" Value="2"/>
</AssgnmntListEntry>
</AssgnmntPrefix>
</AssgnmntList>
<ObjMetaDataList/>
<MetaDataList/>
</TestCase>
<TestCase Comment="" Date="1598619558554" Name="randoop.RandoopTest0:test108">
<CovList>
<CovPrefix CovItemPrefix="pickr.classes.Deck.java">
<Cov CovItemId="B1" Value="44"/>
<Cov CovItemId="B2" Value="1"/>
<Cov CovItemId="B3" Value="20"/>
<Cov CovItemId="S1" Value="8"/>
<Cov CovItemId="S10" Value="20"/>
<Cov CovItemId="S11" Value="20"/>
<Cov CovItemId="S12" Value="20"/>
<Cov CovItemId="S13" Value="60"/>
<Cov CovItemId="S14" Value="20"/>
<Cov CovItemId="S2" Value="32"/>
<Cov CovItemId="S3" Value="8"/>
<Cov CovItemId="S4" Value="80"/>
<Cov CovItemId="S5" Value="320"/>
<Cov CovItemId="S6" Value="5"/>
<Cov CovItemId="S7" Value="45"/>
<Cov CovItemId="S8" Value="44"/>
<Cov CovItemId="S9" Value="1"/>
</CovPrefix>
<CovPrefix CovItemPrefix="pickr.classes.GamingCard.java">
<Cov CovItemId="B1" Value="256"/>
<Cov CovItemId="B2" Value="64"/>
<Cov CovItemId="B4" Value="320"/>
<Cov CovItemId="S1" Value="320"/>
<Cov CovItemId="S10" Value="320"/>
<Cov CovItemId="S12" Value="320"/>
<Cov CovItemId="S13" Value="130"/>
<Cov CovItemId="S2" Value="320"/>
<Cov CovItemId="S3" Value="320"/>
<Cov CovItemId="S4" Value="97"/>
<Cov CovItemId="S6" Value="336"/>
<Cov CovItemId="S7" Value="320"/>
<Cov CovItemId="S8" Value="256"/>
<Cov CovItemId="S9" Value="64"/>
</CovPrefix>
<CovPrefix CovItemPrefix="pickr.classes.Player.java">
<Cov CovItemId="S1" Value="20"/>
<Cov CovItemId="S12" Value="28"/>
<Cov CovItemId="S13" Value="48"/>
<Cov CovItemId="S14" Value="44"/>
<Cov CovItemId="S2" Value="20"/>
<Cov CovItemId="S3" Value="20"/>
<Cov CovItemId="S4" Value="20"/>
<Cov CovItemId="S5" Value="64"/>
<Cov CovItemId="S6" Value="20"/>
<Cov CovItemId="S7" Value="48"/>
<Cov CovItemId="S9" Value="12"/>
</CovPrefix>
<CovPrefix CovItemPrefix="pickr.games.Briscola.java">
<Cov CovItemId="B1" Value="2"/>
<Cov CovItemId="B2" Value="46"/>
<Cov CovItemId="B3" Value="6"/>
<Cov CovItemId="B4" Value="42"/>
<Cov CovItemId="B5" Value="3"/>
<Cov CovItemId="B6" Value="45"/>
<Cov CovItemId="S1" Value="5"/>
<Cov CovItemId="S10" Value="12"/>
<Cov CovItemId="S11" Value="48"/>
<Cov CovItemId="S12" Value="2"/>
<Cov CovItemId="S13" Value="2"/>
<Cov CovItemId="S14" Value="48"/>
<Cov CovItemId="S15" Value="6"/>
<Cov CovItemId="S16" Value="6"/>
<Cov CovItemId="S17" Value="48"/>
<Cov CovItemId="S18" Value="3"/>
<Cov CovItemId="S19" Value="3"/>
<Cov CovItemId="S2" Value="5"/>
<Cov CovItemId="S20" Value="12"/>
<Cov CovItemId="S21" Value="12"/>
<Cov CovItemId="S22" Value="12"/>
<Cov CovItemId="S23" Value="48"/>
<Cov CovItemId="S24" Value="12"/>
<Cov CovItemId="S25" Value="12"/>
<Cov CovItemId="S26" Value="12"/>
<Cov CovItemId="S27" Value="12"/>
<Cov CovItemId="S28" Value="45"/>
<Cov CovItemId="S3" Value="5"/>
<Cov CovItemId="S4" Value="20"/>
<Cov CovItemId="S5" Value="5"/>
<Cov CovItemId="S6" Value="5"/>
<Cov CovItemId="S7" Value="5"/>
<Cov CovItemId="S8" Value="5"/>
<Cov CovItemId="S9" Value="12"/>
</CovPrefix>
<CovPrefix CovItemPrefix="pickr.games.Game.java">
<Cov CovItemId="B1" Value="20"/>
<Cov CovItemId="B3" Value="12"/>
<Cov CovItemId="B4" Value="36"/>
<Cov CovItemId="S1" Value="5"/>
<Cov CovItemId="S10" Value="25"/>
<Cov CovItemId="S11" Value="20"/>
<Cov CovItemId="S12" Value="20"/>
<Cov CovItemId="S14" Value="12"/>
<Cov CovItemId="S15" Value="12"/>
<Cov CovItemId="S16" Value="48"/>
<Cov CovItemId="S17" Value="12"/>
<Cov CovItemId="S18" Value="48"/>
<Cov CovItemId="S19" Value="12"/>
<Cov CovItemId="S2" Value="5"/>
<Cov CovItemId="S20" Value="12"/>
<Cov CovItemId="S21" Value="48"/>
<Cov CovItemId="S22" Value="12"/>
<Cov CovItemId="S23" Value="48"/>
<Cov CovItemId="S24" Value="12"/>
<Cov CovItemId="S25" Value="12"/>
<Cov CovItemId="S26" Value="12"/>
<Cov CovItemId="S27" Value="12"/>
<Cov CovItemId="S28" Value="12"/>
<Cov CovItemId="S3" Value="5"/>
<Cov CovItemId="S4" Value="5"/>
<Cov CovItemId="S5" Value="5"/>
<Cov CovItemId="S6" Value="5"/>
<Cov CovItemId="S7" Value="13"/>
<Cov CovItemId="S8" Value="4"/>
<Cov CovItemId="S9" Value="36"/>
</CovPrefix>
</CovList>
<AssgnmntList>
<AssgnmntPrefix RootTermCovItemPrefix="pickr.classes.Deck.java">
<AssgnmntListEntry Length="1" RootTermCovItemId="C1">
<MapEntry BoolAssgnmnt="0" Value="8"/>
<MapEntry BoolAssgnmnt="1" Value="80"/>
</AssgnmntListEntry>
<AssgnmntListEntry Length="1" RootTermCovItemId="C2">
<MapEntry BoolAssgnmnt="0" Value="44"/>
<MapEntry BoolAssgnmnt="1" Value="1"/>
</AssgnmntListEntry>
<AssgnmntListEntry Length="1" RootTermCovItemId="C3">
<MapEntry BoolAssgnmnt="1" Value="20"/>
</AssgnmntListEntry>
<AssgnmntListEntry Length="1" RootTermCovItemId="C4">
<MapEntry BoolAssgnmnt="0" Value="20"/>
<MapEntry BoolAssgnmnt="1" Value="60"/>
</AssgnmntListEntry>
</AssgnmntPrefix>
<AssgnmntPrefix RootTermCovItemPrefix="pickr.classes.GamingCard.java">
<AssgnmntListEntry Length="2" RootTermCovItemId="C1">
<MapEntry BoolAssgnmnt="02" Value="32"/>
<MapEntry BoolAssgnmnt="10" Value="32"/>
<MapEntry BoolAssgnmnt="11" Value="256"/>
</AssgnmntListEntry>
<AssgnmntListEntry Length="2" RootTermCovItemId="C2">
<MapEntry BoolAssgnmnt="00" Value="320"/>
</AssgnmntListEntry>
</AssgnmntPrefix>
<AssgnmntPrefix RootTermCovItemPrefix="pickr.games.Briscola.java">
<AssgnmntListEntry Length="3" RootTermCovItemId="C1">
<MapEntry BoolAssgnmnt="022" Value="34"/>
<MapEntry BoolAssgnmnt="102" Value="7"/>
<MapEntry BoolAssgnmnt="110" Value="5"/>
<MapEntry BoolAssgnmnt="111" Value="2"/>
</AssgnmntListEntry>
<AssgnmntListEntry Length="3" RootTermCovItemId="C2">
<MapEntry BoolAssgnmnt="022" Value="36"/>
<MapEntry BoolAssgnmnt="102" Value="5"/>
<MapEntry BoolAssgnmnt="110" Value="1"/>
<MapEntry BoolAssgnmnt="111" Value="6"/>
</AssgnmntListEntry>
<AssgnmntListEntry Length="3" RootTermCovItemId="C3">
<MapEntry BoolAssgnmnt="122" Value="6"/>
<MapEntry BoolAssgnmnt="002" Value="32"/>
<MapEntry BoolAssgnmnt="010" Value="7"/>
<MapEntry BoolAssgnmnt="011" Value="3"/>
</AssgnmntListEntry>
</AssgnmntPrefix>
<AssgnmntPrefix RootTermCovItemPrefix="pickr.games.Game.java">
<AssgnmntListEntry Length="1" RootTermCovItemId="C1">
<MapEntry BoolAssgnmnt="1" Value="20"/>
</AssgnmntListEntry>
<AssgnmntListEntry Length="1" RootTermCovItemId="C2">
<MapEntry BoolAssgnmnt="0" Value="36"/>
<MapEntry BoolAssgnmnt="1" Value="12"/>
</AssgnmntListEntry>
</AssgnmntPrefix>
</AssgnmntList>
<ObjMetaDataList/>
<MetaDataList/>
</TestCase>
<TestCase Comment="" Date="1598619558555" Name="randoop.RandoopTest0:test109">
<CovList>
<CovPrefix CovItemPrefix="pickr.classes.Deck.java">
<Cov CovItemId="B1" Value="16"/>
<Cov CovItemId="B3" Value="16"/>
<Cov CovItemId="B4" Value="1"/>
<Cov CovItemId="S1" Value="9"/>
<Cov CovItemId="S10" Value="17"/>
<Cov CovItemId="S11" Value="16"/>
<Cov CovItemId="S12" Value="16"/>
<Cov CovItemId="S13" Value="48"/>
<Cov CovItemId="S14" Value="16"/>
<Cov CovItemId="S15" Value="1"/>
<Cov CovItemId="S2" Value="32"/>
<Cov CovItemId="S3" Value="8"/>
<Cov CovItemId="S4" Value="80"/>
<Cov CovItemId="S5" Value="320"/>
<Cov CovItemId="S6" Value="4"/>
<Cov CovItemId="S7" Value="16"/>
<Cov CovItemId="S8" Value="16"/>
</CovPrefix>
<CovPrefix CovItemPrefix="pickr.classes.GamingCard.java">
<Cov CovItemId="B1" Value="256"/>
<Cov CovItemId="B2" Value="64"/>
<Cov CovItemId="B4" Value="320"/>
<Cov CovItemId="S1" Value="320"/>
<Cov CovItemId="S10" Value="320"/>
<Cov CovItemId="S12" Value="320"/>
<Cov CovItemId="S13" Value="74"/>
<Cov CovItemId="S2" Value="320"/>
<Cov CovItemId="S3" Value="320"/>
<Cov CovItemId="S4" Value="32"/>
<Cov CovItemId="S6" Value="112"/>
<Cov CovItemId="S7" Value="320"/>
<Cov CovItemId="S8" Value="256"/>
<Cov CovItemId="S9" Value="64"/>
</CovPrefix>
<CovPrefix CovItemPrefix="pickr.classes.Player.java">
<Cov CovItemId="S1" Value="16"/>
<Cov CovItemId="S12" Value="20"/>
<Cov CovItemId="S13" Value="16"/>
<Cov CovItemId="S14" Value="16"/>
<Cov CovItemId="S2" Value="16"/>
<Cov CovItemId="S3" Value="16"/>
<Cov CovItemId="S4" Value="16"/>
<Cov CovItemId="S5" Value="32"/>
<Cov CovItemId="S6" Value="16"/>
<Cov CovItemId="S7" Value="16"/>
<Cov CovItemId="S9" Value="4"/>
</CovPrefix>
<CovPrefix CovItemPrefix="pickr.games.Briscola.java">
<Cov CovItemId="B1" Value="1"/>
<Cov CovItemId="B2" Value="15"/>
<Cov CovItemId="B3" Value="1"/>
<Cov CovItemId="B4" Value="15"/>
<Cov CovItemId="B5" Value="1"/>
<Cov CovItemId="B6" Value="15"/>
<Cov CovItemId="S1" Value="4"/>
<Cov CovItemId="S10" Value="4"/>
<Cov CovItemId="S11" Value="16"/>
<Cov CovItemId="S12" Value="1"/>
<Cov CovItemId="S13" Value="1"/>
<Cov CovItemId="S14" Value="16"/>
<Cov CovItemId="S15" Value="1"/>
<Cov CovItemId="S16" Value="1"/>
<Cov CovItemId="S17" Value="16"/>
<Cov CovItemId="S18" Value="1"/>
<Cov CovItemId="S19" Value="1"/>
<Cov CovItemId="S2" Value="4"/>
<Cov CovItemId="S20" Value="4"/>
<Cov CovItemId="S21" Value="4"/>
<Cov CovItemId="S22" Value="4"/>
<Cov CovItemId="S23" Value="16"/>
<Cov CovItemId="S24" Value="4"/>
<Cov CovItemId="S25" Value="4"/>
<Cov CovItemId="S26" Value="4"/>
<Cov CovItemId="S27" Value="4"/>
<Cov CovItemId="S28" Value="16"/>
<Cov CovItemId="S3" Value="4"/>
<Cov CovItemId="S4" Value="16"/>
<Cov CovItemId="S5" Value="4"/>
<Cov CovItemId="S6" Value="4"/>
<Cov CovItemId="S7" Value="4"/>
<Cov CovItemId="S8" Value="4"/>
<Cov CovItemId="S9" Value="4"/>
</CovPrefix>
<CovPrefix CovItemPrefix="pickr.games.Game.java">
<Cov CovItemId="B1" Value="16"/>
<Cov CovItemId="B3" Value="4"/>
<Cov CovItemId="B4" Value="12"/>
<Cov CovItemId="S1" Value="4"/>
<Cov CovItemId="S10" Value="16"/>
<Cov CovItemId="S11" Value="16"/>
<Cov CovItemId="S12" Value="16"/>
<Cov CovItemId="S14" Value="4"/>
<Cov CovItemId="S15" Value="4"/>
<Cov CovItemId="S16" Value="16"/>
<Cov CovItemId="S17" Value="4"/>
<Cov CovItemId="S18" Value="16"/>
<Cov CovItemId="S19" Value="4"/>
<Cov CovItemId="S2" Value="4"/>
<Cov CovItemId="S20" Value="4"/>
<Cov CovItemId="S21" Value="16"/>
<Cov CovItemId="S22" Value="4"/>
<Cov CovItemId="S23" Value="16"/>
<Cov CovItemId="S24" Value="4"/>
<Cov CovItemId="S25" Value="4"/>
<Cov CovItemId="S26" Value="4"/>
<Cov CovItemId="S27" Value="4"/>
<Cov CovItemId="S28" Value="4"/>
<Cov CovItemId="S3" Value="4"/>
<Cov CovItemId="S4" Value="4"/>
<Cov CovItemId="S5" Value="4"/>
<Cov CovItemId="S6" Value="4"/>
<Cov CovItemId="S7" Value="12"/>
<Cov CovItemId="S8" Value="4"/>
<Cov CovItemId="S9" Value="12"/>
</CovPrefix>
</CovList>
<AssgnmntList>
<AssgnmntPrefix RootTermCovItemPrefix="pickr.classes.Deck.java">
<AssgnmntListEntry Length="1" RootTermCovItemId="C1">
<MapEntry BoolAssgnmnt="0" Value="8"/>
<MapEntry BoolAssgnmnt="1" Value="80"/>
</AssgnmntListEntry>
<AssgnmntListEntry Length="1" RootTermCovItemId="C2">
<MapEntry BoolAssgnmnt="0" Value="16"/>
</AssgnmntListEntry>
<AssgnmntListEntry Length="1" RootTermCovItemId="C3">
<MapEntry BoolAssgnmnt="0" Value="1"/>
<MapEntry BoolAssgnmnt="1" Value="16"/>
</AssgnmntListEntry>
<AssgnmntListEntry Length="1" RootTermCovItemId="C4">
<MapEntry BoolAssgnmnt="0" Value="16"/>
<MapEntry BoolAssgnmnt="1" Value="48"/>
</AssgnmntListEntry>
</AssgnmntPrefix>
<AssgnmntPrefix RootTermCovItemPrefix="pickr.classes.GamingCard.java">
<AssgnmntListEntry Length="2" RootTermCovItemId="C1">
<MapEntry BoolAssgnmnt="02" Value="32"/>
<MapEntry BoolAssgnmnt="10" Value="32"/>
<MapEntry BoolAssgnmnt="11" Value="256"/>
</AssgnmntListEntry>
<AssgnmntListEntry Length="2" RootTermCovItemId="C2">
<MapEntry BoolAssgnmnt="00" Value="320"/>
</AssgnmntListEntry>
</AssgnmntPrefix>
<AssgnmntPrefix RootTermCovItemPrefix="pickr.games.Briscola.java">
<AssgnmntListEntry Length="3" RootTermCovItemId="C1">
<MapEntry BoolAssgnmnt="022" Value="12"/>
<MapEntry BoolAssgnmnt="102" Value="1"/>
<MapEntry BoolAssgnmnt="110" Value="2"/>
<MapEntry BoolAssgnmnt="111" Value="1"/>
</AssgnmntListEntry>
<AssgnmntListEntry Length="3" RootTermCovItemId="C2">
<MapEntry BoolAssgnmnt="022" Value="13"/>
<MapEntry BoolAssgnmnt="102" Value="2"/>
<MapEntry BoolAssgnmnt="111" Value="1"/>
</AssgnmntListEntry>
<AssgnmntListEntry Length="3" RootTermCovItemId="C3">
<MapEntry BoolAssgnmnt="122" Value="2"/>
<MapEntry BoolAssgnmnt="002" Value="11"/>
<MapEntry BoolAssgnmnt="010" Value="2"/>
<MapEntry BoolAssgnmnt="011" Value="1"/>
</AssgnmntListEntry>
</AssgnmntPrefix>
<AssgnmntPrefix RootTermCovItemPrefix="pickr.games.Game.java">
<AssgnmntListEntry Length="1" RootTermCovItemId="C1">
<MapEntry BoolAssgnmnt="1" Value="16"/>
</AssgnmntListEntry>
<AssgnmntListEntry Length="1" RootTermCovItemId="C2">
<MapEntry BoolAssgnmnt="0" Value="12"/>
<MapEntry BoolAssgnmnt="1" Value="4"/>
</AssgnmntListEntry>
</AssgnmntPrefix>
</AssgnmntList>
<ObjMetaDataList/>
<MetaDataList/>
</TestCase>
<TestCase Comment="" Date="1598619558556" Name="randoop.RandoopTest0:test110">
<CovList>
<CovPrefix CovItemPrefix="pickr.classes.Deck.java">
<Cov CovItemId="B1" Value="12"/>
<Cov CovItemId="B3" Value="12"/>
<Cov CovItemId="B4" Value="1"/>
<Cov CovItemId="S1" Value="6"/>
<Cov CovItemId="S10" Value="13"/>
<Cov CovItemId="S11" Value="12"/>
<Cov CovItemId="S12" Value="12"/>
<Cov CovItemId="S13" Value="36"/>
<Cov CovItemId="S14" Value="12"/>
<Cov CovItemId="S15" Value="1"/>
<Cov CovItemId="S2" Value="21"/>
<Cov CovItemId="S3" Value="5"/>
<Cov CovItemId="S4" Value="50"/>
<Cov CovItemId="S5" Value="200"/>
<Cov CovItemId="S6" Value="3"/>
<Cov CovItemId="S7" Value="12"/>
<Cov CovItemId="S8" Value="12"/>
</CovPrefix>
<CovPrefix CovItemPrefix="pickr.classes.GamingCard.java">
<Cov CovItemId="B1" Value="160"/>
<Cov CovItemId="B2" Value="40"/>
<Cov CovItemId="B4" Value="200"/>
<Cov CovItemId="S1" Value="200"/>
<Cov CovItemId="S10" Value="200"/>
<Cov CovItemId="S12" Value="200"/>
<Cov CovItemId="S13" Value="51"/>
<Cov CovItemId="S2" Value="200"/>
<Cov CovItemId="S3" Value="200"/>
<Cov CovItemId="S4" Value="28"/>
<Cov CovItemId="S6" Value="84"/>
<Cov CovItemId="S7" Value="200"/>
<Cov CovItemId="S8" Value="160"/>
<Cov CovItemId="S9" Value="40"/>
</CovPrefix>
<CovPrefix CovItemPrefix="pickr.classes.Player.java">
<Cov CovItemId="S1" Value="12"/>
<Cov CovItemId="S12" Value="15"/>
<Cov CovItemId="S13" Value="12"/>
<Cov CovItemId="S14" Value="12"/>
<Cov CovItemId="S2" Value="12"/>
<Cov CovItemId="S3" Value="12"/>
<Cov CovItemId="S4" Value="12"/>
<Cov CovItemId="S5" Value="24"/>
<Cov CovItemId="S6" Value="12"/>
<Cov CovItemId="S7" Value="12"/>
<Cov CovItemId="S9" Value="3"/>
</CovPrefix>
<CovPrefix CovItemPrefix="pickr.games.Briscola.java">
<Cov CovItemId="B2" Value="12"/>
<Cov CovItemId="B4" Value="12"/>
<Cov CovItemId="B6" Value="12"/>
<Cov CovItemId="S1" Value="3"/>
<Cov CovItemId="S10" Value="3"/>
<Cov CovItemId="S11" Value="12"/>
<Cov CovItemId="S14" Value="12"/>
<Cov CovItemId="S17" Value="12"/>
<Cov CovItemId="S2" Value="3"/>
<Cov CovItemId="S20" Value="3"/>
<Cov CovItemId="S21" Value="3"/>
<Cov CovItemId="S22" Value="3"/>
<Cov CovItemId="S23" Value="12"/>
<Cov CovItemId="S24" Value="3"/>
<Cov CovItemId="S25" Value="3"/>
<Cov CovItemId="S26" Value="3"/>
<Cov CovItemId="S27" Value="3"/>
<Cov CovItemId="S28" Value="12"/>
<Cov CovItemId="S3" Value="3"/>
<Cov CovItemId="S4" Value="12"/>
<Cov CovItemId="S5" Value="3"/>
<Cov CovItemId="S6" Value="3"/>
<Cov CovItemId="S7" Value="3"/>
<Cov CovItemId="S8" Value="3"/>
<Cov CovItemId="S9" Value="3"/>
</CovPrefix>
<CovPrefix CovItemPrefix="pickr.games.Game.java">
<Cov CovItemId="B1" Value="12"/>
<Cov CovItemId="B3" Value="3"/>
<Cov CovItemId="B4" Value="9"/>
<Cov CovItemId="S1" Value="3"/>
<Cov CovItemId="S10" Value="12"/>
<Cov CovItemId="S11" Value="12"/>
<Cov CovItemId="S12" Value="12"/>
<Cov CovItemId="S14" Value="3"/>
<Cov CovItemId="S15" Value="3"/>
<Cov CovItemId="S16" Value="12"/>
<Cov CovItemId="S17" Value="3"/>
<Cov CovItemId="S18" Value="12"/>
<Cov CovItemId="S19" Value="3"/>
<Cov CovItemId="S2" Value="3"/>
<Cov CovItemId="S20" Value="3"/>
<Cov CovItemId="S21" Value="12"/>
<Cov CovItemId="S22" Value="3"/>
<Cov CovItemId="S23" Value="12"/>
<Cov CovItemId="S24" Value="3"/>
<Cov CovItemId="S25" Value="3"/>
<Cov CovItemId="S26" Value="3"/>
<Cov CovItemId="S27" Value="3"/>
<Cov CovItemId="S28" Value="3"/>
<Cov CovItemId="S3" Value="3"/>
<Cov CovItemId="S4" Value="3"/>
<Cov CovItemId="S5" Value="3"/>
<Cov CovItemId="S6" Value="3"/>
<Cov CovItemId="S7" Value="9"/>
<Cov CovItemId="S8" Value="3"/>
<Cov CovItemId="S9" Value="9"/>
</CovPrefix>
</CovList>
<AssgnmntList>
<AssgnmntPrefix RootTermCovItemPrefix="pickr.classes.Deck.java">
<AssgnmntListEntry Length="1" RootTermCovItemId="C1">
<MapEntry BoolAssgnmnt="0" Value="5"/>
<MapEntry BoolAssgnmnt="1" Value="50"/>
</AssgnmntListEntry>
<AssgnmntListEntry Length="1" RootTermCovItemId="C2">
<MapEntry BoolAssgnmnt="0" Value="12"/>
</AssgnmntListEntry>
<AssgnmntListEntry Length="1" RootTermCovItemId="C3">
<MapEntry BoolAssgnmnt="0" Value="1"/>
<MapEntry BoolAssgnmnt="1" Value="12"/>
</AssgnmntListEntry>
<AssgnmntListEntry Length="1" RootTermCovItemId="C4">
<MapEntry BoolAssgnmnt="0" Value="12"/>
<MapEntry BoolAssgnmnt="1" Value="36"/>
</AssgnmntListEntry>
</AssgnmntPrefix>
<AssgnmntPrefix RootTermCovItemPrefix="pickr.classes.GamingCard.java">
<AssgnmntListEntry Length="2" RootTermCovItemId="C1">
<MapEntry BoolAssgnmnt="02" Value="20"/>
<MapEntry BoolAssgnmnt="10" Value="20"/>
<MapEntry BoolAssgnmnt="11" Value="160"/>
</AssgnmntListEntry>
<AssgnmntListEntry Length="2" RootTermCovItemId="C2">
<MapEntry BoolAssgnmnt="00" Value="200"/>
</AssgnmntListEntry>
</AssgnmntPrefix>
<AssgnmntPrefix RootTermCovItemPrefix="pickr.games.Briscola.java">
<AssgnmntListEntry Length="3" RootTermCovItemId="C1">
<MapEntry BoolAssgnmnt="022" Value="7"/>
<MapEntry BoolAssgnmnt="102" Value="1"/>
<MapEntry BoolAssgnmnt="110" Value="4"/>
</AssgnmntListEntry>
<AssgnmntListEntry Length="3" RootTermCovItemId="C2">
<MapEntry BoolAssgnmnt="022" Value="7"/>
<MapEntry BoolAssgnmnt="102" Value="4"/>
<MapEntry BoolAssgnmnt="110" Value="1"/>
</AssgnmntListEntry>
<AssgnmntListEntry Length="3" RootTermCovItemId="C3">
<MapEntry BoolAssgnmnt="122" Value="5"/>
<MapEntry BoolAssgnmnt="002" Value="4"/>
<MapEntry BoolAssgnmnt="010" Value="3"/>
</AssgnmntListEntry>
</AssgnmntPrefix>
<AssgnmntPrefix RootTermCovItemPrefix="pickr.games.Game.java">
<AssgnmntListEntry Length="1" RootTermCovItemId="C1">
<MapEntry BoolAssgnmnt="1" Value="12"/>
</AssgnmntListEntry>
<AssgnmntListEntry Length="1" RootTermCovItemId="C2">
<MapEntry BoolAssgnmnt="0" Value="9"/>
<MapEntry BoolAssgnmnt="1" Value="3"/>
</AssgnmntListEntry>
</AssgnmntPrefix>
</AssgnmntList>
<ObjMetaDataList/>
<MetaDataList/>
</TestCase>
<TestCase Comment="" Date="1598619558558" Name="randoop.RandoopTest0:test111">
<CovList>
<CovPrefix CovItemPrefix="pickr.classes.Deck.java">
<Cov CovItemId="B1" Value="8"/>
<Cov CovItemId="B3" Value="8"/>
<Cov CovItemId="B4" Value="1"/>
<Cov CovItemId="S1" Value="8"/>
<Cov CovItemId="S10" Value="9"/>
<Cov CovItemId="S11" Value="8"/>
<Cov CovItemId="S12" Value="8"/>
<Cov CovItemId="S13" Value="24"/>
<Cov CovItemId="S14" Value="8"/>
<Cov CovItemId="S15" Value="1"/>
<Cov CovItemId="S2" Value="25"/>
<Cov CovItemId="S3" Value="7"/>
<Cov CovItemId="S4" Value="70"/>
<Cov CovItemId="S5" Value="280"/>
<Cov CovItemId="S6" Value="2"/>
<Cov CovItemId="S7" Value="8"/>
<Cov CovItemId="S8" Value="8"/>
</CovPrefix>
<CovPrefix CovItemPrefix="pickr.classes.GamingCard.java">
<Cov CovItemId="B1" Value="224"/>
<Cov CovItemId="B2" Value="56"/>
<Cov CovItemId="B4" Value="280"/>
<Cov CovItemId="S1" Value="280"/>
<Cov CovItemId="S10" Value="280"/>
<Cov CovItemId="S12" Value="280"/>
<Cov CovItemId="S13" Value="42"/>
<Cov CovItemId="S2" Value="280"/>
<Cov CovItemId="S3" Value="280"/>
<Cov CovItemId="S4" Value="22"/>
<Cov CovItemId="S6" Value="56"/>
<Cov CovItemId="S7" Value="280"/>
<Cov CovItemId="S8" Value="224"/>
<Cov CovItemId="S9" Value="56"/>
</CovPrefix>
<CovPrefix CovItemPrefix="pickr.classes.Player.java">
<Cov CovItemId="S1" Value="8"/>
<Cov CovItemId="S12" Value="10"/>
<Cov CovItemId="S13" Value="8"/>
<Cov CovItemId="S14" Value="8"/>
<Cov CovItemId="S2" Value="8"/>
<Cov CovItemId="S3" Value="8"/>
<Cov CovItemId="S4" Value="8"/>
<Cov CovItemId="S5" Value="16"/>
<Cov CovItemId="S6" Value="8"/>
<Cov CovItemId="S7" Value="8"/>
<Cov CovItemId="S9" Value="2"/>
</CovPrefix>
<CovPrefix CovItemPrefix="pickr.games.Briscola.java">
<Cov CovItemId="B2" Value="8"/>
<Cov CovItemId="B3" Value="4"/>
<Cov CovItemId="B4" Value="4"/>
<Cov CovItemId="B6" Value="8"/>
<Cov CovItemId="S1" Value="2"/>
<Cov CovItemId="S10" Value="2"/>
<Cov CovItemId="S11" Value="8"/>
<Cov CovItemId="S14" Value="8"/>
<Cov CovItemId="S15" Value="4"/>
<Cov CovItemId="S16" Value="4"/>
<Cov CovItemId="S17" Value="8"/>
<Cov CovItemId="S2" Value="2"/>
<Cov CovItemId="S20" Value="2"/>
<Cov CovItemId="S21" Value="2"/>
<Cov CovItemId="S22" Value="2"/>
<Cov CovItemId="S23" Value="8"/>
<Cov CovItemId="S24" Value="2"/>
<Cov CovItemId="S25" Value="2"/>
<Cov CovItemId="S26" Value="2"/>
<Cov CovItemId="S27" Value="2"/>
<Cov CovItemId="S28" Value="8"/>
<Cov CovItemId="S3" Value="2"/>
<Cov CovItemId="S4" Value="8"/>
<Cov CovItemId="S5" Value="2"/>
<Cov CovItemId="S6" Value="2"/>
<Cov CovItemId="S7" Value="2"/>
<Cov CovItemId="S8" Value="2"/>
<Cov CovItemId="S9" Value="2"/>
</CovPrefix>
<CovPrefix CovItemPrefix="pickr.games.Game.java">
<Cov CovItemId="B1" Value="8"/>
<Cov CovItemId="B3" Value="2"/>
<Cov CovItemId="B4" Value="6"/>
<Cov CovItemId="S1" Value="2"/>
<Cov CovItemId="S10" Value="8"/>
<Cov CovItemId="S11" Value="8"/>
<Cov CovItemId="S12" Value="8"/>
<Cov CovItemId="S14" Value="2"/>
<Cov CovItemId="S15" Value="2"/>
<Cov CovItemId="S16" Value="8"/>
<Cov CovItemId="S17" Value="2"/>
<Cov CovItemId="S18" Value="8"/>
<Cov CovItemId="S19" Value="2"/>
<Cov CovItemId="S2" Value="2"/>
<Cov CovItemId="S20" Value="2"/>
<Cov CovItemId="S21" Value="8"/>
<Cov CovItemId="S22" Value="2"/>
<Cov CovItemId="S23" Value="8"/>
<Cov CovItemId="S24" Value="2"/>
<Cov CovItemId="S25" Value="2"/>
<Cov CovItemId="S26" Value="2"/>
<Cov CovItemId="S27" Value="2"/>
<Cov CovItemId="S28" Value="2"/>
<Cov CovItemId="S3" Value="2"/>
<Cov CovItemId="S4" Value="2"/>
<Cov CovItemId="S5" Value="2"/>
<Cov CovItemId="S6" Value="2"/>
<Cov CovItemId="S7" Value="6"/>
<Cov CovItemId="S8" Value="2"/>
<Cov CovItemId="S9" Value="6"/>
</CovPrefix>
</CovList>
<AssgnmntList>
<AssgnmntPrefix RootTermCovItemPrefix="pickr.classes.Deck.java">
<AssgnmntListEntry Length="1" RootTermCovItemId="C1">
<MapEntry BoolAssgnmnt="0" Value="7"/>
<MapEntry BoolAssgnmnt="1" Value="70"/>
</AssgnmntListEntry>
<AssgnmntListEntry Length="1" RootTermCovItemId="C2">
<MapEntry BoolAssgnmnt="0" Value="8"/>
</AssgnmntListEntry>
<AssgnmntListEntry Length="1" RootTermCovItemId="C3">
<MapEntry BoolAssgnmnt="0" Value="1"/>
<MapEntry BoolAssgnmnt="1" Value="8"/>
</AssgnmntListEntry>
<AssgnmntListEntry Length="1" RootTermCovItemId="C4">
<MapEntry BoolAssgnmnt="0" Value="8"/>
<MapEntry BoolAssgnmnt="1" Value="24"/>
</AssgnmntListEntry>
</AssgnmntPrefix>
<AssgnmntPrefix RootTermCovItemPrefix="pickr.classes.GamingCard.java">
<AssgnmntListEntry Length="2" RootTermCovItemId="C1">
<MapEntry BoolAssgnmnt="02" Value="28"/>
<MapEntry BoolAssgnmnt="10" Value="28"/>
<MapEntry BoolAssgnmnt="11" Value="224"/>
</AssgnmntListEntry>
<AssgnmntListEntry Length="2" RootTermCovItemId="C2">
<MapEntry BoolAssgnmnt="00" Value="280"/>
</AssgnmntListEntry>
</AssgnmntPrefix>
<AssgnmntPrefix RootTermCovItemPrefix="pickr.games.Briscola.java">
<AssgnmntListEntry Length="3" RootTermCovItemId="C1">
<MapEntry BoolAssgnmnt="022" Value="4"/>
<MapEntry BoolAssgnmnt="102" Value="4"/>
</AssgnmntListEntry>
<AssgnmntListEntry Length="3" RootTermCovItemId="C2">
<MapEntry BoolAssgnmnt="022" Value="4"/>
<MapEntry BoolAssgnmnt="111" Value="4"/>
</AssgnmntListEntry>
<AssgnmntListEntry Length="3" RootTermCovItemId="C3">
<MapEntry BoolAssgnmnt="002" Value="8"/>
</AssgnmntListEntry>
</AssgnmntPrefix>
<AssgnmntPrefix RootTermCovItemPrefix="pickr.games.Game.java">
<AssgnmntListEntry Length="1" RootTermCovItemId="C1">
<MapEntry BoolAssgnmnt="1" Value="8"/>
</AssgnmntListEntry>
<AssgnmntListEntry Length="1" RootTermCovItemId="C2">
<MapEntry BoolAssgnmnt="0" Value="6"/>
<MapEntry BoolAssgnmnt="1" Value="2"/>
</AssgnmntListEntry>
</AssgnmntPrefix>
</AssgnmntList>
<ObjMetaDataList/>
<MetaDataList/>
</TestCase>
<TestCase Comment="" Date="1598619558558" Name="randoop.RandoopTest0:test112">
<CovList>
<CovPrefix CovItemPrefix="pickr.classes.Deck.java">
<Cov CovItemId="B1" Value="12"/>
<Cov CovItemId="B3" Value="12"/>
<Cov CovItemId="S1" Value="5"/>
<Cov CovItemId="S10" Value="12"/>
<Cov CovItemId="S11" Value="12"/>
<Cov CovItemId="S12" Value="12"/>
<Cov CovItemId="S13" Value="36"/>
<Cov CovItemId="S14" Value="12"/>
<Cov CovItemId="S2" Value="21"/>
<Cov CovItemId="S3" Value="5"/>
<Cov CovItemId="S4" Value="50"/>
<Cov CovItemId="S5" Value="200"/>
<Cov CovItemId="S6" Value="3"/>
<Cov CovItemId="S7" Value="12"/>
<Cov CovItemId="S8" Value="12"/>
</CovPrefix>
<CovPrefix CovItemPrefix="pickr.classes.GamingCard.java">
<Cov CovItemId="B1" Value="160"/>
<Cov CovItemId="B2" Value="40"/>
<Cov CovItemId="B4" Value="200"/>
<Cov CovItemId="S1" Value="200"/>
<Cov CovItemId="S10" Value="200"/>
<Cov CovItemId="S12" Value="200"/>
<Cov CovItemId="S13" Value="61"/>
<Cov CovItemId="S2" Value="200"/>
<Cov CovItemId="S3" Value="200"/>
<Cov CovItemId="S4" Value="32"/>
<Cov CovItemId="S6" Value="84"/>
<Cov CovItemId="S7" Value="200"/>
<Cov CovItemId="S8" Value="160"/>
<Cov CovItemId="S9" Value="40"/>
</CovPrefix>
<CovPrefix CovItemPrefix="pickr.classes.Player.java">
<Cov CovItemId="S1" Value="12"/>
<Cov CovItemId="S12" Value="15"/>
<Cov CovItemId="S13" Value="12"/>
<Cov CovItemId="S14" Value="12"/>
<Cov CovItemId="S2" Value="12"/>
<Cov CovItemId="S3" Value="12"/>
<Cov CovItemId="S4" Value="12"/>
<Cov CovItemId="S5" Value="24"/>
<Cov CovItemId="S6" Value="12"/>
<Cov CovItemId="S7" Value="12"/>
<Cov CovItemId="S9" Value="3"/>
</CovPrefix>
<CovPrefix CovItemPrefix="pickr.games.Briscola.java">
<Cov CovItemId="B2" Value="12"/>
<Cov CovItemId="B3" Value="5"/>
<Cov CovItemId="B4" Value="7"/>
<Cov CovItemId="B6" Value="12"/>
<Cov CovItemId="S1" Value="3"/>
<Cov CovItemId="S10" Value="3"/>
<Cov CovItemId="S11" Value="12"/>
<Cov CovItemId="S14" Value="12"/>
<Cov CovItemId="S15" Value="5"/>
<Cov CovItemId="S16" Value="5"/>
<Cov CovItemId="S17" Value="12"/>
<Cov CovItemId="S2" Value="3"/>
<Cov CovItemId="S20" Value="3"/>
<Cov CovItemId="S21" Value="3"/>
<Cov CovItemId="S22" Value="3"/>
<Cov CovItemId="S23" Value="12"/>
<Cov CovItemId="S24" Value="3"/>
<Cov CovItemId="S25" Value="3"/>
<Cov CovItemId="S26" Value="3"/>
<Cov CovItemId="S27" Value="3"/>
<Cov CovItemId="S28" Value="12"/>
<Cov CovItemId="S3" Value="3"/>
<Cov CovItemId="S4" Value="12"/>
<Cov CovItemId="S5" Value="3"/>
<Cov CovItemId="S6" Value="3"/>
<Cov CovItemId="S7" Value="3"/>
<Cov CovItemId="S8" Value="3"/>
<Cov CovItemId="S9" Value="3"/>
</CovPrefix>
<CovPrefix CovItemPrefix="pickr.games.Game.java">
<Cov CovItemId="B1" Value="12"/>
<Cov CovItemId="B3" Value="3"/>
<Cov CovItemId="B4" Value="9"/>
<Cov CovItemId="S1" Value="3"/>
<Cov CovItemId="S10" Value="12"/>
<Cov CovItemId="S11" Value="12"/>
<Cov CovItemId="S12" Value="12"/>
<Cov CovItemId="S14" Value="3"/>
<Cov CovItemId="S15" Value="3"/>
<Cov CovItemId="S16" Value="12"/>
<Cov CovItemId="S17" Value="3"/>
<Cov CovItemId="S18" Value="12"/>
<Cov CovItemId="S19" Value="3"/>
<Cov CovItemId="S2" Value="3"/>
<Cov CovItemId="S20" Value="3"/>
<Cov CovItemId="S21" Value="12"/>
<Cov CovItemId="S22" Value="3"/>
<Cov CovItemId="S23" Value="12"/>
<Cov CovItemId="S24" Value="3"/>
<Cov CovItemId="S25" Value="3"/>
<Cov CovItemId="S26" Value="3"/>
<Cov CovItemId="S27" Value="3"/>
<Cov CovItemId="S28" Value="3"/>
<Cov CovItemId="S3" Value="3"/>
<Cov CovItemId="S4" Value="3"/>
<Cov CovItemId="S5" Value="3"/>
<Cov CovItemId="S6" Value="3"/>
<Cov CovItemId="S7" Value="9"/>
<Cov CovItemId="S8" Value="3"/>
<Cov CovItemId="S9" Value="9"/>
</CovPrefix>
</CovList>
<AssgnmntList>
<AssgnmntPrefix RootTermCovItemPrefix="pickr.classes.Deck.java">
<AssgnmntListEntry Length="1" RootTermCovItemId="C1">
<MapEntry BoolAssgnmnt="0" Value="5"/>
<MapEntry BoolAssgnmnt="1" Value="50"/>
</AssgnmntListEntry>
<AssgnmntListEntry Length="1" RootTermCovItemId="C2">
<MapEntry BoolAssgnmnt="0" Value="12"/>
</AssgnmntListEntry>
<AssgnmntListEntry Length="1" RootTermCovItemId="C3">
<MapEntry BoolAssgnmnt="1" Value="12"/>
</AssgnmntListEntry>
<AssgnmntListEntry Length="1" RootTermCovItemId="C4">
<MapEntry BoolAssgnmnt="0" Value="12"/>
<MapEntry BoolAssgnmnt="1" Value="36"/>
</AssgnmntListEntry>
</AssgnmntPrefix>
<AssgnmntPrefix RootTermCovItemPrefix="pickr.classes.GamingCard.java">
<AssgnmntListEntry Length="2" RootTermCovItemId="C1">
<MapEntry BoolAssgnmnt="02" Value="20"/>
<MapEntry BoolAssgnmnt="10" Value="20"/>
<MapEntry BoolAssgnmnt="11" Value="160"/>
</AssgnmntListEntry>
<AssgnmntListEntry Length="2" RootTermCovItemId="C2">
<MapEntry BoolAssgnmnt="00" Value="200"/>
</AssgnmntListEntry>
</AssgnmntPrefix>
<AssgnmntPrefix RootTermCovItemPrefix="pickr.games.Briscola.java">
<AssgnmntListEntry Length="3" RootTermCovItemId="C1">
<MapEntry BoolAssgnmnt="022" Value="6"/>
<MapEntry BoolAssgnmnt="102" Value="6"/>
</AssgnmntListEntry>
<AssgnmntListEntry Length="3" RootTermCovItemId="C2">
<MapEntry BoolAssgnmnt="022" Value="6"/>
<MapEntry BoolAssgnmnt="110" Value="1"/>
<MapEntry BoolAssgnmnt="111" Value="5"/>
</AssgnmntListEntry>
<AssgnmntListEntry Length="3" RootTermCovItemId="C3">
<MapEntry BoolAssgnmnt="122" Value="1"/>
<MapEntry BoolAssgnmnt="002" Value="11"/>
</AssgnmntListEntry>
</AssgnmntPrefix>
<AssgnmntPrefix RootTermCovItemPrefix="pickr.games.Game.java">
<AssgnmntListEntry Length="1" RootTermCovItemId="C1">
<MapEntry BoolAssgnmnt="1" Value="12"/>
</AssgnmntListEntry>
<AssgnmntListEntry Length="1" RootTermCovItemId="C2">
<MapEntry BoolAssgnmnt="0" Value="9"/>
<MapEntry BoolAssgnmnt="1" Value="3"/>
</AssgnmntListEntry>
</AssgnmntPrefix>
</AssgnmntList>
<ObjMetaDataList/>
<MetaDataList/>
</TestCase>
<TestCase Comment="" Date="1598619558559" Name="randoop.RandoopTest0:test113">
<CovList>
<CovPrefix CovItemPrefix="pickr.classes.Deck.java">
<Cov CovItemId="B1" Value="16"/>
<Cov CovItemId="B3" Value="16"/>
<Cov CovItemId="S1" Value="7"/>
<Cov CovItemId="S10" Value="16"/>
<Cov CovItemId="S11" Value="16"/>
<Cov CovItemId="S12" Value="16"/>
<Cov CovItemId="S13" Value="48"/>
<Cov CovItemId="S14" Value="16"/>
<Cov CovItemId="S2" Value="29"/>
<Cov CovItemId="S3" Value="7"/>
<Cov CovItemId="S4" Value="70"/>
<Cov CovItemId="S5" Value="280"/>
<Cov CovItemId="S6" Value="4"/>
<Cov CovItemId="S7" Value="16"/>
<Cov CovItemId="S8" Value="16"/>
</CovPrefix>
<CovPrefix CovItemPrefix="pickr.classes.GamingCard.java">
<Cov CovItemId="B1" Value="224"/>
<Cov CovItemId="B2" Value="56"/>
<Cov CovItemId="B4" Value="280"/>
<Cov CovItemId="S1" Value="280"/>
<Cov CovItemId="S10" Value="280"/>
<Cov CovItemId="S12" Value="280"/>
<Cov CovItemId="S13" Value="74"/>
<Cov CovItemId="S2" Value="280"/>
<Cov CovItemId="S3" Value="280"/>
<Cov CovItemId="S4" Value="34"/>
<Cov CovItemId="S6" Value="112"/>
<Cov CovItemId="S7" Value="280"/>
<Cov CovItemId="S8" Value="224"/>
<Cov CovItemId="S9" Value="56"/>
</CovPrefix>
<CovPrefix CovItemPrefix="pickr.classes.Player.java">
<Cov CovItemId="S1" Value="16"/>
<Cov CovItemId="S12" Value="20"/>
<Cov CovItemId="S13" Value="16"/>
<Cov CovItemId="S14" Value="16"/>
<Cov CovItemId="S2" Value="16"/>
<Cov CovItemId="S3" Value="16"/>
<Cov CovItemId="S4" Value="16"/>
<Cov CovItemId="S5" Value="32"/>
<Cov CovItemId="S6" Value="16"/>
<Cov CovItemId="S7" Value="16"/>
<Cov CovItemId="S9" Value="4"/>
</CovPrefix>
<CovPrefix CovItemPrefix="pickr.games.Briscola.java">
<Cov CovItemId="B2" Value="16"/>
<Cov CovItemId="B3" Value="2"/>
<Cov CovItemId="B4" Value="14"/>
<Cov CovItemId="B5" Value="1"/>
<Cov CovItemId="B6" Value="15"/>
<Cov CovItemId="S1" Value="4"/>
<Cov CovItemId="S10" Value="4"/>
<Cov CovItemId="S11" Value="16"/>
<Cov CovItemId="S14" Value="16"/>
<Cov CovItemId="S15" Value="2"/>
<Cov CovItemId="S16" Value="2"/>
<Cov CovItemId="S17" Value="16"/>
<Cov CovItemId="S18" Value="1"/>
<Cov CovItemId="S19" Value="1"/>
<Cov CovItemId="S2" Value="4"/>
<Cov CovItemId="S20" Value="4"/>
<Cov CovItemId="S21" Value="4"/>
<Cov CovItemId="S22" Value="4"/>
<Cov CovItemId="S23" Value="16"/>
<Cov CovItemId="S24" Value="4"/>
<Cov CovItemId="S25" Value="4"/>
<Cov CovItemId="S26" Value="4"/>
<Cov CovItemId="S27" Value="4"/>
<Cov CovItemId="S28" Value="16"/>
<Cov CovItemId="S3" Value="4"/>
<Cov CovItemId="S4" Value="16"/>
<Cov CovItemId="S5" Value="4"/>
<Cov CovItemId="S6" Value="4"/>
<Cov CovItemId="S7" Value="4"/>
<Cov CovItemId="S8" Value="4"/>
<Cov CovItemId="S9" Value="4"/>
</CovPrefix>
<CovPrefix CovItemPrefix="pickr.games.Game.java">
<Cov CovItemId="B1" Value="16"/>
<Cov CovItemId="B3" Value="4"/>
<Cov CovItemId="B4" Value="12"/>
<Cov CovItemId="S1" Value="4"/>
<Cov CovItemId="S10" Value="16"/>
<Cov CovItemId="S11" Value="16"/>
<Cov CovItemId="S12" Value="16"/>
<Cov CovItemId="S14" Value="4"/>
<Cov CovItemId="S15" Value="4"/>
<Cov CovItemId="S16" Value="16"/>
<Cov CovItemId="S17" Value="4"/>
<Cov CovItemId="S18" Value="16"/>
<Cov CovItemId="S19" Value="4"/>
<Cov CovItemId="S2" Value="4"/>
<Cov CovItemId="S20" Value="4"/>
<Cov CovItemId="S21" Value="16"/>
<Cov CovItemId="S22" Value="4"/>
<Cov CovItemId="S23" Value="16"/>
<Cov CovItemId="S24" Value="4"/>
<Cov CovItemId="S25" Value="4"/>
<Cov CovItemId="S26" Value="4"/>
<Cov CovItemId="S27" Value="4"/>
<Cov CovItemId="S28" Value="4"/>
<Cov CovItemId="S3" Value="4"/>
<Cov CovItemId="S4" Value="4"/>
<Cov CovItemId="S5" Value="4"/>
<Cov CovItemId="S6" Value="4"/>
<Cov CovItemId="S7" Value="12"/>
<Cov CovItemId="S8" Value="4"/>
<Cov CovItemId="S9" Value="12"/>
</CovPrefix>
</CovList>
<AssgnmntList>
<AssgnmntPrefix RootTermCovItemPrefix="pickr.classes.Deck.java">
<AssgnmntListEntry Length="1" RootTermCovItemId="C1">
<MapEntry BoolAssgnmnt="0" Value="7"/>
<MapEntry BoolAssgnmnt="1" Value="70"/>
</AssgnmntListEntry>
<AssgnmntListEntry Length="1" RootTermCovItemId="C2">
<MapEntry BoolAssgnmnt="0" Value="16"/>
</AssgnmntListEntry>
<AssgnmntListEntry Length="1" RootTermCovItemId="C3">
<MapEntry BoolAssgnmnt="1" Value="16"/>
</AssgnmntListEntry>
<AssgnmntListEntry Length="1" RootTermCovItemId="C4">
<MapEntry BoolAssgnmnt="0" Value="16"/>
<MapEntry BoolAssgnmnt="1" Value="48"/>
</AssgnmntListEntry>
</AssgnmntPrefix>
<AssgnmntPrefix RootTermCovItemPrefix="pickr.classes.GamingCard.java">
<AssgnmntListEntry Length="2" RootTermCovItemId="C1">
<MapEntry BoolAssgnmnt="02" Value="28"/>
<MapEntry BoolAssgnmnt="10" Value="28"/>
<MapEntry BoolAssgnmnt="11" Value="224"/>
</AssgnmntListEntry>
<AssgnmntListEntry Length="2" RootTermCovItemId="C2">
<MapEntry BoolAssgnmnt="00" Value="280"/>
</AssgnmntListEntry>
</AssgnmntPrefix>
<AssgnmntPrefix RootTermCovItemPrefix="pickr.games.Briscola.java">
<AssgnmntListEntry Length="3" RootTermCovItemId="C1">
<MapEntry BoolAssgnmnt="022" Value="11"/>
<MapEntry BoolAssgnmnt="102" Value="4"/>
<MapEntry BoolAssgnmnt="110" Value="1"/>
</AssgnmntListEntry>
<AssgnmntListEntry Length="3" RootTermCovItemId="C2">
<MapEntry BoolAssgnmnt="022" Value="11"/>
<MapEntry BoolAssgnmnt="102" Value="1"/>
<MapEntry BoolAssgnmnt="110" Value="2"/>
<MapEntry BoolAssgnmnt="111" Value="2"/>
</AssgnmntListEntry>
<AssgnmntListEntry Length="3" RootTermCovItemId="C3">
<MapEntry BoolAssgnmnt="122" Value="3"/>
<MapEntry BoolAssgnmnt="002" Value="11"/>
<MapEntry BoolAssgnmnt="010" Value="1"/>
<MapEntry BoolAssgnmnt="011" Value="1"/>
</AssgnmntListEntry>
</AssgnmntPrefix>
<AssgnmntPrefix RootTermCovItemPrefix="pickr.games.Game.java">
<AssgnmntListEntry Length="1" RootTermCovItemId="C1">
<MapEntry BoolAssgnmnt="1" Value="16"/>
</AssgnmntListEntry>
<AssgnmntListEntry Length="1" RootTermCovItemId="C2">
<MapEntry BoolAssgnmnt="0" Value="12"/>
<MapEntry BoolAssgnmnt="1" Value="4"/>
</AssgnmntListEntry>
</AssgnmntPrefix>
</AssgnmntList>
<ObjMetaDataList/>
<MetaDataList/>
</TestCase>
<TestCase Comment="" Date="1598619558560" Name="randoop.RandoopTest0:test114">
<CovList>
<CovPrefix CovItemPrefix="pickr.classes.Deck.java">
<Cov CovItemId="B1" Value="12"/>
<Cov CovItemId="B3" Value="12"/>
<Cov CovItemId="S1" Value="3"/>
<Cov CovItemId="S10" Value="12"/>
<Cov CovItemId="S11" Value="12"/>
<Cov CovItemId="S12" Value="12"/>
<Cov CovItemId="S13" Value="36"/>
<Cov CovItemId="S14" Value="12"/>
<Cov CovItemId="S2" Value="15"/>
<Cov CovItemId="S3" Value="3"/>
<Cov CovItemId="S4" Value="30"/>
<Cov CovItemId="S5" Value="120"/>
<Cov CovItemId="S6" Value="3"/>
<Cov CovItemId="S7" Value="12"/>
<Cov CovItemId="S8" Value="12"/>
</CovPrefix>
<CovPrefix CovItemPrefix="pickr.classes.GamingCard.java">
<Cov CovItemId="B1" Value="97"/>
<Cov CovItemId="B2" Value="24"/>
<Cov CovItemId="B3" Value="1"/>
<Cov CovItemId="B4" Value="120"/>
<Cov CovItemId="S1" Value="121"/>
<Cov CovItemId="S10" Value="121"/>
<Cov CovItemId="S11" Value="1"/>
<Cov CovItemId="S12" Value="120"/>
<Cov CovItemId="S13" Value="57"/>
<Cov CovItemId="S2" Value="121"/>
<Cov CovItemId="S3" Value="121"/>
<Cov CovItemId="S4" Value="23"/>
<Cov CovItemId="S6" Value="84"/>
<Cov CovItemId="S7" Value="121"/>
<Cov CovItemId="S8" Value="97"/>
<Cov CovItemId="S9" Value="24"/>
</CovPrefix>
<CovPrefix CovItemPrefix="pickr.classes.Player.java">
<Cov CovItemId="S1" Value="12"/>
<Cov CovItemId="S12" Value="15"/>
<Cov CovItemId="S13" Value="12"/>
<Cov CovItemId="S14" Value="12"/>
<Cov CovItemId="S2" Value="12"/>
<Cov CovItemId="S3" Value="12"/>
<Cov CovItemId="S4" Value="12"/>
<Cov CovItemId="S5" Value="24"/>
<Cov CovItemId="S6" Value="12"/>
<Cov CovItemId="S7" Value="12"/>
<Cov CovItemId="S9" Value="3"/>
</CovPrefix>
<CovPrefix CovItemPrefix="pickr.games.Briscola.java">
<Cov CovItemId="B2" Value="12"/>
<Cov CovItemId="B3" Value="1"/>
<Cov CovItemId="B4" Value="11"/>
<Cov CovItemId="B5" Value="2"/>
<Cov CovItemId="B6" Value="10"/>
<Cov CovItemId="S1" Value="3"/>
<Cov CovItemId="S10" Value="3"/>
<Cov CovItemId="S11" Value="12"/>
<Cov CovItemId="S14" Value="12"/>
<Cov CovItemId="S15" Value="1"/>
<Cov CovItemId="S16" Value="1"/>
<Cov CovItemId="S17" Value="12"/>
<Cov CovItemId="S18" Value="2"/>
<Cov CovItemId="S19" Value="2"/>
<Cov CovItemId="S2" Value="3"/>
<Cov CovItemId="S20" Value="3"/>
<Cov CovItemId="S21" Value="3"/>
<Cov CovItemId="S22" Value="3"/>
<Cov CovItemId="S23" Value="12"/>
<Cov CovItemId="S24" Value="3"/>
<Cov CovItemId="S25" Value="3"/>
<Cov CovItemId="S26" Value="3"/>
<Cov CovItemId="S27" Value="3"/>
<Cov CovItemId="S28" Value="12"/>
<Cov CovItemId="S3" Value="3"/>
<Cov CovItemId="S4" Value="12"/>
<Cov CovItemId="S5" Value="3"/>
<Cov CovItemId="S6" Value="3"/>
<Cov CovItemId="S7" Value="3"/>
<Cov CovItemId="S8" Value="3"/>
<Cov CovItemId="S9" Value="3"/>
</CovPrefix>
<CovPrefix CovItemPrefix="pickr.games.Game.java">
<Cov CovItemId="B1" Value="12"/>
<Cov CovItemId="B3" Value="3"/>
<Cov CovItemId="B4" Value="9"/>
<Cov CovItemId="S1" Value="3"/>
<Cov CovItemId="S10" Value="12"/>
<Cov CovItemId="S11" Value="12"/>
<Cov CovItemId="S12" Value="12"/>
<Cov CovItemId="S14" Value="3"/>
<Cov CovItemId="S15" Value="3"/>
<Cov CovItemId="S16" Value="12"/>
<Cov CovItemId="S17" Value="3"/>
<Cov CovItemId="S18" Value="12"/>
<Cov CovItemId="S19" Value="3"/>
<Cov CovItemId="S2" Value="3"/>
<Cov CovItemId="S20" Value="3"/>
<Cov CovItemId="S21" Value="12"/>
<Cov CovItemId="S22" Value="3"/>
<Cov CovItemId="S23" Value="12"/>
<Cov CovItemId="S24" Value="3"/>
<Cov CovItemId="S25" Value="3"/>
<Cov CovItemId="S26" Value="3"/>
<Cov CovItemId="S27" Value="3"/>
<Cov CovItemId="S28" Value="3"/>
<Cov CovItemId="S3" Value="3"/>
<Cov CovItemId="S4" Value="3"/>
<Cov CovItemId="S5" Value="3"/>
<Cov CovItemId="S6" Value="3"/>
<Cov CovItemId="S7" Value="9"/>
<Cov CovItemId="S8" Value="3"/>
<Cov CovItemId="S9" Value="9"/>
</CovPrefix>
</CovList>
<AssgnmntList>
<AssgnmntPrefix RootTermCovItemPrefix="pickr.classes.Deck.java">
<AssgnmntListEntry Length="1" RootTermCovItemId="C1">
<MapEntry BoolAssgnmnt="0" Value="3"/>
<MapEntry BoolAssgnmnt="1" Value="30"/>
</AssgnmntListEntry>
<AssgnmntListEntry Length="1" RootTermCovItemId="C2">
<MapEntry BoolAssgnmnt="0" Value="12"/>
</AssgnmntListEntry>
<AssgnmntListEntry Length="1" RootTermCovItemId="C3">
<MapEntry BoolAssgnmnt="1" Value="12"/>
</AssgnmntListEntry>
<AssgnmntListEntry Length="1" RootTermCovItemId="C4">
<MapEntry BoolAssgnmnt="0" Value="12"/>
<MapEntry BoolAssgnmnt="1" Value="36"/>
</AssgnmntListEntry>
</AssgnmntPrefix>
<AssgnmntPrefix RootTermCovItemPrefix="pickr.classes.GamingCard.java">
<AssgnmntListEntry Length="2" RootTermCovItemId="C1">
<MapEntry BoolAssgnmnt="02" Value="12"/>
<MapEntry BoolAssgnmnt="10" Value="12"/>
<MapEntry BoolAssgnmnt="11" Value="97"/>
</AssgnmntListEntry>
<AssgnmntListEntry Length="2" RootTermCovItemId="C2">
<MapEntry BoolAssgnmnt="00" Value="120"/>
<MapEntry BoolAssgnmnt="01" Value="1"/>
</AssgnmntListEntry>
</AssgnmntPrefix>
<AssgnmntPrefix RootTermCovItemPrefix="pickr.games.Briscola.java">
<AssgnmntListEntry Length="3" RootTermCovItemId="C1">
<MapEntry BoolAssgnmnt="022" Value="11"/>
<MapEntry BoolAssgnmnt="102" Value="1"/>
</AssgnmntListEntry>
<AssgnmntListEntry Length="3" RootTermCovItemId="C2">
<MapEntry BoolAssgnmnt="022" Value="11"/>
<MapEntry BoolAssgnmnt="111" Value="1"/>
</AssgnmntListEntry>
<AssgnmntListEntry Length="3" RootTermCovItemId="C3">
<MapEntry BoolAssgnmnt="002" Value="7"/>
<MapEntry BoolAssgnmnt="010" Value="3"/>
<MapEntry BoolAssgnmnt="011" Value="2"/>
</AssgnmntListEntry>
</AssgnmntPrefix>
<AssgnmntPrefix RootTermCovItemPrefix="pickr.games.Game.java">
<AssgnmntListEntry Length="1" RootTermCovItemId="C1">
<MapEntry BoolAssgnmnt="1" Value="12"/>
</AssgnmntListEntry>
<AssgnmntListEntry Length="1" RootTermCovItemId="C2">
<MapEntry BoolAssgnmnt="0" Value="9"/>
<MapEntry BoolAssgnmnt="1" Value="3"/>
</AssgnmntListEntry>
</AssgnmntPrefix>
</AssgnmntList>
<ObjMetaDataList/>
<MetaDataList/>
</TestCase>
<TestCase Comment="" Date="1598619558561" Name="randoop.RandoopTest0:test115">
<CovList>
<CovPrefix CovItemPrefix="pickr.classes.Deck.java">
<Cov CovItemId="B1" Value="44"/>
<Cov CovItemId="B2" Value="1"/>
<Cov CovItemId="B3" Value="20"/>
<Cov CovItemId="S1" Value="7"/>
<Cov CovItemId="S10" Value="20"/>
<Cov CovItemId="S11" Value="20"/>
<Cov CovItemId="S12" Value="20"/>
<Cov CovItemId="S13" Value="60"/>
<Cov CovItemId="S14" Value="20"/>
<Cov CovItemId="S2" Value="29"/>
<Cov CovItemId="S3" Value="7"/>
<Cov CovItemId="S4" Value="70"/>
<Cov CovItemId="S5" Value="280"/>
<Cov CovItemId="S6" Value="5"/>
<Cov CovItemId="S7" Value="45"/>
<Cov CovItemId="S8" Value="44"/>
<Cov CovItemId="S9" Value="1"/>
</CovPrefix>
<CovPrefix CovItemPrefix="pickr.classes.GamingCard.java">
<Cov CovItemId="B1" Value="224"/>
<Cov CovItemId="B2" Value="56"/>
<Cov CovItemId="B4" Value="280"/>
<Cov CovItemId="S1" Value="280"/>
<Cov CovItemId="S10" Value="280"/>
<Cov CovItemId="S12" Value="280"/>
<Cov CovItemId="S13" Value="128"/>
<Cov CovItemId="S2" Value="280"/>
<Cov CovItemId="S3" Value="280"/>
<Cov CovItemId="S4" Value="96"/>
<Cov CovItemId="S6" Value="336"/>
<Cov CovItemId="S7" Value="280"/>
<Cov CovItemId="S8" Value="224"/>
<Cov CovItemId="S9" Value="56"/>
</CovPrefix>
<CovPrefix CovItemPrefix="pickr.classes.Player.java">
<Cov CovItemId="S1" Value="20"/>
<Cov CovItemId="S12" Value="28"/>
<Cov CovItemId="S13" Value="48"/>
<Cov CovItemId="S14" Value="44"/>
<Cov CovItemId="S2" Value="20"/>
<Cov CovItemId="S3" Value="20"/>
<Cov CovItemId="S4" Value="20"/>
<Cov CovItemId="S5" Value="64"/>
<Cov CovItemId="S6" Value="20"/>
<Cov CovItemId="S7" Value="48"/>
<Cov CovItemId="S9" Value="12"/>
</CovPrefix>
<CovPrefix CovItemPrefix="pickr.games.Briscola.java">
<Cov CovItemId="B1" Value="1"/>
<Cov CovItemId="B2" Value="47"/>
<Cov CovItemId="B3" Value="7"/>
<Cov CovItemId="B4" Value="41"/>
<Cov CovItemId="B5" Value="2"/>
<Cov CovItemId="B6" Value="46"/>
<Cov CovItemId="S1" Value="5"/>
<Cov CovItemId="S10" Value="12"/>
<Cov CovItemId="S11" Value="48"/>
<Cov CovItemId="S12" Value="1"/>
<Cov CovItemId="S13" Value="1"/>
<Cov CovItemId="S14" Value="48"/>
<Cov CovItemId="S15" Value="7"/>
<Cov CovItemId="S16" Value="7"/>
<Cov CovItemId="S17" Value="48"/>
<Cov CovItemId="S18" Value="2"/>
<Cov CovItemId="S19" Value="2"/>
<Cov CovItemId="S2" Value="5"/>
<Cov CovItemId="S20" Value="12"/>
<Cov CovItemId="S21" Value="12"/>
<Cov CovItemId="S22" Value="12"/>
<Cov CovItemId="S23" Value="48"/>
<Cov CovItemId="S24" Value="12"/>
<Cov CovItemId="S25" Value="12"/>
<Cov CovItemId="S26" Value="12"/>
<Cov CovItemId="S27" Value="12"/>
<Cov CovItemId="S28" Value="45"/>
<Cov CovItemId="S3" Value="5"/>
<Cov CovItemId="S4" Value="20"/>
<Cov CovItemId="S5" Value="5"/>
<Cov CovItemId="S6" Value="5"/>
<Cov CovItemId="S7" Value="5"/>
<Cov CovItemId="S8" Value="5"/>
<Cov CovItemId="S9" Value="12"/>
</CovPrefix>
<CovPrefix CovItemPrefix="pickr.games.Game.java">
<Cov CovItemId="B1" Value="20"/>
<Cov CovItemId="B3" Value="12"/>
<Cov CovItemId="B4" Value="36"/>
<Cov CovItemId="S1" Value="5"/>
<Cov CovItemId="S10" Value="25"/>
<Cov CovItemId="S11" Value="20"/>
<Cov CovItemId="S12" Value="20"/>
<Cov CovItemId="S14" Value="12"/>
<Cov CovItemId="S15" Value="12"/>
<Cov CovItemId="S16" Value="48"/>
<Cov CovItemId="S17" Value="12"/>
<Cov CovItemId="S18" Value="48"/>
<Cov CovItemId="S19" Value="12"/>
<Cov CovItemId="S2" Value="5"/>
<Cov CovItemId="S20" Value="12"/>
<Cov CovItemId="S21" Value="48"/>
<Cov CovItemId="S22" Value="12"/>
<Cov CovItemId="S23" Value="48"/>
<Cov CovItemId="S24" Value="12"/>
<Cov CovItemId="S25" Value="12"/>
<Cov CovItemId="S26" Value="12"/>
<Cov CovItemId="S27" Value="12"/>
<Cov CovItemId="S28" Value="12"/>
<Cov CovItemId="S3" Value="5"/>
<Cov CovItemId="S4" Value="5"/>
<Cov CovItemId="S5" Value="5"/>
<Cov CovItemId="S6" Value="5"/>
<Cov CovItemId="S7" Value="13"/>
<Cov CovItemId="S8" Value="4"/>
<Cov CovItemId="S9" Value="36"/>
</CovPrefix>
</CovList>
<AssgnmntList>
<AssgnmntPrefix RootTermCovItemPrefix="pickr.classes.Deck.java">
<AssgnmntListEntry Length="1" RootTermCovItemId="C1">
<MapEntry BoolAssgnmnt="0" Value="7"/>
<MapEntry BoolAssgnmnt="1" Value="70"/>
</AssgnmntListEntry>
<AssgnmntListEntry Length="1" RootTermCovItemId="C2">
<MapEntry BoolAssgnmnt="0" Value="44"/>
<MapEntry BoolAssgnmnt="1" Value="1"/>
</AssgnmntListEntry>
<AssgnmntListEntry Length="1" RootTermCovItemId="C3">
<MapEntry BoolAssgnmnt="1" Value="20"/>
</AssgnmntListEntry>
<AssgnmntListEntry Length="1" RootTermCovItemId="C4">
<MapEntry BoolAssgnmnt="0" Value="20"/>
<MapEntry BoolAssgnmnt="1" Value="60"/>
</AssgnmntListEntry>
</AssgnmntPrefix>
<AssgnmntPrefix RootTermCovItemPrefix="pickr.classes.GamingCard.java">
<AssgnmntListEntry Length="2" RootTermCovItemId="C1">
<MapEntry BoolAssgnmnt="02" Value="28"/>
<MapEntry BoolAssgnmnt="10" Value="28"/>
<MapEntry BoolAssgnmnt="11" Value="224"/>
</AssgnmntListEntry>
<AssgnmntListEntry Length="2" RootTermCovItemId="C2">
<MapEntry BoolAssgnmnt="00" Value="280"/>
</AssgnmntListEntry>
</AssgnmntPrefix>
<AssgnmntPrefix RootTermCovItemPrefix="pickr.games.Briscola.java">
<AssgnmntListEntry Length="3" RootTermCovItemId="C1">
<MapEntry BoolAssgnmnt="022" Value="34"/>
<MapEntry BoolAssgnmnt="102" Value="8"/>
<MapEntry BoolAssgnmnt="110" Value="5"/>
<MapEntry BoolAssgnmnt="111" Value="1"/>
</AssgnmntListEntry>
<AssgnmntListEntry Length="3" RootTermCovItemId="C2">
<MapEntry BoolAssgnmnt="022" Value="35"/>
<MapEntry BoolAssgnmnt="102" Value="5"/>
<MapEntry BoolAssgnmnt="110" Value="1"/>
<MapEntry BoolAssgnmnt="111" Value="7"/>
</AssgnmntListEntry>
<AssgnmntListEntry Length="3" RootTermCovItemId="C3">
<MapEntry BoolAssgnmnt="122" Value="6"/>
<MapEntry BoolAssgnmnt="002" Value="34"/>
<MapEntry BoolAssgnmnt="010" Value="6"/>
<MapEntry BoolAssgnmnt="011" Value="2"/>
</AssgnmntListEntry>
</AssgnmntPrefix>
<AssgnmntPrefix RootTermCovItemPrefix="pickr.games.Game.java">
<AssgnmntListEntry Length="1" RootTermCovItemId="C1">
<MapEntry BoolAssgnmnt="1" Value="20"/>
</AssgnmntListEntry>
<AssgnmntListEntry Length="1" RootTermCovItemId="C2">
<MapEntry BoolAssgnmnt="0" Value="36"/>
<MapEntry BoolAssgnmnt="1" Value="12"/>
</AssgnmntListEntry>
</AssgnmntPrefix>
</AssgnmntList>
<ObjMetaDataList/>
<MetaDataList/>
</TestCase>
<TestCase Comment="" Date="1598619558563" Name="randoop.RandoopTest0:test116">
<CovList>
<CovPrefix CovItemPrefix="pickr.classes.Deck.java">
<Cov CovItemId="B1" Value="28"/>
<Cov CovItemId="B3" Value="28"/>
<Cov CovItemId="S1" Value="12"/>
<Cov CovItemId="S10" Value="28"/>
<Cov CovItemId="S11" Value="28"/>
<Cov CovItemId="S12" Value="28"/>
<Cov CovItemId="S13" Value="84"/>
<Cov CovItemId="S14" Value="28"/>
<Cov CovItemId="S2" Value="50"/>
<Cov CovItemId="S3" Value="12"/>
<Cov CovItemId="S4" Value="120"/>
<Cov CovItemId="S5" Value="480"/>
<Cov CovItemId="S6" Value="7"/>
<Cov CovItemId="S7" Value="28"/>
<Cov CovItemId="S8" Value="28"/>
</CovPrefix>
<CovPrefix CovItemPrefix="pickr.classes.GamingCard.java">
<Cov CovItemId="B1" Value="384"/>
<Cov CovItemId="B2" Value="96"/>
<Cov CovItemId="B4" Value="480"/>
<Cov CovItemId="S1" Value="480"/>
<Cov CovItemId="S10" Value="480"/>
<Cov CovItemId="S12" Value="480"/>
<Cov CovItemId="S13" Value="129"/>
<Cov CovItemId="S2" Value="480"/>
<Cov CovItemId="S3" Value="480"/>
<Cov CovItemId="S4" Value="57"/>
<Cov CovItemId="S6" Value="196"/>
<Cov CovItemId="S7" Value="480"/>
<Cov CovItemId="S8" Value="384"/>
<Cov CovItemId="S9" Value="96"/>
</CovPrefix>
<CovPrefix CovItemPrefix="pickr.classes.Player.java">
<Cov CovItemId="S1" Value="28"/>
<Cov CovItemId="S12" Value="35"/>
<Cov CovItemId="S13" Value="28"/>
<Cov CovItemId="S14" Value="28"/>
<Cov CovItemId="S2" Value="28"/>
<Cov CovItemId="S3" Value="28"/>
<Cov CovItemId="S4" Value="28"/>
<Cov CovItemId="S5" Value="56"/>
<Cov CovItemId="S6" Value="28"/>
<Cov CovItemId="S7" Value="28"/>
<Cov CovItemId="S9" Value="7"/>
</CovPrefix>
<CovPrefix CovItemPrefix="pickr.games.Briscola.java">
<Cov CovItemId="B1" Value="1"/>
<Cov CovItemId="B2" Value="27"/>
<Cov CovItemId="B3" Value="3"/>
<Cov CovItemId="B4" Value="25"/>
<Cov CovItemId="B5" Value="1"/>
<Cov CovItemId="B6" Value="27"/>
<Cov CovItemId="S1" Value="7"/>
<Cov CovItemId="S10" Value="7"/>
<Cov CovItemId="S11" Value="28"/>
<Cov CovItemId="S12" Value="1"/>
<Cov CovItemId="S13" Value="1"/>
<Cov CovItemId="S14" Value="28"/>
<Cov CovItemId="S15" Value="3"/>
<Cov CovItemId="S16" Value="3"/>
<Cov CovItemId="S17" Value="28"/>
<Cov CovItemId="S18" Value="1"/>
<Cov CovItemId="S19" Value="1"/>
<Cov CovItemId="S2" Value="7"/>
<Cov CovItemId="S20" Value="7"/>
<Cov CovItemId="S21" Value="7"/>
<Cov CovItemId="S22" Value="7"/>
<Cov CovItemId="S23" Value="28"/>
<Cov CovItemId="S24" Value="7"/>
<Cov CovItemId="S25" Value="7"/>
<Cov CovItemId="S26" Value="7"/>
<Cov CovItemId="S27" Value="7"/>
<Cov CovItemId="S28" Value="28"/>
<Cov CovItemId="S3" Value="7"/>
<Cov CovItemId="S4" Value="28"/>
<Cov CovItemId="S5" Value="7"/>
<Cov CovItemId="S6" Value="7"/>
<Cov CovItemId="S7" Value="7"/>
<Cov CovItemId="S8" Value="7"/>
<Cov CovItemId="S9" Value="7"/>
</CovPrefix>
<CovPrefix CovItemPrefix="pickr.games.Game.java">
<Cov CovItemId="B1" Value="28"/>
<Cov CovItemId="B3" Value="7"/>
<Cov CovItemId="B4" Value="21"/>
<Cov CovItemId="S1" Value="7"/>
<Cov CovItemId="S10" Value="28"/>
<Cov CovItemId="S11" Value="28"/>
<Cov CovItemId="S12" Value="28"/>
<Cov CovItemId="S14" Value="7"/>
<Cov CovItemId="S15" Value="7"/>
<Cov CovItemId="S16" Value="28"/>
<Cov CovItemId="S17" Value="7"/>
<Cov CovItemId="S18" Value="28"/>
<Cov CovItemId="S19" Value="7"/>
<Cov CovItemId="S2" Value="7"/>
<Cov CovItemId="S20" Value="7"/>
<Cov CovItemId="S21" Value="28"/>
<Cov CovItemId="S22" Value="7"/>
<Cov CovItemId="S23" Value="28"/>
<Cov CovItemId="S24" Value="7"/>
<Cov CovItemId="S25" Value="7"/>
<Cov CovItemId="S26" Value="7"/>
<Cov CovItemId="S27" Value="7"/>
<Cov CovItemId="S28" Value="7"/>
<Cov CovItemId="S3" Value="7"/>
<Cov CovItemId="S4" Value="7"/>
<Cov CovItemId="S5" Value="7"/>
<Cov CovItemId="S6" Value="7"/>
<Cov CovItemId="S7" Value="21"/>
<Cov CovItemId="S8" Value="7"/>
<Cov CovItemId="S9" Value="21"/>
</CovPrefix>
</CovList>
<AssgnmntList>
<AssgnmntPrefix RootTermCovItemPrefix="pickr.classes.Deck.java">
<AssgnmntListEntry Length="1" RootTermCovItemId="C1">
<MapEntry BoolAssgnmnt="0" Value="12"/>
<MapEntry BoolAssgnmnt="1" Value="120"/>
</AssgnmntListEntry>
<AssgnmntListEntry Length="1" RootTermCovItemId="C2">
<MapEntry BoolAssgnmnt="0" Value="28"/>
</AssgnmntListEntry>
<AssgnmntListEntry Length="1" RootTermCovItemId="C3">
<MapEntry BoolAssgnmnt="1" Value="28"/>
</AssgnmntListEntry>
<AssgnmntListEntry Length="1" RootTermCovItemId="C4">
<MapEntry BoolAssgnmnt="0" Value="28"/>
<MapEntry BoolAssgnmnt="1" Value="84"/>
</AssgnmntListEntry>
</AssgnmntPrefix>
<AssgnmntPrefix RootTermCovItemPrefix="pickr.classes.GamingCard.java">
<AssgnmntListEntry Length="2" RootTermCovItemId="C1">
<MapEntry BoolAssgnmnt="02" Value="48"/>
<MapEntry BoolAssgnmnt="10" Value="48"/>
<MapEntry BoolAssgnmnt="11" Value="384"/>
</AssgnmntListEntry>
<AssgnmntListEntry Length="2" RootTermCovItemId="C2">
<MapEntry BoolAssgnmnt="00" Value="480"/>
</AssgnmntListEntry>
</AssgnmntPrefix>
<AssgnmntPrefix RootTermCovItemPrefix="pickr.games.Briscola.java">
<AssgnmntListEntry Length="3" RootTermCovItemId="C1">
<MapEntry BoolAssgnmnt="022" Value="20"/>
<MapEntry BoolAssgnmnt="102" Value="4"/>
<MapEntry BoolAssgnmnt="110" Value="3"/>
<MapEntry BoolAssgnmnt="111" Value="1"/>
</AssgnmntListEntry>
<AssgnmntListEntry Length="3" RootTermCovItemId="C2">
<MapEntry BoolAssgnmnt="022" Value="21"/>
<MapEntry BoolAssgnmnt="102" Value="3"/>
<MapEntry BoolAssgnmnt="110" Value="1"/>
<MapEntry BoolAssgnmnt="111" Value="3"/>
</AssgnmntListEntry>
<AssgnmntListEntry Length="3" RootTermCovItemId="C3">
<MapEntry BoolAssgnmnt="122" Value="4"/>
<MapEntry BoolAssgnmnt="002" Value="21"/>
<MapEntry BoolAssgnmnt="010" Value="2"/>
<MapEntry BoolAssgnmnt="011" Value="1"/>
</AssgnmntListEntry>
</AssgnmntPrefix>
<AssgnmntPrefix RootTermCovItemPrefix="pickr.games.Game.java">
<AssgnmntListEntry Length="1" RootTermCovItemId="C1">
<MapEntry BoolAssgnmnt="1" Value="28"/>
</AssgnmntListEntry>
<AssgnmntListEntry Length="1" RootTermCovItemId="C2">
<MapEntry BoolAssgnmnt="0" Value="21"/>
<MapEntry BoolAssgnmnt="1" Value="7"/>
</AssgnmntListEntry>
</AssgnmntPrefix>
</AssgnmntList>
<ObjMetaDataList/>
<MetaDataList/>
</TestCase>
<TestCase Comment="" Date="1598619558564" Name="randoop.RandoopTest0:test117">
<CovList>
<CovPrefix CovItemPrefix="pickr.classes.Deck.java">
<Cov CovItemId="B1" Value="8"/>
<Cov CovItemId="B3" Value="8"/>
<Cov CovItemId="S1" Value="7"/>
<Cov CovItemId="S10" Value="8"/>
<Cov CovItemId="S11" Value="8"/>
<Cov CovItemId="S12" Value="8"/>
<Cov CovItemId="S13" Value="24"/>
<Cov CovItemId="S14" Value="8"/>
<Cov CovItemId="S2" Value="25"/>
<Cov CovItemId="S3" Value="7"/>
<Cov CovItemId="S4" Value="70"/>
<Cov CovItemId="S5" Value="280"/>
<Cov CovItemId="S6" Value="2"/>
<Cov CovItemId="S7" Value="8"/>
<Cov CovItemId="S8" Value="8"/>
</CovPrefix>
<CovPrefix CovItemPrefix="pickr.classes.GamingCard.java">
<Cov CovItemId="B1" Value="225"/>
<Cov CovItemId="B2" Value="56"/>
<Cov CovItemId="B3" Value="1"/>
<Cov CovItemId="B4" Value="280"/>
<Cov CovItemId="S1" Value="281"/>
<Cov CovItemId="S10" Value="281"/>
<Cov CovItemId="S11" Value="1"/>
<Cov CovItemId="S12" Value="280"/>
<Cov CovItemId="S13" Value="38"/>
<Cov CovItemId="S2" Value="281"/>
<Cov CovItemId="S3" Value="281"/>
<Cov CovItemId="S4" Value="18"/>
<Cov CovItemId="S6" Value="56"/>
<Cov CovItemId="S7" Value="281"/>
<Cov CovItemId="S8" Value="225"/>
<Cov CovItemId="S9" Value="56"/>
</CovPrefix>
<CovPrefix CovItemPrefix="pickr.classes.Player.java">
<Cov CovItemId="S1" Value="8"/>
<Cov CovItemId="S12" Value="10"/>
<Cov CovItemId="S13" Value="8"/>
<Cov CovItemId="S14" Value="8"/>
<Cov CovItemId="S2" Value="8"/>
<Cov CovItemId="S3" Value="8"/>
<Cov CovItemId="S4" Value="8"/>
<Cov CovItemId="S5" Value="16"/>
<Cov CovItemId="S6" Value="8"/>
<Cov CovItemId="S7" Value="8"/>
<Cov CovItemId="S9" Value="2"/>
</CovPrefix>
<CovPrefix CovItemPrefix="pickr.games.Briscola.java">
<Cov CovItemId="B2" Value="8"/>
<Cov CovItemId="B3" Value="2"/>
<Cov CovItemId="B4" Value="6"/>
<Cov CovItemId="B6" Value="8"/>
<Cov CovItemId="S1" Value="2"/>
<Cov CovItemId="S10" Value="2"/>
<Cov CovItemId="S11" Value="8"/>
<Cov CovItemId="S14" Value="8"/>
<Cov CovItemId="S15" Value="2"/>
<Cov CovItemId="S16" Value="2"/>
<Cov CovItemId="S17" Value="8"/>
<Cov CovItemId="S2" Value="2"/>
<Cov CovItemId="S20" Value="2"/>
<Cov CovItemId="S21" Value="2"/>
<Cov CovItemId="S22" Value="2"/>
<Cov CovItemId="S23" Value="8"/>
<Cov CovItemId="S24" Value="2"/>
<Cov CovItemId="S25" Value="2"/>
<Cov CovItemId="S26" Value="2"/>
<Cov CovItemId="S27" Value="2"/>
<Cov CovItemId="S28" Value="8"/>
<Cov CovItemId="S3" Value="2"/>
<Cov CovItemId="S4" Value="8"/>
<Cov CovItemId="S5" Value="2"/>
<Cov CovItemId="S6" Value="2"/>
<Cov CovItemId="S7" Value="2"/>
<Cov CovItemId="S8" Value="2"/>
<Cov CovItemId="S9" Value="2"/>
</CovPrefix>
<CovPrefix CovItemPrefix="pickr.games.Game.java">
<Cov CovItemId="B1" Value="8"/>
<Cov CovItemId="B3" Value="2"/>
<Cov CovItemId="B4" Value="6"/>
<Cov CovItemId="S1" Value="2"/>
<Cov CovItemId="S10" Value="8"/>
<Cov CovItemId="S11" Value="8"/>
<Cov CovItemId="S12" Value="8"/>
<Cov CovItemId="S14" Value="2"/>
<Cov CovItemId="S15" Value="2"/>
<Cov CovItemId="S16" Value="8"/>
<Cov CovItemId="S17" Value="2"/>
<Cov CovItemId="S18" Value="8"/>
<Cov CovItemId="S19" Value="2"/>
<Cov CovItemId="S2" Value="2"/>
<Cov CovItemId="S20" Value="2"/>
<Cov CovItemId="S21" Value="8"/>
<Cov CovItemId="S22" Value="2"/>
<Cov CovItemId="S23" Value="8"/>
<Cov CovItemId="S24" Value="2"/>
<Cov CovItemId="S25" Value="2"/>
<Cov CovItemId="S26" Value="2"/>
<Cov CovItemId="S27" Value="2"/>
<Cov CovItemId="S28" Value="2"/>
<Cov CovItemId="S3" Value="2"/>
<Cov CovItemId="S4" Value="2"/>
<Cov CovItemId="S5" Value="2"/>
<Cov CovItemId="S6" Value="2"/>
<Cov CovItemId="S7" Value="6"/>
<Cov CovItemId="S8" Value="2"/>
<Cov CovItemId="S9" Value="6"/>
</CovPrefix>
</CovList>
<AssgnmntList>
<AssgnmntPrefix RootTermCovItemPrefix="pickr.classes.Deck.java">
<AssgnmntListEntry Length="1" RootTermCovItemId="C1">
<MapEntry BoolAssgnmnt="0" Value="7"/>
<MapEntry BoolAssgnmnt="1" Value="70"/>
</AssgnmntListEntry>
<AssgnmntListEntry Length="1" RootTermCovItemId="C2">
<MapEntry BoolAssgnmnt="0" Value="8"/>
</AssgnmntListEntry>
<AssgnmntListEntry Length="1" RootTermCovItemId="C3">
<MapEntry BoolAssgnmnt="1" Value="8"/>
</AssgnmntListEntry>
<AssgnmntListEntry Length="1" RootTermCovItemId="C4">
<MapEntry BoolAssgnmnt="0" Value="8"/>
<MapEntry BoolAssgnmnt="1" Value="24"/>
</AssgnmntListEntry>
</AssgnmntPrefix>
<AssgnmntPrefix RootTermCovItemPrefix="pickr.classes.GamingCard.java">
<AssgnmntListEntry Length="2" RootTermCovItemId="C1">
<MapEntry BoolAssgnmnt="02" Value="28"/>
<MapEntry BoolAssgnmnt="10" Value="28"/>
<MapEntry BoolAssgnmnt="11" Value="225"/>
</AssgnmntListEntry>
<AssgnmntListEntry Length="2" RootTermCovItemId="C2">
<MapEntry BoolAssgnmnt="00" Value="280"/>
<MapEntry BoolAssgnmnt="01" Value="1"/>
</AssgnmntListEntry>
</AssgnmntPrefix>
<AssgnmntPrefix RootTermCovItemPrefix="pickr.games.Briscola.java">
<AssgnmntListEntry Length="3" RootTermCovItemId="C1">
<MapEntry BoolAssgnmnt="022" Value="5"/>
<MapEntry BoolAssgnmnt="102" Value="3"/>
</AssgnmntListEntry>
<AssgnmntListEntry Length="3" RootTermCovItemId="C2">
<MapEntry BoolAssgnmnt="022" Value="5"/>
<MapEntry BoolAssgnmnt="110" Value="1"/>
<MapEntry BoolAssgnmnt="111" Value="2"/>
</AssgnmntListEntry>
<AssgnmntListEntry Length="3" RootTermCovItemId="C3">
<MapEntry BoolAssgnmnt="122" Value="1"/>
<MapEntry BoolAssgnmnt="002" Value="7"/>
</AssgnmntListEntry>
</AssgnmntPrefix>
<AssgnmntPrefix RootTermCovItemPrefix="pickr.games.Game.java">
<AssgnmntListEntry Length="1" RootTermCovItemId="C1">
<MapEntry BoolAssgnmnt="1" Value="8"/>
</AssgnmntListEntry>
<AssgnmntListEntry Length="1" RootTermCovItemId="C2">
<MapEntry BoolAssgnmnt="0" Value="6"/>
<MapEntry BoolAssgnmnt="1" Value="2"/>
</AssgnmntListEntry>
</AssgnmntPrefix>
</AssgnmntList>
<ObjMetaDataList/>
<MetaDataList/>
</TestCase>
<TestCase Comment="" Date="1598619558565" Name="randoop.RandoopTest0:test118">
<CovList>
<CovPrefix CovItemPrefix="pickr.classes.Deck.java">
<Cov CovItemId="B1" Value="20"/>
<Cov CovItemId="B3" Value="20"/>
<Cov CovItemId="S1" Value="10"/>
<Cov CovItemId="S10" Value="20"/>
<Cov CovItemId="S11" Value="20"/>
<Cov CovItemId="S12" Value="20"/>
<Cov CovItemId="S13" Value="60"/>
<Cov CovItemId="S14" Value="20"/>
<Cov CovItemId="S2" Value="40"/>
<Cov CovItemId="S3" Value="10"/>
<Cov CovItemId="S4" Value="100"/>
<Cov CovItemId="S5" Value="400"/>
<Cov CovItemId="S6" Value="5"/>
<Cov CovItemId="S7" Value="20"/>
<Cov CovItemId="S8" Value="20"/>
</CovPrefix>
<CovPrefix CovItemPrefix="pickr.classes.GamingCard.java">
<Cov CovItemId="B1" Value="320"/>
<Cov CovItemId="B2" Value="80"/>
<Cov CovItemId="B4" Value="400"/>
<Cov CovItemId="S1" Value="400"/>
<Cov CovItemId="S10" Value="400"/>
<Cov CovItemId="S12" Value="400"/>
<Cov CovItemId="S13" Value="95"/>
<Cov CovItemId="S2" Value="400"/>
<Cov CovItemId="S3" Value="400"/>
<Cov CovItemId="S4" Value="45"/>
<Cov CovItemId="S6" Value="140"/>
<Cov CovItemId="S7" Value="400"/>
<Cov CovItemId="S8" Value="320"/>
<Cov CovItemId="S9" Value="80"/>
</CovPrefix>
<CovPrefix CovItemPrefix="pickr.classes.Player.java">
<Cov CovItemId="S1" Value="20"/>
<Cov CovItemId="S12" Value="25"/>
<Cov CovItemId="S13" Value="20"/>
<Cov CovItemId="S14" Value="20"/>
<Cov CovItemId="S2" Value="20"/>
<Cov CovItemId="S3" Value="20"/>
<Cov CovItemId="S4" Value="20"/>
<Cov CovItemId="S5" Value="40"/>
<Cov CovItemId="S6" Value="20"/>
<Cov CovItemId="S7" Value="20"/>
<Cov CovItemId="S9" Value="5"/>
</CovPrefix>
<CovPrefix CovItemPrefix="pickr.games.Briscola.java">
<Cov CovItemId="B2" Value="20"/>
<Cov CovItemId="B3" Value="5"/>
<Cov CovItemId="B4" Value="15"/>
<Cov CovItemId="B6" Value="20"/>
<Cov CovItemId="S1" Value="5"/>
<Cov CovItemId="S10" Value="5"/>
<Cov CovItemId="S11" Value="20"/>
<Cov CovItemId="S14" Value="20"/>
<Cov CovItemId="S15" Value="5"/>
<Cov CovItemId="S16" Value="5"/>
<Cov CovItemId="S17" Value="20"/>
<Cov CovItemId="S2" Value="5"/>
<Cov CovItemId="S20" Value="5"/>
<Cov CovItemId="S21" Value="5"/>
<Cov CovItemId="S22" Value="5"/>
<Cov CovItemId="S23" Value="20"/>
<Cov CovItemId="S24" Value="5"/>
<Cov CovItemId="S25" Value="5"/>
<Cov CovItemId="S26" Value="5"/>
<Cov CovItemId="S27" Value="5"/>
<Cov CovItemId="S28" Value="20"/>
<Cov CovItemId="S3" Value="5"/>
<Cov CovItemId="S4" Value="20"/>
<Cov CovItemId="S5" Value="5"/>
<Cov CovItemId="S6" Value="5"/>
<Cov CovItemId="S7" Value="5"/>
<Cov CovItemId="S8" Value="5"/>
<Cov CovItemId="S9" Value="5"/>
</CovPrefix>
<CovPrefix CovItemPrefix="pickr.games.Game.java">
<Cov CovItemId="B1" Value="20"/>
<Cov CovItemId="B3" Value="5"/>
<Cov CovItemId="B4" Value="15"/>
<Cov CovItemId="S1" Value="5"/>
<Cov CovItemId="S10" Value="20"/>
<Cov CovItemId="S11" Value="20"/>
<Cov CovItemId="S12" Value="20"/>
<Cov CovItemId="S14" Value="5"/>
<Cov CovItemId="S15" Value="5"/>
<Cov CovItemId="S16" Value="20"/>
<Cov CovItemId="S17" Value="5"/>
<Cov CovItemId="S18" Value="20"/>
<Cov CovItemId="S19" Value="5"/>
<Cov CovItemId="S2" Value="5"/>
<Cov CovItemId="S20" Value="5"/>
<Cov CovItemId="S21" Value="20"/>
<Cov CovItemId="S22" Value="5"/>
<Cov CovItemId="S23" Value="20"/>
<Cov CovItemId="S24" Value="5"/>
<Cov CovItemId="S25" Value="5"/>
<Cov CovItemId="S26" Value="5"/>
<Cov CovItemId="S27" Value="5"/>
<Cov CovItemId="S28" Value="5"/>
<Cov CovItemId="S3" Value="5"/>
<Cov CovItemId="S4" Value="5"/>
<Cov CovItemId="S5" Value="5"/>
<Cov CovItemId="S6" Value="5"/>
<Cov CovItemId="S7" Value="15"/>
<Cov CovItemId="S8" Value="5"/>
<Cov CovItemId="S9" Value="15"/>
</CovPrefix>
</CovList>
<AssgnmntList>
<AssgnmntPrefix RootTermCovItemPrefix="pickr.classes.Deck.java">
<AssgnmntListEntry Length="1" RootTermCovItemId="C1">
<MapEntry BoolAssgnmnt="0" Value="10"/>
<MapEntry BoolAssgnmnt="1" Value="100"/>
</AssgnmntListEntry>
<AssgnmntListEntry Length="1" RootTermCovItemId="C2">
<MapEntry BoolAssgnmnt="0" Value="20"/>
</AssgnmntListEntry>
<AssgnmntListEntry Length="1" RootTermCovItemId="C3">
<MapEntry BoolAssgnmnt="1" Value="20"/>
</AssgnmntListEntry>
<AssgnmntListEntry Length="1" RootTermCovItemId="C4">
<MapEntry BoolAssgnmnt="0" Value="20"/>
<MapEntry BoolAssgnmnt="1" Value="60"/>
</AssgnmntListEntry>
</AssgnmntPrefix>
<AssgnmntPrefix RootTermCovItemPrefix="pickr.classes.GamingCard.java">
<AssgnmntListEntry Length="2" RootTermCovItemId="C1">
<MapEntry BoolAssgnmnt="02" Value="40"/>
<MapEntry BoolAssgnmnt="10" Value="40"/>
<MapEntry BoolAssgnmnt="11" Value="320"/>
</AssgnmntListEntry>
<AssgnmntListEntry Length="2" RootTermCovItemId="C2">
<MapEntry BoolAssgnmnt="00" Value="400"/>
</AssgnmntListEntry>
</AssgnmntPrefix>
<AssgnmntPrefix RootTermCovItemPrefix="pickr.games.Briscola.java">
<AssgnmntListEntry Length="3" RootTermCovItemId="C1">
<MapEntry BoolAssgnmnt="022" Value="14"/>
<MapEntry BoolAssgnmnt="102" Value="5"/>
<MapEntry BoolAssgnmnt="110" Value="1"/>
</AssgnmntListEntry>
<AssgnmntListEntry Length="3" RootTermCovItemId="C2">
<MapEntry BoolAssgnmnt="022" Value="14"/>
<MapEntry BoolAssgnmnt="102" Value="1"/>
<MapEntry BoolAssgnmnt="111" Value="5"/>
</AssgnmntListEntry>
<AssgnmntListEntry Length="3" RootTermCovItemId="C3">
<MapEntry BoolAssgnmnt="122" Value="1"/>
<MapEntry BoolAssgnmnt="002" Value="16"/>
<MapEntry BoolAssgnmnt="010" Value="3"/>
</AssgnmntListEntry>
</AssgnmntPrefix>
<AssgnmntPrefix RootTermCovItemPrefix="pickr.games.Game.java">
<AssgnmntListEntry Length="1" RootTermCovItemId="C1">
<MapEntry BoolAssgnmnt="1" Value="20"/>
</AssgnmntListEntry>
<AssgnmntListEntry Length="1" RootTermCovItemId="C2">
<MapEntry BoolAssgnmnt="0" Value="15"/>
<MapEntry BoolAssgnmnt="1" Value="5"/>
</AssgnmntListEntry>
</AssgnmntPrefix>
</AssgnmntList>
<ObjMetaDataList/>
<MetaDataList/>
</TestCase>
<TestCase Comment="" Date="1598619558565" Name="randoop.RandoopTest0:test119">
<CovList>
<CovPrefix CovItemPrefix="pickr.classes.Deck.java">
<Cov CovItemId="B1" Value="8"/>
<Cov CovItemId="B3" Value="8"/>
<Cov CovItemId="B4" Value="1"/>
<Cov CovItemId="S1" Value="6"/>
<Cov CovItemId="S10" Value="9"/>
<Cov CovItemId="S11" Value="8"/>
<Cov CovItemId="S12" Value="8"/>
<Cov CovItemId="S13" Value="24"/>
<Cov CovItemId="S14" Value="8"/>
<Cov CovItemId="S15" Value="1"/>
<Cov CovItemId="S2" Value="19"/>
<Cov CovItemId="S3" Value="5"/>
<Cov CovItemId="S4" Value="50"/>
<Cov CovItemId="S5" Value="200"/>
<Cov CovItemId="S6" Value="2"/>
<Cov CovItemId="S7" Value="8"/>
<Cov CovItemId="S8" Value="8"/>
</CovPrefix>
<CovPrefix CovItemPrefix="pickr.classes.GamingCard.java">
<Cov CovItemId="B1" Value="160"/>
<Cov CovItemId="B2" Value="40"/>
<Cov CovItemId="B4" Value="200"/>
<Cov CovItemId="S1" Value="200"/>
<Cov CovItemId="S10" Value="200"/>
<Cov CovItemId="S12" Value="200"/>
<Cov CovItemId="S13" Value="38"/>
<Cov CovItemId="S2" Value="200"/>
<Cov CovItemId="S3" Value="200"/>
<Cov CovItemId="S4" Value="20"/>
<Cov CovItemId="S6" Value="56"/>
<Cov CovItemId="S7" Value="200"/>
<Cov CovItemId="S8" Value="160"/>
<Cov CovItemId="S9" Value="40"/>
</CovPrefix>
<CovPrefix CovItemPrefix="pickr.classes.Player.java">
<Cov CovItemId="S1" Value="8"/>
<Cov CovItemId="S12" Value="10"/>
<Cov CovItemId="S13" Value="8"/>
<Cov CovItemId="S14" Value="8"/>
<Cov CovItemId="S2" Value="8"/>
<Cov CovItemId="S3" Value="8"/>
<Cov CovItemId="S4" Value="8"/>
<Cov CovItemId="S5" Value="16"/>
<Cov CovItemId="S6" Value="8"/>
<Cov CovItemId="S7" Value="8"/>
<Cov CovItemId="S9" Value="2"/>
</CovPrefix>
<CovPrefix CovItemPrefix="pickr.games.Briscola.java">
<Cov CovItemId="B2" Value="8"/>
<Cov CovItemId="B3" Value="1"/>
<Cov CovItemId="B4" Value="7"/>
<Cov CovItemId="B5" Value="1"/>
<Cov CovItemId="B6" Value="7"/>
<Cov CovItemId="S1" Value="2"/>
<Cov CovItemId="S10" Value="2"/>
<Cov CovItemId="S11" Value="8"/>
<Cov CovItemId="S14" Value="8"/>
<Cov CovItemId="S15" Value="1"/>
<Cov CovItemId="S16" Value="1"/>
<Cov CovItemId="S17" Value="8"/>
<Cov CovItemId="S18" Value="1"/>
<Cov CovItemId="S19" Value="1"/>
<Cov CovItemId="S2" Value="2"/>
<Cov CovItemId="S20" Value="2"/>
<Cov CovItemId="S21" Value="2"/>
<Cov CovItemId="S22" Value="2"/>
<Cov CovItemId="S23" Value="8"/>
<Cov CovItemId="S24" Value="2"/>
<Cov CovItemId="S25" Value="2"/>
<Cov CovItemId="S26" Value="2"/>
<Cov CovItemId="S27" Value="2"/>
<Cov CovItemId="S28" Value="8"/>
<Cov CovItemId="S3" Value="2"/>
<Cov CovItemId="S4" Value="8"/>
<Cov CovItemId="S5" Value="2"/>
<Cov CovItemId="S6" Value="2"/>
<Cov CovItemId="S7" Value="2"/>
<Cov CovItemId="S8" Value="2"/>
<Cov CovItemId="S9" Value="2"/>
</CovPrefix>
<CovPrefix CovItemPrefix="pickr.games.Game.java">
<Cov CovItemId="B1" Value="8"/>
<Cov CovItemId="B3" Value="2"/>
<Cov CovItemId="B4" Value="6"/>
<Cov CovItemId="S1" Value="2"/>
<Cov CovItemId="S10" Value="8"/>
<Cov CovItemId="S11" Value="8"/>
<Cov CovItemId="S12" Value="8"/>
<Cov CovItemId="S14" Value="2"/>
<Cov CovItemId="S15" Value="2"/>
<Cov CovItemId="S16" Value="8"/>
<Cov CovItemId="S17" Value="2"/>
<Cov CovItemId="S18" Value="8"/>
<Cov CovItemId="S19" Value="2"/>
<Cov CovItemId="S2" Value="2"/>
<Cov CovItemId="S20" Value="2"/>
<Cov CovItemId="S21" Value="8"/>
<Cov CovItemId="S22" Value="2"/>
<Cov CovItemId="S23" Value="8"/>
<Cov CovItemId="S24" Value="2"/>
<Cov CovItemId="S25" Value="2"/>
<Cov CovItemId="S26" Value="2"/>
<Cov CovItemId="S27" Value="2"/>
<Cov CovItemId="S28" Value="2"/>
<Cov CovItemId="S3" Value="2"/>
<Cov CovItemId="S4" Value="2"/>
<Cov CovItemId="S5" Value="2"/>
<Cov CovItemId="S6" Value="2"/>
<Cov CovItemId="S7" Value="6"/>
<Cov CovItemId="S8" Value="2"/>
<Cov CovItemId="S9" Value="6"/>
</CovPrefix>
</CovList>
<AssgnmntList>
<AssgnmntPrefix RootTermCovItemPrefix="pickr.classes.Deck.java">
<AssgnmntListEntry Length="1" RootTermCovItemId="C1">
<MapEntry BoolAssgnmnt="0" Value="5"/>
<MapEntry BoolAssgnmnt="1" Value="50"/>
</AssgnmntListEntry>
<AssgnmntListEntry Length="1" RootTermCovItemId="C2">
<MapEntry BoolAssgnmnt="0" Value="8"/>
</AssgnmntListEntry>
<AssgnmntListEntry Length="1" RootTermCovItemId="C3">
<MapEntry BoolAssgnmnt="0" Value="1"/>
<MapEntry BoolAssgnmnt="1" Value="8"/>
</AssgnmntListEntry>
<AssgnmntListEntry Length="1" RootTermCovItemId="C4">
<MapEntry BoolAssgnmnt="0" Value="8"/>
<MapEntry BoolAssgnmnt="1" Value="24"/>
</AssgnmntListEntry>
</AssgnmntPrefix>
<AssgnmntPrefix RootTermCovItemPrefix="pickr.classes.GamingCard.java">
<AssgnmntListEntry Length="2" RootTermCovItemId="C1">
<MapEntry BoolAssgnmnt="02" Value="20"/>
<MapEntry BoolAssgnmnt="10" Value="20"/>
<MapEntry BoolAssgnmnt="11" Value="160"/>
</AssgnmntListEntry>
<AssgnmntListEntry Length="2" RootTermCovItemId="C2">
<MapEntry BoolAssgnmnt="00" Value="200"/>
</AssgnmntListEntry>
</AssgnmntPrefix>
<AssgnmntPrefix RootTermCovItemPrefix="pickr.games.Briscola.java">
<AssgnmntListEntry Length="3" RootTermCovItemId="C1">
<MapEntry BoolAssgnmnt="022" Value="4"/>
<MapEntry BoolAssgnmnt="102" Value="3"/>
<MapEntry BoolAssgnmnt="110" Value="1"/>
</AssgnmntListEntry>
<AssgnmntListEntry Length="3" RootTermCovItemId="C2">
<MapEntry BoolAssgnmnt="022" Value="4"/>
<MapEntry BoolAssgnmnt="102" Value="1"/>
<MapEntry BoolAssgnmnt="110" Value="2"/>
<MapEntry BoolAssgnmnt="111" Value="1"/>
</AssgnmntListEntry>
<AssgnmntListEntry Length="3" RootTermCovItemId="C3">
<MapEntry BoolAssgnmnt="122" Value="3"/>
<MapEntry BoolAssgnmnt="002" Value="4"/>
<MapEntry BoolAssgnmnt="011" Value="1"/>
</AssgnmntListEntry>
</AssgnmntPrefix>
<AssgnmntPrefix RootTermCovItemPrefix="pickr.games.Game.java">
<AssgnmntListEntry Length="1" RootTermCovItemId="C1">
<MapEntry BoolAssgnmnt="1" Value="8"/>
</AssgnmntListEntry>
<AssgnmntListEntry Length="1" RootTermCovItemId="C2">
<MapEntry BoolAssgnmnt="0" Value="6"/>
<MapEntry BoolAssgnmnt="1" Value="2"/>
</AssgnmntListEntry>
</AssgnmntPrefix>
</AssgnmntList>
<ObjMetaDataList/>
<MetaDataList/>
</TestCase>
<TestCase Comment="" Date="1598619558566" Name="randoop.RandoopTest0:test120">
<CovList>
<CovPrefix CovItemPrefix="pickr.classes.Deck.java">
<Cov CovItemId="B1" Value="20"/>
<Cov CovItemId="B3" Value="20"/>
<Cov CovItemId="S1" Value="10"/>
<Cov CovItemId="S10" Value="20"/>
<Cov CovItemId="S11" Value="20"/>
<Cov CovItemId="S12" Value="20"/>
<Cov CovItemId="S13" Value="60"/>
<Cov CovItemId="S14" Value="20"/>
<Cov CovItemId="S2" Value="40"/>
<Cov CovItemId="S3" Value="10"/>
<Cov CovItemId="S4" Value="100"/>
<Cov CovItemId="S5" Value="400"/>
<Cov CovItemId="S6" Value="5"/>
<Cov CovItemId="S7" Value="20"/>
<Cov CovItemId="S8" Value="20"/>
</CovPrefix>
<CovPrefix CovItemPrefix="pickr.classes.GamingCard.java">
<Cov CovItemId="B1" Value="320"/>
<Cov CovItemId="B2" Value="80"/>
<Cov CovItemId="B4" Value="400"/>
<Cov CovItemId="S1" Value="400"/>
<Cov CovItemId="S10" Value="400"/>
<Cov CovItemId="S12" Value="400"/>
<Cov CovItemId="S13" Value="99"/>
<Cov CovItemId="S2" Value="400"/>
<Cov CovItemId="S3" Value="400"/>
<Cov CovItemId="S4" Value="53"/>
<Cov CovItemId="S6" Value="140"/>
<Cov CovItemId="S7" Value="400"/>
<Cov CovItemId="S8" Value="320"/>
<Cov CovItemId="S9" Value="80"/>
</CovPrefix>
<CovPrefix CovItemPrefix="pickr.classes.Player.java">
<Cov CovItemId="S1" Value="20"/>
<Cov CovItemId="S12" Value="25"/>
<Cov CovItemId="S13" Value="20"/>
<Cov CovItemId="S14" Value="20"/>
<Cov CovItemId="S2" Value="20"/>
<Cov CovItemId="S3" Value="20"/>
<Cov CovItemId="S4" Value="20"/>
<Cov CovItemId="S5" Value="40"/>
<Cov CovItemId="S6" Value="20"/>
<Cov CovItemId="S7" Value="20"/>
<Cov CovItemId="S9" Value="5"/>
</CovPrefix>
<CovPrefix CovItemPrefix="pickr.games.Briscola.java">
<Cov CovItemId="B2" Value="20"/>
<Cov CovItemId="B3" Value="5"/>
<Cov CovItemId="B4" Value="15"/>
<Cov CovItemId="B5" Value="2"/>
<Cov CovItemId="B6" Value="18"/>
<Cov CovItemId="S1" Value="5"/>
<Cov CovItemId="S10" Value="5"/>
<Cov CovItemId="S11" Value="20"/>
<Cov CovItemId="S14" Value="20"/>
<Cov CovItemId="S15" Value="5"/>
<Cov CovItemId="S16" Value="5"/>
<Cov CovItemId="S17" Value="20"/>
<Cov CovItemId="S18" Value="2"/>
<Cov CovItemId="S19" Value="2"/>
<Cov CovItemId="S2" Value="5"/>
<Cov CovItemId="S20" Value="5"/>
<Cov CovItemId="S21" Value="5"/>
<Cov CovItemId="S22" Value="5"/>
<Cov CovItemId="S23" Value="20"/>
<Cov CovItemId="S24" Value="5"/>
<Cov CovItemId="S25" Value="5"/>
<Cov CovItemId="S26" Value="5"/>
<Cov CovItemId="S27" Value="5"/>
<Cov CovItemId="S28" Value="20"/>
<Cov CovItemId="S3" Value="5"/>
<Cov CovItemId="S4" Value="20"/>
<Cov CovItemId="S5" Value="5"/>
<Cov CovItemId="S6" Value="5"/>
<Cov CovItemId="S7" Value="5"/>
<Cov CovItemId="S8" Value="5"/>
<Cov CovItemId="S9" Value="5"/>
</CovPrefix>
<CovPrefix CovItemPrefix="pickr.games.Game.java">
<Cov CovItemId="B1" Value="20"/>
<Cov CovItemId="B3" Value="5"/>
<Cov CovItemId="B4" Value="15"/>
<Cov CovItemId="S1" Value="5"/>
<Cov CovItemId="S10" Value="20"/>
<Cov CovItemId="S11" Value="20"/>
<Cov CovItemId="S12" Value="20"/>
<Cov CovItemId="S14" Value="5"/>
<Cov CovItemId="S15" Value="5"/>
<Cov CovItemId="S16" Value="20"/>
<Cov CovItemId="S17" Value="5"/>
<Cov CovItemId="S18" Value="20"/>
<Cov CovItemId="S19" Value="5"/>
<Cov CovItemId="S2" Value="5"/>
<Cov CovItemId="S20" Value="5"/>
<Cov CovItemId="S21" Value="20"/>
<Cov CovItemId="S22" Value="5"/>
<Cov CovItemId="S23" Value="20"/>
<Cov CovItemId="S24" Value="5"/>
<Cov CovItemId="S25" Value="5"/>
<Cov CovItemId="S26" Value="5"/>
<Cov CovItemId="S27" Value="5"/>
<Cov CovItemId="S28" Value="5"/>
<Cov CovItemId="S3" Value="5"/>
<Cov CovItemId="S4" Value="5"/>
<Cov CovItemId="S5" Value="5"/>
<Cov CovItemId="S6" Value="5"/>
<Cov CovItemId="S7" Value="15"/>
<Cov CovItemId="S8" Value="5"/>
<Cov CovItemId="S9" Value="15"/>
</CovPrefix>
</CovList>
<AssgnmntList>
<AssgnmntPrefix RootTermCovItemPrefix="pickr.classes.Deck.java">
<AssgnmntListEntry Length="1" RootTermCovItemId="C1">
<MapEntry BoolAssgnmnt="0" Value="10"/>
<MapEntry BoolAssgnmnt="1" Value="100"/>
</AssgnmntListEntry>
<AssgnmntListEntry Length="1" RootTermCovItemId="C2">
<MapEntry BoolAssgnmnt="0" Value="20"/>
</AssgnmntListEntry>
<AssgnmntListEntry Length="1" RootTermCovItemId="C3">
<MapEntry BoolAssgnmnt="1" Value="20"/>
</AssgnmntListEntry>
<AssgnmntListEntry Length="1" RootTermCovItemId="C4">
<MapEntry BoolAssgnmnt="0" Value="20"/>
<MapEntry BoolAssgnmnt="1" Value="60"/>
</AssgnmntListEntry>
</AssgnmntPrefix>
<AssgnmntPrefix RootTermCovItemPrefix="pickr.classes.GamingCard.java">
<AssgnmntListEntry Length="2" RootTermCovItemId="C1">
<MapEntry BoolAssgnmnt="02" Value="40"/>
<MapEntry BoolAssgnmnt="10" Value="40"/>
<MapEntry BoolAssgnmnt="11" Value="320"/>
</AssgnmntListEntry>
<AssgnmntListEntry Length="2" RootTermCovItemId="C2">
<MapEntry BoolAssgnmnt="00" Value="400"/>
</AssgnmntListEntry>
</AssgnmntPrefix>
<AssgnmntPrefix RootTermCovItemPrefix="pickr.games.Briscola.java">
<AssgnmntListEntry Length="3" RootTermCovItemId="C1">
<MapEntry BoolAssgnmnt="022" Value="10"/>
<MapEntry BoolAssgnmnt="102" Value="5"/>
<MapEntry BoolAssgnmnt="110" Value="5"/>
</AssgnmntListEntry>
<AssgnmntListEntry Length="3" RootTermCovItemId="C2">
<MapEntry BoolAssgnmnt="022" Value="10"/>
<MapEntry BoolAssgnmnt="102" Value="5"/>
<MapEntry BoolAssgnmnt="111" Value="5"/>
</AssgnmntListEntry>
<AssgnmntListEntry Length="3" RootTermCovItemId="C3">
<MapEntry BoolAssgnmnt="122" Value="5"/>
<MapEntry BoolAssgnmnt="002" Value="12"/>
<MapEntry BoolAssgnmnt="010" Value="1"/>
<MapEntry BoolAssgnmnt="011" Value="2"/>
</AssgnmntListEntry>
</AssgnmntPrefix>
<AssgnmntPrefix RootTermCovItemPrefix="pickr.games.Game.java">
<AssgnmntListEntry Length="1" RootTermCovItemId="C1">
<MapEntry BoolAssgnmnt="1" Value="20"/>
</AssgnmntListEntry>
<AssgnmntListEntry Length="1" RootTermCovItemId="C2">
<MapEntry BoolAssgnmnt="0" Value="15"/>
<MapEntry BoolAssgnmnt="1" Value="5"/>
</AssgnmntListEntry>
</AssgnmntPrefix>
</AssgnmntList>
<ObjMetaDataList/>
<MetaDataList/>
</TestCase>
<TestCase Comment="" Date="1598619558567" Name="randoop.RandoopTest0:test121">
<CovList>
<CovPrefix CovItemPrefix="pickr.classes.Deck.java">
<Cov CovItemId="B1" Value="8"/>
<Cov CovItemId="B3" Value="8"/>
<Cov CovItemId="B4" Value="1"/>
<Cov CovItemId="S1" Value="5"/>
<Cov CovItemId="S10" Value="9"/>
<Cov CovItemId="S11" Value="8"/>
<Cov CovItemId="S12" Value="8"/>
<Cov CovItemId="S13" Value="24"/>
<Cov CovItemId="S14" Value="8"/>
<Cov CovItemId="S15" Value="1"/>
<Cov CovItemId="S2" Value="16"/>
<Cov CovItemId="S3" Value="4"/>
<Cov CovItemId="S4" Value="40"/>
<Cov CovItemId="S5" Value="160"/>
<Cov CovItemId="S6" Value="2"/>
<Cov CovItemId="S7" Value="8"/>
<Cov CovItemId="S8" Value="8"/>
</CovPrefix>
<CovPrefix CovItemPrefix="pickr.classes.GamingCard.java">
<Cov CovItemId="B1" Value="128"/>
<Cov CovItemId="B2" Value="32"/>
<Cov CovItemId="B4" Value="160"/>
<Cov CovItemId="S1" Value="160"/>
<Cov CovItemId="S10" Value="160"/>
<Cov CovItemId="S12" Value="160"/>
<Cov CovItemId="S13" Value="42"/>
<Cov CovItemId="S2" Value="160"/>
<Cov CovItemId="S3" Value="160"/>
<Cov CovItemId="S4" Value="18"/>
<Cov CovItemId="S6" Value="56"/>
<Cov CovItemId="S7" Value="160"/>
<Cov CovItemId="S8" Value="128"/>
<Cov CovItemId="S9" Value="32"/>
</CovPrefix>
<CovPrefix CovItemPrefix="pickr.classes.Player.java">
<Cov CovItemId="S1" Value="8"/>
<Cov CovItemId="S12" Value="10"/>
<Cov CovItemId="S13" Value="8"/>
<Cov CovItemId="S14" Value="8"/>
<Cov CovItemId="S2" Value="8"/>
<Cov CovItemId="S3" Value="8"/>
<Cov CovItemId="S4" Value="8"/>
<Cov CovItemId="S5" Value="16"/>
<Cov CovItemId="S6" Value="8"/>
<Cov CovItemId="S7" Value="8"/>
<Cov CovItemId="S9" Value="2"/>
</CovPrefix>
<CovPrefix CovItemPrefix="pickr.games.Briscola.java">
<Cov CovItemId="B2" Value="8"/>
<Cov CovItemId="B3" Value="2"/>
<Cov CovItemId="B4" Value="6"/>
<Cov CovItemId="B5" Value="2"/>
<Cov CovItemId="B6" Value="6"/>
<Cov CovItemId="S1" Value="2"/>
<Cov CovItemId="S10" Value="2"/>
<Cov CovItemId="S11" Value="8"/>
<Cov CovItemId="S14" Value="8"/>
<Cov CovItemId="S15" Value="2"/>
<Cov CovItemId="S16" Value="2"/>
<Cov CovItemId="S17" Value="8"/>
<Cov CovItemId="S18" Value="2"/>
<Cov CovItemId="S19" Value="2"/>
<Cov CovItemId="S2" Value="2"/>
<Cov CovItemId="S20" Value="2"/>
<Cov CovItemId="S21" Value="2"/>
<Cov CovItemId="S22" Value="2"/>
<Cov CovItemId="S23" Value="8"/>
<Cov CovItemId="S24" Value="2"/>
<Cov CovItemId="S25" Value="2"/>
<Cov CovItemId="S26" Value="2"/>
<Cov CovItemId="S27" Value="2"/>
<Cov CovItemId="S28" Value="8"/>
<Cov CovItemId="S3" Value="2"/>
<Cov CovItemId="S4" Value="8"/>
<Cov CovItemId="S5" Value="2"/>
<Cov CovItemId="S6" Value="2"/>
<Cov CovItemId="S7" Value="2"/>
<Cov CovItemId="S8" Value="2"/>
<Cov CovItemId="S9" Value="2"/>
</CovPrefix>
<CovPrefix CovItemPrefix="pickr.games.Game.java">
<Cov CovItemId="B1" Value="8"/>
<Cov CovItemId="B3" Value="2"/>
<Cov CovItemId="B4" Value="6"/>
<Cov CovItemId="S1" Value="2"/>
<Cov CovItemId="S10" Value="8"/>
<Cov CovItemId="S11" Value="8"/>
<Cov CovItemId="S12" Value="8"/>
<Cov CovItemId="S14" Value="2"/>
<Cov CovItemId="S15" Value="2"/>
<Cov CovItemId="S16" Value="8"/>
<Cov CovItemId="S17" Value="2"/>
<Cov CovItemId="S18" Value="8"/>
<Cov CovItemId="S19" Value="2"/>
<Cov CovItemId="S2" Value="2"/>
<Cov CovItemId="S20" Value="2"/>
<Cov CovItemId="S21" Value="8"/>
<Cov CovItemId="S22" Value="2"/>
<Cov CovItemId="S23" Value="8"/>
<Cov CovItemId="S24" Value="2"/>
<Cov CovItemId="S25" Value="2"/>
<Cov CovItemId="S26" Value="2"/>
<Cov CovItemId="S27" Value="2"/>
<Cov CovItemId="S28" Value="2"/>
<Cov CovItemId="S3" Value="2"/>
<Cov CovItemId="S4" Value="2"/>
<Cov CovItemId="S5" Value="2"/>
<Cov CovItemId="S6" Value="2"/>
<Cov CovItemId="S7" Value="6"/>
<Cov CovItemId="S8" Value="2"/>
<Cov CovItemId="S9" Value="6"/>
</CovPrefix>
</CovList>
<AssgnmntList>
<AssgnmntPrefix RootTermCovItemPrefix="pickr.classes.Deck.java">
<AssgnmntListEntry Length="1" RootTermCovItemId="C1">
<MapEntry BoolAssgnmnt="0" Value="4"/>
<MapEntry BoolAssgnmnt="1" Value="40"/>
</AssgnmntListEntry>
<AssgnmntListEntry Length="1" RootTermCovItemId="C2">
<MapEntry BoolAssgnmnt="0" Value="8"/>
</AssgnmntListEntry>
<AssgnmntListEntry Length="1" RootTermCovItemId="C3">
<MapEntry BoolAssgnmnt="0" Value="1"/>
<MapEntry BoolAssgnmnt="1" Value="8"/>
</AssgnmntListEntry>
<AssgnmntListEntry Length="1" RootTermCovItemId="C4">
<MapEntry BoolAssgnmnt="0" Value="8"/>
<MapEntry BoolAssgnmnt="1" Value="24"/>
</AssgnmntListEntry>
</AssgnmntPrefix>
<AssgnmntPrefix RootTermCovItemPrefix="pickr.classes.GamingCard.java">
<AssgnmntListEntry Length="2" RootTermCovItemId="C1">
<MapEntry BoolAssgnmnt="02" Value="16"/>
<MapEntry BoolAssgnmnt="10" Value="16"/>
<MapEntry BoolAssgnmnt="11" Value="128"/>
</AssgnmntListEntry>
<AssgnmntListEntry Length="2" RootTermCovItemId="C2">
<MapEntry BoolAssgnmnt="00" Value="160"/>
</AssgnmntListEntry>
</AssgnmntPrefix>
<AssgnmntPrefix RootTermCovItemPrefix="pickr.games.Briscola.java">
<AssgnmntListEntry Length="3" RootTermCovItemId="C1">
<MapEntry BoolAssgnmnt="022" Value="6"/>
<MapEntry BoolAssgnmnt="102" Value="2"/>
</AssgnmntListEntry>
<AssgnmntListEntry Length="3" RootTermCovItemId="C2">
<MapEntry BoolAssgnmnt="022" Value="6"/>
<MapEntry BoolAssgnmnt="111" Value="2"/>
</AssgnmntListEntry>
<AssgnmntListEntry Length="3" RootTermCovItemId="C3">
<MapEntry BoolAssgnmnt="002" Value="6"/>
<MapEntry BoolAssgnmnt="011" Value="2"/>
</AssgnmntListEntry>
</AssgnmntPrefix>
<AssgnmntPrefix RootTermCovItemPrefix="pickr.games.Game.java">
<AssgnmntListEntry Length="1" RootTermCovItemId="C1">
<MapEntry BoolAssgnmnt="1" Value="8"/>
</AssgnmntListEntry>
<AssgnmntListEntry Length="1" RootTermCovItemId="C2">
<MapEntry BoolAssgnmnt="0" Value="6"/>
<MapEntry BoolAssgnmnt="1" Value="2"/>
</AssgnmntListEntry>
</AssgnmntPrefix>
</AssgnmntList>
<ObjMetaDataList/>
<MetaDataList/>
</TestCase>
<TestCase Comment="" Date="1598619558568" Name="randoop.RandoopTest0:test122">
<CovList>
<CovPrefix CovItemPrefix="pickr.classes.Deck.java">
<Cov CovItemId="B1" Value="16"/>
<Cov CovItemId="B3" Value="16"/>
<Cov CovItemId="S1" Value="7"/>
<Cov CovItemId="S10" Value="16"/>
<Cov CovItemId="S11" Value="16"/>
<Cov CovItemId="S12" Value="16"/>
<Cov CovItemId="S13" Value="48"/>
<Cov CovItemId="S14" Value="16"/>
<Cov CovItemId="S2" Value="29"/>
<Cov CovItemId="S3" Value="7"/>
<Cov CovItemId="S4" Value="70"/>
<Cov CovItemId="S5" Value="280"/>
<Cov CovItemId="S6" Value="4"/>
<Cov CovItemId="S7" Value="16"/>
<Cov CovItemId="S8" Value="16"/>
</CovPrefix>
<CovPrefix CovItemPrefix="pickr.classes.GamingCard.java">
<Cov CovItemId="B1" Value="224"/>
<Cov CovItemId="B2" Value="56"/>
<Cov CovItemId="B4" Value="280"/>
<Cov CovItemId="S1" Value="280"/>
<Cov CovItemId="S10" Value="280"/>
<Cov CovItemId="S12" Value="280"/>
<Cov CovItemId="S13" Value="70"/>
<Cov CovItemId="S2" Value="280"/>
<Cov CovItemId="S3" Value="280"/>
<Cov CovItemId="S4" Value="30"/>
<Cov CovItemId="S6" Value="112"/>
<Cov CovItemId="S7" Value="280"/>
<Cov CovItemId="S8" Value="224"/>
<Cov CovItemId="S9" Value="56"/>
</CovPrefix>
<CovPrefix CovItemPrefix="pickr.classes.Player.java">
<Cov CovItemId="S1" Value="16"/>
<Cov CovItemId="S12" Value="20"/>
<Cov CovItemId="S13" Value="16"/>
<Cov CovItemId="S14" Value="16"/>
<Cov CovItemId="S2" Value="16"/>
<Cov CovItemId="S3" Value="16"/>
<Cov CovItemId="S4" Value="16"/>
<Cov CovItemId="S5" Value="32"/>
<Cov CovItemId="S6" Value="16"/>
<Cov CovItemId="S7" Value="16"/>
<Cov CovItemId="S9" Value="4"/>
</CovPrefix>
<CovPrefix CovItemPrefix="pickr.games.Briscola.java">
<Cov CovItemId="B2" Value="16"/>
<Cov CovItemId="B3" Value="1"/>
<Cov CovItemId="B4" Value="15"/>
<Cov CovItemId="B6" Value="16"/>
<Cov CovItemId="S1" Value="4"/>
<Cov CovItemId="S10" Value="4"/>
<Cov CovItemId="S11" Value="16"/>
<Cov CovItemId="S14" Value="16"/>
<Cov CovItemId="S15" Value="1"/>
<Cov CovItemId="S16" Value="1"/>
<Cov CovItemId="S17" Value="16"/>
<Cov CovItemId="S2" Value="4"/>
<Cov CovItemId="S20" Value="4"/>
<Cov CovItemId="S21" Value="4"/>
<Cov CovItemId="S22" Value="4"/>
<Cov CovItemId="S23" Value="16"/>
<Cov CovItemId="S24" Value="4"/>
<Cov CovItemId="S25" Value="4"/>
<Cov CovItemId="S26" Value="4"/>
<Cov CovItemId="S27" Value="4"/>
<Cov CovItemId="S28" Value="16"/>
<Cov CovItemId="S3" Value="4"/>
<Cov CovItemId="S4" Value="16"/>
<Cov CovItemId="S5" Value="4"/>
<Cov CovItemId="S6" Value="4"/>
<Cov CovItemId="S7" Value="4"/>
<Cov CovItemId="S8" Value="4"/>
<Cov CovItemId="S9" Value="4"/>
</CovPrefix>
<CovPrefix CovItemPrefix="pickr.games.Game.java">
<Cov CovItemId="B1" Value="16"/>
<Cov CovItemId="B3" Value="4"/>
<Cov CovItemId="B4" Value="12"/>
<Cov CovItemId="S1" Value="4"/>
<Cov CovItemId="S10" Value="16"/>
<Cov CovItemId="S11" Value="16"/>
<Cov CovItemId="S12" Value="16"/>
<Cov CovItemId="S14" Value="4"/>
<Cov CovItemId="S15" Value="4"/>
<Cov CovItemId="S16" Value="16"/>
<Cov CovItemId="S17" Value="4"/>
<Cov CovItemId="S18" Value="16"/>
<Cov CovItemId="S19" Value="4"/>
<Cov CovItemId="S2" Value="4"/>
<Cov CovItemId="S20" Value="4"/>
<Cov CovItemId="S21" Value="16"/>
<Cov CovItemId="S22" Value="4"/>
<Cov CovItemId="S23" Value="16"/>
<Cov CovItemId="S24" Value="4"/>
<Cov CovItemId="S25" Value="4"/>
<Cov CovItemId="S26" Value="4"/>
<Cov CovItemId="S27" Value="4"/>
<Cov CovItemId="S28" Value="4"/>
<Cov CovItemId="S3" Value="4"/>
<Cov CovItemId="S4" Value="4"/>
<Cov CovItemId="S5" Value="4"/>
<Cov CovItemId="S6" Value="4"/>
<Cov CovItemId="S7" Value="12"/>
<Cov CovItemId="S8" Value="4"/>
<Cov CovItemId="S9" Value="12"/>
</CovPrefix>
</CovList>
<AssgnmntList>
<AssgnmntPrefix RootTermCovItemPrefix="pickr.classes.Deck.java">
<AssgnmntListEntry Length="1" RootTermCovItemId="C1">
<MapEntry BoolAssgnmnt="0" Value="7"/>
<MapEntry BoolAssgnmnt="1" Value="70"/>
</AssgnmntListEntry>
<AssgnmntListEntry Length="1" RootTermCovItemId="C2">
<MapEntry BoolAssgnmnt="0" Value="16"/>
</AssgnmntListEntry>
<AssgnmntListEntry Length="1" RootTermCovItemId="C3">
<MapEntry BoolAssgnmnt="1" Value="16"/>
</AssgnmntListEntry>
<AssgnmntListEntry Length="1" RootTermCovItemId="C4">
<MapEntry BoolAssgnmnt="0" Value="16"/>
<MapEntry BoolAssgnmnt="1" Value="48"/>
</AssgnmntListEntry>
</AssgnmntPrefix>
<AssgnmntPrefix RootTermCovItemPrefix="pickr.classes.GamingCard.java">
<AssgnmntListEntry Length="2" RootTermCovItemId="C1">
<MapEntry BoolAssgnmnt="02" Value="28"/>
<MapEntry BoolAssgnmnt="10" Value="28"/>
<MapEntry BoolAssgnmnt="11" Value="224"/>
</AssgnmntListEntry>
<AssgnmntListEntry Length="2" RootTermCovItemId="C2">
<MapEntry BoolAssgnmnt="00" Value="280"/>
</AssgnmntListEntry>
</AssgnmntPrefix>
<AssgnmntPrefix RootTermCovItemPrefix="pickr.games.Briscola.java">
<AssgnmntListEntry Length="3" RootTermCovItemId="C1">
<MapEntry BoolAssgnmnt="022" Value="13"/>
<MapEntry BoolAssgnmnt="102" Value="2"/>
<MapEntry BoolAssgnmnt="110" Value="1"/>
</AssgnmntListEntry>
<AssgnmntListEntry Length="3" RootTermCovItemId="C2">
<MapEntry BoolAssgnmnt="022" Value="13"/>
<MapEntry BoolAssgnmnt="102" Value="1"/>
<MapEntry BoolAssgnmnt="110" Value="1"/>
<MapEntry BoolAssgnmnt="111" Value="1"/>
</AssgnmntListEntry>
<AssgnmntListEntry Length="3" RootTermCovItemId="C3">
<MapEntry BoolAssgnmnt="122" Value="2"/>
<MapEntry BoolAssgnmnt="002" Value="11"/>
<MapEntry BoolAssgnmnt="010" Value="3"/>
</AssgnmntListEntry>
</AssgnmntPrefix>
<AssgnmntPrefix RootTermCovItemPrefix="pickr.games.Game.java">
<AssgnmntListEntry Length="1" RootTermCovItemId="C1">
<MapEntry BoolAssgnmnt="1" Value="16"/>
</AssgnmntListEntry>
<AssgnmntListEntry Length="1" RootTermCovItemId="C2">
<MapEntry BoolAssgnmnt="0" Value="12"/>
<MapEntry BoolAssgnmnt="1" Value="4"/>
</AssgnmntListEntry>
</AssgnmntPrefix>
</AssgnmntList>
<ObjMetaDataList/>
<MetaDataList/>
</TestCase>
<TestCase Comment="" Date="1598619558569" Name="randoop.RandoopTest0:test123">
<CovList>
<CovPrefix CovItemPrefix="pickr.classes.Deck.java">
<Cov CovItemId="B1" Value="20"/>
<Cov CovItemId="B3" Value="20"/>
<Cov CovItemId="B4" Value="1"/>
<Cov CovItemId="S1" Value="8"/>
<Cov CovItemId="S10" Value="21"/>
<Cov CovItemId="S11" Value="20"/>
<Cov CovItemId="S12" Value="20"/>
<Cov CovItemId="S13" Value="60"/>
<Cov CovItemId="S14" Value="20"/>
<Cov CovItemId="S15" Value="1"/>
<Cov CovItemId="S2" Value="31"/>
<Cov CovItemId="S3" Value="7"/>
<Cov CovItemId="S4" Value="70"/>
<Cov CovItemId="S5" Value="280"/>
<Cov CovItemId="S6" Value="5"/>
<Cov CovItemId="S7" Value="20"/>
<Cov CovItemId="S8" Value="20"/>
</CovPrefix>
<CovPrefix CovItemPrefix="pickr.classes.GamingCard.java">
<Cov CovItemId="B1" Value="224"/>
<Cov CovItemId="B2" Value="56"/>
<Cov CovItemId="B4" Value="280"/>
<Cov CovItemId="S1" Value="280"/>
<Cov CovItemId="S10" Value="280"/>
<Cov CovItemId="S12" Value="280"/>
<Cov CovItemId="S13" Value="93"/>
<Cov CovItemId="S2" Value="280"/>
<Cov CovItemId="S3" Value="280"/>
<Cov CovItemId="S4" Value="35"/>
<Cov CovItemId="S6" Value="140"/>
<Cov CovItemId="S7" Value="280"/>
<Cov CovItemId="S8" Value="224"/>
<Cov CovItemId="S9" Value="56"/>
</CovPrefix>
<CovPrefix CovItemPrefix="pickr.classes.Player.java">
<Cov CovItemId="S1" Value="20"/>
<Cov CovItemId="S12" Value="25"/>
<Cov CovItemId="S13" Value="20"/>
<Cov CovItemId="S14" Value="20"/>
<Cov CovItemId="S2" Value="20"/>
<Cov CovItemId="S3" Value="20"/>
<Cov CovItemId="S4" Value="20"/>
<Cov CovItemId="S5" Value="40"/>
<Cov CovItemId="S6" Value="20"/>
<Cov CovItemId="S7" Value="20"/>
<Cov CovItemId="S9" Value="5"/>
</CovPrefix>
<CovPrefix CovItemPrefix="pickr.games.Briscola.java">
<Cov CovItemId="B2" Value="20"/>
<Cov CovItemId="B3" Value="2"/>
<Cov CovItemId="B4" Value="18"/>
<Cov CovItemId="B5" Value="2"/>
<Cov CovItemId="B6" Value="18"/>
<Cov CovItemId="S1" Value="5"/>
<Cov CovItemId="S10" Value="5"/>
<Cov CovItemId="S11" Value="20"/>
<Cov CovItemId="S14" Value="20"/>
<Cov CovItemId="S15" Value="2"/>
<Cov CovItemId="S16" Value="2"/>
<Cov CovItemId="S17" Value="20"/>
<Cov CovItemId="S18" Value="2"/>
<Cov CovItemId="S19" Value="2"/>
<Cov CovItemId="S2" Value="5"/>
<Cov CovItemId="S20" Value="5"/>
<Cov CovItemId="S21" Value="5"/>
<Cov CovItemId="S22" Value="5"/>
<Cov CovItemId="S23" Value="20"/>
<Cov CovItemId="S24" Value="5"/>
<Cov CovItemId="S25" Value="5"/>
<Cov CovItemId="S26" Value="5"/>
<Cov CovItemId="S27" Value="5"/>
<Cov CovItemId="S28" Value="20"/>
<Cov CovItemId="S3" Value="5"/>
<Cov CovItemId="S4" Value="20"/>
<Cov CovItemId="S5" Value="5"/>
<Cov CovItemId="S6" Value="5"/>
<Cov CovItemId="S7" Value="5"/>
<Cov CovItemId="S8" Value="5"/>
<Cov CovItemId="S9" Value="5"/>
</CovPrefix>
<CovPrefix CovItemPrefix="pickr.games.Game.java">
<Cov CovItemId="B1" Value="20"/>
<Cov CovItemId="B3" Value="5"/>
<Cov CovItemId="B4" Value="15"/>
<Cov CovItemId="S1" Value="5"/>
<Cov CovItemId="S10" Value="20"/>
<Cov CovItemId="S11" Value="20"/>
<Cov CovItemId="S12" Value="20"/>
<Cov CovItemId="S14" Value="5"/>
<Cov CovItemId="S15" Value="5"/>
<Cov CovItemId="S16" Value="20"/>
<Cov CovItemId="S17" Value="5"/>
<Cov CovItemId="S18" Value="20"/>
<Cov CovItemId="S19" Value="5"/>
<Cov CovItemId="S2" Value="5"/>
<Cov CovItemId="S20" Value="5"/>
<Cov CovItemId="S21" Value="20"/>
<Cov CovItemId="S22" Value="5"/>
<Cov CovItemId="S23" Value="20"/>
<Cov CovItemId="S24" Value="5"/>
<Cov CovItemId="S25" Value="5"/>
<Cov CovItemId="S26" Value="5"/>
<Cov CovItemId="S27" Value="5"/>
<Cov CovItemId="S28" Value="5"/>
<Cov CovItemId="S3" Value="5"/>
<Cov CovItemId="S4" Value="5"/>
<Cov CovItemId="S5" Value="5"/>
<Cov CovItemId="S6" Value="5"/>
<Cov CovItemId="S7" Value="15"/>
<Cov CovItemId="S8" Value="5"/>
<Cov CovItemId="S9" Value="15"/>
</CovPrefix>
</CovList>
<AssgnmntList>
<AssgnmntPrefix RootTermCovItemPrefix="pickr.classes.Deck.java">
<AssgnmntListEntry Length="1" RootTermCovItemId="C1">
<MapEntry BoolAssgnmnt="0" Value="7"/>
<MapEntry BoolAssgnmnt="1" Value="70"/>
</AssgnmntListEntry>
<AssgnmntListEntry Length="1" RootTermCovItemId="C2">
<MapEntry BoolAssgnmnt="0" Value="20"/>
</AssgnmntListEntry>
<AssgnmntListEntry Length="1" RootTermCovItemId="C3">
<MapEntry BoolAssgnmnt="0" Value="1"/>
<MapEntry BoolAssgnmnt="1" Value="20"/>
</AssgnmntListEntry>
<AssgnmntListEntry Length="1" RootTermCovItemId="C4">
<MapEntry BoolAssgnmnt="0" Value="20"/>
<MapEntry BoolAssgnmnt="1" Value="60"/>
</AssgnmntListEntry>
</AssgnmntPrefix>
<AssgnmntPrefix RootTermCovItemPrefix="pickr.classes.GamingCard.java">
<AssgnmntListEntry Length="2" RootTermCovItemId="C1">
<MapEntry BoolAssgnmnt="02" Value="28"/>
<MapEntry BoolAssgnmnt="10" Value="28"/>
<MapEntry BoolAssgnmnt="11" Value="224"/>
</AssgnmntListEntry>
<AssgnmntListEntry Length="2" RootTermCovItemId="C2">
<MapEntry BoolAssgnmnt="00" Value="280"/>
</AssgnmntListEntry>
</AssgnmntPrefix>
<AssgnmntPrefix RootTermCovItemPrefix="pickr.games.Briscola.java">
<AssgnmntListEntry Length="3" RootTermCovItemId="C1">
<MapEntry BoolAssgnmnt="022" Value="17"/>
<MapEntry BoolAssgnmnt="102" Value="3"/>
</AssgnmntListEntry>
<AssgnmntListEntry Length="3" RootTermCovItemId="C2">
<MapEntry BoolAssgnmnt="022" Value="17"/>
<MapEntry BoolAssgnmnt="110" Value="1"/>
<MapEntry BoolAssgnmnt="111" Value="2"/>
</AssgnmntListEntry>
<AssgnmntListEntry Length="3" RootTermCovItemId="C3">
<MapEntry BoolAssgnmnt="122" Value="1"/>
<MapEntry BoolAssgnmnt="002" Value="17"/>
<MapEntry BoolAssgnmnt="011" Value="2"/>
</AssgnmntListEntry>
</AssgnmntPrefix>
<AssgnmntPrefix RootTermCovItemPrefix="pickr.games.Game.java">
<AssgnmntListEntry Length="1" RootTermCovItemId="C1">
<MapEntry BoolAssgnmnt="1" Value="20"/>
</AssgnmntListEntry>
<AssgnmntListEntry Length="1" RootTermCovItemId="C2">
<MapEntry BoolAssgnmnt="0" Value="15"/>
<MapEntry BoolAssgnmnt="1" Value="5"/>
</AssgnmntListEntry>
</AssgnmntPrefix>
</AssgnmntList>
<ObjMetaDataList/>
<MetaDataList/>
</TestCase>
<TestCase Comment="" Date="1598619558570" Name="randoop.RandoopTest0:test124">
<CovList>
<CovPrefix CovItemPrefix="pickr.classes.Deck.java">
<Cov CovItemId="B1" Value="16"/>
<Cov CovItemId="B3" Value="16"/>
<Cov CovItemId="S1" Value="6"/>
<Cov CovItemId="S10" Value="16"/>
<Cov CovItemId="S11" Value="16"/>
<Cov CovItemId="S12" Value="16"/>
<Cov CovItemId="S13" Value="48"/>
<Cov CovItemId="S14" Value="16"/>
<Cov CovItemId="S2" Value="26"/>
<Cov CovItemId="S3" Value="6"/>
<Cov CovItemId="S4" Value="60"/>
<Cov CovItemId="S5" Value="240"/>
<Cov CovItemId="S6" Value="4"/>
<Cov CovItemId="S7" Value="16"/>
<Cov CovItemId="S8" Value="16"/>
</CovPrefix>
<CovPrefix CovItemPrefix="pickr.classes.GamingCard.java">
<Cov CovItemId="B1" Value="192"/>
<Cov CovItemId="B2" Value="48"/>
<Cov CovItemId="B4" Value="240"/>
<Cov CovItemId="S1" Value="240"/>
<Cov CovItemId="S10" Value="240"/>
<Cov CovItemId="S12" Value="240"/>
<Cov CovItemId="S13" Value="78"/>
<Cov CovItemId="S2" Value="240"/>
<Cov CovItemId="S3" Value="240"/>
<Cov CovItemId="S4" Value="31"/>
<Cov CovItemId="S6" Value="112"/>
<Cov CovItemId="S7" Value="240"/>
<Cov CovItemId="S8" Value="192"/>
<Cov CovItemId="S9" Value="48"/>
</CovPrefix>
<CovPrefix CovItemPrefix="pickr.classes.Player.java">
<Cov CovItemId="S1" Value="16"/>
<Cov CovItemId="S12" Value="20"/>
<Cov CovItemId="S13" Value="16"/>
<Cov CovItemId="S14" Value="16"/>
<Cov CovItemId="S2" Value="16"/>
<Cov CovItemId="S3" Value="16"/>
<Cov CovItemId="S4" Value="16"/>
<Cov CovItemId="S5" Value="32"/>
<Cov CovItemId="S6" Value="16"/>
<Cov CovItemId="S7" Value="16"/>
<Cov CovItemId="S9" Value="4"/>
</CovPrefix>
<CovPrefix CovItemPrefix="pickr.games.Briscola.java">
<Cov CovItemId="B2" Value="16"/>
<Cov CovItemId="B3" Value="3"/>
<Cov CovItemId="B4" Value="13"/>
<Cov CovItemId="B5" Value="2"/>
<Cov CovItemId="B6" Value="14"/>
<Cov CovItemId="S1" Value="4"/>
<Cov CovItemId="S10" Value="4"/>
<Cov CovItemId="S11" Value="16"/>
<Cov CovItemId="S14" Value="16"/>
<Cov CovItemId="S15" Value="3"/>
<Cov CovItemId="S16" Value="3"/>
<Cov CovItemId="S17" Value="16"/>
<Cov CovItemId="S18" Value="2"/>
<Cov CovItemId="S19" Value="2"/>
<Cov CovItemId="S2" Value="4"/>
<Cov CovItemId="S20" Value="4"/>
<Cov CovItemId="S21" Value="4"/>
<Cov CovItemId="S22" Value="4"/>
<Cov CovItemId="S23" Value="16"/>
<Cov CovItemId="S24" Value="4"/>
<Cov CovItemId="S25" Value="4"/>
<Cov CovItemId="S26" Value="4"/>
<Cov CovItemId="S27" Value="4"/>
<Cov CovItemId="S28" Value="16"/>
<Cov CovItemId="S3" Value="4"/>
<Cov CovItemId="S4" Value="16"/>
<Cov CovItemId="S5" Value="4"/>
<Cov CovItemId="S6" Value="4"/>
<Cov CovItemId="S7" Value="4"/>
<Cov CovItemId="S8" Value="4"/>
<Cov CovItemId="S9" Value="4"/>
</CovPrefix>
<CovPrefix CovItemPrefix="pickr.games.Game.java">
<Cov CovItemId="B1" Value="16"/>
<Cov CovItemId="B3" Value="4"/>
<Cov CovItemId="B4" Value="12"/>
<Cov CovItemId="S1" Value="4"/>
<Cov CovItemId="S10" Value="16"/>
<Cov CovItemId="S11" Value="16"/>
<Cov CovItemId="S12" Value="16"/>
<Cov CovItemId="S14" Value="4"/>
<Cov CovItemId="S15" Value="4"/>
<Cov CovItemId="S16" Value="16"/>
<Cov CovItemId="S17" Value="4"/>
<Cov CovItemId="S18" Value="16"/>
<Cov CovItemId="S19" Value="4"/>
<Cov CovItemId="S2" Value="4"/>
<Cov CovItemId="S20" Value="4"/>
<Cov CovItemId="S21" Value="16"/>
<Cov CovItemId="S22" Value="4"/>
<Cov CovItemId="S23" Value="16"/>
<Cov CovItemId="S24" Value="4"/>
<Cov CovItemId="S25" Value="4"/>
<Cov CovItemId="S26" Value="4"/>
<Cov CovItemId="S27" Value="4"/>
<Cov CovItemId="S28" Value="4"/>
<Cov CovItemId="S3" Value="4"/>
<Cov CovItemId="S4" Value="4"/>
<Cov CovItemId="S5" Value="4"/>
<Cov CovItemId="S6" Value="4"/>
<Cov CovItemId="S7" Value="12"/>
<Cov CovItemId="S8" Value="4"/>
<Cov CovItemId="S9" Value="12"/>
</CovPrefix>
</CovList>
<AssgnmntList>
<AssgnmntPrefix RootTermCovItemPrefix="pickr.classes.Deck.java">
<AssgnmntListEntry Length="1" RootTermCovItemId="C1">
<MapEntry BoolAssgnmnt="0" Value="6"/>
<MapEntry BoolAssgnmnt="1" Value="60"/>
</AssgnmntListEntry>
<AssgnmntListEntry Length="1" RootTermCovItemId="C2">
<MapEntry BoolAssgnmnt="0" Value="16"/>
</AssgnmntListEntry>
<AssgnmntListEntry Length="1" RootTermCovItemId="C3">
<MapEntry BoolAssgnmnt="1" Value="16"/>
</AssgnmntListEntry>
<AssgnmntListEntry Length="1" RootTermCovItemId="C4">
<MapEntry BoolAssgnmnt="0" Value="16"/>
<MapEntry BoolAssgnmnt="1" Value="48"/>
</AssgnmntListEntry>
</AssgnmntPrefix>
<AssgnmntPrefix RootTermCovItemPrefix="pickr.classes.GamingCard.java">
<AssgnmntListEntry Length="2" RootTermCovItemId="C1">
<MapEntry BoolAssgnmnt="02" Value="24"/>
<MapEntry BoolAssgnmnt="10" Value="24"/>
<MapEntry BoolAssgnmnt="11" Value="192"/>
</AssgnmntListEntry>
<AssgnmntListEntry Length="2" RootTermCovItemId="C2">
<MapEntry BoolAssgnmnt="00" Value="240"/>
</AssgnmntListEntry>
</AssgnmntPrefix>
<AssgnmntPrefix RootTermCovItemPrefix="pickr.games.Briscola.java">
<AssgnmntListEntry Length="3" RootTermCovItemId="C1">
<MapEntry BoolAssgnmnt="022" Value="13"/>
<MapEntry BoolAssgnmnt="102" Value="3"/>
</AssgnmntListEntry>
<AssgnmntListEntry Length="3" RootTermCovItemId="C2">
<MapEntry BoolAssgnmnt="022" Value="13"/>
<MapEntry BoolAssgnmnt="111" Value="3"/>
</AssgnmntListEntry>
<AssgnmntListEntry Length="3" RootTermCovItemId="C3">
<MapEntry BoolAssgnmnt="002" Value="14"/>
<MapEntry BoolAssgnmnt="011" Value="2"/>
</AssgnmntListEntry>
</AssgnmntPrefix>
<AssgnmntPrefix RootTermCovItemPrefix="pickr.games.Game.java">
<AssgnmntListEntry Length="1" RootTermCovItemId="C1">
<MapEntry BoolAssgnmnt="1" Value="16"/>
</AssgnmntListEntry>
<AssgnmntListEntry Length="1" RootTermCovItemId="C2">
<MapEntry BoolAssgnmnt="0" Value="12"/>
<MapEntry BoolAssgnmnt="1" Value="4"/>
</AssgnmntListEntry>
</AssgnmntPrefix>
</AssgnmntList>
<ObjMetaDataList/>
<MetaDataList/>
</TestCase>
<TestCase Comment="" Date="1598619558571" Name="randoop.RandoopTest0:test125">
<CovList>
<CovPrefix CovItemPrefix="pickr.classes.Deck.java">
<Cov CovItemId="B1" Value="12"/>
<Cov CovItemId="B3" Value="12"/>
<Cov CovItemId="B4" Value="1"/>
<Cov CovItemId="S1" Value="7"/>
<Cov CovItemId="S10" Value="13"/>
<Cov CovItemId="S11" Value="12"/>
<Cov CovItemId="S12" Value="12"/>
<Cov CovItemId="S13" Value="36"/>
<Cov CovItemId="S14" Value="12"/>
<Cov CovItemId="S15" Value="1"/>
<Cov CovItemId="S2" Value="24"/>
<Cov CovItemId="S3" Value="6"/>
<Cov CovItemId="S4" Value="60"/>
<Cov CovItemId="S5" Value="240"/>
<Cov CovItemId="S6" Value="3"/>
<Cov CovItemId="S7" Value="12"/>
<Cov CovItemId="S8" Value="12"/>
</CovPrefix>
<CovPrefix CovItemPrefix="pickr.classes.GamingCard.java">
<Cov CovItemId="B1" Value="192"/>
<Cov CovItemId="B2" Value="48"/>
<Cov CovItemId="B4" Value="240"/>
<Cov CovItemId="S1" Value="240"/>
<Cov CovItemId="S10" Value="240"/>
<Cov CovItemId="S12" Value="240"/>
<Cov CovItemId="S13" Value="59"/>
<Cov CovItemId="S2" Value="240"/>
<Cov CovItemId="S3" Value="240"/>
<Cov CovItemId="S4" Value="28"/>
<Cov CovItemId="S6" Value="84"/>
<Cov CovItemId="S7" Value="240"/>
<Cov CovItemId="S8" Value="192"/>
<Cov CovItemId="S9" Value="48"/>
</CovPrefix>
<CovPrefix CovItemPrefix="pickr.classes.Player.java">
<Cov CovItemId="S1" Value="12"/>
<Cov CovItemId="S12" Value="15"/>
<Cov CovItemId="S13" Value="12"/>
<Cov CovItemId="S14" Value="12"/>
<Cov CovItemId="S2" Value="12"/>
<Cov CovItemId="S3" Value="12"/>
<Cov CovItemId="S4" Value="12"/>
<Cov CovItemId="S5" Value="24"/>
<Cov CovItemId="S6" Value="12"/>
<Cov CovItemId="S7" Value="12"/>
<Cov CovItemId="S9" Value="3"/>
</CovPrefix>
<CovPrefix CovItemPrefix="pickr.games.Briscola.java">
<Cov CovItemId="B1" Value="1"/>
<Cov CovItemId="B2" Value="11"/>
<Cov CovItemId="B3" Value="1"/>
<Cov CovItemId="B4" Value="11"/>
<Cov CovItemId="B5" Value="2"/>
<Cov CovItemId="B6" Value="10"/>
<Cov CovItemId="S1" Value="3"/>
<Cov CovItemId="S10" Value="3"/>
<Cov CovItemId="S11" Value="12"/>
<Cov CovItemId="S12" Value="1"/>
<Cov CovItemId="S13" Value="1"/>
<Cov CovItemId="S14" Value="12"/>
<Cov CovItemId="S15" Value="1"/>
<Cov CovItemId="S16" Value="1"/>
<Cov CovItemId="S17" Value="12"/>
<Cov CovItemId="S18" Value="2"/>
<Cov CovItemId="S19" Value="2"/>
<Cov CovItemId="S2" Value="3"/>
<Cov CovItemId="S20" Value="3"/>
<Cov CovItemId="S21" Value="3"/>
<Cov CovItemId="S22" Value="3"/>
<Cov CovItemId="S23" Value="12"/>
<Cov CovItemId="S24" Value="3"/>
<Cov CovItemId="S25" Value="3"/>
<Cov CovItemId="S26" Value="3"/>
<Cov CovItemId="S27" Value="3"/>
<Cov CovItemId="S28" Value="12"/>
<Cov CovItemId="S3" Value="3"/>
<Cov CovItemId="S4" Value="12"/>
<Cov CovItemId="S5" Value="3"/>
<Cov CovItemId="S6" Value="3"/>
<Cov CovItemId="S7" Value="3"/>
<Cov CovItemId="S8" Value="3"/>
<Cov CovItemId="S9" Value="3"/>
</CovPrefix>
<CovPrefix CovItemPrefix="pickr.games.Game.java">
<Cov CovItemId="B1" Value="12"/>
<Cov CovItemId="B3" Value="3"/>
<Cov CovItemId="B4" Value="9"/>
<Cov CovItemId="S1" Value="3"/>
<Cov CovItemId="S10" Value="12"/>
<Cov CovItemId="S11" Value="12"/>
<Cov CovItemId="S12" Value="12"/>
<Cov CovItemId="S14" Value="3"/>
<Cov CovItemId="S15" Value="3"/>
<Cov CovItemId="S16" Value="12"/>
<Cov CovItemId="S17" Value="3"/>
<Cov CovItemId="S18" Value="12"/>
<Cov CovItemId="S19" Value="3"/>
<Cov CovItemId="S2" Value="3"/>
<Cov CovItemId="S20" Value="3"/>
<Cov CovItemId="S21" Value="12"/>
<Cov CovItemId="S22" Value="3"/>
<Cov CovItemId="S23" Value="12"/>
<Cov CovItemId="S24" Value="3"/>
<Cov CovItemId="S25" Value="3"/>
<Cov CovItemId="S26" Value="3"/>
<Cov CovItemId="S27" Value="3"/>
<Cov CovItemId="S28" Value="3"/>
<Cov CovItemId="S3" Value="3"/>
<Cov CovItemId="S4" Value="3"/>
<Cov CovItemId="S5" Value="3"/>
<Cov CovItemId="S6" Value="3"/>
<Cov CovItemId="S7" Value="9"/>
<Cov CovItemId="S8" Value="3"/>
<Cov CovItemId="S9" Value="9"/>
</CovPrefix>
</CovList>
<AssgnmntList>
<AssgnmntPrefix RootTermCovItemPrefix="pickr.classes.Deck.java">
<AssgnmntListEntry Length="1" RootTermCovItemId="C1">
<MapEntry BoolAssgnmnt="0" Value="6"/>
<MapEntry BoolAssgnmnt="1" Value="60"/>
</AssgnmntListEntry>
<AssgnmntListEntry Length="1" RootTermCovItemId="C2">
<MapEntry BoolAssgnmnt="0" Value="12"/>
</AssgnmntListEntry>
<AssgnmntListEntry Length="1" RootTermCovItemId="C3">
<MapEntry BoolAssgnmnt="0" Value="1"/>
<MapEntry BoolAssgnmnt="1" Value="12"/>
</AssgnmntListEntry>
<AssgnmntListEntry Length="1" RootTermCovItemId="C4">
<MapEntry BoolAssgnmnt="0" Value="12"/>
<MapEntry BoolAssgnmnt="1" Value="36"/>
</AssgnmntListEntry>
</AssgnmntPrefix>
<AssgnmntPrefix RootTermCovItemPrefix="pickr.classes.GamingCard.java">
<AssgnmntListEntry Length="2" RootTermCovItemId="C1">
<MapEntry BoolAssgnmnt="02" Value="24"/>
<MapEntry BoolAssgnmnt="10" Value="24"/>
<MapEntry BoolAssgnmnt="11" Value="192"/>
</AssgnmntListEntry>
<AssgnmntListEntry Length="2" RootTermCovItemId="C2">
<MapEntry BoolAssgnmnt="00" Value="240"/>
</AssgnmntListEntry>
</AssgnmntPrefix>
<AssgnmntPrefix RootTermCovItemPrefix="pickr.games.Briscola.java">
<AssgnmntListEntry Length="3" RootTermCovItemId="C1">
<MapEntry BoolAssgnmnt="022" Value="8"/>
<MapEntry BoolAssgnmnt="102" Value="1"/>
<MapEntry BoolAssgnmnt="110" Value="2"/>
<MapEntry BoolAssgnmnt="111" Value="1"/>
</AssgnmntListEntry>
<AssgnmntListEntry Length="3" RootTermCovItemId="C2">
<MapEntry BoolAssgnmnt="022" Value="9"/>
<MapEntry BoolAssgnmnt="102" Value="2"/>
<MapEntry BoolAssgnmnt="111" Value="1"/>
</AssgnmntListEntry>
<AssgnmntListEntry Length="3" RootTermCovItemId="C3">
<MapEntry BoolAssgnmnt="122" Value="2"/>
<MapEntry BoolAssgnmnt="002" Value="6"/>
<MapEntry BoolAssgnmnt="010" Value="2"/>
<MapEntry BoolAssgnmnt="011" Value="2"/>
</AssgnmntListEntry>
</AssgnmntPrefix>
<AssgnmntPrefix RootTermCovItemPrefix="pickr.games.Game.java">
<AssgnmntListEntry Length="1" RootTermCovItemId="C1">
<MapEntry BoolAssgnmnt="1" Value="12"/>
</AssgnmntListEntry>
<AssgnmntListEntry Length="1" RootTermCovItemId="C2">
<MapEntry BoolAssgnmnt="0" Value="9"/>
<MapEntry BoolAssgnmnt="1" Value="3"/>
</AssgnmntListEntry>
</AssgnmntPrefix>
</AssgnmntList>
<ObjMetaDataList/>
<MetaDataList/>
</TestCase>
<TestCase Comment="" Date="1598619558571" Name="randoop.RandoopTest0:test126">
<CovList>
<CovPrefix CovItemPrefix="pickr.classes.Deck.java">
<Cov CovItemId="B1" Value="12"/>
<Cov CovItemId="B3" Value="12"/>
<Cov CovItemId="S1" Value="5"/>
<Cov CovItemId="S10" Value="12"/>
<Cov CovItemId="S11" Value="12"/>
<Cov CovItemId="S12" Value="12"/>
<Cov CovItemId="S13" Value="36"/>
<Cov CovItemId="S14" Value="12"/>
<Cov CovItemId="S2" Value="21"/>
<Cov CovItemId="S3" Value="5"/>
<Cov CovItemId="S4" Value="50"/>
<Cov CovItemId="S5" Value="200"/>
<Cov CovItemId="S6" Value="3"/>
<Cov CovItemId="S7" Value="12"/>
<Cov CovItemId="S8" Value="12"/>
</CovPrefix>
<CovPrefix CovItemPrefix="pickr.classes.GamingCard.java">
<Cov CovItemId="B1" Value="161"/>
<Cov CovItemId="B2" Value="40"/>
<Cov CovItemId="B3" Value="1"/>
<Cov CovItemId="B4" Value="200"/>
<Cov CovItemId="S1" Value="201"/>
<Cov CovItemId="S10" Value="201"/>
<Cov CovItemId="S11" Value="1"/>
<Cov CovItemId="S12" Value="200"/>
<Cov CovItemId="S13" Value="57"/>
<Cov CovItemId="S2" Value="201"/>
<Cov CovItemId="S3" Value="201"/>
<Cov CovItemId="S4" Value="30"/>
<Cov CovItemId="S6" Value="84"/>
<Cov CovItemId="S7" Value="201"/>
<Cov CovItemId="S8" Value="161"/>
<Cov CovItemId="S9" Value="40"/>
</CovPrefix>
<CovPrefix CovItemPrefix="pickr.classes.Player.java">
<Cov CovItemId="S1" Value="12"/>
<Cov CovItemId="S12" Value="15"/>
<Cov CovItemId="S13" Value="12"/>
<Cov CovItemId="S14" Value="12"/>
<Cov CovItemId="S2" Value="12"/>
<Cov CovItemId="S3" Value="12"/>
<Cov CovItemId="S4" Value="12"/>
<Cov CovItemId="S5" Value="24"/>
<Cov CovItemId="S6" Value="12"/>
<Cov CovItemId="S7" Value="12"/>
<Cov CovItemId="S9" Value="3"/>
</CovPrefix>
<CovPrefix CovItemPrefix="pickr.games.Briscola.java">
<Cov CovItemId="B2" Value="12"/>
<Cov CovItemId="B3" Value="3"/>
<Cov CovItemId="B4" Value="9"/>
<Cov CovItemId="B6" Value="12"/>
<Cov CovItemId="S1" Value="3"/>
<Cov CovItemId="S10" Value="3"/>
<Cov CovItemId="S11" Value="12"/>
<Cov CovItemId="S14" Value="12"/>
<Cov CovItemId="S15" Value="3"/>
<Cov CovItemId="S16" Value="3"/>
<Cov CovItemId="S17" Value="12"/>
<Cov CovItemId="S2" Value="3"/>
<Cov CovItemId="S20" Value="3"/>
<Cov CovItemId="S21" Value="3"/>
<Cov CovItemId="S22" Value="3"/>
<Cov CovItemId="S23" Value="12"/>
<Cov CovItemId="S24" Value="3"/>
<Cov CovItemId="S25" Value="3"/>
<Cov CovItemId="S26" Value="3"/>
<Cov CovItemId="S27" Value="3"/>
<Cov CovItemId="S28" Value="12"/>
<Cov CovItemId="S3" Value="3"/>
<Cov CovItemId="S4" Value="12"/>
<Cov CovItemId="S5" Value="3"/>
<Cov CovItemId="S6" Value="3"/>
<Cov CovItemId="S7" Value="3"/>
<Cov CovItemId="S8" Value="3"/>
<Cov CovItemId="S9" Value="3"/>
</CovPrefix>
<CovPrefix CovItemPrefix="pickr.games.Game.java">
<Cov CovItemId="B1" Value="12"/>
<Cov CovItemId="B3" Value="3"/>
<Cov CovItemId="B4" Value="9"/>
<Cov CovItemId="S1" Value="3"/>
<Cov CovItemId="S10" Value="12"/>
<Cov CovItemId="S11" Value="12"/>
<Cov CovItemId="S12" Value="12"/>
<Cov CovItemId="S14" Value="3"/>
<Cov CovItemId="S15" Value="3"/>
<Cov CovItemId="S16" Value="12"/>
<Cov CovItemId="S17" Value="3"/>
<Cov CovItemId="S18" Value="12"/>
<Cov CovItemId="S19" Value="3"/>
<Cov CovItemId="S2" Value="3"/>
<Cov CovItemId="S20" Value="3"/>
<Cov CovItemId="S21" Value="12"/>
<Cov CovItemId="S22" Value="3"/>
<Cov CovItemId="S23" Value="12"/>
<Cov CovItemId="S24" Value="3"/>
<Cov CovItemId="S25" Value="3"/>
<Cov CovItemId="S26" Value="3"/>
<Cov CovItemId="S27" Value="3"/>
<Cov CovItemId="S28" Value="3"/>
<Cov CovItemId="S3" Value="3"/>
<Cov CovItemId="S4" Value="3"/>
<Cov CovItemId="S5" Value="3"/>
<Cov CovItemId="S6" Value="3"/>
<Cov CovItemId="S7" Value="9"/>
<Cov CovItemId="S8" Value="3"/>
<Cov CovItemId="S9" Value="9"/>
</CovPrefix>
</CovList>
<AssgnmntList>
<AssgnmntPrefix RootTermCovItemPrefix="pickr.classes.Deck.java">
<AssgnmntListEntry Length="1" RootTermCovItemId="C1">
<MapEntry BoolAssgnmnt="0" Value="5"/>
<MapEntry BoolAssgnmnt="1" Value="50"/>
</AssgnmntListEntry>
<AssgnmntListEntry Length="1" RootTermCovItemId="C2">
<MapEntry BoolAssgnmnt="0" Value="12"/>
</AssgnmntListEntry>
<AssgnmntListEntry Length="1" RootTermCovItemId="C3">
<MapEntry BoolAssgnmnt="1" Value="12"/>
</AssgnmntListEntry>
<AssgnmntListEntry Length="1" RootTermCovItemId="C4">
<MapEntry BoolAssgnmnt="0" Value="12"/>
<MapEntry BoolAssgnmnt="1" Value="36"/>
</AssgnmntListEntry>
</AssgnmntPrefix>
<AssgnmntPrefix RootTermCovItemPrefix="pickr.classes.GamingCard.java">
<AssgnmntListEntry Length="2" RootTermCovItemId="C1">
<MapEntry BoolAssgnmnt="02" Value="20"/>
<MapEntry BoolAssgnmnt="10" Value="20"/>
<MapEntry BoolAssgnmnt="11" Value="161"/>
</AssgnmntListEntry>
<AssgnmntListEntry Length="2" RootTermCovItemId="C2">
<MapEntry BoolAssgnmnt="00" Value="200"/>
<MapEntry BoolAssgnmnt="01" Value="1"/>
</AssgnmntListEntry>
</AssgnmntPrefix>
<AssgnmntPrefix RootTermCovItemPrefix="pickr.games.Briscola.java">
<AssgnmntListEntry Length="3" RootTermCovItemId="C1">
<MapEntry BoolAssgnmnt="022" Value="6"/>
<MapEntry BoolAssgnmnt="102" Value="6"/>
</AssgnmntListEntry>
<AssgnmntListEntry Length="3" RootTermCovItemId="C2">
<MapEntry BoolAssgnmnt="022" Value="6"/>
<MapEntry BoolAssgnmnt="110" Value="3"/>
<MapEntry BoolAssgnmnt="111" Value="3"/>
</AssgnmntListEntry>
<AssgnmntListEntry Length="3" RootTermCovItemId="C3">
<MapEntry BoolAssgnmnt="122" Value="3"/>
<MapEntry BoolAssgnmnt="002" Value="9"/>
</AssgnmntListEntry>
</AssgnmntPrefix>
<AssgnmntPrefix RootTermCovItemPrefix="pickr.games.Game.java">
<AssgnmntListEntry Length="1" RootTermCovItemId="C1">
<MapEntry BoolAssgnmnt="1" Value="12"/>
</AssgnmntListEntry>
<AssgnmntListEntry Length="1" RootTermCovItemId="C2">
<MapEntry BoolAssgnmnt="0" Value="9"/>
<MapEntry BoolAssgnmnt="1" Value="3"/>
</AssgnmntListEntry>
</AssgnmntPrefix>
</AssgnmntList>
<ObjMetaDataList/>
<MetaDataList/>
</TestCase>
<TestCase Comment="" Date="1598619558572" Name="randoop.RandoopTest0:test127">
<CovList>
<CovPrefix CovItemPrefix="pickr.classes.Deck.java">
<Cov CovItemId="B1" Value="4"/>
<Cov CovItemId="B3" Value="4"/>
<Cov CovItemId="S1" Value="4"/>
<Cov CovItemId="S10" Value="4"/>
<Cov CovItemId="S11" Value="4"/>
<Cov CovItemId="S12" Value="4"/>
<Cov CovItemId="S13" Value="12"/>
<Cov CovItemId="S14" Value="4"/>
<Cov CovItemId="S2" Value="14"/>
<Cov CovItemId="S3" Value="4"/>
<Cov CovItemId="S4" Value="40"/>
<Cov CovItemId="S5" Value="160"/>
<Cov CovItemId="S6" Value="1"/>
<Cov CovItemId="S7" Value="4"/>
<Cov CovItemId="S8" Value="4"/>
</CovPrefix>
<CovPrefix CovItemPrefix="pickr.classes.GamingCard.java">
<Cov CovItemId="B1" Value="129"/>
<Cov CovItemId="B2" Value="32"/>
<Cov CovItemId="B3" Value="1"/>
<Cov CovItemId="B4" Value="160"/>
<Cov CovItemId="S1" Value="161"/>
<Cov CovItemId="S10" Value="161"/>
<Cov CovItemId="S11" Value="1"/>
<Cov CovItemId="S12" Value="160"/>
<Cov CovItemId="S13" Value="19"/>
<Cov CovItemId="S2" Value="161"/>
<Cov CovItemId="S3" Value="161"/>
<Cov CovItemId="S4" Value="6"/>
<Cov CovItemId="S6" Value="28"/>
<Cov CovItemId="S7" Value="161"/>
<Cov CovItemId="S8" Value="129"/>
<Cov CovItemId="S9" Value="32"/>
</CovPrefix>
<CovPrefix CovItemPrefix="pickr.classes.Player.java">
<Cov CovItemId="S1" Value="4"/>
<Cov CovItemId="S12" Value="5"/>
<Cov CovItemId="S13" Value="4"/>
<Cov CovItemId="S14" Value="4"/>
<Cov CovItemId="S2" Value="4"/>
<Cov CovItemId="S3" Value="4"/>
<Cov CovItemId="S4" Value="4"/>
<Cov CovItemId="S5" Value="8"/>
<Cov CovItemId="S6" Value="4"/>
<Cov CovItemId="S7" Value="4"/>
<Cov CovItemId="S9" Value="1"/>
</CovPrefix>
<CovPrefix CovItemPrefix="pickr.games.Briscola.java">
<Cov CovItemId="B2" Value="4"/>
<Cov CovItemId="B4" Value="4"/>
<Cov CovItemId="B5" Value="1"/>
<Cov CovItemId="B6" Value="3"/>
<Cov CovItemId="S1" Value="1"/>
<Cov CovItemId="S10" Value="1"/>
<Cov CovItemId="S11" Value="4"/>
<Cov CovItemId="S14" Value="4"/>
<Cov CovItemId="S17" Value="4"/>
<Cov CovItemId="S18" Value="1"/>
<Cov CovItemId="S19" Value="1"/>
<Cov CovItemId="S2" Value="1"/>
<Cov CovItemId="S20" Value="1"/>
<Cov CovItemId="S21" Value="1"/>
<Cov CovItemId="S22" Value="1"/>
<Cov CovItemId="S23" Value="4"/>
<Cov CovItemId="S24" Value="1"/>
<Cov CovItemId="S25" Value="1"/>
<Cov CovItemId="S26" Value="1"/>
<Cov CovItemId="S27" Value="1"/>
<Cov CovItemId="S28" Value="4"/>
<Cov CovItemId="S3" Value="1"/>
<Cov CovItemId="S4" Value="4"/>
<Cov CovItemId="S5" Value="1"/>
<Cov CovItemId="S6" Value="1"/>
<Cov CovItemId="S7" Value="1"/>
<Cov CovItemId="S8" Value="1"/>
<Cov CovItemId="S9" Value="1"/>
</CovPrefix>
<CovPrefix CovItemPrefix="pickr.games.Game.java">
<Cov CovItemId="B1" Value="4"/>
<Cov CovItemId="B3" Value="1"/>
<Cov CovItemId="B4" Value="3"/>
<Cov CovItemId="S1" Value="1"/>
<Cov CovItemId="S10" Value="4"/>
<Cov CovItemId="S11" Value="4"/>
<Cov CovItemId="S12" Value="4"/>
<Cov CovItemId="S14" Value="1"/>
<Cov CovItemId="S15" Value="1"/>
<Cov CovItemId="S16" Value="4"/>
<Cov CovItemId="S17" Value="1"/>
<Cov CovItemId="S18" Value="4"/>
<Cov CovItemId="S19" Value="1"/>
<Cov CovItemId="S2" Value="1"/>
<Cov CovItemId="S20" Value="1"/>
<Cov CovItemId="S21" Value="4"/>
<Cov CovItemId="S22" Value="1"/>
<Cov CovItemId="S23" Value="4"/>
<Cov CovItemId="S24" Value="1"/>
<Cov CovItemId="S25" Value="1"/>
<Cov CovItemId="S26" Value="1"/>
<Cov CovItemId="S27" Value="1"/>
<Cov CovItemId="S28" Value="1"/>
<Cov CovItemId="S3" Value="1"/>
<Cov CovItemId="S4" Value="1"/>
<Cov CovItemId="S5" Value="1"/>
<Cov CovItemId="S6" Value="1"/>
<Cov CovItemId="S7" Value="3"/>
<Cov CovItemId="S8" Value="1"/>
<Cov CovItemId="S9" Value="3"/>
</CovPrefix>
</CovList>
<AssgnmntList>
<AssgnmntPrefix RootTermCovItemPrefix="pickr.classes.Deck.java">
<AssgnmntListEntry Length="1" RootTermCovItemId="C1">
<MapEntry BoolAssgnmnt="0" Value="4"/>
<MapEntry BoolAssgnmnt="1" Value="40"/>
</AssgnmntListEntry>
<AssgnmntListEntry Length="1" RootTermCovItemId="C2">
<MapEntry BoolAssgnmnt="0" Value="4"/>
</AssgnmntListEntry>
<AssgnmntListEntry Length="1" RootTermCovItemId="C3">
<MapEntry BoolAssgnmnt="1" Value="4"/>
</AssgnmntListEntry>
<AssgnmntListEntry Length="1" RootTermCovItemId="C4">
<MapEntry BoolAssgnmnt="0" Value="4"/>
<MapEntry BoolAssgnmnt="1" Value="12"/>
</AssgnmntListEntry>
</AssgnmntPrefix>
<AssgnmntPrefix RootTermCovItemPrefix="pickr.classes.GamingCard.java">
<AssgnmntListEntry Length="2" RootTermCovItemId="C1">
<MapEntry BoolAssgnmnt="02" Value="16"/>
<MapEntry BoolAssgnmnt="10" Value="16"/>
<MapEntry BoolAssgnmnt="11" Value="129"/>
</AssgnmntListEntry>
<AssgnmntListEntry Length="2" RootTermCovItemId="C2">
<MapEntry BoolAssgnmnt="00" Value="160"/>
<MapEntry BoolAssgnmnt="01" Value="1"/>
</AssgnmntListEntry>
</AssgnmntPrefix>
<AssgnmntPrefix RootTermCovItemPrefix="pickr.games.Briscola.java">
<AssgnmntListEntry Length="3" RootTermCovItemId="C1">
<MapEntry BoolAssgnmnt="022" Value="4"/>
</AssgnmntListEntry>
<AssgnmntListEntry Length="3" RootTermCovItemId="C2">
<MapEntry BoolAssgnmnt="022" Value="4"/>
</AssgnmntListEntry>
<AssgnmntListEntry Length="3" RootTermCovItemId="C3">
<MapEntry BoolAssgnmnt="002" Value="3"/>
<MapEntry BoolAssgnmnt="011" Value="1"/>
</AssgnmntListEntry>
</AssgnmntPrefix>
<AssgnmntPrefix RootTermCovItemPrefix="pickr.games.Game.java">
<AssgnmntListEntry Length="1" RootTermCovItemId="C1">
<MapEntry BoolAssgnmnt="1" Value="4"/>
</AssgnmntListEntry>
<AssgnmntListEntry Length="1" RootTermCovItemId="C2">
<MapEntry BoolAssgnmnt="0" Value="3"/>
<MapEntry BoolAssgnmnt="1" Value="1"/>
</AssgnmntListEntry>
</AssgnmntPrefix>
</AssgnmntList>
<ObjMetaDataList/>
<MetaDataList/>
</TestCase>
<TestCase Comment="" Date="1598619558573" Name="randoop.RandoopTest0:test128">
<CovList>
<CovPrefix CovItemPrefix="pickr.classes.Deck.java">
<Cov CovItemId="B1" Value="28"/>
<Cov CovItemId="B3" Value="28"/>
<Cov CovItemId="S1" Value="11"/>
<Cov CovItemId="S10" Value="28"/>
<Cov CovItemId="S11" Value="28"/>
<Cov CovItemId="S12" Value="28"/>
<Cov CovItemId="S13" Value="84"/>
<Cov CovItemId="S14" Value="28"/>
<Cov CovItemId="S2" Value="47"/>
<Cov CovItemId="S3" Value="11"/>
<Cov CovItemId="S4" Value="110"/>
<Cov CovItemId="S5" Value="440"/>
<Cov CovItemId="S6" Value="7"/>
<Cov CovItemId="S7" Value="28"/>
<Cov CovItemId="S8" Value="28"/>
</CovPrefix>
<CovPrefix CovItemPrefix="pickr.classes.GamingCard.java">
<Cov CovItemId="B1" Value="353"/>
<Cov CovItemId="B2" Value="88"/>
<Cov CovItemId="B3" Value="1"/>
<Cov CovItemId="B4" Value="440"/>
<Cov CovItemId="S1" Value="441"/>
<Cov CovItemId="S10" Value="441"/>
<Cov CovItemId="S11" Value="1"/>
<Cov CovItemId="S12" Value="440"/>
<Cov CovItemId="S13" Value="137"/>
<Cov CovItemId="S2" Value="441"/>
<Cov CovItemId="S3" Value="441"/>
<Cov CovItemId="S4" Value="68"/>
<Cov CovItemId="S6" Value="196"/>
<Cov CovItemId="S7" Value="441"/>
<Cov CovItemId="S8" Value="353"/>
<Cov CovItemId="S9" Value="88"/>
</CovPrefix>
<CovPrefix CovItemPrefix="pickr.classes.Player.java">
<Cov CovItemId="S1" Value="28"/>
<Cov CovItemId="S12" Value="35"/>
<Cov CovItemId="S13" Value="28"/>
<Cov CovItemId="S14" Value="28"/>
<Cov CovItemId="S2" Value="28"/>
<Cov CovItemId="S3" Value="28"/>
<Cov CovItemId="S4" Value="28"/>
<Cov CovItemId="S5" Value="56"/>
<Cov CovItemId="S6" Value="28"/>
<Cov CovItemId="S7" Value="28"/>
<Cov CovItemId="S9" Value="7"/>
</CovPrefix>
<CovPrefix CovItemPrefix="pickr.games.Briscola.java">
<Cov CovItemId="B1" Value="1"/>
<Cov CovItemId="B2" Value="27"/>
<Cov CovItemId="B3" Value="7"/>
<Cov CovItemId="B4" Value="21"/>
<Cov CovItemId="B5" Value="1"/>
<Cov CovItemId="B6" Value="27"/>
<Cov CovItemId="S1" Value="7"/>
<Cov CovItemId="S10" Value="7"/>
<Cov CovItemId="S11" Value="28"/>
<Cov CovItemId="S12" Value="1"/>
<Cov CovItemId="S13" Value="1"/>
<Cov CovItemId="S14" Value="28"/>
<Cov CovItemId="S15" Value="7"/>
<Cov CovItemId="S16" Value="7"/>
<Cov CovItemId="S17" Value="28"/>
<Cov CovItemId="S18" Value="1"/>
<Cov CovItemId="S19" Value="1"/>
<Cov CovItemId="S2" Value="7"/>
<Cov CovItemId="S20" Value="7"/>
<Cov CovItemId="S21" Value="7"/>
<Cov CovItemId="S22" Value="7"/>
<Cov CovItemId="S23" Value="28"/>
<Cov CovItemId="S24" Value="7"/>
<Cov CovItemId="S25" Value="7"/>
<Cov CovItemId="S26" Value="7"/>
<Cov CovItemId="S27" Value="7"/>
<Cov CovItemId="S28" Value="28"/>
<Cov CovItemId="S3" Value="7"/>
<Cov CovItemId="S4" Value="28"/>
<Cov CovItemId="S5" Value="7"/>
<Cov CovItemId="S6" Value="7"/>
<Cov CovItemId="S7" Value="7"/>
<Cov CovItemId="S8" Value="7"/>
<Cov CovItemId="S9" Value="7"/>
</CovPrefix>
<CovPrefix CovItemPrefix="pickr.games.Game.java">
<Cov CovItemId="B1" Value="28"/>
<Cov CovItemId="B3" Value="7"/>
<Cov CovItemId="B4" Value="21"/>
<Cov CovItemId="S1" Value="7"/>
<Cov CovItemId="S10" Value="28"/>
<Cov CovItemId="S11" Value="28"/>
<Cov CovItemId="S12" Value="28"/>
<Cov CovItemId="S14" Value="7"/>
<Cov CovItemId="S15" Value="7"/>
<Cov CovItemId="S16" Value="28"/>
<Cov CovItemId="S17" Value="7"/>
<Cov CovItemId="S18" Value="28"/>
<Cov CovItemId="S19" Value="7"/>
<Cov CovItemId="S2" Value="7"/>
<Cov CovItemId="S20" Value="7"/>
<Cov CovItemId="S21" Value="28"/>
<Cov CovItemId="S22" Value="7"/>
<Cov CovItemId="S23" Value="28"/>
<Cov CovItemId="S24" Value="7"/>
<Cov CovItemId="S25" Value="7"/>
<Cov CovItemId="S26" Value="7"/>
<Cov CovItemId="S27" Value="7"/>
<Cov CovItemId="S28" Value="7"/>
<Cov CovItemId="S3" Value="7"/>
<Cov CovItemId="S4" Value="7"/>
<Cov CovItemId="S5" Value="7"/>
<Cov CovItemId="S6" Value="7"/>
<Cov CovItemId="S7" Value="21"/>
<Cov CovItemId="S8" Value="7"/>
<Cov CovItemId="S9" Value="21"/>
</CovPrefix>
</CovList>
<AssgnmntList>
<AssgnmntPrefix RootTermCovItemPrefix="pickr.classes.Deck.java">
<AssgnmntListEntry Length="1" RootTermCovItemId="C1">
<MapEntry BoolAssgnmnt="0" Value="11"/>
<MapEntry BoolAssgnmnt="1" Value="110"/>
</AssgnmntListEntry>
<AssgnmntListEntry Length="1" RootTermCovItemId="C2">
<MapEntry BoolAssgnmnt="0" Value="28"/>
</AssgnmntListEntry>
<AssgnmntListEntry Length="1" RootTermCovItemId="C3">
<MapEntry BoolAssgnmnt="1" Value="28"/>
</AssgnmntListEntry>
<AssgnmntListEntry Length="1" RootTermCovItemId="C4">
<MapEntry BoolAssgnmnt="0" Value="28"/>
<MapEntry BoolAssgnmnt="1" Value="84"/>
</AssgnmntListEntry>
</AssgnmntPrefix>
<AssgnmntPrefix RootTermCovItemPrefix="pickr.classes.GamingCard.java">
<AssgnmntListEntry Length="2" RootTermCovItemId="C1">
<MapEntry BoolAssgnmnt="02" Value="44"/>
<MapEntry BoolAssgnmnt="10" Value="44"/>
<MapEntry BoolAssgnmnt="11" Value="353"/>
</AssgnmntListEntry>
<AssgnmntListEntry Length="2" RootTermCovItemId="C2">
<MapEntry BoolAssgnmnt="00" Value="440"/>
<MapEntry BoolAssgnmnt="01" Value="1"/>
</AssgnmntListEntry>
</AssgnmntPrefix>
<AssgnmntPrefix RootTermCovItemPrefix="pickr.games.Briscola.java">
<AssgnmntListEntry Length="3" RootTermCovItemId="C1">
<MapEntry BoolAssgnmnt="022" Value="18"/>
<MapEntry BoolAssgnmnt="102" Value="8"/>
<MapEntry BoolAssgnmnt="110" Value="1"/>
<MapEntry BoolAssgnmnt="111" Value="1"/>
</AssgnmntListEntry>
<AssgnmntListEntry Length="3" RootTermCovItemId="C2">
<MapEntry BoolAssgnmnt="022" Value="19"/>
<MapEntry BoolAssgnmnt="102" Value="1"/>
<MapEntry BoolAssgnmnt="110" Value="1"/>
<MapEntry BoolAssgnmnt="111" Value="7"/>
</AssgnmntListEntry>
<AssgnmntListEntry Length="3" RootTermCovItemId="C3">
<MapEntry BoolAssgnmnt="122" Value="2"/>
<MapEntry BoolAssgnmnt="002" Value="20"/>
<MapEntry BoolAssgnmnt="010" Value="5"/>
<MapEntry BoolAssgnmnt="011" Value="1"/>
</AssgnmntListEntry>
</AssgnmntPrefix>
<AssgnmntPrefix RootTermCovItemPrefix="pickr.games.Game.java">
<AssgnmntListEntry Length="1" RootTermCovItemId="C1">
<MapEntry BoolAssgnmnt="1" Value="28"/>
</AssgnmntListEntry>
<AssgnmntListEntry Length="1" RootTermCovItemId="C2">
<MapEntry BoolAssgnmnt="0" Value="21"/>
<MapEntry BoolAssgnmnt="1" Value="7"/>
</AssgnmntListEntry>
</AssgnmntPrefix>
</AssgnmntList>
<ObjMetaDataList/>
<MetaDataList/>
</TestCase>
<TestCase Comment="" Date="1598619558574" Name="randoop.RandoopTest0:test129">
<CovList>
<CovPrefix CovItemPrefix="pickr.classes.Deck.java">
<Cov CovItemId="B1" Value="60"/>
<Cov CovItemId="B2" Value="1"/>
<Cov CovItemId="B3" Value="36"/>
<Cov CovItemId="S1" Value="13"/>
<Cov CovItemId="S10" Value="36"/>
<Cov CovItemId="S11" Value="36"/>
<Cov CovItemId="S12" Value="36"/>
<Cov CovItemId="S13" Value="108"/>
<Cov CovItemId="S14" Value="36"/>
<Cov CovItemId="S2" Value="55"/>
<Cov CovItemId="S3" Value="13"/>
<Cov CovItemId="S4" Value="130"/>
<Cov CovItemId="S5" Value="520"/>
<Cov CovItemId="S6" Value="9"/>
<Cov CovItemId="S7" Value="61"/>
<Cov CovItemId="S8" Value="60"/>
<Cov CovItemId="S9" Value="1"/>
</CovPrefix>
<CovPrefix CovItemPrefix="pickr.classes.GamingCard.java">
<Cov CovItemId="B1" Value="416"/>
<Cov CovItemId="B2" Value="104"/>
<Cov CovItemId="B4" Value="520"/>
<Cov CovItemId="S1" Value="520"/>
<Cov CovItemId="S10" Value="520"/>
<Cov CovItemId="S12" Value="520"/>
<Cov CovItemId="S13" Value="206"/>
<Cov CovItemId="S2" Value="520"/>
<Cov CovItemId="S3" Value="520"/>
<Cov CovItemId="S4" Value="130"/>
<Cov CovItemId="S6" Value="448"/>
<Cov CovItemId="S7" Value="520"/>
<Cov CovItemId="S8" Value="416"/>
<Cov CovItemId="S9" Value="104"/>
</CovPrefix>
<CovPrefix CovItemPrefix="pickr.classes.Player.java">
<Cov CovItemId="S1" Value="36"/>
<Cov CovItemId="S12" Value="48"/>
<Cov CovItemId="S13" Value="64"/>
<Cov CovItemId="S14" Value="60"/>
<Cov CovItemId="S2" Value="36"/>
<Cov CovItemId="S3" Value="36"/>
<Cov CovItemId="S4" Value="36"/>
<Cov CovItemId="S5" Value="96"/>
<Cov CovItemId="S6" Value="36"/>
<Cov CovItemId="S7" Value="64"/>
<Cov CovItemId="S9" Value="16"/>
</CovPrefix>
<CovPrefix CovItemPrefix="pickr.games.Briscola.java">
<Cov CovItemId="B2" Value="64"/>
<Cov CovItemId="B3" Value="10"/>
<Cov CovItemId="B4" Value="54"/>
<Cov CovItemId="B5" Value="5"/>
<Cov CovItemId="B6" Value="59"/>
<Cov CovItemId="S1" Value="9"/>
<Cov CovItemId="S10" Value="16"/>
<Cov CovItemId="S11" Value="64"/>
<Cov CovItemId="S14" Value="64"/>
<Cov CovItemId="S15" Value="10"/>
<Cov CovItemId="S16" Value="10"/>
<Cov CovItemId="S17" Value="64"/>
<Cov CovItemId="S18" Value="5"/>
<Cov CovItemId="S19" Value="5"/>
<Cov CovItemId="S2" Value="9"/>
<Cov CovItemId="S20" Value="16"/>
<Cov CovItemId="S21" Value="16"/>
<Cov CovItemId="S22" Value="16"/>
<Cov CovItemId="S23" Value="64"/>
<Cov CovItemId="S24" Value="16"/>
<Cov CovItemId="S25" Value="16"/>
<Cov CovItemId="S26" Value="16"/>
<Cov CovItemId="S27" Value="16"/>
<Cov CovItemId="S28" Value="61"/>
<Cov CovItemId="S3" Value="9"/>
<Cov CovItemId="S4" Value="36"/>
<Cov CovItemId="S5" Value="9"/>
<Cov CovItemId="S6" Value="9"/>
<Cov CovItemId="S7" Value="9"/>
<Cov CovItemId="S8" Value="9"/>
<Cov CovItemId="S9" Value="16"/>
</CovPrefix>
<CovPrefix CovItemPrefix="pickr.games.Game.java">
<Cov CovItemId="B1" Value="36"/>
<Cov CovItemId="B3" Value="16"/>
<Cov CovItemId="B4" Value="48"/>
<Cov CovItemId="S1" Value="9"/>
<Cov CovItemId="S10" Value="41"/>
<Cov CovItemId="S11" Value="36"/>
<Cov CovItemId="S12" Value="36"/>
<Cov CovItemId="S14" Value="16"/>
<Cov CovItemId="S15" Value="16"/>
<Cov CovItemId="S16" Value="64"/>
<Cov CovItemId="S17" Value="16"/>
<Cov CovItemId="S18" Value="64"/>
<Cov CovItemId="S19" Value="16"/>
<Cov CovItemId="S2" Value="9"/>
<Cov CovItemId="S20" Value="16"/>
<Cov CovItemId="S21" Value="64"/>
<Cov CovItemId="S22" Value="16"/>
<Cov CovItemId="S23" Value="64"/>
<Cov CovItemId="S24" Value="16"/>
<Cov CovItemId="S25" Value="16"/>
<Cov CovItemId="S26" Value="16"/>
<Cov CovItemId="S27" Value="16"/>
<Cov CovItemId="S28" Value="16"/>
<Cov CovItemId="S3" Value="9"/>
<Cov CovItemId="S4" Value="9"/>
<Cov CovItemId="S5" Value="9"/>
<Cov CovItemId="S6" Value="9"/>
<Cov CovItemId="S7" Value="25"/>
<Cov CovItemId="S8" Value="8"/>
<Cov CovItemId="S9" Value="48"/>
</CovPrefix>
</CovList>
<AssgnmntList>
<AssgnmntPrefix RootTermCovItemPrefix="pickr.classes.Deck.java">
<AssgnmntListEntry Length="1" RootTermCovItemId="C1">
<MapEntry BoolAssgnmnt="0" Value="13"/>
<MapEntry BoolAssgnmnt="1" Value="130"/>
</AssgnmntListEntry>
<AssgnmntListEntry Length="1" RootTermCovItemId="C2">
<MapEntry BoolAssgnmnt="0" Value="60"/>
<MapEntry BoolAssgnmnt="1" Value="1"/>
</AssgnmntListEntry>
<AssgnmntListEntry Length="1" RootTermCovItemId="C3">
<MapEntry BoolAssgnmnt="1" Value="36"/>
</AssgnmntListEntry>
<AssgnmntListEntry Length="1" RootTermCovItemId="C4">
<MapEntry BoolAssgnmnt="0" Value="36"/>
<MapEntry BoolAssgnmnt="1" Value="108"/>
</AssgnmntListEntry>
</AssgnmntPrefix>
<AssgnmntPrefix RootTermCovItemPrefix="pickr.classes.GamingCard.java">
<AssgnmntListEntry Length="2" RootTermCovItemId="C1">
<MapEntry BoolAssgnmnt="02" Value="52"/>
<MapEntry BoolAssgnmnt="10" Value="52"/>
<MapEntry BoolAssgnmnt="11" Value="416"/>
</AssgnmntListEntry>
<AssgnmntListEntry Length="2" RootTermCovItemId="C2">
<MapEntry BoolAssgnmnt="00" Value="520"/>
</AssgnmntListEntry>
</AssgnmntPrefix>
<AssgnmntPrefix RootTermCovItemPrefix="pickr.games.Briscola.java">
<AssgnmntListEntry Length="3" RootTermCovItemId="C1">
<MapEntry BoolAssgnmnt="022" Value="46"/>
<MapEntry BoolAssgnmnt="102" Value="13"/>
<MapEntry BoolAssgnmnt="110" Value="5"/>
</AssgnmntListEntry>
<AssgnmntListEntry Length="3" RootTermCovItemId="C2">
<MapEntry BoolAssgnmnt="022" Value="46"/>
<MapEntry BoolAssgnmnt="102" Value="5"/>
<MapEntry BoolAssgnmnt="110" Value="3"/>
<MapEntry BoolAssgnmnt="111" Value="10"/>
</AssgnmntListEntry>
<AssgnmntListEntry Length="3" RootTermCovItemId="C3">
<MapEntry BoolAssgnmnt="122" Value="8"/>
<MapEntry BoolAssgnmnt="002" Value="45"/>
<MapEntry BoolAssgnmnt="010" Value="6"/>
<MapEntry BoolAssgnmnt="011" Value="5"/>
</AssgnmntListEntry>
</AssgnmntPrefix>
<AssgnmntPrefix RootTermCovItemPrefix="pickr.games.Game.java">
<AssgnmntListEntry Length="1" RootTermCovItemId="C1">
<MapEntry BoolAssgnmnt="1" Value="36"/>
</AssgnmntListEntry>
<AssgnmntListEntry Length="1" RootTermCovItemId="C2">
<MapEntry BoolAssgnmnt="0" Value="48"/>
<MapEntry BoolAssgnmnt="1" Value="16"/>
</AssgnmntListEntry>
</AssgnmntPrefix>
</AssgnmntList>
<ObjMetaDataList/>
<MetaDataList/>
</TestCase>
<TestCase Comment="" Date="1598619558575" Name="randoop.RandoopTest0:test130">
<CovList>
<CovPrefix CovItemPrefix="pickr.classes.Deck.java">
<Cov CovItemId="B1" Value="16"/>
<Cov CovItemId="B3" Value="16"/>
<Cov CovItemId="S1" Value="10"/>
<Cov CovItemId="S10" Value="16"/>
<Cov CovItemId="S11" Value="16"/>
<Cov CovItemId="S12" Value="16"/>
<Cov CovItemId="S13" Value="48"/>
<Cov CovItemId="S14" Value="16"/>
<Cov CovItemId="S2" Value="38"/>
<Cov CovItemId="S3" Value="10"/>
<Cov CovItemId="S4" Value="100"/>
<Cov CovItemId="S5" Value="400"/>
<Cov CovItemId="S6" Value="4"/>
<Cov CovItemId="S7" Value="16"/>
<Cov CovItemId="S8" Value="16"/>
</CovPrefix>
<CovPrefix CovItemPrefix="pickr.classes.GamingCard.java">
<Cov CovItemId="B1" Value="320"/>
<Cov CovItemId="B2" Value="80"/>
<Cov CovItemId="B4" Value="400"/>
<Cov CovItemId="S1" Value="400"/>
<Cov CovItemId="S10" Value="400"/>
<Cov CovItemId="S12" Value="400"/>
<Cov CovItemId="S13" Value="74"/>
<Cov CovItemId="S2" Value="400"/>
<Cov CovItemId="S3" Value="400"/>
<Cov CovItemId="S4" Value="32"/>
<Cov CovItemId="S6" Value="112"/>
<Cov CovItemId="S7" Value="400"/>
<Cov CovItemId="S8" Value="320"/>
<Cov CovItemId="S9" Value="80"/>
</CovPrefix>
<CovPrefix CovItemPrefix="pickr.classes.Player.java">
<Cov CovItemId="S1" Value="16"/>
<Cov CovItemId="S12" Value="20"/>
<Cov CovItemId="S13" Value="16"/>
<Cov CovItemId="S14" Value="16"/>
<Cov CovItemId="S2" Value="16"/>
<Cov CovItemId="S3" Value="16"/>
<Cov CovItemId="S4" Value="16"/>
<Cov CovItemId="S5" Value="32"/>
<Cov CovItemId="S6" Value="16"/>
<Cov CovItemId="S7" Value="16"/>
<Cov CovItemId="S9" Value="4"/>
</CovPrefix>
<CovPrefix CovItemPrefix="pickr.games.Briscola.java">
<Cov CovItemId="B2" Value="16"/>
<Cov CovItemId="B3" Value="2"/>
<Cov CovItemId="B4" Value="14"/>
<Cov CovItemId="B5" Value="1"/>
<Cov CovItemId="B6" Value="15"/>
<Cov CovItemId="S1" Value="4"/>
<Cov CovItemId="S10" Value="4"/>
<Cov CovItemId="S11" Value="16"/>
<Cov CovItemId="S14" Value="16"/>
<Cov CovItemId="S15" Value="2"/>
<Cov CovItemId="S16" Value="2"/>
<Cov CovItemId="S17" Value="16"/>
<Cov CovItemId="S18" Value="1"/>
<Cov CovItemId="S19" Value="1"/>
<Cov CovItemId="S2" Value="4"/>
<Cov CovItemId="S20" Value="4"/>
<Cov CovItemId="S21" Value="4"/>
<Cov CovItemId="S22" Value="4"/>
<Cov CovItemId="S23" Value="16"/>
<Cov CovItemId="S24" Value="4"/>
<Cov CovItemId="S25" Value="4"/>
<Cov CovItemId="S26" Value="4"/>
<Cov CovItemId="S27" Value="4"/>
<Cov CovItemId="S28" Value="16"/>
<Cov CovItemId="S3" Value="4"/>
<Cov CovItemId="S4" Value="16"/>
<Cov CovItemId="S5" Value="4"/>
<Cov CovItemId="S6" Value="4"/>
<Cov CovItemId="S7" Value="4"/>
<Cov CovItemId="S8" Value="4"/>
<Cov CovItemId="S9" Value="4"/>
</CovPrefix>
<CovPrefix CovItemPrefix="pickr.games.Game.java">
<Cov CovItemId="B1" Value="16"/>
<Cov CovItemId="B3" Value="4"/>
<Cov CovItemId="B4" Value="12"/>
<Cov CovItemId="S1" Value="4"/>
<Cov CovItemId="S10" Value="16"/>
<Cov CovItemId="S11" Value="16"/>
<Cov CovItemId="S12" Value="16"/>
<Cov CovItemId="S14" Value="4"/>
<Cov CovItemId="S15" Value="4"/>
<Cov CovItemId="S16" Value="16"/>
<Cov CovItemId="S17" Value="4"/>
<Cov CovItemId="S18" Value="16"/>
<Cov CovItemId="S19" Value="4"/>
<Cov CovItemId="S2" Value="4"/>
<Cov CovItemId="S20" Value="4"/>
<Cov CovItemId="S21" Value="16"/>
<Cov CovItemId="S22" Value="4"/>
<Cov CovItemId="S23" Value="16"/>
<Cov CovItemId="S24" Value="4"/>
<Cov CovItemId="S25" Value="4"/>
<Cov CovItemId="S26" Value="4"/>
<Cov CovItemId="S27" Value="4"/>
<Cov CovItemId="S28" Value="4"/>
<Cov CovItemId="S3" Value="4"/>
<Cov CovItemId="S4" Value="4"/>
<Cov CovItemId="S5" Value="4"/>
<Cov CovItemId="S6" Value="4"/>
<Cov CovItemId="S7" Value="12"/>
<Cov CovItemId="S8" Value="4"/>
<Cov CovItemId="S9" Value="12"/>
</CovPrefix>
</CovList>
<AssgnmntList>
<AssgnmntPrefix RootTermCovItemPrefix="pickr.classes.Deck.java">
<AssgnmntListEntry Length="1" RootTermCovItemId="C1">
<MapEntry BoolAssgnmnt="0" Value="10"/>
<MapEntry BoolAssgnmnt="1" Value="100"/>
</AssgnmntListEntry>
<AssgnmntListEntry Length="1" RootTermCovItemId="C2">
<MapEntry BoolAssgnmnt="0" Value="16"/>
</AssgnmntListEntry>
<AssgnmntListEntry Length="1" RootTermCovItemId="C3">
<MapEntry BoolAssgnmnt="1" Value="16"/>
</AssgnmntListEntry>
<AssgnmntListEntry Length="1" RootTermCovItemId="C4">
<MapEntry BoolAssgnmnt="0" Value="16"/>
<MapEntry BoolAssgnmnt="1" Value="48"/>
</AssgnmntListEntry>
</AssgnmntPrefix>
<AssgnmntPrefix RootTermCovItemPrefix="pickr.classes.GamingCard.java">
<AssgnmntListEntry Length="2" RootTermCovItemId="C1">
<MapEntry BoolAssgnmnt="02" Value="40"/>
<MapEntry BoolAssgnmnt="10" Value="40"/>
<MapEntry BoolAssgnmnt="11" Value="320"/>
</AssgnmntListEntry>
<AssgnmntListEntry Length="2" RootTermCovItemId="C2">
<MapEntry BoolAssgnmnt="00" Value="400"/>
</AssgnmntListEntry>
</AssgnmntPrefix>
<AssgnmntPrefix RootTermCovItemPrefix="pickr.games.Briscola.java">
<AssgnmntListEntry Length="3" RootTermCovItemId="C1">
<MapEntry BoolAssgnmnt="022" Value="12"/>
<MapEntry BoolAssgnmnt="102" Value="3"/>
<MapEntry BoolAssgnmnt="110" Value="1"/>
</AssgnmntListEntry>
<AssgnmntListEntry Length="3" RootTermCovItemId="C2">
<MapEntry BoolAssgnmnt="022" Value="12"/>
<MapEntry BoolAssgnmnt="102" Value="1"/>
<MapEntry BoolAssgnmnt="110" Value="1"/>
<MapEntry BoolAssgnmnt="111" Value="2"/>
</AssgnmntListEntry>
<AssgnmntListEntry Length="3" RootTermCovItemId="C3">
<MapEntry BoolAssgnmnt="122" Value="2"/>
<MapEntry BoolAssgnmnt="002" Value="12"/>
<MapEntry BoolAssgnmnt="010" Value="1"/>
<MapEntry BoolAssgnmnt="011" Value="1"/>
</AssgnmntListEntry>
</AssgnmntPrefix>
<AssgnmntPrefix RootTermCovItemPrefix="pickr.games.Game.java">
<AssgnmntListEntry Length="1" RootTermCovItemId="C1">
<MapEntry BoolAssgnmnt="1" Value="16"/>
</AssgnmntListEntry>
<AssgnmntListEntry Length="1" RootTermCovItemId="C2">
<MapEntry BoolAssgnmnt="0" Value="12"/>
<MapEntry BoolAssgnmnt="1" Value="4"/>
</AssgnmntListEntry>
</AssgnmntPrefix>
</AssgnmntList>
<ObjMetaDataList/>
<MetaDataList/>
</TestCase>
<TestCase Comment="" Date="1598619558575" Name="randoop.RandoopTest0:test131">
<CovList>
<CovPrefix CovItemPrefix="pickr.classes.Deck.java">
<Cov CovItemId="B1" Value="8"/>
<Cov CovItemId="B3" Value="8"/>
<Cov CovItemId="S1" Value="6"/>
<Cov CovItemId="S10" Value="8"/>
<Cov CovItemId="S11" Value="8"/>
<Cov CovItemId="S12" Value="8"/>
<Cov CovItemId="S13" Value="24"/>
<Cov CovItemId="S14" Value="8"/>
<Cov CovItemId="S2" Value="22"/>
<Cov CovItemId="S3" Value="6"/>
<Cov CovItemId="S4" Value="60"/>
<Cov CovItemId="S5" Value="240"/>
<Cov CovItemId="S6" Value="2"/>
<Cov CovItemId="S7" Value="8"/>
<Cov CovItemId="S8" Value="8"/>
</CovPrefix>
<CovPrefix CovItemPrefix="pickr.classes.GamingCard.java">
<Cov CovItemId="B1" Value="192"/>
<Cov CovItemId="B2" Value="48"/>
<Cov CovItemId="B4" Value="240"/>
<Cov CovItemId="S1" Value="240"/>
<Cov CovItemId="S10" Value="240"/>
<Cov CovItemId="S12" Value="240"/>
<Cov CovItemId="S13" Value="38"/>
<Cov CovItemId="S2" Value="240"/>
<Cov CovItemId="S3" Value="240"/>
<Cov CovItemId="S4" Value="25"/>
<Cov CovItemId="S6" Value="56"/>
<Cov CovItemId="S7" Value="240"/>
<Cov CovItemId="S8" Value="192"/>
<Cov CovItemId="S9" Value="48"/>
</CovPrefix>
<CovPrefix CovItemPrefix="pickr.classes.Player.java">
<Cov CovItemId="S1" Value="8"/>
<Cov CovItemId="S12" Value="10"/>
<Cov CovItemId="S13" Value="8"/>
<Cov CovItemId="S14" Value="8"/>
<Cov CovItemId="S2" Value="8"/>
<Cov CovItemId="S3" Value="8"/>
<Cov CovItemId="S4" Value="8"/>
<Cov CovItemId="S5" Value="16"/>
<Cov CovItemId="S6" Value="8"/>
<Cov CovItemId="S7" Value="8"/>
<Cov CovItemId="S9" Value="2"/>
</CovPrefix>
<CovPrefix CovItemPrefix="pickr.games.Briscola.java">
<Cov CovItemId="B2" Value="8"/>
<Cov CovItemId="B3" Value="2"/>
<Cov CovItemId="B4" Value="6"/>
<Cov CovItemId="B6" Value="8"/>
<Cov CovItemId="S1" Value="2"/>
<Cov CovItemId="S10" Value="2"/>
<Cov CovItemId="S11" Value="8"/>
<Cov CovItemId="S14" Value="8"/>
<Cov CovItemId="S15" Value="2"/>
<Cov CovItemId="S16" Value="2"/>
<Cov CovItemId="S17" Value="8"/>
<Cov CovItemId="S2" Value="2"/>
<Cov CovItemId="S20" Value="2"/>
<Cov CovItemId="S21" Value="2"/>
<Cov CovItemId="S22" Value="2"/>
<Cov CovItemId="S23" Value="8"/>
<Cov CovItemId="S24" Value="2"/>
<Cov CovItemId="S25" Value="2"/>
<Cov CovItemId="S26" Value="2"/>
<Cov CovItemId="S27" Value="2"/>
<Cov CovItemId="S28" Value="8"/>
<Cov CovItemId="S3" Value="2"/>
<Cov CovItemId="S4" Value="8"/>
<Cov CovItemId="S5" Value="2"/>
<Cov CovItemId="S6" Value="2"/>
<Cov CovItemId="S7" Value="2"/>
<Cov CovItemId="S8" Value="2"/>
<Cov CovItemId="S9" Value="2"/>
</CovPrefix>
<CovPrefix CovItemPrefix="pickr.games.Game.java">
<Cov CovItemId="B1" Value="8"/>
<Cov CovItemId="B3" Value="2"/>
<Cov CovItemId="B4" Value="6"/>
<Cov CovItemId="S1" Value="2"/>
<Cov CovItemId="S10" Value="8"/>
<Cov CovItemId="S11" Value="8"/>
<Cov CovItemId="S12" Value="8"/>
<Cov CovItemId="S14" Value="2"/>
<Cov CovItemId="S15" Value="2"/>
<Cov CovItemId="S16" Value="8"/>
<Cov CovItemId="S17" Value="2"/>
<Cov CovItemId="S18" Value="8"/>
<Cov CovItemId="S19" Value="2"/>
<Cov CovItemId="S2" Value="2"/>
<Cov CovItemId="S20" Value="2"/>
<Cov CovItemId="S21" Value="8"/>
<Cov CovItemId="S22" Value="2"/>
<Cov CovItemId="S23" Value="8"/>
<Cov CovItemId="S24" Value="2"/>
<Cov CovItemId="S25" Value="2"/>
<Cov CovItemId="S26" Value="2"/>
<Cov CovItemId="S27" Value="2"/>
<Cov CovItemId="S28" Value="2"/>
<Cov CovItemId="S3" Value="2"/>
<Cov CovItemId="S4" Value="2"/>
<Cov CovItemId="S5" Value="2"/>
<Cov CovItemId="S6" Value="2"/>
<Cov CovItemId="S7" Value="6"/>
<Cov CovItemId="S8" Value="2"/>
<Cov CovItemId="S9" Value="6"/>
</CovPrefix>
</CovList>
<AssgnmntList>
<AssgnmntPrefix RootTermCovItemPrefix="pickr.classes.Deck.java">
<AssgnmntListEntry Length="1" RootTermCovItemId="C1">
<MapEntry BoolAssgnmnt="0" Value="6"/>
<MapEntry BoolAssgnmnt="1" Value="60"/>
</AssgnmntListEntry>
<AssgnmntListEntry Length="1" RootTermCovItemId="C2">
<MapEntry BoolAssgnmnt="0" Value="8"/>
</AssgnmntListEntry>
<AssgnmntListEntry Length="1" RootTermCovItemId="C3">
<MapEntry BoolAssgnmnt="1" Value="8"/>
</AssgnmntListEntry>
<AssgnmntListEntry Length="1" RootTermCovItemId="C4">
<MapEntry BoolAssgnmnt="0" Value="8"/>
<MapEntry BoolAssgnmnt="1" Value="24"/>
</AssgnmntListEntry>
</AssgnmntPrefix>
<AssgnmntPrefix RootTermCovItemPrefix="pickr.classes.GamingCard.java">
<AssgnmntListEntry Length="2" RootTermCovItemId="C1">
<MapEntry BoolAssgnmnt="02" Value="24"/>
<MapEntry BoolAssgnmnt="10" Value="24"/>
<MapEntry BoolAssgnmnt="11" Value="192"/>
</AssgnmntListEntry>
<AssgnmntListEntry Length="2" RootTermCovItemId="C2">
<MapEntry BoolAssgnmnt="00" Value="240"/>
</AssgnmntListEntry>
</AssgnmntPrefix>
<AssgnmntPrefix RootTermCovItemPrefix="pickr.games.Briscola.java">
<AssgnmntListEntry Length="3" RootTermCovItemId="C1">
<MapEntry BoolAssgnmnt="022" Value="2"/>
<MapEntry BoolAssgnmnt="102" Value="3"/>
<MapEntry BoolAssgnmnt="110" Value="3"/>
</AssgnmntListEntry>
<AssgnmntListEntry Length="3" RootTermCovItemId="C2">
<MapEntry BoolAssgnmnt="022" Value="2"/>
<MapEntry BoolAssgnmnt="102" Value="3"/>
<MapEntry BoolAssgnmnt="110" Value="1"/>
<MapEntry BoolAssgnmnt="111" Value="2"/>
</AssgnmntListEntry>
<AssgnmntListEntry Length="3" RootTermCovItemId="C3">
<MapEntry BoolAssgnmnt="122" Value="4"/>
<MapEntry BoolAssgnmnt="002" Value="3"/>
<MapEntry BoolAssgnmnt="010" Value="1"/>
</AssgnmntListEntry>
</AssgnmntPrefix>
<AssgnmntPrefix RootTermCovItemPrefix="pickr.games.Game.java">
<AssgnmntListEntry Length="1" RootTermCovItemId="C1">
<MapEntry BoolAssgnmnt="1" Value="8"/>
</AssgnmntListEntry>
<AssgnmntListEntry Length="1" RootTermCovItemId="C2">
<MapEntry BoolAssgnmnt="0" Value="6"/>
<MapEntry BoolAssgnmnt="1" Value="2"/>
</AssgnmntListEntry>
</AssgnmntPrefix>
</AssgnmntList>
<ObjMetaDataList/>
<MetaDataList/>
</TestCase>
<TestCase Comment="" Date="1598619558576" Name="randoop.RandoopTest0:test132">
<CovList>
<CovPrefix CovItemPrefix="pickr.classes.Deck.java">
<Cov CovItemId="B1" Value="16"/>
<Cov CovItemId="B3" Value="16"/>
<Cov CovItemId="B4" Value="1"/>
<Cov CovItemId="S1" Value="8"/>
<Cov CovItemId="S10" Value="17"/>
<Cov CovItemId="S11" Value="16"/>
<Cov CovItemId="S12" Value="16"/>
<Cov CovItemId="S13" Value="48"/>
<Cov CovItemId="S14" Value="16"/>
<Cov CovItemId="S15" Value="1"/>
<Cov CovItemId="S2" Value="29"/>
<Cov CovItemId="S3" Value="7"/>
<Cov CovItemId="S4" Value="70"/>
<Cov CovItemId="S5" Value="280"/>
<Cov CovItemId="S6" Value="4"/>
<Cov CovItemId="S7" Value="16"/>
<Cov CovItemId="S8" Value="16"/>
</CovPrefix>
<CovPrefix CovItemPrefix="pickr.classes.GamingCard.java">
<Cov CovItemId="B1" Value="224"/>
<Cov CovItemId="B2" Value="56"/>
<Cov CovItemId="B4" Value="280"/>
<Cov CovItemId="S1" Value="280"/>
<Cov CovItemId="S10" Value="280"/>
<Cov CovItemId="S12" Value="280"/>
<Cov CovItemId="S13" Value="78"/>
<Cov CovItemId="S2" Value="280"/>
<Cov CovItemId="S3" Value="280"/>
<Cov CovItemId="S4" Value="43"/>
<Cov CovItemId="S6" Value="112"/>
<Cov CovItemId="S7" Value="280"/>
<Cov CovItemId="S8" Value="224"/>
<Cov CovItemId="S9" Value="56"/>
</CovPrefix>
<CovPrefix CovItemPrefix="pickr.classes.Player.java">
<Cov CovItemId="S1" Value="16"/>
<Cov CovItemId="S12" Value="20"/>
<Cov CovItemId="S13" Value="16"/>
<Cov CovItemId="S14" Value="16"/>
<Cov CovItemId="S2" Value="16"/>
<Cov CovItemId="S3" Value="16"/>
<Cov CovItemId="S4" Value="16"/>
<Cov CovItemId="S5" Value="32"/>
<Cov CovItemId="S6" Value="16"/>
<Cov CovItemId="S7" Value="16"/>
<Cov CovItemId="S9" Value="4"/>
</CovPrefix>
<CovPrefix CovItemPrefix="pickr.games.Briscola.java">
<Cov CovItemId="B1" Value="1"/>
<Cov CovItemId="B2" Value="15"/>
<Cov CovItemId="B3" Value="3"/>
<Cov CovItemId="B4" Value="13"/>
<Cov CovItemId="B5" Value="1"/>
<Cov CovItemId="B6" Value="15"/>
<Cov CovItemId="S1" Value="4"/>
<Cov CovItemId="S10" Value="4"/>
<Cov CovItemId="S11" Value="16"/>
<Cov CovItemId="S12" Value="1"/>
<Cov CovItemId="S13" Value="1"/>
<Cov CovItemId="S14" Value="16"/>
<Cov CovItemId="S15" Value="3"/>
<Cov CovItemId="S16" Value="3"/>
<Cov CovItemId="S17" Value="16"/>
<Cov CovItemId="S18" Value="1"/>
<Cov CovItemId="S19" Value="1"/>
<Cov CovItemId="S2" Value="4"/>
<Cov CovItemId="S20" Value="4"/>
<Cov CovItemId="S21" Value="4"/>
<Cov CovItemId="S22" Value="4"/>
<Cov CovItemId="S23" Value="16"/>
<Cov CovItemId="S24" Value="4"/>
<Cov CovItemId="S25" Value="4"/>
<Cov CovItemId="S26" Value="4"/>
<Cov CovItemId="S27" Value="4"/>
<Cov CovItemId="S28" Value="16"/>
<Cov CovItemId="S3" Value="4"/>
<Cov CovItemId="S4" Value="16"/>
<Cov CovItemId="S5" Value="4"/>
<Cov CovItemId="S6" Value="4"/>
<Cov CovItemId="S7" Value="4"/>
<Cov CovItemId="S8" Value="4"/>
<Cov CovItemId="S9" Value="4"/>
</CovPrefix>
<CovPrefix CovItemPrefix="pickr.games.Game.java">
<Cov CovItemId="B1" Value="16"/>
<Cov CovItemId="B3" Value="4"/>
<Cov CovItemId="B4" Value="12"/>
<Cov CovItemId="S1" Value="4"/>
<Cov CovItemId="S10" Value="16"/>
<Cov CovItemId="S11" Value="16"/>
<Cov CovItemId="S12" Value="16"/>
<Cov CovItemId="S14" Value="4"/>
<Cov CovItemId="S15" Value="4"/>
<Cov CovItemId="S16" Value="16"/>
<Cov CovItemId="S17" Value="4"/>
<Cov CovItemId="S18" Value="16"/>
<Cov CovItemId="S19" Value="4"/>
<Cov CovItemId="S2" Value="4"/>
<Cov CovItemId="S20" Value="4"/>
<Cov CovItemId="S21" Value="16"/>
<Cov CovItemId="S22" Value="4"/>
<Cov CovItemId="S23" Value="16"/>
<Cov CovItemId="S24" Value="4"/>
<Cov CovItemId="S25" Value="4"/>
<Cov CovItemId="S26" Value="4"/>
<Cov CovItemId="S27" Value="4"/>
<Cov CovItemId="S28" Value="4"/>
<Cov CovItemId="S3" Value="4"/>
<Cov CovItemId="S4" Value="4"/>
<Cov CovItemId="S5" Value="4"/>
<Cov CovItemId="S6" Value="4"/>
<Cov CovItemId="S7" Value="12"/>
<Cov CovItemId="S8" Value="4"/>
<Cov CovItemId="S9" Value="12"/>
</CovPrefix>
</CovList>
<AssgnmntList>
<AssgnmntPrefix RootTermCovItemPrefix="pickr.classes.Deck.java">
<AssgnmntListEntry Length="1" RootTermCovItemId="C1">
<MapEntry BoolAssgnmnt="0" Value="7"/>
<MapEntry BoolAssgnmnt="1" Value="70"/>
</AssgnmntListEntry>
<AssgnmntListEntry Length="1" RootTermCovItemId="C2">
<MapEntry BoolAssgnmnt="0" Value="16"/>
</AssgnmntListEntry>
<AssgnmntListEntry Length="1" RootTermCovItemId="C3">
<MapEntry BoolAssgnmnt="0" Value="1"/>
<MapEntry BoolAssgnmnt="1" Value="16"/>
</AssgnmntListEntry>
<AssgnmntListEntry Length="1" RootTermCovItemId="C4">
<MapEntry BoolAssgnmnt="0" Value="16"/>
<MapEntry BoolAssgnmnt="1" Value="48"/>
</AssgnmntListEntry>
</AssgnmntPrefix>
<AssgnmntPrefix RootTermCovItemPrefix="pickr.classes.GamingCard.java">
<AssgnmntListEntry Length="2" RootTermCovItemId="C1">
<MapEntry BoolAssgnmnt="02" Value="28"/>
<MapEntry BoolAssgnmnt="10" Value="28"/>
<MapEntry BoolAssgnmnt="11" Value="224"/>
</AssgnmntListEntry>
<AssgnmntListEntry Length="2" RootTermCovItemId="C2">
<MapEntry BoolAssgnmnt="00" Value="280"/>
</AssgnmntListEntry>
</AssgnmntPrefix>
<AssgnmntPrefix RootTermCovItemPrefix="pickr.games.Briscola.java">
<AssgnmntListEntry Length="3" RootTermCovItemId="C1">
<MapEntry BoolAssgnmnt="022" Value="8"/>
<MapEntry BoolAssgnmnt="102" Value="3"/>
<MapEntry BoolAssgnmnt="110" Value="4"/>
<MapEntry BoolAssgnmnt="111" Value="1"/>
</AssgnmntListEntry>
<AssgnmntListEntry Length="3" RootTermCovItemId="C2">
<MapEntry BoolAssgnmnt="022" Value="9"/>
<MapEntry BoolAssgnmnt="102" Value="4"/>
<MapEntry BoolAssgnmnt="111" Value="3"/>
</AssgnmntListEntry>
<AssgnmntListEntry Length="3" RootTermCovItemId="C3">
<MapEntry BoolAssgnmnt="122" Value="4"/>
<MapEntry BoolAssgnmnt="002" Value="8"/>
<MapEntry BoolAssgnmnt="010" Value="3"/>
<MapEntry BoolAssgnmnt="011" Value="1"/>
</AssgnmntListEntry>
</AssgnmntPrefix>
<AssgnmntPrefix RootTermCovItemPrefix="pickr.games.Game.java">
<AssgnmntListEntry Length="1" RootTermCovItemId="C1">
<MapEntry BoolAssgnmnt="1" Value="16"/>
</AssgnmntListEntry>
<AssgnmntListEntry Length="1" RootTermCovItemId="C2">
<MapEntry BoolAssgnmnt="0" Value="12"/>
<MapEntry BoolAssgnmnt="1" Value="4"/>
</AssgnmntListEntry>
</AssgnmntPrefix>
</AssgnmntList>
<ObjMetaDataList/>
<MetaDataList/>
</TestCase>
<TestCase Comment="" Date="1598619558577" Name="randoop.RandoopTest0:test10">
<CovList>
<CovPrefix CovItemPrefix="pickr.classes.Deck.java">
<Cov CovItemId="B1" Value="36"/>
<Cov CovItemId="B2" Value="1"/>
<Cov CovItemId="B3" Value="12"/>
<Cov CovItemId="S1" Value="4"/>
<Cov CovItemId="S10" Value="12"/>
<Cov CovItemId="S11" Value="12"/>
<Cov CovItemId="S12" Value="12"/>
<Cov CovItemId="S13" Value="36"/>
<Cov CovItemId="S14" Value="12"/>
<Cov CovItemId="S2" Value="16"/>
<Cov CovItemId="S3" Value="4"/>
<Cov CovItemId="S4" Value="40"/>
<Cov CovItemId="S5" Value="160"/>
<Cov CovItemId="S6" Value="3"/>
<Cov CovItemId="S7" Value="37"/>
<Cov CovItemId="S8" Value="36"/>
<Cov CovItemId="S9" Value="1"/>
</CovPrefix>
<CovPrefix CovItemPrefix="pickr.classes.GamingCard.java">
<Cov CovItemId="B1" Value="128"/>
<Cov CovItemId="B2" Value="32"/>
<Cov CovItemId="B4" Value="160"/>
<Cov CovItemId="S1" Value="160"/>
<Cov CovItemId="S10" Value="160"/>
<Cov CovItemId="S12" Value="160"/>
<Cov CovItemId="S13" Value="94"/>
<Cov CovItemId="S2" Value="160"/>
<Cov CovItemId="S3" Value="160"/>
<Cov CovItemId="S4" Value="84"/>
<Cov CovItemId="S6" Value="280"/>
<Cov CovItemId="S7" Value="160"/>
<Cov CovItemId="S8" Value="128"/>
<Cov CovItemId="S9" Value="32"/>
</CovPrefix>
<CovPrefix CovItemPrefix="pickr.classes.Player.java">
<Cov CovItemId="S1" Value="12"/>
<Cov CovItemId="S12" Value="18"/>
<Cov CovItemId="S13" Value="40"/>
<Cov CovItemId="S14" Value="36"/>
<Cov CovItemId="S2" Value="12"/>
<Cov CovItemId="S3" Value="12"/>
<Cov CovItemId="S4" Value="12"/>
<Cov CovItemId="S5" Value="48"/>
<Cov CovItemId="S6" Value="12"/>
<Cov CovItemId="S7" Value="40"/>
<Cov CovItemId="S9" Value="10"/>
</CovPrefix>
<CovPrefix CovItemPrefix="pickr.games.Briscola.java">
<Cov CovItemId="B2" Value="40"/>
<Cov CovItemId="B3" Value="8"/>
<Cov CovItemId="B4" Value="32"/>
<Cov CovItemId="B5" Value="2"/>
<Cov CovItemId="B6" Value="38"/>
<Cov CovItemId="S1" Value="3"/>
<Cov CovItemId="S10" Value="10"/>
<Cov CovItemId="S11" Value="40"/>
<Cov CovItemId="S14" Value="40"/>
<Cov CovItemId="S15" Value="8"/>
<Cov CovItemId="S16" Value="8"/>
<Cov CovItemId="S17" Value="40"/>
<Cov CovItemId="S18" Value="2"/>
<Cov CovItemId="S19" Value="2"/>
<Cov CovItemId="S2" Value="3"/>
<Cov CovItemId="S20" Value="10"/>
<Cov CovItemId="S21" Value="10"/>
<Cov CovItemId="S22" Value="10"/>
<Cov CovItemId="S23" Value="40"/>
<Cov CovItemId="S24" Value="10"/>
<Cov CovItemId="S25" Value="10"/>
<Cov CovItemId="S26" Value="10"/>
<Cov CovItemId="S27" Value="10"/>
<Cov CovItemId="S28" Value="37"/>
<Cov CovItemId="S3" Value="3"/>
<Cov CovItemId="S4" Value="12"/>
<Cov CovItemId="S5" Value="3"/>
<Cov CovItemId="S6" Value="3"/>
<Cov CovItemId="S7" Value="3"/>
<Cov CovItemId="S8" Value="3"/>
<Cov CovItemId="S9" Value="10"/>
</CovPrefix>
<CovPrefix CovItemPrefix="pickr.games.Game.java">
<Cov CovItemId="B1" Value="12"/>
<Cov CovItemId="B3" Value="10"/>
<Cov CovItemId="B4" Value="30"/>
<Cov CovItemId="S1" Value="3"/>
<Cov CovItemId="S10" Value="17"/>
<Cov CovItemId="S11" Value="12"/>
<Cov CovItemId="S12" Value="12"/>
<Cov CovItemId="S14" Value="10"/>
<Cov CovItemId="S15" Value="10"/>
<Cov CovItemId="S16" Value="40"/>
<Cov CovItemId="S17" Value="10"/>
<Cov CovItemId="S18" Value="40"/>
<Cov CovItemId="S19" Value="10"/>
<Cov CovItemId="S2" Value="3"/>
<Cov CovItemId="S20" Value="10"/>
<Cov CovItemId="S21" Value="40"/>
<Cov CovItemId="S22" Value="10"/>
<Cov CovItemId="S23" Value="40"/>
<Cov CovItemId="S24" Value="10"/>
<Cov CovItemId="S25" Value="10"/>
<Cov CovItemId="S26" Value="10"/>
<Cov CovItemId="S27" Value="10"/>
<Cov CovItemId="S28" Value="10"/>
<Cov CovItemId="S3" Value="3"/>
<Cov CovItemId="S4" Value="3"/>
<Cov CovItemId="S5" Value="3"/>
<Cov CovItemId="S6" Value="3"/>
<Cov CovItemId="S7" Value="7"/>
<Cov CovItemId="S8" Value="2"/>
<Cov CovItemId="S9" Value="30"/>
</CovPrefix>
</CovList>
<AssgnmntList>
<AssgnmntPrefix RootTermCovItemPrefix="pickr.classes.Deck.java">
<AssgnmntListEntry Length="1" RootTermCovItemId="C1">
<MapEntry BoolAssgnmnt="0" Value="4"/>
<MapEntry BoolAssgnmnt="1" Value="40"/>
</AssgnmntListEntry>
<AssgnmntListEntry Length="1" RootTermCovItemId="C2">
<MapEntry BoolAssgnmnt="0" Value="36"/>
<MapEntry BoolAssgnmnt="1" Value="1"/>
</AssgnmntListEntry>
<AssgnmntListEntry Length="1" RootTermCovItemId="C3">
<MapEntry BoolAssgnmnt="1" Value="12"/>
</AssgnmntListEntry>
<AssgnmntListEntry Length="1" RootTermCovItemId="C4">
<MapEntry BoolAssgnmnt="0" Value="12"/>
<MapEntry BoolAssgnmnt="1" Value="36"/>
</AssgnmntListEntry>
</AssgnmntPrefix>
<AssgnmntPrefix RootTermCovItemPrefix="pickr.classes.GamingCard.java">
<AssgnmntListEntry Length="2" RootTermCovItemId="C1">
<MapEntry BoolAssgnmnt="02" Value="16"/>
<MapEntry BoolAssgnmnt="10" Value="16"/>
<MapEntry BoolAssgnmnt="11" Value="128"/>
</AssgnmntListEntry>
<AssgnmntListEntry Length="2" RootTermCovItemId="C2">
<MapEntry BoolAssgnmnt="00" Value="160"/>
</AssgnmntListEntry>
</AssgnmntPrefix>
<AssgnmntPrefix RootTermCovItemPrefix="pickr.games.Briscola.java">
<AssgnmntListEntry Length="3" RootTermCovItemId="C1">
<MapEntry BoolAssgnmnt="022" Value="26"/>
<MapEntry BoolAssgnmnt="102" Value="12"/>
<MapEntry BoolAssgnmnt="110" Value="2"/>
</AssgnmntListEntry>
<AssgnmntListEntry Length="3" RootTermCovItemId="C2">
<MapEntry BoolAssgnmnt="022" Value="26"/>
<MapEntry BoolAssgnmnt="102" Value="2"/>
<MapEntry BoolAssgnmnt="110" Value="4"/>
<MapEntry BoolAssgnmnt="111" Value="8"/>
</AssgnmntListEntry>
<AssgnmntListEntry Length="3" RootTermCovItemId="C3">
<MapEntry BoolAssgnmnt="122" Value="6"/>
<MapEntry BoolAssgnmnt="002" Value="29"/>
<MapEntry BoolAssgnmnt="010" Value="3"/>
<MapEntry BoolAssgnmnt="011" Value="2"/>
</AssgnmntListEntry>
</AssgnmntPrefix>
<AssgnmntPrefix RootTermCovItemPrefix="pickr.games.Game.java">
<AssgnmntListEntry Length="1" RootTermCovItemId="C1">
<MapEntry BoolAssgnmnt="1" Value="12"/>
</AssgnmntListEntry>
<AssgnmntListEntry Length="1" RootTermCovItemId="C2">
<MapEntry BoolAssgnmnt="0" Value="30"/>
<MapEntry BoolAssgnmnt="1" Value="10"/>
</AssgnmntListEntry>
</AssgnmntPrefix>
</AssgnmntList>
<ObjMetaDataList/>
<MetaDataList/>
</TestCase>
<TestCase Comment="" Date="1598619558577" Name="randoop.RandoopTest0:test11">
<CovList>
<CovPrefix CovItemPrefix="pickr.classes.Deck.java">
<Cov CovItemId="B1" Value="32"/>
<Cov CovItemId="B2" Value="1"/>
<Cov CovItemId="B3" Value="8"/>
<Cov CovItemId="S1" Value="2"/>
<Cov CovItemId="S10" Value="8"/>
<Cov CovItemId="S11" Value="8"/>
<Cov CovItemId="S12" Value="8"/>
<Cov CovItemId="S13" Value="24"/>
<Cov CovItemId="S14" Value="8"/>
<Cov CovItemId="S2" Value="8"/>
<Cov CovItemId="S3" Value="2"/>
<Cov CovItemId="S4" Value="20"/>
<Cov CovItemId="S5" Value="80"/>
<Cov CovItemId="S6" Value="2"/>
<Cov CovItemId="S7" Value="33"/>
<Cov CovItemId="S8" Value="32"/>
<Cov CovItemId="S9" Value="1"/>
</CovPrefix>
<CovPrefix CovItemPrefix="pickr.classes.GamingCard.java">
<Cov CovItemId="B1" Value="64"/>
<Cov CovItemId="B2" Value="16"/>
<Cov CovItemId="B4" Value="80"/>
<Cov CovItemId="S1" Value="80"/>
<Cov CovItemId="S10" Value="80"/>
<Cov CovItemId="S12" Value="80"/>
<Cov CovItemId="S13" Value="73"/>
<Cov CovItemId="S2" Value="80"/>
<Cov CovItemId="S3" Value="80"/>
<Cov CovItemId="S4" Value="73"/>
<Cov CovItemId="S6" Value="252"/>
<Cov CovItemId="S7" Value="80"/>
<Cov CovItemId="S8" Value="64"/>
<Cov CovItemId="S9" Value="16"/>
</CovPrefix>
<CovPrefix CovItemPrefix="pickr.classes.Player.java">
<Cov CovItemId="S1" Value="8"/>
<Cov CovItemId="S12" Value="13"/>
<Cov CovItemId="S13" Value="36"/>
<Cov CovItemId="S14" Value="32"/>
<Cov CovItemId="S2" Value="8"/>
<Cov CovItemId="S3" Value="8"/>
<Cov CovItemId="S4" Value="8"/>
<Cov CovItemId="S5" Value="40"/>
<Cov CovItemId="S6" Value="8"/>
<Cov CovItemId="S7" Value="36"/>
<Cov CovItemId="S9" Value="9"/>
</CovPrefix>
<CovPrefix CovItemPrefix="pickr.games.Briscola.java">
<Cov CovItemId="B2" Value="36"/>
<Cov CovItemId="B3" Value="5"/>
<Cov CovItemId="B4" Value="31"/>
<Cov CovItemId="B5" Value="3"/>
<Cov CovItemId="B6" Value="33"/>
<Cov CovItemId="S1" Value="2"/>
<Cov CovItemId="S10" Value="9"/>
<Cov CovItemId="S11" Value="36"/>
<Cov CovItemId="S14" Value="36"/>
<Cov CovItemId="S15" Value="5"/>
<Cov CovItemId="S16" Value="5"/>
<Cov CovItemId="S17" Value="36"/>
<Cov CovItemId="S18" Value="3"/>
<Cov CovItemId="S19" Value="3"/>
<Cov CovItemId="S2" Value="2"/>
<Cov CovItemId="S20" Value="9"/>
<Cov CovItemId="S21" Value="9"/>
<Cov CovItemId="S22" Value="9"/>
<Cov CovItemId="S23" Value="36"/>
<Cov CovItemId="S24" Value="9"/>
<Cov CovItemId="S25" Value="9"/>
<Cov CovItemId="S26" Value="9"/>
<Cov CovItemId="S27" Value="9"/>
<Cov CovItemId="S28" Value="33"/>
<Cov CovItemId="S3" Value="2"/>
<Cov CovItemId="S4" Value="8"/>
<Cov CovItemId="S5" Value="2"/>
<Cov CovItemId="S6" Value="2"/>
<Cov CovItemId="S7" Value="2"/>
<Cov CovItemId="S8" Value="2"/>
<Cov CovItemId="S9" Value="9"/>
</CovPrefix>
<CovPrefix CovItemPrefix="pickr.games.Game.java">
<Cov CovItemId="B1" Value="8"/>
<Cov CovItemId="B3" Value="9"/>
<Cov CovItemId="B4" Value="27"/>
<Cov CovItemId="S1" Value="2"/>
<Cov CovItemId="S10" Value="13"/>
<Cov CovItemId="S11" Value="8"/>
<Cov CovItemId="S12" Value="8"/>
<Cov CovItemId="S14" Value="9"/>
<Cov CovItemId="S15" Value="9"/>
<Cov CovItemId="S16" Value="36"/>
<Cov CovItemId="S17" Value="9"/>
<Cov CovItemId="S18" Value="36"/>
<Cov CovItemId="S19" Value="9"/>
<Cov CovItemId="S2" Value="2"/>
<Cov CovItemId="S20" Value="9"/>
<Cov CovItemId="S21" Value="36"/>
<Cov CovItemId="S22" Value="9"/>
<Cov CovItemId="S23" Value="36"/>
<Cov CovItemId="S24" Value="9"/>
<Cov CovItemId="S25" Value="9"/>
<Cov CovItemId="S26" Value="9"/>
<Cov CovItemId="S27" Value="9"/>
<Cov CovItemId="S28" Value="9"/>
<Cov CovItemId="S3" Value="2"/>
<Cov CovItemId="S4" Value="2"/>
<Cov CovItemId="S5" Value="2"/>
<Cov CovItemId="S6" Value="2"/>
<Cov CovItemId="S7" Value="4"/>
<Cov CovItemId="S8" Value="1"/>
<Cov CovItemId="S9" Value="27"/>
</CovPrefix>
</CovList>
<AssgnmntList>
<AssgnmntPrefix RootTermCovItemPrefix="pickr.classes.Deck.java">
<AssgnmntListEntry Length="1" RootTermCovItemId="C1">
<MapEntry BoolAssgnmnt="0" Value="2"/>
<MapEntry BoolAssgnmnt="1" Value="20"/>
</AssgnmntListEntry>
<AssgnmntListEntry Length="1" RootTermCovItemId="C2">
<MapEntry BoolAssgnmnt="0" Value="32"/>
<MapEntry BoolAssgnmnt="1" Value="1"/>
</AssgnmntListEntry>
<AssgnmntListEntry Length="1" RootTermCovItemId="C3">
<MapEntry BoolAssgnmnt="1" Value="8"/>
</AssgnmntListEntry>
<AssgnmntListEntry Length="1" RootTermCovItemId="C4">
<MapEntry BoolAssgnmnt="0" Value="8"/>
<MapEntry BoolAssgnmnt="1" Value="24"/>
</AssgnmntListEntry>
</AssgnmntPrefix>
<AssgnmntPrefix RootTermCovItemPrefix="pickr.classes.GamingCard.java">
<AssgnmntListEntry Length="2" RootTermCovItemId="C1">
<MapEntry BoolAssgnmnt="02" Value="8"/>
<MapEntry BoolAssgnmnt="10" Value="8"/>
<MapEntry BoolAssgnmnt="11" Value="64"/>
</AssgnmntListEntry>
<AssgnmntListEntry Length="2" RootTermCovItemId="C2">
<MapEntry BoolAssgnmnt="00" Value="80"/>
</AssgnmntListEntry>
</AssgnmntPrefix>
<AssgnmntPrefix RootTermCovItemPrefix="pickr.games.Briscola.java">
<AssgnmntListEntry Length="3" RootTermCovItemId="C1">
<MapEntry BoolAssgnmnt="022" Value="24"/>
<MapEntry BoolAssgnmnt="102" Value="7"/>
<MapEntry BoolAssgnmnt="110" Value="5"/>
</AssgnmntListEntry>
<AssgnmntListEntry Length="3" RootTermCovItemId="C2">
<MapEntry BoolAssgnmnt="022" Value="24"/>
<MapEntry BoolAssgnmnt="102" Value="5"/>
<MapEntry BoolAssgnmnt="110" Value="2"/>
<MapEntry BoolAssgnmnt="111" Value="5"/>
</AssgnmntListEntry>
<AssgnmntListEntry Length="3" RootTermCovItemId="C3">
<MapEntry BoolAssgnmnt="122" Value="7"/>
<MapEntry BoolAssgnmnt="002" Value="23"/>
<MapEntry BoolAssgnmnt="010" Value="3"/>
<MapEntry BoolAssgnmnt="011" Value="3"/>
</AssgnmntListEntry>
</AssgnmntPrefix>
<AssgnmntPrefix RootTermCovItemPrefix="pickr.games.Game.java">
<AssgnmntListEntry Length="1" RootTermCovItemId="C1">
<MapEntry BoolAssgnmnt="1" Value="8"/>
</AssgnmntListEntry>
<AssgnmntListEntry Length="1" RootTermCovItemId="C2">
<MapEntry BoolAssgnmnt="0" Value="27"/>
<MapEntry BoolAssgnmnt="1" Value="9"/>
</AssgnmntListEntry>
</AssgnmntPrefix>
</AssgnmntList>
<ObjMetaDataList/>
<MetaDataList/>
</TestCase>
<TestCase Comment="" Date="1598619558579" Name="randoop.RandoopTest0:test12">
<CovList>
<CovPrefix CovItemPrefix="pickr.classes.Deck.java">
<Cov CovItemId="B1" Value="28"/>
<Cov CovItemId="B2" Value="1"/>
<Cov CovItemId="B3" Value="4"/>
<Cov CovItemId="S1" Value="2"/>
<Cov CovItemId="S10" Value="4"/>
<Cov CovItemId="S11" Value="4"/>
<Cov CovItemId="S12" Value="4"/>
<Cov CovItemId="S13" Value="12"/>
<Cov CovItemId="S14" Value="4"/>
<Cov CovItemId="S2" Value="6"/>
<Cov CovItemId="S3" Value="2"/>
<Cov CovItemId="S4" Value="20"/>
<Cov CovItemId="S5" Value="80"/>
<Cov CovItemId="S6" Value="1"/>
<Cov CovItemId="S7" Value="29"/>
<Cov CovItemId="S8" Value="28"/>
<Cov CovItemId="S9" Value="1"/>
</CovPrefix>
<CovPrefix CovItemPrefix="pickr.classes.GamingCard.java">
<Cov CovItemId="B1" Value="64"/>
<Cov CovItemId="B2" Value="16"/>
<Cov CovItemId="B4" Value="80"/>
<Cov CovItemId="S1" Value="80"/>
<Cov CovItemId="S10" Value="80"/>
<Cov CovItemId="S12" Value="80"/>
<Cov CovItemId="S13" Value="54"/>
<Cov CovItemId="S2" Value="80"/>
<Cov CovItemId="S3" Value="80"/>
<Cov CovItemId="S4" Value="60"/>
<Cov CovItemId="S6" Value="224"/>
<Cov CovItemId="S7" Value="80"/>
<Cov CovItemId="S8" Value="64"/>
<Cov CovItemId="S9" Value="16"/>
</CovPrefix>
<CovPrefix CovItemPrefix="pickr.classes.Player.java">
<Cov CovItemId="S1" Value="4"/>
<Cov CovItemId="S12" Value="8"/>
<Cov CovItemId="S13" Value="32"/>
<Cov CovItemId="S14" Value="28"/>
<Cov CovItemId="S2" Value="4"/>
<Cov CovItemId="S3" Value="4"/>
<Cov CovItemId="S4" Value="4"/>
<Cov CovItemId="S5" Value="32"/>
<Cov CovItemId="S6" Value="4"/>
<Cov CovItemId="S7" Value="32"/>
<Cov CovItemId="S9" Value="8"/>
</CovPrefix>
<CovPrefix CovItemPrefix="pickr.games.Briscola.java">
<Cov CovItemId="B2" Value="32"/>
<Cov CovItemId="B3" Value="5"/>
<Cov CovItemId="B4" Value="27"/>
<Cov CovItemId="B5" Value="2"/>
<Cov CovItemId="B6" Value="30"/>
<Cov CovItemId="S1" Value="1"/>
<Cov CovItemId="S10" Value="8"/>
<Cov CovItemId="S11" Value="32"/>
<Cov CovItemId="S14" Value="32"/>
<Cov CovItemId="S15" Value="5"/>
<Cov CovItemId="S16" Value="5"/>
<Cov CovItemId="S17" Value="32"/>
<Cov CovItemId="S18" Value="2"/>
<Cov CovItemId="S19" Value="2"/>
<Cov CovItemId="S2" Value="1"/>
<Cov CovItemId="S20" Value="8"/>
<Cov CovItemId="S21" Value="8"/>
<Cov CovItemId="S22" Value="8"/>
<Cov CovItemId="S23" Value="32"/>
<Cov CovItemId="S24" Value="8"/>
<Cov CovItemId="S25" Value="8"/>
<Cov CovItemId="S26" Value="8"/>
<Cov CovItemId="S27" Value="8"/>
<Cov CovItemId="S28" Value="29"/>
<Cov CovItemId="S3" Value="1"/>
<Cov CovItemId="S4" Value="4"/>
<Cov CovItemId="S5" Value="1"/>
<Cov CovItemId="S6" Value="1"/>
<Cov CovItemId="S7" Value="1"/>
<Cov CovItemId="S8" Value="1"/>
<Cov CovItemId="S9" Value="8"/>
</CovPrefix>
<CovPrefix CovItemPrefix="pickr.games.Game.java">
<Cov CovItemId="B1" Value="4"/>
<Cov CovItemId="B3" Value="8"/>
<Cov CovItemId="B4" Value="24"/>
<Cov CovItemId="S1" Value="1"/>
<Cov CovItemId="S10" Value="9"/>
<Cov CovItemId="S11" Value="4"/>
<Cov CovItemId="S12" Value="4"/>
<Cov CovItemId="S14" Value="8"/>
<Cov CovItemId="S15" Value="8"/>
<Cov CovItemId="S16" Value="32"/>
<Cov CovItemId="S17" Value="8"/>
<Cov CovItemId="S18" Value="32"/>
<Cov CovItemId="S19" Value="8"/>
<Cov CovItemId="S2" Value="1"/>
<Cov CovItemId="S20" Value="8"/>
<Cov CovItemId="S21" Value="32"/>
<Cov CovItemId="S22" Value="8"/>
<Cov CovItemId="S23" Value="32"/>
<Cov CovItemId="S24" Value="8"/>
<Cov CovItemId="S25" Value="8"/>
<Cov CovItemId="S26" Value="8"/>
<Cov CovItemId="S27" Value="8"/>
<Cov CovItemId="S28" Value="8"/>
<Cov CovItemId="S3" Value="1"/>
<Cov CovItemId="S4" Value="1"/>
<Cov CovItemId="S5" Value="1"/>
<Cov CovItemId="S6" Value="1"/>
<Cov CovItemId="S7" Value="1"/>
<Cov CovItemId="S9" Value="24"/>
</CovPrefix>
</CovList>
<AssgnmntList>
<AssgnmntPrefix RootTermCovItemPrefix="pickr.classes.Deck.java">
<AssgnmntListEntry Length="1" RootTermCovItemId="C1">
<MapEntry BoolAssgnmnt="0" Value="2"/>
<MapEntry BoolAssgnmnt="1" Value="20"/>
</AssgnmntListEntry>
<AssgnmntListEntry Length="1" RootTermCovItemId="C2">
<MapEntry BoolAssgnmnt="0" Value="28"/>
<MapEntry BoolAssgnmnt="1" Value="1"/>
</AssgnmntListEntry>
<AssgnmntListEntry Length="1" RootTermCovItemId="C3">
<MapEntry BoolAssgnmnt="1" Value="4"/>
</AssgnmntListEntry>
<AssgnmntListEntry Length="1" RootTermCovItemId="C4">
<MapEntry BoolAssgnmnt="0" Value="4"/>
<MapEntry BoolAssgnmnt="1" Value="12"/>
</AssgnmntListEntry>
</AssgnmntPrefix>
<AssgnmntPrefix RootTermCovItemPrefix="pickr.classes.GamingCard.java">
<AssgnmntListEntry Length="2" RootTermCovItemId="C1">
<MapEntry BoolAssgnmnt="02" Value="8"/>
<MapEntry BoolAssgnmnt="10" Value="8"/>
<MapEntry BoolAssgnmnt="11" Value="64"/>
</AssgnmntListEntry>
<AssgnmntListEntry Length="2" RootTermCovItemId="C2">
<MapEntry BoolAssgnmnt="00" Value="80"/>
</AssgnmntListEntry>
</AssgnmntPrefix>
<AssgnmntPrefix RootTermCovItemPrefix="pickr.games.Briscola.java">
<AssgnmntListEntry Length="3" RootTermCovItemId="C1">
<MapEntry BoolAssgnmnt="022" Value="23"/>
<MapEntry BoolAssgnmnt="102" Value="8"/>
<MapEntry BoolAssgnmnt="110" Value="1"/>
</AssgnmntListEntry>
<AssgnmntListEntry Length="3" RootTermCovItemId="C2">
<MapEntry BoolAssgnmnt="022" Value="23"/>
<MapEntry BoolAssgnmnt="102" Value="1"/>
<MapEntry BoolAssgnmnt="110" Value="3"/>
<MapEntry BoolAssgnmnt="111" Value="5"/>
</AssgnmntListEntry>
<AssgnmntListEntry Length="3" RootTermCovItemId="C3">
<MapEntry BoolAssgnmnt="122" Value="4"/>
<MapEntry BoolAssgnmnt="002" Value="24"/>
<MapEntry BoolAssgnmnt="010" Value="2"/>
<MapEntry BoolAssgnmnt="011" Value="2"/>
</AssgnmntListEntry>
</AssgnmntPrefix>
<AssgnmntPrefix RootTermCovItemPrefix="pickr.games.Game.java">
<AssgnmntListEntry Length="1" RootTermCovItemId="C1">
<MapEntry BoolAssgnmnt="1" Value="4"/>
</AssgnmntListEntry>
<AssgnmntListEntry Length="1" RootTermCovItemId="C2">
<MapEntry BoolAssgnmnt="0" Value="24"/>
<MapEntry BoolAssgnmnt="1" Value="8"/>
</AssgnmntListEntry>
</AssgnmntPrefix>
</AssgnmntList>
<ObjMetaDataList/>
<MetaDataList/>
</TestCase>
<TestCase Comment="" Date="1598619558586" Name="randoop.RandoopTest0:test13">
<CovList>
<CovPrefix CovItemPrefix="pickr.classes.Deck.java">
<Cov CovItemId="B1" Value="8"/>
<Cov CovItemId="B3" Value="8"/>
<Cov CovItemId="S1" Value="3"/>
<Cov CovItemId="S10" Value="8"/>
<Cov CovItemId="S11" Value="8"/>
<Cov CovItemId="S12" Value="8"/>
<Cov CovItemId="S13" Value="24"/>
<Cov CovItemId="S14" Value="8"/>
<Cov CovItemId="S2" Value="13"/>
<Cov CovItemId="S3" Value="3"/>
<Cov CovItemId="S4" Value="30"/>
<Cov CovItemId="S5" Value="120"/>
<Cov CovItemId="S6" Value="2"/>
<Cov CovItemId="S7" Value="8"/>
<Cov CovItemId="S8" Value="8"/>
</CovPrefix>
<CovPrefix CovItemPrefix="pickr.classes.GamingCard.java">
<Cov CovItemId="B1" Value="97"/>
<Cov CovItemId="B2" Value="24"/>
<Cov CovItemId="B3" Value="1"/>
<Cov CovItemId="B4" Value="120"/>
<Cov CovItemId="S1" Value="121"/>
<Cov CovItemId="S10" Value="121"/>
<Cov CovItemId="S11" Value="1"/>
<Cov CovItemId="S12" Value="120"/>
<Cov CovItemId="S13" Value="40"/>
<Cov CovItemId="S2" Value="121"/>
<Cov CovItemId="S3" Value="121"/>
<Cov CovItemId="S4" Value="19"/>
<Cov CovItemId="S6" Value="56"/>
<Cov CovItemId="S7" Value="121"/>
<Cov CovItemId="S8" Value="97"/>
<Cov CovItemId="S9" Value="24"/>
</CovPrefix>
<CovPrefix CovItemPrefix="pickr.classes.Player.java">
<Cov CovItemId="S1" Value="8"/>
<Cov CovItemId="S12" Value="10"/>
<Cov CovItemId="S13" Value="8"/>
<Cov CovItemId="S14" Value="8"/>
<Cov CovItemId="S2" Value="8"/>
<Cov CovItemId="S3" Value="8"/>
<Cov CovItemId="S4" Value="8"/>
<Cov CovItemId="S5" Value="16"/>
<Cov CovItemId="S6" Value="8"/>
<Cov CovItemId="S7" Value="8"/>
<Cov CovItemId="S9" Value="2"/>
</CovPrefix>
<CovPrefix CovItemPrefix="pickr.games.Briscola.java">
<Cov CovItemId="B2" Value="8"/>
<Cov CovItemId="B3" Value="3"/>
<Cov CovItemId="B4" Value="5"/>
<Cov CovItemId="B6" Value="8"/>
<Cov CovItemId="S1" Value="2"/>
<Cov CovItemId="S10" Value="2"/>
<Cov CovItemId="S11" Value="8"/>
<Cov CovItemId="S14" Value="8"/>
<Cov CovItemId="S15" Value="3"/>
<Cov CovItemId="S16" Value="3"/>
<Cov CovItemId="S17" Value="8"/>
<Cov CovItemId="S2" Value="2"/>
<Cov CovItemId="S20" Value="2"/>
<Cov CovItemId="S21" Value="2"/>
<Cov CovItemId="S22" Value="2"/>
<Cov CovItemId="S23" Value="8"/>
<Cov CovItemId="S24" Value="2"/>
<Cov CovItemId="S25" Value="2"/>
<Cov CovItemId="S26" Value="2"/>
<Cov CovItemId="S27" Value="2"/>
<Cov CovItemId="S28" Value="8"/>
<Cov CovItemId="S3" Value="2"/>
<Cov CovItemId="S4" Value="8"/>
<Cov CovItemId="S5" Value="2"/>
<Cov CovItemId="S6" Value="2"/>
<Cov CovItemId="S7" Value="2"/>
<Cov CovItemId="S8" Value="2"/>
<Cov CovItemId="S9" Value="2"/>
</CovPrefix>
<CovPrefix CovItemPrefix="pickr.games.Game.java">
<Cov CovItemId="B1" Value="8"/>
<Cov CovItemId="B3" Value="2"/>
<Cov CovItemId="B4" Value="6"/>
<Cov CovItemId="S1" Value="2"/>
<Cov CovItemId="S10" Value="8"/>
<Cov CovItemId="S11" Value="8"/>
<Cov CovItemId="S12" Value="8"/>
<Cov CovItemId="S14" Value="2"/>
<Cov CovItemId="S15" Value="2"/>
<Cov CovItemId="S16" Value="8"/>
<Cov CovItemId="S17" Value="2"/>
<Cov CovItemId="S18" Value="8"/>
<Cov CovItemId="S19" Value="2"/>
<Cov CovItemId="S2" Value="2"/>
<Cov CovItemId="S20" Value="2"/>
<Cov CovItemId="S21" Value="8"/>
<Cov CovItemId="S22" Value="2"/>
<Cov CovItemId="S23" Value="8"/>
<Cov CovItemId="S24" Value="2"/>
<Cov CovItemId="S25" Value="2"/>
<Cov CovItemId="S26" Value="2"/>
<Cov CovItemId="S27" Value="2"/>
<Cov CovItemId="S28" Value="2"/>
<Cov CovItemId="S3" Value="2"/>
<Cov CovItemId="S4" Value="2"/>
<Cov CovItemId="S5" Value="2"/>
<Cov CovItemId="S6" Value="2"/>
<Cov CovItemId="S7" Value="6"/>
<Cov CovItemId="S8" Value="2"/>
<Cov CovItemId="S9" Value="6"/>
</CovPrefix>
</CovList>
<AssgnmntList>
<AssgnmntPrefix RootTermCovItemPrefix="pickr.classes.Deck.java">
<AssgnmntListEntry Length="1" RootTermCovItemId="C1">
<MapEntry BoolAssgnmnt="0" Value="3"/>
<MapEntry BoolAssgnmnt="1" Value="30"/>
</AssgnmntListEntry>
<AssgnmntListEntry Length="1" RootTermCovItemId="C2">
<MapEntry BoolAssgnmnt="0" Value="8"/>
</AssgnmntListEntry>
<AssgnmntListEntry Length="1" RootTermCovItemId="C3">
<MapEntry BoolAssgnmnt="1" Value="8"/>
</AssgnmntListEntry>
<AssgnmntListEntry Length="1" RootTermCovItemId="C4">
<MapEntry BoolAssgnmnt="0" Value="8"/>
<MapEntry BoolAssgnmnt="1" Value="24"/>
</AssgnmntListEntry>
</AssgnmntPrefix>
<AssgnmntPrefix RootTermCovItemPrefix="pickr.classes.GamingCard.java">
<AssgnmntListEntry Length="2" RootTermCovItemId="C1">
<MapEntry BoolAssgnmnt="02" Value="12"/>
<MapEntry BoolAssgnmnt="10" Value="12"/>
<MapEntry BoolAssgnmnt="11" Value="97"/>
</AssgnmntListEntry>
<AssgnmntListEntry Length="2" RootTermCovItemId="C2">
<MapEntry BoolAssgnmnt="00" Value="120"/>
<MapEntry BoolAssgnmnt="01" Value="1"/>
</AssgnmntListEntry>
</AssgnmntPrefix>
<AssgnmntPrefix RootTermCovItemPrefix="pickr.games.Briscola.java">
<AssgnmntListEntry Length="3" RootTermCovItemId="C1">
<MapEntry BoolAssgnmnt="022" Value="5"/>
<MapEntry BoolAssgnmnt="102" Value="3"/>
</AssgnmntListEntry>
<AssgnmntListEntry Length="3" RootTermCovItemId="C2">
<MapEntry BoolAssgnmnt="022" Value="5"/>
<MapEntry BoolAssgnmnt="111" Value="3"/>
</AssgnmntListEntry>
<AssgnmntListEntry Length="3" RootTermCovItemId="C3">
<MapEntry BoolAssgnmnt="002" Value="8"/>
</AssgnmntListEntry>
</AssgnmntPrefix>
<AssgnmntPrefix RootTermCovItemPrefix="pickr.games.Game.java">
<AssgnmntListEntry Length="1" RootTermCovItemId="C1">
<MapEntry BoolAssgnmnt="1" Value="8"/>
</AssgnmntListEntry>
<AssgnmntListEntry Length="1" RootTermCovItemId="C2">
<MapEntry BoolAssgnmnt="0" Value="6"/>
<MapEntry BoolAssgnmnt="1" Value="2"/>
</AssgnmntListEntry>
</AssgnmntPrefix>
</AssgnmntList>
<ObjMetaDataList/>
<MetaDataList/>
</TestCase>
<TestCase Comment="" Date="1598619558587" Name="randoop.RandoopTest0:test14">
<CovList>
<CovPrefix CovItemPrefix="pickr.classes.Deck.java">
<Cov CovItemId="B4" Value="1"/>
<Cov CovItemId="S1" Value="2"/>
<Cov CovItemId="S10" Value="1"/>
<Cov CovItemId="S15" Value="1"/>
<Cov CovItemId="S2" Value="3"/>
<Cov CovItemId="S3" Value="1"/>
<Cov CovItemId="S4" Value="10"/>
<Cov CovItemId="S5" Value="40"/>
</CovPrefix>
<CovPrefix CovItemPrefix="pickr.classes.GamingCard.java">
<Cov CovItemId="B1" Value="32"/>
<Cov CovItemId="B2" Value="8"/>
<Cov CovItemId="B4" Value="40"/>
<Cov CovItemId="S1" Value="40"/>
<Cov CovItemId="S10" Value="40"/>
<Cov CovItemId="S12" Value="40"/>
<Cov CovItemId="S2" Value="40"/>
<Cov CovItemId="S3" Value="40"/>
<Cov CovItemId="S7" Value="40"/>
<Cov CovItemId="S8" Value="32"/>
<Cov CovItemId="S9" Value="8"/>
</CovPrefix>
</CovList>
<AssgnmntList>
<AssgnmntPrefix RootTermCovItemPrefix="pickr.classes.Deck.java">
<AssgnmntListEntry Length="1" RootTermCovItemId="C1">
<MapEntry BoolAssgnmnt="0" Value="1"/>
<MapEntry BoolAssgnmnt="1" Value="10"/>
</AssgnmntListEntry>
<AssgnmntListEntry Length="1" RootTermCovItemId="C3">
<MapEntry BoolAssgnmnt="0" Value="1"/>
</AssgnmntListEntry>
</AssgnmntPrefix>
<AssgnmntPrefix RootTermCovItemPrefix="pickr.classes.GamingCard.java">
<AssgnmntListEntry Length="2" RootTermCovItemId="C1">
<MapEntry BoolAssgnmnt="02" Value="4"/>
<MapEntry BoolAssgnmnt="10" Value="4"/>
<MapEntry BoolAssgnmnt="11" Value="32"/>
</AssgnmntListEntry>
<AssgnmntListEntry Length="2" RootTermCovItemId="C2">
<MapEntry BoolAssgnmnt="00" Value="40"/>
</AssgnmntListEntry>
</AssgnmntPrefix>
</AssgnmntList>
<ObjMetaDataList/>
<MetaDataList/>
</TestCase>
<TestCase Comment="" Date="1598619558587" Name="randoop.RandoopTest0:test15">
<CovList>
<CovPrefix CovItemPrefix="pickr.classes.Deck.java">
<Cov CovItemId="B1" Value="40"/>
<Cov CovItemId="B2" Value="1"/>
<Cov CovItemId="B3" Value="16"/>
<Cov CovItemId="S1" Value="4"/>
<Cov CovItemId="S10" Value="16"/>
<Cov CovItemId="S11" Value="16"/>
<Cov CovItemId="S12" Value="16"/>
<Cov CovItemId="S13" Value="48"/>
<Cov CovItemId="S14" Value="16"/>
<Cov CovItemId="S2" Value="18"/>
<Cov CovItemId="S3" Value="4"/>
<Cov CovItemId="S4" Value="40"/>
<Cov CovItemId="S5" Value="160"/>
<Cov CovItemId="S6" Value="4"/>
<Cov CovItemId="S7" Value="41"/>
<Cov CovItemId="S8" Value="40"/>
<Cov CovItemId="S9" Value="1"/>
</CovPrefix>
<CovPrefix CovItemPrefix="pickr.classes.GamingCard.java">
<Cov CovItemId="B1" Value="128"/>
<Cov CovItemId="B2" Value="32"/>
<Cov CovItemId="B4" Value="160"/>
<Cov CovItemId="S1" Value="160"/>
<Cov CovItemId="S10" Value="160"/>
<Cov CovItemId="S12" Value="160"/>
<Cov CovItemId="S13" Value="109"/>
<Cov CovItemId="S2" Value="160"/>
<Cov CovItemId="S3" Value="160"/>
<Cov CovItemId="S4" Value="90"/>
<Cov CovItemId="S6" Value="308"/>
<Cov CovItemId="S7" Value="160"/>
<Cov CovItemId="S8" Value="128"/>
<Cov CovItemId="S9" Value="32"/>
</CovPrefix>
<CovPrefix CovItemPrefix="pickr.classes.Player.java">
<Cov CovItemId="S1" Value="16"/>
<Cov CovItemId="S12" Value="23"/>
<Cov CovItemId="S13" Value="44"/>
<Cov CovItemId="S14" Value="40"/>
<Cov CovItemId="S2" Value="16"/>
<Cov CovItemId="S3" Value="16"/>
<Cov CovItemId="S4" Value="16"/>
<Cov CovItemId="S5" Value="56"/>
<Cov CovItemId="S6" Value="16"/>
<Cov CovItemId="S7" Value="44"/>
<Cov CovItemId="S9" Value="11"/>
</CovPrefix>
<CovPrefix CovItemPrefix="pickr.games.Briscola.java">
<Cov CovItemId="B1" Value="1"/>
<Cov CovItemId="B2" Value="43"/>
<Cov CovItemId="B3" Value="4"/>
<Cov CovItemId="B4" Value="40"/>
<Cov CovItemId="B5" Value="4"/>
<Cov CovItemId="B6" Value="40"/>
<Cov CovItemId="S1" Value="4"/>
<Cov CovItemId="S10" Value="11"/>
<Cov CovItemId="S11" Value="44"/>
<Cov CovItemId="S12" Value="1"/>
<Cov CovItemId="S13" Value="1"/>
<Cov CovItemId="S14" Value="44"/>
<Cov CovItemId="S15" Value="4"/>
<Cov CovItemId="S16" Value="4"/>
<Cov CovItemId="S17" Value="44"/>
<Cov CovItemId="S18" Value="4"/>
<Cov CovItemId="S19" Value="4"/>
<Cov CovItemId="S2" Value="4"/>
<Cov CovItemId="S20" Value="11"/>
<Cov CovItemId="S21" Value="11"/>
<Cov CovItemId="S22" Value="11"/>
<Cov CovItemId="S23" Value="44"/>
<Cov CovItemId="S24" Value="11"/>
<Cov CovItemId="S25" Value="11"/>
<Cov CovItemId="S26" Value="11"/>
<Cov CovItemId="S27" Value="11"/>
<Cov CovItemId="S28" Value="41"/>
<Cov CovItemId="S3" Value="4"/>
<Cov CovItemId="S4" Value="16"/>
<Cov CovItemId="S5" Value="4"/>
<Cov CovItemId="S6" Value="4"/>
<Cov CovItemId="S7" Value="4"/>
<Cov CovItemId="S8" Value="4"/>
<Cov CovItemId="S9" Value="11"/>
</CovPrefix>
<CovPrefix CovItemPrefix="pickr.games.Game.java">
<Cov CovItemId="B1" Value="16"/>
<Cov CovItemId="B3" Value="11"/>
<Cov CovItemId="B4" Value="33"/>
<Cov CovItemId="S1" Value="4"/>
<Cov CovItemId="S10" Value="21"/>
<Cov CovItemId="S11" Value="16"/>
<Cov CovItemId="S12" Value="16"/>
<Cov CovItemId="S14" Value="11"/>
<Cov CovItemId="S15" Value="11"/>
<Cov CovItemId="S16" Value="44"/>
<Cov CovItemId="S17" Value="11"/>
<Cov CovItemId="S18" Value="44"/>
<Cov CovItemId="S19" Value="11"/>
<Cov CovItemId="S2" Value="4"/>
<Cov CovItemId="S20" Value="11"/>
<Cov CovItemId="S21" Value="44"/>
<Cov CovItemId="S22" Value="11"/>
<Cov CovItemId="S23" Value="44"/>
<Cov CovItemId="S24" Value="11"/>
<Cov CovItemId="S25" Value="11"/>
<Cov CovItemId="S26" Value="11"/>
<Cov CovItemId="S27" Value="11"/>
<Cov CovItemId="S28" Value="11"/>
<Cov CovItemId="S3" Value="4"/>
<Cov CovItemId="S4" Value="4"/>
<Cov CovItemId="S5" Value="4"/>
<Cov CovItemId="S6" Value="4"/>
<Cov CovItemId="S7" Value="10"/>
<Cov CovItemId="S8" Value="3"/>
<Cov CovItemId="S9" Value="33"/>
</CovPrefix>
</CovList>
<AssgnmntList>
<AssgnmntPrefix RootTermCovItemPrefix="pickr.classes.Deck.java">
<AssgnmntListEntry Length="1" RootTermCovItemId="C1">
<MapEntry BoolAssgnmnt="0" Value="4"/>
<MapEntry BoolAssgnmnt="1" Value="40"/>
</AssgnmntListEntry>
<AssgnmntListEntry Length="1" RootTermCovItemId="C2">
<MapEntry BoolAssgnmnt="0" Value="40"/>
<MapEntry BoolAssgnmnt="1" Value="1"/>
</AssgnmntListEntry>
<AssgnmntListEntry Length="1" RootTermCovItemId="C3">
<MapEntry BoolAssgnmnt="1" Value="16"/>
</AssgnmntListEntry>
<AssgnmntListEntry Length="1" RootTermCovItemId="C4">
<MapEntry BoolAssgnmnt="0" Value="16"/>
<MapEntry BoolAssgnmnt="1" Value="48"/>
</AssgnmntListEntry>
</AssgnmntPrefix>
<AssgnmntPrefix RootTermCovItemPrefix="pickr.classes.GamingCard.java">
<AssgnmntListEntry Length="2" RootTermCovItemId="C1">
<MapEntry BoolAssgnmnt="02" Value="16"/>
<MapEntry BoolAssgnmnt="10" Value="16"/>
<MapEntry BoolAssgnmnt="11" Value="128"/>
</AssgnmntListEntry>
<AssgnmntListEntry Length="2" RootTermCovItemId="C2">
<MapEntry BoolAssgnmnt="00" Value="160"/>
</AssgnmntListEntry>
</AssgnmntPrefix>
<AssgnmntPrefix RootTermCovItemPrefix="pickr.games.Briscola.java">
<AssgnmntListEntry Length="3" RootTermCovItemId="C1">
<MapEntry BoolAssgnmnt="022" Value="31"/>
<MapEntry BoolAssgnmnt="102" Value="4"/>
<MapEntry BoolAssgnmnt="110" Value="8"/>
<MapEntry BoolAssgnmnt="111" Value="1"/>
</AssgnmntListEntry>
<AssgnmntListEntry Length="3" RootTermCovItemId="C2">
<MapEntry BoolAssgnmnt="022" Value="32"/>
<MapEntry BoolAssgnmnt="102" Value="8"/>
<MapEntry BoolAssgnmnt="111" Value="4"/>
</AssgnmntListEntry>
<AssgnmntListEntry Length="3" RootTermCovItemId="C3">
<MapEntry BoolAssgnmnt="122" Value="8"/>
<MapEntry BoolAssgnmnt="002" Value="24"/>
<MapEntry BoolAssgnmnt="010" Value="8"/>
<MapEntry BoolAssgnmnt="011" Value="4"/>
</AssgnmntListEntry>
</AssgnmntPrefix>
<AssgnmntPrefix RootTermCovItemPrefix="pickr.games.Game.java">
<AssgnmntListEntry Length="1" RootTermCovItemId="C1">
<MapEntry BoolAssgnmnt="1" Value="16"/>
</AssgnmntListEntry>
<AssgnmntListEntry Length="1" RootTermCovItemId="C2">
<MapEntry BoolAssgnmnt="0" Value="33"/>
<MapEntry BoolAssgnmnt="1" Value="11"/>
</AssgnmntListEntry>
</AssgnmntPrefix>
</AssgnmntList>
<ObjMetaDataList/>
<MetaDataList/>
</TestCase>
<TestCase Comment="" Date="1598619558588" Name="randoop.RandoopTest0:test16">
<CovList>
<CovPrefix CovItemPrefix="pickr.classes.Deck.java">
<Cov CovItemId="B1" Value="4"/>
<Cov CovItemId="B3" Value="4"/>
<Cov CovItemId="S1" Value="2"/>
<Cov CovItemId="S10" Value="4"/>
<Cov CovItemId="S11" Value="4"/>
<Cov CovItemId="S12" Value="4"/>
<Cov CovItemId="S13" Value="12"/>
<Cov CovItemId="S14" Value="4"/>
<Cov CovItemId="S2" Value="8"/>
<Cov CovItemId="S3" Value="2"/>
<Cov CovItemId="S4" Value="20"/>
<Cov CovItemId="S5" Value="80"/>
<Cov CovItemId="S6" Value="1"/>
<Cov CovItemId="S7" Value="4"/>
<Cov CovItemId="S8" Value="4"/>
</CovPrefix>
<CovPrefix CovItemPrefix="pickr.classes.GamingCard.java">
<Cov CovItemId="B1" Value="65"/>
<Cov CovItemId="B2" Value="16"/>
<Cov CovItemId="B3" Value="1"/>
<Cov CovItemId="B4" Value="80"/>
<Cov CovItemId="S1" Value="81"/>
<Cov CovItemId="S10" Value="81"/>
<Cov CovItemId="S11" Value="1"/>
<Cov CovItemId="S12" Value="80"/>
<Cov CovItemId="S13" Value="17"/>
<Cov CovItemId="S2" Value="81"/>
<Cov CovItemId="S3" Value="81"/>
<Cov CovItemId="S4" Value="5"/>
<Cov CovItemId="S6" Value="28"/>
<Cov CovItemId="S7" Value="81"/>
<Cov CovItemId="S8" Value="65"/>
<Cov CovItemId="S9" Value="16"/>
</CovPrefix>
<CovPrefix CovItemPrefix="pickr.classes.Player.java">
<Cov CovItemId="S1" Value="4"/>
<Cov CovItemId="S12" Value="5"/>
<Cov CovItemId="S13" Value="4"/>
<Cov CovItemId="S14" Value="4"/>
<Cov CovItemId="S2" Value="4"/>
<Cov CovItemId="S3" Value="4"/>
<Cov CovItemId="S4" Value="4"/>
<Cov CovItemId="S5" Value="8"/>
<Cov CovItemId="S6" Value="4"/>
<Cov CovItemId="S7" Value="4"/>
<Cov CovItemId="S9" Value="1"/>
</CovPrefix>
<CovPrefix CovItemPrefix="pickr.games.Briscola.java">
<Cov CovItemId="B2" Value="4"/>
<Cov CovItemId="B4" Value="4"/>
<Cov CovItemId="B6" Value="4"/>
<Cov CovItemId="S1" Value="1"/>
<Cov CovItemId="S10" Value="1"/>
<Cov CovItemId="S11" Value="4"/>
<Cov CovItemId="S14" Value="4"/>
<Cov CovItemId="S17" Value="4"/>
<Cov CovItemId="S2" Value="1"/>
<Cov CovItemId="S20" Value="1"/>
<Cov CovItemId="S21" Value="1"/>
<Cov CovItemId="S22" Value="1"/>
<Cov CovItemId="S23" Value="4"/>
<Cov CovItemId="S24" Value="1"/>
<Cov CovItemId="S25" Value="1"/>
<Cov CovItemId="S26" Value="1"/>
<Cov CovItemId="S27" Value="1"/>
<Cov CovItemId="S28" Value="4"/>
<Cov CovItemId="S3" Value="1"/>
<Cov CovItemId="S4" Value="4"/>
<Cov CovItemId="S5" Value="1"/>
<Cov CovItemId="S6" Value="1"/>
<Cov CovItemId="S7" Value="1"/>
<Cov CovItemId="S8" Value="1"/>
<Cov CovItemId="S9" Value="1"/>
</CovPrefix>
<CovPrefix CovItemPrefix="pickr.games.Game.java">
<Cov CovItemId="B1" Value="4"/>
<Cov CovItemId="B3" Value="1"/>
<Cov CovItemId="B4" Value="3"/>
<Cov CovItemId="S1" Value="1"/>
<Cov CovItemId="S10" Value="4"/>
<Cov CovItemId="S11" Value="4"/>
<Cov CovItemId="S12" Value="4"/>
<Cov CovItemId="S14" Value="1"/>
<Cov CovItemId="S15" Value="1"/>
<Cov CovItemId="S16" Value="4"/>
<Cov CovItemId="S17" Value="1"/>
<Cov CovItemId="S18" Value="4"/>
<Cov CovItemId="S19" Value="1"/>
<Cov CovItemId="S2" Value="1"/>
<Cov CovItemId="S20" Value="1"/>
<Cov CovItemId="S21" Value="4"/>
<Cov CovItemId="S22" Value="1"/>
<Cov CovItemId="S23" Value="4"/>
<Cov CovItemId="S24" Value="1"/>
<Cov CovItemId="S25" Value="1"/>
<Cov CovItemId="S26" Value="1"/>
<Cov CovItemId="S27" Value="1"/>
<Cov CovItemId="S28" Value="1"/>
<Cov CovItemId="S3" Value="1"/>
<Cov CovItemId="S4" Value="1"/>
<Cov CovItemId="S5" Value="1"/>
<Cov CovItemId="S6" Value="1"/>
<Cov CovItemId="S7" Value="3"/>
<Cov CovItemId="S8" Value="1"/>
<Cov CovItemId="S9" Value="3"/>
</CovPrefix>
</CovList>
<AssgnmntList>
<AssgnmntPrefix RootTermCovItemPrefix="pickr.classes.Deck.java">
<AssgnmntListEntry Length="1" RootTermCovItemId="C1">
<MapEntry BoolAssgnmnt="0" Value="2"/>
<MapEntry BoolAssgnmnt="1" Value="20"/>
</AssgnmntListEntry>
<AssgnmntListEntry Length="1" RootTermCovItemId="C2">
<MapEntry BoolAssgnmnt="0" Value="4"/>
</AssgnmntListEntry>
<AssgnmntListEntry Length="1" RootTermCovItemId="C3">
<MapEntry BoolAssgnmnt="1" Value="4"/>
</AssgnmntListEntry>
<AssgnmntListEntry Length="1" RootTermCovItemId="C4">
<MapEntry BoolAssgnmnt="0" Value="4"/>
<MapEntry BoolAssgnmnt="1" Value="12"/>
</AssgnmntListEntry>
</AssgnmntPrefix>
<AssgnmntPrefix RootTermCovItemPrefix="pickr.classes.GamingCard.java">
<AssgnmntListEntry Length="2" RootTermCovItemId="C1">
<MapEntry BoolAssgnmnt="02" Value="8"/>
<MapEntry BoolAssgnmnt="10" Value="8"/>
<MapEntry BoolAssgnmnt="11" Value="65"/>
</AssgnmntListEntry>
<AssgnmntListEntry Length="2" RootTermCovItemId="C2">
<MapEntry BoolAssgnmnt="00" Value="80"/>
<MapEntry BoolAssgnmnt="01" Value="1"/>
</AssgnmntListEntry>
</AssgnmntPrefix>
<AssgnmntPrefix RootTermCovItemPrefix="pickr.games.Briscola.java">
<AssgnmntListEntry Length="3" RootTermCovItemId="C1">
<MapEntry BoolAssgnmnt="022" Value="4"/>
</AssgnmntListEntry>
<AssgnmntListEntry Length="3" RootTermCovItemId="C2">
<MapEntry BoolAssgnmnt="022" Value="4"/>
</AssgnmntListEntry>
<AssgnmntListEntry Length="3" RootTermCovItemId="C3">
<MapEntry BoolAssgnmnt="002" Value="4"/>
</AssgnmntListEntry>
</AssgnmntPrefix>
<AssgnmntPrefix RootTermCovItemPrefix="pickr.games.Game.java">
<AssgnmntListEntry Length="1" RootTermCovItemId="C1">
<MapEntry BoolAssgnmnt="1" Value="4"/>
</AssgnmntListEntry>
<AssgnmntListEntry Length="1" RootTermCovItemId="C2">
<MapEntry BoolAssgnmnt="0" Value="3"/>
<MapEntry BoolAssgnmnt="1" Value="1"/>
</AssgnmntListEntry>
</AssgnmntPrefix>
</AssgnmntList>
<ObjMetaDataList/>
<MetaDataList/>
</TestCase>
<TestCase Comment="" Date="1598619558589" Name="randoop.RandoopTest0:test17">
<CovList>
<CovPrefix CovItemPrefix="pickr.classes.Deck.java">
<Cov CovItemId="B1" Value="40"/>
<Cov CovItemId="B2" Value="1"/>
<Cov CovItemId="B3" Value="16"/>
<Cov CovItemId="S1" Value="5"/>
<Cov CovItemId="S10" Value="16"/>
<Cov CovItemId="S11" Value="16"/>
<Cov CovItemId="S12" Value="16"/>
<Cov CovItemId="S13" Value="48"/>
<Cov CovItemId="S14" Value="16"/>
<Cov CovItemId="S2" Value="21"/>
<Cov CovItemId="S3" Value="5"/>
<Cov CovItemId="S4" Value="50"/>
<Cov CovItemId="S5" Value="200"/>
<Cov CovItemId="S6" Value="4"/>
<Cov CovItemId="S7" Value="41"/>
<Cov CovItemId="S8" Value="40"/>
<Cov CovItemId="S9" Value="1"/>
</CovPrefix>
<CovPrefix CovItemPrefix="pickr.classes.GamingCard.java">
<Cov CovItemId="B1" Value="160"/>
<Cov CovItemId="B2" Value="40"/>
<Cov CovItemId="B4" Value="200"/>
<Cov CovItemId="S1" Value="200"/>
<Cov CovItemId="S10" Value="200"/>
<Cov CovItemId="S12" Value="200"/>
<Cov CovItemId="S13" Value="115"/>
<Cov CovItemId="S2" Value="200"/>
<Cov CovItemId="S3" Value="200"/>
<Cov CovItemId="S4" Value="86"/>
<Cov CovItemId="S6" Value="308"/>
<Cov CovItemId="S7" Value="200"/>
<Cov CovItemId="S8" Value="160"/>
<Cov CovItemId="S9" Value="40"/>
</CovPrefix>
<CovPrefix CovItemPrefix="pickr.classes.Player.java">
<Cov CovItemId="S1" Value="16"/>
<Cov CovItemId="S12" Value="23"/>
<Cov CovItemId="S13" Value="44"/>
<Cov CovItemId="S14" Value="40"/>
<Cov CovItemId="S2" Value="16"/>
<Cov CovItemId="S3" Value="16"/>
<Cov CovItemId="S4" Value="16"/>
<Cov CovItemId="S5" Value="56"/>
<Cov CovItemId="S6" Value="16"/>
<Cov CovItemId="S7" Value="44"/>
<Cov CovItemId="S9" Value="11"/>
</CovPrefix>
<CovPrefix CovItemPrefix="pickr.games.Briscola.java">
<Cov CovItemId="B1" Value="2"/>
<Cov CovItemId="B2" Value="42"/>
<Cov CovItemId="B3" Value="5"/>
<Cov CovItemId="B4" Value="39"/>
<Cov CovItemId="B5" Value="5"/>
<Cov CovItemId="B6" Value="39"/>
<Cov CovItemId="S1" Value="4"/>
<Cov CovItemId="S10" Value="11"/>
<Cov CovItemId="S11" Value="44"/>
<Cov CovItemId="S12" Value="2"/>
<Cov CovItemId="S13" Value="2"/>
<Cov CovItemId="S14" Value="44"/>
<Cov CovItemId="S15" Value="5"/>
<Cov CovItemId="S16" Value="5"/>
<Cov CovItemId="S17" Value="44"/>
<Cov CovItemId="S18" Value="5"/>
<Cov CovItemId="S19" Value="5"/>
<Cov CovItemId="S2" Value="4"/>
<Cov CovItemId="S20" Value="11"/>
<Cov CovItemId="S21" Value="11"/>
<Cov CovItemId="S22" Value="11"/>
<Cov CovItemId="S23" Value="44"/>
<Cov CovItemId="S24" Value="11"/>
<Cov CovItemId="S25" Value="11"/>
<Cov CovItemId="S26" Value="11"/>
<Cov CovItemId="S27" Value="11"/>
<Cov CovItemId="S28" Value="41"/>
<Cov CovItemId="S3" Value="4"/>
<Cov CovItemId="S4" Value="16"/>
<Cov CovItemId="S5" Value="4"/>
<Cov CovItemId="S6" Value="4"/>
<Cov CovItemId="S7" Value="4"/>
<Cov CovItemId="S8" Value="4"/>
<Cov CovItemId="S9" Value="11"/>
</CovPrefix>
<CovPrefix CovItemPrefix="pickr.games.Game.java">
<Cov CovItemId="B1" Value="16"/>
<Cov CovItemId="B3" Value="11"/>
<Cov CovItemId="B4" Value="33"/>
<Cov CovItemId="S1" Value="4"/>
<Cov CovItemId="S10" Value="21"/>
<Cov CovItemId="S11" Value="16"/>
<Cov CovItemId="S12" Value="16"/>
<Cov CovItemId="S14" Value="11"/>
<Cov CovItemId="S15" Value="11"/>
<Cov CovItemId="S16" Value="44"/>
<Cov CovItemId="S17" Value="11"/>
<Cov CovItemId="S18" Value="44"/>
<Cov CovItemId="S19" Value="11"/>
<Cov CovItemId="S2" Value="4"/>
<Cov CovItemId="S20" Value="11"/>
<Cov CovItemId="S21" Value="44"/>
<Cov CovItemId="S22" Value="11"/>
<Cov CovItemId="S23" Value="44"/>
<Cov CovItemId="S24" Value="11"/>
<Cov CovItemId="S25" Value="11"/>
<Cov CovItemId="S26" Value="11"/>
<Cov CovItemId="S27" Value="11"/>
<Cov CovItemId="S28" Value="11"/>
<Cov CovItemId="S3" Value="4"/>
<Cov CovItemId="S4" Value="4"/>
<Cov CovItemId="S5" Value="4"/>
<Cov CovItemId="S6" Value="4"/>
<Cov CovItemId="S7" Value="10"/>
<Cov CovItemId="S8" Value="3"/>
<Cov CovItemId="S9" Value="33"/>
</CovPrefix>
</CovList>
<AssgnmntList>
<AssgnmntPrefix RootTermCovItemPrefix="pickr.classes.Deck.java">
<AssgnmntListEntry Length="1" RootTermCovItemId="C1">
<MapEntry BoolAssgnmnt="0" Value="5"/>
<MapEntry BoolAssgnmnt="1" Value="50"/>
</AssgnmntListEntry>
<AssgnmntListEntry Length="1" RootTermCovItemId="C2">
<MapEntry BoolAssgnmnt="0" Value="40"/>
<MapEntry BoolAssgnmnt="1" Value="1"/>
</AssgnmntListEntry>
<AssgnmntListEntry Length="1" RootTermCovItemId="C3">
<MapEntry BoolAssgnmnt="1" Value="16"/>
</AssgnmntListEntry>
<AssgnmntListEntry Length="1" RootTermCovItemId="C4">
<MapEntry BoolAssgnmnt="0" Value="16"/>
<MapEntry BoolAssgnmnt="1" Value="48"/>
</AssgnmntListEntry>
</AssgnmntPrefix>
<AssgnmntPrefix RootTermCovItemPrefix="pickr.classes.GamingCard.java">
<AssgnmntListEntry Length="2" RootTermCovItemId="C1">
<MapEntry BoolAssgnmnt="02" Value="20"/>
<MapEntry BoolAssgnmnt="10" Value="20"/>
<MapEntry BoolAssgnmnt="11" Value="160"/>
</AssgnmntListEntry>
<AssgnmntListEntry Length="2" RootTermCovItemId="C2">
<MapEntry BoolAssgnmnt="00" Value="200"/>
</AssgnmntListEntry>
</AssgnmntPrefix>
<AssgnmntPrefix RootTermCovItemPrefix="pickr.games.Briscola.java">
<AssgnmntListEntry Length="3" RootTermCovItemId="C1">
<MapEntry BoolAssgnmnt="022" Value="33"/>
<MapEntry BoolAssgnmnt="102" Value="7"/>
<MapEntry BoolAssgnmnt="110" Value="2"/>
<MapEntry BoolAssgnmnt="111" Value="2"/>
</AssgnmntListEntry>
<AssgnmntListEntry Length="3" RootTermCovItemId="C2">
<MapEntry BoolAssgnmnt="022" Value="35"/>
<MapEntry BoolAssgnmnt="102" Value="2"/>
<MapEntry BoolAssgnmnt="110" Value="2"/>
<MapEntry BoolAssgnmnt="111" Value="5"/>
</AssgnmntListEntry>
<AssgnmntListEntry Length="3" RootTermCovItemId="C3">
<MapEntry BoolAssgnmnt="122" Value="4"/>
<MapEntry BoolAssgnmnt="002" Value="29"/>
<MapEntry BoolAssgnmnt="010" Value="6"/>
<MapEntry BoolAssgnmnt="011" Value="5"/>
</AssgnmntListEntry>
</AssgnmntPrefix>
<AssgnmntPrefix RootTermCovItemPrefix="pickr.games.Game.java">
<AssgnmntListEntry Length="1" RootTermCovItemId="C1">
<MapEntry BoolAssgnmnt="1" Value="16"/>
</AssgnmntListEntry>
<AssgnmntListEntry Length="1" RootTermCovItemId="C2">
<MapEntry BoolAssgnmnt="0" Value="33"/>
<MapEntry BoolAssgnmnt="1" Value="11"/>
</AssgnmntListEntry>
</AssgnmntPrefix>
</AssgnmntList>
<ObjMetaDataList/>
<MetaDataList/>
</TestCase>
<TestCase Comment="" Date="1598619558590" Name="randoop.RandoopTest0:test18">
<CovList>
<CovPrefix CovItemPrefix="pickr.classes.Deck.java">
<Cov CovItemId="B1" Value="32"/>
<Cov CovItemId="B2" Value="1"/>
<Cov CovItemId="B3" Value="8"/>
<Cov CovItemId="S1" Value="4"/>
<Cov CovItemId="S10" Value="8"/>
<Cov CovItemId="S11" Value="8"/>
<Cov CovItemId="S12" Value="8"/>
<Cov CovItemId="S13" Value="24"/>
<Cov CovItemId="S14" Value="8"/>
<Cov CovItemId="S2" Value="14"/>
<Cov CovItemId="S3" Value="4"/>
<Cov CovItemId="S4" Value="40"/>
<Cov CovItemId="S5" Value="160"/>
<Cov CovItemId="S6" Value="2"/>
<Cov CovItemId="S7" Value="33"/>
<Cov CovItemId="S8" Value="32"/>
<Cov CovItemId="S9" Value="1"/>
</CovPrefix>
<CovPrefix CovItemPrefix="pickr.classes.GamingCard.java">
<Cov CovItemId="B1" Value="128"/>
<Cov CovItemId="B2" Value="32"/>
<Cov CovItemId="B4" Value="160"/>
<Cov CovItemId="S1" Value="160"/>
<Cov CovItemId="S10" Value="160"/>
<Cov CovItemId="S12" Value="160"/>
<Cov CovItemId="S13" Value="73"/>
<Cov CovItemId="S2" Value="160"/>
<Cov CovItemId="S3" Value="160"/>
<Cov CovItemId="S4" Value="67"/>
<Cov CovItemId="S6" Value="252"/>
<Cov CovItemId="S7" Value="160"/>
<Cov CovItemId="S8" Value="128"/>
<Cov CovItemId="S9" Value="32"/>
</CovPrefix>
<CovPrefix CovItemPrefix="pickr.classes.Player.java">
<Cov CovItemId="S1" Value="8"/>
<Cov CovItemId="S12" Value="13"/>
<Cov CovItemId="S13" Value="36"/>
<Cov CovItemId="S14" Value="32"/>
<Cov CovItemId="S2" Value="8"/>
<Cov CovItemId="S3" Value="8"/>
<Cov CovItemId="S4" Value="8"/>
<Cov CovItemId="S5" Value="40"/>
<Cov CovItemId="S6" Value="8"/>
<Cov CovItemId="S7" Value="36"/>
<Cov CovItemId="S9" Value="9"/>
</CovPrefix>
<CovPrefix CovItemPrefix="pickr.games.Briscola.java">
<Cov CovItemId="B1" Value="1"/>
<Cov CovItemId="B2" Value="35"/>
<Cov CovItemId="B3" Value="4"/>
<Cov CovItemId="B4" Value="32"/>
<Cov CovItemId="B5" Value="3"/>
<Cov CovItemId="B6" Value="33"/>
<Cov CovItemId="S1" Value="2"/>
<Cov CovItemId="S10" Value="9"/>
<Cov CovItemId="S11" Value="36"/>
<Cov CovItemId="S12" Value="1"/>
<Cov CovItemId="S13" Value="1"/>
<Cov CovItemId="S14" Value="36"/>
<Cov CovItemId="S15" Value="4"/>
<Cov CovItemId="S16" Value="4"/>
<Cov CovItemId="S17" Value="36"/>
<Cov CovItemId="S18" Value="3"/>
<Cov CovItemId="S19" Value="3"/>
<Cov CovItemId="S2" Value="2"/>
<Cov CovItemId="S20" Value="9"/>
<Cov CovItemId="S21" Value="9"/>
<Cov CovItemId="S22" Value="9"/>
<Cov CovItemId="S23" Value="36"/>
<Cov CovItemId="S24" Value="9"/>
<Cov CovItemId="S25" Value="9"/>
<Cov CovItemId="S26" Value="9"/>
<Cov CovItemId="S27" Value="9"/>
<Cov CovItemId="S28" Value="33"/>
<Cov CovItemId="S3" Value="2"/>
<Cov CovItemId="S4" Value="8"/>
<Cov CovItemId="S5" Value="2"/>
<Cov CovItemId="S6" Value="2"/>
<Cov CovItemId="S7" Value="2"/>
<Cov CovItemId="S8" Value="2"/>
<Cov CovItemId="S9" Value="9"/>
</CovPrefix>
<CovPrefix CovItemPrefix="pickr.games.Game.java">
<Cov CovItemId="B1" Value="8"/>
<Cov CovItemId="B3" Value="9"/>
<Cov CovItemId="B4" Value="27"/>
<Cov CovItemId="S1" Value="2"/>
<Cov CovItemId="S10" Value="13"/>
<Cov CovItemId="S11" Value="8"/>
<Cov CovItemId="S12" Value="8"/>
<Cov CovItemId="S14" Value="9"/>
<Cov CovItemId="S15" Value="9"/>
<Cov CovItemId="S16" Value="36"/>
<Cov CovItemId="S17" Value="9"/>
<Cov CovItemId="S18" Value="36"/>
<Cov CovItemId="S19" Value="9"/>
<Cov CovItemId="S2" Value="2"/>
<Cov CovItemId="S20" Value="9"/>
<Cov CovItemId="S21" Value="36"/>
<Cov CovItemId="S22" Value="9"/>
<Cov CovItemId="S23" Value="36"/>
<Cov CovItemId="S24" Value="9"/>
<Cov CovItemId="S25" Value="9"/>
<Cov CovItemId="S26" Value="9"/>
<Cov CovItemId="S27" Value="9"/>
<Cov CovItemId="S28" Value="9"/>
<Cov CovItemId="S3" Value="2"/>
<Cov CovItemId="S4" Value="2"/>
<Cov CovItemId="S5" Value="2"/>
<Cov CovItemId="S6" Value="2"/>
<Cov CovItemId="S7" Value="4"/>
<Cov CovItemId="S8" Value="1"/>
<Cov CovItemId="S9" Value="27"/>
</CovPrefix>
</CovList>
<AssgnmntList>
<AssgnmntPrefix RootTermCovItemPrefix="pickr.classes.Deck.java">
<AssgnmntListEntry Length="1" RootTermCovItemId="C1">
<MapEntry BoolAssgnmnt="0" Value="4"/>
<MapEntry BoolAssgnmnt="1" Value="40"/>
</AssgnmntListEntry>
<AssgnmntListEntry Length="1" RootTermCovItemId="C2">
<MapEntry BoolAssgnmnt="0" Value="32"/>
<MapEntry BoolAssgnmnt="1" Value="1"/>
</AssgnmntListEntry>
<AssgnmntListEntry Length="1" RootTermCovItemId="C3">
<MapEntry BoolAssgnmnt="1" Value="8"/>
</AssgnmntListEntry>
<AssgnmntListEntry Length="1" RootTermCovItemId="C4">
<MapEntry BoolAssgnmnt="0" Value="8"/>
<MapEntry BoolAssgnmnt="1" Value="24"/>
</AssgnmntListEntry>
</AssgnmntPrefix>
<AssgnmntPrefix RootTermCovItemPrefix="pickr.classes.GamingCard.java">
<AssgnmntListEntry Length="2" RootTermCovItemId="C1">
<MapEntry BoolAssgnmnt="02" Value="16"/>
<MapEntry BoolAssgnmnt="10" Value="16"/>
<MapEntry BoolAssgnmnt="11" Value="128"/>
</AssgnmntListEntry>
<AssgnmntListEntry Length="2" RootTermCovItemId="C2">
<MapEntry BoolAssgnmnt="00" Value="160"/>
</AssgnmntListEntry>
</AssgnmntPrefix>
<AssgnmntPrefix RootTermCovItemPrefix="pickr.games.Briscola.java">
<AssgnmntListEntry Length="3" RootTermCovItemId="C1">
<MapEntry BoolAssgnmnt="022" Value="27"/>
<MapEntry BoolAssgnmnt="102" Value="5"/>
<MapEntry BoolAssgnmnt="110" Value="3"/>
<MapEntry BoolAssgnmnt="111" Value="1"/>
</AssgnmntListEntry>
<AssgnmntListEntry Length="3" RootTermCovItemId="C2">
<MapEntry BoolAssgnmnt="022" Value="28"/>
<MapEntry BoolAssgnmnt="102" Value="3"/>
<MapEntry BoolAssgnmnt="110" Value="1"/>
<MapEntry BoolAssgnmnt="111" Value="4"/>
</AssgnmntListEntry>
<AssgnmntListEntry Length="3" RootTermCovItemId="C3">
<MapEntry BoolAssgnmnt="122" Value="4"/>
<MapEntry BoolAssgnmnt="002" Value="25"/>
<MapEntry BoolAssgnmnt="010" Value="4"/>
<MapEntry BoolAssgnmnt="011" Value="3"/>
</AssgnmntListEntry>
</AssgnmntPrefix>
<AssgnmntPrefix RootTermCovItemPrefix="pickr.games.Game.java">
<AssgnmntListEntry Length="1" RootTermCovItemId="C1">
<MapEntry BoolAssgnmnt="1" Value="8"/>
</AssgnmntListEntry>
<AssgnmntListEntry Length="1" RootTermCovItemId="C2">
<MapEntry BoolAssgnmnt="0" Value="27"/>
<MapEntry BoolAssgnmnt="1" Value="9"/>
</AssgnmntListEntry>
</AssgnmntPrefix>
</AssgnmntList>
<ObjMetaDataList/>
<MetaDataList/>
</TestCase>
<TestCase Comment="" Date="1598619558591" Name="randoop.RandoopTest0:test19">
<CovList>
<CovPrefix CovItemPrefix="pickr.classes.Deck.java">
<Cov CovItemId="B4" Value="1"/>
<Cov CovItemId="S1" Value="3"/>
<Cov CovItemId="S10" Value="1"/>
<Cov CovItemId="S15" Value="1"/>
<Cov CovItemId="S2" Value="6"/>
<Cov CovItemId="S3" Value="2"/>
<Cov CovItemId="S4" Value="20"/>
<Cov CovItemId="S5" Value="80"/>
</CovPrefix>
<CovPrefix CovItemPrefix="pickr.classes.GamingCard.java">
<Cov CovItemId="B1" Value="64"/>
<Cov CovItemId="B2" Value="16"/>
<Cov CovItemId="B4" Value="80"/>
<Cov CovItemId="S1" Value="80"/>
<Cov CovItemId="S10" Value="80"/>
<Cov CovItemId="S12" Value="80"/>
<Cov CovItemId="S2" Value="80"/>
<Cov CovItemId="S3" Value="80"/>
<Cov CovItemId="S7" Value="80"/>
<Cov CovItemId="S8" Value="64"/>
<Cov CovItemId="S9" Value="16"/>
</CovPrefix>
</CovList>
<AssgnmntList>
<AssgnmntPrefix RootTermCovItemPrefix="pickr.classes.Deck.java">
<AssgnmntListEntry Length="1" RootTermCovItemId="C1">
<MapEntry BoolAssgnmnt="0" Value="2"/>
<MapEntry BoolAssgnmnt="1" Value="20"/>
</AssgnmntListEntry>
<AssgnmntListEntry Length="1" RootTermCovItemId="C3">
<MapEntry BoolAssgnmnt="0" Value="1"/>
</AssgnmntListEntry>
</AssgnmntPrefix>
<AssgnmntPrefix RootTermCovItemPrefix="pickr.classes.GamingCard.java">
<AssgnmntListEntry Length="2" RootTermCovItemId="C1">
<MapEntry BoolAssgnmnt="02" Value="8"/>
<MapEntry BoolAssgnmnt="10" Value="8"/>
<MapEntry BoolAssgnmnt="11" Value="64"/>
</AssgnmntListEntry>
<AssgnmntListEntry Length="2" RootTermCovItemId="C2">
<MapEntry BoolAssgnmnt="00" Value="80"/>
</AssgnmntListEntry>
</AssgnmntPrefix>
</AssgnmntList>
<ObjMetaDataList/>
<MetaDataList/>
</TestCase>
<TestCase Comment="" Date="1598619558591" Name="randoop.RandoopTest0:test20">
<CovList>
<CovPrefix CovItemPrefix="pickr.classes.Deck.java">
<Cov CovItemId="B1" Value="4"/>
<Cov CovItemId="B3" Value="4"/>
<Cov CovItemId="B4" Value="1"/>
<Cov CovItemId="S1" Value="5"/>
<Cov CovItemId="S10" Value="5"/>
<Cov CovItemId="S11" Value="4"/>
<Cov CovItemId="S12" Value="4"/>
<Cov CovItemId="S13" Value="12"/>
<Cov CovItemId="S14" Value="4"/>
<Cov CovItemId="S15" Value="1"/>
<Cov CovItemId="S2" Value="14"/>
<Cov CovItemId="S3" Value="4"/>
<Cov CovItemId="S4" Value="40"/>
<Cov CovItemId="S5" Value="160"/>
<Cov CovItemId="S6" Value="1"/>
<Cov CovItemId="S7" Value="4"/>
<Cov CovItemId="S8" Value="4"/>
</CovPrefix>
<CovPrefix CovItemPrefix="pickr.classes.GamingCard.java">
<Cov CovItemId="B1" Value="128"/>
<Cov CovItemId="B2" Value="32"/>
<Cov CovItemId="B4" Value="160"/>
<Cov CovItemId="S1" Value="160"/>
<Cov CovItemId="S10" Value="160"/>
<Cov CovItemId="S12" Value="160"/>
<Cov CovItemId="S13" Value="19"/>
<Cov CovItemId="S2" Value="160"/>
<Cov CovItemId="S3" Value="160"/>
<Cov CovItemId="S4" Value="7"/>
<Cov CovItemId="S6" Value="28"/>
<Cov CovItemId="S7" Value="160"/>
<Cov CovItemId="S8" Value="128"/>
<Cov CovItemId="S9" Value="32"/>
</CovPrefix>
<CovPrefix CovItemPrefix="pickr.classes.Player.java">
<Cov CovItemId="S1" Value="4"/>
<Cov CovItemId="S12" Value="5"/>
<Cov CovItemId="S13" Value="4"/>
<Cov CovItemId="S14" Value="4"/>
<Cov CovItemId="S2" Value="4"/>
<Cov CovItemId="S3" Value="4"/>
<Cov CovItemId="S4" Value="4"/>
<Cov CovItemId="S5" Value="8"/>
<Cov CovItemId="S6" Value="4"/>
<Cov CovItemId="S7" Value="4"/>
<Cov CovItemId="S9" Value="1"/>
</CovPrefix>
<CovPrefix CovItemPrefix="pickr.games.Briscola.java">
<Cov CovItemId="B2" Value="4"/>
<Cov CovItemId="B4" Value="4"/>
<Cov CovItemId="B5" Value="1"/>
<Cov CovItemId="B6" Value="3"/>
<Cov CovItemId="S1" Value="1"/>
<Cov CovItemId="S10" Value="1"/>
<Cov CovItemId="S11" Value="4"/>
<Cov CovItemId="S14" Value="4"/>
<Cov CovItemId="S17" Value="4"/>
<Cov CovItemId="S18" Value="1"/>
<Cov CovItemId="S19" Value="1"/>
<Cov CovItemId="S2" Value="1"/>
<Cov CovItemId="S20" Value="1"/>
<Cov CovItemId="S21" Value="1"/>
<Cov CovItemId="S22" Value="1"/>
<Cov CovItemId="S23" Value="4"/>
<Cov CovItemId="S24" Value="1"/>
<Cov CovItemId="S25" Value="1"/>
<Cov CovItemId="S26" Value="1"/>
<Cov CovItemId="S27" Value="1"/>
<Cov CovItemId="S28" Value="4"/>
<Cov CovItemId="S3" Value="1"/>
<Cov CovItemId="S4" Value="4"/>
<Cov CovItemId="S5" Value="1"/>
<Cov CovItemId="S6" Value="1"/>
<Cov CovItemId="S7" Value="1"/>
<Cov CovItemId="S8" Value="1"/>
<Cov CovItemId="S9" Value="1"/>
</CovPrefix>
<CovPrefix CovItemPrefix="pickr.games.Game.java">
<Cov CovItemId="B1" Value="4"/>
<Cov CovItemId="B3" Value="1"/>
<Cov CovItemId="B4" Value="3"/>
<Cov CovItemId="S1" Value="1"/>
<Cov CovItemId="S10" Value="4"/>
<Cov CovItemId="S11" Value="4"/>
<Cov CovItemId="S12" Value="4"/>
<Cov CovItemId="S14" Value="1"/>
<Cov CovItemId="S15" Value="1"/>
<Cov CovItemId="S16" Value="4"/>
<Cov CovItemId="S17" Value="1"/>
<Cov CovItemId="S18" Value="4"/>
<Cov CovItemId="S19" Value="1"/>
<Cov CovItemId="S2" Value="1"/>
<Cov CovItemId="S20" Value="1"/>
<Cov CovItemId="S21" Value="4"/>
<Cov CovItemId="S22" Value="1"/>
<Cov CovItemId="S23" Value="4"/>
<Cov CovItemId="S24" Value="1"/>
<Cov CovItemId="S25" Value="1"/>
<Cov CovItemId="S26" Value="1"/>
<Cov CovItemId="S27" Value="1"/>
<Cov CovItemId="S28" Value="1"/>
<Cov CovItemId="S3" Value="1"/>
<Cov CovItemId="S4" Value="1"/>
<Cov CovItemId="S5" Value="1"/>
<Cov CovItemId="S6" Value="1"/>
<Cov CovItemId="S7" Value="3"/>
<Cov CovItemId="S8" Value="1"/>
<Cov CovItemId="S9" Value="3"/>
</CovPrefix>
</CovList>
<AssgnmntList>
<AssgnmntPrefix RootTermCovItemPrefix="pickr.classes.Deck.java">
<AssgnmntListEntry Length="1" RootTermCovItemId="C1">
<MapEntry BoolAssgnmnt="0" Value="4"/>
<MapEntry BoolAssgnmnt="1" Value="40"/>
</AssgnmntListEntry>
<AssgnmntListEntry Length="1" RootTermCovItemId="C2">
<MapEntry BoolAssgnmnt="0" Value="4"/>
</AssgnmntListEntry>
<AssgnmntListEntry Length="1" RootTermCovItemId="C3">
<MapEntry BoolAssgnmnt="0" Value="1"/>
<MapEntry BoolAssgnmnt="1" Value="4"/>
</AssgnmntListEntry>
<AssgnmntListEntry Length="1" RootTermCovItemId="C4">
<MapEntry BoolAssgnmnt="0" Value="4"/>
<MapEntry BoolAssgnmnt="1" Value="12"/>
</AssgnmntListEntry>
</AssgnmntPrefix>
<AssgnmntPrefix RootTermCovItemPrefix="pickr.classes.GamingCard.java">
<AssgnmntListEntry Length="2" RootTermCovItemId="C1">
<MapEntry BoolAssgnmnt="02" Value="16"/>
<MapEntry BoolAssgnmnt="10" Value="16"/>
<MapEntry BoolAssgnmnt="11" Value="128"/>
</AssgnmntListEntry>
<AssgnmntListEntry Length="2" RootTermCovItemId="C2">
<MapEntry BoolAssgnmnt="00" Value="160"/>
</AssgnmntListEntry>
</AssgnmntPrefix>
<AssgnmntPrefix RootTermCovItemPrefix="pickr.games.Briscola.java">
<AssgnmntListEntry Length="3" RootTermCovItemId="C1">
<MapEntry BoolAssgnmnt="022" Value="4"/>
</AssgnmntListEntry>
<AssgnmntListEntry Length="3" RootTermCovItemId="C2">
<MapEntry BoolAssgnmnt="022" Value="4"/>
</AssgnmntListEntry>
<AssgnmntListEntry Length="3" RootTermCovItemId="C3">
<MapEntry BoolAssgnmnt="002" Value="2"/>
<MapEntry BoolAssgnmnt="010" Value="1"/>
<MapEntry BoolAssgnmnt="011" Value="1"/>
</AssgnmntListEntry>
</AssgnmntPrefix>
<AssgnmntPrefix RootTermCovItemPrefix="pickr.games.Game.java">
<AssgnmntListEntry Length="1" RootTermCovItemId="C1">
<MapEntry BoolAssgnmnt="1" Value="4"/>
</AssgnmntListEntry>
<AssgnmntListEntry Length="1" RootTermCovItemId="C2">
<MapEntry BoolAssgnmnt="0" Value="3"/>
<MapEntry BoolAssgnmnt="1" Value="1"/>
</AssgnmntListEntry>
</AssgnmntPrefix>
</AssgnmntList>
<ObjMetaDataList/>
<MetaDataList/>
</TestCase>
<TestCase Comment="" Date="1598619558591" Name="randoop.RandoopTest0:test21">
<CovList>
<CovPrefix CovItemPrefix="pickr.classes.Deck.java">
<Cov CovItemId="B1" Value="8"/>
<Cov CovItemId="B3" Value="8"/>
<Cov CovItemId="B4" Value="1"/>
<Cov CovItemId="S1" Value="4"/>
<Cov CovItemId="S10" Value="9"/>
<Cov CovItemId="S11" Value="8"/>
<Cov CovItemId="S12" Value="8"/>
<Cov CovItemId="S13" Value="24"/>
<Cov CovItemId="S14" Value="8"/>
<Cov CovItemId="S15" Value="1"/>
<Cov CovItemId="S2" Value="13"/>
<Cov CovItemId="S3" Value="3"/>
<Cov CovItemId="S4" Value="30"/>
<Cov CovItemId="S5" Value="120"/>
<Cov CovItemId="S6" Value="2"/>
<Cov CovItemId="S7" Value="8"/>
<Cov CovItemId="S8" Value="8"/>
</CovPrefix>
<CovPrefix CovItemPrefix="pickr.classes.GamingCard.java">
<Cov CovItemId="B1" Value="96"/>
<Cov CovItemId="B2" Value="24"/>
<Cov CovItemId="B4" Value="120"/>
<Cov CovItemId="S1" Value="120"/>
<Cov CovItemId="S10" Value="120"/>
<Cov CovItemId="S12" Value="120"/>
<Cov CovItemId="S13" Value="40"/>
<Cov CovItemId="S2" Value="120"/>
<Cov CovItemId="S3" Value="120"/>
<Cov CovItemId="S4" Value="19"/>
<Cov CovItemId="S6" Value="56"/>
<Cov CovItemId="S7" Value="120"/>
<Cov CovItemId="S8" Value="96"/>
<Cov CovItemId="S9" Value="24"/>
</CovPrefix>
<CovPrefix CovItemPrefix="pickr.classes.Player.java">
<Cov CovItemId="S1" Value="8"/>
<Cov CovItemId="S12" Value="10"/>
<Cov CovItemId="S13" Value="8"/>
<Cov CovItemId="S14" Value="8"/>
<Cov CovItemId="S2" Value="8"/>
<Cov CovItemId="S3" Value="8"/>
<Cov CovItemId="S4" Value="8"/>
<Cov CovItemId="S5" Value="16"/>
<Cov CovItemId="S6" Value="8"/>
<Cov CovItemId="S7" Value="8"/>
<Cov CovItemId="S9" Value="2"/>
</CovPrefix>
<CovPrefix CovItemPrefix="pickr.games.Briscola.java">
<Cov CovItemId="B2" Value="8"/>
<Cov CovItemId="B3" Value="3"/>
<Cov CovItemId="B4" Value="5"/>
<Cov CovItemId="B6" Value="8"/>
<Cov CovItemId="S1" Value="2"/>
<Cov CovItemId="S10" Value="2"/>
<Cov CovItemId="S11" Value="8"/>
<Cov CovItemId="S14" Value="8"/>
<Cov CovItemId="S15" Value="3"/>
<Cov CovItemId="S16" Value="3"/>
<Cov CovItemId="S17" Value="8"/>
<Cov CovItemId="S2" Value="2"/>
<Cov CovItemId="S20" Value="2"/>
<Cov CovItemId="S21" Value="2"/>
<Cov CovItemId="S22" Value="2"/>
<Cov CovItemId="S23" Value="8"/>
<Cov CovItemId="S24" Value="2"/>
<Cov CovItemId="S25" Value="2"/>
<Cov CovItemId="S26" Value="2"/>
<Cov CovItemId="S27" Value="2"/>
<Cov CovItemId="S28" Value="8"/>
<Cov CovItemId="S3" Value="2"/>
<Cov CovItemId="S4" Value="8"/>
<Cov CovItemId="S5" Value="2"/>
<Cov CovItemId="S6" Value="2"/>
<Cov CovItemId="S7" Value="2"/>
<Cov CovItemId="S8" Value="2"/>
<Cov CovItemId="S9" Value="2"/>
</CovPrefix>
<CovPrefix CovItemPrefix="pickr.games.Game.java">
<Cov CovItemId="B1" Value="8"/>
<Cov CovItemId="B3" Value="2"/>
<Cov CovItemId="B4" Value="6"/>
<Cov CovItemId="S1" Value="2"/>
<Cov CovItemId="S10" Value="8"/>
<Cov CovItemId="S11" Value="8"/>
<Cov CovItemId="S12" Value="8"/>
<Cov CovItemId="S14" Value="2"/>
<Cov CovItemId="S15" Value="2"/>
<Cov CovItemId="S16" Value="8"/>
<Cov CovItemId="S17" Value="2"/>
<Cov CovItemId="S18" Value="8"/>
<Cov CovItemId="S19" Value="2"/>
<Cov CovItemId="S2" Value="2"/>
<Cov CovItemId="S20" Value="2"/>
<Cov CovItemId="S21" Value="8"/>
<Cov CovItemId="S22" Value="2"/>
<Cov CovItemId="S23" Value="8"/>
<Cov CovItemId="S24" Value="2"/>
<Cov CovItemId="S25" Value="2"/>
<Cov CovItemId="S26" Value="2"/>
<Cov CovItemId="S27" Value="2"/>
<Cov CovItemId="S28" Value="2"/>
<Cov CovItemId="S3" Value="2"/>
<Cov CovItemId="S4" Value="2"/>
<Cov CovItemId="S5" Value="2"/>
<Cov CovItemId="S6" Value="2"/>
<Cov CovItemId="S7" Value="6"/>
<Cov CovItemId="S8" Value="2"/>
<Cov CovItemId="S9" Value="6"/>
</CovPrefix>
</CovList>
<AssgnmntList>
<AssgnmntPrefix RootTermCovItemPrefix="pickr.classes.Deck.java">
<AssgnmntListEntry Length="1" RootTermCovItemId="C1">
<MapEntry BoolAssgnmnt="0" Value="3"/>
<MapEntry BoolAssgnmnt="1" Value="30"/>
</AssgnmntListEntry>
<AssgnmntListEntry Length="1" RootTermCovItemId="C2">
<MapEntry BoolAssgnmnt="0" Value="8"/>
</AssgnmntListEntry>
<AssgnmntListEntry Length="1" RootTermCovItemId="C3">
<MapEntry BoolAssgnmnt="0" Value="1"/>
<MapEntry BoolAssgnmnt="1" Value="8"/>
</AssgnmntListEntry>
<AssgnmntListEntry Length="1" RootTermCovItemId="C4">
<MapEntry BoolAssgnmnt="0" Value="8"/>
<MapEntry BoolAssgnmnt="1" Value="24"/>
</AssgnmntListEntry>
</AssgnmntPrefix>
<AssgnmntPrefix RootTermCovItemPrefix="pickr.classes.GamingCard.java">
<AssgnmntListEntry Length="2" RootTermCovItemId="C1">
<MapEntry BoolAssgnmnt="02" Value="12"/>
<MapEntry BoolAssgnmnt="10" Value="12"/>
<MapEntry BoolAssgnmnt="11" Value="96"/>
</AssgnmntListEntry>
<AssgnmntListEntry Length="2" RootTermCovItemId="C2">
<MapEntry BoolAssgnmnt="00" Value="120"/>
</AssgnmntListEntry>
</AssgnmntPrefix>
<AssgnmntPrefix RootTermCovItemPrefix="pickr.games.Briscola.java">
<AssgnmntListEntry Length="3" RootTermCovItemId="C1">
<MapEntry BoolAssgnmnt="022" Value="5"/>
<MapEntry BoolAssgnmnt="102" Value="3"/>
</AssgnmntListEntry>
<AssgnmntListEntry Length="3" RootTermCovItemId="C2">
<MapEntry BoolAssgnmnt="022" Value="5"/>
<MapEntry BoolAssgnmnt="111" Value="3"/>
</AssgnmntListEntry>
<AssgnmntListEntry Length="3" RootTermCovItemId="C3">
<MapEntry BoolAssgnmnt="002" Value="8"/>
</AssgnmntListEntry>
</AssgnmntPrefix>
<AssgnmntPrefix RootTermCovItemPrefix="pickr.games.Game.java">
<AssgnmntListEntry Length="1" RootTermCovItemId="C1">
<MapEntry BoolAssgnmnt="1" Value="8"/>
</AssgnmntListEntry>
<AssgnmntListEntry Length="1" RootTermCovItemId="C2">
<MapEntry BoolAssgnmnt="0" Value="6"/>
<MapEntry BoolAssgnmnt="1" Value="2"/>
</AssgnmntListEntry>
</AssgnmntPrefix>
</AssgnmntList>
<ObjMetaDataList/>
<MetaDataList/>
</TestCase>
<TestCase Comment="" Date="1598619558592" Name="randoop.RandoopTest0:test22">
<CovList>
<CovPrefix CovItemPrefix="pickr.classes.Deck.java">
<Cov CovItemId="B1" Value="4"/>
<Cov CovItemId="B3" Value="4"/>
<Cov CovItemId="S1" Value="3"/>
<Cov CovItemId="S10" Value="4"/>
<Cov CovItemId="S11" Value="4"/>
<Cov CovItemId="S12" Value="4"/>
<Cov CovItemId="S13" Value="12"/>
<Cov CovItemId="S14" Value="4"/>
<Cov CovItemId="S2" Value="11"/>
<Cov CovItemId="S3" Value="3"/>
<Cov CovItemId="S4" Value="30"/>
<Cov CovItemId="S5" Value="120"/>
<Cov CovItemId="S6" Value="1"/>
<Cov CovItemId="S7" Value="4"/>
<Cov CovItemId="S8" Value="4"/>
</CovPrefix>
<CovPrefix CovItemPrefix="pickr.classes.GamingCard.java">
<Cov CovItemId="B1" Value="97"/>
<Cov CovItemId="B2" Value="24"/>
<Cov CovItemId="B3" Value="1"/>
<Cov CovItemId="B4" Value="120"/>
<Cov CovItemId="S1" Value="121"/>
<Cov CovItemId="S10" Value="121"/>
<Cov CovItemId="S11" Value="1"/>
<Cov CovItemId="S12" Value="120"/>
<Cov CovItemId="S13" Value="21"/>
<Cov CovItemId="S2" Value="121"/>
<Cov CovItemId="S3" Value="121"/>
<Cov CovItemId="S4" Value="11"/>
<Cov CovItemId="S6" Value="28"/>
<Cov CovItemId="S7" Value="121"/>
<Cov CovItemId="S8" Value="97"/>
<Cov CovItemId="S9" Value="24"/>
</CovPrefix>
<CovPrefix CovItemPrefix="pickr.classes.Player.java">
<Cov CovItemId="S1" Value="4"/>
<Cov CovItemId="S12" Value="5"/>
<Cov CovItemId="S13" Value="4"/>
<Cov CovItemId="S14" Value="4"/>
<Cov CovItemId="S2" Value="4"/>
<Cov CovItemId="S3" Value="4"/>
<Cov CovItemId="S4" Value="4"/>
<Cov CovItemId="S5" Value="8"/>
<Cov CovItemId="S6" Value="4"/>
<Cov CovItemId="S7" Value="4"/>
<Cov CovItemId="S9" Value="1"/>
</CovPrefix>
<CovPrefix CovItemPrefix="pickr.games.Briscola.java">
<Cov CovItemId="B2" Value="4"/>
<Cov CovItemId="B3" Value="2"/>
<Cov CovItemId="B4" Value="2"/>
<Cov CovItemId="B6" Value="4"/>
<Cov CovItemId="S1" Value="1"/>
<Cov CovItemId="S10" Value="1"/>
<Cov CovItemId="S11" Value="4"/>
<Cov CovItemId="S14" Value="4"/>
<Cov CovItemId="S15" Value="2"/>
<Cov CovItemId="S16" Value="2"/>
<Cov CovItemId="S17" Value="4"/>
<Cov CovItemId="S2" Value="1"/>
<Cov CovItemId="S20" Value="1"/>
<Cov CovItemId="S21" Value="1"/>
<Cov CovItemId="S22" Value="1"/>
<Cov CovItemId="S23" Value="4"/>
<Cov CovItemId="S24" Value="1"/>
<Cov CovItemId="S25" Value="1"/>
<Cov CovItemId="S26" Value="1"/>
<Cov CovItemId="S27" Value="1"/>
<Cov CovItemId="S28" Value="4"/>
<Cov CovItemId="S3" Value="1"/>
<Cov CovItemId="S4" Value="4"/>
<Cov CovItemId="S5" Value="1"/>
<Cov CovItemId="S6" Value="1"/>
<Cov CovItemId="S7" Value="1"/>
<Cov CovItemId="S8" Value="1"/>
<Cov CovItemId="S9" Value="1"/>
</CovPrefix>
<CovPrefix CovItemPrefix="pickr.games.Game.java">
<Cov CovItemId="B1" Value="4"/>
<Cov CovItemId="B3" Value="1"/>
<Cov CovItemId="B4" Value="3"/>
<Cov CovItemId="S1" Value="1"/>
<Cov CovItemId="S10" Value="4"/>
<Cov CovItemId="S11" Value="4"/>
<Cov CovItemId="S12" Value="4"/>
<Cov CovItemId="S14" Value="1"/>
<Cov CovItemId="S15" Value="1"/>
<Cov CovItemId="S16" Value="4"/>
<Cov CovItemId="S17" Value="1"/>
<Cov CovItemId="S18" Value="4"/>
<Cov CovItemId="S19" Value="1"/>
<Cov CovItemId="S2" Value="1"/>
<Cov CovItemId="S20" Value="1"/>
<Cov CovItemId="S21" Value="4"/>
<Cov CovItemId="S22" Value="1"/>
<Cov CovItemId="S23" Value="4"/>
<Cov CovItemId="S24" Value="1"/>
<Cov CovItemId="S25" Value="1"/>
<Cov CovItemId="S26" Value="1"/>
<Cov CovItemId="S27" Value="1"/>
<Cov CovItemId="S28" Value="1"/>
<Cov CovItemId="S3" Value="1"/>
<Cov CovItemId="S4" Value="1"/>
<Cov CovItemId="S5" Value="1"/>
<Cov CovItemId="S6" Value="1"/>
<Cov CovItemId="S7" Value="3"/>
<Cov CovItemId="S8" Value="1"/>
<Cov CovItemId="S9" Value="3"/>
</CovPrefix>
</CovList>
<AssgnmntList>
<AssgnmntPrefix RootTermCovItemPrefix="pickr.classes.Deck.java">
<AssgnmntListEntry Length="1" RootTermCovItemId="C1">
<MapEntry BoolAssgnmnt="0" Value="3"/>
<MapEntry BoolAssgnmnt="1" Value="30"/>
</AssgnmntListEntry>
<AssgnmntListEntry Length="1" RootTermCovItemId="C2">
<MapEntry BoolAssgnmnt="0" Value="4"/>
</AssgnmntListEntry>
<AssgnmntListEntry Length="1" RootTermCovItemId="C3">
<MapEntry BoolAssgnmnt="1" Value="4"/>
</AssgnmntListEntry>
<AssgnmntListEntry Length="1" RootTermCovItemId="C4">
<MapEntry BoolAssgnmnt="0" Value="4"/>
<MapEntry BoolAssgnmnt="1" Value="12"/>
</AssgnmntListEntry>
</AssgnmntPrefix>
<AssgnmntPrefix RootTermCovItemPrefix="pickr.classes.GamingCard.java">
<AssgnmntListEntry Length="2" RootTermCovItemId="C1">
<MapEntry BoolAssgnmnt="02" Value="12"/>
<MapEntry BoolAssgnmnt="10" Value="12"/>
<MapEntry BoolAssgnmnt="11" Value="97"/>
</AssgnmntListEntry>
<AssgnmntListEntry Length="2" RootTermCovItemId="C2">
<MapEntry BoolAssgnmnt="00" Value="120"/>
<MapEntry BoolAssgnmnt="01" Value="1"/>
</AssgnmntListEntry>
</AssgnmntPrefix>
<AssgnmntPrefix RootTermCovItemPrefix="pickr.games.Briscola.java">
<AssgnmntListEntry Length="3" RootTermCovItemId="C1">
<MapEntry BoolAssgnmnt="022" Value="2"/>
<MapEntry BoolAssgnmnt="102" Value="2"/>
</AssgnmntListEntry>
<AssgnmntListEntry Length="3" RootTermCovItemId="C2">
<MapEntry BoolAssgnmnt="022" Value="2"/>
<MapEntry BoolAssgnmnt="111" Value="2"/>
</AssgnmntListEntry>
<AssgnmntListEntry Length="3" RootTermCovItemId="C3">
<MapEntry BoolAssgnmnt="002" Value="4"/>
</AssgnmntListEntry>
</AssgnmntPrefix>
<AssgnmntPrefix RootTermCovItemPrefix="pickr.games.Game.java">
<AssgnmntListEntry Length="1" RootTermCovItemId="C1">
<MapEntry BoolAssgnmnt="1" Value="4"/>
</AssgnmntListEntry>
<AssgnmntListEntry Length="1" RootTermCovItemId="C2">
<MapEntry BoolAssgnmnt="0" Value="3"/>
<MapEntry BoolAssgnmnt="1" Value="1"/>
</AssgnmntListEntry>
</AssgnmntPrefix>
</AssgnmntList>
<ObjMetaDataList/>
<MetaDataList/>
</TestCase>
<TestCase Comment="" Date="1598619558593" Name="randoop.RandoopTest0:test23">
<CovList>
<CovPrefix CovItemPrefix="pickr.classes.Deck.java">
<Cov CovItemId="B1" Value="16"/>
<Cov CovItemId="B3" Value="16"/>
<Cov CovItemId="B4" Value="1"/>
<Cov CovItemId="S1" Value="6"/>
<Cov CovItemId="S10" Value="17"/>
<Cov CovItemId="S11" Value="16"/>
<Cov CovItemId="S12" Value="16"/>
<Cov CovItemId="S13" Value="48"/>
<Cov CovItemId="S14" Value="16"/>
<Cov CovItemId="S15" Value="1"/>
<Cov CovItemId="S2" Value="23"/>
<Cov CovItemId="S3" Value="5"/>
<Cov CovItemId="S4" Value="50"/>
<Cov CovItemId="S5" Value="200"/>
<Cov CovItemId="S6" Value="4"/>
<Cov CovItemId="S7" Value="16"/>
<Cov CovItemId="S8" Value="16"/>
</CovPrefix>
<CovPrefix CovItemPrefix="pickr.classes.GamingCard.java">
<Cov CovItemId="B1" Value="160"/>
<Cov CovItemId="B2" Value="40"/>
<Cov CovItemId="B4" Value="200"/>
<Cov CovItemId="S1" Value="200"/>
<Cov CovItemId="S10" Value="200"/>
<Cov CovItemId="S12" Value="200"/>
<Cov CovItemId="S13" Value="72"/>
<Cov CovItemId="S2" Value="200"/>
<Cov CovItemId="S3" Value="200"/>
<Cov CovItemId="S4" Value="25"/>
<Cov CovItemId="S6" Value="112"/>
<Cov CovItemId="S7" Value="200"/>
<Cov CovItemId="S8" Value="160"/>
<Cov CovItemId="S9" Value="40"/>
</CovPrefix>
<CovPrefix CovItemPrefix="pickr.classes.Player.java">
<Cov CovItemId="S1" Value="16"/>
<Cov CovItemId="S12" Value="20"/>
<Cov CovItemId="S13" Value="16"/>
<Cov CovItemId="S14" Value="16"/>
<Cov CovItemId="S2" Value="16"/>
<Cov CovItemId="S3" Value="16"/>
<Cov CovItemId="S4" Value="16"/>
<Cov CovItemId="S5" Value="32"/>
<Cov CovItemId="S6" Value="16"/>
<Cov CovItemId="S7" Value="16"/>
<Cov CovItemId="S9" Value="4"/>
</CovPrefix>
<CovPrefix CovItemPrefix="pickr.games.Briscola.java">
<Cov CovItemId="B2" Value="16"/>
<Cov CovItemId="B3" Value="1"/>
<Cov CovItemId="B4" Value="15"/>
<Cov CovItemId="B5" Value="1"/>
<Cov CovItemId="B6" Value="15"/>
<Cov CovItemId="S1" Value="4"/>
<Cov CovItemId="S10" Value="4"/>
<Cov CovItemId="S11" Value="16"/>
<Cov CovItemId="S14" Value="16"/>
<Cov CovItemId="S15" Value="1"/>
<Cov CovItemId="S16" Value="1"/>
<Cov CovItemId="S17" Value="16"/>
<Cov CovItemId="S18" Value="1"/>
<Cov CovItemId="S19" Value="1"/>
<Cov CovItemId="S2" Value="4"/>
<Cov CovItemId="S20" Value="4"/>
<Cov CovItemId="S21" Value="4"/>
<Cov CovItemId="S22" Value="4"/>
<Cov CovItemId="S23" Value="16"/>
<Cov CovItemId="S24" Value="4"/>
<Cov CovItemId="S25" Value="4"/>
<Cov CovItemId="S26" Value="4"/>
<Cov CovItemId="S27" Value="4"/>
<Cov CovItemId="S28" Value="16"/>
<Cov CovItemId="S3" Value="4"/>
<Cov CovItemId="S4" Value="16"/>
<Cov CovItemId="S5" Value="4"/>
<Cov CovItemId="S6" Value="4"/>
<Cov CovItemId="S7" Value="4"/>
<Cov CovItemId="S8" Value="4"/>
<Cov CovItemId="S9" Value="4"/>
</CovPrefix>
<CovPrefix CovItemPrefix="pickr.games.Game.java">
<Cov CovItemId="B1" Value="16"/>
<Cov CovItemId="B3" Value="4"/>
<Cov CovItemId="B4" Value="12"/>
<Cov CovItemId="S1" Value="4"/>
<Cov CovItemId="S10" Value="16"/>
<Cov CovItemId="S11" Value="16"/>
<Cov CovItemId="S12" Value="16"/>
<Cov CovItemId="S14" Value="4"/>
<Cov CovItemId="S15" Value="4"/>
<Cov CovItemId="S16" Value="16"/>
<Cov CovItemId="S17" Value="4"/>
<Cov CovItemId="S18" Value="16"/>
<Cov CovItemId="S19" Value="4"/>
<Cov CovItemId="S2" Value="4"/>
<Cov CovItemId="S20" Value="4"/>
<Cov CovItemId="S21" Value="16"/>
<Cov CovItemId="S22" Value="4"/>
<Cov CovItemId="S23" Value="16"/>
<Cov CovItemId="S24" Value="4"/>
<Cov CovItemId="S25" Value="4"/>
<Cov CovItemId="S26" Value="4"/>
<Cov CovItemId="S27" Value="4"/>
<Cov CovItemId="S28" Value="4"/>
<Cov CovItemId="S3" Value="4"/>
<Cov CovItemId="S4" Value="4"/>
<Cov CovItemId="S5" Value="4"/>
<Cov CovItemId="S6" Value="4"/>
<Cov CovItemId="S7" Value="12"/>
<Cov CovItemId="S8" Value="4"/>
<Cov CovItemId="S9" Value="12"/>
</CovPrefix>
</CovList>
<AssgnmntList>
<AssgnmntPrefix RootTermCovItemPrefix="pickr.classes.Deck.java">
<AssgnmntListEntry Length="1" RootTermCovItemId="C1">
<MapEntry BoolAssgnmnt="0" Value="5"/>
<MapEntry BoolAssgnmnt="1" Value="50"/>
</AssgnmntListEntry>
<AssgnmntListEntry Length="1" RootTermCovItemId="C2">
<MapEntry BoolAssgnmnt="0" Value="16"/>
</AssgnmntListEntry>
<AssgnmntListEntry Length="1" RootTermCovItemId="C3">
<MapEntry BoolAssgnmnt="0" Value="1"/>
<MapEntry BoolAssgnmnt="1" Value="16"/>
</AssgnmntListEntry>
<AssgnmntListEntry Length="1" RootTermCovItemId="C4">
<MapEntry BoolAssgnmnt="0" Value="16"/>
<MapEntry BoolAssgnmnt="1" Value="48"/>
</AssgnmntListEntry>
</AssgnmntPrefix>
<AssgnmntPrefix RootTermCovItemPrefix="pickr.classes.GamingCard.java">
<AssgnmntListEntry Length="2" RootTermCovItemId="C1">
<MapEntry BoolAssgnmnt="02" Value="20"/>
<MapEntry BoolAssgnmnt="10" Value="20"/>
<MapEntry BoolAssgnmnt="11" Value="160"/>
</AssgnmntListEntry>
<AssgnmntListEntry Length="2" RootTermCovItemId="C2">
<MapEntry BoolAssgnmnt="00" Value="200"/>
</AssgnmntListEntry>
</AssgnmntPrefix>
<AssgnmntPrefix RootTermCovItemPrefix="pickr.games.Briscola.java">
<AssgnmntListEntry Length="3" RootTermCovItemId="C1">
<MapEntry BoolAssgnmnt="022" Value="15"/>
<MapEntry BoolAssgnmnt="102" Value="1"/>
</AssgnmntListEntry>
<AssgnmntListEntry Length="3" RootTermCovItemId="C2">
<MapEntry BoolAssgnmnt="022" Value="15"/>
<MapEntry BoolAssgnmnt="111" Value="1"/>
</AssgnmntListEntry>
<AssgnmntListEntry Length="3" RootTermCovItemId="C3">
<MapEntry BoolAssgnmnt="002" Value="14"/>
<MapEntry BoolAssgnmnt="010" Value="1"/>
<MapEntry BoolAssgnmnt="011" Value="1"/>
</AssgnmntListEntry>
</AssgnmntPrefix>
<AssgnmntPrefix RootTermCovItemPrefix="pickr.games.Game.java">
<AssgnmntListEntry Length="1" RootTermCovItemId="C1">
<MapEntry BoolAssgnmnt="1" Value="16"/>
</AssgnmntListEntry>
<AssgnmntListEntry Length="1" RootTermCovItemId="C2">
<MapEntry BoolAssgnmnt="0" Value="12"/>
<MapEntry BoolAssgnmnt="1" Value="4"/>
</AssgnmntListEntry>
</AssgnmntPrefix>
</AssgnmntList>
<ObjMetaDataList/>
<MetaDataList/>
</TestCase>
<TestCase Comment="" Date="1598619558593" Name="randoop.RandoopTest0:test24">
<CovList>
<CovPrefix CovItemPrefix="pickr.classes.Deck.java">
<Cov CovItemId="B1" Value="8"/>
<Cov CovItemId="B3" Value="8"/>
<Cov CovItemId="B4" Value="1"/>
<Cov CovItemId="S1" Value="4"/>
<Cov CovItemId="S10" Value="9"/>
<Cov CovItemId="S11" Value="8"/>
<Cov CovItemId="S12" Value="8"/>
<Cov CovItemId="S13" Value="24"/>
<Cov CovItemId="S14" Value="8"/>
<Cov CovItemId="S15" Value="1"/>
<Cov CovItemId="S2" Value="13"/>
<Cov CovItemId="S3" Value="3"/>
<Cov CovItemId="S4" Value="30"/>
<Cov CovItemId="S5" Value="120"/>
<Cov CovItemId="S6" Value="2"/>
<Cov CovItemId="S7" Value="8"/>
<Cov CovItemId="S8" Value="8"/>
</CovPrefix>
<CovPrefix CovItemPrefix="pickr.classes.GamingCard.java">
<Cov CovItemId="B1" Value="96"/>
<Cov CovItemId="B2" Value="24"/>
<Cov CovItemId="B4" Value="120"/>
<Cov CovItemId="S1" Value="120"/>
<Cov CovItemId="S10" Value="120"/>
<Cov CovItemId="S12" Value="120"/>
<Cov CovItemId="S13" Value="42"/>
<Cov CovItemId="S2" Value="120"/>
<Cov CovItemId="S3" Value="120"/>
<Cov CovItemId="S4" Value="18"/>
<Cov CovItemId="S6" Value="56"/>
<Cov CovItemId="S7" Value="120"/>
<Cov CovItemId="S8" Value="96"/>
<Cov CovItemId="S9" Value="24"/>
</CovPrefix>
<CovPrefix CovItemPrefix="pickr.classes.Player.java">
<Cov CovItemId="S1" Value="8"/>
<Cov CovItemId="S12" Value="10"/>
<Cov CovItemId="S13" Value="8"/>
<Cov CovItemId="S14" Value="8"/>
<Cov CovItemId="S2" Value="8"/>
<Cov CovItemId="S3" Value="8"/>
<Cov CovItemId="S4" Value="8"/>
<Cov CovItemId="S5" Value="16"/>
<Cov CovItemId="S6" Value="8"/>
<Cov CovItemId="S7" Value="8"/>
<Cov CovItemId="S9" Value="2"/>
</CovPrefix>
<CovPrefix CovItemPrefix="pickr.games.Briscola.java">
<Cov CovItemId="B2" Value="8"/>
<Cov CovItemId="B3" Value="2"/>
<Cov CovItemId="B4" Value="6"/>
<Cov CovItemId="B5" Value="2"/>
<Cov CovItemId="B6" Value="6"/>
<Cov CovItemId="S1" Value="2"/>
<Cov CovItemId="S10" Value="2"/>
<Cov CovItemId="S11" Value="8"/>
<Cov CovItemId="S14" Value="8"/>
<Cov CovItemId="S15" Value="2"/>
<Cov CovItemId="S16" Value="2"/>
<Cov CovItemId="S17" Value="8"/>
<Cov CovItemId="S18" Value="2"/>
<Cov CovItemId="S19" Value="2"/>
<Cov CovItemId="S2" Value="2"/>
<Cov CovItemId="S20" Value="2"/>
<Cov CovItemId="S21" Value="2"/>
<Cov CovItemId="S22" Value="2"/>
<Cov CovItemId="S23" Value="8"/>
<Cov CovItemId="S24" Value="2"/>
<Cov CovItemId="S25" Value="2"/>
<Cov CovItemId="S26" Value="2"/>
<Cov CovItemId="S27" Value="2"/>
<Cov CovItemId="S28" Value="8"/>
<Cov CovItemId="S3" Value="2"/>
<Cov CovItemId="S4" Value="8"/>
<Cov CovItemId="S5" Value="2"/>
<Cov CovItemId="S6" Value="2"/>
<Cov CovItemId="S7" Value="2"/>
<Cov CovItemId="S8" Value="2"/>
<Cov CovItemId="S9" Value="2"/>
</CovPrefix>
<CovPrefix CovItemPrefix="pickr.games.Game.java">
<Cov CovItemId="B1" Value="8"/>
<Cov CovItemId="B3" Value="2"/>
<Cov CovItemId="B4" Value="6"/>
<Cov CovItemId="S1" Value="2"/>
<Cov CovItemId="S10" Value="8"/>
<Cov CovItemId="S11" Value="8"/>
<Cov CovItemId="S12" Value="8"/>
<Cov CovItemId="S14" Value="2"/>
<Cov CovItemId="S15" Value="2"/>
<Cov CovItemId="S16" Value="8"/>
<Cov CovItemId="S17" Value="2"/>
<Cov CovItemId="S18" Value="8"/>
<Cov CovItemId="S19" Value="2"/>
<Cov CovItemId="S2" Value="2"/>
<Cov CovItemId="S20" Value="2"/>
<Cov CovItemId="S21" Value="8"/>
<Cov CovItemId="S22" Value="2"/>
<Cov CovItemId="S23" Value="8"/>
<Cov CovItemId="S24" Value="2"/>
<Cov CovItemId="S25" Value="2"/>
<Cov CovItemId="S26" Value="2"/>
<Cov CovItemId="S27" Value="2"/>
<Cov CovItemId="S28" Value="2"/>
<Cov CovItemId="S3" Value="2"/>
<Cov CovItemId="S4" Value="2"/>
<Cov CovItemId="S5" Value="2"/>
<Cov CovItemId="S6" Value="2"/>
<Cov CovItemId="S7" Value="6"/>
<Cov CovItemId="S8" Value="2"/>
<Cov CovItemId="S9" Value="6"/>
</CovPrefix>
</CovList>
<AssgnmntList>
<AssgnmntPrefix RootTermCovItemPrefix="pickr.classes.Deck.java">
<AssgnmntListEntry Length="1" RootTermCovItemId="C1">
<MapEntry BoolAssgnmnt="0" Value="3"/>
<MapEntry BoolAssgnmnt="1" Value="30"/>
</AssgnmntListEntry>
<AssgnmntListEntry Length="1" RootTermCovItemId="C2">
<MapEntry BoolAssgnmnt="0" Value="8"/>
</AssgnmntListEntry>
<AssgnmntListEntry Length="1" RootTermCovItemId="C3">
<MapEntry BoolAssgnmnt="0" Value="1"/>
<MapEntry BoolAssgnmnt="1" Value="8"/>
</AssgnmntListEntry>
<AssgnmntListEntry Length="1" RootTermCovItemId="C4">
<MapEntry BoolAssgnmnt="0" Value="8"/>
<MapEntry BoolAssgnmnt="1" Value="24"/>
</AssgnmntListEntry>
</AssgnmntPrefix>
<AssgnmntPrefix RootTermCovItemPrefix="pickr.classes.GamingCard.java">
<AssgnmntListEntry Length="2" RootTermCovItemId="C1">
<MapEntry BoolAssgnmnt="02" Value="12"/>
<MapEntry BoolAssgnmnt="10" Value="12"/>
<MapEntry BoolAssgnmnt="11" Value="96"/>
</AssgnmntListEntry>
<AssgnmntListEntry Length="2" RootTermCovItemId="C2">
<MapEntry BoolAssgnmnt="00" Value="120"/>
</AssgnmntListEntry>
</AssgnmntPrefix>
<AssgnmntPrefix RootTermCovItemPrefix="pickr.games.Briscola.java">
<AssgnmntListEntry Length="3" RootTermCovItemId="C1">
<MapEntry BoolAssgnmnt="022" Value="6"/>
<MapEntry BoolAssgnmnt="102" Value="2"/>
</AssgnmntListEntry>
<AssgnmntListEntry Length="3" RootTermCovItemId="C2">
<MapEntry BoolAssgnmnt="022" Value="6"/>
<MapEntry BoolAssgnmnt="111" Value="2"/>
</AssgnmntListEntry>
<AssgnmntListEntry Length="3" RootTermCovItemId="C3">
<MapEntry BoolAssgnmnt="002" Value="6"/>
<MapEntry BoolAssgnmnt="011" Value="2"/>
</AssgnmntListEntry>
</AssgnmntPrefix>
<AssgnmntPrefix RootTermCovItemPrefix="pickr.games.Game.java">
<AssgnmntListEntry Length="1" RootTermCovItemId="C1">
<MapEntry BoolAssgnmnt="1" Value="8"/>
</AssgnmntListEntry>
<AssgnmntListEntry Length="1" RootTermCovItemId="C2">
<MapEntry BoolAssgnmnt="0" Value="6"/>
<MapEntry BoolAssgnmnt="1" Value="2"/>
</AssgnmntListEntry>
</AssgnmntPrefix>
</AssgnmntList>
<ObjMetaDataList/>
<MetaDataList/>
</TestCase>
<TestCase Comment="" Date="1598619558594" Name="randoop.RandoopTest0:test25">
<CovList>
<CovPrefix CovItemPrefix="pickr.classes.Deck.java">
<Cov CovItemId="B1" Value="36"/>
<Cov CovItemId="B2" Value="1"/>
<Cov CovItemId="B3" Value="12"/>
<Cov CovItemId="S1" Value="5"/>
<Cov CovItemId="S10" Value="12"/>
<Cov CovItemId="S11" Value="12"/>
<Cov CovItemId="S12" Value="12"/>
<Cov CovItemId="S13" Value="36"/>
<Cov CovItemId="S14" Value="12"/>
<Cov CovItemId="S2" Value="19"/>
<Cov CovItemId="S3" Value="5"/>
<Cov CovItemId="S4" Value="50"/>
<Cov CovItemId="S5" Value="200"/>
<Cov CovItemId="S6" Value="3"/>
<Cov CovItemId="S7" Value="37"/>
<Cov CovItemId="S8" Value="36"/>
<Cov CovItemId="S9" Value="1"/>
</CovPrefix>
<CovPrefix CovItemPrefix="pickr.classes.GamingCard.java">
<Cov CovItemId="B1" Value="160"/>
<Cov CovItemId="B2" Value="40"/>
<Cov CovItemId="B4" Value="200"/>
<Cov CovItemId="S1" Value="200"/>
<Cov CovItemId="S10" Value="200"/>
<Cov CovItemId="S12" Value="200"/>
<Cov CovItemId="S13" Value="86"/>
<Cov CovItemId="S2" Value="200"/>
<Cov CovItemId="S3" Value="200"/>
<Cov CovItemId="S4" Value="64"/>
<Cov CovItemId="S6" Value="280"/>
<Cov CovItemId="S7" Value="200"/>
<Cov CovItemId="S8" Value="160"/>
<Cov CovItemId="S9" Value="40"/>
</CovPrefix>
<CovPrefix CovItemPrefix="pickr.classes.Player.java">
<Cov CovItemId="S1" Value="12"/>
<Cov CovItemId="S12" Value="18"/>
<Cov CovItemId="S13" Value="40"/>
<Cov CovItemId="S14" Value="36"/>
<Cov CovItemId="S2" Value="12"/>
<Cov CovItemId="S3" Value="12"/>
<Cov CovItemId="S4" Value="12"/>
<Cov CovItemId="S5" Value="48"/>
<Cov CovItemId="S6" Value="12"/>
<Cov CovItemId="S7" Value="40"/>
<Cov CovItemId="S9" Value="10"/>
</CovPrefix>
<CovPrefix CovItemPrefix="pickr.games.Briscola.java">
<Cov CovItemId="B1" Value="1"/>
<Cov CovItemId="B2" Value="39"/>
<Cov CovItemId="B3" Value="2"/>
<Cov CovItemId="B4" Value="38"/>
<Cov CovItemId="B5" Value="3"/>
<Cov CovItemId="B6" Value="37"/>
<Cov CovItemId="S1" Value="3"/>
<Cov CovItemId="S10" Value="10"/>
<Cov CovItemId="S11" Value="40"/>
<Cov CovItemId="S12" Value="1"/>
<Cov CovItemId="S13" Value="1"/>
<Cov CovItemId="S14" Value="40"/>
<Cov CovItemId="S15" Value="2"/>
<Cov CovItemId="S16" Value="2"/>
<Cov CovItemId="S17" Value="40"/>
<Cov CovItemId="S18" Value="3"/>
<Cov CovItemId="S19" Value="3"/>
<Cov CovItemId="S2" Value="3"/>
<Cov CovItemId="S20" Value="10"/>
<Cov CovItemId="S21" Value="10"/>
<Cov CovItemId="S22" Value="10"/>
<Cov CovItemId="S23" Value="40"/>
<Cov CovItemId="S24" Value="10"/>
<Cov CovItemId="S25" Value="10"/>
<Cov CovItemId="S26" Value="10"/>
<Cov CovItemId="S27" Value="10"/>
<Cov CovItemId="S28" Value="37"/>
<Cov CovItemId="S3" Value="3"/>
<Cov CovItemId="S4" Value="12"/>
<Cov CovItemId="S5" Value="3"/>
<Cov CovItemId="S6" Value="3"/>
<Cov CovItemId="S7" Value="3"/>
<Cov CovItemId="S8" Value="3"/>
<Cov CovItemId="S9" Value="10"/>
</CovPrefix>
<CovPrefix CovItemPrefix="pickr.games.Game.java">
<Cov CovItemId="B1" Value="12"/>
<Cov CovItemId="B3" Value="10"/>
<Cov CovItemId="B4" Value="30"/>
<Cov CovItemId="S1" Value="3"/>
<Cov CovItemId="S10" Value="17"/>
<Cov CovItemId="S11" Value="12"/>
<Cov CovItemId="S12" Value="12"/>
<Cov CovItemId="S14" Value="10"/>
<Cov CovItemId="S15" Value="10"/>
<Cov CovItemId="S16" Value="40"/>
<Cov CovItemId="S17" Value="10"/>
<Cov CovItemId="S18" Value="40"/>
<Cov CovItemId="S19" Value="10"/>
<Cov CovItemId="S2" Value="3"/>
<Cov CovItemId="S20" Value="10"/>
<Cov CovItemId="S21" Value="40"/>
<Cov CovItemId="S22" Value="10"/>
<Cov CovItemId="S23" Value="40"/>
<Cov CovItemId="S24" Value="10"/>
<Cov CovItemId="S25" Value="10"/>
<Cov CovItemId="S26" Value="10"/>
<Cov CovItemId="S27" Value="10"/>
<Cov CovItemId="S28" Value="10"/>
<Cov CovItemId="S3" Value="3"/>
<Cov CovItemId="S4" Value="3"/>
<Cov CovItemId="S5" Value="3"/>
<Cov CovItemId="S6" Value="3"/>
<Cov CovItemId="S7" Value="7"/>
<Cov CovItemId="S8" Value="2"/>
<Cov CovItemId="S9" Value="30"/>
</CovPrefix>
</CovList>
<AssgnmntList>
<AssgnmntPrefix RootTermCovItemPrefix="pickr.classes.Deck.java">
<AssgnmntListEntry Length="1" RootTermCovItemId="C1">
<MapEntry BoolAssgnmnt="0" Value="5"/>
<MapEntry BoolAssgnmnt="1" Value="50"/>
</AssgnmntListEntry>
<AssgnmntListEntry Length="1" RootTermCovItemId="C2">
<MapEntry BoolAssgnmnt="0" Value="36"/>
<MapEntry BoolAssgnmnt="1" Value="1"/>
</AssgnmntListEntry>
<AssgnmntListEntry Length="1" RootTermCovItemId="C3">
<MapEntry BoolAssgnmnt="1" Value="12"/>
</AssgnmntListEntry>
<AssgnmntListEntry Length="1" RootTermCovItemId="C4">
<MapEntry BoolAssgnmnt="0" Value="12"/>
<MapEntry BoolAssgnmnt="1" Value="36"/>
</AssgnmntListEntry>
</AssgnmntPrefix>
<AssgnmntPrefix RootTermCovItemPrefix="pickr.classes.GamingCard.java">
<AssgnmntListEntry Length="2" RootTermCovItemId="C1">
<MapEntry BoolAssgnmnt="02" Value="20"/>
<MapEntry BoolAssgnmnt="10" Value="20"/>
<MapEntry BoolAssgnmnt="11" Value="160"/>
</AssgnmntListEntry>
<AssgnmntListEntry Length="2" RootTermCovItemId="C2">
<MapEntry BoolAssgnmnt="00" Value="200"/>
</AssgnmntListEntry>
</AssgnmntPrefix>
<AssgnmntPrefix RootTermCovItemPrefix="pickr.games.Briscola.java">
<AssgnmntListEntry Length="3" RootTermCovItemId="C1">
<MapEntry BoolAssgnmnt="022" Value="35"/>
<MapEntry BoolAssgnmnt="102" Value="2"/>
<MapEntry BoolAssgnmnt="110" Value="2"/>
<MapEntry BoolAssgnmnt="111" Value="1"/>
</AssgnmntListEntry>
<AssgnmntListEntry Length="3" RootTermCovItemId="C2">
<MapEntry BoolAssgnmnt="022" Value="36"/>
<MapEntry BoolAssgnmnt="102" Value="2"/>
<MapEntry BoolAssgnmnt="111" Value="2"/>
</AssgnmntListEntry>
<AssgnmntListEntry Length="3" RootTermCovItemId="C3">
<MapEntry BoolAssgnmnt="122" Value="2"/>
<MapEntry BoolAssgnmnt="002" Value="29"/>
<MapEntry BoolAssgnmnt="010" Value="6"/>
<MapEntry BoolAssgnmnt="011" Value="3"/>
</AssgnmntListEntry>
</AssgnmntPrefix>
<AssgnmntPrefix RootTermCovItemPrefix="pickr.games.Game.java">
<AssgnmntListEntry Length="1" RootTermCovItemId="C1">
<MapEntry BoolAssgnmnt="1" Value="12"/>
</AssgnmntListEntry>
<AssgnmntListEntry Length="1" RootTermCovItemId="C2">
<MapEntry BoolAssgnmnt="0" Value="30"/>
<MapEntry BoolAssgnmnt="1" Value="10"/>
</AssgnmntListEntry>
</AssgnmntPrefix>
</AssgnmntList>
<ObjMetaDataList/>
<MetaDataList/>
</TestCase>
<TestCase Comment="" Date="1598619558595" Name="randoop.RandoopTest0:test26">
<CovList>
<CovPrefix CovItemPrefix="pickr.classes.Deck.java">
<Cov CovItemId="B1" Value="36"/>
<Cov CovItemId="B2" Value="1"/>
<Cov CovItemId="B3" Value="12"/>
<Cov CovItemId="S1" Value="4"/>
<Cov CovItemId="S10" Value="12"/>
<Cov CovItemId="S11" Value="12"/>
<Cov CovItemId="S12" Value="12"/>
<Cov CovItemId="S13" Value="36"/>
<Cov CovItemId="S14" Value="12"/>
<Cov CovItemId="S2" Value="16"/>
<Cov CovItemId="S3" Value="4"/>
<Cov CovItemId="S4" Value="40"/>
<Cov CovItemId="S5" Value="160"/>
<Cov CovItemId="S6" Value="3"/>
<Cov CovItemId="S7" Value="37"/>
<Cov CovItemId="S8" Value="36"/>
<Cov CovItemId="S9" Value="1"/>
</CovPrefix>
<CovPrefix CovItemPrefix="pickr.classes.GamingCard.java">
<Cov CovItemId="B1" Value="128"/>
<Cov CovItemId="B2" Value="32"/>
<Cov CovItemId="B4" Value="160"/>
<Cov CovItemId="S1" Value="160"/>
<Cov CovItemId="S10" Value="160"/>
<Cov CovItemId="S12" Value="160"/>
<Cov CovItemId="S13" Value="92"/>
<Cov CovItemId="S2" Value="160"/>
<Cov CovItemId="S3" Value="160"/>
<Cov CovItemId="S4" Value="78"/>
<Cov CovItemId="S6" Value="280"/>
<Cov CovItemId="S7" Value="160"/>
<Cov CovItemId="S8" Value="128"/>
<Cov CovItemId="S9" Value="32"/>
</CovPrefix>
<CovPrefix CovItemPrefix="pickr.classes.Player.java">
<Cov CovItemId="S1" Value="12"/>
<Cov CovItemId="S12" Value="18"/>
<Cov CovItemId="S13" Value="40"/>
<Cov CovItemId="S14" Value="36"/>
<Cov CovItemId="S2" Value="12"/>
<Cov CovItemId="S3" Value="12"/>
<Cov CovItemId="S4" Value="12"/>
<Cov CovItemId="S5" Value="48"/>
<Cov CovItemId="S6" Value="12"/>
<Cov CovItemId="S7" Value="40"/>
<Cov CovItemId="S9" Value="10"/>
</CovPrefix>
<CovPrefix CovItemPrefix="pickr.games.Briscola.java">
<Cov CovItemId="B1" Value="1"/>
<Cov CovItemId="B2" Value="39"/>
<Cov CovItemId="B3" Value="4"/>
<Cov CovItemId="B4" Value="36"/>
<Cov CovItemId="B5" Value="4"/>
<Cov CovItemId="B6" Value="36"/>
<Cov CovItemId="S1" Value="3"/>
<Cov CovItemId="S10" Value="10"/>
<Cov CovItemId="S11" Value="40"/>
<Cov CovItemId="S12" Value="1"/>
<Cov CovItemId="S13" Value="1"/>
<Cov CovItemId="S14" Value="40"/>
<Cov CovItemId="S15" Value="4"/>
<Cov CovItemId="S16" Value="4"/>
<Cov CovItemId="S17" Value="40"/>
<Cov CovItemId="S18" Value="4"/>
<Cov CovItemId="S19" Value="4"/>
<Cov CovItemId="S2" Value="3"/>
<Cov CovItemId="S20" Value="10"/>
<Cov CovItemId="S21" Value="10"/>
<Cov CovItemId="S22" Value="10"/>
<Cov CovItemId="S23" Value="40"/>
<Cov CovItemId="S24" Value="10"/>
<Cov CovItemId="S25" Value="10"/>
<Cov CovItemId="S26" Value="10"/>
<Cov CovItemId="S27" Value="10"/>
<Cov CovItemId="S28" Value="37"/>
<Cov CovItemId="S3" Value="3"/>
<Cov CovItemId="S4" Value="12"/>
<Cov CovItemId="S5" Value="3"/>
<Cov CovItemId="S6" Value="3"/>
<Cov CovItemId="S7" Value="3"/>
<Cov CovItemId="S8" Value="3"/>
<Cov CovItemId="S9" Value="10"/>
</CovPrefix>
<CovPrefix CovItemPrefix="pickr.games.Game.java">
<Cov CovItemId="B1" Value="12"/>
<Cov CovItemId="B3" Value="10"/>
<Cov CovItemId="B4" Value="30"/>
<Cov CovItemId="S1" Value="3"/>
<Cov CovItemId="S10" Value="17"/>
<Cov CovItemId="S11" Value="12"/>
<Cov CovItemId="S12" Value="12"/>
<Cov CovItemId="S14" Value="10"/>
<Cov CovItemId="S15" Value="10"/>
<Cov CovItemId="S16" Value="40"/>
<Cov CovItemId="S17" Value="10"/>
<Cov CovItemId="S18" Value="40"/>
<Cov CovItemId="S19" Value="10"/>
<Cov CovItemId="S2" Value="3"/>
<Cov CovItemId="S20" Value="10"/>
<Cov CovItemId="S21" Value="40"/>
<Cov CovItemId="S22" Value="10"/>
<Cov CovItemId="S23" Value="40"/>
<Cov CovItemId="S24" Value="10"/>
<Cov CovItemId="S25" Value="10"/>
<Cov CovItemId="S26" Value="10"/>
<Cov CovItemId="S27" Value="10"/>
<Cov CovItemId="S28" Value="10"/>
<Cov CovItemId="S3" Value="3"/>
<Cov CovItemId="S4" Value="3"/>
<Cov CovItemId="S5" Value="3"/>
<Cov CovItemId="S6" Value="3"/>
<Cov CovItemId="S7" Value="7"/>
<Cov CovItemId="S8" Value="2"/>
<Cov CovItemId="S9" Value="30"/>
</CovPrefix>
</CovList>
<AssgnmntList>
<AssgnmntPrefix RootTermCovItemPrefix="pickr.classes.Deck.java">
<AssgnmntListEntry Length="1" RootTermCovItemId="C1">
<MapEntry BoolAssgnmnt="0" Value="4"/>
<MapEntry BoolAssgnmnt="1" Value="40"/>
</AssgnmntListEntry>
<AssgnmntListEntry Length="1" RootTermCovItemId="C2">
<MapEntry BoolAssgnmnt="0" Value="36"/>
<MapEntry BoolAssgnmnt="1" Value="1"/>
</AssgnmntListEntry>
<AssgnmntListEntry Length="1" RootTermCovItemId="C3">
<MapEntry BoolAssgnmnt="1" Value="12"/>
</AssgnmntListEntry>
<AssgnmntListEntry Length="1" RootTermCovItemId="C4">
<MapEntry BoolAssgnmnt="0" Value="12"/>
<MapEntry BoolAssgnmnt="1" Value="36"/>
</AssgnmntListEntry>
</AssgnmntPrefix>
<AssgnmntPrefix RootTermCovItemPrefix="pickr.classes.GamingCard.java">
<AssgnmntListEntry Length="2" RootTermCovItemId="C1">
<MapEntry BoolAssgnmnt="02" Value="16"/>
<MapEntry BoolAssgnmnt="10" Value="16"/>
<MapEntry BoolAssgnmnt="11" Value="128"/>
</AssgnmntListEntry>
<AssgnmntListEntry Length="2" RootTermCovItemId="C2">
<MapEntry BoolAssgnmnt="00" Value="160"/>
</AssgnmntListEntry>
</AssgnmntPrefix>
<AssgnmntPrefix RootTermCovItemPrefix="pickr.games.Briscola.java">
<AssgnmntListEntry Length="3" RootTermCovItemId="C1">
<MapEntry BoolAssgnmnt="022" Value="29"/>
<MapEntry BoolAssgnmnt="102" Value="6"/>
<MapEntry BoolAssgnmnt="110" Value="4"/>
<MapEntry BoolAssgnmnt="111" Value="1"/>
</AssgnmntListEntry>
<AssgnmntListEntry Length="3" RootTermCovItemId="C2">
<MapEntry BoolAssgnmnt="022" Value="30"/>
<MapEntry BoolAssgnmnt="102" Value="4"/>
<MapEntry BoolAssgnmnt="110" Value="2"/>
<MapEntry BoolAssgnmnt="111" Value="4"/>
</AssgnmntListEntry>
<AssgnmntListEntry Length="3" RootTermCovItemId="C3">
<MapEntry BoolAssgnmnt="122" Value="6"/>
<MapEntry BoolAssgnmnt="002" Value="25"/>
<MapEntry BoolAssgnmnt="010" Value="5"/>
<MapEntry BoolAssgnmnt="011" Value="4"/>
</AssgnmntListEntry>
</AssgnmntPrefix>
<AssgnmntPrefix RootTermCovItemPrefix="pickr.games.Game.java">
<AssgnmntListEntry Length="1" RootTermCovItemId="C1">
<MapEntry BoolAssgnmnt="1" Value="12"/>
</AssgnmntListEntry>
<AssgnmntListEntry Length="1" RootTermCovItemId="C2">
<MapEntry BoolAssgnmnt="0" Value="30"/>
<MapEntry BoolAssgnmnt="1" Value="10"/>
</AssgnmntListEntry>
</AssgnmntPrefix>
</AssgnmntList>
<ObjMetaDataList/>
<MetaDataList/>
</TestCase>
<TestCase Comment="" Date="1598619558596" Name="randoop.RandoopTest0:test27">
<CovList>
<CovPrefix CovItemPrefix="pickr.classes.Deck.java">
<Cov CovItemId="B1" Value="40"/>
<Cov CovItemId="B2" Value="1"/>
<Cov CovItemId="B3" Value="16"/>
<Cov CovItemId="S1" Value="5"/>
<Cov CovItemId="S10" Value="16"/>
<Cov CovItemId="S11" Value="16"/>
<Cov CovItemId="S12" Value="16"/>
<Cov CovItemId="S13" Value="48"/>
<Cov CovItemId="S14" Value="16"/>
<Cov CovItemId="S2" Value="21"/>
<Cov CovItemId="S3" Value="5"/>
<Cov CovItemId="S4" Value="50"/>
<Cov CovItemId="S5" Value="200"/>
<Cov CovItemId="S6" Value="4"/>
<Cov CovItemId="S7" Value="41"/>
<Cov CovItemId="S8" Value="40"/>
<Cov CovItemId="S9" Value="1"/>
</CovPrefix>
<CovPrefix CovItemPrefix="pickr.classes.GamingCard.java">
<Cov CovItemId="B1" Value="160"/>
<Cov CovItemId="B2" Value="40"/>
<Cov CovItemId="B4" Value="200"/>
<Cov CovItemId="S1" Value="200"/>
<Cov CovItemId="S10" Value="200"/>
<Cov CovItemId="S12" Value="200"/>
<Cov CovItemId="S13" Value="109"/>
<Cov CovItemId="S2" Value="200"/>
<Cov CovItemId="S3" Value="200"/>
<Cov CovItemId="S4" Value="81"/>
<Cov CovItemId="S6" Value="308"/>
<Cov CovItemId="S7" Value="200"/>
<Cov CovItemId="S8" Value="160"/>
<Cov CovItemId="S9" Value="40"/>
</CovPrefix>
<CovPrefix CovItemPrefix="pickr.classes.Player.java">
<Cov CovItemId="S1" Value="16"/>
<Cov CovItemId="S12" Value="23"/>
<Cov CovItemId="S13" Value="44"/>
<Cov CovItemId="S14" Value="40"/>
<Cov CovItemId="S2" Value="16"/>
<Cov CovItemId="S3" Value="16"/>
<Cov CovItemId="S4" Value="16"/>
<Cov CovItemId="S5" Value="56"/>
<Cov CovItemId="S6" Value="16"/>
<Cov CovItemId="S7" Value="44"/>
<Cov CovItemId="S9" Value="11"/>
</CovPrefix>
<CovPrefix CovItemPrefix="pickr.games.Briscola.java">
<Cov CovItemId="B1" Value="1"/>
<Cov CovItemId="B2" Value="43"/>
<Cov CovItemId="B3" Value="5"/>
<Cov CovItemId="B4" Value="39"/>
<Cov CovItemId="B5" Value="3"/>
<Cov CovItemId="B6" Value="41"/>
<Cov CovItemId="S1" Value="4"/>
<Cov CovItemId="S10" Value="11"/>
<Cov CovItemId="S11" Value="44"/>
<Cov CovItemId="S12" Value="1"/>
<Cov CovItemId="S13" Value="1"/>
<Cov CovItemId="S14" Value="44"/>
<Cov CovItemId="S15" Value="5"/>
<Cov CovItemId="S16" Value="5"/>
<Cov CovItemId="S17" Value="44"/>
<Cov CovItemId="S18" Value="3"/>
<Cov CovItemId="S19" Value="3"/>
<Cov CovItemId="S2" Value="4"/>
<Cov CovItemId="S20" Value="11"/>
<Cov CovItemId="S21" Value="11"/>
<Cov CovItemId="S22" Value="11"/>
<Cov CovItemId="S23" Value="44"/>
<Cov CovItemId="S24" Value="11"/>
<Cov CovItemId="S25" Value="11"/>
<Cov CovItemId="S26" Value="11"/>
<Cov CovItemId="S27" Value="11"/>
<Cov CovItemId="S28" Value="41"/>
<Cov CovItemId="S3" Value="4"/>
<Cov CovItemId="S4" Value="16"/>
<Cov CovItemId="S5" Value="4"/>
<Cov CovItemId="S6" Value="4"/>
<Cov CovItemId="S7" Value="4"/>
<Cov CovItemId="S8" Value="4"/>
<Cov CovItemId="S9" Value="11"/>
</CovPrefix>
<CovPrefix CovItemPrefix="pickr.games.Game.java">
<Cov CovItemId="B1" Value="16"/>
<Cov CovItemId="B3" Value="11"/>
<Cov CovItemId="B4" Value="33"/>
<Cov CovItemId="S1" Value="4"/>
<Cov CovItemId="S10" Value="21"/>
<Cov CovItemId="S11" Value="16"/>
<Cov CovItemId="S12" Value="16"/>
<Cov CovItemId="S14" Value="11"/>
<Cov CovItemId="S15" Value="11"/>
<Cov CovItemId="S16" Value="44"/>
<Cov CovItemId="S17" Value="11"/>
<Cov CovItemId="S18" Value="44"/>
<Cov CovItemId="S19" Value="11"/>
<Cov CovItemId="S2" Value="4"/>
<Cov CovItemId="S20" Value="11"/>
<Cov CovItemId="S21" Value="44"/>
<Cov CovItemId="S22" Value="11"/>
<Cov CovItemId="S23" Value="44"/>
<Cov CovItemId="S24" Value="11"/>
<Cov CovItemId="S25" Value="11"/>
<Cov CovItemId="S26" Value="11"/>
<Cov CovItemId="S27" Value="11"/>
<Cov CovItemId="S28" Value="11"/>
<Cov CovItemId="S3" Value="4"/>
<Cov CovItemId="S4" Value="4"/>
<Cov CovItemId="S5" Value="4"/>
<Cov CovItemId="S6" Value="4"/>
<Cov CovItemId="S7" Value="10"/>
<Cov CovItemId="S8" Value="3"/>
<Cov CovItemId="S9" Value="33"/>
</CovPrefix>
</CovList>
<AssgnmntList>
<AssgnmntPrefix RootTermCovItemPrefix="pickr.classes.Deck.java">
<AssgnmntListEntry Length="1" RootTermCovItemId="C1">
<MapEntry BoolAssgnmnt="0" Value="5"/>
<MapEntry BoolAssgnmnt="1" Value="50"/>
</AssgnmntListEntry>
<AssgnmntListEntry Length="1" RootTermCovItemId="C2">
<MapEntry BoolAssgnmnt="0" Value="40"/>
<MapEntry BoolAssgnmnt="1" Value="1"/>
</AssgnmntListEntry>
<AssgnmntListEntry Length="1" RootTermCovItemId="C3">
<MapEntry BoolAssgnmnt="1" Value="16"/>
</AssgnmntListEntry>
<AssgnmntListEntry Length="1" RootTermCovItemId="C4">
<MapEntry BoolAssgnmnt="0" Value="16"/>
<MapEntry BoolAssgnmnt="1" Value="48"/>
</AssgnmntListEntry>
</AssgnmntPrefix>
<AssgnmntPrefix RootTermCovItemPrefix="pickr.classes.GamingCard.java">
<AssgnmntListEntry Length="2" RootTermCovItemId="C1">
<MapEntry BoolAssgnmnt="02" Value="20"/>
<MapEntry BoolAssgnmnt="10" Value="20"/>
<MapEntry BoolAssgnmnt="11" Value="160"/>
</AssgnmntListEntry>
<AssgnmntListEntry Length="2" RootTermCovItemId="C2">
<MapEntry BoolAssgnmnt="00" Value="200"/>
</AssgnmntListEntry>
</AssgnmntPrefix>
<AssgnmntPrefix RootTermCovItemPrefix="pickr.games.Briscola.java">
<AssgnmntListEntry Length="3" RootTermCovItemId="C1">
<MapEntry BoolAssgnmnt="022" Value="34"/>
<MapEntry BoolAssgnmnt="102" Value="7"/>
<MapEntry BoolAssgnmnt="110" Value="2"/>
<MapEntry BoolAssgnmnt="111" Value="1"/>
</AssgnmntListEntry>
<AssgnmntListEntry Length="3" RootTermCovItemId="C2">
<MapEntry BoolAssgnmnt="022" Value="35"/>
<MapEntry BoolAssgnmnt="102" Value="2"/>
<MapEntry BoolAssgnmnt="110" Value="2"/>
<MapEntry BoolAssgnmnt="111" Value="5"/>
</AssgnmntListEntry>
<AssgnmntListEntry Length="3" RootTermCovItemId="C3">
<MapEntry BoolAssgnmnt="122" Value="4"/>
<MapEntry BoolAssgnmnt="002" Value="32"/>
<MapEntry BoolAssgnmnt="010" Value="5"/>
<MapEntry BoolAssgnmnt="011" Value="3"/>
</AssgnmntListEntry>
</AssgnmntPrefix>
<AssgnmntPrefix RootTermCovItemPrefix="pickr.games.Game.java">
<AssgnmntListEntry Length="1" RootTermCovItemId="C1">
<MapEntry BoolAssgnmnt="1" Value="16"/>
</AssgnmntListEntry>
<AssgnmntListEntry Length="1" RootTermCovItemId="C2">
<MapEntry BoolAssgnmnt="0" Value="33"/>
<MapEntry BoolAssgnmnt="1" Value="11"/>
</AssgnmntListEntry>
</AssgnmntPrefix>
</AssgnmntList>
<ObjMetaDataList/>
<MetaDataList/>
</TestCase>
<TestCase Comment="" Date="1598619558597" Name="randoop.RandoopTest0:test28">
<CovList>
<CovPrefix CovItemPrefix="pickr.classes.Deck.java">
<Cov CovItemId="B1" Value="4"/>
<Cov CovItemId="B3" Value="4"/>
<Cov CovItemId="B4" Value="1"/>
<Cov CovItemId="S1" Value="4"/>
<Cov CovItemId="S10" Value="5"/>
<Cov CovItemId="S11" Value="4"/>
<Cov CovItemId="S12" Value="4"/>
<Cov CovItemId="S13" Value="12"/>
<Cov CovItemId="S14" Value="4"/>
<Cov CovItemId="S15" Value="1"/>
<Cov CovItemId="S2" Value="11"/>
<Cov CovItemId="S3" Value="3"/>
<Cov CovItemId="S4" Value="30"/>
<Cov CovItemId="S5" Value="120"/>
<Cov CovItemId="S6" Value="1"/>
<Cov CovItemId="S7" Value="4"/>
<Cov CovItemId="S8" Value="4"/>
</CovPrefix>
<CovPrefix CovItemPrefix="pickr.classes.GamingCard.java">
<Cov CovItemId="B1" Value="96"/>
<Cov CovItemId="B2" Value="24"/>
<Cov CovItemId="B4" Value="120"/>
<Cov CovItemId="S1" Value="120"/>
<Cov CovItemId="S10" Value="120"/>
<Cov CovItemId="S12" Value="120"/>
<Cov CovItemId="S13" Value="19"/>
<Cov CovItemId="S2" Value="120"/>
<Cov CovItemId="S3" Value="120"/>
<Cov CovItemId="S4" Value="10"/>
<Cov CovItemId="S6" Value="28"/>
<Cov CovItemId="S7" Value="120"/>
<Cov CovItemId="S8" Value="96"/>
<Cov CovItemId="S9" Value="24"/>
</CovPrefix>
<CovPrefix CovItemPrefix="pickr.classes.Player.java">
<Cov CovItemId="S1" Value="4"/>
<Cov CovItemId="S12" Value="5"/>
<Cov CovItemId="S13" Value="4"/>
<Cov CovItemId="S14" Value="4"/>
<Cov CovItemId="S2" Value="4"/>
<Cov CovItemId="S3" Value="4"/>
<Cov CovItemId="S4" Value="4"/>
<Cov CovItemId="S5" Value="8"/>
<Cov CovItemId="S6" Value="4"/>
<Cov CovItemId="S7" Value="4"/>
<Cov CovItemId="S9" Value="1"/>
</CovPrefix>
<CovPrefix CovItemPrefix="pickr.games.Briscola.java">
<Cov CovItemId="B2" Value="4"/>
<Cov CovItemId="B3" Value="1"/>
<Cov CovItemId="B4" Value="3"/>
<Cov CovItemId="B6" Value="4"/>
<Cov CovItemId="S1" Value="1"/>
<Cov CovItemId="S10" Value="1"/>
<Cov CovItemId="S11" Value="4"/>
<Cov CovItemId="S14" Value="4"/>
<Cov CovItemId="S15" Value="1"/>
<Cov CovItemId="S16" Value="1"/>
<Cov CovItemId="S17" Value="4"/>
<Cov CovItemId="S2" Value="1"/>
<Cov CovItemId="S20" Value="1"/>
<Cov CovItemId="S21" Value="1"/>
<Cov CovItemId="S22" Value="1"/>
<Cov CovItemId="S23" Value="4"/>
<Cov CovItemId="S24" Value="1"/>
<Cov CovItemId="S25" Value="1"/>
<Cov CovItemId="S26" Value="1"/>
<Cov CovItemId="S27" Value="1"/>
<Cov CovItemId="S28" Value="4"/>
<Cov CovItemId="S3" Value="1"/>
<Cov CovItemId="S4" Value="4"/>
<Cov CovItemId="S5" Value="1"/>
<Cov CovItemId="S6" Value="1"/>
<Cov CovItemId="S7" Value="1"/>
<Cov CovItemId="S8" Value="1"/>
<Cov CovItemId="S9" Value="1"/>
</CovPrefix>
<CovPrefix CovItemPrefix="pickr.games.Game.java">
<Cov CovItemId="B1" Value="4"/>
<Cov CovItemId="B3" Value="1"/>
<Cov CovItemId="B4" Value="3"/>
<Cov CovItemId="S1" Value="1"/>
<Cov CovItemId="S10" Value="4"/>
<Cov CovItemId="S11" Value="4"/>
<Cov CovItemId="S12" Value="4"/>
<Cov CovItemId="S14" Value="1"/>
<Cov CovItemId="S15" Value="1"/>
<Cov CovItemId="S16" Value="4"/>
<Cov CovItemId="S17" Value="1"/>
<Cov CovItemId="S18" Value="4"/>
<Cov CovItemId="S19" Value="1"/>
<Cov CovItemId="S2" Value="1"/>
<Cov CovItemId="S20" Value="1"/>
<Cov CovItemId="S21" Value="4"/>
<Cov CovItemId="S22" Value="1"/>
<Cov CovItemId="S23" Value="4"/>
<Cov CovItemId="S24" Value="1"/>
<Cov CovItemId="S25" Value="1"/>
<Cov CovItemId="S26" Value="1"/>
<Cov CovItemId="S27" Value="1"/>
<Cov CovItemId="S28" Value="1"/>
<Cov CovItemId="S3" Value="1"/>
<Cov CovItemId="S4" Value="1"/>
<Cov CovItemId="S5" Value="1"/>
<Cov CovItemId="S6" Value="1"/>
<Cov CovItemId="S7" Value="3"/>
<Cov CovItemId="S8" Value="1"/>
<Cov CovItemId="S9" Value="3"/>
</CovPrefix>
</CovList>
<AssgnmntList>
<AssgnmntPrefix RootTermCovItemPrefix="pickr.classes.Deck.java">
<AssgnmntListEntry Length="1" RootTermCovItemId="C1">
<MapEntry BoolAssgnmnt="0" Value="3"/>
<MapEntry BoolAssgnmnt="1" Value="30"/>
</AssgnmntListEntry>
<AssgnmntListEntry Length="1" RootTermCovItemId="C2">
<MapEntry BoolAssgnmnt="0" Value="4"/>
</AssgnmntListEntry>
<AssgnmntListEntry Length="1" RootTermCovItemId="C3">
<MapEntry BoolAssgnmnt="0" Value="1"/>
<MapEntry BoolAssgnmnt="1" Value="4"/>
</AssgnmntListEntry>
<AssgnmntListEntry Length="1" RootTermCovItemId="C4">
<MapEntry BoolAssgnmnt="0" Value="4"/>
<MapEntry BoolAssgnmnt="1" Value="12"/>
</AssgnmntListEntry>
</AssgnmntPrefix>
<AssgnmntPrefix RootTermCovItemPrefix="pickr.classes.GamingCard.java">
<AssgnmntListEntry Length="2" RootTermCovItemId="C1">
<MapEntry BoolAssgnmnt="02" Value="12"/>
<MapEntry BoolAssgnmnt="10" Value="12"/>
<MapEntry BoolAssgnmnt="11" Value="96"/>
</AssgnmntListEntry>
<AssgnmntListEntry Length="2" RootTermCovItemId="C2">
<MapEntry BoolAssgnmnt="00" Value="120"/>
</AssgnmntListEntry>
</AssgnmntPrefix>
<AssgnmntPrefix RootTermCovItemPrefix="pickr.games.Briscola.java">
<AssgnmntListEntry Length="3" RootTermCovItemId="C1">
<MapEntry BoolAssgnmnt="022" Value="2"/>
<MapEntry BoolAssgnmnt="102" Value="2"/>
</AssgnmntListEntry>
<AssgnmntListEntry Length="3" RootTermCovItemId="C2">
<MapEntry BoolAssgnmnt="022" Value="2"/>
<MapEntry BoolAssgnmnt="110" Value="1"/>
<MapEntry BoolAssgnmnt="111" Value="1"/>
</AssgnmntListEntry>
<AssgnmntListEntry Length="3" RootTermCovItemId="C3">
<MapEntry BoolAssgnmnt="122" Value="1"/>
<MapEntry BoolAssgnmnt="002" Value="3"/>
</AssgnmntListEntry>
</AssgnmntPrefix>
<AssgnmntPrefix RootTermCovItemPrefix="pickr.games.Game.java">
<AssgnmntListEntry Length="1" RootTermCovItemId="C1">
<MapEntry BoolAssgnmnt="1" Value="4"/>
</AssgnmntListEntry>
<AssgnmntListEntry Length="1" RootTermCovItemId="C2">
<MapEntry BoolAssgnmnt="0" Value="3"/>
<MapEntry BoolAssgnmnt="1" Value="1"/>
</AssgnmntListEntry>
</AssgnmntPrefix>
</AssgnmntList>
<ObjMetaDataList/>
<MetaDataList/>
</TestCase>
<TestCase Comment="" Date="1598619558598" Name="randoop.RandoopTest0:test29">
<CovList>
<CovPrefix CovItemPrefix="pickr.classes.Deck.java">
<Cov CovItemId="B1" Value="8"/>
<Cov CovItemId="B3" Value="8"/>
<Cov CovItemId="S1" Value="3"/>
<Cov CovItemId="S10" Value="8"/>
<Cov CovItemId="S11" Value="8"/>
<Cov CovItemId="S12" Value="8"/>
<Cov CovItemId="S13" Value="24"/>
<Cov CovItemId="S14" Value="8"/>
<Cov CovItemId="S2" Value="13"/>
<Cov CovItemId="S3" Value="3"/>
<Cov CovItemId="S4" Value="30"/>
<Cov CovItemId="S5" Value="120"/>
<Cov CovItemId="S6" Value="2"/>
<Cov CovItemId="S7" Value="8"/>
<Cov CovItemId="S8" Value="8"/>
</CovPrefix>
<CovPrefix CovItemPrefix="pickr.classes.GamingCard.java">
<Cov CovItemId="B1" Value="97"/>
<Cov CovItemId="B2" Value="24"/>
<Cov CovItemId="B3" Value="1"/>
<Cov CovItemId="B4" Value="120"/>
<Cov CovItemId="S1" Value="121"/>
<Cov CovItemId="S10" Value="121"/>
<Cov CovItemId="S11" Value="1"/>
<Cov CovItemId="S12" Value="120"/>
<Cov CovItemId="S13" Value="40"/>
<Cov CovItemId="S2" Value="121"/>
<Cov CovItemId="S3" Value="121"/>
<Cov CovItemId="S4" Value="22"/>
<Cov CovItemId="S6" Value="56"/>
<Cov CovItemId="S7" Value="121"/>
<Cov CovItemId="S8" Value="97"/>
<Cov CovItemId="S9" Value="24"/>
</CovPrefix>
<CovPrefix CovItemPrefix="pickr.classes.Player.java">
<Cov CovItemId="S1" Value="8"/>
<Cov CovItemId="S12" Value="10"/>
<Cov CovItemId="S13" Value="8"/>
<Cov CovItemId="S14" Value="8"/>
<Cov CovItemId="S2" Value="8"/>
<Cov CovItemId="S3" Value="8"/>
<Cov CovItemId="S4" Value="8"/>
<Cov CovItemId="S5" Value="16"/>
<Cov CovItemId="S6" Value="8"/>
<Cov CovItemId="S7" Value="8"/>
<Cov CovItemId="S9" Value="2"/>
</CovPrefix>
<CovPrefix CovItemPrefix="pickr.games.Briscola.java">
<Cov CovItemId="B1" Value="1"/>
<Cov CovItemId="B2" Value="7"/>
<Cov CovItemId="B3" Value="2"/>
<Cov CovItemId="B4" Value="6"/>
<Cov CovItemId="B6" Value="8"/>
<Cov CovItemId="S1" Value="2"/>
<Cov CovItemId="S10" Value="2"/>
<Cov CovItemId="S11" Value="8"/>
<Cov CovItemId="S12" Value="1"/>
<Cov CovItemId="S13" Value="1"/>
<Cov CovItemId="S14" Value="8"/>
<Cov CovItemId="S15" Value="2"/>
<Cov CovItemId="S16" Value="2"/>
<Cov CovItemId="S17" Value="8"/>
<Cov CovItemId="S2" Value="2"/>
<Cov CovItemId="S20" Value="2"/>
<Cov CovItemId="S21" Value="2"/>
<Cov CovItemId="S22" Value="2"/>
<Cov CovItemId="S23" Value="8"/>
<Cov CovItemId="S24" Value="2"/>
<Cov CovItemId="S25" Value="2"/>
<Cov CovItemId="S26" Value="2"/>
<Cov CovItemId="S27" Value="2"/>
<Cov CovItemId="S28" Value="8"/>
<Cov CovItemId="S3" Value="2"/>
<Cov CovItemId="S4" Value="8"/>
<Cov CovItemId="S5" Value="2"/>
<Cov CovItemId="S6" Value="2"/>
<Cov CovItemId="S7" Value="2"/>
<Cov CovItemId="S8" Value="2"/>
<Cov CovItemId="S9" Value="2"/>
</CovPrefix>
<CovPrefix CovItemPrefix="pickr.games.Game.java">
<Cov CovItemId="B1" Value="8"/>
<Cov CovItemId="B3" Value="2"/>
<Cov CovItemId="B4" Value="6"/>
<Cov CovItemId="S1" Value="2"/>
<Cov CovItemId="S10" Value="8"/>
<Cov CovItemId="S11" Value="8"/>
<Cov CovItemId="S12" Value="8"/>
<Cov CovItemId="S14" Value="2"/>
<Cov CovItemId="S15" Value="2"/>
<Cov CovItemId="S16" Value="8"/>
<Cov CovItemId="S17" Value="2"/>
<Cov CovItemId="S18" Value="8"/>
<Cov CovItemId="S19" Value="2"/>
<Cov CovItemId="S2" Value="2"/>
<Cov CovItemId="S20" Value="2"/>
<Cov CovItemId="S21" Value="8"/>
<Cov CovItemId="S22" Value="2"/>
<Cov CovItemId="S23" Value="8"/>
<Cov CovItemId="S24" Value="2"/>
<Cov CovItemId="S25" Value="2"/>
<Cov CovItemId="S26" Value="2"/>
<Cov CovItemId="S27" Value="2"/>
<Cov CovItemId="S28" Value="2"/>
<Cov CovItemId="S3" Value="2"/>
<Cov CovItemId="S4" Value="2"/>
<Cov CovItemId="S5" Value="2"/>
<Cov CovItemId="S6" Value="2"/>
<Cov CovItemId="S7" Value="6"/>
<Cov CovItemId="S8" Value="2"/>
<Cov CovItemId="S9" Value="6"/>
</CovPrefix>
</CovList>
<AssgnmntList>
<AssgnmntPrefix RootTermCovItemPrefix="pickr.classes.Deck.java">
<AssgnmntListEntry Length="1" RootTermCovItemId="C1">
<MapEntry BoolAssgnmnt="0" Value="3"/>
<MapEntry BoolAssgnmnt="1" Value="30"/>
</AssgnmntListEntry>
<AssgnmntListEntry Length="1" RootTermCovItemId="C2">
<MapEntry BoolAssgnmnt="0" Value="8"/>
</AssgnmntListEntry>
<AssgnmntListEntry Length="1" RootTermCovItemId="C3">
<MapEntry BoolAssgnmnt="1" Value="8"/>
</AssgnmntListEntry>
<AssgnmntListEntry Length="1" RootTermCovItemId="C4">
<MapEntry BoolAssgnmnt="0" Value="8"/>
<MapEntry BoolAssgnmnt="1" Value="24"/>
</AssgnmntListEntry>
</AssgnmntPrefix>
<AssgnmntPrefix RootTermCovItemPrefix="pickr.classes.GamingCard.java">
<AssgnmntListEntry Length="2" RootTermCovItemId="C1">
<MapEntry BoolAssgnmnt="02" Value="12"/>
<MapEntry BoolAssgnmnt="10" Value="12"/>
<MapEntry BoolAssgnmnt="11" Value="97"/>
</AssgnmntListEntry>
<AssgnmntListEntry Length="2" RootTermCovItemId="C2">
<MapEntry BoolAssgnmnt="00" Value="120"/>
<MapEntry BoolAssgnmnt="01" Value="1"/>
</AssgnmntListEntry>
</AssgnmntPrefix>
<AssgnmntPrefix RootTermCovItemPrefix="pickr.games.Briscola.java">
<AssgnmntListEntry Length="3" RootTermCovItemId="C1">
<MapEntry BoolAssgnmnt="022" Value="4"/>
<MapEntry BoolAssgnmnt="102" Value="3"/>
<MapEntry BoolAssgnmnt="111" Value="1"/>
</AssgnmntListEntry>
<AssgnmntListEntry Length="3" RootTermCovItemId="C2">
<MapEntry BoolAssgnmnt="022" Value="5"/>
<MapEntry BoolAssgnmnt="110" Value="1"/>
<MapEntry BoolAssgnmnt="111" Value="2"/>
</AssgnmntListEntry>
<AssgnmntListEntry Length="3" RootTermCovItemId="C3">
<MapEntry BoolAssgnmnt="122" Value="1"/>
<MapEntry BoolAssgnmnt="002" Value="5"/>
<MapEntry BoolAssgnmnt="010" Value="2"/>
</AssgnmntListEntry>
</AssgnmntPrefix>
<AssgnmntPrefix RootTermCovItemPrefix="pickr.games.Game.java">
<AssgnmntListEntry Length="1" RootTermCovItemId="C1">
<MapEntry BoolAssgnmnt="1" Value="8"/>
</AssgnmntListEntry>
<AssgnmntListEntry Length="1" RootTermCovItemId="C2">
<MapEntry BoolAssgnmnt="0" Value="6"/>
<MapEntry BoolAssgnmnt="1" Value="2"/>
</AssgnmntListEntry>
</AssgnmntPrefix>
</AssgnmntList>
<ObjMetaDataList/>
<MetaDataList/>
</TestCase>
<TestCase Comment="" Date="1598619558598" Name="randoop.RandoopTest0:test30">
<CovList>
<CovPrefix CovItemPrefix="pickr.classes.Deck.java">
<Cov CovItemId="B1" Value="36"/>
<Cov CovItemId="B2" Value="1"/>
<Cov CovItemId="B3" Value="12"/>
<Cov CovItemId="S1" Value="4"/>
<Cov CovItemId="S10" Value="12"/>
<Cov CovItemId="S11" Value="12"/>
<Cov CovItemId="S12" Value="12"/>
<Cov CovItemId="S13" Value="36"/>
<Cov CovItemId="S14" Value="12"/>
<Cov CovItemId="S2" Value="16"/>
<Cov CovItemId="S3" Value="4"/>
<Cov CovItemId="S4" Value="40"/>
<Cov CovItemId="S5" Value="160"/>
<Cov CovItemId="S6" Value="3"/>
<Cov CovItemId="S7" Value="37"/>
<Cov CovItemId="S8" Value="36"/>
<Cov CovItemId="S9" Value="1"/>
</CovPrefix>
<CovPrefix CovItemPrefix="pickr.classes.GamingCard.java">
<Cov CovItemId="B1" Value="128"/>
<Cov CovItemId="B2" Value="32"/>
<Cov CovItemId="B4" Value="160"/>
<Cov CovItemId="S1" Value="160"/>
<Cov CovItemId="S10" Value="160"/>
<Cov CovItemId="S12" Value="160"/>
<Cov CovItemId="S13" Value="98"/>
<Cov CovItemId="S2" Value="160"/>
<Cov CovItemId="S3" Value="160"/>
<Cov CovItemId="S4" Value="82"/>
<Cov CovItemId="S6" Value="280"/>
<Cov CovItemId="S7" Value="160"/>
<Cov CovItemId="S8" Value="128"/>
<Cov CovItemId="S9" Value="32"/>
</CovPrefix>
<CovPrefix CovItemPrefix="pickr.classes.Player.java">
<Cov CovItemId="S1" Value="12"/>
<Cov CovItemId="S12" Value="18"/>
<Cov CovItemId="S13" Value="40"/>
<Cov CovItemId="S14" Value="36"/>
<Cov CovItemId="S2" Value="12"/>
<Cov CovItemId="S3" Value="12"/>
<Cov CovItemId="S4" Value="12"/>
<Cov CovItemId="S5" Value="48"/>
<Cov CovItemId="S6" Value="12"/>
<Cov CovItemId="S7" Value="40"/>
<Cov CovItemId="S9" Value="10"/>
</CovPrefix>
<CovPrefix CovItemPrefix="pickr.games.Briscola.java">
<Cov CovItemId="B2" Value="40"/>
<Cov CovItemId="B3" Value="7"/>
<Cov CovItemId="B4" Value="33"/>
<Cov CovItemId="B5" Value="5"/>
<Cov CovItemId="B6" Value="35"/>
<Cov CovItemId="S1" Value="3"/>
<Cov CovItemId="S10" Value="10"/>
<Cov CovItemId="S11" Value="40"/>
<Cov CovItemId="S14" Value="40"/>
<Cov CovItemId="S15" Value="7"/>
<Cov CovItemId="S16" Value="7"/>
<Cov CovItemId="S17" Value="40"/>
<Cov CovItemId="S18" Value="5"/>
<Cov CovItemId="S19" Value="5"/>
<Cov CovItemId="S2" Value="3"/>
<Cov CovItemId="S20" Value="10"/>
<Cov CovItemId="S21" Value="10"/>
<Cov CovItemId="S22" Value="10"/>
<Cov CovItemId="S23" Value="40"/>
<Cov CovItemId="S24" Value="10"/>
<Cov CovItemId="S25" Value="10"/>
<Cov CovItemId="S26" Value="10"/>
<Cov CovItemId="S27" Value="10"/>
<Cov CovItemId="S28" Value="37"/>
<Cov CovItemId="S3" Value="3"/>
<Cov CovItemId="S4" Value="12"/>
<Cov CovItemId="S5" Value="3"/>
<Cov CovItemId="S6" Value="3"/>
<Cov CovItemId="S7" Value="3"/>
<Cov CovItemId="S8" Value="3"/>
<Cov CovItemId="S9" Value="10"/>
</CovPrefix>
<CovPrefix CovItemPrefix="pickr.games.Game.java">
<Cov CovItemId="B1" Value="12"/>
<Cov CovItemId="B3" Value="10"/>
<Cov CovItemId="B4" Value="30"/>
<Cov CovItemId="S1" Value="3"/>
<Cov CovItemId="S10" Value="17"/>
<Cov CovItemId="S11" Value="12"/>
<Cov CovItemId="S12" Value="12"/>
<Cov CovItemId="S14" Value="10"/>
<Cov CovItemId="S15" Value="10"/>
<Cov CovItemId="S16" Value="40"/>
<Cov CovItemId="S17" Value="10"/>
<Cov CovItemId="S18" Value="40"/>
<Cov CovItemId="S19" Value="10"/>
<Cov CovItemId="S2" Value="3"/>
<Cov CovItemId="S20" Value="10"/>
<Cov CovItemId="S21" Value="40"/>
<Cov CovItemId="S22" Value="10"/>
<Cov CovItemId="S23" Value="40"/>
<Cov CovItemId="S24" Value="10"/>
<Cov CovItemId="S25" Value="10"/>
<Cov CovItemId="S26" Value="10"/>
<Cov CovItemId="S27" Value="10"/>
<Cov CovItemId="S28" Value="10"/>
<Cov CovItemId="S3" Value="3"/>
<Cov CovItemId="S4" Value="3"/>
<Cov CovItemId="S5" Value="3"/>
<Cov CovItemId="S6" Value="3"/>
<Cov CovItemId="S7" Value="7"/>
<Cov CovItemId="S8" Value="2"/>
<Cov CovItemId="S9" Value="30"/>
</CovPrefix>
</CovList>
<AssgnmntList>
<AssgnmntPrefix RootTermCovItemPrefix="pickr.classes.Deck.java">
<AssgnmntListEntry Length="1" RootTermCovItemId="C1">
<MapEntry BoolAssgnmnt="0" Value="4"/>
<MapEntry BoolAssgnmnt="1" Value="40"/>
</AssgnmntListEntry>
<AssgnmntListEntry Length="1" RootTermCovItemId="C2">
<MapEntry BoolAssgnmnt="0" Value="36"/>
<MapEntry BoolAssgnmnt="1" Value="1"/>
</AssgnmntListEntry>
<AssgnmntListEntry Length="1" RootTermCovItemId="C3">
<MapEntry BoolAssgnmnt="1" Value="12"/>
</AssgnmntListEntry>
<AssgnmntListEntry Length="1" RootTermCovItemId="C4">
<MapEntry BoolAssgnmnt="0" Value="12"/>
<MapEntry BoolAssgnmnt="1" Value="36"/>
</AssgnmntListEntry>
</AssgnmntPrefix>
<AssgnmntPrefix RootTermCovItemPrefix="pickr.classes.GamingCard.java">
<AssgnmntListEntry Length="2" RootTermCovItemId="C1">
<MapEntry BoolAssgnmnt="02" Value="16"/>
<MapEntry BoolAssgnmnt="10" Value="16"/>
<MapEntry BoolAssgnmnt="11" Value="128"/>
</AssgnmntListEntry>
<AssgnmntListEntry Length="2" RootTermCovItemId="C2">
<MapEntry BoolAssgnmnt="00" Value="160"/>
</AssgnmntListEntry>
</AssgnmntPrefix>
<AssgnmntPrefix RootTermCovItemPrefix="pickr.games.Briscola.java">
<AssgnmntListEntry Length="3" RootTermCovItemId="C1">
<MapEntry BoolAssgnmnt="022" Value="27"/>
<MapEntry BoolAssgnmnt="102" Value="12"/>
<MapEntry BoolAssgnmnt="110" Value="1"/>
</AssgnmntListEntry>
<AssgnmntListEntry Length="3" RootTermCovItemId="C2">
<MapEntry BoolAssgnmnt="022" Value="27"/>
<MapEntry BoolAssgnmnt="102" Value="1"/>
<MapEntry BoolAssgnmnt="110" Value="5"/>
<MapEntry BoolAssgnmnt="111" Value="7"/>
</AssgnmntListEntry>
<AssgnmntListEntry Length="3" RootTermCovItemId="C3">
<MapEntry BoolAssgnmnt="122" Value="6"/>
<MapEntry BoolAssgnmnt="002" Value="28"/>
<MapEntry BoolAssgnmnt="010" Value="1"/>
<MapEntry BoolAssgnmnt="011" Value="5"/>
</AssgnmntListEntry>
</AssgnmntPrefix>
<AssgnmntPrefix RootTermCovItemPrefix="pickr.games.Game.java">
<AssgnmntListEntry Length="1" RootTermCovItemId="C1">
<MapEntry BoolAssgnmnt="1" Value="12"/>
</AssgnmntListEntry>
<AssgnmntListEntry Length="1" RootTermCovItemId="C2">
<MapEntry BoolAssgnmnt="0" Value="30"/>
<MapEntry BoolAssgnmnt="1" Value="10"/>
</AssgnmntListEntry>
</AssgnmntPrefix>
</AssgnmntList>
<ObjMetaDataList/>
<MetaDataList/>
</TestCase>
<TestCase Comment="" Date="1598619558599" Name="randoop.RandoopTest0:test31">
<CovList>
<CovPrefix CovItemPrefix="pickr.classes.Deck.java">
<Cov CovItemId="B1" Value="4"/>
<Cov CovItemId="B3" Value="4"/>
<Cov CovItemId="S1" Value="1"/>
<Cov CovItemId="S10" Value="4"/>
<Cov CovItemId="S11" Value="4"/>
<Cov CovItemId="S12" Value="4"/>
<Cov CovItemId="S13" Value="12"/>
<Cov CovItemId="S14" Value="4"/>
<Cov CovItemId="S2" Value="5"/>
<Cov CovItemId="S3" Value="1"/>
<Cov CovItemId="S4" Value="10"/>
<Cov CovItemId="S5" Value="40"/>
<Cov CovItemId="S6" Value="1"/>
<Cov CovItemId="S7" Value="4"/>
<Cov CovItemId="S8" Value="4"/>
</CovPrefix>
<CovPrefix CovItemPrefix="pickr.classes.GamingCard.java">
<Cov CovItemId="B1" Value="33"/>
<Cov CovItemId="B2" Value="8"/>
<Cov CovItemId="B3" Value="1"/>
<Cov CovItemId="B4" Value="40"/>
<Cov CovItemId="S1" Value="41"/>
<Cov CovItemId="S10" Value="41"/>
<Cov CovItemId="S11" Value="1"/>
<Cov CovItemId="S12" Value="40"/>
<Cov CovItemId="S13" Value="19"/>
<Cov CovItemId="S2" Value="41"/>
<Cov CovItemId="S3" Value="41"/>
<Cov CovItemId="S4" Value="8"/>
<Cov CovItemId="S6" Value="28"/>
<Cov CovItemId="S7" Value="41"/>
<Cov CovItemId="S8" Value="33"/>
<Cov CovItemId="S9" Value="8"/>
</CovPrefix>
<CovPrefix CovItemPrefix="pickr.classes.Player.java">
<Cov CovItemId="S1" Value="4"/>
<Cov CovItemId="S12" Value="5"/>
<Cov CovItemId="S13" Value="4"/>
<Cov CovItemId="S14" Value="4"/>
<Cov CovItemId="S2" Value="4"/>
<Cov CovItemId="S3" Value="4"/>
<Cov CovItemId="S4" Value="4"/>
<Cov CovItemId="S5" Value="8"/>
<Cov CovItemId="S6" Value="4"/>
<Cov CovItemId="S7" Value="4"/>
<Cov CovItemId="S9" Value="1"/>
</CovPrefix>
<CovPrefix CovItemPrefix="pickr.games.Briscola.java">
<Cov CovItemId="B2" Value="4"/>
<Cov CovItemId="B3" Value="1"/>
<Cov CovItemId="B4" Value="3"/>
<Cov CovItemId="B6" Value="4"/>
<Cov CovItemId="S1" Value="1"/>
<Cov CovItemId="S10" Value="1"/>
<Cov CovItemId="S11" Value="4"/>
<Cov CovItemId="S14" Value="4"/>
<Cov CovItemId="S15" Value="1"/>
<Cov CovItemId="S16" Value="1"/>
<Cov CovItemId="S17" Value="4"/>
<Cov CovItemId="S2" Value="1"/>
<Cov CovItemId="S20" Value="1"/>
<Cov CovItemId="S21" Value="1"/>
<Cov CovItemId="S22" Value="1"/>
<Cov CovItemId="S23" Value="4"/>
<Cov CovItemId="S24" Value="1"/>
<Cov CovItemId="S25" Value="1"/>
<Cov CovItemId="S26" Value="1"/>
<Cov CovItemId="S27" Value="1"/>
<Cov CovItemId="S28" Value="4"/>
<Cov CovItemId="S3" Value="1"/>
<Cov CovItemId="S4" Value="4"/>
<Cov CovItemId="S5" Value="1"/>
<Cov CovItemId="S6" Value="1"/>
<Cov CovItemId="S7" Value="1"/>
<Cov CovItemId="S8" Value="1"/>
<Cov CovItemId="S9" Value="1"/>
</CovPrefix>
<CovPrefix CovItemPrefix="pickr.games.Game.java">
<Cov CovItemId="B1" Value="4"/>
<Cov CovItemId="B3" Value="1"/>
<Cov CovItemId="B4" Value="3"/>
<Cov CovItemId="S1" Value="1"/>
<Cov CovItemId="S10" Value="4"/>
<Cov CovItemId="S11" Value="4"/>
<Cov CovItemId="S12" Value="4"/>
<Cov CovItemId="S14" Value="1"/>
<Cov CovItemId="S15" Value="1"/>
<Cov CovItemId="S16" Value="4"/>
<Cov CovItemId="S17" Value="1"/>
<Cov CovItemId="S18" Value="4"/>
<Cov CovItemId="S19" Value="1"/>
<Cov CovItemId="S2" Value="1"/>
<Cov CovItemId="S20" Value="1"/>
<Cov CovItemId="S21" Value="4"/>
<Cov CovItemId="S22" Value="1"/>
<Cov CovItemId="S23" Value="4"/>
<Cov CovItemId="S24" Value="1"/>
<Cov CovItemId="S25" Value="1"/>
<Cov CovItemId="S26" Value="1"/>
<Cov CovItemId="S27" Value="1"/>
<Cov CovItemId="S28" Value="1"/>
<Cov CovItemId="S3" Value="1"/>
<Cov CovItemId="S4" Value="1"/>
<Cov CovItemId="S5" Value="1"/>
<Cov CovItemId="S6" Value="1"/>
<Cov CovItemId="S7" Value="3"/>
<Cov CovItemId="S8" Value="1"/>
<Cov CovItemId="S9" Value="3"/>
</CovPrefix>
</CovList>
<AssgnmntList>
<AssgnmntPrefix RootTermCovItemPrefix="pickr.classes.Deck.java">
<AssgnmntListEntry Length="1" RootTermCovItemId="C1">
<MapEntry BoolAssgnmnt="0" Value="1"/>
<MapEntry BoolAssgnmnt="1" Value="10"/>
</AssgnmntListEntry>
<AssgnmntListEntry Length="1" RootTermCovItemId="C2">
<MapEntry BoolAssgnmnt="0" Value="4"/>
</AssgnmntListEntry>
<AssgnmntListEntry Length="1" RootTermCovItemId="C3">
<MapEntry BoolAssgnmnt="1" Value="4"/>
</AssgnmntListEntry>
<AssgnmntListEntry Length="1" RootTermCovItemId="C4">
<MapEntry BoolAssgnmnt="0" Value="4"/>
<MapEntry BoolAssgnmnt="1" Value="12"/>
</AssgnmntListEntry>
</AssgnmntPrefix>
<AssgnmntPrefix RootTermCovItemPrefix="pickr.classes.GamingCard.java">
<AssgnmntListEntry Length="2" RootTermCovItemId="C1">
<MapEntry BoolAssgnmnt="02" Value="4"/>
<MapEntry BoolAssgnmnt="10" Value="4"/>
<MapEntry BoolAssgnmnt="11" Value="33"/>
</AssgnmntListEntry>
<AssgnmntListEntry Length="2" RootTermCovItemId="C2">
<MapEntry BoolAssgnmnt="00" Value="40"/>
<MapEntry BoolAssgnmnt="01" Value="1"/>
</AssgnmntListEntry>
</AssgnmntPrefix>
<AssgnmntPrefix RootTermCovItemPrefix="pickr.games.Briscola.java">
<AssgnmntListEntry Length="3" RootTermCovItemId="C1">
<MapEntry BoolAssgnmnt="022" Value="3"/>
<MapEntry BoolAssgnmnt="102" Value="1"/>
</AssgnmntListEntry>
<AssgnmntListEntry Length="3" RootTermCovItemId="C2">
<MapEntry BoolAssgnmnt="022" Value="3"/>
<MapEntry BoolAssgnmnt="111" Value="1"/>
</AssgnmntListEntry>
<AssgnmntListEntry Length="3" RootTermCovItemId="C3">
<MapEntry BoolAssgnmnt="002" Value="4"/>
</AssgnmntListEntry>
</AssgnmntPrefix>
<AssgnmntPrefix RootTermCovItemPrefix="pickr.games.Game.java">
<AssgnmntListEntry Length="1" RootTermCovItemId="C1">
<MapEntry BoolAssgnmnt="1" Value="4"/>
</AssgnmntListEntry>
<AssgnmntListEntry Length="1" RootTermCovItemId="C2">
<MapEntry BoolAssgnmnt="0" Value="3"/>
<MapEntry BoolAssgnmnt="1" Value="1"/>
</AssgnmntListEntry>
</AssgnmntPrefix>
</AssgnmntList>
<ObjMetaDataList/>
<MetaDataList/>
</TestCase>
<TestCase Comment="" Date="1598619558600" Name="randoop.RandoopTest0:test32">
<CovList>
<CovPrefix CovItemPrefix="pickr.classes.Deck.java">
<Cov CovItemId="B1" Value="12"/>
<Cov CovItemId="B3" Value="12"/>
<Cov CovItemId="B4" Value="1"/>
<Cov CovItemId="S1" Value="6"/>
<Cov CovItemId="S10" Value="13"/>
<Cov CovItemId="S11" Value="12"/>
<Cov CovItemId="S12" Value="12"/>
<Cov CovItemId="S13" Value="36"/>
<Cov CovItemId="S14" Value="12"/>
<Cov CovItemId="S15" Value="1"/>
<Cov CovItemId="S2" Value="21"/>
<Cov CovItemId="S3" Value="5"/>
<Cov CovItemId="S4" Value="50"/>
<Cov CovItemId="S5" Value="200"/>
<Cov CovItemId="S6" Value="3"/>
<Cov CovItemId="S7" Value="12"/>
<Cov CovItemId="S8" Value="12"/>
</CovPrefix>
<CovPrefix CovItemPrefix="pickr.classes.GamingCard.java">
<Cov CovItemId="B1" Value="160"/>
<Cov CovItemId="B2" Value="40"/>
<Cov CovItemId="B4" Value="200"/>
<Cov CovItemId="S1" Value="200"/>
<Cov CovItemId="S10" Value="200"/>
<Cov CovItemId="S12" Value="200"/>
<Cov CovItemId="S13" Value="55"/>
<Cov CovItemId="S2" Value="200"/>
<Cov CovItemId="S3" Value="200"/>
<Cov CovItemId="S4" Value="30"/>
<Cov CovItemId="S6" Value="84"/>
<Cov CovItemId="S7" Value="200"/>
<Cov CovItemId="S8" Value="160"/>
<Cov CovItemId="S9" Value="40"/>
</CovPrefix>
<CovPrefix CovItemPrefix="pickr.classes.Player.java">
<Cov CovItemId="S1" Value="12"/>
<Cov CovItemId="S12" Value="15"/>
<Cov CovItemId="S13" Value="12"/>
<Cov CovItemId="S14" Value="12"/>
<Cov CovItemId="S2" Value="12"/>
<Cov CovItemId="S3" Value="12"/>
<Cov CovItemId="S4" Value="12"/>
<Cov CovItemId="S5" Value="24"/>
<Cov CovItemId="S6" Value="12"/>
<Cov CovItemId="S7" Value="12"/>
<Cov CovItemId="S9" Value="3"/>
</CovPrefix>
<CovPrefix CovItemPrefix="pickr.games.Briscola.java">
<Cov CovItemId="B2" Value="12"/>
<Cov CovItemId="B3" Value="1"/>
<Cov CovItemId="B4" Value="11"/>
<Cov CovItemId="B5" Value="1"/>
<Cov CovItemId="B6" Value="11"/>
<Cov CovItemId="S1" Value="3"/>
<Cov CovItemId="S10" Value="3"/>
<Cov CovItemId="S11" Value="12"/>
<Cov CovItemId="S14" Value="12"/>
<Cov CovItemId="S15" Value="1"/>
<Cov CovItemId="S16" Value="1"/>
<Cov CovItemId="S17" Value="12"/>
<Cov CovItemId="S18" Value="1"/>
<Cov CovItemId="S19" Value="1"/>
<Cov CovItemId="S2" Value="3"/>
<Cov CovItemId="S20" Value="3"/>
<Cov CovItemId="S21" Value="3"/>
<Cov CovItemId="S22" Value="3"/>
<Cov CovItemId="S23" Value="12"/>
<Cov CovItemId="S24" Value="3"/>
<Cov CovItemId="S25" Value="3"/>
<Cov CovItemId="S26" Value="3"/>
<Cov CovItemId="S27" Value="3"/>
<Cov CovItemId="S28" Value="12"/>
<Cov CovItemId="S3" Value="3"/>
<Cov CovItemId="S4" Value="12"/>
<Cov CovItemId="S5" Value="3"/>
<Cov CovItemId="S6" Value="3"/>
<Cov CovItemId="S7" Value="3"/>
<Cov CovItemId="S8" Value="3"/>
<Cov CovItemId="S9" Value="3"/>
</CovPrefix>
<CovPrefix CovItemPrefix="pickr.games.Game.java">
<Cov CovItemId="B1" Value="12"/>
<Cov CovItemId="B3" Value="3"/>
<Cov CovItemId="B4" Value="9"/>
<Cov CovItemId="S1" Value="3"/>
<Cov CovItemId="S10" Value="12"/>
<Cov CovItemId="S11" Value="12"/>
<Cov CovItemId="S12" Value="12"/>
<Cov CovItemId="S14" Value="3"/>
<Cov CovItemId="S15" Value="3"/>
<Cov CovItemId="S16" Value="12"/>
<Cov CovItemId="S17" Value="3"/>
<Cov CovItemId="S18" Value="12"/>
<Cov CovItemId="S19" Value="3"/>
<Cov CovItemId="S2" Value="3"/>
<Cov CovItemId="S20" Value="3"/>
<Cov CovItemId="S21" Value="12"/>
<Cov CovItemId="S22" Value="3"/>
<Cov CovItemId="S23" Value="12"/>
<Cov CovItemId="S24" Value="3"/>
<Cov CovItemId="S25" Value="3"/>
<Cov CovItemId="S26" Value="3"/>
<Cov CovItemId="S27" Value="3"/>
<Cov CovItemId="S28" Value="3"/>
<Cov CovItemId="S3" Value="3"/>
<Cov CovItemId="S4" Value="3"/>
<Cov CovItemId="S5" Value="3"/>
<Cov CovItemId="S6" Value="3"/>
<Cov CovItemId="S7" Value="9"/>
<Cov CovItemId="S8" Value="3"/>
<Cov CovItemId="S9" Value="9"/>
</CovPrefix>
</CovList>
<AssgnmntList>
<AssgnmntPrefix RootTermCovItemPrefix="pickr.classes.Deck.java">
<AssgnmntListEntry Length="1" RootTermCovItemId="C1">
<MapEntry BoolAssgnmnt="0" Value="5"/>
<MapEntry BoolAssgnmnt="1" Value="50"/>
</AssgnmntListEntry>
<AssgnmntListEntry Length="1" RootTermCovItemId="C2">
<MapEntry BoolAssgnmnt="0" Value="12"/>
</AssgnmntListEntry>
<AssgnmntListEntry Length="1" RootTermCovItemId="C3">
<MapEntry BoolAssgnmnt="0" Value="1"/>
<MapEntry BoolAssgnmnt="1" Value="12"/>
</AssgnmntListEntry>
<AssgnmntListEntry Length="1" RootTermCovItemId="C4">
<MapEntry BoolAssgnmnt="0" Value="12"/>
<MapEntry BoolAssgnmnt="1" Value="36"/>
</AssgnmntListEntry>
</AssgnmntPrefix>
<AssgnmntPrefix RootTermCovItemPrefix="pickr.classes.GamingCard.java">
<AssgnmntListEntry Length="2" RootTermCovItemId="C1">
<MapEntry BoolAssgnmnt="02" Value="20"/>
<MapEntry BoolAssgnmnt="10" Value="20"/>
<MapEntry BoolAssgnmnt="11" Value="160"/>
</AssgnmntListEntry>
<AssgnmntListEntry Length="2" RootTermCovItemId="C2">
<MapEntry BoolAssgnmnt="00" Value="200"/>
</AssgnmntListEntry>
</AssgnmntPrefix>
<AssgnmntPrefix RootTermCovItemPrefix="pickr.games.Briscola.java">
<AssgnmntListEntry Length="3" RootTermCovItemId="C1">
<MapEntry BoolAssgnmnt="022" Value="6"/>
<MapEntry BoolAssgnmnt="102" Value="2"/>
<MapEntry BoolAssgnmnt="110" Value="4"/>
</AssgnmntListEntry>
<AssgnmntListEntry Length="3" RootTermCovItemId="C2">
<MapEntry BoolAssgnmnt="022" Value="6"/>
<MapEntry BoolAssgnmnt="102" Value="4"/>
<MapEntry BoolAssgnmnt="110" Value="1"/>
<MapEntry BoolAssgnmnt="111" Value="1"/>
</AssgnmntListEntry>
<AssgnmntListEntry Length="3" RootTermCovItemId="C3">
<MapEntry BoolAssgnmnt="122" Value="5"/>
<MapEntry BoolAssgnmnt="002" Value="5"/>
<MapEntry BoolAssgnmnt="010" Value="1"/>
<MapEntry BoolAssgnmnt="011" Value="1"/>
</AssgnmntListEntry>
</AssgnmntPrefix>
<AssgnmntPrefix RootTermCovItemPrefix="pickr.games.Game.java">
<AssgnmntListEntry Length="1" RootTermCovItemId="C1">
<MapEntry BoolAssgnmnt="1" Value="12"/>
</AssgnmntListEntry>
<AssgnmntListEntry Length="1" RootTermCovItemId="C2">
<MapEntry BoolAssgnmnt="0" Value="9"/>
<MapEntry BoolAssgnmnt="1" Value="3"/>
</AssgnmntListEntry>
</AssgnmntPrefix>
</AssgnmntList>
<ObjMetaDataList/>
<MetaDataList/>
</TestCase>
<TestCase Comment="" Date="1598619558600" Name="randoop.RandoopTest0:test33">
<CovList>
<CovPrefix CovItemPrefix="pickr.classes.Deck.java">
<Cov CovItemId="B1" Value="4"/>
<Cov CovItemId="B3" Value="4"/>
<Cov CovItemId="S1" Value="2"/>
<Cov CovItemId="S10" Value="4"/>
<Cov CovItemId="S11" Value="4"/>
<Cov CovItemId="S12" Value="4"/>
<Cov CovItemId="S13" Value="12"/>
<Cov CovItemId="S14" Value="4"/>
<Cov CovItemId="S2" Value="8"/>
<Cov CovItemId="S3" Value="2"/>
<Cov CovItemId="S4" Value="20"/>
<Cov CovItemId="S5" Value="80"/>
<Cov CovItemId="S6" Value="1"/>
<Cov CovItemId="S7" Value="4"/>
<Cov CovItemId="S8" Value="4"/>
</CovPrefix>
<CovPrefix CovItemPrefix="pickr.classes.GamingCard.java">
<Cov CovItemId="B1" Value="65"/>
<Cov CovItemId="B2" Value="16"/>
<Cov CovItemId="B3" Value="1"/>
<Cov CovItemId="B4" Value="80"/>
<Cov CovItemId="S1" Value="81"/>
<Cov CovItemId="S10" Value="81"/>
<Cov CovItemId="S11" Value="1"/>
<Cov CovItemId="S12" Value="80"/>
<Cov CovItemId="S13" Value="19"/>
<Cov CovItemId="S2" Value="81"/>
<Cov CovItemId="S3" Value="81"/>
<Cov CovItemId="S4" Value="8"/>
<Cov CovItemId="S6" Value="28"/>
<Cov CovItemId="S7" Value="81"/>
<Cov CovItemId="S8" Value="65"/>
<Cov CovItemId="S9" Value="16"/>
</CovPrefix>
<CovPrefix CovItemPrefix="pickr.classes.Player.java">
<Cov CovItemId="S1" Value="4"/>
<Cov CovItemId="S12" Value="5"/>
<Cov CovItemId="S13" Value="4"/>
<Cov CovItemId="S14" Value="4"/>
<Cov CovItemId="S2" Value="4"/>
<Cov CovItemId="S3" Value="4"/>
<Cov CovItemId="S4" Value="4"/>
<Cov CovItemId="S5" Value="8"/>
<Cov CovItemId="S6" Value="4"/>
<Cov CovItemId="S7" Value="4"/>
<Cov CovItemId="S9" Value="1"/>
</CovPrefix>
<CovPrefix CovItemPrefix="pickr.games.Briscola.java">
<Cov CovItemId="B2" Value="4"/>
<Cov CovItemId="B3" Value="1"/>
<Cov CovItemId="B4" Value="3"/>
<Cov CovItemId="B6" Value="4"/>
<Cov CovItemId="S1" Value="1"/>
<Cov CovItemId="S10" Value="1"/>
<Cov CovItemId="S11" Value="4"/>
<Cov CovItemId="S14" Value="4"/>
<Cov CovItemId="S15" Value="1"/>
<Cov CovItemId="S16" Value="1"/>
<Cov CovItemId="S17" Value="4"/>
<Cov CovItemId="S2" Value="1"/>
<Cov CovItemId="S20" Value="1"/>
<Cov CovItemId="S21" Value="1"/>
<Cov CovItemId="S22" Value="1"/>
<Cov CovItemId="S23" Value="4"/>
<Cov CovItemId="S24" Value="1"/>
<Cov CovItemId="S25" Value="1"/>
<Cov CovItemId="S26" Value="1"/>
<Cov CovItemId="S27" Value="1"/>
<Cov CovItemId="S28" Value="4"/>
<Cov CovItemId="S3" Value="1"/>
<Cov CovItemId="S4" Value="4"/>
<Cov CovItemId="S5" Value="1"/>
<Cov CovItemId="S6" Value="1"/>
<Cov CovItemId="S7" Value="1"/>
<Cov CovItemId="S8" Value="1"/>
<Cov CovItemId="S9" Value="1"/>
</CovPrefix>
<CovPrefix CovItemPrefix="pickr.games.Game.java">
<Cov CovItemId="B1" Value="4"/>
<Cov CovItemId="B3" Value="1"/>
<Cov CovItemId="B4" Value="3"/>
<Cov CovItemId="S1" Value="1"/>
<Cov CovItemId="S10" Value="4"/>
<Cov CovItemId="S11" Value="4"/>
<Cov CovItemId="S12" Value="4"/>
<Cov CovItemId="S14" Value="1"/>
<Cov CovItemId="S15" Value="1"/>
<Cov CovItemId="S16" Value="4"/>
<Cov CovItemId="S17" Value="1"/>
<Cov CovItemId="S18" Value="4"/>
<Cov CovItemId="S19" Value="1"/>
<Cov CovItemId="S2" Value="1"/>
<Cov CovItemId="S20" Value="1"/>
<Cov CovItemId="S21" Value="4"/>
<Cov CovItemId="S22" Value="1"/>
<Cov CovItemId="S23" Value="4"/>
<Cov CovItemId="S24" Value="1"/>
<Cov CovItemId="S25" Value="1"/>
<Cov CovItemId="S26" Value="1"/>
<Cov CovItemId="S27" Value="1"/>
<Cov CovItemId="S28" Value="1"/>
<Cov CovItemId="S3" Value="1"/>
<Cov CovItemId="S4" Value="1"/>
<Cov CovItemId="S5" Value="1"/>
<Cov CovItemId="S6" Value="1"/>
<Cov CovItemId="S7" Value="3"/>
<Cov CovItemId="S8" Value="1"/>
<Cov CovItemId="S9" Value="3"/>
</CovPrefix>
</CovList>
<AssgnmntList>
<AssgnmntPrefix RootTermCovItemPrefix="pickr.classes.Deck.java">
<AssgnmntListEntry Length="1" RootTermCovItemId="C1">
<MapEntry BoolAssgnmnt="0" Value="2"/>
<MapEntry BoolAssgnmnt="1" Value="20"/>
</AssgnmntListEntry>
<AssgnmntListEntry Length="1" RootTermCovItemId="C2">
<MapEntry BoolAssgnmnt="0" Value="4"/>
</AssgnmntListEntry>
<AssgnmntListEntry Length="1" RootTermCovItemId="C3">
<MapEntry BoolAssgnmnt="1" Value="4"/>
</AssgnmntListEntry>
<AssgnmntListEntry Length="1" RootTermCovItemId="C4">
<MapEntry BoolAssgnmnt="0" Value="4"/>
<MapEntry BoolAssgnmnt="1" Value="12"/>
</AssgnmntListEntry>
</AssgnmntPrefix>
<AssgnmntPrefix RootTermCovItemPrefix="pickr.classes.GamingCard.java">
<AssgnmntListEntry Length="2" RootTermCovItemId="C1">
<MapEntry BoolAssgnmnt="02" Value="8"/>
<MapEntry BoolAssgnmnt="10" Value="8"/>
<MapEntry BoolAssgnmnt="11" Value="65"/>
</AssgnmntListEntry>
<AssgnmntListEntry Length="2" RootTermCovItemId="C2">
<MapEntry BoolAssgnmnt="00" Value="80"/>
<MapEntry BoolAssgnmnt="01" Value="1"/>
</AssgnmntListEntry>
</AssgnmntPrefix>
<AssgnmntPrefix RootTermCovItemPrefix="pickr.games.Briscola.java">
<AssgnmntListEntry Length="3" RootTermCovItemId="C1">
<MapEntry BoolAssgnmnt="022" Value="3"/>
<MapEntry BoolAssgnmnt="102" Value="1"/>
</AssgnmntListEntry>
<AssgnmntListEntry Length="3" RootTermCovItemId="C2">
<MapEntry BoolAssgnmnt="022" Value="3"/>
<MapEntry BoolAssgnmnt="111" Value="1"/>
</AssgnmntListEntry>
<AssgnmntListEntry Length="3" RootTermCovItemId="C3">
<MapEntry BoolAssgnmnt="002" Value="4"/>
</AssgnmntListEntry>
</AssgnmntPrefix>
<AssgnmntPrefix RootTermCovItemPrefix="pickr.games.Game.java">
<AssgnmntListEntry Length="1" RootTermCovItemId="C1">
<MapEntry BoolAssgnmnt="1" Value="4"/>
</AssgnmntListEntry>
<AssgnmntListEntry Length="1" RootTermCovItemId="C2">
<MapEntry BoolAssgnmnt="0" Value="3"/>
<MapEntry BoolAssgnmnt="1" Value="1"/>
</AssgnmntListEntry>
</AssgnmntPrefix>
</AssgnmntList>
<ObjMetaDataList/>
<MetaDataList/>
</TestCase>
<TestCase Comment="" Date="1598619558601" Name="randoop.RandoopTest0:test34">
<CovList>
<CovPrefix CovItemPrefix="pickr.classes.Deck.java">
<Cov CovItemId="B1" Value="44"/>
<Cov CovItemId="B2" Value="1"/>
<Cov CovItemId="B3" Value="20"/>
<Cov CovItemId="S1" Value="6"/>
<Cov CovItemId="S10" Value="20"/>
<Cov CovItemId="S11" Value="20"/>
<Cov CovItemId="S12" Value="20"/>
<Cov CovItemId="S13" Value="60"/>
<Cov CovItemId="S14" Value="20"/>
<Cov CovItemId="S2" Value="26"/>
<Cov CovItemId="S3" Value="6"/>
<Cov CovItemId="S4" Value="60"/>
<Cov CovItemId="S5" Value="240"/>
<Cov CovItemId="S6" Value="5"/>
<Cov CovItemId="S7" Value="45"/>
<Cov CovItemId="S8" Value="44"/>
<Cov CovItemId="S9" Value="1"/>
</CovPrefix>
<CovPrefix CovItemPrefix="pickr.classes.GamingCard.java">
<Cov CovItemId="B1" Value="192"/>
<Cov CovItemId="B2" Value="48"/>
<Cov CovItemId="B4" Value="240"/>
<Cov CovItemId="S1" Value="240"/>
<Cov CovItemId="S10" Value="240"/>
<Cov CovItemId="S12" Value="240"/>
<Cov CovItemId="S13" Value="128"/>
<Cov CovItemId="S2" Value="240"/>
<Cov CovItemId="S3" Value="240"/>
<Cov CovItemId="S4" Value="91"/>
<Cov CovItemId="S6" Value="336"/>
<Cov CovItemId="S7" Value="240"/>
<Cov CovItemId="S8" Value="192"/>
<Cov CovItemId="S9" Value="48"/>
</CovPrefix>
<CovPrefix CovItemPrefix="pickr.classes.Player.java">
<Cov CovItemId="S1" Value="20"/>
<Cov CovItemId="S12" Value="28"/>
<Cov CovItemId="S13" Value="48"/>
<Cov CovItemId="S14" Value="44"/>
<Cov CovItemId="S2" Value="20"/>
<Cov CovItemId="S3" Value="20"/>
<Cov CovItemId="S4" Value="20"/>
<Cov CovItemId="S5" Value="64"/>
<Cov CovItemId="S6" Value="20"/>
<Cov CovItemId="S7" Value="48"/>
<Cov CovItemId="S9" Value="12"/>
</CovPrefix>
<CovPrefix CovItemPrefix="pickr.games.Briscola.java">
<Cov CovItemId="B2" Value="48"/>
<Cov CovItemId="B3" Value="8"/>
<Cov CovItemId="B4" Value="40"/>
<Cov CovItemId="B5" Value="2"/>
<Cov CovItemId="B6" Value="46"/>
<Cov CovItemId="S1" Value="5"/>
<Cov CovItemId="S10" Value="12"/>
<Cov CovItemId="S11" Value="48"/>
<Cov CovItemId="S14" Value="48"/>
<Cov CovItemId="S15" Value="8"/>
<Cov CovItemId="S16" Value="8"/>
<Cov CovItemId="S17" Value="48"/>
<Cov CovItemId="S18" Value="2"/>
<Cov CovItemId="S19" Value="2"/>
<Cov CovItemId="S2" Value="5"/>
<Cov CovItemId="S20" Value="12"/>
<Cov CovItemId="S21" Value="12"/>
<Cov CovItemId="S22" Value="12"/>
<Cov CovItemId="S23" Value="48"/>
<Cov CovItemId="S24" Value="12"/>
<Cov CovItemId="S25" Value="12"/>
<Cov CovItemId="S26" Value="12"/>
<Cov CovItemId="S27" Value="12"/>
<Cov CovItemId="S28" Value="45"/>
<Cov CovItemId="S3" Value="5"/>
<Cov CovItemId="S4" Value="20"/>
<Cov CovItemId="S5" Value="5"/>
<Cov CovItemId="S6" Value="5"/>
<Cov CovItemId="S7" Value="5"/>
<Cov CovItemId="S8" Value="5"/>
<Cov CovItemId="S9" Value="12"/>
</CovPrefix>
<CovPrefix CovItemPrefix="pickr.games.Game.java">
<Cov CovItemId="B1" Value="20"/>
<Cov CovItemId="B3" Value="12"/>
<Cov CovItemId="B4" Value="36"/>
<Cov CovItemId="S1" Value="5"/>
<Cov CovItemId="S10" Value="25"/>
<Cov CovItemId="S11" Value="20"/>
<Cov CovItemId="S12" Value="20"/>
<Cov CovItemId="S14" Value="12"/>
<Cov CovItemId="S15" Value="12"/>
<Cov CovItemId="S16" Value="48"/>
<Cov CovItemId="S17" Value="12"/>
<Cov CovItemId="S18" Value="48"/>
<Cov CovItemId="S19" Value="12"/>
<Cov CovItemId="S2" Value="5"/>
<Cov CovItemId="S20" Value="12"/>
<Cov CovItemId="S21" Value="48"/>
<Cov CovItemId="S22" Value="12"/>
<Cov CovItemId="S23" Value="48"/>
<Cov CovItemId="S24" Value="12"/>
<Cov CovItemId="S25" Value="12"/>
<Cov CovItemId="S26" Value="12"/>
<Cov CovItemId="S27" Value="12"/>
<Cov CovItemId="S28" Value="12"/>
<Cov CovItemId="S3" Value="5"/>
<Cov CovItemId="S4" Value="5"/>
<Cov CovItemId="S5" Value="5"/>
<Cov CovItemId="S6" Value="5"/>
<Cov CovItemId="S7" Value="13"/>
<Cov CovItemId="S8" Value="4"/>
<Cov CovItemId="S9" Value="36"/>
</CovPrefix>
</CovList>
<AssgnmntList>
<AssgnmntPrefix RootTermCovItemPrefix="pickr.classes.Deck.java">
<AssgnmntListEntry Length="1" RootTermCovItemId="C1">
<MapEntry BoolAssgnmnt="0" Value="6"/>
<MapEntry BoolAssgnmnt="1" Value="60"/>
</AssgnmntListEntry>
<AssgnmntListEntry Length="1" RootTermCovItemId="C2">
<MapEntry BoolAssgnmnt="0" Value="44"/>
<MapEntry BoolAssgnmnt="1" Value="1"/>
</AssgnmntListEntry>
<AssgnmntListEntry Length="1" RootTermCovItemId="C3">
<MapEntry BoolAssgnmnt="1" Value="20"/>
</AssgnmntListEntry>
<AssgnmntListEntry Length="1" RootTermCovItemId="C4">
<MapEntry BoolAssgnmnt="0" Value="20"/>
<MapEntry BoolAssgnmnt="1" Value="60"/>
</AssgnmntListEntry>
</AssgnmntPrefix>
<AssgnmntPrefix RootTermCovItemPrefix="pickr.classes.GamingCard.java">
<AssgnmntListEntry Length="2" RootTermCovItemId="C1">
<MapEntry BoolAssgnmnt="02" Value="24"/>
<MapEntry BoolAssgnmnt="10" Value="24"/>
<MapEntry BoolAssgnmnt="11" Value="192"/>
</AssgnmntListEntry>
<AssgnmntListEntry Length="2" RootTermCovItemId="C2">
<MapEntry BoolAssgnmnt="00" Value="240"/>
</AssgnmntListEntry>
</AssgnmntPrefix>
<AssgnmntPrefix RootTermCovItemPrefix="pickr.games.Briscola.java">
<AssgnmntListEntry Length="3" RootTermCovItemId="C1">
<MapEntry BoolAssgnmnt="022" Value="34"/>
<MapEntry BoolAssgnmnt="102" Value="13"/>
<MapEntry BoolAssgnmnt="110" Value="1"/>
</AssgnmntListEntry>
<AssgnmntListEntry Length="3" RootTermCovItemId="C2">
<MapEntry BoolAssgnmnt="022" Value="34"/>
<MapEntry BoolAssgnmnt="102" Value="1"/>
<MapEntry BoolAssgnmnt="110" Value="5"/>
<MapEntry BoolAssgnmnt="111" Value="8"/>
</AssgnmntListEntry>
<AssgnmntListEntry Length="3" RootTermCovItemId="C3">
<MapEntry BoolAssgnmnt="122" Value="6"/>
<MapEntry BoolAssgnmnt="002" Value="40"/>
<MapEntry BoolAssgnmnt="011" Value="2"/>
</AssgnmntListEntry>
</AssgnmntPrefix>
<AssgnmntPrefix RootTermCovItemPrefix="pickr.games.Game.java">
<AssgnmntListEntry Length="1" RootTermCovItemId="C1">
<MapEntry BoolAssgnmnt="1" Value="20"/>
</AssgnmntListEntry>
<AssgnmntListEntry Length="1" RootTermCovItemId="C2">
<MapEntry BoolAssgnmnt="0" Value="36"/>
<MapEntry BoolAssgnmnt="1" Value="12"/>
</AssgnmntListEntry>
</AssgnmntPrefix>
</AssgnmntList>
<ObjMetaDataList/>
<MetaDataList/>
</TestCase>
<TestCase Comment="" Date="1598619558601" Name="randoop.RandoopTest0:test35">
<CovList>
<CovPrefix CovItemPrefix="pickr.classes.Deck.java">
<Cov CovItemId="B1" Value="36"/>
<Cov CovItemId="B2" Value="1"/>
<Cov CovItemId="B3" Value="12"/>
<Cov CovItemId="S1" Value="5"/>
<Cov CovItemId="S10" Value="12"/>
<Cov CovItemId="S11" Value="12"/>
<Cov CovItemId="S12" Value="12"/>
<Cov CovItemId="S13" Value="36"/>
<Cov CovItemId="S14" Value="12"/>
<Cov CovItemId="S2" Value="19"/>
<Cov CovItemId="S3" Value="5"/>
<Cov CovItemId="S4" Value="50"/>
<Cov CovItemId="S5" Value="200"/>
<Cov CovItemId="S6" Value="3"/>
<Cov CovItemId="S7" Value="37"/>
<Cov CovItemId="S8" Value="36"/>
<Cov CovItemId="S9" Value="1"/>
</CovPrefix>
<CovPrefix CovItemPrefix="pickr.classes.GamingCard.java">
<Cov CovItemId="B1" Value="160"/>
<Cov CovItemId="B2" Value="40"/>
<Cov CovItemId="B4" Value="200"/>
<Cov CovItemId="S1" Value="200"/>
<Cov CovItemId="S10" Value="200"/>
<Cov CovItemId="S12" Value="200"/>
<Cov CovItemId="S13" Value="86"/>
<Cov CovItemId="S2" Value="200"/>
<Cov CovItemId="S3" Value="200"/>
<Cov CovItemId="S4" Value="69"/>
<Cov CovItemId="S6" Value="280"/>
<Cov CovItemId="S7" Value="200"/>
<Cov CovItemId="S8" Value="160"/>
<Cov CovItemId="S9" Value="40"/>
</CovPrefix>
<CovPrefix CovItemPrefix="pickr.classes.Player.java">
<Cov CovItemId="S1" Value="12"/>
<Cov CovItemId="S12" Value="18"/>
<Cov CovItemId="S13" Value="40"/>
<Cov CovItemId="S14" Value="36"/>
<Cov CovItemId="S2" Value="12"/>
<Cov CovItemId="S3" Value="12"/>
<Cov CovItemId="S4" Value="12"/>
<Cov CovItemId="S5" Value="48"/>
<Cov CovItemId="S6" Value="12"/>
<Cov CovItemId="S7" Value="40"/>
<Cov CovItemId="S9" Value="10"/>
</CovPrefix>
<CovPrefix CovItemPrefix="pickr.games.Briscola.java">
<Cov CovItemId="B2" Value="40"/>
<Cov CovItemId="B3" Value="3"/>
<Cov CovItemId="B4" Value="37"/>
<Cov CovItemId="B5" Value="3"/>
<Cov CovItemId="B6" Value="37"/>
<Cov CovItemId="S1" Value="3"/>
<Cov CovItemId="S10" Value="10"/>
<Cov CovItemId="S11" Value="40"/>
<Cov CovItemId="S14" Value="40"/>
<Cov CovItemId="S15" Value="3"/>
<Cov CovItemId="S16" Value="3"/>
<Cov CovItemId="S17" Value="40"/>
<Cov CovItemId="S18" Value="3"/>
<Cov CovItemId="S19" Value="3"/>
<Cov CovItemId="S2" Value="3"/>
<Cov CovItemId="S20" Value="10"/>
<Cov CovItemId="S21" Value="10"/>
<Cov CovItemId="S22" Value="10"/>
<Cov CovItemId="S23" Value="40"/>
<Cov CovItemId="S24" Value="10"/>
<Cov CovItemId="S25" Value="10"/>
<Cov CovItemId="S26" Value="10"/>
<Cov CovItemId="S27" Value="10"/>
<Cov CovItemId="S28" Value="37"/>
<Cov CovItemId="S3" Value="3"/>
<Cov CovItemId="S4" Value="12"/>
<Cov CovItemId="S5" Value="3"/>
<Cov CovItemId="S6" Value="3"/>
<Cov CovItemId="S7" Value="3"/>
<Cov CovItemId="S8" Value="3"/>
<Cov CovItemId="S9" Value="10"/>
</CovPrefix>
<CovPrefix CovItemPrefix="pickr.games.Game.java">
<Cov CovItemId="B1" Value="12"/>
<Cov CovItemId="B3" Value="10"/>
<Cov CovItemId="B4" Value="30"/>
<Cov CovItemId="S1" Value="3"/>
<Cov CovItemId="S10" Value="17"/>
<Cov CovItemId="S11" Value="12"/>
<Cov CovItemId="S12" Value="12"/>
<Cov CovItemId="S14" Value="10"/>
<Cov CovItemId="S15" Value="10"/>
<Cov CovItemId="S16" Value="40"/>
<Cov CovItemId="S17" Value="10"/>
<Cov CovItemId="S18" Value="40"/>
<Cov CovItemId="S19" Value="10"/>
<Cov CovItemId="S2" Value="3"/>
<Cov CovItemId="S20" Value="10"/>
<Cov CovItemId="S21" Value="40"/>
<Cov CovItemId="S22" Value="10"/>
<Cov CovItemId="S23" Value="40"/>
<Cov CovItemId="S24" Value="10"/>
<Cov CovItemId="S25" Value="10"/>
<Cov CovItemId="S26" Value="10"/>
<Cov CovItemId="S27" Value="10"/>
<Cov CovItemId="S28" Value="10"/>
<Cov CovItemId="S3" Value="3"/>
<Cov CovItemId="S4" Value="3"/>
<Cov CovItemId="S5" Value="3"/>
<Cov CovItemId="S6" Value="3"/>
<Cov CovItemId="S7" Value="7"/>
<Cov CovItemId="S8" Value="2"/>
<Cov CovItemId="S9" Value="30"/>
</CovPrefix>
</CovList>
<AssgnmntList>
<AssgnmntPrefix RootTermCovItemPrefix="pickr.classes.Deck.java">
<AssgnmntListEntry Length="1" RootTermCovItemId="C1">
<MapEntry BoolAssgnmnt="0" Value="5"/>
<MapEntry BoolAssgnmnt="1" Value="50"/>
</AssgnmntListEntry>
<AssgnmntListEntry Length="1" RootTermCovItemId="C2">
<MapEntry BoolAssgnmnt="0" Value="36"/>
<MapEntry BoolAssgnmnt="1" Value="1"/>
</AssgnmntListEntry>
<AssgnmntListEntry Length="1" RootTermCovItemId="C3">
<MapEntry BoolAssgnmnt="1" Value="12"/>
</AssgnmntListEntry>
<AssgnmntListEntry Length="1" RootTermCovItemId="C4">
<MapEntry BoolAssgnmnt="0" Value="12"/>
<MapEntry BoolAssgnmnt="1" Value="36"/>
</AssgnmntListEntry>
</AssgnmntPrefix>
<AssgnmntPrefix RootTermCovItemPrefix="pickr.classes.GamingCard.java">
<AssgnmntListEntry Length="2" RootTermCovItemId="C1">
<MapEntry BoolAssgnmnt="02" Value="20"/>
<MapEntry BoolAssgnmnt="10" Value="20"/>
<MapEntry BoolAssgnmnt="11" Value="160"/>
</AssgnmntListEntry>
<AssgnmntListEntry Length="2" RootTermCovItemId="C2">
<MapEntry BoolAssgnmnt="00" Value="200"/>
</AssgnmntListEntry>
</AssgnmntPrefix>
<AssgnmntPrefix RootTermCovItemPrefix="pickr.games.Briscola.java">
<AssgnmntListEntry Length="3" RootTermCovItemId="C1">
<MapEntry BoolAssgnmnt="022" Value="34"/>
<MapEntry BoolAssgnmnt="102" Value="5"/>
<MapEntry BoolAssgnmnt="110" Value="1"/>
</AssgnmntListEntry>
<AssgnmntListEntry Length="3" RootTermCovItemId="C2">
<MapEntry BoolAssgnmnt="022" Value="34"/>
<MapEntry BoolAssgnmnt="102" Value="1"/>
<MapEntry BoolAssgnmnt="110" Value="2"/>
<MapEntry BoolAssgnmnt="111" Value="3"/>
</AssgnmntListEntry>
<AssgnmntListEntry Length="3" RootTermCovItemId="C3">
<MapEntry BoolAssgnmnt="122" Value="3"/>
<MapEntry BoolAssgnmnt="002" Value="26"/>
<MapEntry BoolAssgnmnt="010" Value="8"/>
<MapEntry BoolAssgnmnt="011" Value="3"/>
</AssgnmntListEntry>
</AssgnmntPrefix>
<AssgnmntPrefix RootTermCovItemPrefix="pickr.games.Game.java">
<AssgnmntListEntry Length="1" RootTermCovItemId="C1">
<MapEntry BoolAssgnmnt="1" Value="12"/>
</AssgnmntListEntry>
<AssgnmntListEntry Length="1" RootTermCovItemId="C2">
<MapEntry BoolAssgnmnt="0" Value="30"/>
<MapEntry BoolAssgnmnt="1" Value="10"/>
</AssgnmntListEntry>
</AssgnmntPrefix>
</AssgnmntList>
<ObjMetaDataList/>
<MetaDataList/>
</TestCase>
<TestCase Comment="" Date="1598619558602" Name="randoop.RandoopTest0:test36">
<CovList>
<CovPrefix CovItemPrefix="pickr.classes.Deck.java">
<Cov CovItemId="B1" Value="32"/>
<Cov CovItemId="B2" Value="1"/>
<Cov CovItemId="B3" Value="8"/>
<Cov CovItemId="S1" Value="4"/>
<Cov CovItemId="S10" Value="8"/>
<Cov CovItemId="S11" Value="8"/>
<Cov CovItemId="S12" Value="8"/>
<Cov CovItemId="S13" Value="24"/>
<Cov CovItemId="S14" Value="8"/>
<Cov CovItemId="S2" Value="14"/>
<Cov CovItemId="S3" Value="4"/>
<Cov CovItemId="S4" Value="40"/>
<Cov CovItemId="S5" Value="160"/>
<Cov CovItemId="S6" Value="2"/>
<Cov CovItemId="S7" Value="33"/>
<Cov CovItemId="S8" Value="32"/>
<Cov CovItemId="S9" Value="1"/>
</CovPrefix>
<CovPrefix CovItemPrefix="pickr.classes.GamingCard.java">
<Cov CovItemId="B1" Value="128"/>
<Cov CovItemId="B2" Value="32"/>
<Cov CovItemId="B4" Value="160"/>
<Cov CovItemId="S1" Value="160"/>
<Cov CovItemId="S10" Value="160"/>
<Cov CovItemId="S12" Value="160"/>
<Cov CovItemId="S13" Value="83"/>
<Cov CovItemId="S2" Value="160"/>
<Cov CovItemId="S3" Value="160"/>
<Cov CovItemId="S4" Value="88"/>
<Cov CovItemId="S6" Value="252"/>
<Cov CovItemId="S7" Value="160"/>
<Cov CovItemId="S8" Value="128"/>
<Cov CovItemId="S9" Value="32"/>
</CovPrefix>
<CovPrefix CovItemPrefix="pickr.classes.Player.java">
<Cov CovItemId="S1" Value="8"/>
<Cov CovItemId="S12" Value="13"/>
<Cov CovItemId="S13" Value="36"/>
<Cov CovItemId="S14" Value="32"/>
<Cov CovItemId="S2" Value="8"/>
<Cov CovItemId="S3" Value="8"/>
<Cov CovItemId="S4" Value="8"/>
<Cov CovItemId="S5" Value="40"/>
<Cov CovItemId="S6" Value="8"/>
<Cov CovItemId="S7" Value="36"/>
<Cov CovItemId="S9" Value="9"/>
</CovPrefix>
<CovPrefix CovItemPrefix="pickr.games.Briscola.java">
<Cov CovItemId="B1" Value="1"/>
<Cov CovItemId="B2" Value="35"/>
<Cov CovItemId="B3" Value="9"/>
<Cov CovItemId="B4" Value="27"/>
<Cov CovItemId="B5" Value="3"/>
<Cov CovItemId="B6" Value="33"/>
<Cov CovItemId="S1" Value="2"/>
<Cov CovItemId="S10" Value="9"/>
<Cov CovItemId="S11" Value="36"/>
<Cov CovItemId="S12" Value="1"/>
<Cov CovItemId="S13" Value="1"/>
<Cov CovItemId="S14" Value="36"/>
<Cov CovItemId="S15" Value="9"/>
<Cov CovItemId="S16" Value="9"/>
<Cov CovItemId="S17" Value="36"/>
<Cov CovItemId="S18" Value="3"/>
<Cov CovItemId="S19" Value="3"/>
<Cov CovItemId="S2" Value="2"/>
<Cov CovItemId="S20" Value="9"/>
<Cov CovItemId="S21" Value="9"/>
<Cov CovItemId="S22" Value="9"/>
<Cov CovItemId="S23" Value="36"/>
<Cov CovItemId="S24" Value="9"/>
<Cov CovItemId="S25" Value="9"/>
<Cov CovItemId="S26" Value="9"/>
<Cov CovItemId="S27" Value="9"/>
<Cov CovItemId="S28" Value="33"/>
<Cov CovItemId="S3" Value="2"/>
<Cov CovItemId="S4" Value="8"/>
<Cov CovItemId="S5" Value="2"/>
<Cov CovItemId="S6" Value="2"/>
<Cov CovItemId="S7" Value="2"/>
<Cov CovItemId="S8" Value="2"/>
<Cov CovItemId="S9" Value="9"/>
</CovPrefix>
<CovPrefix CovItemPrefix="pickr.games.Game.java">
<Cov CovItemId="B1" Value="8"/>
<Cov CovItemId="B3" Value="9"/>
<Cov CovItemId="B4" Value="27"/>
<Cov CovItemId="S1" Value="2"/>
<Cov CovItemId="S10" Value="13"/>
<Cov CovItemId="S11" Value="8"/>
<Cov CovItemId="S12" Value="8"/>
<Cov CovItemId="S14" Value="9"/>
<Cov CovItemId="S15" Value="9"/>
<Cov CovItemId="S16" Value="36"/>
<Cov CovItemId="S17" Value="9"/>
<Cov CovItemId="S18" Value="36"/>
<Cov CovItemId="S19" Value="9"/>
<Cov CovItemId="S2" Value="2"/>
<Cov CovItemId="S20" Value="9"/>
<Cov CovItemId="S21" Value="36"/>
<Cov CovItemId="S22" Value="9"/>
<Cov CovItemId="S23" Value="36"/>
<Cov CovItemId="S24" Value="9"/>
<Cov CovItemId="S25" Value="9"/>
<Cov CovItemId="S26" Value="9"/>
<Cov CovItemId="S27" Value="9"/>
<Cov CovItemId="S28" Value="9"/>
<Cov CovItemId="S3" Value="2"/>
<Cov CovItemId="S4" Value="2"/>
<Cov CovItemId="S5" Value="2"/>
<Cov CovItemId="S6" Value="2"/>
<Cov CovItemId="S7" Value="4"/>
<Cov CovItemId="S8" Value="1"/>
<Cov CovItemId="S9" Value="27"/>
</CovPrefix>
</CovList>
<AssgnmntList>
<AssgnmntPrefix RootTermCovItemPrefix="pickr.classes.Deck.java">
<AssgnmntListEntry Length="1" RootTermCovItemId="C1">
<MapEntry BoolAssgnmnt="0" Value="4"/>
<MapEntry BoolAssgnmnt="1" Value="40"/>
</AssgnmntListEntry>
<AssgnmntListEntry Length="1" RootTermCovItemId="C2">
<MapEntry BoolAssgnmnt="0" Value="32"/>
<MapEntry BoolAssgnmnt="1" Value="1"/>
</AssgnmntListEntry>
<AssgnmntListEntry Length="1" RootTermCovItemId="C3">
<MapEntry BoolAssgnmnt="1" Value="8"/>
</AssgnmntListEntry>
<AssgnmntListEntry Length="1" RootTermCovItemId="C4">
<MapEntry BoolAssgnmnt="0" Value="8"/>
<MapEntry BoolAssgnmnt="1" Value="24"/>
</AssgnmntListEntry>
</AssgnmntPrefix>
<AssgnmntPrefix RootTermCovItemPrefix="pickr.classes.GamingCard.java">
<AssgnmntListEntry Length="2" RootTermCovItemId="C1">
<MapEntry BoolAssgnmnt="02" Value="16"/>
<MapEntry BoolAssgnmnt="10" Value="16"/>
<MapEntry BoolAssgnmnt="11" Value="128"/>
</AssgnmntListEntry>
<AssgnmntListEntry Length="2" RootTermCovItemId="C2">
<MapEntry BoolAssgnmnt="00" Value="160"/>
</AssgnmntListEntry>
</AssgnmntPrefix>
<AssgnmntPrefix RootTermCovItemPrefix="pickr.games.Briscola.java">
<AssgnmntListEntry Length="3" RootTermCovItemId="C1">
<MapEntry BoolAssgnmnt="022" Value="19"/>
<MapEntry BoolAssgnmnt="102" Value="12"/>
<MapEntry BoolAssgnmnt="110" Value="4"/>
<MapEntry BoolAssgnmnt="111" Value="1"/>
</AssgnmntListEntry>
<AssgnmntListEntry Length="3" RootTermCovItemId="C2">
<MapEntry BoolAssgnmnt="022" Value="20"/>
<MapEntry BoolAssgnmnt="102" Value="4"/>
<MapEntry BoolAssgnmnt="110" Value="3"/>
<MapEntry BoolAssgnmnt="111" Value="9"/>
</AssgnmntListEntry>
<AssgnmntListEntry Length="3" RootTermCovItemId="C3">
<MapEntry BoolAssgnmnt="122" Value="7"/>
<MapEntry BoolAssgnmnt="002" Value="22"/>
<MapEntry BoolAssgnmnt="010" Value="4"/>
<MapEntry BoolAssgnmnt="011" Value="3"/>
</AssgnmntListEntry>
</AssgnmntPrefix>
<AssgnmntPrefix RootTermCovItemPrefix="pickr.games.Game.java">
<AssgnmntListEntry Length="1" RootTermCovItemId="C1">
<MapEntry BoolAssgnmnt="1" Value="8"/>
</AssgnmntListEntry>
<AssgnmntListEntry Length="1" RootTermCovItemId="C2">
<MapEntry BoolAssgnmnt="0" Value="27"/>
<MapEntry BoolAssgnmnt="1" Value="9"/>
</AssgnmntListEntry>
</AssgnmntPrefix>
</AssgnmntList>
<ObjMetaDataList/>
<MetaDataList/>
</TestCase>
<TestCase Comment="" Date="1598619558603" Name="randoop.RandoopTest0:test37">
<CovList>
<CovPrefix CovItemPrefix="pickr.classes.Deck.java">
<Cov CovItemId="B1" Value="8"/>
<Cov CovItemId="B3" Value="8"/>
<Cov CovItemId="S1" Value="4"/>
<Cov CovItemId="S10" Value="8"/>
<Cov CovItemId="S11" Value="8"/>
<Cov CovItemId="S12" Value="8"/>
<Cov CovItemId="S13" Value="24"/>
<Cov CovItemId="S14" Value="8"/>
<Cov CovItemId="S2" Value="16"/>
<Cov CovItemId="S3" Value="4"/>
<Cov CovItemId="S4" Value="40"/>
<Cov CovItemId="S5" Value="160"/>
<Cov CovItemId="S6" Value="2"/>
<Cov CovItemId="S7" Value="8"/>
<Cov CovItemId="S8" Value="8"/>
</CovPrefix>
<CovPrefix CovItemPrefix="pickr.classes.GamingCard.java">
<Cov CovItemId="B1" Value="129"/>
<Cov CovItemId="B2" Value="32"/>
<Cov CovItemId="B3" Value="1"/>
<Cov CovItemId="B4" Value="160"/>
<Cov CovItemId="S1" Value="161"/>
<Cov CovItemId="S10" Value="161"/>
<Cov CovItemId="S11" Value="1"/>
<Cov CovItemId="S12" Value="160"/>
<Cov CovItemId="S13" Value="40"/>
<Cov CovItemId="S2" Value="161"/>
<Cov CovItemId="S3" Value="161"/>
<Cov CovItemId="S4" Value="17"/>
<Cov CovItemId="S6" Value="56"/>
<Cov CovItemId="S7" Value="161"/>
<Cov CovItemId="S8" Value="129"/>
<Cov CovItemId="S9" Value="32"/>
</CovPrefix>
<CovPrefix CovItemPrefix="pickr.classes.Player.java">
<Cov CovItemId="S1" Value="8"/>
<Cov CovItemId="S12" Value="10"/>
<Cov CovItemId="S13" Value="8"/>
<Cov CovItemId="S14" Value="8"/>
<Cov CovItemId="S2" Value="8"/>
<Cov CovItemId="S3" Value="8"/>
<Cov CovItemId="S4" Value="8"/>
<Cov CovItemId="S5" Value="16"/>
<Cov CovItemId="S6" Value="8"/>
<Cov CovItemId="S7" Value="8"/>
<Cov CovItemId="S9" Value="2"/>
</CovPrefix>
<CovPrefix CovItemPrefix="pickr.games.Briscola.java">
<Cov CovItemId="B1" Value="1"/>
<Cov CovItemId="B2" Value="7"/>
<Cov CovItemId="B4" Value="8"/>
<Cov CovItemId="B5" Value="2"/>
<Cov CovItemId="B6" Value="6"/>
<Cov CovItemId="S1" Value="2"/>
<Cov CovItemId="S10" Value="2"/>
<Cov CovItemId="S11" Value="8"/>
<Cov CovItemId="S12" Value="1"/>
<Cov CovItemId="S13" Value="1"/>
<Cov CovItemId="S14" Value="8"/>
<Cov CovItemId="S17" Value="8"/>
<Cov CovItemId="S18" Value="2"/>
<Cov CovItemId="S19" Value="2"/>
<Cov CovItemId="S2" Value="2"/>
<Cov CovItemId="S20" Value="2"/>
<Cov CovItemId="S21" Value="2"/>
<Cov CovItemId="S22" Value="2"/>
<Cov CovItemId="S23" Value="8"/>
<Cov CovItemId="S24" Value="2"/>
<Cov CovItemId="S25" Value="2"/>
<Cov CovItemId="S26" Value="2"/>
<Cov CovItemId="S27" Value="2"/>
<Cov CovItemId="S28" Value="8"/>
<Cov CovItemId="S3" Value="2"/>
<Cov CovItemId="S4" Value="8"/>
<Cov CovItemId="S5" Value="2"/>
<Cov CovItemId="S6" Value="2"/>
<Cov CovItemId="S7" Value="2"/>
<Cov CovItemId="S8" Value="2"/>
<Cov CovItemId="S9" Value="2"/>
</CovPrefix>
<CovPrefix CovItemPrefix="pickr.games.Game.java">
<Cov CovItemId="B1" Value="8"/>
<Cov CovItemId="B3" Value="2"/>
<Cov CovItemId="B4" Value="6"/>
<Cov CovItemId="S1" Value="2"/>
<Cov CovItemId="S10" Value="8"/>
<Cov CovItemId="S11" Value="8"/>
<Cov CovItemId="S12" Value="8"/>
<Cov CovItemId="S14" Value="2"/>
<Cov CovItemId="S15" Value="2"/>
<Cov CovItemId="S16" Value="8"/>
<Cov CovItemId="S17" Value="2"/>
<Cov CovItemId="S18" Value="8"/>
<Cov CovItemId="S19" Value="2"/>
<Cov CovItemId="S2" Value="2"/>
<Cov CovItemId="S20" Value="2"/>
<Cov CovItemId="S21" Value="8"/>
<Cov CovItemId="S22" Value="2"/>
<Cov CovItemId="S23" Value="8"/>
<Cov CovItemId="S24" Value="2"/>
<Cov CovItemId="S25" Value="2"/>
<Cov CovItemId="S26" Value="2"/>
<Cov CovItemId="S27" Value="2"/>
<Cov CovItemId="S28" Value="2"/>
<Cov CovItemId="S3" Value="2"/>
<Cov CovItemId="S4" Value="2"/>
<Cov CovItemId="S5" Value="2"/>
<Cov CovItemId="S6" Value="2"/>
<Cov CovItemId="S7" Value="6"/>
<Cov CovItemId="S8" Value="2"/>
<Cov CovItemId="S9" Value="6"/>
</CovPrefix>
</CovList>
<AssgnmntList>
<AssgnmntPrefix RootTermCovItemPrefix="pickr.classes.Deck.java">
<AssgnmntListEntry Length="1" RootTermCovItemId="C1">
<MapEntry BoolAssgnmnt="0" Value="4"/>
<MapEntry BoolAssgnmnt="1" Value="40"/>
</AssgnmntListEntry>
<AssgnmntListEntry Length="1" RootTermCovItemId="C2">
<MapEntry BoolAssgnmnt="0" Value="8"/>
</AssgnmntListEntry>
<AssgnmntListEntry Length="1" RootTermCovItemId="C3">
<MapEntry BoolAssgnmnt="1" Value="8"/>
</AssgnmntListEntry>
<AssgnmntListEntry Length="1" RootTermCovItemId="C4">
<MapEntry BoolAssgnmnt="0" Value="8"/>
<MapEntry BoolAssgnmnt="1" Value="24"/>
</AssgnmntListEntry>
</AssgnmntPrefix>
<AssgnmntPrefix RootTermCovItemPrefix="pickr.classes.GamingCard.java">
<AssgnmntListEntry Length="2" RootTermCovItemId="C1">
<MapEntry BoolAssgnmnt="02" Value="16"/>
<MapEntry BoolAssgnmnt="10" Value="16"/>
<MapEntry BoolAssgnmnt="11" Value="129"/>
</AssgnmntListEntry>
<AssgnmntListEntry Length="2" RootTermCovItemId="C2">
<MapEntry BoolAssgnmnt="00" Value="160"/>
<MapEntry BoolAssgnmnt="01" Value="1"/>
</AssgnmntListEntry>
</AssgnmntPrefix>
<AssgnmntPrefix RootTermCovItemPrefix="pickr.games.Briscola.java">
<AssgnmntListEntry Length="3" RootTermCovItemId="C1">
<MapEntry BoolAssgnmnt="022" Value="7"/>
<MapEntry BoolAssgnmnt="111" Value="1"/>
</AssgnmntListEntry>
<AssgnmntListEntry Length="3" RootTermCovItemId="C2">
<MapEntry BoolAssgnmnt="022" Value="8"/>
</AssgnmntListEntry>
<AssgnmntListEntry Length="3" RootTermCovItemId="C3">
<MapEntry BoolAssgnmnt="002" Value="3"/>
<MapEntry BoolAssgnmnt="010" Value="3"/>
<MapEntry BoolAssgnmnt="011" Value="2"/>
</AssgnmntListEntry>
</AssgnmntPrefix>
<AssgnmntPrefix RootTermCovItemPrefix="pickr.games.Game.java">
<AssgnmntListEntry Length="1" RootTermCovItemId="C1">
<MapEntry BoolAssgnmnt="1" Value="8"/>
</AssgnmntListEntry>
<AssgnmntListEntry Length="1" RootTermCovItemId="C2">
<MapEntry BoolAssgnmnt="0" Value="6"/>
<MapEntry BoolAssgnmnt="1" Value="2"/>
</AssgnmntListEntry>
</AssgnmntPrefix>
</AssgnmntList>
<ObjMetaDataList/>
<MetaDataList/>
</TestCase>
<TestCase Comment="" Date="1598619558604" Name="randoop.RandoopTest0:test38">
<CovList>
<CovPrefix CovItemPrefix="pickr.classes.Deck.java">
<Cov CovItemId="B1" Value="40"/>
<Cov CovItemId="B2" Value="1"/>
<Cov CovItemId="B3" Value="16"/>
<Cov CovItemId="S1" Value="6"/>
<Cov CovItemId="S10" Value="16"/>
<Cov CovItemId="S11" Value="16"/>
<Cov CovItemId="S12" Value="16"/>
<Cov CovItemId="S13" Value="48"/>
<Cov CovItemId="S14" Value="16"/>
<Cov CovItemId="S2" Value="24"/>
<Cov CovItemId="S3" Value="6"/>
<Cov CovItemId="S4" Value="60"/>
<Cov CovItemId="S5" Value="240"/>
<Cov CovItemId="S6" Value="4"/>
<Cov CovItemId="S7" Value="41"/>
<Cov CovItemId="S8" Value="40"/>
<Cov CovItemId="S9" Value="1"/>
</CovPrefix>
<CovPrefix CovItemPrefix="pickr.classes.GamingCard.java">
<Cov CovItemId="B1" Value="192"/>
<Cov CovItemId="B2" Value="48"/>
<Cov CovItemId="B4" Value="240"/>
<Cov CovItemId="S1" Value="240"/>
<Cov CovItemId="S10" Value="240"/>
<Cov CovItemId="S12" Value="240"/>
<Cov CovItemId="S13" Value="111"/>
<Cov CovItemId="S2" Value="240"/>
<Cov CovItemId="S3" Value="240"/>
<Cov CovItemId="S4" Value="84"/>
<Cov CovItemId="S6" Value="308"/>
<Cov CovItemId="S7" Value="240"/>
<Cov CovItemId="S8" Value="192"/>
<Cov CovItemId="S9" Value="48"/>
</CovPrefix>
<CovPrefix CovItemPrefix="pickr.classes.Player.java">
<Cov CovItemId="S1" Value="16"/>
<Cov CovItemId="S12" Value="23"/>
<Cov CovItemId="S13" Value="44"/>
<Cov CovItemId="S14" Value="40"/>
<Cov CovItemId="S2" Value="16"/>
<Cov CovItemId="S3" Value="16"/>
<Cov CovItemId="S4" Value="16"/>
<Cov CovItemId="S5" Value="56"/>
<Cov CovItemId="S6" Value="16"/>
<Cov CovItemId="S7" Value="44"/>
<Cov CovItemId="S9" Value="11"/>
</CovPrefix>
<CovPrefix CovItemPrefix="pickr.games.Briscola.java">
<Cov CovItemId="B2" Value="44"/>
<Cov CovItemId="B3" Value="7"/>
<Cov CovItemId="B4" Value="37"/>
<Cov CovItemId="B5" Value="3"/>
<Cov CovItemId="B6" Value="41"/>
<Cov CovItemId="S1" Value="4"/>
<Cov CovItemId="S10" Value="11"/>
<Cov CovItemId="S11" Value="44"/>
<Cov CovItemId="S14" Value="44"/>
<Cov CovItemId="S15" Value="7"/>
<Cov CovItemId="S16" Value="7"/>
<Cov CovItemId="S17" Value="44"/>
<Cov CovItemId="S18" Value="3"/>
<Cov CovItemId="S19" Value="3"/>
<Cov CovItemId="S2" Value="4"/>
<Cov CovItemId="S20" Value="11"/>
<Cov CovItemId="S21" Value="11"/>
<Cov CovItemId="S22" Value="11"/>
<Cov CovItemId="S23" Value="44"/>
<Cov CovItemId="S24" Value="11"/>
<Cov CovItemId="S25" Value="11"/>
<Cov CovItemId="S26" Value="11"/>
<Cov CovItemId="S27" Value="11"/>
<Cov CovItemId="S28" Value="41"/>
<Cov CovItemId="S3" Value="4"/>
<Cov CovItemId="S4" Value="16"/>
<Cov CovItemId="S5" Value="4"/>
<Cov CovItemId="S6" Value="4"/>
<Cov CovItemId="S7" Value="4"/>
<Cov CovItemId="S8" Value="4"/>
<Cov CovItemId="S9" Value="11"/>
</CovPrefix>
<CovPrefix CovItemPrefix="pickr.games.Game.java">
<Cov CovItemId="B1" Value="16"/>
<Cov CovItemId="B3" Value="11"/>
<Cov CovItemId="B4" Value="33"/>
<Cov CovItemId="S1" Value="4"/>
<Cov CovItemId="S10" Value="21"/>
<Cov CovItemId="S11" Value="16"/>
<Cov CovItemId="S12" Value="16"/>
<Cov CovItemId="S14" Value="11"/>
<Cov CovItemId="S15" Value="11"/>
<Cov CovItemId="S16" Value="44"/>
<Cov CovItemId="S17" Value="11"/>
<Cov CovItemId="S18" Value="44"/>
<Cov CovItemId="S19" Value="11"/>
<Cov CovItemId="S2" Value="4"/>
<Cov CovItemId="S20" Value="11"/>
<Cov CovItemId="S21" Value="44"/>
<Cov CovItemId="S22" Value="11"/>
<Cov CovItemId="S23" Value="44"/>
<Cov CovItemId="S24" Value="11"/>
<Cov CovItemId="S25" Value="11"/>
<Cov CovItemId="S26" Value="11"/>
<Cov CovItemId="S27" Value="11"/>
<Cov CovItemId="S28" Value="11"/>
<Cov CovItemId="S3" Value="4"/>
<Cov CovItemId="S4" Value="4"/>
<Cov CovItemId="S5" Value="4"/>
<Cov CovItemId="S6" Value="4"/>
<Cov CovItemId="S7" Value="10"/>
<Cov CovItemId="S8" Value="3"/>
<Cov CovItemId="S9" Value="33"/>
</CovPrefix>
</CovList>
<AssgnmntList>
<AssgnmntPrefix RootTermCovItemPrefix="pickr.classes.Deck.java">
<AssgnmntListEntry Length="1" RootTermCovItemId="C1">
<MapEntry BoolAssgnmnt="0" Value="6"/>
<MapEntry BoolAssgnmnt="1" Value="60"/>
</AssgnmntListEntry>
<AssgnmntListEntry Length="1" RootTermCovItemId="C2">
<MapEntry BoolAssgnmnt="0" Value="40"/>
<MapEntry BoolAssgnmnt="1" Value="1"/>
</AssgnmntListEntry>
<AssgnmntListEntry Length="1" RootTermCovItemId="C3">
<MapEntry BoolAssgnmnt="1" Value="16"/>
</AssgnmntListEntry>
<AssgnmntListEntry Length="1" RootTermCovItemId="C4">
<MapEntry BoolAssgnmnt="0" Value="16"/>
<MapEntry BoolAssgnmnt="1" Value="48"/>
</AssgnmntListEntry>
</AssgnmntPrefix>
<AssgnmntPrefix RootTermCovItemPrefix="pickr.classes.GamingCard.java">
<AssgnmntListEntry Length="2" RootTermCovItemId="C1">
<MapEntry BoolAssgnmnt="02" Value="24"/>
<MapEntry BoolAssgnmnt="10" Value="24"/>
<MapEntry BoolAssgnmnt="11" Value="192"/>
</AssgnmntListEntry>
<AssgnmntListEntry Length="2" RootTermCovItemId="C2">
<MapEntry BoolAssgnmnt="00" Value="240"/>
</AssgnmntListEntry>
</AssgnmntPrefix>
<AssgnmntPrefix RootTermCovItemPrefix="pickr.games.Briscola.java">
<AssgnmntListEntry Length="3" RootTermCovItemId="C1">
<MapEntry BoolAssgnmnt="022" Value="32"/>
<MapEntry BoolAssgnmnt="102" Value="10"/>
<MapEntry BoolAssgnmnt="110" Value="2"/>
</AssgnmntListEntry>
<AssgnmntListEntry Length="3" RootTermCovItemId="C2">
<MapEntry BoolAssgnmnt="022" Value="32"/>
<MapEntry BoolAssgnmnt="102" Value="2"/>
<MapEntry BoolAssgnmnt="110" Value="3"/>
<MapEntry BoolAssgnmnt="111" Value="7"/>
</AssgnmntListEntry>
<AssgnmntListEntry Length="3" RootTermCovItemId="C3">
<MapEntry BoolAssgnmnt="122" Value="5"/>
<MapEntry BoolAssgnmnt="002" Value="34"/>
<MapEntry BoolAssgnmnt="010" Value="2"/>
<MapEntry BoolAssgnmnt="011" Value="3"/>
</AssgnmntListEntry>
</AssgnmntPrefix>
<AssgnmntPrefix RootTermCovItemPrefix="pickr.games.Game.java">
<AssgnmntListEntry Length="1" RootTermCovItemId="C1">
<MapEntry BoolAssgnmnt="1" Value="16"/>
</AssgnmntListEntry>
<AssgnmntListEntry Length="1" RootTermCovItemId="C2">
<MapEntry BoolAssgnmnt="0" Value="33"/>
<MapEntry BoolAssgnmnt="1" Value="11"/>
</AssgnmntListEntry>
</AssgnmntPrefix>
</AssgnmntList>
<ObjMetaDataList/>
<MetaDataList/>
</TestCase>
<TestCase Comment="" Date="1598619558605" Name="randoop.RandoopTest0:test39">
<CovList>
<CovPrefix CovItemPrefix="pickr.classes.Deck.java">
<Cov CovItemId="B1" Value="32"/>
<Cov CovItemId="B2" Value="1"/>
<Cov CovItemId="B3" Value="8"/>
<Cov CovItemId="S1" Value="5"/>
<Cov CovItemId="S10" Value="8"/>
<Cov CovItemId="S11" Value="8"/>
<Cov CovItemId="S12" Value="8"/>
<Cov CovItemId="S13" Value="24"/>
<Cov CovItemId="S14" Value="8"/>
<Cov CovItemId="S2" Value="17"/>
<Cov CovItemId="S3" Value="5"/>
<Cov CovItemId="S4" Value="50"/>
<Cov CovItemId="S5" Value="200"/>
<Cov CovItemId="S6" Value="2"/>
<Cov CovItemId="S7" Value="33"/>
<Cov CovItemId="S8" Value="32"/>
<Cov CovItemId="S9" Value="1"/>
</CovPrefix>
<CovPrefix CovItemPrefix="pickr.classes.GamingCard.java">
<Cov CovItemId="B1" Value="160"/>
<Cov CovItemId="B2" Value="40"/>
<Cov CovItemId="B4" Value="200"/>
<Cov CovItemId="S1" Value="200"/>
<Cov CovItemId="S10" Value="200"/>
<Cov CovItemId="S12" Value="200"/>
<Cov CovItemId="S13" Value="83"/>
<Cov CovItemId="S2" Value="200"/>
<Cov CovItemId="S3" Value="200"/>
<Cov CovItemId="S4" Value="77"/>
<Cov CovItemId="S6" Value="252"/>
<Cov CovItemId="S7" Value="200"/>
<Cov CovItemId="S8" Value="160"/>
<Cov CovItemId="S9" Value="40"/>
</CovPrefix>
<CovPrefix CovItemPrefix="pickr.classes.Player.java">
<Cov CovItemId="S1" Value="8"/>
<Cov CovItemId="S12" Value="13"/>
<Cov CovItemId="S13" Value="36"/>
<Cov CovItemId="S14" Value="32"/>
<Cov CovItemId="S2" Value="8"/>
<Cov CovItemId="S3" Value="8"/>
<Cov CovItemId="S4" Value="8"/>
<Cov CovItemId="S5" Value="40"/>
<Cov CovItemId="S6" Value="8"/>
<Cov CovItemId="S7" Value="36"/>
<Cov CovItemId="S9" Value="9"/>
</CovPrefix>
<CovPrefix CovItemPrefix="pickr.games.Briscola.java">
<Cov CovItemId="B2" Value="36"/>
<Cov CovItemId="B3" Value="9"/>
<Cov CovItemId="B4" Value="27"/>
<Cov CovItemId="B5" Value="4"/>
<Cov CovItemId="B6" Value="32"/>
<Cov CovItemId="S1" Value="2"/>
<Cov CovItemId="S10" Value="9"/>
<Cov CovItemId="S11" Value="36"/>
<Cov CovItemId="S14" Value="36"/>
<Cov CovItemId="S15" Value="9"/>
<Cov CovItemId="S16" Value="9"/>
<Cov CovItemId="S17" Value="36"/>
<Cov CovItemId="S18" Value="4"/>
<Cov CovItemId="S19" Value="4"/>
<Cov CovItemId="S2" Value="2"/>
<Cov CovItemId="S20" Value="9"/>
<Cov CovItemId="S21" Value="9"/>
<Cov CovItemId="S22" Value="9"/>
<Cov CovItemId="S23" Value="36"/>
<Cov CovItemId="S24" Value="9"/>
<Cov CovItemId="S25" Value="9"/>
<Cov CovItemId="S26" Value="9"/>
<Cov CovItemId="S27" Value="9"/>
<Cov CovItemId="S28" Value="33"/>
<Cov CovItemId="S3" Value="2"/>
<Cov CovItemId="S4" Value="8"/>
<Cov CovItemId="S5" Value="2"/>
<Cov CovItemId="S6" Value="2"/>
<Cov CovItemId="S7" Value="2"/>
<Cov CovItemId="S8" Value="2"/>
<Cov CovItemId="S9" Value="9"/>
</CovPrefix>
<CovPrefix CovItemPrefix="pickr.games.Game.java">
<Cov CovItemId="B1" Value="8"/>
<Cov CovItemId="B3" Value="9"/>
<Cov CovItemId="B4" Value="27"/>
<Cov CovItemId="S1" Value="2"/>
<Cov CovItemId="S10" Value="13"/>
<Cov CovItemId="S11" Value="8"/>
<Cov CovItemId="S12" Value="8"/>
<Cov CovItemId="S14" Value="9"/>
<Cov CovItemId="S15" Value="9"/>
<Cov CovItemId="S16" Value="36"/>
<Cov CovItemId="S17" Value="9"/>
<Cov CovItemId="S18" Value="36"/>
<Cov CovItemId="S19" Value="9"/>
<Cov CovItemId="S2" Value="2"/>
<Cov CovItemId="S20" Value="9"/>
<Cov CovItemId="S21" Value="36"/>
<Cov CovItemId="S22" Value="9"/>
<Cov CovItemId="S23" Value="36"/>
<Cov CovItemId="S24" Value="9"/>
<Cov CovItemId="S25" Value="9"/>
<Cov CovItemId="S26" Value="9"/>
<Cov CovItemId="S27" Value="9"/>
<Cov CovItemId="S28" Value="9"/>
<Cov CovItemId="S3" Value="2"/>
<Cov CovItemId="S4" Value="2"/>
<Cov CovItemId="S5" Value="2"/>
<Cov CovItemId="S6" Value="2"/>
<Cov CovItemId="S7" Value="4"/>
<Cov CovItemId="S8" Value="1"/>
<Cov CovItemId="S9" Value="27"/>
</CovPrefix>
</CovList>
<AssgnmntList>
<AssgnmntPrefix RootTermCovItemPrefix="pickr.classes.Deck.java">
<AssgnmntListEntry Length="1" RootTermCovItemId="C1">
<MapEntry BoolAssgnmnt="0" Value="5"/>
<MapEntry BoolAssgnmnt="1" Value="50"/>
</AssgnmntListEntry>
<AssgnmntListEntry Length="1" RootTermCovItemId="C2">
<MapEntry BoolAssgnmnt="0" Value="32"/>
<MapEntry BoolAssgnmnt="1" Value="1"/>
</AssgnmntListEntry>
<AssgnmntListEntry Length="1" RootTermCovItemId="C3">
<MapEntry BoolAssgnmnt="1" Value="8"/>
</AssgnmntListEntry>
<AssgnmntListEntry Length="1" RootTermCovItemId="C4">
<MapEntry BoolAssgnmnt="0" Value="8"/>
<MapEntry BoolAssgnmnt="1" Value="24"/>
</AssgnmntListEntry>
</AssgnmntPrefix>
<AssgnmntPrefix RootTermCovItemPrefix="pickr.classes.GamingCard.java">
<AssgnmntListEntry Length="2" RootTermCovItemId="C1">
<MapEntry BoolAssgnmnt="02" Value="20"/>
<MapEntry BoolAssgnmnt="10" Value="20"/>
<MapEntry BoolAssgnmnt="11" Value="160"/>
</AssgnmntListEntry>
<AssgnmntListEntry Length="2" RootTermCovItemId="C2">
<MapEntry BoolAssgnmnt="00" Value="200"/>
</AssgnmntListEntry>
</AssgnmntPrefix>
<AssgnmntPrefix RootTermCovItemPrefix="pickr.games.Briscola.java">
<AssgnmntListEntry Length="3" RootTermCovItemId="C1">
<MapEntry BoolAssgnmnt="022" Value="23"/>
<MapEntry BoolAssgnmnt="102" Value="11"/>
<MapEntry BoolAssgnmnt="110" Value="2"/>
</AssgnmntListEntry>
<AssgnmntListEntry Length="3" RootTermCovItemId="C2">
<MapEntry BoolAssgnmnt="022" Value="23"/>
<MapEntry BoolAssgnmnt="102" Value="2"/>
<MapEntry BoolAssgnmnt="110" Value="2"/>
<MapEntry BoolAssgnmnt="111" Value="9"/>
</AssgnmntListEntry>
<AssgnmntListEntry Length="3" RootTermCovItemId="C3">
<MapEntry BoolAssgnmnt="122" Value="4"/>
<MapEntry BoolAssgnmnt="002" Value="28"/>
<MapEntry BoolAssgnmnt="011" Value="4"/>
</AssgnmntListEntry>
</AssgnmntPrefix>
<AssgnmntPrefix RootTermCovItemPrefix="pickr.games.Game.java">
<AssgnmntListEntry Length="1" RootTermCovItemId="C1">
<MapEntry BoolAssgnmnt="1" Value="8"/>
</AssgnmntListEntry>
<AssgnmntListEntry Length="1" RootTermCovItemId="C2">
<MapEntry BoolAssgnmnt="0" Value="27"/>
<MapEntry BoolAssgnmnt="1" Value="9"/>
</AssgnmntListEntry>
</AssgnmntPrefix>
</AssgnmntList>
<ObjMetaDataList/>
<MetaDataList/>
</TestCase>
<TestCase Comment="" Date="1598619558606" Name="randoop.RandoopTest0:test40">
<CovList>
<CovPrefix CovItemPrefix="pickr.classes.Deck.java">
<Cov CovItemId="B1" Value="48"/>
<Cov CovItemId="B2" Value="1"/>
<Cov CovItemId="B3" Value="24"/>
<Cov CovItemId="S1" Value="8"/>
<Cov CovItemId="S10" Value="24"/>
<Cov CovItemId="S11" Value="24"/>
<Cov CovItemId="S12" Value="24"/>
<Cov CovItemId="S13" Value="72"/>
<Cov CovItemId="S14" Value="24"/>
<Cov CovItemId="S2" Value="34"/>
<Cov CovItemId="S3" Value="8"/>
<Cov CovItemId="S4" Value="80"/>
<Cov CovItemId="S5" Value="320"/>
<Cov CovItemId="S6" Value="6"/>
<Cov CovItemId="S7" Value="49"/>
<Cov CovItemId="S8" Value="48"/>
<Cov CovItemId="S9" Value="1"/>
</CovPrefix>
<CovPrefix CovItemPrefix="pickr.classes.GamingCard.java">
<Cov CovItemId="B1" Value="256"/>
<Cov CovItemId="B2" Value="64"/>
<Cov CovItemId="B4" Value="320"/>
<Cov CovItemId="S1" Value="320"/>
<Cov CovItemId="S10" Value="320"/>
<Cov CovItemId="S12" Value="320"/>
<Cov CovItemId="S13" Value="147"/>
<Cov CovItemId="S2" Value="320"/>
<Cov CovItemId="S3" Value="320"/>
<Cov CovItemId="S4" Value="99"/>
<Cov CovItemId="S6" Value="364"/>
<Cov CovItemId="S7" Value="320"/>
<Cov CovItemId="S8" Value="256"/>
<Cov CovItemId="S9" Value="64"/>
</CovPrefix>
<CovPrefix CovItemPrefix="pickr.classes.Player.java">
<Cov CovItemId="S1" Value="24"/>
<Cov CovItemId="S12" Value="33"/>
<Cov CovItemId="S13" Value="52"/>
<Cov CovItemId="S14" Value="48"/>
<Cov CovItemId="S2" Value="24"/>
<Cov CovItemId="S3" Value="24"/>
<Cov CovItemId="S4" Value="24"/>
<Cov CovItemId="S5" Value="72"/>
<Cov CovItemId="S6" Value="24"/>
<Cov CovItemId="S7" Value="52"/>
<Cov CovItemId="S9" Value="13"/>
</CovPrefix>
<CovPrefix CovItemPrefix="pickr.games.Briscola.java">
<Cov CovItemId="B1" Value="2"/>
<Cov CovItemId="B2" Value="50"/>
<Cov CovItemId="B3" Value="6"/>
<Cov CovItemId="B4" Value="46"/>
<Cov CovItemId="B5" Value="3"/>
<Cov CovItemId="B6" Value="49"/>
<Cov CovItemId="S1" Value="6"/>
<Cov CovItemId="S10" Value="13"/>
<Cov CovItemId="S11" Value="52"/>
<Cov CovItemId="S12" Value="2"/>
<Cov CovItemId="S13" Value="2"/>
<Cov CovItemId="S14" Value="52"/>
<Cov CovItemId="S15" Value="6"/>
<Cov CovItemId="S16" Value="6"/>
<Cov CovItemId="S17" Value="52"/>
<Cov CovItemId="S18" Value="3"/>
<Cov CovItemId="S19" Value="3"/>
<Cov CovItemId="S2" Value="6"/>
<Cov CovItemId="S20" Value="13"/>
<Cov CovItemId="S21" Value="13"/>
<Cov CovItemId="S22" Value="13"/>
<Cov CovItemId="S23" Value="52"/>
<Cov CovItemId="S24" Value="13"/>
<Cov CovItemId="S25" Value="13"/>
<Cov CovItemId="S26" Value="13"/>
<Cov CovItemId="S27" Value="13"/>
<Cov CovItemId="S28" Value="49"/>
<Cov CovItemId="S3" Value="6"/>
<Cov CovItemId="S4" Value="24"/>
<Cov CovItemId="S5" Value="6"/>
<Cov CovItemId="S6" Value="6"/>
<Cov CovItemId="S7" Value="6"/>
<Cov CovItemId="S8" Value="6"/>
<Cov CovItemId="S9" Value="13"/>
</CovPrefix>
<CovPrefix CovItemPrefix="pickr.games.Game.java">
<Cov CovItemId="B1" Value="24"/>
<Cov CovItemId="B3" Value="13"/>
<Cov CovItemId="B4" Value="39"/>
<Cov CovItemId="S1" Value="6"/>
<Cov CovItemId="S10" Value="29"/>
<Cov CovItemId="S11" Value="24"/>
<Cov CovItemId="S12" Value="24"/>
<Cov CovItemId="S14" Value="13"/>
<Cov CovItemId="S15" Value="13"/>
<Cov CovItemId="S16" Value="52"/>
<Cov CovItemId="S17" Value="13"/>
<Cov CovItemId="S18" Value="52"/>
<Cov CovItemId="S19" Value="13"/>
<Cov CovItemId="S2" Value="6"/>
<Cov CovItemId="S20" Value="13"/>
<Cov CovItemId="S21" Value="52"/>
<Cov CovItemId="S22" Value="13"/>
<Cov CovItemId="S23" Value="52"/>
<Cov CovItemId="S24" Value="13"/>
<Cov CovItemId="S25" Value="13"/>
<Cov CovItemId="S26" Value="13"/>
<Cov CovItemId="S27" Value="13"/>
<Cov CovItemId="S28" Value="13"/>
<Cov CovItemId="S3" Value="6"/>
<Cov CovItemId="S4" Value="6"/>
<Cov CovItemId="S5" Value="6"/>
<Cov CovItemId="S6" Value="6"/>
<Cov CovItemId="S7" Value="16"/>
<Cov CovItemId="S8" Value="5"/>
<Cov CovItemId="S9" Value="39"/>
</CovPrefix>
</CovList>
<AssgnmntList>
<AssgnmntPrefix RootTermCovItemPrefix="pickr.classes.Deck.java">
<AssgnmntListEntry Length="1" RootTermCovItemId="C1">
<MapEntry BoolAssgnmnt="0" Value="8"/>
<MapEntry BoolAssgnmnt="1" Value="80"/>
</AssgnmntListEntry>
<AssgnmntListEntry Length="1" RootTermCovItemId="C2">
<MapEntry BoolAssgnmnt="0" Value="48"/>
<MapEntry BoolAssgnmnt="1" Value="1"/>
</AssgnmntListEntry>
<AssgnmntListEntry Length="1" RootTermCovItemId="C3">
<MapEntry BoolAssgnmnt="1" Value="24"/>
</AssgnmntListEntry>
<AssgnmntListEntry Length="1" RootTermCovItemId="C4">
<MapEntry BoolAssgnmnt="0" Value="24"/>
<MapEntry BoolAssgnmnt="1" Value="72"/>
</AssgnmntListEntry>
</AssgnmntPrefix>
<AssgnmntPrefix RootTermCovItemPrefix="pickr.classes.GamingCard.java">
<AssgnmntListEntry Length="2" RootTermCovItemId="C1">
<MapEntry BoolAssgnmnt="02" Value="32"/>
<MapEntry BoolAssgnmnt="10" Value="32"/>
<MapEntry BoolAssgnmnt="11" Value="256"/>
</AssgnmntListEntry>
<AssgnmntListEntry Length="2" RootTermCovItemId="C2">
<MapEntry BoolAssgnmnt="00" Value="320"/>
</AssgnmntListEntry>
</AssgnmntPrefix>
<AssgnmntPrefix RootTermCovItemPrefix="pickr.games.Briscola.java">
<AssgnmntListEntry Length="3" RootTermCovItemId="C1">
<MapEntry BoolAssgnmnt="022" Value="40"/>
<MapEntry BoolAssgnmnt="102" Value="8"/>
<MapEntry BoolAssgnmnt="110" Value="2"/>
<MapEntry BoolAssgnmnt="111" Value="2"/>
</AssgnmntListEntry>
<AssgnmntListEntry Length="3" RootTermCovItemId="C2">
<MapEntry BoolAssgnmnt="022" Value="42"/>
<MapEntry BoolAssgnmnt="102" Value="2"/>
<MapEntry BoolAssgnmnt="110" Value="2"/>
<MapEntry BoolAssgnmnt="111" Value="6"/>
</AssgnmntListEntry>
<AssgnmntListEntry Length="3" RootTermCovItemId="C3">
<MapEntry BoolAssgnmnt="122" Value="4"/>
<MapEntry BoolAssgnmnt="002" Value="37"/>
<MapEntry BoolAssgnmnt="010" Value="8"/>
<MapEntry BoolAssgnmnt="011" Value="3"/>
</AssgnmntListEntry>
</AssgnmntPrefix>
<AssgnmntPrefix RootTermCovItemPrefix="pickr.games.Game.java">
<AssgnmntListEntry Length="1" RootTermCovItemId="C1">
<MapEntry BoolAssgnmnt="1" Value="24"/>
</AssgnmntListEntry>
<AssgnmntListEntry Length="1" RootTermCovItemId="C2">
<MapEntry BoolAssgnmnt="0" Value="39"/>
<MapEntry BoolAssgnmnt="1" Value="13"/>
</AssgnmntListEntry>
</AssgnmntPrefix>
</AssgnmntList>
<ObjMetaDataList/>
<MetaDataList/>
</TestCase>
<TestCase Comment="" Date="1598619558607" Name="randoop.RandoopTest0:test41">
<CovList>
<CovPrefix CovItemPrefix="pickr.classes.Deck.java">
<Cov CovItemId="B1" Value="44"/>
<Cov CovItemId="B2" Value="1"/>
<Cov CovItemId="B3" Value="20"/>
<Cov CovItemId="S1" Value="7"/>
<Cov CovItemId="S10" Value="20"/>
<Cov CovItemId="S11" Value="20"/>
<Cov CovItemId="S12" Value="20"/>
<Cov CovItemId="S13" Value="60"/>
<Cov CovItemId="S14" Value="20"/>
<Cov CovItemId="S2" Value="29"/>
<Cov CovItemId="S3" Value="7"/>
<Cov CovItemId="S4" Value="70"/>
<Cov CovItemId="S5" Value="280"/>
<Cov CovItemId="S6" Value="5"/>
<Cov CovItemId="S7" Value="45"/>
<Cov CovItemId="S8" Value="44"/>
<Cov CovItemId="S9" Value="1"/>
</CovPrefix>
<CovPrefix CovItemPrefix="pickr.classes.GamingCard.java">
<Cov CovItemId="B1" Value="224"/>
<Cov CovItemId="B2" Value="56"/>
<Cov CovItemId="B4" Value="280"/>
<Cov CovItemId="S1" Value="280"/>
<Cov CovItemId="S10" Value="280"/>
<Cov CovItemId="S12" Value="280"/>
<Cov CovItemId="S13" Value="134"/>
<Cov CovItemId="S2" Value="280"/>
<Cov CovItemId="S3" Value="280"/>
<Cov CovItemId="S4" Value="95"/>
<Cov CovItemId="S6" Value="336"/>
<Cov CovItemId="S7" Value="280"/>
<Cov CovItemId="S8" Value="224"/>
<Cov CovItemId="S9" Value="56"/>
</CovPrefix>
<CovPrefix CovItemPrefix="pickr.classes.Player.java">
<Cov CovItemId="S1" Value="20"/>
<Cov CovItemId="S12" Value="28"/>
<Cov CovItemId="S13" Value="48"/>
<Cov CovItemId="S14" Value="44"/>
<Cov CovItemId="S2" Value="20"/>
<Cov CovItemId="S3" Value="20"/>
<Cov CovItemId="S4" Value="20"/>
<Cov CovItemId="S5" Value="64"/>
<Cov CovItemId="S6" Value="20"/>
<Cov CovItemId="S7" Value="48"/>
<Cov CovItemId="S9" Value="12"/>
</CovPrefix>
<CovPrefix CovItemPrefix="pickr.games.Briscola.java">
<Cov CovItemId="B2" Value="48"/>
<Cov CovItemId="B3" Value="9"/>
<Cov CovItemId="B4" Value="39"/>
<Cov CovItemId="B5" Value="4"/>
<Cov CovItemId="B6" Value="44"/>
<Cov CovItemId="S1" Value="5"/>
<Cov CovItemId="S10" Value="12"/>
<Cov CovItemId="S11" Value="48"/>
<Cov CovItemId="S14" Value="48"/>
<Cov CovItemId="S15" Value="9"/>
<Cov CovItemId="S16" Value="9"/>
<Cov CovItemId="S17" Value="48"/>
<Cov CovItemId="S18" Value="4"/>
<Cov CovItemId="S19" Value="4"/>
<Cov CovItemId="S2" Value="5"/>
<Cov CovItemId="S20" Value="12"/>
<Cov CovItemId="S21" Value="12"/>
<Cov CovItemId="S22" Value="12"/>
<Cov CovItemId="S23" Value="48"/>
<Cov CovItemId="S24" Value="12"/>
<Cov CovItemId="S25" Value="12"/>
<Cov CovItemId="S26" Value="12"/>
<Cov CovItemId="S27" Value="12"/>
<Cov CovItemId="S28" Value="45"/>
<Cov CovItemId="S3" Value="5"/>
<Cov CovItemId="S4" Value="20"/>
<Cov CovItemId="S5" Value="5"/>
<Cov CovItemId="S6" Value="5"/>
<Cov CovItemId="S7" Value="5"/>
<Cov CovItemId="S8" Value="5"/>
<Cov CovItemId="S9" Value="12"/>
</CovPrefix>
<CovPrefix CovItemPrefix="pickr.games.Game.java">
<Cov CovItemId="B1" Value="20"/>
<Cov CovItemId="B3" Value="12"/>
<Cov CovItemId="B4" Value="36"/>
<Cov CovItemId="S1" Value="5"/>
<Cov CovItemId="S10" Value="25"/>
<Cov CovItemId="S11" Value="20"/>
<Cov CovItemId="S12" Value="20"/>
<Cov CovItemId="S14" Value="12"/>
<Cov CovItemId="S15" Value="12"/>
<Cov CovItemId="S16" Value="48"/>
<Cov CovItemId="S17" Value="12"/>
<Cov CovItemId="S18" Value="48"/>
<Cov CovItemId="S19" Value="12"/>
<Cov CovItemId="S2" Value="5"/>
<Cov CovItemId="S20" Value="12"/>
<Cov CovItemId="S21" Value="48"/>
<Cov CovItemId="S22" Value="12"/>
<Cov CovItemId="S23" Value="48"/>
<Cov CovItemId="S24" Value="12"/>
<Cov CovItemId="S25" Value="12"/>
<Cov CovItemId="S26" Value="12"/>
<Cov CovItemId="S27" Value="12"/>
<Cov CovItemId="S28" Value="12"/>
<Cov CovItemId="S3" Value="5"/>
<Cov CovItemId="S4" Value="5"/>
<Cov CovItemId="S5" Value="5"/>
<Cov CovItemId="S6" Value="5"/>
<Cov CovItemId="S7" Value="13"/>
<Cov CovItemId="S8" Value="4"/>
<Cov CovItemId="S9" Value="36"/>
</CovPrefix>
</CovList>
<AssgnmntList>
<AssgnmntPrefix RootTermCovItemPrefix="pickr.classes.Deck.java">
<AssgnmntListEntry Length="1" RootTermCovItemId="C1">
<MapEntry BoolAssgnmnt="0" Value="7"/>
<MapEntry BoolAssgnmnt="1" Value="70"/>
</AssgnmntListEntry>
<AssgnmntListEntry Length="1" RootTermCovItemId="C2">
<MapEntry BoolAssgnmnt="0" Value="44"/>
<MapEntry BoolAssgnmnt="1" Value="1"/>
</AssgnmntListEntry>
<AssgnmntListEntry Length="1" RootTermCovItemId="C3">
<MapEntry BoolAssgnmnt="1" Value="20"/>
</AssgnmntListEntry>
<AssgnmntListEntry Length="1" RootTermCovItemId="C4">
<MapEntry BoolAssgnmnt="0" Value="20"/>
<MapEntry BoolAssgnmnt="1" Value="60"/>
</AssgnmntListEntry>
</AssgnmntPrefix>
<AssgnmntPrefix RootTermCovItemPrefix="pickr.classes.GamingCard.java">
<AssgnmntListEntry Length="2" RootTermCovItemId="C1">
<MapEntry BoolAssgnmnt="02" Value="28"/>
<MapEntry BoolAssgnmnt="10" Value="28"/>
<MapEntry BoolAssgnmnt="11" Value="224"/>
</AssgnmntListEntry>
<AssgnmntListEntry Length="2" RootTermCovItemId="C2">
<MapEntry BoolAssgnmnt="00" Value="280"/>
</AssgnmntListEntry>
</AssgnmntPrefix>
<AssgnmntPrefix RootTermCovItemPrefix="pickr.games.Briscola.java">
<AssgnmntListEntry Length="3" RootTermCovItemId="C1">
<MapEntry BoolAssgnmnt="022" Value="36"/>
<MapEntry BoolAssgnmnt="102" Value="10"/>
<MapEntry BoolAssgnmnt="110" Value="2"/>
</AssgnmntListEntry>
<AssgnmntListEntry Length="3" RootTermCovItemId="C2">
<MapEntry BoolAssgnmnt="022" Value="36"/>
<MapEntry BoolAssgnmnt="102" Value="2"/>
<MapEntry BoolAssgnmnt="110" Value="1"/>
<MapEntry BoolAssgnmnt="111" Value="9"/>
</AssgnmntListEntry>
<AssgnmntListEntry Length="3" RootTermCovItemId="C3">
<MapEntry BoolAssgnmnt="122" Value="3"/>
<MapEntry BoolAssgnmnt="002" Value="36"/>
<MapEntry BoolAssgnmnt="010" Value="5"/>
<MapEntry BoolAssgnmnt="011" Value="4"/>
</AssgnmntListEntry>
</AssgnmntPrefix>
<AssgnmntPrefix RootTermCovItemPrefix="pickr.games.Game.java">
<AssgnmntListEntry Length="1" RootTermCovItemId="C1">
<MapEntry BoolAssgnmnt="1" Value="20"/>
</AssgnmntListEntry>
<AssgnmntListEntry Length="1" RootTermCovItemId="C2">
<MapEntry BoolAssgnmnt="0" Value="36"/>
<MapEntry BoolAssgnmnt="1" Value="12"/>
</AssgnmntListEntry>
</AssgnmntPrefix>
</AssgnmntList>
<ObjMetaDataList/>
<MetaDataList/>
</TestCase>
<TestCase Comment="" Date="1598619558608" Name="randoop.RandoopTest0:test42">
<CovList>
<CovPrefix CovItemPrefix="pickr.classes.Deck.java">
<Cov CovItemId="B1" Value="40"/>
<Cov CovItemId="B2" Value="1"/>
<Cov CovItemId="B3" Value="16"/>
<Cov CovItemId="S1" Value="6"/>
<Cov CovItemId="S10" Value="16"/>
<Cov CovItemId="S11" Value="16"/>
<Cov CovItemId="S12" Value="16"/>
<Cov CovItemId="S13" Value="48"/>
<Cov CovItemId="S14" Value="16"/>
<Cov CovItemId="S2" Value="24"/>
<Cov CovItemId="S3" Value="6"/>
<Cov CovItemId="S4" Value="60"/>
<Cov CovItemId="S5" Value="240"/>
<Cov CovItemId="S6" Value="4"/>
<Cov CovItemId="S7" Value="41"/>
<Cov CovItemId="S8" Value="40"/>
<Cov CovItemId="S9" Value="1"/>
</CovPrefix>
<CovPrefix CovItemPrefix="pickr.classes.GamingCard.java">
<Cov CovItemId="B1" Value="192"/>
<Cov CovItemId="B2" Value="48"/>
<Cov CovItemId="B4" Value="240"/>
<Cov CovItemId="S1" Value="240"/>
<Cov CovItemId="S10" Value="240"/>
<Cov CovItemId="S12" Value="240"/>
<Cov CovItemId="S13" Value="111"/>
<Cov CovItemId="S2" Value="240"/>
<Cov CovItemId="S3" Value="240"/>
<Cov CovItemId="S4" Value="77"/>
<Cov CovItemId="S6" Value="308"/>
<Cov CovItemId="S7" Value="240"/>
<Cov CovItemId="S8" Value="192"/>
<Cov CovItemId="S9" Value="48"/>
</CovPrefix>
<CovPrefix CovItemPrefix="pickr.classes.Player.java">
<Cov CovItemId="S1" Value="16"/>
<Cov CovItemId="S12" Value="23"/>
<Cov CovItemId="S13" Value="44"/>
<Cov CovItemId="S14" Value="40"/>
<Cov CovItemId="S2" Value="16"/>
<Cov CovItemId="S3" Value="16"/>
<Cov CovItemId="S4" Value="16"/>
<Cov CovItemId="S5" Value="56"/>
<Cov CovItemId="S6" Value="16"/>
<Cov CovItemId="S7" Value="44"/>
<Cov CovItemId="S9" Value="11"/>
</CovPrefix>
<CovPrefix CovItemPrefix="pickr.games.Briscola.java">
<Cov CovItemId="B2" Value="44"/>
<Cov CovItemId="B3" Value="5"/>
<Cov CovItemId="B4" Value="39"/>
<Cov CovItemId="B5" Value="5"/>
<Cov CovItemId="B6" Value="39"/>
<Cov CovItemId="S1" Value="4"/>
<Cov CovItemId="S10" Value="11"/>
<Cov CovItemId="S11" Value="44"/>
<Cov CovItemId="S14" Value="44"/>
<Cov CovItemId="S15" Value="5"/>
<Cov CovItemId="S16" Value="5"/>
<Cov CovItemId="S17" Value="44"/>
<Cov CovItemId="S18" Value="5"/>
<Cov CovItemId="S19" Value="5"/>
<Cov CovItemId="S2" Value="4"/>
<Cov CovItemId="S20" Value="11"/>
<Cov CovItemId="S21" Value="11"/>
<Cov CovItemId="S22" Value="11"/>
<Cov CovItemId="S23" Value="44"/>
<Cov CovItemId="S24" Value="11"/>
<Cov CovItemId="S25" Value="11"/>
<Cov CovItemId="S26" Value="11"/>
<Cov CovItemId="S27" Value="11"/>
<Cov CovItemId="S28" Value="41"/>
<Cov CovItemId="S3" Value="4"/>
<Cov CovItemId="S4" Value="16"/>
<Cov CovItemId="S5" Value="4"/>
<Cov CovItemId="S6" Value="4"/>
<Cov CovItemId="S7" Value="4"/>
<Cov CovItemId="S8" Value="4"/>
<Cov CovItemId="S9" Value="11"/>
</CovPrefix>
<CovPrefix CovItemPrefix="pickr.games.Game.java">
<Cov CovItemId="B1" Value="16"/>
<Cov CovItemId="B3" Value="11"/>
<Cov CovItemId="B4" Value="33"/>
<Cov CovItemId="S1" Value="4"/>
<Cov CovItemId="S10" Value="21"/>
<Cov CovItemId="S11" Value="16"/>
<Cov CovItemId="S12" Value="16"/>
<Cov CovItemId="S14" Value="11"/>
<Cov CovItemId="S15" Value="11"/>
<Cov CovItemId="S16" Value="44"/>
<Cov CovItemId="S17" Value="11"/>
<Cov CovItemId="S18" Value="44"/>
<Cov CovItemId="S19" Value="11"/>
<Cov CovItemId="S2" Value="4"/>
<Cov CovItemId="S20" Value="11"/>
<Cov CovItemId="S21" Value="44"/>
<Cov CovItemId="S22" Value="11"/>
<Cov CovItemId="S23" Value="44"/>
<Cov CovItemId="S24" Value="11"/>
<Cov CovItemId="S25" Value="11"/>
<Cov CovItemId="S26" Value="11"/>
<Cov CovItemId="S27" Value="11"/>
<Cov CovItemId="S28" Value="11"/>
<Cov CovItemId="S3" Value="4"/>
<Cov CovItemId="S4" Value="4"/>
<Cov CovItemId="S5" Value="4"/>
<Cov CovItemId="S6" Value="4"/>
<Cov CovItemId="S7" Value="10"/>
<Cov CovItemId="S8" Value="3"/>
<Cov CovItemId="S9" Value="33"/>
</CovPrefix>
</CovList>
<AssgnmntList>
<AssgnmntPrefix RootTermCovItemPrefix="pickr.classes.Deck.java">
<AssgnmntListEntry Length="1" RootTermCovItemId="C1">
<MapEntry BoolAssgnmnt="0" Value="6"/>
<MapEntry BoolAssgnmnt="1" Value="60"/>
</AssgnmntListEntry>
<AssgnmntListEntry Length="1" RootTermCovItemId="C2">
<MapEntry BoolAssgnmnt="0" Value="40"/>
<MapEntry BoolAssgnmnt="1" Value="1"/>
</AssgnmntListEntry>
<AssgnmntListEntry Length="1" RootTermCovItemId="C3">
<MapEntry BoolAssgnmnt="1" Value="16"/>
</AssgnmntListEntry>
<AssgnmntListEntry Length="1" RootTermCovItemId="C4">
<MapEntry BoolAssgnmnt="0" Value="16"/>
<MapEntry BoolAssgnmnt="1" Value="48"/>
</AssgnmntListEntry>
</AssgnmntPrefix>
<AssgnmntPrefix RootTermCovItemPrefix="pickr.classes.GamingCard.java">
<AssgnmntListEntry Length="2" RootTermCovItemId="C1">
<MapEntry BoolAssgnmnt="02" Value="24"/>
<MapEntry BoolAssgnmnt="10" Value="24"/>
<MapEntry BoolAssgnmnt="11" Value="192"/>
</AssgnmntListEntry>
<AssgnmntListEntry Length="2" RootTermCovItemId="C2">
<MapEntry BoolAssgnmnt="00" Value="240"/>
</AssgnmntListEntry>
</AssgnmntPrefix>
<AssgnmntPrefix RootTermCovItemPrefix="pickr.games.Briscola.java">
<AssgnmntListEntry Length="3" RootTermCovItemId="C1">
<MapEntry BoolAssgnmnt="022" Value="36"/>
<MapEntry BoolAssgnmnt="102" Value="6"/>
<MapEntry BoolAssgnmnt="110" Value="2"/>
</AssgnmntListEntry>
<AssgnmntListEntry Length="3" RootTermCovItemId="C2">
<MapEntry BoolAssgnmnt="022" Value="36"/>
<MapEntry BoolAssgnmnt="102" Value="2"/>
<MapEntry BoolAssgnmnt="110" Value="1"/>
<MapEntry BoolAssgnmnt="111" Value="5"/>
</AssgnmntListEntry>
<AssgnmntListEntry Length="3" RootTermCovItemId="C3">
<MapEntry BoolAssgnmnt="122" Value="3"/>
<MapEntry BoolAssgnmnt="002" Value="33"/>
<MapEntry BoolAssgnmnt="010" Value="3"/>
<MapEntry BoolAssgnmnt="011" Value="5"/>
</AssgnmntListEntry>
</AssgnmntPrefix>
<AssgnmntPrefix RootTermCovItemPrefix="pickr.games.Game.java">
<AssgnmntListEntry Length="1" RootTermCovItemId="C1">
<MapEntry BoolAssgnmnt="1" Value="16"/>
</AssgnmntListEntry>
<AssgnmntListEntry Length="1" RootTermCovItemId="C2">
<MapEntry BoolAssgnmnt="0" Value="33"/>
<MapEntry BoolAssgnmnt="1" Value="11"/>
</AssgnmntListEntry>
</AssgnmntPrefix>
</AssgnmntList>
<ObjMetaDataList/>
<MetaDataList/>
</TestCase>
<TestCase Comment="" Date="1598619558609" Name="randoop.RandoopTest0:test43">
<CovList>
<CovPrefix CovItemPrefix="pickr.classes.Deck.java">
<Cov CovItemId="B1" Value="52"/>
<Cov CovItemId="B2" Value="1"/>
<Cov CovItemId="B3" Value="28"/>
<Cov CovItemId="S1" Value="9"/>
<Cov CovItemId="S10" Value="28"/>
<Cov CovItemId="S11" Value="28"/>
<Cov CovItemId="S12" Value="28"/>
<Cov CovItemId="S13" Value="84"/>
<Cov CovItemId="S14" Value="28"/>
<Cov CovItemId="S2" Value="39"/>
<Cov CovItemId="S3" Value="9"/>
<Cov CovItemId="S4" Value="90"/>
<Cov CovItemId="S5" Value="360"/>
<Cov CovItemId="S6" Value="7"/>
<Cov CovItemId="S7" Value="53"/>
<Cov CovItemId="S8" Value="52"/>
<Cov CovItemId="S9" Value="1"/>
</CovPrefix>
<CovPrefix CovItemPrefix="pickr.classes.GamingCard.java">
<Cov CovItemId="B1" Value="288"/>
<Cov CovItemId="B2" Value="72"/>
<Cov CovItemId="B4" Value="360"/>
<Cov CovItemId="S1" Value="360"/>
<Cov CovItemId="S10" Value="360"/>
<Cov CovItemId="S12" Value="360"/>
<Cov CovItemId="S13" Value="170"/>
<Cov CovItemId="S2" Value="360"/>
<Cov CovItemId="S3" Value="360"/>
<Cov CovItemId="S4" Value="111"/>
<Cov CovItemId="S6" Value="392"/>
<Cov CovItemId="S7" Value="360"/>
<Cov CovItemId="S8" Value="288"/>
<Cov CovItemId="S9" Value="72"/>
</CovPrefix>
<CovPrefix CovItemPrefix="pickr.classes.Player.java">
<Cov CovItemId="S1" Value="28"/>
<Cov CovItemId="S12" Value="38"/>
<Cov CovItemId="S13" Value="56"/>
<Cov CovItemId="S14" Value="52"/>
<Cov CovItemId="S2" Value="28"/>
<Cov CovItemId="S3" Value="28"/>
<Cov CovItemId="S4" Value="28"/>
<Cov CovItemId="S5" Value="80"/>
<Cov CovItemId="S6" Value="28"/>
<Cov CovItemId="S7" Value="56"/>
<Cov CovItemId="S9" Value="14"/>
</CovPrefix>
<CovPrefix CovItemPrefix="pickr.games.Briscola.java">
<Cov CovItemId="B1" Value="1"/>
<Cov CovItemId="B2" Value="55"/>
<Cov CovItemId="B3" Value="6"/>
<Cov CovItemId="B4" Value="50"/>
<Cov CovItemId="B5" Value="7"/>
<Cov CovItemId="B6" Value="49"/>
<Cov CovItemId="S1" Value="7"/>
<Cov CovItemId="S10" Value="14"/>
<Cov CovItemId="S11" Value="56"/>
<Cov CovItemId="S12" Value="1"/>
<Cov CovItemId="S13" Value="1"/>
<Cov CovItemId="S14" Value="56"/>
<Cov CovItemId="S15" Value="6"/>
<Cov CovItemId="S16" Value="6"/>
<Cov CovItemId="S17" Value="56"/>
<Cov CovItemId="S18" Value="7"/>
<Cov CovItemId="S19" Value="7"/>
<Cov CovItemId="S2" Value="7"/>
<Cov CovItemId="S20" Value="14"/>
<Cov CovItemId="S21" Value="14"/>
<Cov CovItemId="S22" Value="14"/>
<Cov CovItemId="S23" Value="56"/>
<Cov CovItemId="S24" Value="14"/>
<Cov CovItemId="S25" Value="14"/>
<Cov CovItemId="S26" Value="14"/>
<Cov CovItemId="S27" Value="14"/>
<Cov CovItemId="S28" Value="53"/>
<Cov CovItemId="S3" Value="7"/>
<Cov CovItemId="S4" Value="28"/>
<Cov CovItemId="S5" Value="7"/>
<Cov CovItemId="S6" Value="7"/>
<Cov CovItemId="S7" Value="7"/>
<Cov CovItemId="S8" Value="7"/>
<Cov CovItemId="S9" Value="14"/>
</CovPrefix>
<CovPrefix CovItemPrefix="pickr.games.Game.java">
<Cov CovItemId="B1" Value="28"/>
<Cov CovItemId="B3" Value="14"/>
<Cov CovItemId="B4" Value="42"/>
<Cov CovItemId="S1" Value="7"/>
<Cov CovItemId="S10" Value="33"/>
<Cov CovItemId="S11" Value="28"/>
<Cov CovItemId="S12" Value="28"/>
<Cov CovItemId="S14" Value="14"/>
<Cov CovItemId="S15" Value="14"/>
<Cov CovItemId="S16" Value="56"/>
<Cov CovItemId="S17" Value="14"/>
<Cov CovItemId="S18" Value="56"/>
<Cov CovItemId="S19" Value="14"/>
<Cov CovItemId="S2" Value="7"/>
<Cov CovItemId="S20" Value="14"/>
<Cov CovItemId="S21" Value="56"/>
<Cov CovItemId="S22" Value="14"/>
<Cov CovItemId="S23" Value="56"/>
<Cov CovItemId="S24" Value="14"/>
<Cov CovItemId="S25" Value="14"/>
<Cov CovItemId="S26" Value="14"/>
<Cov CovItemId="S27" Value="14"/>
<Cov CovItemId="S28" Value="14"/>
<Cov CovItemId="S3" Value="7"/>
<Cov CovItemId="S4" Value="7"/>
<Cov CovItemId="S5" Value="7"/>
<Cov CovItemId="S6" Value="7"/>
<Cov CovItemId="S7" Value="19"/>
<Cov CovItemId="S8" Value="6"/>
<Cov CovItemId="S9" Value="42"/>
</CovPrefix>
</CovList>
<AssgnmntList>
<AssgnmntPrefix RootTermCovItemPrefix="pickr.classes.Deck.java">
<AssgnmntListEntry Length="1" RootTermCovItemId="C1">
<MapEntry BoolAssgnmnt="0" Value="9"/>
<MapEntry BoolAssgnmnt="1" Value="90"/>
</AssgnmntListEntry>
<AssgnmntListEntry Length="1" RootTermCovItemId="C2">
<MapEntry BoolAssgnmnt="0" Value="52"/>
<MapEntry BoolAssgnmnt="1" Value="1"/>
</AssgnmntListEntry>
<AssgnmntListEntry Length="1" RootTermCovItemId="C3">
<MapEntry BoolAssgnmnt="1" Value="28"/>
</AssgnmntListEntry>
<AssgnmntListEntry Length="1" RootTermCovItemId="C4">
<MapEntry BoolAssgnmnt="0" Value="28"/>
<MapEntry BoolAssgnmnt="1" Value="84"/>
</AssgnmntListEntry>
</AssgnmntPrefix>
<AssgnmntPrefix RootTermCovItemPrefix="pickr.classes.GamingCard.java">
<AssgnmntListEntry Length="2" RootTermCovItemId="C1">
<MapEntry BoolAssgnmnt="02" Value="36"/>
<MapEntry BoolAssgnmnt="10" Value="36"/>
<MapEntry BoolAssgnmnt="11" Value="288"/>
</AssgnmntListEntry>
<AssgnmntListEntry Length="2" RootTermCovItemId="C2">
<MapEntry BoolAssgnmnt="00" Value="360"/>
</AssgnmntListEntry>
</AssgnmntPrefix>
<AssgnmntPrefix RootTermCovItemPrefix="pickr.games.Briscola.java">
<AssgnmntListEntry Length="3" RootTermCovItemId="C1">
<MapEntry BoolAssgnmnt="022" Value="41"/>
<MapEntry BoolAssgnmnt="102" Value="7"/>
<MapEntry BoolAssgnmnt="110" Value="7"/>
<MapEntry BoolAssgnmnt="111" Value="1"/>
</AssgnmntListEntry>
<AssgnmntListEntry Length="3" RootTermCovItemId="C2">
<MapEntry BoolAssgnmnt="022" Value="42"/>
<MapEntry BoolAssgnmnt="102" Value="7"/>
<MapEntry BoolAssgnmnt="110" Value="1"/>
<MapEntry BoolAssgnmnt="111" Value="6"/>
</AssgnmntListEntry>
<AssgnmntListEntry Length="3" RootTermCovItemId="C3">
<MapEntry BoolAssgnmnt="122" Value="8"/>
<MapEntry BoolAssgnmnt="002" Value="36"/>
<MapEntry BoolAssgnmnt="010" Value="5"/>
<MapEntry BoolAssgnmnt="011" Value="7"/>
</AssgnmntListEntry>
</AssgnmntPrefix>
<AssgnmntPrefix RootTermCovItemPrefix="pickr.games.Game.java">
<AssgnmntListEntry Length="1" RootTermCovItemId="C1">
<MapEntry BoolAssgnmnt="1" Value="28"/>
</AssgnmntListEntry>
<AssgnmntListEntry Length="1" RootTermCovItemId="C2">
<MapEntry BoolAssgnmnt="0" Value="42"/>
<MapEntry BoolAssgnmnt="1" Value="14"/>
</AssgnmntListEntry>
</AssgnmntPrefix>
</AssgnmntList>
<ObjMetaDataList/>
<MetaDataList/>
</TestCase>
<TestCase Comment="" Date="1598619558609" Name="randoop.RandoopTest0:test44">
<CovList>
<CovPrefix CovItemPrefix="pickr.classes.Deck.java">
<Cov CovItemId="S1" Value="2"/>
<Cov CovItemId="S2" Value="6"/>
<Cov CovItemId="S3" Value="2"/>
<Cov CovItemId="S4" Value="20"/>
<Cov CovItemId="S5" Value="80"/>
</CovPrefix>
<CovPrefix CovItemPrefix="pickr.classes.GamingCard.java">
<Cov CovItemId="B1" Value="65"/>
<Cov CovItemId="B2" Value="16"/>
<Cov CovItemId="B3" Value="1"/>
<Cov CovItemId="B4" Value="80"/>
<Cov CovItemId="S1" Value="81"/>
<Cov CovItemId="S10" Value="81"/>
<Cov CovItemId="S11" Value="1"/>
<Cov CovItemId="S12" Value="80"/>
<Cov CovItemId="S2" Value="81"/>
<Cov CovItemId="S3" Value="81"/>
<Cov CovItemId="S7" Value="81"/>
<Cov CovItemId="S8" Value="65"/>
<Cov CovItemId="S9" Value="16"/>
</CovPrefix>
</CovList>
<AssgnmntList>
<AssgnmntPrefix RootTermCovItemPrefix="pickr.classes.Deck.java">
<AssgnmntListEntry Length="1" RootTermCovItemId="C1">
<MapEntry BoolAssgnmnt="0" Value="2"/>
<MapEntry BoolAssgnmnt="1" Value="20"/>
</AssgnmntListEntry>
</AssgnmntPrefix>
<AssgnmntPrefix RootTermCovItemPrefix="pickr.classes.GamingCard.java">
<AssgnmntListEntry Length="2" RootTermCovItemId="C1">
<MapEntry BoolAssgnmnt="02" Value="8"/>
<MapEntry BoolAssgnmnt="10" Value="8"/>
<MapEntry BoolAssgnmnt="11" Value="65"/>
</AssgnmntListEntry>
<AssgnmntListEntry Length="2" RootTermCovItemId="C2">
<MapEntry BoolAssgnmnt="00" Value="80"/>
<MapEntry BoolAssgnmnt="01" Value="1"/>
</AssgnmntListEntry>
</AssgnmntPrefix>
</AssgnmntList>
<ObjMetaDataList/>
<MetaDataList/>
</TestCase>
<TestCase Comment="" Date="1598619558610" Name="randoop.RandoopTest0:test45">
<CovList>
<CovPrefix CovItemPrefix="pickr.classes.Deck.java">
<Cov CovItemId="B1" Value="28"/>
<Cov CovItemId="B2" Value="1"/>
<Cov CovItemId="B3" Value="4"/>
<Cov CovItemId="S1" Value="3"/>
<Cov CovItemId="S10" Value="4"/>
<Cov CovItemId="S11" Value="4"/>
<Cov CovItemId="S12" Value="4"/>
<Cov CovItemId="S13" Value="12"/>
<Cov CovItemId="S14" Value="4"/>
<Cov CovItemId="S2" Value="9"/>
<Cov CovItemId="S3" Value="3"/>
<Cov CovItemId="S4" Value="30"/>
<Cov CovItemId="S5" Value="120"/>
<Cov CovItemId="S6" Value="1"/>
<Cov CovItemId="S7" Value="29"/>
<Cov CovItemId="S8" Value="28"/>
<Cov CovItemId="S9" Value="1"/>
</CovPrefix>
<CovPrefix CovItemPrefix="pickr.classes.GamingCard.java">
<Cov CovItemId="B1" Value="96"/>
<Cov CovItemId="B2" Value="24"/>
<Cov CovItemId="B4" Value="120"/>
<Cov CovItemId="S1" Value="120"/>
<Cov CovItemId="S10" Value="120"/>
<Cov CovItemId="S12" Value="120"/>
<Cov CovItemId="S13" Value="58"/>
<Cov CovItemId="S2" Value="120"/>
<Cov CovItemId="S3" Value="120"/>
<Cov CovItemId="S4" Value="61"/>
<Cov CovItemId="S6" Value="224"/>
<Cov CovItemId="S7" Value="120"/>
<Cov CovItemId="S8" Value="96"/>
<Cov CovItemId="S9" Value="24"/>
</CovPrefix>
<CovPrefix CovItemPrefix="pickr.classes.Player.java">
<Cov CovItemId="S1" Value="4"/>
<Cov CovItemId="S12" Value="8"/>
<Cov CovItemId="S13" Value="32"/>
<Cov CovItemId="S14" Value="28"/>
<Cov CovItemId="S2" Value="4"/>
<Cov CovItemId="S3" Value="4"/>
<Cov CovItemId="S4" Value="4"/>
<Cov CovItemId="S5" Value="32"/>
<Cov CovItemId="S6" Value="4"/>
<Cov CovItemId="S7" Value="32"/>
<Cov CovItemId="S9" Value="8"/>
</CovPrefix>
<CovPrefix CovItemPrefix="pickr.games.Briscola.java">
<Cov CovItemId="B1" Value="1"/>
<Cov CovItemId="B2" Value="31"/>
<Cov CovItemId="B3" Value="6"/>
<Cov CovItemId="B4" Value="26"/>
<Cov CovItemId="B5" Value="2"/>
<Cov CovItemId="B6" Value="30"/>
<Cov CovItemId="S1" Value="1"/>
<Cov CovItemId="S10" Value="8"/>
<Cov CovItemId="S11" Value="32"/>
<Cov CovItemId="S12" Value="1"/>
<Cov CovItemId="S13" Value="1"/>
<Cov CovItemId="S14" Value="32"/>
<Cov CovItemId="S15" Value="6"/>
<Cov CovItemId="S16" Value="6"/>
<Cov CovItemId="S17" Value="32"/>
<Cov CovItemId="S18" Value="2"/>
<Cov CovItemId="S19" Value="2"/>
<Cov CovItemId="S2" Value="1"/>
<Cov CovItemId="S20" Value="8"/>
<Cov CovItemId="S21" Value="8"/>
<Cov CovItemId="S22" Value="8"/>
<Cov CovItemId="S23" Value="32"/>
<Cov CovItemId="S24" Value="8"/>
<Cov CovItemId="S25" Value="8"/>
<Cov CovItemId="S26" Value="8"/>
<Cov CovItemId="S27" Value="8"/>
<Cov CovItemId="S28" Value="29"/>
<Cov CovItemId="S3" Value="1"/>
<Cov CovItemId="S4" Value="4"/>
<Cov CovItemId="S5" Value="1"/>
<Cov CovItemId="S6" Value="1"/>
<Cov CovItemId="S7" Value="1"/>
<Cov CovItemId="S8" Value="1"/>
<Cov CovItemId="S9" Value="8"/>
</CovPrefix>
<CovPrefix CovItemPrefix="pickr.games.Game.java">
<Cov CovItemId="B1" Value="4"/>
<Cov CovItemId="B3" Value="8"/>
<Cov CovItemId="B4" Value="24"/>
<Cov CovItemId="S1" Value="1"/>
<Cov CovItemId="S10" Value="9"/>
<Cov CovItemId="S11" Value="4"/>
<Cov CovItemId="S12" Value="4"/>
<Cov CovItemId="S14" Value="8"/>
<Cov CovItemId="S15" Value="8"/>
<Cov CovItemId="S16" Value="32"/>
<Cov CovItemId="S17" Value="8"/>
<Cov CovItemId="S18" Value="32"/>
<Cov CovItemId="S19" Value="8"/>
<Cov CovItemId="S2" Value="1"/>
<Cov CovItemId="S20" Value="8"/>
<Cov CovItemId="S21" Value="32"/>
<Cov CovItemId="S22" Value="8"/>
<Cov CovItemId="S23" Value="32"/>
<Cov CovItemId="S24" Value="8"/>
<Cov CovItemId="S25" Value="8"/>
<Cov CovItemId="S26" Value="8"/>
<Cov CovItemId="S27" Value="8"/>
<Cov CovItemId="S28" Value="8"/>
<Cov CovItemId="S3" Value="1"/>
<Cov CovItemId="S4" Value="1"/>
<Cov CovItemId="S5" Value="1"/>
<Cov CovItemId="S6" Value="1"/>
<Cov CovItemId="S7" Value="1"/>
<Cov CovItemId="S9" Value="24"/>
</CovPrefix>
</CovList>
<AssgnmntList>
<AssgnmntPrefix RootTermCovItemPrefix="pickr.classes.Deck.java">
<AssgnmntListEntry Length="1" RootTermCovItemId="C1">
<MapEntry BoolAssgnmnt="0" Value="3"/>
<MapEntry BoolAssgnmnt="1" Value="30"/>
</AssgnmntListEntry>
<AssgnmntListEntry Length="1" RootTermCovItemId="C2">
<MapEntry BoolAssgnmnt="0" Value="28"/>
<MapEntry BoolAssgnmnt="1" Value="1"/>
</AssgnmntListEntry>
<AssgnmntListEntry Length="1" RootTermCovItemId="C3">
<MapEntry BoolAssgnmnt="1" Value="4"/>
</AssgnmntListEntry>
<AssgnmntListEntry Length="1" RootTermCovItemId="C4">
<MapEntry BoolAssgnmnt="0" Value="4"/>
<MapEntry BoolAssgnmnt="1" Value="12"/>
</AssgnmntListEntry>
</AssgnmntPrefix>
<AssgnmntPrefix RootTermCovItemPrefix="pickr.classes.GamingCard.java">
<AssgnmntListEntry Length="2" RootTermCovItemId="C1">
<MapEntry BoolAssgnmnt="02" Value="12"/>
<MapEntry BoolAssgnmnt="10" Value="12"/>
<MapEntry BoolAssgnmnt="11" Value="96"/>
</AssgnmntListEntry>
<AssgnmntListEntry Length="2" RootTermCovItemId="C2">
<MapEntry BoolAssgnmnt="00" Value="120"/>
</AssgnmntListEntry>
</AssgnmntPrefix>
<AssgnmntPrefix RootTermCovItemPrefix="pickr.games.Briscola.java">
<AssgnmntListEntry Length="3" RootTermCovItemId="C1">
<MapEntry BoolAssgnmnt="022" Value="23"/>
<MapEntry BoolAssgnmnt="102" Value="7"/>
<MapEntry BoolAssgnmnt="110" Value="1"/>
<MapEntry BoolAssgnmnt="111" Value="1"/>
</AssgnmntListEntry>
<AssgnmntListEntry Length="3" RootTermCovItemId="C2">
<MapEntry BoolAssgnmnt="022" Value="24"/>
<MapEntry BoolAssgnmnt="102" Value="1"/>
<MapEntry BoolAssgnmnt="110" Value="1"/>
<MapEntry BoolAssgnmnt="111" Value="6"/>
</AssgnmntListEntry>
<AssgnmntListEntry Length="3" RootTermCovItemId="C3">
<MapEntry BoolAssgnmnt="122" Value="2"/>
<MapEntry BoolAssgnmnt="002" Value="26"/>
<MapEntry BoolAssgnmnt="010" Value="2"/>
<MapEntry BoolAssgnmnt="011" Value="2"/>
</AssgnmntListEntry>
</AssgnmntPrefix>
<AssgnmntPrefix RootTermCovItemPrefix="pickr.games.Game.java">
<AssgnmntListEntry Length="1" RootTermCovItemId="C1">
<MapEntry BoolAssgnmnt="1" Value="4"/>
</AssgnmntListEntry>
<AssgnmntListEntry Length="1" RootTermCovItemId="C2">
<MapEntry BoolAssgnmnt="0" Value="24"/>
<MapEntry BoolAssgnmnt="1" Value="8"/>
</AssgnmntListEntry>
</AssgnmntPrefix>
</AssgnmntList>
<ObjMetaDataList/>
<MetaDataList/>
</TestCase>
<TestCase Comment="" Date="1598619558611" Name="randoop.RandoopTest0:test46">
<CovList>
<CovPrefix CovItemPrefix="pickr.classes.Deck.java">
<Cov CovItemId="B1" Value="24"/>
<Cov CovItemId="B3" Value="24"/>
<Cov CovItemId="S1" Value="8"/>
<Cov CovItemId="S10" Value="24"/>
<Cov CovItemId="S11" Value="24"/>
<Cov CovItemId="S12" Value="24"/>
<Cov CovItemId="S13" Value="72"/>
<Cov CovItemId="S14" Value="24"/>
<Cov CovItemId="S2" Value="36"/>
<Cov CovItemId="S3" Value="8"/>
<Cov CovItemId="S4" Value="80"/>
<Cov CovItemId="S5" Value="320"/>
<Cov CovItemId="S6" Value="6"/>
<Cov CovItemId="S7" Value="24"/>
<Cov CovItemId="S8" Value="24"/>
</CovPrefix>
<CovPrefix CovItemPrefix="pickr.classes.GamingCard.java">
<Cov CovItemId="B1" Value="257"/>
<Cov CovItemId="B2" Value="64"/>
<Cov CovItemId="B3" Value="1"/>
<Cov CovItemId="B4" Value="320"/>
<Cov CovItemId="S1" Value="321"/>
<Cov CovItemId="S10" Value="321"/>
<Cov CovItemId="S11" Value="1"/>
<Cov CovItemId="S12" Value="320"/>
<Cov CovItemId="S13" Value="114"/>
<Cov CovItemId="S2" Value="321"/>
<Cov CovItemId="S3" Value="321"/>
<Cov CovItemId="S4" Value="54"/>
<Cov CovItemId="S6" Value="168"/>
<Cov CovItemId="S7" Value="321"/>
<Cov CovItemId="S8" Value="257"/>
<Cov CovItemId="S9" Value="64"/>
</CovPrefix>
<CovPrefix CovItemPrefix="pickr.classes.Player.java">
<Cov CovItemId="S1" Value="24"/>
<Cov CovItemId="S12" Value="30"/>
<Cov CovItemId="S13" Value="24"/>
<Cov CovItemId="S14" Value="24"/>
<Cov CovItemId="S2" Value="24"/>
<Cov CovItemId="S3" Value="24"/>
<Cov CovItemId="S4" Value="24"/>
<Cov CovItemId="S5" Value="48"/>
<Cov CovItemId="S6" Value="24"/>
<Cov CovItemId="S7" Value="24"/>
<Cov CovItemId="S9" Value="6"/>
</CovPrefix>
<CovPrefix CovItemPrefix="pickr.games.Briscola.java">
<Cov CovItemId="B2" Value="24"/>
<Cov CovItemId="B3" Value="3"/>
<Cov CovItemId="B4" Value="21"/>
<Cov CovItemId="B5" Value="3"/>
<Cov CovItemId="B6" Value="21"/>
<Cov CovItemId="S1" Value="6"/>
<Cov CovItemId="S10" Value="6"/>
<Cov CovItemId="S11" Value="24"/>
<Cov CovItemId="S14" Value="24"/>
<Cov CovItemId="S15" Value="3"/>
<Cov CovItemId="S16" Value="3"/>
<Cov CovItemId="S17" Value="24"/>
<Cov CovItemId="S18" Value="3"/>
<Cov CovItemId="S19" Value="3"/>
<Cov CovItemId="S2" Value="6"/>
<Cov CovItemId="S20" Value="6"/>
<Cov CovItemId="S21" Value="6"/>
<Cov CovItemId="S22" Value="6"/>
<Cov CovItemId="S23" Value="24"/>
<Cov CovItemId="S24" Value="6"/>
<Cov CovItemId="S25" Value="6"/>
<Cov CovItemId="S26" Value="6"/>
<Cov CovItemId="S27" Value="6"/>
<Cov CovItemId="S28" Value="24"/>
<Cov CovItemId="S3" Value="6"/>
<Cov CovItemId="S4" Value="24"/>
<Cov CovItemId="S5" Value="6"/>
<Cov CovItemId="S6" Value="6"/>
<Cov CovItemId="S7" Value="6"/>
<Cov CovItemId="S8" Value="6"/>
<Cov CovItemId="S9" Value="6"/>
</CovPrefix>
<CovPrefix CovItemPrefix="pickr.games.Game.java">
<Cov CovItemId="B1" Value="24"/>
<Cov CovItemId="B3" Value="6"/>
<Cov CovItemId="B4" Value="18"/>
<Cov CovItemId="S1" Value="6"/>
<Cov CovItemId="S10" Value="24"/>
<Cov CovItemId="S11" Value="24"/>
<Cov CovItemId="S12" Value="24"/>
<Cov CovItemId="S14" Value="6"/>
<Cov CovItemId="S15" Value="6"/>
<Cov CovItemId="S16" Value="24"/>
<Cov CovItemId="S17" Value="6"/>
<Cov CovItemId="S18" Value="24"/>
<Cov CovItemId="S19" Value="6"/>
<Cov CovItemId="S2" Value="6"/>
<Cov CovItemId="S20" Value="6"/>
<Cov CovItemId="S21" Value="24"/>
<Cov CovItemId="S22" Value="6"/>
<Cov CovItemId="S23" Value="24"/>
<Cov CovItemId="S24" Value="6"/>
<Cov CovItemId="S25" Value="6"/>
<Cov CovItemId="S26" Value="6"/>
<Cov CovItemId="S27" Value="6"/>
<Cov CovItemId="S28" Value="6"/>
<Cov CovItemId="S3" Value="6"/>
<Cov CovItemId="S4" Value="6"/>
<Cov CovItemId="S5" Value="6"/>
<Cov CovItemId="S6" Value="6"/>
<Cov CovItemId="S7" Value="18"/>
<Cov CovItemId="S8" Value="6"/>
<Cov CovItemId="S9" Value="18"/>
</CovPrefix>
</CovList>
<AssgnmntList>
<AssgnmntPrefix RootTermCovItemPrefix="pickr.classes.Deck.java">
<AssgnmntListEntry Length="1" RootTermCovItemId="C1">
<MapEntry BoolAssgnmnt="0" Value="8"/>
<MapEntry BoolAssgnmnt="1" Value="80"/>
</AssgnmntListEntry>
<AssgnmntListEntry Length="1" RootTermCovItemId="C2">
<MapEntry BoolAssgnmnt="0" Value="24"/>
</AssgnmntListEntry>
<AssgnmntListEntry Length="1" RootTermCovItemId="C3">
<MapEntry BoolAssgnmnt="1" Value="24"/>
</AssgnmntListEntry>
<AssgnmntListEntry Length="1" RootTermCovItemId="C4">
<MapEntry BoolAssgnmnt="0" Value="24"/>
<MapEntry BoolAssgnmnt="1" Value="72"/>
</AssgnmntListEntry>
</AssgnmntPrefix>
<AssgnmntPrefix RootTermCovItemPrefix="pickr.classes.GamingCard.java">
<AssgnmntListEntry Length="2" RootTermCovItemId="C1">
<MapEntry BoolAssgnmnt="02" Value="32"/>
<MapEntry BoolAssgnmnt="10" Value="32"/>
<MapEntry BoolAssgnmnt="11" Value="257"/>
</AssgnmntListEntry>
<AssgnmntListEntry Length="2" RootTermCovItemId="C2">
<MapEntry BoolAssgnmnt="00" Value="320"/>
<MapEntry BoolAssgnmnt="01" Value="1"/>
</AssgnmntListEntry>
</AssgnmntPrefix>
<AssgnmntPrefix RootTermCovItemPrefix="pickr.games.Briscola.java">
<AssgnmntListEntry Length="3" RootTermCovItemId="C1">
<MapEntry BoolAssgnmnt="022" Value="15"/>
<MapEntry BoolAssgnmnt="102" Value="5"/>
<MapEntry BoolAssgnmnt="110" Value="4"/>
</AssgnmntListEntry>
<AssgnmntListEntry Length="3" RootTermCovItemId="C2">
<MapEntry BoolAssgnmnt="022" Value="15"/>
<MapEntry BoolAssgnmnt="102" Value="4"/>
<MapEntry BoolAssgnmnt="110" Value="2"/>
<MapEntry BoolAssgnmnt="111" Value="3"/>
</AssgnmntListEntry>
<AssgnmntListEntry Length="3" RootTermCovItemId="C3">
<MapEntry BoolAssgnmnt="122" Value="6"/>
<MapEntry BoolAssgnmnt="002" Value="15"/>
<MapEntry BoolAssgnmnt="011" Value="3"/>
</AssgnmntListEntry>
</AssgnmntPrefix>
<AssgnmntPrefix RootTermCovItemPrefix="pickr.games.Game.java">
<AssgnmntListEntry Length="1" RootTermCovItemId="C1">
<MapEntry BoolAssgnmnt="1" Value="24"/>
</AssgnmntListEntry>
<AssgnmntListEntry Length="1" RootTermCovItemId="C2">
<MapEntry BoolAssgnmnt="0" Value="18"/>
<MapEntry BoolAssgnmnt="1" Value="6"/>
</AssgnmntListEntry>
</AssgnmntPrefix>
</AssgnmntList>
<ObjMetaDataList/>
<MetaDataList/>
</TestCase>
<TestCase Comment="" Date="1598619558612" Name="randoop.RandoopTest0:test47">
<CovList>
<CovPrefix CovItemPrefix="pickr.classes.Deck.java">
<Cov CovItemId="B1" Value="32"/>
<Cov CovItemId="B2" Value="1"/>
<Cov CovItemId="B3" Value="8"/>
<Cov CovItemId="S1" Value="3"/>
<Cov CovItemId="S10" Value="8"/>
<Cov CovItemId="S11" Value="8"/>
<Cov CovItemId="S12" Value="8"/>
<Cov CovItemId="S13" Value="24"/>
<Cov CovItemId="S14" Value="8"/>
<Cov CovItemId="S2" Value="11"/>
<Cov CovItemId="S3" Value="3"/>
<Cov CovItemId="S4" Value="30"/>
<Cov CovItemId="S5" Value="120"/>
<Cov CovItemId="S6" Value="2"/>
<Cov CovItemId="S7" Value="33"/>
<Cov CovItemId="S8" Value="32"/>
<Cov CovItemId="S9" Value="1"/>
</CovPrefix>
<CovPrefix CovItemPrefix="pickr.classes.GamingCard.java">
<Cov CovItemId="B1" Value="96"/>
<Cov CovItemId="B2" Value="24"/>
<Cov CovItemId="B4" Value="120"/>
<Cov CovItemId="S1" Value="120"/>
<Cov CovItemId="S10" Value="120"/>
<Cov CovItemId="S12" Value="120"/>
<Cov CovItemId="S13" Value="71"/>
<Cov CovItemId="S2" Value="120"/>
<Cov CovItemId="S3" Value="120"/>
<Cov CovItemId="S4" Value="69"/>
<Cov CovItemId="S6" Value="252"/>
<Cov CovItemId="S7" Value="120"/>
<Cov CovItemId="S8" Value="96"/>
<Cov CovItemId="S9" Value="24"/>
</CovPrefix>
<CovPrefix CovItemPrefix="pickr.classes.Player.java">
<Cov CovItemId="S1" Value="8"/>
<Cov CovItemId="S12" Value="13"/>
<Cov CovItemId="S13" Value="36"/>
<Cov CovItemId="S14" Value="32"/>
<Cov CovItemId="S2" Value="8"/>
<Cov CovItemId="S3" Value="8"/>
<Cov CovItemId="S4" Value="8"/>
<Cov CovItemId="S5" Value="40"/>
<Cov CovItemId="S6" Value="8"/>
<Cov CovItemId="S7" Value="36"/>
<Cov CovItemId="S9" Value="9"/>
</CovPrefix>
<CovPrefix CovItemPrefix="pickr.games.Briscola.java">
<Cov CovItemId="B2" Value="36"/>
<Cov CovItemId="B3" Value="4"/>
<Cov CovItemId="B4" Value="32"/>
<Cov CovItemId="B5" Value="3"/>
<Cov CovItemId="B6" Value="33"/>
<Cov CovItemId="S1" Value="2"/>
<Cov CovItemId="S10" Value="9"/>
<Cov CovItemId="S11" Value="36"/>
<Cov CovItemId="S14" Value="36"/>
<Cov CovItemId="S15" Value="4"/>
<Cov CovItemId="S16" Value="4"/>
<Cov CovItemId="S17" Value="36"/>
<Cov CovItemId="S18" Value="3"/>
<Cov CovItemId="S19" Value="3"/>
<Cov CovItemId="S2" Value="2"/>
<Cov CovItemId="S20" Value="9"/>
<Cov CovItemId="S21" Value="9"/>
<Cov CovItemId="S22" Value="9"/>
<Cov CovItemId="S23" Value="36"/>
<Cov CovItemId="S24" Value="9"/>
<Cov CovItemId="S25" Value="9"/>
<Cov CovItemId="S26" Value="9"/>
<Cov CovItemId="S27" Value="9"/>
<Cov CovItemId="S28" Value="33"/>
<Cov CovItemId="S3" Value="2"/>
<Cov CovItemId="S4" Value="8"/>
<Cov CovItemId="S5" Value="2"/>
<Cov CovItemId="S6" Value="2"/>
<Cov CovItemId="S7" Value="2"/>
<Cov CovItemId="S8" Value="2"/>
<Cov CovItemId="S9" Value="9"/>
</CovPrefix>
<CovPrefix CovItemPrefix="pickr.games.Game.java">
<Cov CovItemId="B1" Value="8"/>
<Cov CovItemId="B3" Value="9"/>
<Cov CovItemId="B4" Value="27"/>
<Cov CovItemId="S1" Value="2"/>
<Cov CovItemId="S10" Value="13"/>
<Cov CovItemId="S11" Value="8"/>
<Cov CovItemId="S12" Value="8"/>
<Cov CovItemId="S14" Value="9"/>
<Cov CovItemId="S15" Value="9"/>
<Cov CovItemId="S16" Value="36"/>
<Cov CovItemId="S17" Value="9"/>
<Cov CovItemId="S18" Value="36"/>
<Cov CovItemId="S19" Value="9"/>
<Cov CovItemId="S2" Value="2"/>
<Cov CovItemId="S20" Value="9"/>
<Cov CovItemId="S21" Value="36"/>
<Cov CovItemId="S22" Value="9"/>
<Cov CovItemId="S23" Value="36"/>
<Cov CovItemId="S24" Value="9"/>
<Cov CovItemId="S25" Value="9"/>
<Cov CovItemId="S26" Value="9"/>
<Cov CovItemId="S27" Value="9"/>
<Cov CovItemId="S28" Value="9"/>
<Cov CovItemId="S3" Value="2"/>
<Cov CovItemId="S4" Value="2"/>
<Cov CovItemId="S5" Value="2"/>
<Cov CovItemId="S6" Value="2"/>
<Cov CovItemId="S7" Value="4"/>
<Cov CovItemId="S8" Value="1"/>
<Cov CovItemId="S9" Value="27"/>
</CovPrefix>
</CovList>
<AssgnmntList>
<AssgnmntPrefix RootTermCovItemPrefix="pickr.classes.Deck.java">
<AssgnmntListEntry Length="1" RootTermCovItemId="C1">
<MapEntry BoolAssgnmnt="0" Value="3"/>
<MapEntry BoolAssgnmnt="1" Value="30"/>
</AssgnmntListEntry>
<AssgnmntListEntry Length="1" RootTermCovItemId="C2">
<MapEntry BoolAssgnmnt="0" Value="32"/>
<MapEntry BoolAssgnmnt="1" Value="1"/>
</AssgnmntListEntry>
<AssgnmntListEntry Length="1" RootTermCovItemId="C3">
<MapEntry BoolAssgnmnt="1" Value="8"/>
</AssgnmntListEntry>
<AssgnmntListEntry Length="1" RootTermCovItemId="C4">
<MapEntry BoolAssgnmnt="0" Value="8"/>
<MapEntry BoolAssgnmnt="1" Value="24"/>
</AssgnmntListEntry>
</AssgnmntPrefix>
<AssgnmntPrefix RootTermCovItemPrefix="pickr.classes.GamingCard.java">
<AssgnmntListEntry Length="2" RootTermCovItemId="C1">
<MapEntry BoolAssgnmnt="02" Value="12"/>
<MapEntry BoolAssgnmnt="10" Value="12"/>
<MapEntry BoolAssgnmnt="11" Value="96"/>
</AssgnmntListEntry>
<AssgnmntListEntry Length="2" RootTermCovItemId="C2">
<MapEntry BoolAssgnmnt="00" Value="120"/>
</AssgnmntListEntry>
</AssgnmntPrefix>
<AssgnmntPrefix RootTermCovItemPrefix="pickr.games.Briscola.java">
<AssgnmntListEntry Length="3" RootTermCovItemId="C1">
<MapEntry BoolAssgnmnt="022" Value="26"/>
<MapEntry BoolAssgnmnt="102" Value="4"/>
<MapEntry BoolAssgnmnt="110" Value="6"/>
</AssgnmntListEntry>
<AssgnmntListEntry Length="3" RootTermCovItemId="C2">
<MapEntry BoolAssgnmnt="022" Value="26"/>
<MapEntry BoolAssgnmnt="102" Value="6"/>
<MapEntry BoolAssgnmnt="111" Value="4"/>
</AssgnmntListEntry>
<AssgnmntListEntry Length="3" RootTermCovItemId="C3">
<MapEntry BoolAssgnmnt="122" Value="6"/>
<MapEntry BoolAssgnmnt="002" Value="23"/>
<MapEntry BoolAssgnmnt="010" Value="4"/>
<MapEntry BoolAssgnmnt="011" Value="3"/>
</AssgnmntListEntry>
</AssgnmntPrefix>
<AssgnmntPrefix RootTermCovItemPrefix="pickr.games.Game.java">
<AssgnmntListEntry Length="1" RootTermCovItemId="C1">
<MapEntry BoolAssgnmnt="1" Value="8"/>
</AssgnmntListEntry>
<AssgnmntListEntry Length="1" RootTermCovItemId="C2">
<MapEntry BoolAssgnmnt="0" Value="27"/>
<MapEntry BoolAssgnmnt="1" Value="9"/>
</AssgnmntListEntry>
</AssgnmntPrefix>
</AssgnmntList>
<ObjMetaDataList/>
<MetaDataList/>
</TestCase>
<TestCase Comment="" Date="1598619558612" Name="randoop.RandoopTest0:test48">
<CovList>
<CovPrefix CovItemPrefix="pickr.classes.Deck.java">
<Cov CovItemId="B1" Value="8"/>
<Cov CovItemId="B3" Value="8"/>
<Cov CovItemId="B4" Value="1"/>
<Cov CovItemId="S1" Value="5"/>
<Cov CovItemId="S10" Value="9"/>
<Cov CovItemId="S11" Value="8"/>
<Cov CovItemId="S12" Value="8"/>
<Cov CovItemId="S13" Value="24"/>
<Cov CovItemId="S14" Value="8"/>
<Cov CovItemId="S15" Value="1"/>
<Cov CovItemId="S2" Value="16"/>
<Cov CovItemId="S3" Value="4"/>
<Cov CovItemId="S4" Value="40"/>
<Cov CovItemId="S5" Value="160"/>
<Cov CovItemId="S6" Value="2"/>
<Cov CovItemId="S7" Value="8"/>
<Cov CovItemId="S8" Value="8"/>
</CovPrefix>
<CovPrefix CovItemPrefix="pickr.classes.GamingCard.java">
<Cov CovItemId="B1" Value="128"/>
<Cov CovItemId="B2" Value="32"/>
<Cov CovItemId="B4" Value="160"/>
<Cov CovItemId="S1" Value="160"/>
<Cov CovItemId="S10" Value="160"/>
<Cov CovItemId="S12" Value="160"/>
<Cov CovItemId="S13" Value="40"/>
<Cov CovItemId="S2" Value="160"/>
<Cov CovItemId="S3" Value="160"/>
<Cov CovItemId="S4" Value="19"/>
<Cov CovItemId="S6" Value="56"/>
<Cov CovItemId="S7" Value="160"/>
<Cov CovItemId="S8" Value="128"/>
<Cov CovItemId="S9" Value="32"/>
</CovPrefix>
<CovPrefix CovItemPrefix="pickr.classes.Player.java">
<Cov CovItemId="S1" Value="8"/>
<Cov CovItemId="S12" Value="10"/>
<Cov CovItemId="S13" Value="8"/>
<Cov CovItemId="S14" Value="8"/>
<Cov CovItemId="S2" Value="8"/>
<Cov CovItemId="S3" Value="8"/>
<Cov CovItemId="S4" Value="8"/>
<Cov CovItemId="S5" Value="16"/>
<Cov CovItemId="S6" Value="8"/>
<Cov CovItemId="S7" Value="8"/>
<Cov CovItemId="S9" Value="2"/>
</CovPrefix>
<CovPrefix CovItemPrefix="pickr.games.Briscola.java">
<Cov CovItemId="B2" Value="8"/>
<Cov CovItemId="B3" Value="2"/>
<Cov CovItemId="B4" Value="6"/>
<Cov CovItemId="B5" Value="1"/>
<Cov CovItemId="B6" Value="7"/>
<Cov CovItemId="S1" Value="2"/>
<Cov CovItemId="S10" Value="2"/>
<Cov CovItemId="S11" Value="8"/>
<Cov CovItemId="S14" Value="8"/>
<Cov CovItemId="S15" Value="2"/>
<Cov CovItemId="S16" Value="2"/>
<Cov CovItemId="S17" Value="8"/>
<Cov CovItemId="S18" Value="1"/>
<Cov CovItemId="S19" Value="1"/>
<Cov CovItemId="S2" Value="2"/>
<Cov CovItemId="S20" Value="2"/>
<Cov CovItemId="S21" Value="2"/>
<Cov CovItemId="S22" Value="2"/>
<Cov CovItemId="S23" Value="8"/>
<Cov CovItemId="S24" Value="2"/>
<Cov CovItemId="S25" Value="2"/>
<Cov CovItemId="S26" Value="2"/>
<Cov CovItemId="S27" Value="2"/>
<Cov CovItemId="S28" Value="8"/>
<Cov CovItemId="S3" Value="2"/>
<Cov CovItemId="S4" Value="8"/>
<Cov CovItemId="S5" Value="2"/>
<Cov CovItemId="S6" Value="2"/>
<Cov CovItemId="S7" Value="2"/>
<Cov CovItemId="S8" Value="2"/>
<Cov CovItemId="S9" Value="2"/>
</CovPrefix>
<CovPrefix CovItemPrefix="pickr.games.Game.java">
<Cov CovItemId="B1" Value="8"/>
<Cov CovItemId="B3" Value="2"/>
<Cov CovItemId="B4" Value="6"/>
<Cov CovItemId="S1" Value="2"/>
<Cov CovItemId="S10" Value="8"/>
<Cov CovItemId="S11" Value="8"/>
<Cov CovItemId="S12" Value="8"/>
<Cov CovItemId="S14" Value="2"/>
<Cov CovItemId="S15" Value="2"/>
<Cov CovItemId="S16" Value="8"/>
<Cov CovItemId="S17" Value="2"/>
<Cov CovItemId="S18" Value="8"/>
<Cov CovItemId="S19" Value="2"/>
<Cov CovItemId="S2" Value="2"/>
<Cov CovItemId="S20" Value="2"/>
<Cov CovItemId="S21" Value="8"/>
<Cov CovItemId="S22" Value="2"/>
<Cov CovItemId="S23" Value="8"/>
<Cov CovItemId="S24" Value="2"/>
<Cov CovItemId="S25" Value="2"/>
<Cov CovItemId="S26" Value="2"/>
<Cov CovItemId="S27" Value="2"/>
<Cov CovItemId="S28" Value="2"/>
<Cov CovItemId="S3" Value="2"/>
<Cov CovItemId="S4" Value="2"/>
<Cov CovItemId="S5" Value="2"/>
<Cov CovItemId="S6" Value="2"/>
<Cov CovItemId="S7" Value="6"/>
<Cov CovItemId="S8" Value="2"/>
<Cov CovItemId="S9" Value="6"/>
</CovPrefix>
</CovList>
<AssgnmntList>
<AssgnmntPrefix RootTermCovItemPrefix="pickr.classes.Deck.java">
<AssgnmntListEntry Length="1" RootTermCovItemId="C1">
<MapEntry BoolAssgnmnt="0" Value="4"/>
<MapEntry BoolAssgnmnt="1" Value="40"/>
</AssgnmntListEntry>
<AssgnmntListEntry Length="1" RootTermCovItemId="C2">
<MapEntry BoolAssgnmnt="0" Value="8"/>
</AssgnmntListEntry>
<AssgnmntListEntry Length="1" RootTermCovItemId="C3">
<MapEntry BoolAssgnmnt="0" Value="1"/>
<MapEntry BoolAssgnmnt="1" Value="8"/>
</AssgnmntListEntry>
<AssgnmntListEntry Length="1" RootTermCovItemId="C4">
<MapEntry BoolAssgnmnt="0" Value="8"/>
<MapEntry BoolAssgnmnt="1" Value="24"/>
</AssgnmntListEntry>
</AssgnmntPrefix>
<AssgnmntPrefix RootTermCovItemPrefix="pickr.classes.GamingCard.java">
<AssgnmntListEntry Length="2" RootTermCovItemId="C1">
<MapEntry BoolAssgnmnt="02" Value="16"/>
<MapEntry BoolAssgnmnt="10" Value="16"/>
<MapEntry BoolAssgnmnt="11" Value="128"/>
</AssgnmntListEntry>
<AssgnmntListEntry Length="2" RootTermCovItemId="C2">
<MapEntry BoolAssgnmnt="00" Value="160"/>
</AssgnmntListEntry>
</AssgnmntPrefix>
<AssgnmntPrefix RootTermCovItemPrefix="pickr.games.Briscola.java">
<AssgnmntListEntry Length="3" RootTermCovItemId="C1">
<MapEntry BoolAssgnmnt="022" Value="5"/>
<MapEntry BoolAssgnmnt="102" Value="2"/>
<MapEntry BoolAssgnmnt="110" Value="1"/>
</AssgnmntListEntry>
<AssgnmntListEntry Length="3" RootTermCovItemId="C2">
<MapEntry BoolAssgnmnt="022" Value="5"/>
<MapEntry BoolAssgnmnt="102" Value="1"/>
<MapEntry BoolAssgnmnt="111" Value="2"/>
</AssgnmntListEntry>
<AssgnmntListEntry Length="3" RootTermCovItemId="C3">
<MapEntry BoolAssgnmnt="122" Value="1"/>
<MapEntry BoolAssgnmnt="002" Value="6"/>
<MapEntry BoolAssgnmnt="011" Value="1"/>
</AssgnmntListEntry>
</AssgnmntPrefix>
<AssgnmntPrefix RootTermCovItemPrefix="pickr.games.Game.java">
<AssgnmntListEntry Length="1" RootTermCovItemId="C1">
<MapEntry BoolAssgnmnt="1" Value="8"/>
</AssgnmntListEntry>
<AssgnmntListEntry Length="1" RootTermCovItemId="C2">
<MapEntry BoolAssgnmnt="0" Value="6"/>
<MapEntry BoolAssgnmnt="1" Value="2"/>
</AssgnmntListEntry>
</AssgnmntPrefix>
</AssgnmntList>
<ObjMetaDataList/>
<MetaDataList/>
</TestCase>
<TestCase Comment="" Date="1598619558613" Name="randoop.RandoopTest0:test49">
<CovList>
<CovPrefix CovItemPrefix="pickr.classes.Deck.java">
<Cov CovItemId="B1" Value="40"/>
<Cov CovItemId="B2" Value="1"/>
<Cov CovItemId="B3" Value="16"/>
<Cov CovItemId="S1" Value="8"/>
<Cov CovItemId="S10" Value="16"/>
<Cov CovItemId="S11" Value="16"/>
<Cov CovItemId="S12" Value="16"/>
<Cov CovItemId="S13" Value="48"/>
<Cov CovItemId="S14" Value="16"/>
<Cov CovItemId="S2" Value="30"/>
<Cov CovItemId="S3" Value="8"/>
<Cov CovItemId="S4" Value="80"/>
<Cov CovItemId="S5" Value="320"/>
<Cov CovItemId="S6" Value="4"/>
<Cov CovItemId="S7" Value="41"/>
<Cov CovItemId="S8" Value="40"/>
<Cov CovItemId="S9" Value="1"/>
</CovPrefix>
<CovPrefix CovItemPrefix="pickr.classes.GamingCard.java">
<Cov CovItemId="B1" Value="256"/>
<Cov CovItemId="B2" Value="64"/>
<Cov CovItemId="B4" Value="320"/>
<Cov CovItemId="S1" Value="320"/>
<Cov CovItemId="S10" Value="320"/>
<Cov CovItemId="S12" Value="320"/>
<Cov CovItemId="S13" Value="107"/>
<Cov CovItemId="S2" Value="320"/>
<Cov CovItemId="S3" Value="320"/>
<Cov CovItemId="S4" Value="91"/>
<Cov CovItemId="S6" Value="308"/>
<Cov CovItemId="S7" Value="320"/>
<Cov CovItemId="S8" Value="256"/>
<Cov CovItemId="S9" Value="64"/>
</CovPrefix>
<CovPrefix CovItemPrefix="pickr.classes.Player.java">
<Cov CovItemId="S1" Value="16"/>
<Cov CovItemId="S12" Value="23"/>
<Cov CovItemId="S13" Value="44"/>
<Cov CovItemId="S14" Value="40"/>
<Cov CovItemId="S2" Value="16"/>
<Cov CovItemId="S3" Value="16"/>
<Cov CovItemId="S4" Value="16"/>
<Cov CovItemId="S5" Value="56"/>
<Cov CovItemId="S6" Value="16"/>
<Cov CovItemId="S7" Value="44"/>
<Cov CovItemId="S9" Value="11"/>
</CovPrefix>
<CovPrefix CovItemPrefix="pickr.games.Briscola.java">
<Cov CovItemId="B2" Value="44"/>
<Cov CovItemId="B3" Value="7"/>
<Cov CovItemId="B4" Value="37"/>
<Cov CovItemId="B5" Value="1"/>
<Cov CovItemId="B6" Value="43"/>
<Cov CovItemId="S1" Value="4"/>
<Cov CovItemId="S10" Value="11"/>
<Cov CovItemId="S11" Value="44"/>
<Cov CovItemId="S14" Value="44"/>
<Cov CovItemId="S15" Value="7"/>
<Cov CovItemId="S16" Value="7"/>
<Cov CovItemId="S17" Value="44"/>
<Cov CovItemId="S18" Value="1"/>
<Cov CovItemId="S19" Value="1"/>
<Cov CovItemId="S2" Value="4"/>
<Cov CovItemId="S20" Value="11"/>
<Cov CovItemId="S21" Value="11"/>
<Cov CovItemId="S22" Value="11"/>
<Cov CovItemId="S23" Value="44"/>
<Cov CovItemId="S24" Value="11"/>
<Cov CovItemId="S25" Value="11"/>
<Cov CovItemId="S26" Value="11"/>
<Cov CovItemId="S27" Value="11"/>
<Cov CovItemId="S28" Value="41"/>
<Cov CovItemId="S3" Value="4"/>
<Cov CovItemId="S4" Value="16"/>
<Cov CovItemId="S5" Value="4"/>
<Cov CovItemId="S6" Value="4"/>
<Cov CovItemId="S7" Value="4"/>
<Cov CovItemId="S8" Value="4"/>
<Cov CovItemId="S9" Value="11"/>
</CovPrefix>
<CovPrefix CovItemPrefix="pickr.games.Game.java">
<Cov CovItemId="B1" Value="16"/>
<Cov CovItemId="B3" Value="11"/>
<Cov CovItemId="B4" Value="33"/>
<Cov CovItemId="S1" Value="4"/>
<Cov CovItemId="S10" Value="21"/>
<Cov CovItemId="S11" Value="16"/>
<Cov CovItemId="S12" Value="16"/>
<Cov CovItemId="S14" Value="11"/>
<Cov CovItemId="S15" Value="11"/>
<Cov CovItemId="S16" Value="44"/>
<Cov CovItemId="S17" Value="11"/>
<Cov CovItemId="S18" Value="44"/>
<Cov CovItemId="S19" Value="11"/>
<Cov CovItemId="S2" Value="4"/>
<Cov CovItemId="S20" Value="11"/>
<Cov CovItemId="S21" Value="44"/>
<Cov CovItemId="S22" Value="11"/>
<Cov CovItemId="S23" Value="44"/>
<Cov CovItemId="S24" Value="11"/>
<Cov CovItemId="S25" Value="11"/>
<Cov CovItemId="S26" Value="11"/>
<Cov CovItemId="S27" Value="11"/>
<Cov CovItemId="S28" Value="11"/>
<Cov CovItemId="S3" Value="4"/>
<Cov CovItemId="S4" Value="4"/>
<Cov CovItemId="S5" Value="4"/>
<Cov CovItemId="S6" Value="4"/>
<Cov CovItemId="S7" Value="10"/>
<Cov CovItemId="S8" Value="3"/>
<Cov CovItemId="S9" Value="33"/>
</CovPrefix>
</CovList>
<AssgnmntList>
<AssgnmntPrefix RootTermCovItemPrefix="pickr.classes.Deck.java">
<AssgnmntListEntry Length="1" RootTermCovItemId="C1">
<MapEntry BoolAssgnmnt="0" Value="8"/>
<MapEntry BoolAssgnmnt="1" Value="80"/>
</AssgnmntListEntry>
<AssgnmntListEntry Length="1" RootTermCovItemId="C2">
<MapEntry BoolAssgnmnt="0" Value="40"/>
<MapEntry BoolAssgnmnt="1" Value="1"/>
</AssgnmntListEntry>
<AssgnmntListEntry Length="1" RootTermCovItemId="C3">
<MapEntry BoolAssgnmnt="1" Value="16"/>
</AssgnmntListEntry>
<AssgnmntListEntry Length="1" RootTermCovItemId="C4">
<MapEntry BoolAssgnmnt="0" Value="16"/>
<MapEntry BoolAssgnmnt="1" Value="48"/>
</AssgnmntListEntry>
</AssgnmntPrefix>
<AssgnmntPrefix RootTermCovItemPrefix="pickr.classes.GamingCard.java">
<AssgnmntListEntry Length="2" RootTermCovItemId="C1">
<MapEntry BoolAssgnmnt="02" Value="32"/>
<MapEntry BoolAssgnmnt="10" Value="32"/>
<MapEntry BoolAssgnmnt="11" Value="256"/>
</AssgnmntListEntry>
<AssgnmntListEntry Length="2" RootTermCovItemId="C2">
<MapEntry BoolAssgnmnt="00" Value="320"/>
</AssgnmntListEntry>
</AssgnmntPrefix>
<AssgnmntPrefix RootTermCovItemPrefix="pickr.games.Briscola.java">
<AssgnmntListEntry Length="3" RootTermCovItemId="C1">
<MapEntry BoolAssgnmnt="022" Value="31"/>
<MapEntry BoolAssgnmnt="102" Value="7"/>
<MapEntry BoolAssgnmnt="110" Value="6"/>
</AssgnmntListEntry>
<AssgnmntListEntry Length="3" RootTermCovItemId="C2">
<MapEntry BoolAssgnmnt="022" Value="31"/>
<MapEntry BoolAssgnmnt="102" Value="6"/>
<MapEntry BoolAssgnmnt="111" Value="7"/>
</AssgnmntListEntry>
<AssgnmntListEntry Length="3" RootTermCovItemId="C3">
<MapEntry BoolAssgnmnt="122" Value="6"/>
<MapEntry BoolAssgnmnt="002" Value="28"/>
<MapEntry BoolAssgnmnt="010" Value="9"/>
<MapEntry BoolAssgnmnt="011" Value="1"/>
</AssgnmntListEntry>
</AssgnmntPrefix>
<AssgnmntPrefix RootTermCovItemPrefix="pickr.games.Game.java">
<AssgnmntListEntry Length="1" RootTermCovItemId="C1">
<MapEntry BoolAssgnmnt="1" Value="16"/>
</AssgnmntListEntry>
<AssgnmntListEntry Length="1" RootTermCovItemId="C2">
<MapEntry BoolAssgnmnt="0" Value="33"/>
<MapEntry BoolAssgnmnt="1" Value="11"/>
</AssgnmntListEntry>
</AssgnmntPrefix>
</AssgnmntList>
<ObjMetaDataList/>
<MetaDataList/>
</TestCase>
<TestCase Comment="" Date="1598619558614" Name="randoop.RandoopTest0:test50">
<CovList>
<CovPrefix CovItemPrefix="pickr.classes.Deck.java">
<Cov CovItemId="B1" Value="16"/>
<Cov CovItemId="B3" Value="16"/>
<Cov CovItemId="B4" Value="1"/>
<Cov CovItemId="S1" Value="7"/>
<Cov CovItemId="S10" Value="17"/>
<Cov CovItemId="S11" Value="16"/>
<Cov CovItemId="S12" Value="16"/>
<Cov CovItemId="S13" Value="48"/>
<Cov CovItemId="S14" Value="16"/>
<Cov CovItemId="S15" Value="1"/>
<Cov CovItemId="S2" Value="26"/>
<Cov CovItemId="S3" Value="6"/>
<Cov CovItemId="S4" Value="60"/>
<Cov CovItemId="S5" Value="240"/>
<Cov CovItemId="S6" Value="4"/>
<Cov CovItemId="S7" Value="16"/>
<Cov CovItemId="S8" Value="16"/>
</CovPrefix>
<CovPrefix CovItemPrefix="pickr.classes.GamingCard.java">
<Cov CovItemId="B1" Value="192"/>
<Cov CovItemId="B2" Value="48"/>
<Cov CovItemId="B4" Value="240"/>
<Cov CovItemId="S1" Value="240"/>
<Cov CovItemId="S10" Value="240"/>
<Cov CovItemId="S12" Value="240"/>
<Cov CovItemId="S13" Value="74"/>
<Cov CovItemId="S2" Value="240"/>
<Cov CovItemId="S3" Value="240"/>
<Cov CovItemId="S4" Value="28"/>
<Cov CovItemId="S6" Value="112"/>
<Cov CovItemId="S7" Value="240"/>
<Cov CovItemId="S8" Value="192"/>
<Cov CovItemId="S9" Value="48"/>
</CovPrefix>
<CovPrefix CovItemPrefix="pickr.classes.Player.java">
<Cov CovItemId="S1" Value="16"/>
<Cov CovItemId="S12" Value="20"/>
<Cov CovItemId="S13" Value="16"/>
<Cov CovItemId="S14" Value="16"/>
<Cov CovItemId="S2" Value="16"/>
<Cov CovItemId="S3" Value="16"/>
<Cov CovItemId="S4" Value="16"/>
<Cov CovItemId="S5" Value="32"/>
<Cov CovItemId="S6" Value="16"/>
<Cov CovItemId="S7" Value="16"/>
<Cov CovItemId="S9" Value="4"/>
</CovPrefix>
<CovPrefix CovItemPrefix="pickr.games.Briscola.java">
<Cov CovItemId="B2" Value="16"/>
<Cov CovItemId="B3" Value="2"/>
<Cov CovItemId="B4" Value="14"/>
<Cov CovItemId="B5" Value="1"/>
<Cov CovItemId="B6" Value="15"/>
<Cov CovItemId="S1" Value="4"/>
<Cov CovItemId="S10" Value="4"/>
<Cov CovItemId="S11" Value="16"/>
<Cov CovItemId="S14" Value="16"/>
<Cov CovItemId="S15" Value="2"/>
<Cov CovItemId="S16" Value="2"/>
<Cov CovItemId="S17" Value="16"/>
<Cov CovItemId="S18" Value="1"/>
<Cov CovItemId="S19" Value="1"/>
<Cov CovItemId="S2" Value="4"/>
<Cov CovItemId="S20" Value="4"/>
<Cov CovItemId="S21" Value="4"/>
<Cov CovItemId="S22" Value="4"/>
<Cov CovItemId="S23" Value="16"/>
<Cov CovItemId="S24" Value="4"/>
<Cov CovItemId="S25" Value="4"/>
<Cov CovItemId="S26" Value="4"/>
<Cov CovItemId="S27" Value="4"/>
<Cov CovItemId="S28" Value="16"/>
<Cov CovItemId="S3" Value="4"/>
<Cov CovItemId="S4" Value="16"/>
<Cov CovItemId="S5" Value="4"/>
<Cov CovItemId="S6" Value="4"/>
<Cov CovItemId="S7" Value="4"/>
<Cov CovItemId="S8" Value="4"/>
<Cov CovItemId="S9" Value="4"/>
</CovPrefix>
<CovPrefix CovItemPrefix="pickr.games.Game.java">
<Cov CovItemId="B1" Value="16"/>
<Cov CovItemId="B3" Value="4"/>
<Cov CovItemId="B4" Value="12"/>
<Cov CovItemId="S1" Value="4"/>
<Cov CovItemId="S10" Value="16"/>
<Cov CovItemId="S11" Value="16"/>
<Cov CovItemId="S12" Value="16"/>
<Cov CovItemId="S14" Value="4"/>
<Cov CovItemId="S15" Value="4"/>
<Cov CovItemId="S16" Value="16"/>
<Cov CovItemId="S17" Value="4"/>
<Cov CovItemId="S18" Value="16"/>
<Cov CovItemId="S19" Value="4"/>
<Cov CovItemId="S2" Value="4"/>
<Cov CovItemId="S20" Value="4"/>
<Cov CovItemId="S21" Value="16"/>
<Cov CovItemId="S22" Value="4"/>
<Cov CovItemId="S23" Value="16"/>
<Cov CovItemId="S24" Value="4"/>
<Cov CovItemId="S25" Value="4"/>
<Cov CovItemId="S26" Value="4"/>
<Cov CovItemId="S27" Value="4"/>
<Cov CovItemId="S28" Value="4"/>
<Cov CovItemId="S3" Value="4"/>
<Cov CovItemId="S4" Value="4"/>
<Cov CovItemId="S5" Value="4"/>
<Cov CovItemId="S6" Value="4"/>
<Cov CovItemId="S7" Value="12"/>
<Cov CovItemId="S8" Value="4"/>
<Cov CovItemId="S9" Value="12"/>
</CovPrefix>
</CovList>
<AssgnmntList>
<AssgnmntPrefix RootTermCovItemPrefix="pickr.classes.Deck.java">
<AssgnmntListEntry Length="1" RootTermCovItemId="C1">
<MapEntry BoolAssgnmnt="0" Value="6"/>
<MapEntry BoolAssgnmnt="1" Value="60"/>
</AssgnmntListEntry>
<AssgnmntListEntry Length="1" RootTermCovItemId="C2">
<MapEntry BoolAssgnmnt="0" Value="16"/>
</AssgnmntListEntry>
<AssgnmntListEntry Length="1" RootTermCovItemId="C3">
<MapEntry BoolAssgnmnt="0" Value="1"/>
<MapEntry BoolAssgnmnt="1" Value="16"/>
</AssgnmntListEntry>
<AssgnmntListEntry Length="1" RootTermCovItemId="C4">
<MapEntry BoolAssgnmnt="0" Value="16"/>
<MapEntry BoolAssgnmnt="1" Value="48"/>
</AssgnmntListEntry>
</AssgnmntPrefix>
<AssgnmntPrefix RootTermCovItemPrefix="pickr.classes.GamingCard.java">
<AssgnmntListEntry Length="2" RootTermCovItemId="C1">
<MapEntry BoolAssgnmnt="02" Value="24"/>
<MapEntry BoolAssgnmnt="10" Value="24"/>
<MapEntry BoolAssgnmnt="11" Value="192"/>
</AssgnmntListEntry>
<AssgnmntListEntry Length="2" RootTermCovItemId="C2">
<MapEntry BoolAssgnmnt="00" Value="240"/>
</AssgnmntListEntry>
</AssgnmntPrefix>
<AssgnmntPrefix RootTermCovItemPrefix="pickr.games.Briscola.java">
<AssgnmntListEntry Length="3" RootTermCovItemId="C1">
<MapEntry BoolAssgnmnt="022" Value="14"/>
<MapEntry BoolAssgnmnt="102" Value="2"/>
</AssgnmntListEntry>
<AssgnmntListEntry Length="3" RootTermCovItemId="C2">
<MapEntry BoolAssgnmnt="022" Value="14"/>
<MapEntry BoolAssgnmnt="111" Value="2"/>
</AssgnmntListEntry>
<AssgnmntListEntry Length="3" RootTermCovItemId="C3">
<MapEntry BoolAssgnmnt="002" Value="14"/>
<MapEntry BoolAssgnmnt="010" Value="1"/>
<MapEntry BoolAssgnmnt="011" Value="1"/>
</AssgnmntListEntry>
</AssgnmntPrefix>
<AssgnmntPrefix RootTermCovItemPrefix="pickr.games.Game.java">
<AssgnmntListEntry Length="1" RootTermCovItemId="C1">
<MapEntry BoolAssgnmnt="1" Value="16"/>
</AssgnmntListEntry>
<AssgnmntListEntry Length="1" RootTermCovItemId="C2">
<MapEntry BoolAssgnmnt="0" Value="12"/>
<MapEntry BoolAssgnmnt="1" Value="4"/>
</AssgnmntListEntry>
</AssgnmntPrefix>
</AssgnmntList>
<ObjMetaDataList/>
<MetaDataList/>
</TestCase>
<TestCase Comment="" Date="1598619558614" Name="randoop.RandoopTest0:test51">
<CovList>
<CovPrefix CovItemPrefix="pickr.classes.Deck.java">
<Cov CovItemId="B1" Value="12"/>
<Cov CovItemId="B3" Value="12"/>
<Cov CovItemId="B4" Value="1"/>
<Cov CovItemId="S1" Value="8"/>
<Cov CovItemId="S10" Value="13"/>
<Cov CovItemId="S11" Value="12"/>
<Cov CovItemId="S12" Value="12"/>
<Cov CovItemId="S13" Value="36"/>
<Cov CovItemId="S14" Value="12"/>
<Cov CovItemId="S15" Value="1"/>
<Cov CovItemId="S2" Value="27"/>
<Cov CovItemId="S3" Value="7"/>
<Cov CovItemId="S4" Value="70"/>
<Cov CovItemId="S5" Value="280"/>
<Cov CovItemId="S6" Value="3"/>
<Cov CovItemId="S7" Value="12"/>
<Cov CovItemId="S8" Value="12"/>
</CovPrefix>
<CovPrefix CovItemPrefix="pickr.classes.GamingCard.java">
<Cov CovItemId="B1" Value="224"/>
<Cov CovItemId="B2" Value="56"/>
<Cov CovItemId="B4" Value="280"/>
<Cov CovItemId="S1" Value="280"/>
<Cov CovItemId="S10" Value="280"/>
<Cov CovItemId="S12" Value="280"/>
<Cov CovItemId="S13" Value="53"/>
<Cov CovItemId="S2" Value="280"/>
<Cov CovItemId="S3" Value="280"/>
<Cov CovItemId="S4" Value="21"/>
<Cov CovItemId="S6" Value="84"/>
<Cov CovItemId="S7" Value="280"/>
<Cov CovItemId="S8" Value="224"/>
<Cov CovItemId="S9" Value="56"/>
</CovPrefix>
<CovPrefix CovItemPrefix="pickr.classes.Player.java">
<Cov CovItemId="S1" Value="12"/>
<Cov CovItemId="S12" Value="15"/>
<Cov CovItemId="S13" Value="12"/>
<Cov CovItemId="S14" Value="12"/>
<Cov CovItemId="S2" Value="12"/>
<Cov CovItemId="S3" Value="12"/>
<Cov CovItemId="S4" Value="12"/>
<Cov CovItemId="S5" Value="24"/>
<Cov CovItemId="S6" Value="12"/>
<Cov CovItemId="S7" Value="12"/>
<Cov CovItemId="S9" Value="3"/>
</CovPrefix>
<CovPrefix CovItemPrefix="pickr.games.Briscola.java">
<Cov CovItemId="B2" Value="12"/>
<Cov CovItemId="B3" Value="1"/>
<Cov CovItemId="B4" Value="11"/>
<Cov CovItemId="B6" Value="12"/>
<Cov CovItemId="S1" Value="3"/>
<Cov CovItemId="S10" Value="3"/>
<Cov CovItemId="S11" Value="12"/>
<Cov CovItemId="S14" Value="12"/>
<Cov CovItemId="S15" Value="1"/>
<Cov CovItemId="S16" Value="1"/>
<Cov CovItemId="S17" Value="12"/>
<Cov CovItemId="S2" Value="3"/>
<Cov CovItemId="S20" Value="3"/>
<Cov CovItemId="S21" Value="3"/>
<Cov CovItemId="S22" Value="3"/>
<Cov CovItemId="S23" Value="12"/>
<Cov CovItemId="S24" Value="3"/>
<Cov CovItemId="S25" Value="3"/>
<Cov CovItemId="S26" Value="3"/>
<Cov CovItemId="S27" Value="3"/>
<Cov CovItemId="S28" Value="12"/>
<Cov CovItemId="S3" Value="3"/>
<Cov CovItemId="S4" Value="12"/>
<Cov CovItemId="S5" Value="3"/>
<Cov CovItemId="S6" Value="3"/>
<Cov CovItemId="S7" Value="3"/>
<Cov CovItemId="S8" Value="3"/>
<Cov CovItemId="S9" Value="3"/>
</CovPrefix>
<CovPrefix CovItemPrefix="pickr.games.Game.java">
<Cov CovItemId="B1" Value="12"/>
<Cov CovItemId="B3" Value="3"/>
<Cov CovItemId="B4" Value="9"/>
<Cov CovItemId="S1" Value="3"/>
<Cov CovItemId="S10" Value="12"/>
<Cov CovItemId="S11" Value="12"/>
<Cov CovItemId="S12" Value="12"/>
<Cov CovItemId="S14" Value="3"/>
<Cov CovItemId="S15" Value="3"/>
<Cov CovItemId="S16" Value="12"/>
<Cov CovItemId="S17" Value="3"/>
<Cov CovItemId="S18" Value="12"/>
<Cov CovItemId="S19" Value="3"/>
<Cov CovItemId="S2" Value="3"/>
<Cov CovItemId="S20" Value="3"/>
<Cov CovItemId="S21" Value="12"/>
<Cov CovItemId="S22" Value="3"/>
<Cov CovItemId="S23" Value="12"/>
<Cov CovItemId="S24" Value="3"/>
<Cov CovItemId="S25" Value="3"/>
<Cov CovItemId="S26" Value="3"/>
<Cov CovItemId="S27" Value="3"/>
<Cov CovItemId="S28" Value="3"/>
<Cov CovItemId="S3" Value="3"/>
<Cov CovItemId="S4" Value="3"/>
<Cov CovItemId="S5" Value="3"/>
<Cov CovItemId="S6" Value="3"/>
<Cov CovItemId="S7" Value="9"/>
<Cov CovItemId="S8" Value="3"/>
<Cov CovItemId="S9" Value="9"/>
</CovPrefix>
</CovList>
<AssgnmntList>
<AssgnmntPrefix RootTermCovItemPrefix="pickr.classes.Deck.java">
<AssgnmntListEntry Length="1" RootTermCovItemId="C1">
<MapEntry BoolAssgnmnt="0" Value="7"/>
<MapEntry BoolAssgnmnt="1" Value="70"/>
</AssgnmntListEntry>
<AssgnmntListEntry Length="1" RootTermCovItemId="C2">
<MapEntry BoolAssgnmnt="0" Value="12"/>
</AssgnmntListEntry>
<AssgnmntListEntry Length="1" RootTermCovItemId="C3">
<MapEntry BoolAssgnmnt="0" Value="1"/>
<MapEntry BoolAssgnmnt="1" Value="12"/>
</AssgnmntListEntry>
<AssgnmntListEntry Length="1" RootTermCovItemId="C4">
<MapEntry BoolAssgnmnt="0" Value="12"/>
<MapEntry BoolAssgnmnt="1" Value="36"/>
</AssgnmntListEntry>
</AssgnmntPrefix>
<AssgnmntPrefix RootTermCovItemPrefix="pickr.classes.GamingCard.java">
<AssgnmntListEntry Length="2" RootTermCovItemId="C1">
<MapEntry BoolAssgnmnt="02" Value="28"/>
<MapEntry BoolAssgnmnt="10" Value="28"/>
<MapEntry BoolAssgnmnt="11" Value="224"/>
</AssgnmntListEntry>
<AssgnmntListEntry Length="2" RootTermCovItemId="C2">
<MapEntry BoolAssgnmnt="00" Value="280"/>
</AssgnmntListEntry>
</AssgnmntPrefix>
<AssgnmntPrefix RootTermCovItemPrefix="pickr.games.Briscola.java">
<AssgnmntListEntry Length="3" RootTermCovItemId="C1">
<MapEntry BoolAssgnmnt="022" Value="11"/>
<MapEntry BoolAssgnmnt="102" Value="1"/>
</AssgnmntListEntry>
<AssgnmntListEntry Length="3" RootTermCovItemId="C2">
<MapEntry BoolAssgnmnt="022" Value="11"/>
<MapEntry BoolAssgnmnt="111" Value="1"/>
</AssgnmntListEntry>
<AssgnmntListEntry Length="3" RootTermCovItemId="C3">
<MapEntry BoolAssgnmnt="002" Value="9"/>
<MapEntry BoolAssgnmnt="010" Value="3"/>
</AssgnmntListEntry>
</AssgnmntPrefix>
<AssgnmntPrefix RootTermCovItemPrefix="pickr.games.Game.java">
<AssgnmntListEntry Length="1" RootTermCovItemId="C1">
<MapEntry BoolAssgnmnt="1" Value="12"/>
</AssgnmntListEntry>
<AssgnmntListEntry Length="1" RootTermCovItemId="C2">
<MapEntry BoolAssgnmnt="0" Value="9"/>
<MapEntry BoolAssgnmnt="1" Value="3"/>
</AssgnmntListEntry>
</AssgnmntPrefix>
</AssgnmntList>
<ObjMetaDataList/>
<MetaDataList/>
</TestCase>
<TestCase Comment="" Date="1598619558615" Name="randoop.RandoopTest0:test52">
<CovList>
<CovPrefix CovItemPrefix="pickr.classes.Deck.java">
<Cov CovItemId="B1" Value="36"/>
<Cov CovItemId="B2" Value="1"/>
<Cov CovItemId="B3" Value="12"/>
<Cov CovItemId="S1" Value="5"/>
<Cov CovItemId="S10" Value="12"/>
<Cov CovItemId="S11" Value="12"/>
<Cov CovItemId="S12" Value="12"/>
<Cov CovItemId="S13" Value="36"/>
<Cov CovItemId="S14" Value="12"/>
<Cov CovItemId="S2" Value="19"/>
<Cov CovItemId="S3" Value="5"/>
<Cov CovItemId="S4" Value="50"/>
<Cov CovItemId="S5" Value="200"/>
<Cov CovItemId="S6" Value="3"/>
<Cov CovItemId="S7" Value="37"/>
<Cov CovItemId="S8" Value="36"/>
<Cov CovItemId="S9" Value="1"/>
</CovPrefix>
<CovPrefix CovItemPrefix="pickr.classes.GamingCard.java">
<Cov CovItemId="B1" Value="160"/>
<Cov CovItemId="B2" Value="40"/>
<Cov CovItemId="B4" Value="200"/>
<Cov CovItemId="S1" Value="200"/>
<Cov CovItemId="S10" Value="200"/>
<Cov CovItemId="S12" Value="200"/>
<Cov CovItemId="S13" Value="94"/>
<Cov CovItemId="S2" Value="200"/>
<Cov CovItemId="S3" Value="200"/>
<Cov CovItemId="S4" Value="73"/>
<Cov CovItemId="S6" Value="280"/>
<Cov CovItemId="S7" Value="200"/>
<Cov CovItemId="S8" Value="160"/>
<Cov CovItemId="S9" Value="40"/>
</CovPrefix>
<CovPrefix CovItemPrefix="pickr.classes.Player.java">
<Cov CovItemId="S1" Value="12"/>
<Cov CovItemId="S12" Value="18"/>
<Cov CovItemId="S13" Value="40"/>
<Cov CovItemId="S14" Value="36"/>
<Cov CovItemId="S2" Value="12"/>
<Cov CovItemId="S3" Value="12"/>
<Cov CovItemId="S4" Value="12"/>
<Cov CovItemId="S5" Value="48"/>
<Cov CovItemId="S6" Value="12"/>
<Cov CovItemId="S7" Value="40"/>
<Cov CovItemId="S9" Value="10"/>
</CovPrefix>
<CovPrefix CovItemPrefix="pickr.games.Briscola.java">
<Cov CovItemId="B2" Value="40"/>
<Cov CovItemId="B3" Value="6"/>
<Cov CovItemId="B4" Value="34"/>
<Cov CovItemId="B5" Value="4"/>
<Cov CovItemId="B6" Value="36"/>
<Cov CovItemId="S1" Value="3"/>
<Cov CovItemId="S10" Value="10"/>
<Cov CovItemId="S11" Value="40"/>
<Cov CovItemId="S14" Value="40"/>
<Cov CovItemId="S15" Value="6"/>
<Cov CovItemId="S16" Value="6"/>
<Cov CovItemId="S17" Value="40"/>
<Cov CovItemId="S18" Value="4"/>
<Cov CovItemId="S19" Value="4"/>
<Cov CovItemId="S2" Value="3"/>
<Cov CovItemId="S20" Value="10"/>
<Cov CovItemId="S21" Value="10"/>
<Cov CovItemId="S22" Value="10"/>
<Cov CovItemId="S23" Value="40"/>
<Cov CovItemId="S24" Value="10"/>
<Cov CovItemId="S25" Value="10"/>
<Cov CovItemId="S26" Value="10"/>
<Cov CovItemId="S27" Value="10"/>
<Cov CovItemId="S28" Value="37"/>
<Cov CovItemId="S3" Value="3"/>
<Cov CovItemId="S4" Value="12"/>
<Cov CovItemId="S5" Value="3"/>
<Cov CovItemId="S6" Value="3"/>
<Cov CovItemId="S7" Value="3"/>
<Cov CovItemId="S8" Value="3"/>
<Cov CovItemId="S9" Value="10"/>
</CovPrefix>
<CovPrefix CovItemPrefix="pickr.games.Game.java">
<Cov CovItemId="B1" Value="12"/>
<Cov CovItemId="B3" Value="10"/>
<Cov CovItemId="B4" Value="30"/>
<Cov CovItemId="S1" Value="3"/>
<Cov CovItemId="S10" Value="17"/>
<Cov CovItemId="S11" Value="12"/>
<Cov CovItemId="S12" Value="12"/>
<Cov CovItemId="S14" Value="10"/>
<Cov CovItemId="S15" Value="10"/>
<Cov CovItemId="S16" Value="40"/>
<Cov CovItemId="S17" Value="10"/>
<Cov CovItemId="S18" Value="40"/>
<Cov CovItemId="S19" Value="10"/>
<Cov CovItemId="S2" Value="3"/>
<Cov CovItemId="S20" Value="10"/>
<Cov CovItemId="S21" Value="40"/>
<Cov CovItemId="S22" Value="10"/>
<Cov CovItemId="S23" Value="40"/>
<Cov CovItemId="S24" Value="10"/>
<Cov CovItemId="S25" Value="10"/>
<Cov CovItemId="S26" Value="10"/>
<Cov CovItemId="S27" Value="10"/>
<Cov CovItemId="S28" Value="10"/>
<Cov CovItemId="S3" Value="3"/>
<Cov CovItemId="S4" Value="3"/>
<Cov CovItemId="S5" Value="3"/>
<Cov CovItemId="S6" Value="3"/>
<Cov CovItemId="S7" Value="7"/>
<Cov CovItemId="S8" Value="2"/>
<Cov CovItemId="S9" Value="30"/>
</CovPrefix>
</CovList>
<AssgnmntList>
<AssgnmntPrefix RootTermCovItemPrefix="pickr.classes.Deck.java">
<AssgnmntListEntry Length="1" RootTermCovItemId="C1">
<MapEntry BoolAssgnmnt="0" Value="5"/>
<MapEntry BoolAssgnmnt="1" Value="50"/>
</AssgnmntListEntry>
<AssgnmntListEntry Length="1" RootTermCovItemId="C2">
<MapEntry BoolAssgnmnt="0" Value="36"/>
<MapEntry BoolAssgnmnt="1" Value="1"/>
</AssgnmntListEntry>
<AssgnmntListEntry Length="1" RootTermCovItemId="C3">
<MapEntry BoolAssgnmnt="1" Value="12"/>
</AssgnmntListEntry>
<AssgnmntListEntry Length="1" RootTermCovItemId="C4">
<MapEntry BoolAssgnmnt="0" Value="12"/>
<MapEntry BoolAssgnmnt="1" Value="36"/>
</AssgnmntListEntry>
</AssgnmntPrefix>
<AssgnmntPrefix RootTermCovItemPrefix="pickr.classes.GamingCard.java">
<AssgnmntListEntry Length="2" RootTermCovItemId="C1">
<MapEntry BoolAssgnmnt="02" Value="20"/>
<MapEntry BoolAssgnmnt="10" Value="20"/>
<MapEntry BoolAssgnmnt="11" Value="160"/>
</AssgnmntListEntry>
<AssgnmntListEntry Length="2" RootTermCovItemId="C2">
<MapEntry BoolAssgnmnt="00" Value="200"/>
</AssgnmntListEntry>
</AssgnmntPrefix>
<AssgnmntPrefix RootTermCovItemPrefix="pickr.games.Briscola.java">
<AssgnmntListEntry Length="3" RootTermCovItemId="C1">
<MapEntry BoolAssgnmnt="022" Value="31"/>
<MapEntry BoolAssgnmnt="102" Value="8"/>
<MapEntry BoolAssgnmnt="110" Value="1"/>
</AssgnmntListEntry>
<AssgnmntListEntry Length="3" RootTermCovItemId="C2">
<MapEntry BoolAssgnmnt="022" Value="31"/>
<MapEntry BoolAssgnmnt="102" Value="1"/>
<MapEntry BoolAssgnmnt="110" Value="2"/>
<MapEntry BoolAssgnmnt="111" Value="6"/>
</AssgnmntListEntry>
<AssgnmntListEntry Length="3" RootTermCovItemId="C3">
<MapEntry BoolAssgnmnt="122" Value="3"/>
<MapEntry BoolAssgnmnt="002" Value="31"/>
<MapEntry BoolAssgnmnt="010" Value="2"/>
<MapEntry BoolAssgnmnt="011" Value="4"/>
</AssgnmntListEntry>
</AssgnmntPrefix>
<AssgnmntPrefix RootTermCovItemPrefix="pickr.games.Game.java">
<AssgnmntListEntry Length="1" RootTermCovItemId="C1">
<MapEntry BoolAssgnmnt="1" Value="12"/>
</AssgnmntListEntry>
<AssgnmntListEntry Length="1" RootTermCovItemId="C2">
<MapEntry BoolAssgnmnt="0" Value="30"/>
<MapEntry BoolAssgnmnt="1" Value="10"/>
</AssgnmntListEntry>
</AssgnmntPrefix>
</AssgnmntList>
<ObjMetaDataList/>
<MetaDataList/>
</TestCase>
<TestCase Comment="" Date="1598619558616" Name="randoop.RandoopTest0:test53">
<CovList>
<CovPrefix CovItemPrefix="pickr.classes.Deck.java">
<Cov CovItemId="B1" Value="12"/>
<Cov CovItemId="B3" Value="12"/>
<Cov CovItemId="S1" Value="4"/>
<Cov CovItemId="S10" Value="12"/>
<Cov CovItemId="S11" Value="12"/>
<Cov CovItemId="S12" Value="12"/>
<Cov CovItemId="S13" Value="36"/>
<Cov CovItemId="S14" Value="12"/>
<Cov CovItemId="S2" Value="18"/>
<Cov CovItemId="S3" Value="4"/>
<Cov CovItemId="S4" Value="40"/>
<Cov CovItemId="S5" Value="160"/>
<Cov CovItemId="S6" Value="3"/>
<Cov CovItemId="S7" Value="12"/>
<Cov CovItemId="S8" Value="12"/>
</CovPrefix>
<CovPrefix CovItemPrefix="pickr.classes.GamingCard.java">
<Cov CovItemId="B1" Value="129"/>
<Cov CovItemId="B2" Value="32"/>
<Cov CovItemId="B3" Value="1"/>
<Cov CovItemId="B4" Value="160"/>
<Cov CovItemId="S1" Value="161"/>
<Cov CovItemId="S10" Value="161"/>
<Cov CovItemId="S11" Value="1"/>
<Cov CovItemId="S12" Value="160"/>
<Cov CovItemId="S13" Value="59"/>
<Cov CovItemId="S2" Value="161"/>
<Cov CovItemId="S3" Value="161"/>
<Cov CovItemId="S4" Value="23"/>
<Cov CovItemId="S6" Value="84"/>
<Cov CovItemId="S7" Value="161"/>
<Cov CovItemId="S8" Value="129"/>
<Cov CovItemId="S9" Value="32"/>
</CovPrefix>
<CovPrefix CovItemPrefix="pickr.classes.Player.java">
<Cov CovItemId="S1" Value="12"/>
<Cov CovItemId="S12" Value="15"/>
<Cov CovItemId="S13" Value="12"/>
<Cov CovItemId="S14" Value="12"/>
<Cov CovItemId="S2" Value="12"/>
<Cov CovItemId="S3" Value="12"/>
<Cov CovItemId="S4" Value="12"/>
<Cov CovItemId="S5" Value="24"/>
<Cov CovItemId="S6" Value="12"/>
<Cov CovItemId="S7" Value="12"/>
<Cov CovItemId="S9" Value="3"/>
</CovPrefix>
<CovPrefix CovItemPrefix="pickr.games.Briscola.java">
<Cov CovItemId="B2" Value="12"/>
<Cov CovItemId="B3" Value="2"/>
<Cov CovItemId="B4" Value="10"/>
<Cov CovItemId="B5" Value="2"/>
<Cov CovItemId="B6" Value="10"/>
<Cov CovItemId="S1" Value="3"/>
<Cov CovItemId="S10" Value="3"/>
<Cov CovItemId="S11" Value="12"/>
<Cov CovItemId="S14" Value="12"/>
<Cov CovItemId="S15" Value="2"/>
<Cov CovItemId="S16" Value="2"/>
<Cov CovItemId="S17" Value="12"/>
<Cov CovItemId="S18" Value="2"/>
<Cov CovItemId="S19" Value="2"/>
<Cov CovItemId="S2" Value="3"/>
<Cov CovItemId="S20" Value="3"/>
<Cov CovItemId="S21" Value="3"/>
<Cov CovItemId="S22" Value="3"/>
<Cov CovItemId="S23" Value="12"/>
<Cov CovItemId="S24" Value="3"/>
<Cov CovItemId="S25" Value="3"/>
<Cov CovItemId="S26" Value="3"/>
<Cov CovItemId="S27" Value="3"/>
<Cov CovItemId="S28" Value="12"/>
<Cov CovItemId="S3" Value="3"/>
<Cov CovItemId="S4" Value="12"/>
<Cov CovItemId="S5" Value="3"/>
<Cov CovItemId="S6" Value="3"/>
<Cov CovItemId="S7" Value="3"/>
<Cov CovItemId="S8" Value="3"/>
<Cov CovItemId="S9" Value="3"/>
</CovPrefix>
<CovPrefix CovItemPrefix="pickr.games.Game.java">
<Cov CovItemId="B1" Value="12"/>
<Cov CovItemId="B3" Value="3"/>
<Cov CovItemId="B4" Value="9"/>
<Cov CovItemId="S1" Value="3"/>
<Cov CovItemId="S10" Value="12"/>
<Cov CovItemId="S11" Value="12"/>
<Cov CovItemId="S12" Value="12"/>
<Cov CovItemId="S14" Value="3"/>
<Cov CovItemId="S15" Value="3"/>
<Cov CovItemId="S16" Value="12"/>
<Cov CovItemId="S17" Value="3"/>
<Cov CovItemId="S18" Value="12"/>
<Cov CovItemId="S19" Value="3"/>
<Cov CovItemId="S2" Value="3"/>
<Cov CovItemId="S20" Value="3"/>
<Cov CovItemId="S21" Value="12"/>
<Cov CovItemId="S22" Value="3"/>
<Cov CovItemId="S23" Value="12"/>
<Cov CovItemId="S24" Value="3"/>
<Cov CovItemId="S25" Value="3"/>
<Cov CovItemId="S26" Value="3"/>
<Cov CovItemId="S27" Value="3"/>
<Cov CovItemId="S28" Value="3"/>
<Cov CovItemId="S3" Value="3"/>
<Cov CovItemId="S4" Value="3"/>
<Cov CovItemId="S5" Value="3"/>
<Cov CovItemId="S6" Value="3"/>
<Cov CovItemId="S7" Value="9"/>
<Cov CovItemId="S8" Value="3"/>
<Cov CovItemId="S9" Value="9"/>
</CovPrefix>
</CovList>
<AssgnmntList>
<AssgnmntPrefix RootTermCovItemPrefix="pickr.classes.Deck.java">
<AssgnmntListEntry Length="1" RootTermCovItemId="C1">
<MapEntry BoolAssgnmnt="0" Value="4"/>
<MapEntry BoolAssgnmnt="1" Value="40"/>
</AssgnmntListEntry>
<AssgnmntListEntry Length="1" RootTermCovItemId="C2">
<MapEntry BoolAssgnmnt="0" Value="12"/>
</AssgnmntListEntry>
<AssgnmntListEntry Length="1" RootTermCovItemId="C3">
<MapEntry BoolAssgnmnt="1" Value="12"/>
</AssgnmntListEntry>
<AssgnmntListEntry Length="1" RootTermCovItemId="C4">
<MapEntry BoolAssgnmnt="0" Value="12"/>
<MapEntry BoolAssgnmnt="1" Value="36"/>
</AssgnmntListEntry>
</AssgnmntPrefix>
<AssgnmntPrefix RootTermCovItemPrefix="pickr.classes.GamingCard.java">
<AssgnmntListEntry Length="2" RootTermCovItemId="C1">
<MapEntry BoolAssgnmnt="02" Value="16"/>
<MapEntry BoolAssgnmnt="10" Value="16"/>
<MapEntry BoolAssgnmnt="11" Value="129"/>
</AssgnmntListEntry>
<AssgnmntListEntry Length="2" RootTermCovItemId="C2">
<MapEntry BoolAssgnmnt="00" Value="160"/>
<MapEntry BoolAssgnmnt="01" Value="1"/>
</AssgnmntListEntry>
</AssgnmntPrefix>
<AssgnmntPrefix RootTermCovItemPrefix="pickr.games.Briscola.java">
<AssgnmntListEntry Length="3" RootTermCovItemId="C1">
<MapEntry BoolAssgnmnt="022" Value="10"/>
<MapEntry BoolAssgnmnt="102" Value="2"/>
</AssgnmntListEntry>
<AssgnmntListEntry Length="3" RootTermCovItemId="C2">
<MapEntry BoolAssgnmnt="022" Value="10"/>
<MapEntry BoolAssgnmnt="111" Value="2"/>
</AssgnmntListEntry>
<AssgnmntListEntry Length="3" RootTermCovItemId="C3">
<MapEntry BoolAssgnmnt="002" Value="10"/>
<MapEntry BoolAssgnmnt="011" Value="2"/>
</AssgnmntListEntry>
</AssgnmntPrefix>
<AssgnmntPrefix RootTermCovItemPrefix="pickr.games.Game.java">
<AssgnmntListEntry Length="1" RootTermCovItemId="C1">
<MapEntry BoolAssgnmnt="1" Value="12"/>
</AssgnmntListEntry>
<AssgnmntListEntry Length="1" RootTermCovItemId="C2">
<MapEntry BoolAssgnmnt="0" Value="9"/>
<MapEntry BoolAssgnmnt="1" Value="3"/>
</AssgnmntListEntry>
</AssgnmntPrefix>
</AssgnmntList>
<ObjMetaDataList/>
<MetaDataList/>
</TestCase>
<TestCase Comment="" Date="1598619558616" Name="randoop.RandoopTest0:test54">
<CovList>
<CovPrefix CovItemPrefix="pickr.classes.Deck.java">
<Cov CovItemId="B1" Value="32"/>
<Cov CovItemId="B2" Value="1"/>
<Cov CovItemId="B3" Value="8"/>
<Cov CovItemId="S1" Value="3"/>
<Cov CovItemId="S10" Value="8"/>
<Cov CovItemId="S11" Value="8"/>
<Cov CovItemId="S12" Value="8"/>
<Cov CovItemId="S13" Value="24"/>
<Cov CovItemId="S14" Value="8"/>
<Cov CovItemId="S2" Value="11"/>
<Cov CovItemId="S3" Value="3"/>
<Cov CovItemId="S4" Value="30"/>
<Cov CovItemId="S5" Value="120"/>
<Cov CovItemId="S6" Value="2"/>
<Cov CovItemId="S7" Value="33"/>
<Cov CovItemId="S8" Value="32"/>
<Cov CovItemId="S9" Value="1"/>
</CovPrefix>
<CovPrefix CovItemPrefix="pickr.classes.GamingCard.java">
<Cov CovItemId="B1" Value="96"/>
<Cov CovItemId="B2" Value="24"/>
<Cov CovItemId="B4" Value="120"/>
<Cov CovItemId="S1" Value="120"/>
<Cov CovItemId="S10" Value="120"/>
<Cov CovItemId="S12" Value="120"/>
<Cov CovItemId="S13" Value="77"/>
<Cov CovItemId="S2" Value="120"/>
<Cov CovItemId="S3" Value="120"/>
<Cov CovItemId="S4" Value="73"/>
<Cov CovItemId="S6" Value="252"/>
<Cov CovItemId="S7" Value="120"/>
<Cov CovItemId="S8" Value="96"/>
<Cov CovItemId="S9" Value="24"/>
</CovPrefix>
<CovPrefix CovItemPrefix="pickr.classes.Player.java">
<Cov CovItemId="S1" Value="8"/>
<Cov CovItemId="S12" Value="13"/>
<Cov CovItemId="S13" Value="36"/>
<Cov CovItemId="S14" Value="32"/>
<Cov CovItemId="S2" Value="8"/>
<Cov CovItemId="S3" Value="8"/>
<Cov CovItemId="S4" Value="8"/>
<Cov CovItemId="S5" Value="40"/>
<Cov CovItemId="S6" Value="8"/>
<Cov CovItemId="S7" Value="36"/>
<Cov CovItemId="S9" Value="9"/>
</CovPrefix>
<CovPrefix CovItemPrefix="pickr.games.Briscola.java">
<Cov CovItemId="B1" Value="1"/>
<Cov CovItemId="B2" Value="35"/>
<Cov CovItemId="B3" Value="6"/>
<Cov CovItemId="B4" Value="30"/>
<Cov CovItemId="B5" Value="3"/>
<Cov CovItemId="B6" Value="33"/>
<Cov CovItemId="S1" Value="2"/>
<Cov CovItemId="S10" Value="9"/>
<Cov CovItemId="S11" Value="36"/>
<Cov CovItemId="S12" Value="1"/>
<Cov CovItemId="S13" Value="1"/>
<Cov CovItemId="S14" Value="36"/>
<Cov CovItemId="S15" Value="6"/>
<Cov CovItemId="S16" Value="6"/>
<Cov CovItemId="S17" Value="36"/>
<Cov CovItemId="S18" Value="3"/>
<Cov CovItemId="S19" Value="3"/>
<Cov CovItemId="S2" Value="2"/>
<Cov CovItemId="S20" Value="9"/>
<Cov CovItemId="S21" Value="9"/>
<Cov CovItemId="S22" Value="9"/>
<Cov CovItemId="S23" Value="36"/>
<Cov CovItemId="S24" Value="9"/>
<Cov CovItemId="S25" Value="9"/>
<Cov CovItemId="S26" Value="9"/>
<Cov CovItemId="S27" Value="9"/>
<Cov CovItemId="S28" Value="33"/>
<Cov CovItemId="S3" Value="2"/>
<Cov CovItemId="S4" Value="8"/>
<Cov CovItemId="S5" Value="2"/>
<Cov CovItemId="S6" Value="2"/>
<Cov CovItemId="S7" Value="2"/>
<Cov CovItemId="S8" Value="2"/>
<Cov CovItemId="S9" Value="9"/>
</CovPrefix>
<CovPrefix CovItemPrefix="pickr.games.Game.java">
<Cov CovItemId="B1" Value="8"/>
<Cov CovItemId="B3" Value="9"/>
<Cov CovItemId="B4" Value="27"/>
<Cov CovItemId="S1" Value="2"/>
<Cov CovItemId="S10" Value="13"/>
<Cov CovItemId="S11" Value="8"/>
<Cov CovItemId="S12" Value="8"/>
<Cov CovItemId="S14" Value="9"/>
<Cov CovItemId="S15" Value="9"/>
<Cov CovItemId="S16" Value="36"/>
<Cov CovItemId="S17" Value="9"/>
<Cov CovItemId="S18" Value="36"/>
<Cov CovItemId="S19" Value="9"/>
<Cov CovItemId="S2" Value="2"/>
<Cov CovItemId="S20" Value="9"/>
<Cov CovItemId="S21" Value="36"/>
<Cov CovItemId="S22" Value="9"/>
<Cov CovItemId="S23" Value="36"/>
<Cov CovItemId="S24" Value="9"/>
<Cov CovItemId="S25" Value="9"/>
<Cov CovItemId="S26" Value="9"/>
<Cov CovItemId="S27" Value="9"/>
<Cov CovItemId="S28" Value="9"/>
<Cov CovItemId="S3" Value="2"/>
<Cov CovItemId="S4" Value="2"/>
<Cov CovItemId="S5" Value="2"/>
<Cov CovItemId="S6" Value="2"/>
<Cov CovItemId="S7" Value="4"/>
<Cov CovItemId="S8" Value="1"/>
<Cov CovItemId="S9" Value="27"/>
</CovPrefix>
</CovList>
<AssgnmntList>
<AssgnmntPrefix RootTermCovItemPrefix="pickr.classes.Deck.java">
<AssgnmntListEntry Length="1" RootTermCovItemId="C1">
<MapEntry BoolAssgnmnt="0" Value="3"/>
<MapEntry BoolAssgnmnt="1" Value="30"/>
</AssgnmntListEntry>
<AssgnmntListEntry Length="1" RootTermCovItemId="C2">
<MapEntry BoolAssgnmnt="0" Value="32"/>
<MapEntry BoolAssgnmnt="1" Value="1"/>
</AssgnmntListEntry>
<AssgnmntListEntry Length="1" RootTermCovItemId="C3">
<MapEntry BoolAssgnmnt="1" Value="8"/>
</AssgnmntListEntry>
<AssgnmntListEntry Length="1" RootTermCovItemId="C4">
<MapEntry BoolAssgnmnt="0" Value="8"/>
<MapEntry BoolAssgnmnt="1" Value="24"/>
</AssgnmntListEntry>
</AssgnmntPrefix>
<AssgnmntPrefix RootTermCovItemPrefix="pickr.classes.GamingCard.java">
<AssgnmntListEntry Length="2" RootTermCovItemId="C1">
<MapEntry BoolAssgnmnt="02" Value="12"/>
<MapEntry BoolAssgnmnt="10" Value="12"/>
<MapEntry BoolAssgnmnt="11" Value="96"/>
</AssgnmntListEntry>
<AssgnmntListEntry Length="2" RootTermCovItemId="C2">
<MapEntry BoolAssgnmnt="00" Value="120"/>
</AssgnmntListEntry>
</AssgnmntPrefix>
<AssgnmntPrefix RootTermCovItemPrefix="pickr.games.Briscola.java">
<AssgnmntListEntry Length="3" RootTermCovItemId="C1">
<MapEntry BoolAssgnmnt="022" Value="25"/>
<MapEntry BoolAssgnmnt="102" Value="7"/>
<MapEntry BoolAssgnmnt="110" Value="3"/>
<MapEntry BoolAssgnmnt="111" Value="1"/>
</AssgnmntListEntry>
<AssgnmntListEntry Length="3" RootTermCovItemId="C2">
<MapEntry BoolAssgnmnt="022" Value="26"/>
<MapEntry BoolAssgnmnt="102" Value="3"/>
<MapEntry BoolAssgnmnt="110" Value="1"/>
<MapEntry BoolAssgnmnt="111" Value="6"/>
</AssgnmntListEntry>
<AssgnmntListEntry Length="3" RootTermCovItemId="C3">
<MapEntry BoolAssgnmnt="122" Value="4"/>
<MapEntry BoolAssgnmnt="002" Value="25"/>
<MapEntry BoolAssgnmnt="010" Value="4"/>
<MapEntry BoolAssgnmnt="011" Value="3"/>
</AssgnmntListEntry>
</AssgnmntPrefix>
<AssgnmntPrefix RootTermCovItemPrefix="pickr.games.Game.java">
<AssgnmntListEntry Length="1" RootTermCovItemId="C1">
<MapEntry BoolAssgnmnt="1" Value="8"/>
</AssgnmntListEntry>
<AssgnmntListEntry Length="1" RootTermCovItemId="C2">
<MapEntry BoolAssgnmnt="0" Value="27"/>
<MapEntry BoolAssgnmnt="1" Value="9"/>
</AssgnmntListEntry>
</AssgnmntPrefix>
</AssgnmntList>
<ObjMetaDataList/>
<MetaDataList/>
</TestCase>
<TestCase Comment="" Date="1598619558617" Name="randoop.RandoopTest0:test55">
<CovList>
<CovPrefix CovItemPrefix="pickr.classes.Deck.java">
<Cov CovItemId="B1" Value="36"/>
<Cov CovItemId="B2" Value="1"/>
<Cov CovItemId="B3" Value="12"/>
<Cov CovItemId="S1" Value="5"/>
<Cov CovItemId="S10" Value="12"/>
<Cov CovItemId="S11" Value="12"/>
<Cov CovItemId="S12" Value="12"/>
<Cov CovItemId="S13" Value="36"/>
<Cov CovItemId="S14" Value="12"/>
<Cov CovItemId="S2" Value="19"/>
<Cov CovItemId="S3" Value="5"/>
<Cov CovItemId="S4" Value="50"/>
<Cov CovItemId="S5" Value="200"/>
<Cov CovItemId="S6" Value="3"/>
<Cov CovItemId="S7" Value="37"/>
<Cov CovItemId="S8" Value="36"/>
<Cov CovItemId="S9" Value="1"/>
</CovPrefix>
<CovPrefix CovItemPrefix="pickr.classes.GamingCard.java">
<Cov CovItemId="B1" Value="160"/>
<Cov CovItemId="B2" Value="40"/>
<Cov CovItemId="B4" Value="200"/>
<Cov CovItemId="S1" Value="200"/>
<Cov CovItemId="S10" Value="200"/>
<Cov CovItemId="S12" Value="200"/>
<Cov CovItemId="S13" Value="90"/>
<Cov CovItemId="S2" Value="200"/>
<Cov CovItemId="S3" Value="200"/>
<Cov CovItemId="S4" Value="71"/>
<Cov CovItemId="S6" Value="280"/>
<Cov CovItemId="S7" Value="200"/>
<Cov CovItemId="S8" Value="160"/>
<Cov CovItemId="S9" Value="40"/>
</CovPrefix>
<CovPrefix CovItemPrefix="pickr.classes.Player.java">
<Cov CovItemId="S1" Value="12"/>
<Cov CovItemId="S12" Value="18"/>
<Cov CovItemId="S13" Value="40"/>
<Cov CovItemId="S14" Value="36"/>
<Cov CovItemId="S2" Value="12"/>
<Cov CovItemId="S3" Value="12"/>
<Cov CovItemId="S4" Value="12"/>
<Cov CovItemId="S5" Value="48"/>
<Cov CovItemId="S6" Value="12"/>
<Cov CovItemId="S7" Value="40"/>
<Cov CovItemId="S9" Value="10"/>
</CovPrefix>
<CovPrefix CovItemPrefix="pickr.games.Briscola.java">
<Cov CovItemId="B2" Value="40"/>
<Cov CovItemId="B3" Value="3"/>
<Cov CovItemId="B4" Value="37"/>
<Cov CovItemId="B5" Value="5"/>
<Cov CovItemId="B6" Value="35"/>
<Cov CovItemId="S1" Value="3"/>
<Cov CovItemId="S10" Value="10"/>
<Cov CovItemId="S11" Value="40"/>
<Cov CovItemId="S14" Value="40"/>
<Cov CovItemId="S15" Value="3"/>
<Cov CovItemId="S16" Value="3"/>
<Cov CovItemId="S17" Value="40"/>
<Cov CovItemId="S18" Value="5"/>
<Cov CovItemId="S19" Value="5"/>
<Cov CovItemId="S2" Value="3"/>
<Cov CovItemId="S20" Value="10"/>
<Cov CovItemId="S21" Value="10"/>
<Cov CovItemId="S22" Value="10"/>
<Cov CovItemId="S23" Value="40"/>
<Cov CovItemId="S24" Value="10"/>
<Cov CovItemId="S25" Value="10"/>
<Cov CovItemId="S26" Value="10"/>
<Cov CovItemId="S27" Value="10"/>
<Cov CovItemId="S28" Value="37"/>
<Cov CovItemId="S3" Value="3"/>
<Cov CovItemId="S4" Value="12"/>
<Cov CovItemId="S5" Value="3"/>
<Cov CovItemId="S6" Value="3"/>
<Cov CovItemId="S7" Value="3"/>
<Cov CovItemId="S8" Value="3"/>
<Cov CovItemId="S9" Value="10"/>
</CovPrefix>
<CovPrefix CovItemPrefix="pickr.games.Game.java">
<Cov CovItemId="B1" Value="12"/>
<Cov CovItemId="B3" Value="10"/>
<Cov CovItemId="B4" Value="30"/>
<Cov CovItemId="S1" Value="3"/>
<Cov CovItemId="S10" Value="17"/>
<Cov CovItemId="S11" Value="12"/>
<Cov CovItemId="S12" Value="12"/>
<Cov CovItemId="S14" Value="10"/>
<Cov CovItemId="S15" Value="10"/>
<Cov CovItemId="S16" Value="40"/>
<Cov CovItemId="S17" Value="10"/>
<Cov CovItemId="S18" Value="40"/>
<Cov CovItemId="S19" Value="10"/>
<Cov CovItemId="S2" Value="3"/>
<Cov CovItemId="S20" Value="10"/>
<Cov CovItemId="S21" Value="40"/>
<Cov CovItemId="S22" Value="10"/>
<Cov CovItemId="S23" Value="40"/>
<Cov CovItemId="S24" Value="10"/>
<Cov CovItemId="S25" Value="10"/>
<Cov CovItemId="S26" Value="10"/>
<Cov CovItemId="S27" Value="10"/>
<Cov CovItemId="S28" Value="10"/>
<Cov CovItemId="S3" Value="3"/>
<Cov CovItemId="S4" Value="3"/>
<Cov CovItemId="S5" Value="3"/>
<Cov CovItemId="S6" Value="3"/>
<Cov CovItemId="S7" Value="7"/>
<Cov CovItemId="S8" Value="2"/>
<Cov CovItemId="S9" Value="30"/>
</CovPrefix>
</CovList>
<AssgnmntList>
<AssgnmntPrefix RootTermCovItemPrefix="pickr.classes.Deck.java">
<AssgnmntListEntry Length="1" RootTermCovItemId="C1">
<MapEntry BoolAssgnmnt="0" Value="5"/>
<MapEntry BoolAssgnmnt="1" Value="50"/>
</AssgnmntListEntry>
<AssgnmntListEntry Length="1" RootTermCovItemId="C2">
<MapEntry BoolAssgnmnt="0" Value="36"/>
<MapEntry BoolAssgnmnt="1" Value="1"/>
</AssgnmntListEntry>
<AssgnmntListEntry Length="1" RootTermCovItemId="C3">
<MapEntry BoolAssgnmnt="1" Value="12"/>
</AssgnmntListEntry>
<AssgnmntListEntry Length="1" RootTermCovItemId="C4">
<MapEntry BoolAssgnmnt="0" Value="12"/>
<MapEntry BoolAssgnmnt="1" Value="36"/>
</AssgnmntListEntry>
</AssgnmntPrefix>
<AssgnmntPrefix RootTermCovItemPrefix="pickr.classes.GamingCard.java">
<AssgnmntListEntry Length="2" RootTermCovItemId="C1">
<MapEntry BoolAssgnmnt="02" Value="20"/>
<MapEntry BoolAssgnmnt="10" Value="20"/>
<MapEntry BoolAssgnmnt="11" Value="160"/>
</AssgnmntListEntry>
<AssgnmntListEntry Length="2" RootTermCovItemId="C2">
<MapEntry BoolAssgnmnt="00" Value="200"/>
</AssgnmntListEntry>
</AssgnmntPrefix>
<AssgnmntPrefix RootTermCovItemPrefix="pickr.games.Briscola.java">
<AssgnmntListEntry Length="3" RootTermCovItemId="C1">
<MapEntry BoolAssgnmnt="022" Value="32"/>
<MapEntry BoolAssgnmnt="102" Value="3"/>
<MapEntry BoolAssgnmnt="110" Value="5"/>
</AssgnmntListEntry>
<AssgnmntListEntry Length="3" RootTermCovItemId="C2">
<MapEntry BoolAssgnmnt="022" Value="32"/>
<MapEntry BoolAssgnmnt="102" Value="5"/>
<MapEntry BoolAssgnmnt="111" Value="3"/>
</AssgnmntListEntry>
<AssgnmntListEntry Length="3" RootTermCovItemId="C3">
<MapEntry BoolAssgnmnt="122" Value="5"/>
<MapEntry BoolAssgnmnt="002" Value="26"/>
<MapEntry BoolAssgnmnt="010" Value="4"/>
<MapEntry BoolAssgnmnt="011" Value="5"/>
</AssgnmntListEntry>
</AssgnmntPrefix>
<AssgnmntPrefix RootTermCovItemPrefix="pickr.games.Game.java">
<AssgnmntListEntry Length="1" RootTermCovItemId="C1">
<MapEntry BoolAssgnmnt="1" Value="12"/>
</AssgnmntListEntry>
<AssgnmntListEntry Length="1" RootTermCovItemId="C2">
<MapEntry BoolAssgnmnt="0" Value="30"/>
<MapEntry BoolAssgnmnt="1" Value="10"/>
</AssgnmntListEntry>
</AssgnmntPrefix>
</AssgnmntList>
<ObjMetaDataList/>
<MetaDataList/>
</TestCase>
<TestCase Comment="" Date="1598619558618" Name="randoop.RandoopTest0:test56">
<CovList>
<CovPrefix CovItemPrefix="pickr.classes.Deck.java">
<Cov CovItemId="B1" Value="16"/>
<Cov CovItemId="B3" Value="16"/>
<Cov CovItemId="S1" Value="6"/>
<Cov CovItemId="S10" Value="16"/>
<Cov CovItemId="S11" Value="16"/>
<Cov CovItemId="S12" Value="16"/>
<Cov CovItemId="S13" Value="48"/>
<Cov CovItemId="S14" Value="16"/>
<Cov CovItemId="S2" Value="26"/>
<Cov CovItemId="S3" Value="6"/>
<Cov CovItemId="S4" Value="60"/>
<Cov CovItemId="S5" Value="240"/>
<Cov CovItemId="S6" Value="4"/>
<Cov CovItemId="S7" Value="16"/>
<Cov CovItemId="S8" Value="16"/>
</CovPrefix>
<CovPrefix CovItemPrefix="pickr.classes.GamingCard.java">
<Cov CovItemId="B1" Value="193"/>
<Cov CovItemId="B2" Value="48"/>
<Cov CovItemId="B3" Value="1"/>
<Cov CovItemId="B4" Value="240"/>
<Cov CovItemId="S1" Value="241"/>
<Cov CovItemId="S10" Value="241"/>
<Cov CovItemId="S11" Value="1"/>
<Cov CovItemId="S12" Value="240"/>
<Cov CovItemId="S13" Value="72"/>
<Cov CovItemId="S2" Value="241"/>
<Cov CovItemId="S3" Value="241"/>
<Cov CovItemId="S4" Value="35"/>
<Cov CovItemId="S6" Value="112"/>
<Cov CovItemId="S7" Value="241"/>
<Cov CovItemId="S8" Value="193"/>
<Cov CovItemId="S9" Value="48"/>
</CovPrefix>
<CovPrefix CovItemPrefix="pickr.classes.Player.java">
<Cov CovItemId="S1" Value="16"/>
<Cov CovItemId="S12" Value="20"/>
<Cov CovItemId="S13" Value="16"/>
<Cov CovItemId="S14" Value="16"/>
<Cov CovItemId="S2" Value="16"/>
<Cov CovItemId="S3" Value="16"/>
<Cov CovItemId="S4" Value="16"/>
<Cov CovItemId="S5" Value="32"/>
<Cov CovItemId="S6" Value="16"/>
<Cov CovItemId="S7" Value="16"/>
<Cov CovItemId="S9" Value="4"/>
</CovPrefix>
<CovPrefix CovItemPrefix="pickr.games.Briscola.java">
<Cov CovItemId="B2" Value="16"/>
<Cov CovItemId="B3" Value="2"/>
<Cov CovItemId="B4" Value="14"/>
<Cov CovItemId="B6" Value="16"/>
<Cov CovItemId="S1" Value="4"/>
<Cov CovItemId="S10" Value="4"/>
<Cov CovItemId="S11" Value="16"/>
<Cov CovItemId="S14" Value="16"/>
<Cov CovItemId="S15" Value="2"/>
<Cov CovItemId="S16" Value="2"/>
<Cov CovItemId="S17" Value="16"/>
<Cov CovItemId="S2" Value="4"/>
<Cov CovItemId="S20" Value="4"/>
<Cov CovItemId="S21" Value="4"/>
<Cov CovItemId="S22" Value="4"/>
<Cov CovItemId="S23" Value="16"/>
<Cov CovItemId="S24" Value="4"/>
<Cov CovItemId="S25" Value="4"/>
<Cov CovItemId="S26" Value="4"/>
<Cov CovItemId="S27" Value="4"/>
<Cov CovItemId="S28" Value="16"/>
<Cov CovItemId="S3" Value="4"/>
<Cov CovItemId="S4" Value="16"/>
<Cov CovItemId="S5" Value="4"/>
<Cov CovItemId="S6" Value="4"/>
<Cov CovItemId="S7" Value="4"/>
<Cov CovItemId="S8" Value="4"/>
<Cov CovItemId="S9" Value="4"/>
</CovPrefix>
<CovPrefix CovItemPrefix="pickr.games.Game.java">
<Cov CovItemId="B1" Value="16"/>
<Cov CovItemId="B3" Value="4"/>
<Cov CovItemId="B4" Value="12"/>
<Cov CovItemId="S1" Value="4"/>
<Cov CovItemId="S10" Value="16"/>
<Cov CovItemId="S11" Value="16"/>
<Cov CovItemId="S12" Value="16"/>
<Cov CovItemId="S14" Value="4"/>
<Cov CovItemId="S15" Value="4"/>
<Cov CovItemId="S16" Value="16"/>
<Cov CovItemId="S17" Value="4"/>
<Cov CovItemId="S18" Value="16"/>
<Cov CovItemId="S19" Value="4"/>
<Cov CovItemId="S2" Value="4"/>
<Cov CovItemId="S20" Value="4"/>
<Cov CovItemId="S21" Value="16"/>
<Cov CovItemId="S22" Value="4"/>
<Cov CovItemId="S23" Value="16"/>
<Cov CovItemId="S24" Value="4"/>
<Cov CovItemId="S25" Value="4"/>
<Cov CovItemId="S26" Value="4"/>
<Cov CovItemId="S27" Value="4"/>
<Cov CovItemId="S28" Value="4"/>
<Cov CovItemId="S3" Value="4"/>
<Cov CovItemId="S4" Value="4"/>
<Cov CovItemId="S5" Value="4"/>
<Cov CovItemId="S6" Value="4"/>
<Cov CovItemId="S7" Value="12"/>
<Cov CovItemId="S8" Value="4"/>
<Cov CovItemId="S9" Value="12"/>
</CovPrefix>
</CovList>
<AssgnmntList>
<AssgnmntPrefix RootTermCovItemPrefix="pickr.classes.Deck.java">
<AssgnmntListEntry Length="1" RootTermCovItemId="C1">
<MapEntry BoolAssgnmnt="0" Value="6"/>
<MapEntry BoolAssgnmnt="1" Value="60"/>
</AssgnmntListEntry>
<AssgnmntListEntry Length="1" RootTermCovItemId="C2">
<MapEntry BoolAssgnmnt="0" Value="16"/>
</AssgnmntListEntry>
<AssgnmntListEntry Length="1" RootTermCovItemId="C3">
<MapEntry BoolAssgnmnt="1" Value="16"/>
</AssgnmntListEntry>
<AssgnmntListEntry Length="1" RootTermCovItemId="C4">
<MapEntry BoolAssgnmnt="0" Value="16"/>
<MapEntry BoolAssgnmnt="1" Value="48"/>
</AssgnmntListEntry>
</AssgnmntPrefix>
<AssgnmntPrefix RootTermCovItemPrefix="pickr.classes.GamingCard.java">
<AssgnmntListEntry Length="2" RootTermCovItemId="C1">
<MapEntry BoolAssgnmnt="02" Value="24"/>
<MapEntry BoolAssgnmnt="10" Value="24"/>
<MapEntry BoolAssgnmnt="11" Value="193"/>
</AssgnmntListEntry>
<AssgnmntListEntry Length="2" RootTermCovItemId="C2">
<MapEntry BoolAssgnmnt="00" Value="240"/>
<MapEntry BoolAssgnmnt="01" Value="1"/>
</AssgnmntListEntry>
</AssgnmntPrefix>
<AssgnmntPrefix RootTermCovItemPrefix="pickr.games.Briscola.java">
<AssgnmntListEntry Length="3" RootTermCovItemId="C1">
<MapEntry BoolAssgnmnt="022" Value="10"/>
<MapEntry BoolAssgnmnt="102" Value="5"/>
<MapEntry BoolAssgnmnt="110" Value="1"/>
</AssgnmntListEntry>
<AssgnmntListEntry Length="3" RootTermCovItemId="C2">
<MapEntry BoolAssgnmnt="022" Value="10"/>
<MapEntry BoolAssgnmnt="102" Value="1"/>
<MapEntry BoolAssgnmnt="110" Value="3"/>
<MapEntry BoolAssgnmnt="111" Value="2"/>
</AssgnmntListEntry>
<AssgnmntListEntry Length="3" RootTermCovItemId="C3">
<MapEntry BoolAssgnmnt="122" Value="4"/>
<MapEntry BoolAssgnmnt="002" Value="11"/>
<MapEntry BoolAssgnmnt="010" Value="1"/>
</AssgnmntListEntry>
</AssgnmntPrefix>
<AssgnmntPrefix RootTermCovItemPrefix="pickr.games.Game.java">
<AssgnmntListEntry Length="1" RootTermCovItemId="C1">
<MapEntry BoolAssgnmnt="1" Value="16"/>
</AssgnmntListEntry>
<AssgnmntListEntry Length="1" RootTermCovItemId="C2">
<MapEntry BoolAssgnmnt="0" Value="12"/>
<MapEntry BoolAssgnmnt="1" Value="4"/>
</AssgnmntListEntry>
</AssgnmntPrefix>
</AssgnmntList>
<ObjMetaDataList/>
<MetaDataList/>
</TestCase>
<TestCase Comment="" Date="1598619558618" Name="randoop.RandoopTest0:test57">
<CovList>
<CovPrefix CovItemPrefix="pickr.classes.Deck.java">
<Cov CovItemId="B1" Value="16"/>
<Cov CovItemId="B3" Value="16"/>
<Cov CovItemId="S1" Value="7"/>
<Cov CovItemId="S10" Value="16"/>
<Cov CovItemId="S11" Value="16"/>
<Cov CovItemId="S12" Value="16"/>
<Cov CovItemId="S13" Value="48"/>
<Cov CovItemId="S14" Value="16"/>
<Cov CovItemId="S2" Value="29"/>
<Cov CovItemId="S3" Value="7"/>
<Cov CovItemId="S4" Value="70"/>
<Cov CovItemId="S5" Value="280"/>
<Cov CovItemId="S6" Value="4"/>
<Cov CovItemId="S7" Value="16"/>
<Cov CovItemId="S8" Value="16"/>
</CovPrefix>
<CovPrefix CovItemPrefix="pickr.classes.GamingCard.java">
<Cov CovItemId="B1" Value="225"/>
<Cov CovItemId="B2" Value="56"/>
<Cov CovItemId="B3" Value="1"/>
<Cov CovItemId="B4" Value="280"/>
<Cov CovItemId="S1" Value="281"/>
<Cov CovItemId="S10" Value="281"/>
<Cov CovItemId="S11" Value="1"/>
<Cov CovItemId="S12" Value="280"/>
<Cov CovItemId="S13" Value="78"/>
<Cov CovItemId="S2" Value="281"/>
<Cov CovItemId="S3" Value="281"/>
<Cov CovItemId="S4" Value="35"/>
<Cov CovItemId="S6" Value="112"/>
<Cov CovItemId="S7" Value="281"/>
<Cov CovItemId="S8" Value="225"/>
<Cov CovItemId="S9" Value="56"/>
</CovPrefix>
<CovPrefix CovItemPrefix="pickr.classes.Player.java">
<Cov CovItemId="S1" Value="16"/>
<Cov CovItemId="S12" Value="20"/>
<Cov CovItemId="S13" Value="16"/>
<Cov CovItemId="S14" Value="16"/>
<Cov CovItemId="S2" Value="16"/>
<Cov CovItemId="S3" Value="16"/>
<Cov CovItemId="S4" Value="16"/>
<Cov CovItemId="S5" Value="32"/>
<Cov CovItemId="S6" Value="16"/>
<Cov CovItemId="S7" Value="16"/>
<Cov CovItemId="S9" Value="4"/>
</CovPrefix>
<CovPrefix CovItemPrefix="pickr.games.Briscola.java">
<Cov CovItemId="B1" Value="1"/>
<Cov CovItemId="B2" Value="15"/>
<Cov CovItemId="B3" Value="2"/>
<Cov CovItemId="B4" Value="14"/>
<Cov CovItemId="B5" Value="2"/>
<Cov CovItemId="B6" Value="14"/>
<Cov CovItemId="S1" Value="4"/>
<Cov CovItemId="S10" Value="4"/>
<Cov CovItemId="S11" Value="16"/>
<Cov CovItemId="S12" Value="1"/>
<Cov CovItemId="S13" Value="1"/>
<Cov CovItemId="S14" Value="16"/>
<Cov CovItemId="S15" Value="2"/>
<Cov CovItemId="S16" Value="2"/>
<Cov CovItemId="S17" Value="16"/>
<Cov CovItemId="S18" Value="2"/>
<Cov CovItemId="S19" Value="2"/>
<Cov CovItemId="S2" Value="4"/>
<Cov CovItemId="S20" Value="4"/>
<Cov CovItemId="S21" Value="4"/>
<Cov CovItemId="S22" Value="4"/>
<Cov CovItemId="S23" Value="16"/>
<Cov CovItemId="S24" Value="4"/>
<Cov CovItemId="S25" Value="4"/>
<Cov CovItemId="S26" Value="4"/>
<Cov CovItemId="S27" Value="4"/>
<Cov CovItemId="S28" Value="16"/>
<Cov CovItemId="S3" Value="4"/>
<Cov CovItemId="S4" Value="16"/>
<Cov CovItemId="S5" Value="4"/>
<Cov CovItemId="S6" Value="4"/>
<Cov CovItemId="S7" Value="4"/>
<Cov CovItemId="S8" Value="4"/>
<Cov CovItemId="S9" Value="4"/>
</CovPrefix>
<CovPrefix CovItemPrefix="pickr.games.Game.java">
<Cov CovItemId="B1" Value="16"/>
<Cov CovItemId="B3" Value="4"/>
<Cov CovItemId="B4" Value="12"/>
<Cov CovItemId="S1" Value="4"/>
<Cov CovItemId="S10" Value="16"/>
<Cov CovItemId="S11" Value="16"/>
<Cov CovItemId="S12" Value="16"/>
<Cov CovItemId="S14" Value="4"/>
<Cov CovItemId="S15" Value="4"/>
<Cov CovItemId="S16" Value="16"/>
<Cov CovItemId="S17" Value="4"/>
<Cov CovItemId="S18" Value="16"/>
<Cov CovItemId="S19" Value="4"/>
<Cov CovItemId="S2" Value="4"/>
<Cov CovItemId="S20" Value="4"/>
<Cov CovItemId="S21" Value="16"/>
<Cov CovItemId="S22" Value="4"/>
<Cov CovItemId="S23" Value="16"/>
<Cov CovItemId="S24" Value="4"/>
<Cov CovItemId="S25" Value="4"/>
<Cov CovItemId="S26" Value="4"/>
<Cov CovItemId="S27" Value="4"/>
<Cov CovItemId="S28" Value="4"/>
<Cov CovItemId="S3" Value="4"/>
<Cov CovItemId="S4" Value="4"/>
<Cov CovItemId="S5" Value="4"/>
<Cov CovItemId="S6" Value="4"/>
<Cov CovItemId="S7" Value="12"/>
<Cov CovItemId="S8" Value="4"/>
<Cov CovItemId="S9" Value="12"/>
</CovPrefix>
</CovList>
<AssgnmntList>
<AssgnmntPrefix RootTermCovItemPrefix="pickr.classes.Deck.java">
<AssgnmntListEntry Length="1" RootTermCovItemId="C1">
<MapEntry BoolAssgnmnt="0" Value="7"/>
<MapEntry BoolAssgnmnt="1" Value="70"/>
</AssgnmntListEntry>
<AssgnmntListEntry Length="1" RootTermCovItemId="C2">
<MapEntry BoolAssgnmnt="0" Value="16"/>
</AssgnmntListEntry>
<AssgnmntListEntry Length="1" RootTermCovItemId="C3">
<MapEntry BoolAssgnmnt="1" Value="16"/>
</AssgnmntListEntry>
<AssgnmntListEntry Length="1" RootTermCovItemId="C4">
<MapEntry BoolAssgnmnt="0" Value="16"/>
<MapEntry BoolAssgnmnt="1" Value="48"/>
</AssgnmntListEntry>
</AssgnmntPrefix>
<AssgnmntPrefix RootTermCovItemPrefix="pickr.classes.GamingCard.java">
<AssgnmntListEntry Length="2" RootTermCovItemId="C1">
<MapEntry BoolAssgnmnt="02" Value="28"/>
<MapEntry BoolAssgnmnt="10" Value="28"/>
<MapEntry BoolAssgnmnt="11" Value="225"/>
</AssgnmntListEntry>
<AssgnmntListEntry Length="2" RootTermCovItemId="C2">
<MapEntry BoolAssgnmnt="00" Value="280"/>
<MapEntry BoolAssgnmnt="01" Value="1"/>
</AssgnmntListEntry>
</AssgnmntPrefix>
<AssgnmntPrefix RootTermCovItemPrefix="pickr.games.Briscola.java">
<AssgnmntListEntry Length="3" RootTermCovItemId="C1">
<MapEntry BoolAssgnmnt="022" Value="11"/>
<MapEntry BoolAssgnmnt="102" Value="2"/>
<MapEntry BoolAssgnmnt="110" Value="2"/>
<MapEntry BoolAssgnmnt="111" Value="1"/>
</AssgnmntListEntry>
<AssgnmntListEntry Length="3" RootTermCovItemId="C2">
<MapEntry BoolAssgnmnt="022" Value="12"/>
<MapEntry BoolAssgnmnt="102" Value="2"/>
<MapEntry BoolAssgnmnt="111" Value="2"/>
</AssgnmntListEntry>
<AssgnmntListEntry Length="3" RootTermCovItemId="C3">
<MapEntry BoolAssgnmnt="122" Value="2"/>
<MapEntry BoolAssgnmnt="002" Value="11"/>
<MapEntry BoolAssgnmnt="010" Value="1"/>
<MapEntry BoolAssgnmnt="011" Value="2"/>
</AssgnmntListEntry>
</AssgnmntPrefix>
<AssgnmntPrefix RootTermCovItemPrefix="pickr.games.Game.java">
<AssgnmntListEntry Length="1" RootTermCovItemId="C1">
<MapEntry BoolAssgnmnt="1" Value="16"/>
</AssgnmntListEntry>
<AssgnmntListEntry Length="1" RootTermCovItemId="C2">
<MapEntry BoolAssgnmnt="0" Value="12"/>
<MapEntry BoolAssgnmnt="1" Value="4"/>
</AssgnmntListEntry>
</AssgnmntPrefix>
</AssgnmntList>
<ObjMetaDataList/>
<MetaDataList/>
</TestCase>
<TestCase Comment="" Date="1598619558619" Name="randoop.RandoopTest0:test58">
<CovList>
<CovPrefix CovItemPrefix="pickr.classes.Deck.java">
<Cov CovItemId="B1" Value="8"/>
<Cov CovItemId="B3" Value="8"/>
<Cov CovItemId="B4" Value="1"/>
<Cov CovItemId="S1" Value="5"/>
<Cov CovItemId="S10" Value="9"/>
<Cov CovItemId="S11" Value="8"/>
<Cov CovItemId="S12" Value="8"/>
<Cov CovItemId="S13" Value="24"/>
<Cov CovItemId="S14" Value="8"/>
<Cov CovItemId="S15" Value="1"/>
<Cov CovItemId="S2" Value="16"/>
<Cov CovItemId="S3" Value="4"/>
<Cov CovItemId="S4" Value="40"/>
<Cov CovItemId="S5" Value="160"/>
<Cov CovItemId="S6" Value="2"/>
<Cov CovItemId="S7" Value="8"/>
<Cov CovItemId="S8" Value="8"/>
</CovPrefix>
<CovPrefix CovItemPrefix="pickr.classes.GamingCard.java">
<Cov CovItemId="B1" Value="128"/>
<Cov CovItemId="B2" Value="32"/>
<Cov CovItemId="B4" Value="160"/>
<Cov CovItemId="S1" Value="160"/>
<Cov CovItemId="S10" Value="160"/>
<Cov CovItemId="S12" Value="160"/>
<Cov CovItemId="S13" Value="36"/>
<Cov CovItemId="S2" Value="160"/>
<Cov CovItemId="S3" Value="160"/>
<Cov CovItemId="S4" Value="17"/>
<Cov CovItemId="S6" Value="56"/>
<Cov CovItemId="S7" Value="160"/>
<Cov CovItemId="S8" Value="128"/>
<Cov CovItemId="S9" Value="32"/>
</CovPrefix>
<CovPrefix CovItemPrefix="pickr.classes.Player.java">
<Cov CovItemId="S1" Value="8"/>
<Cov CovItemId="S12" Value="10"/>
<Cov CovItemId="S13" Value="8"/>
<Cov CovItemId="S14" Value="8"/>
<Cov CovItemId="S2" Value="8"/>
<Cov CovItemId="S3" Value="8"/>
<Cov CovItemId="S4" Value="8"/>
<Cov CovItemId="S5" Value="16"/>
<Cov CovItemId="S6" Value="8"/>
<Cov CovItemId="S7" Value="8"/>
<Cov CovItemId="S9" Value="2"/>
</CovPrefix>
<CovPrefix CovItemPrefix="pickr.games.Briscola.java">
<Cov CovItemId="B1" Value="1"/>
<Cov CovItemId="B2" Value="7"/>
<Cov CovItemId="B4" Value="8"/>
<Cov CovItemId="B6" Value="8"/>
<Cov CovItemId="S1" Value="2"/>
<Cov CovItemId="S10" Value="2"/>
<Cov CovItemId="S11" Value="8"/>
<Cov CovItemId="S12" Value="1"/>
<Cov CovItemId="S13" Value="1"/>
<Cov CovItemId="S14" Value="8"/>
<Cov CovItemId="S17" Value="8"/>
<Cov CovItemId="S2" Value="2"/>
<Cov CovItemId="S20" Value="2"/>
<Cov CovItemId="S21" Value="2"/>
<Cov CovItemId="S22" Value="2"/>
<Cov CovItemId="S23" Value="8"/>
<Cov CovItemId="S24" Value="2"/>
<Cov CovItemId="S25" Value="2"/>
<Cov CovItemId="S26" Value="2"/>
<Cov CovItemId="S27" Value="2"/>
<Cov CovItemId="S28" Value="8"/>
<Cov CovItemId="S3" Value="2"/>
<Cov CovItemId="S4" Value="8"/>
<Cov CovItemId="S5" Value="2"/>
<Cov CovItemId="S6" Value="2"/>
<Cov CovItemId="S7" Value="2"/>
<Cov CovItemId="S8" Value="2"/>
<Cov CovItemId="S9" Value="2"/>
</CovPrefix>
<CovPrefix CovItemPrefix="pickr.games.Game.java">
<Cov CovItemId="B1" Value="8"/>
<Cov CovItemId="B3" Value="2"/>
<Cov CovItemId="B4" Value="6"/>
<Cov CovItemId="S1" Value="2"/>
<Cov CovItemId="S10" Value="8"/>
<Cov CovItemId="S11" Value="8"/>
<Cov CovItemId="S12" Value="8"/>
<Cov CovItemId="S14" Value="2"/>
<Cov CovItemId="S15" Value="2"/>
<Cov CovItemId="S16" Value="8"/>
<Cov CovItemId="S17" Value="2"/>
<Cov CovItemId="S18" Value="8"/>
<Cov CovItemId="S19" Value="2"/>
<Cov CovItemId="S2" Value="2"/>
<Cov CovItemId="S20" Value="2"/>
<Cov CovItemId="S21" Value="8"/>
<Cov CovItemId="S22" Value="2"/>
<Cov CovItemId="S23" Value="8"/>
<Cov CovItemId="S24" Value="2"/>
<Cov CovItemId="S25" Value="2"/>
<Cov CovItemId="S26" Value="2"/>
<Cov CovItemId="S27" Value="2"/>
<Cov CovItemId="S28" Value="2"/>
<Cov CovItemId="S3" Value="2"/>
<Cov CovItemId="S4" Value="2"/>
<Cov CovItemId="S5" Value="2"/>
<Cov CovItemId="S6" Value="2"/>
<Cov CovItemId="S7" Value="6"/>
<Cov CovItemId="S8" Value="2"/>
<Cov CovItemId="S9" Value="6"/>
</CovPrefix>
</CovList>
<AssgnmntList>
<AssgnmntPrefix RootTermCovItemPrefix="pickr.classes.Deck.java">
<AssgnmntListEntry Length="1" RootTermCovItemId="C1">
<MapEntry BoolAssgnmnt="0" Value="4"/>
<MapEntry BoolAssgnmnt="1" Value="40"/>
</AssgnmntListEntry>
<AssgnmntListEntry Length="1" RootTermCovItemId="C2">
<MapEntry BoolAssgnmnt="0" Value="8"/>
</AssgnmntListEntry>
<AssgnmntListEntry Length="1" RootTermCovItemId="C3">
<MapEntry BoolAssgnmnt="0" Value="1"/>
<MapEntry BoolAssgnmnt="1" Value="8"/>
</AssgnmntListEntry>
<AssgnmntListEntry Length="1" RootTermCovItemId="C4">
<MapEntry BoolAssgnmnt="0" Value="8"/>
<MapEntry BoolAssgnmnt="1" Value="24"/>
</AssgnmntListEntry>
</AssgnmntPrefix>
<AssgnmntPrefix RootTermCovItemPrefix="pickr.classes.GamingCard.java">
<AssgnmntListEntry Length="2" RootTermCovItemId="C1">
<MapEntry BoolAssgnmnt="02" Value="16"/>
<MapEntry BoolAssgnmnt="10" Value="16"/>
<MapEntry BoolAssgnmnt="11" Value="128"/>
</AssgnmntListEntry>
<AssgnmntListEntry Length="2" RootTermCovItemId="C2">
<MapEntry BoolAssgnmnt="00" Value="160"/>
</AssgnmntListEntry>
</AssgnmntPrefix>
<AssgnmntPrefix RootTermCovItemPrefix="pickr.games.Briscola.java">
<AssgnmntListEntry Length="3" RootTermCovItemId="C1">
<MapEntry BoolAssgnmnt="022" Value="6"/>
<MapEntry BoolAssgnmnt="110" Value="1"/>
<MapEntry BoolAssgnmnt="111" Value="1"/>
</AssgnmntListEntry>
<AssgnmntListEntry Length="3" RootTermCovItemId="C2">
<MapEntry BoolAssgnmnt="022" Value="7"/>
<MapEntry BoolAssgnmnt="102" Value="1"/>
</AssgnmntListEntry>
<AssgnmntListEntry Length="3" RootTermCovItemId="C3">
<MapEntry BoolAssgnmnt="122" Value="1"/>
<MapEntry BoolAssgnmnt="002" Value="4"/>
<MapEntry BoolAssgnmnt="010" Value="3"/>
</AssgnmntListEntry>
</AssgnmntPrefix>
<AssgnmntPrefix RootTermCovItemPrefix="pickr.games.Game.java">
<AssgnmntListEntry Length="1" RootTermCovItemId="C1">
<MapEntry BoolAssgnmnt="1" Value="8"/>
</AssgnmntListEntry>
<AssgnmntListEntry Length="1" RootTermCovItemId="C2">
<MapEntry BoolAssgnmnt="0" Value="6"/>
<MapEntry BoolAssgnmnt="1" Value="2"/>
</AssgnmntListEntry>
</AssgnmntPrefix>
</AssgnmntList>
<ObjMetaDataList/>
<MetaDataList/>
</TestCase>
<TestCase Comment="" Date="1598619558619" Name="randoop.RandoopTest0:test59">
<CovList>
<CovPrefix CovItemPrefix="pickr.classes.Deck.java">
<Cov CovItemId="B1" Value="16"/>
<Cov CovItemId="B3" Value="16"/>
<Cov CovItemId="S1" Value="6"/>
<Cov CovItemId="S10" Value="16"/>
<Cov CovItemId="S11" Value="16"/>
<Cov CovItemId="S12" Value="16"/>
<Cov CovItemId="S13" Value="48"/>
<Cov CovItemId="S14" Value="16"/>
<Cov CovItemId="S2" Value="26"/>
<Cov CovItemId="S3" Value="6"/>
<Cov CovItemId="S4" Value="60"/>
<Cov CovItemId="S5" Value="240"/>
<Cov CovItemId="S6" Value="4"/>
<Cov CovItemId="S7" Value="16"/>
<Cov CovItemId="S8" Value="16"/>
</CovPrefix>
<CovPrefix CovItemPrefix="pickr.classes.GamingCard.java">
<Cov CovItemId="B1" Value="193"/>
<Cov CovItemId="B2" Value="48"/>
<Cov CovItemId="B3" Value="1"/>
<Cov CovItemId="B4" Value="240"/>
<Cov CovItemId="S1" Value="241"/>
<Cov CovItemId="S10" Value="241"/>
<Cov CovItemId="S11" Value="1"/>
<Cov CovItemId="S12" Value="240"/>
<Cov CovItemId="S13" Value="78"/>
<Cov CovItemId="S2" Value="241"/>
<Cov CovItemId="S3" Value="241"/>
<Cov CovItemId="S4" Value="36"/>
<Cov CovItemId="S6" Value="112"/>
<Cov CovItemId="S7" Value="241"/>
<Cov CovItemId="S8" Value="193"/>
<Cov CovItemId="S9" Value="48"/>
</CovPrefix>
<CovPrefix CovItemPrefix="pickr.classes.Player.java">
<Cov CovItemId="S1" Value="16"/>
<Cov CovItemId="S12" Value="20"/>
<Cov CovItemId="S13" Value="16"/>
<Cov CovItemId="S14" Value="16"/>
<Cov CovItemId="S2" Value="16"/>
<Cov CovItemId="S3" Value="16"/>
<Cov CovItemId="S4" Value="16"/>
<Cov CovItemId="S5" Value="32"/>
<Cov CovItemId="S6" Value="16"/>
<Cov CovItemId="S7" Value="16"/>
<Cov CovItemId="S9" Value="4"/>
</CovPrefix>
<CovPrefix CovItemPrefix="pickr.games.Briscola.java">
<Cov CovItemId="B2" Value="16"/>
<Cov CovItemId="B3" Value="4"/>
<Cov CovItemId="B4" Value="12"/>
<Cov CovItemId="B5" Value="1"/>
<Cov CovItemId="B6" Value="15"/>
<Cov CovItemId="S1" Value="4"/>
<Cov CovItemId="S10" Value="4"/>
<Cov CovItemId="S11" Value="16"/>
<Cov CovItemId="S14" Value="16"/>
<Cov CovItemId="S15" Value="4"/>
<Cov CovItemId="S16" Value="4"/>
<Cov CovItemId="S17" Value="16"/>
<Cov CovItemId="S18" Value="1"/>
<Cov CovItemId="S19" Value="1"/>
<Cov CovItemId="S2" Value="4"/>
<Cov CovItemId="S20" Value="4"/>
<Cov CovItemId="S21" Value="4"/>
<Cov CovItemId="S22" Value="4"/>
<Cov CovItemId="S23" Value="16"/>
<Cov CovItemId="S24" Value="4"/>
<Cov CovItemId="S25" Value="4"/>
<Cov CovItemId="S26" Value="4"/>
<Cov CovItemId="S27" Value="4"/>
<Cov CovItemId="S28" Value="16"/>
<Cov CovItemId="S3" Value="4"/>
<Cov CovItemId="S4" Value="16"/>
<Cov CovItemId="S5" Value="4"/>
<Cov CovItemId="S6" Value="4"/>
<Cov CovItemId="S7" Value="4"/>
<Cov CovItemId="S8" Value="4"/>
<Cov CovItemId="S9" Value="4"/>
</CovPrefix>
<CovPrefix CovItemPrefix="pickr.games.Game.java">
<Cov CovItemId="B1" Value="16"/>
<Cov CovItemId="B3" Value="4"/>
<Cov CovItemId="B4" Value="12"/>
<Cov CovItemId="S1" Value="4"/>
<Cov CovItemId="S10" Value="16"/>
<Cov CovItemId="S11" Value="16"/>
<Cov CovItemId="S12" Value="16"/>
<Cov CovItemId="S14" Value="4"/>
<Cov CovItemId="S15" Value="4"/>
<Cov CovItemId="S16" Value="16"/>
<Cov CovItemId="S17" Value="4"/>
<Cov CovItemId="S18" Value="16"/>
<Cov CovItemId="S19" Value="4"/>
<Cov CovItemId="S2" Value="4"/>
<Cov CovItemId="S20" Value="4"/>
<Cov CovItemId="S21" Value="16"/>
<Cov CovItemId="S22" Value="4"/>
<Cov CovItemId="S23" Value="16"/>
<Cov CovItemId="S24" Value="4"/>
<Cov CovItemId="S25" Value="4"/>
<Cov CovItemId="S26" Value="4"/>
<Cov CovItemId="S27" Value="4"/>
<Cov CovItemId="S28" Value="4"/>
<Cov CovItemId="S3" Value="4"/>
<Cov CovItemId="S4" Value="4"/>
<Cov CovItemId="S5" Value="4"/>
<Cov CovItemId="S6" Value="4"/>
<Cov CovItemId="S7" Value="12"/>
<Cov CovItemId="S8" Value="4"/>
<Cov CovItemId="S9" Value="12"/>
</CovPrefix>
</CovList>
<AssgnmntList>
<AssgnmntPrefix RootTermCovItemPrefix="pickr.classes.Deck.java">
<AssgnmntListEntry Length="1" RootTermCovItemId="C1">
<MapEntry BoolAssgnmnt="0" Value="6"/>
<MapEntry BoolAssgnmnt="1" Value="60"/>
</AssgnmntListEntry>
<AssgnmntListEntry Length="1" RootTermCovItemId="C2">
<MapEntry BoolAssgnmnt="0" Value="16"/>
</AssgnmntListEntry>
<AssgnmntListEntry Length="1" RootTermCovItemId="C3">
<MapEntry BoolAssgnmnt="1" Value="16"/>
</AssgnmntListEntry>
<AssgnmntListEntry Length="1" RootTermCovItemId="C4">
<MapEntry BoolAssgnmnt="0" Value="16"/>
<MapEntry BoolAssgnmnt="1" Value="48"/>
</AssgnmntListEntry>
</AssgnmntPrefix>
<AssgnmntPrefix RootTermCovItemPrefix="pickr.classes.GamingCard.java">
<AssgnmntListEntry Length="2" RootTermCovItemId="C1">
<MapEntry BoolAssgnmnt="02" Value="24"/>
<MapEntry BoolAssgnmnt="10" Value="24"/>
<MapEntry BoolAssgnmnt="11" Value="193"/>
</AssgnmntListEntry>
<AssgnmntListEntry Length="2" RootTermCovItemId="C2">
<MapEntry BoolAssgnmnt="00" Value="240"/>
<MapEntry BoolAssgnmnt="01" Value="1"/>
</AssgnmntListEntry>
</AssgnmntPrefix>
<AssgnmntPrefix RootTermCovItemPrefix="pickr.games.Briscola.java">
<AssgnmntListEntry Length="3" RootTermCovItemId="C1">
<MapEntry BoolAssgnmnt="022" Value="12"/>
<MapEntry BoolAssgnmnt="102" Value="4"/>
</AssgnmntListEntry>
<AssgnmntListEntry Length="3" RootTermCovItemId="C2">
<MapEntry BoolAssgnmnt="022" Value="12"/>
<MapEntry BoolAssgnmnt="111" Value="4"/>
</AssgnmntListEntry>
<AssgnmntListEntry Length="3" RootTermCovItemId="C3">
<MapEntry BoolAssgnmnt="002" Value="12"/>
<MapEntry BoolAssgnmnt="010" Value="3"/>
<MapEntry BoolAssgnmnt="011" Value="1"/>
</AssgnmntListEntry>
</AssgnmntPrefix>
<AssgnmntPrefix RootTermCovItemPrefix="pickr.games.Game.java">
<AssgnmntListEntry Length="1" RootTermCovItemId="C1">
<MapEntry BoolAssgnmnt="1" Value="16"/>
</AssgnmntListEntry>
<AssgnmntListEntry Length="1" RootTermCovItemId="C2">
<MapEntry BoolAssgnmnt="0" Value="12"/>
<MapEntry BoolAssgnmnt="1" Value="4"/>
</AssgnmntListEntry>
</AssgnmntPrefix>
</AssgnmntList>
<ObjMetaDataList/>
<MetaDataList/>
</TestCase>
<TestCase Comment="" Date="1598619558619" Name="randoop.RandoopTest0:test60">
<CovList>
<CovPrefix CovItemPrefix="pickr.classes.Deck.java">
<Cov CovItemId="B1" Value="16"/>
<Cov CovItemId="B3" Value="16"/>
<Cov CovItemId="S1" Value="7"/>
<Cov CovItemId="S10" Value="16"/>
<Cov CovItemId="S11" Value="16"/>
<Cov CovItemId="S12" Value="16"/>
<Cov CovItemId="S13" Value="48"/>
<Cov CovItemId="S14" Value="16"/>
<Cov CovItemId="S2" Value="29"/>
<Cov CovItemId="S3" Value="7"/>
<Cov CovItemId="S4" Value="70"/>
<Cov CovItemId="S5" Value="280"/>
<Cov CovItemId="S6" Value="4"/>
<Cov CovItemId="S7" Value="16"/>
<Cov CovItemId="S8" Value="16"/>
</CovPrefix>
<CovPrefix CovItemPrefix="pickr.classes.GamingCard.java">
<Cov CovItemId="B1" Value="225"/>
<Cov CovItemId="B2" Value="56"/>
<Cov CovItemId="B3" Value="1"/>
<Cov CovItemId="B4" Value="280"/>
<Cov CovItemId="S1" Value="281"/>
<Cov CovItemId="S10" Value="281"/>
<Cov CovItemId="S11" Value="1"/>
<Cov CovItemId="S12" Value="280"/>
<Cov CovItemId="S13" Value="72"/>
<Cov CovItemId="S2" Value="281"/>
<Cov CovItemId="S3" Value="281"/>
<Cov CovItemId="S4" Value="26"/>
<Cov CovItemId="S6" Value="112"/>
<Cov CovItemId="S7" Value="281"/>
<Cov CovItemId="S8" Value="225"/>
<Cov CovItemId="S9" Value="56"/>
</CovPrefix>
<CovPrefix CovItemPrefix="pickr.classes.Player.java">
<Cov CovItemId="S1" Value="16"/>
<Cov CovItemId="S12" Value="20"/>
<Cov CovItemId="S13" Value="16"/>
<Cov CovItemId="S14" Value="16"/>
<Cov CovItemId="S2" Value="16"/>
<Cov CovItemId="S3" Value="16"/>
<Cov CovItemId="S4" Value="16"/>
<Cov CovItemId="S5" Value="32"/>
<Cov CovItemId="S6" Value="16"/>
<Cov CovItemId="S7" Value="16"/>
<Cov CovItemId="S9" Value="4"/>
</CovPrefix>
<CovPrefix CovItemPrefix="pickr.games.Briscola.java">
<Cov CovItemId="B2" Value="16"/>
<Cov CovItemId="B3" Value="1"/>
<Cov CovItemId="B4" Value="15"/>
<Cov CovItemId="B5" Value="1"/>
<Cov CovItemId="B6" Value="15"/>
<Cov CovItemId="S1" Value="4"/>
<Cov CovItemId="S10" Value="4"/>
<Cov CovItemId="S11" Value="16"/>
<Cov CovItemId="S14" Value="16"/>
<Cov CovItemId="S15" Value="1"/>
<Cov CovItemId="S16" Value="1"/>
<Cov CovItemId="S17" Value="16"/>
<Cov CovItemId="S18" Value="1"/>
<Cov CovItemId="S19" Value="1"/>
<Cov CovItemId="S2" Value="4"/>
<Cov CovItemId="S20" Value="4"/>
<Cov CovItemId="S21" Value="4"/>
<Cov CovItemId="S22" Value="4"/>
<Cov CovItemId="S23" Value="16"/>
<Cov CovItemId="S24" Value="4"/>
<Cov CovItemId="S25" Value="4"/>
<Cov CovItemId="S26" Value="4"/>
<Cov CovItemId="S27" Value="4"/>
<Cov CovItemId="S28" Value="16"/>
<Cov CovItemId="S3" Value="4"/>
<Cov CovItemId="S4" Value="16"/>
<Cov CovItemId="S5" Value="4"/>
<Cov CovItemId="S6" Value="4"/>
<Cov CovItemId="S7" Value="4"/>
<Cov CovItemId="S8" Value="4"/>
<Cov CovItemId="S9" Value="4"/>
</CovPrefix>
<CovPrefix CovItemPrefix="pickr.games.Game.java">
<Cov CovItemId="B1" Value="16"/>
<Cov CovItemId="B3" Value="4"/>
<Cov CovItemId="B4" Value="12"/>
<Cov CovItemId="S1" Value="4"/>
<Cov CovItemId="S10" Value="16"/>
<Cov CovItemId="S11" Value="16"/>
<Cov CovItemId="S12" Value="16"/>
<Cov CovItemId="S14" Value="4"/>
<Cov CovItemId="S15" Value="4"/>
<Cov CovItemId="S16" Value="16"/>
<Cov CovItemId="S17" Value="4"/>
<Cov CovItemId="S18" Value="16"/>
<Cov CovItemId="S19" Value="4"/>
<Cov CovItemId="S2" Value="4"/>
<Cov CovItemId="S20" Value="4"/>
<Cov CovItemId="S21" Value="16"/>
<Cov CovItemId="S22" Value="4"/>
<Cov CovItemId="S23" Value="16"/>
<Cov CovItemId="S24" Value="4"/>
<Cov CovItemId="S25" Value="4"/>
<Cov CovItemId="S26" Value="4"/>
<Cov CovItemId="S27" Value="4"/>
<Cov CovItemId="S28" Value="4"/>
<Cov CovItemId="S3" Value="4"/>
<Cov CovItemId="S4" Value="4"/>
<Cov CovItemId="S5" Value="4"/>
<Cov CovItemId="S6" Value="4"/>
<Cov CovItemId="S7" Value="12"/>
<Cov CovItemId="S8" Value="4"/>
<Cov CovItemId="S9" Value="12"/>
</CovPrefix>
</CovList>
<AssgnmntList>
<AssgnmntPrefix RootTermCovItemPrefix="pickr.classes.Deck.java">
<AssgnmntListEntry Length="1" RootTermCovItemId="C1">
<MapEntry BoolAssgnmnt="0" Value="7"/>
<MapEntry BoolAssgnmnt="1" Value="70"/>
</AssgnmntListEntry>
<AssgnmntListEntry Length="1" RootTermCovItemId="C2">
<MapEntry BoolAssgnmnt="0" Value="16"/>
</AssgnmntListEntry>
<AssgnmntListEntry Length="1" RootTermCovItemId="C3">
<MapEntry BoolAssgnmnt="1" Value="16"/>
</AssgnmntListEntry>
<AssgnmntListEntry Length="1" RootTermCovItemId="C4">
<MapEntry BoolAssgnmnt="0" Value="16"/>
<MapEntry BoolAssgnmnt="1" Value="48"/>
</AssgnmntListEntry>
</AssgnmntPrefix>
<AssgnmntPrefix RootTermCovItemPrefix="pickr.classes.GamingCard.java">
<AssgnmntListEntry Length="2" RootTermCovItemId="C1">
<MapEntry BoolAssgnmnt="02" Value="28"/>
<MapEntry BoolAssgnmnt="10" Value="28"/>
<MapEntry BoolAssgnmnt="11" Value="225"/>
</AssgnmntListEntry>
<AssgnmntListEntry Length="2" RootTermCovItemId="C2">
<MapEntry BoolAssgnmnt="00" Value="280"/>
<MapEntry BoolAssgnmnt="01" Value="1"/>
</AssgnmntListEntry>
</AssgnmntPrefix>
<AssgnmntPrefix RootTermCovItemPrefix="pickr.games.Briscola.java">
<AssgnmntListEntry Length="3" RootTermCovItemId="C1">
<MapEntry BoolAssgnmnt="022" Value="15"/>
<MapEntry BoolAssgnmnt="102" Value="1"/>
</AssgnmntListEntry>
<AssgnmntListEntry Length="3" RootTermCovItemId="C2">
<MapEntry BoolAssgnmnt="022" Value="15"/>
<MapEntry BoolAssgnmnt="111" Value="1"/>
</AssgnmntListEntry>
<AssgnmntListEntry Length="3" RootTermCovItemId="C3">
<MapEntry BoolAssgnmnt="002" Value="13"/>
<MapEntry BoolAssgnmnt="010" Value="2"/>
<MapEntry BoolAssgnmnt="011" Value="1"/>
</AssgnmntListEntry>
</AssgnmntPrefix>
<AssgnmntPrefix RootTermCovItemPrefix="pickr.games.Game.java">
<AssgnmntListEntry Length="1" RootTermCovItemId="C1">
<MapEntry BoolAssgnmnt="1" Value="16"/>
</AssgnmntListEntry>
<AssgnmntListEntry Length="1" RootTermCovItemId="C2">
<MapEntry BoolAssgnmnt="0" Value="12"/>
<MapEntry BoolAssgnmnt="1" Value="4"/>
</AssgnmntListEntry>
</AssgnmntPrefix>
</AssgnmntList>
<ObjMetaDataList/>
<MetaDataList/>
</TestCase>
<TestCase Comment="" Date="1598619558620" Name="randoop.RandoopTest0:test61">
<CovList>
<CovPrefix CovItemPrefix="pickr.classes.Deck.java">
<Cov CovItemId="B1" Value="8"/>
<Cov CovItemId="B3" Value="8"/>
<Cov CovItemId="S1" Value="4"/>
<Cov CovItemId="S10" Value="8"/>
<Cov CovItemId="S11" Value="8"/>
<Cov CovItemId="S12" Value="8"/>
<Cov CovItemId="S13" Value="24"/>
<Cov CovItemId="S14" Value="8"/>
<Cov CovItemId="S2" Value="16"/>
<Cov CovItemId="S3" Value="4"/>
<Cov CovItemId="S4" Value="40"/>
<Cov CovItemId="S5" Value="160"/>
<Cov CovItemId="S6" Value="2"/>
<Cov CovItemId="S7" Value="8"/>
<Cov CovItemId="S8" Value="8"/>
</CovPrefix>
<CovPrefix CovItemPrefix="pickr.classes.GamingCard.java">
<Cov CovItemId="B1" Value="129"/>
<Cov CovItemId="B2" Value="32"/>
<Cov CovItemId="B3" Value="1"/>
<Cov CovItemId="B4" Value="160"/>
<Cov CovItemId="S1" Value="161"/>
<Cov CovItemId="S10" Value="161"/>
<Cov CovItemId="S11" Value="1"/>
<Cov CovItemId="S12" Value="160"/>
<Cov CovItemId="S13" Value="36"/>
<Cov CovItemId="S2" Value="161"/>
<Cov CovItemId="S3" Value="161"/>
<Cov CovItemId="S4" Value="16"/>
<Cov CovItemId="S6" Value="56"/>
<Cov CovItemId="S7" Value="161"/>
<Cov CovItemId="S8" Value="129"/>
<Cov CovItemId="S9" Value="32"/>
</CovPrefix>
<CovPrefix CovItemPrefix="pickr.classes.Player.java">
<Cov CovItemId="S1" Value="8"/>
<Cov CovItemId="S12" Value="10"/>
<Cov CovItemId="S13" Value="8"/>
<Cov CovItemId="S14" Value="8"/>
<Cov CovItemId="S2" Value="8"/>
<Cov CovItemId="S3" Value="8"/>
<Cov CovItemId="S4" Value="8"/>
<Cov CovItemId="S5" Value="16"/>
<Cov CovItemId="S6" Value="8"/>
<Cov CovItemId="S7" Value="8"/>
<Cov CovItemId="S9" Value="2"/>
</CovPrefix>
<CovPrefix CovItemPrefix="pickr.games.Briscola.java">
<Cov CovItemId="B2" Value="8"/>
<Cov CovItemId="B3" Value="1"/>
<Cov CovItemId="B4" Value="7"/>
<Cov CovItemId="B6" Value="8"/>
<Cov CovItemId="S1" Value="2"/>
<Cov CovItemId="S10" Value="2"/>
<Cov CovItemId="S11" Value="8"/>
<Cov CovItemId="S14" Value="8"/>
<Cov CovItemId="S15" Value="1"/>
<Cov CovItemId="S16" Value="1"/>
<Cov CovItemId="S17" Value="8"/>
<Cov CovItemId="S2" Value="2"/>
<Cov CovItemId="S20" Value="2"/>
<Cov CovItemId="S21" Value="2"/>
<Cov CovItemId="S22" Value="2"/>
<Cov CovItemId="S23" Value="8"/>
<Cov CovItemId="S24" Value="2"/>
<Cov CovItemId="S25" Value="2"/>
<Cov CovItemId="S26" Value="2"/>
<Cov CovItemId="S27" Value="2"/>
<Cov CovItemId="S28" Value="8"/>
<Cov CovItemId="S3" Value="2"/>
<Cov CovItemId="S4" Value="8"/>
<Cov CovItemId="S5" Value="2"/>
<Cov CovItemId="S6" Value="2"/>
<Cov CovItemId="S7" Value="2"/>
<Cov CovItemId="S8" Value="2"/>
<Cov CovItemId="S9" Value="2"/>
</CovPrefix>
<CovPrefix CovItemPrefix="pickr.games.Game.java">
<Cov CovItemId="B1" Value="8"/>
<Cov CovItemId="B3" Value="2"/>
<Cov CovItemId="B4" Value="6"/>
<Cov CovItemId="S1" Value="2"/>
<Cov CovItemId="S10" Value="8"/>
<Cov CovItemId="S11" Value="8"/>
<Cov CovItemId="S12" Value="8"/>
<Cov CovItemId="S14" Value="2"/>
<Cov CovItemId="S15" Value="2"/>
<Cov CovItemId="S16" Value="8"/>
<Cov CovItemId="S17" Value="2"/>
<Cov CovItemId="S18" Value="8"/>
<Cov CovItemId="S19" Value="2"/>
<Cov CovItemId="S2" Value="2"/>
<Cov CovItemId="S20" Value="2"/>
<Cov CovItemId="S21" Value="8"/>
<Cov CovItemId="S22" Value="2"/>
<Cov CovItemId="S23" Value="8"/>
<Cov CovItemId="S24" Value="2"/>
<Cov CovItemId="S25" Value="2"/>
<Cov CovItemId="S26" Value="2"/>
<Cov CovItemId="S27" Value="2"/>
<Cov CovItemId="S28" Value="2"/>
<Cov CovItemId="S3" Value="2"/>
<Cov CovItemId="S4" Value="2"/>
<Cov CovItemId="S5" Value="2"/>
<Cov CovItemId="S6" Value="2"/>
<Cov CovItemId="S7" Value="6"/>
<Cov CovItemId="S8" Value="2"/>
<Cov CovItemId="S9" Value="6"/>
</CovPrefix>
</CovList>
<AssgnmntList>
<AssgnmntPrefix RootTermCovItemPrefix="pickr.classes.Deck.java">
<AssgnmntListEntry Length="1" RootTermCovItemId="C1">
<MapEntry BoolAssgnmnt="0" Value="4"/>
<MapEntry BoolAssgnmnt="1" Value="40"/>
</AssgnmntListEntry>
<AssgnmntListEntry Length="1" RootTermCovItemId="C2">
<MapEntry BoolAssgnmnt="0" Value="8"/>
</AssgnmntListEntry>
<AssgnmntListEntry Length="1" RootTermCovItemId="C3">
<MapEntry BoolAssgnmnt="1" Value="8"/>
</AssgnmntListEntry>
<AssgnmntListEntry Length="1" RootTermCovItemId="C4">
<MapEntry BoolAssgnmnt="0" Value="8"/>
<MapEntry BoolAssgnmnt="1" Value="24"/>
</AssgnmntListEntry>
</AssgnmntPrefix>
<AssgnmntPrefix RootTermCovItemPrefix="pickr.classes.GamingCard.java">
<AssgnmntListEntry Length="2" RootTermCovItemId="C1">
<MapEntry BoolAssgnmnt="02" Value="16"/>
<MapEntry BoolAssgnmnt="10" Value="16"/>
<MapEntry BoolAssgnmnt="11" Value="129"/>
</AssgnmntListEntry>
<AssgnmntListEntry Length="2" RootTermCovItemId="C2">
<MapEntry BoolAssgnmnt="00" Value="160"/>
<MapEntry BoolAssgnmnt="01" Value="1"/>
</AssgnmntListEntry>
</AssgnmntPrefix>
<AssgnmntPrefix RootTermCovItemPrefix="pickr.games.Briscola.java">
<AssgnmntListEntry Length="3" RootTermCovItemId="C1">
<MapEntry BoolAssgnmnt="022" Value="6"/>
<MapEntry BoolAssgnmnt="102" Value="1"/>
<MapEntry BoolAssgnmnt="110" Value="1"/>
</AssgnmntListEntry>
<AssgnmntListEntry Length="3" RootTermCovItemId="C2">
<MapEntry BoolAssgnmnt="022" Value="6"/>
<MapEntry BoolAssgnmnt="102" Value="1"/>
<MapEntry BoolAssgnmnt="111" Value="1"/>
</AssgnmntListEntry>
<AssgnmntListEntry Length="3" RootTermCovItemId="C3">
<MapEntry BoolAssgnmnt="122" Value="1"/>
<MapEntry BoolAssgnmnt="002" Value="6"/>
<MapEntry BoolAssgnmnt="010" Value="1"/>
</AssgnmntListEntry>
</AssgnmntPrefix>
<AssgnmntPrefix RootTermCovItemPrefix="pickr.games.Game.java">
<AssgnmntListEntry Length="1" RootTermCovItemId="C1">
<MapEntry BoolAssgnmnt="1" Value="8"/>
</AssgnmntListEntry>
<AssgnmntListEntry Length="1" RootTermCovItemId="C2">
<MapEntry BoolAssgnmnt="0" Value="6"/>
<MapEntry BoolAssgnmnt="1" Value="2"/>
</AssgnmntListEntry>
</AssgnmntPrefix>
</AssgnmntList>
<ObjMetaDataList/>
<MetaDataList/>
</TestCase>
<TestCase Comment="" Date="1598619558620" Name="randoop.RandoopTest0:test62">
<CovList>
<CovPrefix CovItemPrefix="pickr.classes.Deck.java">
<Cov CovItemId="B1" Value="8"/>
<Cov CovItemId="B3" Value="8"/>
<Cov CovItemId="S1" Value="5"/>
<Cov CovItemId="S10" Value="8"/>
<Cov CovItemId="S11" Value="8"/>
<Cov CovItemId="S12" Value="8"/>
<Cov CovItemId="S13" Value="24"/>
<Cov CovItemId="S14" Value="8"/>
<Cov CovItemId="S2" Value="19"/>
<Cov CovItemId="S3" Value="5"/>
<Cov CovItemId="S4" Value="50"/>
<Cov CovItemId="S5" Value="200"/>
<Cov CovItemId="S6" Value="2"/>
<Cov CovItemId="S7" Value="8"/>
<Cov CovItemId="S8" Value="8"/>
</CovPrefix>
<CovPrefix CovItemPrefix="pickr.classes.GamingCard.java">
<Cov CovItemId="B1" Value="161"/>
<Cov CovItemId="B2" Value="40"/>
<Cov CovItemId="B3" Value="1"/>
<Cov CovItemId="B4" Value="200"/>
<Cov CovItemId="S1" Value="201"/>
<Cov CovItemId="S10" Value="201"/>
<Cov CovItemId="S11" Value="1"/>
<Cov CovItemId="S12" Value="200"/>
<Cov CovItemId="S13" Value="36"/>
<Cov CovItemId="S2" Value="201"/>
<Cov CovItemId="S3" Value="201"/>
<Cov CovItemId="S4" Value="16"/>
<Cov CovItemId="S6" Value="56"/>
<Cov CovItemId="S7" Value="201"/>
<Cov CovItemId="S8" Value="161"/>
<Cov CovItemId="S9" Value="40"/>
</CovPrefix>
<CovPrefix CovItemPrefix="pickr.classes.Player.java">
<Cov CovItemId="S1" Value="8"/>
<Cov CovItemId="S12" Value="10"/>
<Cov CovItemId="S13" Value="8"/>
<Cov CovItemId="S14" Value="8"/>
<Cov CovItemId="S2" Value="8"/>
<Cov CovItemId="S3" Value="8"/>
<Cov CovItemId="S4" Value="8"/>
<Cov CovItemId="S5" Value="16"/>
<Cov CovItemId="S6" Value="8"/>
<Cov CovItemId="S7" Value="8"/>
<Cov CovItemId="S9" Value="2"/>
</CovPrefix>
<CovPrefix CovItemPrefix="pickr.games.Briscola.java">
<Cov CovItemId="B2" Value="8"/>
<Cov CovItemId="B3" Value="1"/>
<Cov CovItemId="B4" Value="7"/>
<Cov CovItemId="B6" Value="8"/>
<Cov CovItemId="S1" Value="2"/>
<Cov CovItemId="S10" Value="2"/>
<Cov CovItemId="S11" Value="8"/>
<Cov CovItemId="S14" Value="8"/>
<Cov CovItemId="S15" Value="1"/>
<Cov CovItemId="S16" Value="1"/>
<Cov CovItemId="S17" Value="8"/>
<Cov CovItemId="S2" Value="2"/>
<Cov CovItemId="S20" Value="2"/>
<Cov CovItemId="S21" Value="2"/>
<Cov CovItemId="S22" Value="2"/>
<Cov CovItemId="S23" Value="8"/>
<Cov CovItemId="S24" Value="2"/>
<Cov CovItemId="S25" Value="2"/>
<Cov CovItemId="S26" Value="2"/>
<Cov CovItemId="S27" Value="2"/>
<Cov CovItemId="S28" Value="8"/>
<Cov CovItemId="S3" Value="2"/>
<Cov CovItemId="S4" Value="8"/>
<Cov CovItemId="S5" Value="2"/>
<Cov CovItemId="S6" Value="2"/>
<Cov CovItemId="S7" Value="2"/>
<Cov CovItemId="S8" Value="2"/>
<Cov CovItemId="S9" Value="2"/>
</CovPrefix>
<CovPrefix CovItemPrefix="pickr.games.Game.java">
<Cov CovItemId="B1" Value="8"/>
<Cov CovItemId="B3" Value="2"/>
<Cov CovItemId="B4" Value="6"/>
<Cov CovItemId="S1" Value="2"/>
<Cov CovItemId="S10" Value="8"/>
<Cov CovItemId="S11" Value="8"/>
<Cov CovItemId="S12" Value="8"/>
<Cov CovItemId="S14" Value="2"/>
<Cov CovItemId="S15" Value="2"/>
<Cov CovItemId="S16" Value="8"/>
<Cov CovItemId="S17" Value="2"/>
<Cov CovItemId="S18" Value="8"/>
<Cov CovItemId="S19" Value="2"/>
<Cov CovItemId="S2" Value="2"/>
<Cov CovItemId="S20" Value="2"/>
<Cov CovItemId="S21" Value="8"/>
<Cov CovItemId="S22" Value="2"/>
<Cov CovItemId="S23" Value="8"/>
<Cov CovItemId="S24" Value="2"/>
<Cov CovItemId="S25" Value="2"/>
<Cov CovItemId="S26" Value="2"/>
<Cov CovItemId="S27" Value="2"/>
<Cov CovItemId="S28" Value="2"/>
<Cov CovItemId="S3" Value="2"/>
<Cov CovItemId="S4" Value="2"/>
<Cov CovItemId="S5" Value="2"/>
<Cov CovItemId="S6" Value="2"/>
<Cov CovItemId="S7" Value="6"/>
<Cov CovItemId="S8" Value="2"/>
<Cov CovItemId="S9" Value="6"/>
</CovPrefix>
</CovList>
<AssgnmntList>
<AssgnmntPrefix RootTermCovItemPrefix="pickr.classes.Deck.java">
<AssgnmntListEntry Length="1" RootTermCovItemId="C1">
<MapEntry BoolAssgnmnt="0" Value="5"/>
<MapEntry BoolAssgnmnt="1" Value="50"/>
</AssgnmntListEntry>
<AssgnmntListEntry Length="1" RootTermCovItemId="C2">
<MapEntry BoolAssgnmnt="0" Value="8"/>
</AssgnmntListEntry>
<AssgnmntListEntry Length="1" RootTermCovItemId="C3">
<MapEntry BoolAssgnmnt="1" Value="8"/>
</AssgnmntListEntry>
<AssgnmntListEntry Length="1" RootTermCovItemId="C4">
<MapEntry BoolAssgnmnt="0" Value="8"/>
<MapEntry BoolAssgnmnt="1" Value="24"/>
</AssgnmntListEntry>
</AssgnmntPrefix>
<AssgnmntPrefix RootTermCovItemPrefix="pickr.classes.GamingCard.java">
<AssgnmntListEntry Length="2" RootTermCovItemId="C1">
<MapEntry BoolAssgnmnt="02" Value="20"/>
<MapEntry BoolAssgnmnt="10" Value="20"/>
<MapEntry BoolAssgnmnt="11" Value="161"/>
</AssgnmntListEntry>
<AssgnmntListEntry Length="2" RootTermCovItemId="C2">
<MapEntry BoolAssgnmnt="00" Value="200"/>
<MapEntry BoolAssgnmnt="01" Value="1"/>
</AssgnmntListEntry>
</AssgnmntPrefix>
<AssgnmntPrefix RootTermCovItemPrefix="pickr.games.Briscola.java">
<AssgnmntListEntry Length="3" RootTermCovItemId="C1">
<MapEntry BoolAssgnmnt="022" Value="6"/>
<MapEntry BoolAssgnmnt="102" Value="1"/>
<MapEntry BoolAssgnmnt="110" Value="1"/>
</AssgnmntListEntry>
<AssgnmntListEntry Length="3" RootTermCovItemId="C2">
<MapEntry BoolAssgnmnt="022" Value="6"/>
<MapEntry BoolAssgnmnt="102" Value="1"/>
<MapEntry BoolAssgnmnt="111" Value="1"/>
</AssgnmntListEntry>
<AssgnmntListEntry Length="3" RootTermCovItemId="C3">
<MapEntry BoolAssgnmnt="122" Value="1"/>
<MapEntry BoolAssgnmnt="002" Value="6"/>
<MapEntry BoolAssgnmnt="010" Value="1"/>
</AssgnmntListEntry>
</AssgnmntPrefix>
<AssgnmntPrefix RootTermCovItemPrefix="pickr.games.Game.java">
<AssgnmntListEntry Length="1" RootTermCovItemId="C1">
<MapEntry BoolAssgnmnt="1" Value="8"/>
</AssgnmntListEntry>
<AssgnmntListEntry Length="1" RootTermCovItemId="C2">
<MapEntry BoolAssgnmnt="0" Value="6"/>
<MapEntry BoolAssgnmnt="1" Value="2"/>
</AssgnmntListEntry>
</AssgnmntPrefix>
</AssgnmntList>
<ObjMetaDataList/>
<MetaDataList/>
</TestCase>
<TestCase Comment="" Date="1598619558621" Name="randoop.RandoopTest0:test63">
<CovList>
<CovPrefix CovItemPrefix="pickr.classes.Deck.java">
<Cov CovItemId="B1" Value="12"/>
<Cov CovItemId="B3" Value="12"/>
<Cov CovItemId="B4" Value="1"/>
<Cov CovItemId="S1" Value="5"/>
<Cov CovItemId="S10" Value="13"/>
<Cov CovItemId="S11" Value="12"/>
<Cov CovItemId="S12" Value="12"/>
<Cov CovItemId="S13" Value="36"/>
<Cov CovItemId="S14" Value="12"/>
<Cov CovItemId="S15" Value="1"/>
<Cov CovItemId="S2" Value="18"/>
<Cov CovItemId="S3" Value="4"/>
<Cov CovItemId="S4" Value="40"/>
<Cov CovItemId="S5" Value="160"/>
<Cov CovItemId="S6" Value="3"/>
<Cov CovItemId="S7" Value="12"/>
<Cov CovItemId="S8" Value="12"/>
</CovPrefix>
<CovPrefix CovItemPrefix="pickr.classes.GamingCard.java">
<Cov CovItemId="B1" Value="128"/>
<Cov CovItemId="B2" Value="32"/>
<Cov CovItemId="B4" Value="160"/>
<Cov CovItemId="S1" Value="160"/>
<Cov CovItemId="S10" Value="160"/>
<Cov CovItemId="S12" Value="160"/>
<Cov CovItemId="S13" Value="55"/>
<Cov CovItemId="S2" Value="160"/>
<Cov CovItemId="S3" Value="160"/>
<Cov CovItemId="S4" Value="21"/>
<Cov CovItemId="S6" Value="84"/>
<Cov CovItemId="S7" Value="160"/>
<Cov CovItemId="S8" Value="128"/>
<Cov CovItemId="S9" Value="32"/>
</CovPrefix>
<CovPrefix CovItemPrefix="pickr.classes.Player.java">
<Cov CovItemId="S1" Value="12"/>
<Cov CovItemId="S12" Value="15"/>
<Cov CovItemId="S13" Value="12"/>
<Cov CovItemId="S14" Value="12"/>
<Cov CovItemId="S2" Value="12"/>
<Cov CovItemId="S3" Value="12"/>
<Cov CovItemId="S4" Value="12"/>
<Cov CovItemId="S5" Value="24"/>
<Cov CovItemId="S6" Value="12"/>
<Cov CovItemId="S7" Value="12"/>
<Cov CovItemId="S9" Value="3"/>
</CovPrefix>
<CovPrefix CovItemPrefix="pickr.games.Briscola.java">
<Cov CovItemId="B2" Value="12"/>
<Cov CovItemId="B3" Value="1"/>
<Cov CovItemId="B4" Value="11"/>
<Cov CovItemId="B5" Value="1"/>
<Cov CovItemId="B6" Value="11"/>
<Cov CovItemId="S1" Value="3"/>
<Cov CovItemId="S10" Value="3"/>
<Cov CovItemId="S11" Value="12"/>
<Cov CovItemId="S14" Value="12"/>
<Cov CovItemId="S15" Value="1"/>
<Cov CovItemId="S16" Value="1"/>
<Cov CovItemId="S17" Value="12"/>
<Cov CovItemId="S18" Value="1"/>
<Cov CovItemId="S19" Value="1"/>
<Cov CovItemId="S2" Value="3"/>
<Cov CovItemId="S20" Value="3"/>
<Cov CovItemId="S21" Value="3"/>
<Cov CovItemId="S22" Value="3"/>
<Cov CovItemId="S23" Value="12"/>
<Cov CovItemId="S24" Value="3"/>
<Cov CovItemId="S25" Value="3"/>
<Cov CovItemId="S26" Value="3"/>
<Cov CovItemId="S27" Value="3"/>
<Cov CovItemId="S28" Value="12"/>
<Cov CovItemId="S3" Value="3"/>
<Cov CovItemId="S4" Value="12"/>
<Cov CovItemId="S5" Value="3"/>
<Cov CovItemId="S6" Value="3"/>
<Cov CovItemId="S7" Value="3"/>
<Cov CovItemId="S8" Value="3"/>
<Cov CovItemId="S9" Value="3"/>
</CovPrefix>
<CovPrefix CovItemPrefix="pickr.games.Game.java">
<Cov CovItemId="B1" Value="12"/>
<Cov CovItemId="B3" Value="3"/>
<Cov CovItemId="B4" Value="9"/>
<Cov CovItemId="S1" Value="3"/>
<Cov CovItemId="S10" Value="12"/>
<Cov CovItemId="S11" Value="12"/>
<Cov CovItemId="S12" Value="12"/>
<Cov CovItemId="S14" Value="3"/>
<Cov CovItemId="S15" Value="3"/>
<Cov CovItemId="S16" Value="12"/>
<Cov CovItemId="S17" Value="3"/>
<Cov CovItemId="S18" Value="12"/>
<Cov CovItemId="S19" Value="3"/>
<Cov CovItemId="S2" Value="3"/>
<Cov CovItemId="S20" Value="3"/>
<Cov CovItemId="S21" Value="12"/>
<Cov CovItemId="S22" Value="3"/>
<Cov CovItemId="S23" Value="12"/>
<Cov CovItemId="S24" Value="3"/>
<Cov CovItemId="S25" Value="3"/>
<Cov CovItemId="S26" Value="3"/>
<Cov CovItemId="S27" Value="3"/>
<Cov CovItemId="S28" Value="3"/>
<Cov CovItemId="S3" Value="3"/>
<Cov CovItemId="S4" Value="3"/>
<Cov CovItemId="S5" Value="3"/>
<Cov CovItemId="S6" Value="3"/>
<Cov CovItemId="S7" Value="9"/>
<Cov CovItemId="S8" Value="3"/>
<Cov CovItemId="S9" Value="9"/>
</CovPrefix>
</CovList>
<AssgnmntList>
<AssgnmntPrefix RootTermCovItemPrefix="pickr.classes.Deck.java">
<AssgnmntListEntry Length="1" RootTermCovItemId="C1">
<MapEntry BoolAssgnmnt="0" Value="4"/>
<MapEntry BoolAssgnmnt="1" Value="40"/>
</AssgnmntListEntry>
<AssgnmntListEntry Length="1" RootTermCovItemId="C2">
<MapEntry BoolAssgnmnt="0" Value="12"/>
</AssgnmntListEntry>
<AssgnmntListEntry Length="1" RootTermCovItemId="C3">
<MapEntry BoolAssgnmnt="0" Value="1"/>
<MapEntry BoolAssgnmnt="1" Value="12"/>
</AssgnmntListEntry>
<AssgnmntListEntry Length="1" RootTermCovItemId="C4">
<MapEntry BoolAssgnmnt="0" Value="12"/>
<MapEntry BoolAssgnmnt="1" Value="36"/>
</AssgnmntListEntry>
</AssgnmntPrefix>
<AssgnmntPrefix RootTermCovItemPrefix="pickr.classes.GamingCard.java">
<AssgnmntListEntry Length="2" RootTermCovItemId="C1">
<MapEntry BoolAssgnmnt="02" Value="16"/>
<MapEntry BoolAssgnmnt="10" Value="16"/>
<MapEntry BoolAssgnmnt="11" Value="128"/>
</AssgnmntListEntry>
<AssgnmntListEntry Length="2" RootTermCovItemId="C2">
<MapEntry BoolAssgnmnt="00" Value="160"/>
</AssgnmntListEntry>
</AssgnmntPrefix>
<AssgnmntPrefix RootTermCovItemPrefix="pickr.games.Briscola.java">
<AssgnmntListEntry Length="3" RootTermCovItemId="C1">
<MapEntry BoolAssgnmnt="022" Value="10"/>
<MapEntry BoolAssgnmnt="102" Value="2"/>
</AssgnmntListEntry>
<AssgnmntListEntry Length="3" RootTermCovItemId="C2">
<MapEntry BoolAssgnmnt="022" Value="10"/>
<MapEntry BoolAssgnmnt="110" Value="1"/>
<MapEntry BoolAssgnmnt="111" Value="1"/>
</AssgnmntListEntry>
<AssgnmntListEntry Length="3" RootTermCovItemId="C3">
<MapEntry BoolAssgnmnt="122" Value="1"/>
<MapEntry BoolAssgnmnt="002" Value="10"/>
<MapEntry BoolAssgnmnt="011" Value="1"/>
</AssgnmntListEntry>
</AssgnmntPrefix>
<AssgnmntPrefix RootTermCovItemPrefix="pickr.games.Game.java">
<AssgnmntListEntry Length="1" RootTermCovItemId="C1">
<MapEntry BoolAssgnmnt="1" Value="12"/>
</AssgnmntListEntry>
<AssgnmntListEntry Length="1" RootTermCovItemId="C2">
<MapEntry BoolAssgnmnt="0" Value="9"/>
<MapEntry BoolAssgnmnt="1" Value="3"/>
</AssgnmntListEntry>
</AssgnmntPrefix>
</AssgnmntList>
<ObjMetaDataList/>
<MetaDataList/>
</TestCase>
<TestCase Comment="" Date="1598619558621" Name="randoop.RandoopTest0:test64">
<CovList>
<CovPrefix CovItemPrefix="pickr.classes.Deck.java">
<Cov CovItemId="B1" Value="12"/>
<Cov CovItemId="B3" Value="12"/>
<Cov CovItemId="S1" Value="6"/>
<Cov CovItemId="S10" Value="12"/>
<Cov CovItemId="S11" Value="12"/>
<Cov CovItemId="S12" Value="12"/>
<Cov CovItemId="S13" Value="36"/>
<Cov CovItemId="S14" Value="12"/>
<Cov CovItemId="S2" Value="24"/>
<Cov CovItemId="S3" Value="6"/>
<Cov CovItemId="S4" Value="60"/>
<Cov CovItemId="S5" Value="240"/>
<Cov CovItemId="S6" Value="3"/>
<Cov CovItemId="S7" Value="12"/>
<Cov CovItemId="S8" Value="12"/>
</CovPrefix>
<CovPrefix CovItemPrefix="pickr.classes.GamingCard.java">
<Cov CovItemId="B1" Value="193"/>
<Cov CovItemId="B2" Value="48"/>
<Cov CovItemId="B3" Value="1"/>
<Cov CovItemId="B4" Value="240"/>
<Cov CovItemId="S1" Value="241"/>
<Cov CovItemId="S10" Value="241"/>
<Cov CovItemId="S11" Value="1"/>
<Cov CovItemId="S12" Value="240"/>
<Cov CovItemId="S13" Value="57"/>
<Cov CovItemId="S2" Value="241"/>
<Cov CovItemId="S3" Value="241"/>
<Cov CovItemId="S4" Value="24"/>
<Cov CovItemId="S6" Value="84"/>
<Cov CovItemId="S7" Value="241"/>
<Cov CovItemId="S8" Value="193"/>
<Cov CovItemId="S9" Value="48"/>
</CovPrefix>
<CovPrefix CovItemPrefix="pickr.classes.Player.java">
<Cov CovItemId="S1" Value="12"/>
<Cov CovItemId="S12" Value="15"/>
<Cov CovItemId="S13" Value="12"/>
<Cov CovItemId="S14" Value="12"/>
<Cov CovItemId="S2" Value="12"/>
<Cov CovItemId="S3" Value="12"/>
<Cov CovItemId="S4" Value="12"/>
<Cov CovItemId="S5" Value="24"/>
<Cov CovItemId="S6" Value="12"/>
<Cov CovItemId="S7" Value="12"/>
<Cov CovItemId="S9" Value="3"/>
</CovPrefix>
<CovPrefix CovItemPrefix="pickr.games.Briscola.java">
<Cov CovItemId="B2" Value="12"/>
<Cov CovItemId="B3" Value="1"/>
<Cov CovItemId="B4" Value="11"/>
<Cov CovItemId="B5" Value="2"/>
<Cov CovItemId="B6" Value="10"/>
<Cov CovItemId="S1" Value="3"/>
<Cov CovItemId="S10" Value="3"/>
<Cov CovItemId="S11" Value="12"/>
<Cov CovItemId="S14" Value="12"/>
<Cov CovItemId="S15" Value="1"/>
<Cov CovItemId="S16" Value="1"/>
<Cov CovItemId="S17" Value="12"/>
<Cov CovItemId="S18" Value="2"/>
<Cov CovItemId="S19" Value="2"/>
<Cov CovItemId="S2" Value="3"/>
<Cov CovItemId="S20" Value="3"/>
<Cov CovItemId="S21" Value="3"/>
<Cov CovItemId="S22" Value="3"/>
<Cov CovItemId="S23" Value="12"/>
<Cov CovItemId="S24" Value="3"/>
<Cov CovItemId="S25" Value="3"/>
<Cov CovItemId="S26" Value="3"/>
<Cov CovItemId="S27" Value="3"/>
<Cov CovItemId="S28" Value="12"/>
<Cov CovItemId="S3" Value="3"/>
<Cov CovItemId="S4" Value="12"/>
<Cov CovItemId="S5" Value="3"/>
<Cov CovItemId="S6" Value="3"/>
<Cov CovItemId="S7" Value="3"/>
<Cov CovItemId="S8" Value="3"/>
<Cov CovItemId="S9" Value="3"/>
</CovPrefix>
<CovPrefix CovItemPrefix="pickr.games.Game.java">
<Cov CovItemId="B1" Value="12"/>
<Cov CovItemId="B3" Value="3"/>
<Cov CovItemId="B4" Value="9"/>
<Cov CovItemId="S1" Value="3"/>
<Cov CovItemId="S10" Value="12"/>
<Cov CovItemId="S11" Value="12"/>
<Cov CovItemId="S12" Value="12"/>
<Cov CovItemId="S14" Value="3"/>
<Cov CovItemId="S15" Value="3"/>
<Cov CovItemId="S16" Value="12"/>
<Cov CovItemId="S17" Value="3"/>
<Cov CovItemId="S18" Value="12"/>
<Cov CovItemId="S19" Value="3"/>
<Cov CovItemId="S2" Value="3"/>
<Cov CovItemId="S20" Value="3"/>
<Cov CovItemId="S21" Value="12"/>
<Cov CovItemId="S22" Value="3"/>
<Cov CovItemId="S23" Value="12"/>
<Cov CovItemId="S24" Value="3"/>
<Cov CovItemId="S25" Value="3"/>
<Cov CovItemId="S26" Value="3"/>
<Cov CovItemId="S27" Value="3"/>
<Cov CovItemId="S28" Value="3"/>
<Cov CovItemId="S3" Value="3"/>
<Cov CovItemId="S4" Value="3"/>
<Cov CovItemId="S5" Value="3"/>
<Cov CovItemId="S6" Value="3"/>
<Cov CovItemId="S7" Value="9"/>
<Cov CovItemId="S8" Value="3"/>
<Cov CovItemId="S9" Value="9"/>
</CovPrefix>
</CovList>
<AssgnmntList>
<AssgnmntPrefix RootTermCovItemPrefix="pickr.classes.Deck.java">
<AssgnmntListEntry Length="1" RootTermCovItemId="C1">
<MapEntry BoolAssgnmnt="0" Value="6"/>
<MapEntry BoolAssgnmnt="1" Value="60"/>
</AssgnmntListEntry>
<AssgnmntListEntry Length="1" RootTermCovItemId="C2">
<MapEntry BoolAssgnmnt="0" Value="12"/>
</AssgnmntListEntry>
<AssgnmntListEntry Length="1" RootTermCovItemId="C3">
<MapEntry BoolAssgnmnt="1" Value="12"/>
</AssgnmntListEntry>
<AssgnmntListEntry Length="1" RootTermCovItemId="C4">
<MapEntry BoolAssgnmnt="0" Value="12"/>
<MapEntry BoolAssgnmnt="1" Value="36"/>
</AssgnmntListEntry>
</AssgnmntPrefix>
<AssgnmntPrefix RootTermCovItemPrefix="pickr.classes.GamingCard.java">
<AssgnmntListEntry Length="2" RootTermCovItemId="C1">
<MapEntry BoolAssgnmnt="02" Value="24"/>
<MapEntry BoolAssgnmnt="10" Value="24"/>
<MapEntry BoolAssgnmnt="11" Value="193"/>
</AssgnmntListEntry>
<AssgnmntListEntry Length="2" RootTermCovItemId="C2">
<MapEntry BoolAssgnmnt="00" Value="240"/>
<MapEntry BoolAssgnmnt="01" Value="1"/>
</AssgnmntListEntry>
</AssgnmntPrefix>
<AssgnmntPrefix RootTermCovItemPrefix="pickr.games.Briscola.java">
<AssgnmntListEntry Length="3" RootTermCovItemId="C1">
<MapEntry BoolAssgnmnt="022" Value="9"/>
<MapEntry BoolAssgnmnt="102" Value="1"/>
<MapEntry BoolAssgnmnt="110" Value="2"/>
</AssgnmntListEntry>
<AssgnmntListEntry Length="3" RootTermCovItemId="C2">
<MapEntry BoolAssgnmnt="022" Value="9"/>
<MapEntry BoolAssgnmnt="102" Value="2"/>
<MapEntry BoolAssgnmnt="111" Value="1"/>
</AssgnmntListEntry>
<AssgnmntListEntry Length="3" RootTermCovItemId="C3">
<MapEntry BoolAssgnmnt="122" Value="2"/>
<MapEntry BoolAssgnmnt="002" Value="8"/>
<MapEntry BoolAssgnmnt="011" Value="2"/>
</AssgnmntListEntry>
</AssgnmntPrefix>
<AssgnmntPrefix RootTermCovItemPrefix="pickr.games.Game.java">
<AssgnmntListEntry Length="1" RootTermCovItemId="C1">
<MapEntry BoolAssgnmnt="1" Value="12"/>
</AssgnmntListEntry>
<AssgnmntListEntry Length="1" RootTermCovItemId="C2">
<MapEntry BoolAssgnmnt="0" Value="9"/>
<MapEntry BoolAssgnmnt="1" Value="3"/>
</AssgnmntListEntry>
</AssgnmntPrefix>
</AssgnmntList>
<ObjMetaDataList/>
<MetaDataList/>
</TestCase>
<TestCase Comment="" Date="1598619558753" Name="randoop.RandoopTest0:test65">
<CovList>
<CovPrefix CovItemPrefix="pickr.classes.Deck.java">
<Cov CovItemId="B1" Value="36"/>
<Cov CovItemId="B2" Value="1"/>
<Cov CovItemId="B3" Value="12"/>
<Cov CovItemId="S1" Value="6"/>
<Cov CovItemId="S10" Value="12"/>
<Cov CovItemId="S11" Value="12"/>
<Cov CovItemId="S12" Value="12"/>
<Cov CovItemId="S13" Value="36"/>
<Cov CovItemId="S14" Value="12"/>
<Cov CovItemId="S2" Value="22"/>
<Cov CovItemId="S3" Value="6"/>
<Cov CovItemId="S4" Value="60"/>
<Cov CovItemId="S5" Value="240"/>
<Cov CovItemId="S6" Value="3"/>
<Cov CovItemId="S7" Value="37"/>
<Cov CovItemId="S8" Value="36"/>
<Cov CovItemId="S9" Value="1"/>
</CovPrefix>
<CovPrefix CovItemPrefix="pickr.classes.GamingCard.java">
<Cov CovItemId="B1" Value="192"/>
<Cov CovItemId="B2" Value="48"/>
<Cov CovItemId="B4" Value="240"/>
<Cov CovItemId="S1" Value="240"/>
<Cov CovItemId="S10" Value="240"/>
<Cov CovItemId="S12" Value="240"/>
<Cov CovItemId="S13" Value="90"/>
<Cov CovItemId="S2" Value="240"/>
<Cov CovItemId="S3" Value="240"/>
<Cov CovItemId="S4" Value="74"/>
<Cov CovItemId="S6" Value="280"/>
<Cov CovItemId="S7" Value="240"/>
<Cov CovItemId="S8" Value="192"/>
<Cov CovItemId="S9" Value="48"/>
</CovPrefix>
<CovPrefix CovItemPrefix="pickr.classes.Player.java">
<Cov CovItemId="S1" Value="12"/>
<Cov CovItemId="S12" Value="18"/>
<Cov CovItemId="S13" Value="40"/>
<Cov CovItemId="S14" Value="36"/>
<Cov CovItemId="S2" Value="12"/>
<Cov CovItemId="S3" Value="12"/>
<Cov CovItemId="S4" Value="12"/>
<Cov CovItemId="S5" Value="48"/>
<Cov CovItemId="S6" Value="12"/>
<Cov CovItemId="S7" Value="40"/>
<Cov CovItemId="S9" Value="10"/>
</CovPrefix>
<CovPrefix CovItemPrefix="pickr.games.Briscola.java">
<Cov CovItemId="B1" Value="1"/>
<Cov CovItemId="B2" Value="39"/>
<Cov CovItemId="B3" Value="3"/>
<Cov CovItemId="B4" Value="37"/>
<Cov CovItemId="B5" Value="4"/>
<Cov CovItemId="B6" Value="36"/>
<Cov CovItemId="S1" Value="3"/>
<Cov CovItemId="S10" Value="10"/>
<Cov CovItemId="S11" Value="40"/>
<Cov CovItemId="S12" Value="1"/>
<Cov CovItemId="S13" Value="1"/>
<Cov CovItemId="S14" Value="40"/>
<Cov CovItemId="S15" Value="3"/>
<Cov CovItemId="S16" Value="3"/>
<Cov CovItemId="S17" Value="40"/>
<Cov CovItemId="S18" Value="4"/>
<Cov CovItemId="S19" Value="4"/>
<Cov CovItemId="S2" Value="3"/>
<Cov CovItemId="S20" Value="10"/>
<Cov CovItemId="S21" Value="10"/>
<Cov CovItemId="S22" Value="10"/>
<Cov CovItemId="S23" Value="40"/>
<Cov CovItemId="S24" Value="10"/>
<Cov CovItemId="S25" Value="10"/>
<Cov CovItemId="S26" Value="10"/>
<Cov CovItemId="S27" Value="10"/>
<Cov CovItemId="S28" Value="37"/>
<Cov CovItemId="S3" Value="3"/>
<Cov CovItemId="S4" Value="12"/>
<Cov CovItemId="S5" Value="3"/>
<Cov CovItemId="S6" Value="3"/>
<Cov CovItemId="S7" Value="3"/>
<Cov CovItemId="S8" Value="3"/>
<Cov CovItemId="S9" Value="10"/>
</CovPrefix>
<CovPrefix CovItemPrefix="pickr.games.Game.java">
<Cov CovItemId="B1" Value="12"/>
<Cov CovItemId="B3" Value="10"/>
<Cov CovItemId="B4" Value="30"/>
<Cov CovItemId="S1" Value="3"/>
<Cov CovItemId="S10" Value="17"/>
<Cov CovItemId="S11" Value="12"/>
<Cov CovItemId="S12" Value="12"/>
<Cov CovItemId="S14" Value="10"/>
<Cov CovItemId="S15" Value="10"/>
<Cov CovItemId="S16" Value="40"/>
<Cov CovItemId="S17" Value="10"/>
<Cov CovItemId="S18" Value="40"/>
<Cov CovItemId="S19" Value="10"/>
<Cov CovItemId="S2" Value="3"/>
<Cov CovItemId="S20" Value="10"/>
<Cov CovItemId="S21" Value="40"/>
<Cov CovItemId="S22" Value="10"/>
<Cov CovItemId="S23" Value="40"/>
<Cov CovItemId="S24" Value="10"/>
<Cov CovItemId="S25" Value="10"/>
<Cov CovItemId="S26" Value="10"/>
<Cov CovItemId="S27" Value="10"/>
<Cov CovItemId="S28" Value="10"/>
<Cov CovItemId="S3" Value="3"/>
<Cov CovItemId="S4" Value="3"/>
<Cov CovItemId="S5" Value="3"/>
<Cov CovItemId="S6" Value="3"/>
<Cov CovItemId="S7" Value="7"/>
<Cov CovItemId="S8" Value="2"/>
<Cov CovItemId="S9" Value="30"/>
</CovPrefix>
</CovList>
<AssgnmntList>
<AssgnmntPrefix RootTermCovItemPrefix="pickr.classes.Deck.java">
<AssgnmntListEntry Length="1" RootTermCovItemId="C1">
<MapEntry BoolAssgnmnt="0" Value="6"/>
<MapEntry BoolAssgnmnt="1" Value="60"/>
</AssgnmntListEntry>
<AssgnmntListEntry Length="1" RootTermCovItemId="C2">
<MapEntry BoolAssgnmnt="0" Value="36"/>
<MapEntry BoolAssgnmnt="1" Value="1"/>
</AssgnmntListEntry>
<AssgnmntListEntry Length="1" RootTermCovItemId="C3">
<MapEntry BoolAssgnmnt="1" Value="12"/>
</AssgnmntListEntry>
<AssgnmntListEntry Length="1" RootTermCovItemId="C4">
<MapEntry BoolAssgnmnt="0" Value="12"/>
<MapEntry BoolAssgnmnt="1" Value="36"/>
</AssgnmntListEntry>
</AssgnmntPrefix>
<AssgnmntPrefix RootTermCovItemPrefix="pickr.classes.GamingCard.java">
<AssgnmntListEntry Length="2" RootTermCovItemId="C1">
<MapEntry BoolAssgnmnt="02" Value="24"/>
<MapEntry BoolAssgnmnt="10" Value="24"/>
<MapEntry BoolAssgnmnt="11" Value="192"/>
</AssgnmntListEntry>
<AssgnmntListEntry Length="2" RootTermCovItemId="C2">
<MapEntry BoolAssgnmnt="00" Value="240"/>
</AssgnmntListEntry>
</AssgnmntPrefix>
<AssgnmntPrefix RootTermCovItemPrefix="pickr.games.Briscola.java">
<AssgnmntListEntry Length="3" RootTermCovItemId="C1">
<MapEntry BoolAssgnmnt="022" Value="30"/>
<MapEntry BoolAssgnmnt="102" Value="3"/>
<MapEntry BoolAssgnmnt="110" Value="6"/>
<MapEntry BoolAssgnmnt="111" Value="1"/>
</AssgnmntListEntry>
<AssgnmntListEntry Length="3" RootTermCovItemId="C2">
<MapEntry BoolAssgnmnt="022" Value="31"/>
<MapEntry BoolAssgnmnt="102" Value="6"/>
<MapEntry BoolAssgnmnt="111" Value="3"/>
</AssgnmntListEntry>
<AssgnmntListEntry Length="3" RootTermCovItemId="C3">
<MapEntry BoolAssgnmnt="122" Value="6"/>
<MapEntry BoolAssgnmnt="002" Value="26"/>
<MapEntry BoolAssgnmnt="010" Value="4"/>
<MapEntry BoolAssgnmnt="011" Value="4"/>
</AssgnmntListEntry>
</AssgnmntPrefix>
<AssgnmntPrefix RootTermCovItemPrefix="pickr.games.Game.java">
<AssgnmntListEntry Length="1" RootTermCovItemId="C1">
<MapEntry BoolAssgnmnt="1" Value="12"/>
</AssgnmntListEntry>
<AssgnmntListEntry Length="1" RootTermCovItemId="C2">
<MapEntry BoolAssgnmnt="0" Value="30"/>
<MapEntry BoolAssgnmnt="1" Value="10"/>
</AssgnmntListEntry>
</AssgnmntPrefix>
</AssgnmntList>
<ObjMetaDataList/>
<MetaDataList/>
</TestCase>
<TestCase Comment="" Date="1598619558754" Name="randoop.RandoopTest0:test66">
<CovList>
<CovPrefix CovItemPrefix="pickr.classes.Deck.java">
<Cov CovItemId="B1" Value="36"/>
<Cov CovItemId="B2" Value="1"/>
<Cov CovItemId="B3" Value="12"/>
<Cov CovItemId="S1" Value="6"/>
<Cov CovItemId="S10" Value="12"/>
<Cov CovItemId="S11" Value="12"/>
<Cov CovItemId="S12" Value="12"/>
<Cov CovItemId="S13" Value="36"/>
<Cov CovItemId="S14" Value="12"/>
<Cov CovItemId="S2" Value="22"/>
<Cov CovItemId="S3" Value="6"/>
<Cov CovItemId="S4" Value="60"/>
<Cov CovItemId="S5" Value="240"/>
<Cov CovItemId="S6" Value="3"/>
<Cov CovItemId="S7" Value="37"/>
<Cov CovItemId="S8" Value="36"/>
<Cov CovItemId="S9" Value="1"/>
</CovPrefix>
<CovPrefix CovItemPrefix="pickr.classes.GamingCard.java">
<Cov CovItemId="B1" Value="192"/>
<Cov CovItemId="B2" Value="48"/>
<Cov CovItemId="B4" Value="240"/>
<Cov CovItemId="S1" Value="240"/>
<Cov CovItemId="S10" Value="240"/>
<Cov CovItemId="S12" Value="240"/>
<Cov CovItemId="S13" Value="102"/>
<Cov CovItemId="S2" Value="240"/>
<Cov CovItemId="S3" Value="240"/>
<Cov CovItemId="S4" Value="97"/>
<Cov CovItemId="S6" Value="280"/>
<Cov CovItemId="S7" Value="240"/>
<Cov CovItemId="S8" Value="192"/>
<Cov CovItemId="S9" Value="48"/>
</CovPrefix>
<CovPrefix CovItemPrefix="pickr.classes.Player.java">
<Cov CovItemId="S1" Value="12"/>
<Cov CovItemId="S12" Value="18"/>
<Cov CovItemId="S13" Value="40"/>
<Cov CovItemId="S14" Value="36"/>
<Cov CovItemId="S2" Value="12"/>
<Cov CovItemId="S3" Value="12"/>
<Cov CovItemId="S4" Value="12"/>
<Cov CovItemId="S5" Value="48"/>
<Cov CovItemId="S6" Value="12"/>
<Cov CovItemId="S7" Value="40"/>
<Cov CovItemId="S9" Value="10"/>
</CovPrefix>
<CovPrefix CovItemPrefix="pickr.games.Briscola.java">
<Cov CovItemId="B1" Value="2"/>
<Cov CovItemId="B2" Value="38"/>
<Cov CovItemId="B3" Value="11"/>
<Cov CovItemId="B4" Value="29"/>
<Cov CovItemId="B5" Value="1"/>
<Cov CovItemId="B6" Value="39"/>
<Cov CovItemId="S1" Value="3"/>
<Cov CovItemId="S10" Value="10"/>
<Cov CovItemId="S11" Value="40"/>
<Cov CovItemId="S12" Value="2"/>
<Cov CovItemId="S13" Value="2"/>
<Cov CovItemId="S14" Value="40"/>
<Cov CovItemId="S15" Value="11"/>
<Cov CovItemId="S16" Value="11"/>
<Cov CovItemId="S17" Value="40"/>
<Cov CovItemId="S18" Value="1"/>
<Cov CovItemId="S19" Value="1"/>
<Cov CovItemId="S2" Value="3"/>
<Cov CovItemId="S20" Value="10"/>
<Cov CovItemId="S21" Value="10"/>
<Cov CovItemId="S22" Value="10"/>
<Cov CovItemId="S23" Value="40"/>
<Cov CovItemId="S24" Value="10"/>
<Cov CovItemId="S25" Value="10"/>
<Cov CovItemId="S26" Value="10"/>
<Cov CovItemId="S27" Value="10"/>
<Cov CovItemId="S28" Value="37"/>
<Cov CovItemId="S3" Value="3"/>
<Cov CovItemId="S4" Value="12"/>
<Cov CovItemId="S5" Value="3"/>
<Cov CovItemId="S6" Value="3"/>
<Cov CovItemId="S7" Value="3"/>
<Cov CovItemId="S8" Value="3"/>
<Cov CovItemId="S9" Value="10"/>
</CovPrefix>
<CovPrefix CovItemPrefix="pickr.games.Game.java">
<Cov CovItemId="B1" Value="12"/>
<Cov CovItemId="B3" Value="10"/>
<Cov CovItemId="B4" Value="30"/>
<Cov CovItemId="S1" Value="3"/>
<Cov CovItemId="S10" Value="17"/>
<Cov CovItemId="S11" Value="12"/>
<Cov CovItemId="S12" Value="12"/>
<Cov CovItemId="S14" Value="10"/>
<Cov CovItemId="S15" Value="10"/>
<Cov CovItemId="S16" Value="40"/>
<Cov CovItemId="S17" Value="10"/>
<Cov CovItemId="S18" Value="40"/>
<Cov CovItemId="S19" Value="10"/>
<Cov CovItemId="S2" Value="3"/>
<Cov CovItemId="S20" Value="10"/>
<Cov CovItemId="S21" Value="40"/>
<Cov CovItemId="S22" Value="10"/>
<Cov CovItemId="S23" Value="40"/>
<Cov CovItemId="S24" Value="10"/>
<Cov CovItemId="S25" Value="10"/>
<Cov CovItemId="S26" Value="10"/>
<Cov CovItemId="S27" Value="10"/>
<Cov CovItemId="S28" Value="10"/>
<Cov CovItemId="S3" Value="3"/>
<Cov CovItemId="S4" Value="3"/>
<Cov CovItemId="S5" Value="3"/>
<Cov CovItemId="S6" Value="3"/>
<Cov CovItemId="S7" Value="7"/>
<Cov CovItemId="S8" Value="2"/>
<Cov CovItemId="S9" Value="30"/>
</CovPrefix>
</CovList>
<AssgnmntList>
<AssgnmntPrefix RootTermCovItemPrefix="pickr.classes.Deck.java">
<AssgnmntListEntry Length="1" RootTermCovItemId="C1">
<MapEntry BoolAssgnmnt="0" Value="6"/>
<MapEntry BoolAssgnmnt="1" Value="60"/>
</AssgnmntListEntry>
<AssgnmntListEntry Length="1" RootTermCovItemId="C2">
<MapEntry BoolAssgnmnt="0" Value="36"/>
<MapEntry BoolAssgnmnt="1" Value="1"/>
</AssgnmntListEntry>
<AssgnmntListEntry Length="1" RootTermCovItemId="C3">
<MapEntry BoolAssgnmnt="1" Value="12"/>
</AssgnmntListEntry>
<AssgnmntListEntry Length="1" RootTermCovItemId="C4">
<MapEntry BoolAssgnmnt="0" Value="12"/>
<MapEntry BoolAssgnmnt="1" Value="36"/>
</AssgnmntListEntry>
</AssgnmntPrefix>
<AssgnmntPrefix RootTermCovItemPrefix="pickr.classes.GamingCard.java">
<AssgnmntListEntry Length="2" RootTermCovItemId="C1">
<MapEntry BoolAssgnmnt="02" Value="24"/>
<MapEntry BoolAssgnmnt="10" Value="24"/>
<MapEntry BoolAssgnmnt="11" Value="192"/>
</AssgnmntListEntry>
<AssgnmntListEntry Length="2" RootTermCovItemId="C2">
<MapEntry BoolAssgnmnt="00" Value="240"/>
</AssgnmntListEntry>
</AssgnmntPrefix>
<AssgnmntPrefix RootTermCovItemPrefix="pickr.games.Briscola.java">
<AssgnmntListEntry Length="3" RootTermCovItemId="C1">
<MapEntry BoolAssgnmnt="022" Value="21"/>
<MapEntry BoolAssgnmnt="102" Value="16"/>
<MapEntry BoolAssgnmnt="110" Value="1"/>
<MapEntry BoolAssgnmnt="111" Value="2"/>
</AssgnmntListEntry>
<AssgnmntListEntry Length="3" RootTermCovItemId="C2">
<MapEntry BoolAssgnmnt="022" Value="23"/>
<MapEntry BoolAssgnmnt="102" Value="1"/>
<MapEntry BoolAssgnmnt="110" Value="5"/>
<MapEntry BoolAssgnmnt="111" Value="11"/>
</AssgnmntListEntry>
<AssgnmntListEntry Length="3" RootTermCovItemId="C3">
<MapEntry BoolAssgnmnt="122" Value="6"/>
<MapEntry BoolAssgnmnt="002" Value="29"/>
<MapEntry BoolAssgnmnt="010" Value="4"/>
<MapEntry BoolAssgnmnt="011" Value="1"/>
</AssgnmntListEntry>
</AssgnmntPrefix>
<AssgnmntPrefix RootTermCovItemPrefix="pickr.games.Game.java">
<AssgnmntListEntry Length="1" RootTermCovItemId="C1">
<MapEntry BoolAssgnmnt="1" Value="12"/>
</AssgnmntListEntry>
<AssgnmntListEntry Length="1" RootTermCovItemId="C2">
<MapEntry BoolAssgnmnt="0" Value="30"/>
<MapEntry BoolAssgnmnt="1" Value="10"/>
</AssgnmntListEntry>
</AssgnmntPrefix>
</AssgnmntList>
<ObjMetaDataList/>
<MetaDataList/>
</TestCase>
<TestCase Comment="" Date="1598619558755" Name="randoop.RandoopTest0:test67">
<CovList>
<CovPrefix CovItemPrefix="pickr.classes.Deck.java">
<Cov CovItemId="B1" Value="8"/>
<Cov CovItemId="B3" Value="8"/>
<Cov CovItemId="S1" Value="4"/>
<Cov CovItemId="S10" Value="8"/>
<Cov CovItemId="S11" Value="8"/>
<Cov CovItemId="S12" Value="8"/>
<Cov CovItemId="S13" Value="24"/>
<Cov CovItemId="S14" Value="8"/>
<Cov CovItemId="S2" Value="16"/>
<Cov CovItemId="S3" Value="4"/>
<Cov CovItemId="S4" Value="40"/>
<Cov CovItemId="S5" Value="160"/>
<Cov CovItemId="S6" Value="2"/>
<Cov CovItemId="S7" Value="8"/>
<Cov CovItemId="S8" Value="8"/>
</CovPrefix>
<CovPrefix CovItemPrefix="pickr.classes.GamingCard.java">
<Cov CovItemId="B1" Value="129"/>
<Cov CovItemId="B2" Value="32"/>
<Cov CovItemId="B3" Value="1"/>
<Cov CovItemId="B4" Value="160"/>
<Cov CovItemId="S1" Value="161"/>
<Cov CovItemId="S10" Value="161"/>
<Cov CovItemId="S11" Value="1"/>
<Cov CovItemId="S12" Value="160"/>
<Cov CovItemId="S13" Value="42"/>
<Cov CovItemId="S2" Value="161"/>
<Cov CovItemId="S3" Value="161"/>
<Cov CovItemId="S4" Value="22"/>
<Cov CovItemId="S6" Value="56"/>
<Cov CovItemId="S7" Value="161"/>
<Cov CovItemId="S8" Value="129"/>
<Cov CovItemId="S9" Value="32"/>
</CovPrefix>
<CovPrefix CovItemPrefix="pickr.classes.Player.java">
<Cov CovItemId="S1" Value="8"/>
<Cov CovItemId="S12" Value="10"/>
<Cov CovItemId="S13" Value="8"/>
<Cov CovItemId="S14" Value="8"/>
<Cov CovItemId="S2" Value="8"/>
<Cov CovItemId="S3" Value="8"/>
<Cov CovItemId="S4" Value="8"/>
<Cov CovItemId="S5" Value="16"/>
<Cov CovItemId="S6" Value="8"/>
<Cov CovItemId="S7" Value="8"/>
<Cov CovItemId="S9" Value="2"/>
</CovPrefix>
<CovPrefix CovItemPrefix="pickr.games.Briscola.java">
<Cov CovItemId="B1" Value="1"/>
<Cov CovItemId="B2" Value="7"/>
<Cov CovItemId="B3" Value="2"/>
<Cov CovItemId="B4" Value="6"/>
<Cov CovItemId="B5" Value="1"/>
<Cov CovItemId="B6" Value="7"/>
<Cov CovItemId="S1" Value="2"/>
<Cov CovItemId="S10" Value="2"/>
<Cov CovItemId="S11" Value="8"/>
<Cov CovItemId="S12" Value="1"/>
<Cov CovItemId="S13" Value="1"/>
<Cov CovItemId="S14" Value="8"/>
<Cov CovItemId="S15" Value="2"/>
<Cov CovItemId="S16" Value="2"/>
<Cov CovItemId="S17" Value="8"/>
<Cov CovItemId="S18" Value="1"/>
<Cov CovItemId="S19" Value="1"/>
<Cov CovItemId="S2" Value="2"/>
<Cov CovItemId="S20" Value="2"/>
<Cov CovItemId="S21" Value="2"/>
<Cov CovItemId="S22" Value="2"/>
<Cov CovItemId="S23" Value="8"/>
<Cov CovItemId="S24" Value="2"/>
<Cov CovItemId="S25" Value="2"/>
<Cov CovItemId="S26" Value="2"/>
<Cov CovItemId="S27" Value="2"/>
<Cov CovItemId="S28" Value="8"/>
<Cov CovItemId="S3" Value="2"/>
<Cov CovItemId="S4" Value="8"/>
<Cov CovItemId="S5" Value="2"/>
<Cov CovItemId="S6" Value="2"/>
<Cov CovItemId="S7" Value="2"/>
<Cov CovItemId="S8" Value="2"/>
<Cov CovItemId="S9" Value="2"/>
</CovPrefix>
<CovPrefix CovItemPrefix="pickr.games.Game.java">
<Cov CovItemId="B1" Value="8"/>
<Cov CovItemId="B3" Value="2"/>
<Cov CovItemId="B4" Value="6"/>
<Cov CovItemId="S1" Value="2"/>
<Cov CovItemId="S10" Value="8"/>
<Cov CovItemId="S11" Value="8"/>
<Cov CovItemId="S12" Value="8"/>
<Cov CovItemId="S14" Value="2"/>
<Cov CovItemId="S15" Value="2"/>
<Cov CovItemId="S16" Value="8"/>
<Cov CovItemId="S17" Value="2"/>
<Cov CovItemId="S18" Value="8"/>
<Cov CovItemId="S19" Value="2"/>
<Cov CovItemId="S2" Value="2"/>
<Cov CovItemId="S20" Value="2"/>
<Cov CovItemId="S21" Value="8"/>
<Cov CovItemId="S22" Value="2"/>
<Cov CovItemId="S23" Value="8"/>
<Cov CovItemId="S24" Value="2"/>
<Cov CovItemId="S25" Value="2"/>
<Cov CovItemId="S26" Value="2"/>
<Cov CovItemId="S27" Value="2"/>
<Cov CovItemId="S28" Value="2"/>
<Cov CovItemId="S3" Value="2"/>
<Cov CovItemId="S4" Value="2"/>
<Cov CovItemId="S5" Value="2"/>
<Cov CovItemId="S6" Value="2"/>
<Cov CovItemId="S7" Value="6"/>
<Cov CovItemId="S8" Value="2"/>
<Cov CovItemId="S9" Value="6"/>
</CovPrefix>
</CovList>
<AssgnmntList>
<AssgnmntPrefix RootTermCovItemPrefix="pickr.classes.Deck.java">
<AssgnmntListEntry Length="1" RootTermCovItemId="C1">
<MapEntry BoolAssgnmnt="0" Value="4"/>
<MapEntry BoolAssgnmnt="1" Value="40"/>
</AssgnmntListEntry>
<AssgnmntListEntry Length="1" RootTermCovItemId="C2">
<MapEntry BoolAssgnmnt="0" Value="8"/>
</AssgnmntListEntry>
<AssgnmntListEntry Length="1" RootTermCovItemId="C3">
<MapEntry BoolAssgnmnt="1" Value="8"/>
</AssgnmntListEntry>
<AssgnmntListEntry Length="1" RootTermCovItemId="C4">
<MapEntry BoolAssgnmnt="0" Value="8"/>
<MapEntry BoolAssgnmnt="1" Value="24"/>
</AssgnmntListEntry>
</AssgnmntPrefix>
<AssgnmntPrefix RootTermCovItemPrefix="pickr.classes.GamingCard.java">
<AssgnmntListEntry Length="2" RootTermCovItemId="C1">
<MapEntry BoolAssgnmnt="02" Value="16"/>
<MapEntry BoolAssgnmnt="10" Value="16"/>
<MapEntry BoolAssgnmnt="11" Value="129"/>
</AssgnmntListEntry>
<AssgnmntListEntry Length="2" RootTermCovItemId="C2">
<MapEntry BoolAssgnmnt="00" Value="160"/>
<MapEntry BoolAssgnmnt="01" Value="1"/>
</AssgnmntListEntry>
</AssgnmntPrefix>
<AssgnmntPrefix RootTermCovItemPrefix="pickr.games.Briscola.java">
<AssgnmntListEntry Length="3" RootTermCovItemId="C1">
<MapEntry BoolAssgnmnt="022" Value="4"/>
<MapEntry BoolAssgnmnt="102" Value="2"/>
<MapEntry BoolAssgnmnt="110" Value="1"/>
<MapEntry BoolAssgnmnt="111" Value="1"/>
</AssgnmntListEntry>
<AssgnmntListEntry Length="3" RootTermCovItemId="C2">
<MapEntry BoolAssgnmnt="022" Value="5"/>
<MapEntry BoolAssgnmnt="102" Value="1"/>
<MapEntry BoolAssgnmnt="111" Value="2"/>
</AssgnmntListEntry>
<AssgnmntListEntry Length="3" RootTermCovItemId="C3">
<MapEntry BoolAssgnmnt="122" Value="1"/>
<MapEntry BoolAssgnmnt="002" Value="5"/>
<MapEntry BoolAssgnmnt="010" Value="1"/>
<MapEntry BoolAssgnmnt="011" Value="1"/>
</AssgnmntListEntry>
</AssgnmntPrefix>
<AssgnmntPrefix RootTermCovItemPrefix="pickr.games.Game.java">
<AssgnmntListEntry Length="1" RootTermCovItemId="C1">
<MapEntry BoolAssgnmnt="1" Value="8"/>
</AssgnmntListEntry>
<AssgnmntListEntry Length="1" RootTermCovItemId="C2">
<MapEntry BoolAssgnmnt="0" Value="6"/>
<MapEntry BoolAssgnmnt="1" Value="2"/>
</AssgnmntListEntry>
</AssgnmntPrefix>
</AssgnmntList>
<ObjMetaDataList/>
<MetaDataList/>
</TestCase>
<TestCase Comment="" Date="1598619558755" Name="randoop.RandoopTest0:test68">
<CovList>
<CovPrefix CovItemPrefix="pickr.classes.Deck.java">
<Cov CovItemId="B1" Value="12"/>
<Cov CovItemId="B3" Value="12"/>
<Cov CovItemId="S1" Value="7"/>
<Cov CovItemId="S10" Value="12"/>
<Cov CovItemId="S11" Value="12"/>
<Cov CovItemId="S12" Value="12"/>
<Cov CovItemId="S13" Value="36"/>
<Cov CovItemId="S14" Value="12"/>
<Cov CovItemId="S2" Value="27"/>
<Cov CovItemId="S3" Value="7"/>
<Cov CovItemId="S4" Value="70"/>
<Cov CovItemId="S5" Value="280"/>
<Cov CovItemId="S6" Value="3"/>
<Cov CovItemId="S7" Value="12"/>
<Cov CovItemId="S8" Value="12"/>
</CovPrefix>
<CovPrefix CovItemPrefix="pickr.classes.GamingCard.java">
<Cov CovItemId="B1" Value="225"/>
<Cov CovItemId="B2" Value="56"/>
<Cov CovItemId="B3" Value="1"/>
<Cov CovItemId="B4" Value="280"/>
<Cov CovItemId="S1" Value="281"/>
<Cov CovItemId="S10" Value="281"/>
<Cov CovItemId="S11" Value="1"/>
<Cov CovItemId="S12" Value="280"/>
<Cov CovItemId="S13" Value="59"/>
<Cov CovItemId="S2" Value="281"/>
<Cov CovItemId="S3" Value="281"/>
<Cov CovItemId="S4" Value="21"/>
<Cov CovItemId="S6" Value="84"/>
<Cov CovItemId="S7" Value="281"/>
<Cov CovItemId="S8" Value="225"/>
<Cov CovItemId="S9" Value="56"/>
</CovPrefix>
<CovPrefix CovItemPrefix="pickr.classes.Player.java">
<Cov CovItemId="S1" Value="12"/>
<Cov CovItemId="S12" Value="15"/>
<Cov CovItemId="S13" Value="12"/>
<Cov CovItemId="S14" Value="12"/>
<Cov CovItemId="S2" Value="12"/>
<Cov CovItemId="S3" Value="12"/>
<Cov CovItemId="S4" Value="12"/>
<Cov CovItemId="S5" Value="24"/>
<Cov CovItemId="S6" Value="12"/>
<Cov CovItemId="S7" Value="12"/>
<Cov CovItemId="S9" Value="3"/>
</CovPrefix>
<CovPrefix CovItemPrefix="pickr.games.Briscola.java">
<Cov CovItemId="B1" Value="1"/>
<Cov CovItemId="B2" Value="11"/>
<Cov CovItemId="B4" Value="12"/>
<Cov CovItemId="B5" Value="3"/>
<Cov CovItemId="B6" Value="9"/>
<Cov CovItemId="S1" Value="3"/>
<Cov CovItemId="S10" Value="3"/>
<Cov CovItemId="S11" Value="12"/>
<Cov CovItemId="S12" Value="1"/>
<Cov CovItemId="S13" Value="1"/>
<Cov CovItemId="S14" Value="12"/>
<Cov CovItemId="S17" Value="12"/>
<Cov CovItemId="S18" Value="3"/>
<Cov CovItemId="S19" Value="3"/>
<Cov CovItemId="S2" Value="3"/>
<Cov CovItemId="S20" Value="3"/>
<Cov CovItemId="S21" Value="3"/>
<Cov CovItemId="S22" Value="3"/>
<Cov CovItemId="S23" Value="12"/>
<Cov CovItemId="S24" Value="3"/>
<Cov CovItemId="S25" Value="3"/>
<Cov CovItemId="S26" Value="3"/>
<Cov CovItemId="S27" Value="3"/>
<Cov CovItemId="S28" Value="12"/>
<Cov CovItemId="S3" Value="3"/>
<Cov CovItemId="S4" Value="12"/>
<Cov CovItemId="S5" Value="3"/>
<Cov CovItemId="S6" Value="3"/>
<Cov CovItemId="S7" Value="3"/>
<Cov CovItemId="S8" Value="3"/>
<Cov CovItemId="S9" Value="3"/>
</CovPrefix>
<CovPrefix CovItemPrefix="pickr.games.Game.java">
<Cov CovItemId="B1" Value="12"/>
<Cov CovItemId="B3" Value="3"/>
<Cov CovItemId="B4" Value="9"/>
<Cov CovItemId="S1" Value="3"/>
<Cov CovItemId="S10" Value="12"/>
<Cov CovItemId="S11" Value="12"/>
<Cov CovItemId="S12" Value="12"/>
<Cov CovItemId="S14" Value="3"/>
<Cov CovItemId="S15" Value="3"/>
<Cov CovItemId="S16" Value="12"/>
<Cov CovItemId="S17" Value="3"/>
<Cov CovItemId="S18" Value="12"/>
<Cov CovItemId="S19" Value="3"/>
<Cov CovItemId="S2" Value="3"/>
<Cov CovItemId="S20" Value="3"/>
<Cov CovItemId="S21" Value="12"/>
<Cov CovItemId="S22" Value="3"/>
<Cov CovItemId="S23" Value="12"/>
<Cov CovItemId="S24" Value="3"/>
<Cov CovItemId="S25" Value="3"/>
<Cov CovItemId="S26" Value="3"/>
<Cov CovItemId="S27" Value="3"/>
<Cov CovItemId="S28" Value="3"/>
<Cov CovItemId="S3" Value="3"/>
<Cov CovItemId="S4" Value="3"/>
<Cov CovItemId="S5" Value="3"/>
<Cov CovItemId="S6" Value="3"/>
<Cov CovItemId="S7" Value="9"/>
<Cov CovItemId="S8" Value="3"/>
<Cov CovItemId="S9" Value="9"/>
</CovPrefix>
</CovList>
<AssgnmntList>
<AssgnmntPrefix RootTermCovItemPrefix="pickr.classes.Deck.java">
<AssgnmntListEntry Length="1" RootTermCovItemId="C1">
<MapEntry BoolAssgnmnt="0" Value="7"/>
<MapEntry BoolAssgnmnt="1" Value="70"/>
</AssgnmntListEntry>
<AssgnmntListEntry Length="1" RootTermCovItemId="C2">
<MapEntry BoolAssgnmnt="0" Value="12"/>
</AssgnmntListEntry>
<AssgnmntListEntry Length="1" RootTermCovItemId="C3">
<MapEntry BoolAssgnmnt="1" Value="12"/>
</AssgnmntListEntry>
<AssgnmntListEntry Length="1" RootTermCovItemId="C4">
<MapEntry BoolAssgnmnt="0" Value="12"/>
<MapEntry BoolAssgnmnt="1" Value="36"/>
</AssgnmntListEntry>
</AssgnmntPrefix>
<AssgnmntPrefix RootTermCovItemPrefix="pickr.classes.GamingCard.java">
<AssgnmntListEntry Length="2" RootTermCovItemId="C1">
<MapEntry BoolAssgnmnt="02" Value="28"/>
<MapEntry BoolAssgnmnt="10" Value="28"/>
<MapEntry BoolAssgnmnt="11" Value="225"/>
</AssgnmntListEntry>
<AssgnmntListEntry Length="2" RootTermCovItemId="C2">
<MapEntry BoolAssgnmnt="00" Value="280"/>
<MapEntry BoolAssgnmnt="01" Value="1"/>
</AssgnmntListEntry>
</AssgnmntPrefix>
<AssgnmntPrefix RootTermCovItemPrefix="pickr.games.Briscola.java">
<AssgnmntListEntry Length="3" RootTermCovItemId="C1">
<MapEntry BoolAssgnmnt="022" Value="11"/>
<MapEntry BoolAssgnmnt="111" Value="1"/>
</AssgnmntListEntry>
<AssgnmntListEntry Length="3" RootTermCovItemId="C2">
<MapEntry BoolAssgnmnt="022" Value="12"/>
</AssgnmntListEntry>
<AssgnmntListEntry Length="3" RootTermCovItemId="C3">
<MapEntry BoolAssgnmnt="002" Value="8"/>
<MapEntry BoolAssgnmnt="010" Value="1"/>
<MapEntry BoolAssgnmnt="011" Value="3"/>
</AssgnmntListEntry>
</AssgnmntPrefix>
<AssgnmntPrefix RootTermCovItemPrefix="pickr.games.Game.java">
<AssgnmntListEntry Length="1" RootTermCovItemId="C1">
<MapEntry BoolAssgnmnt="1" Value="12"/>
</AssgnmntListEntry>
<AssgnmntListEntry Length="1" RootTermCovItemId="C2">
<MapEntry BoolAssgnmnt="0" Value="9"/>
<MapEntry BoolAssgnmnt="1" Value="3"/>
</AssgnmntListEntry>
</AssgnmntPrefix>
</AssgnmntList>
<ObjMetaDataList/>
<MetaDataList/>
</TestCase>
<TestCase Comment="" Date="1598619558756" Name="randoop.RandoopTest0:test69">
<CovList>
<CovPrefix CovItemPrefix="pickr.classes.Deck.java">
<Cov CovItemId="B1" Value="36"/>
<Cov CovItemId="B2" Value="1"/>
<Cov CovItemId="B3" Value="12"/>
<Cov CovItemId="S1" Value="8"/>
<Cov CovItemId="S10" Value="12"/>
<Cov CovItemId="S11" Value="12"/>
<Cov CovItemId="S12" Value="12"/>
<Cov CovItemId="S13" Value="36"/>
<Cov CovItemId="S14" Value="12"/>
<Cov CovItemId="S2" Value="28"/>
<Cov CovItemId="S3" Value="8"/>
<Cov CovItemId="S4" Value="80"/>
<Cov CovItemId="S5" Value="320"/>
<Cov CovItemId="S6" Value="3"/>
<Cov CovItemId="S7" Value="37"/>
<Cov CovItemId="S8" Value="36"/>
<Cov CovItemId="S9" Value="1"/>
</CovPrefix>
<CovPrefix CovItemPrefix="pickr.classes.GamingCard.java">
<Cov CovItemId="B1" Value="256"/>
<Cov CovItemId="B2" Value="64"/>
<Cov CovItemId="B4" Value="320"/>
<Cov CovItemId="S1" Value="320"/>
<Cov CovItemId="S10" Value="320"/>
<Cov CovItemId="S12" Value="320"/>
<Cov CovItemId="S13" Value="96"/>
<Cov CovItemId="S2" Value="320"/>
<Cov CovItemId="S3" Value="320"/>
<Cov CovItemId="S4" Value="78"/>
<Cov CovItemId="S6" Value="280"/>
<Cov CovItemId="S7" Value="320"/>
<Cov CovItemId="S8" Value="256"/>
<Cov CovItemId="S9" Value="64"/>
</CovPrefix>
<CovPrefix CovItemPrefix="pickr.classes.Player.java">
<Cov CovItemId="S1" Value="12"/>
<Cov CovItemId="S12" Value="18"/>
<Cov CovItemId="S13" Value="40"/>
<Cov CovItemId="S14" Value="36"/>
<Cov CovItemId="S2" Value="12"/>
<Cov CovItemId="S3" Value="12"/>
<Cov CovItemId="S4" Value="12"/>
<Cov CovItemId="S5" Value="48"/>
<Cov CovItemId="S6" Value="12"/>
<Cov CovItemId="S7" Value="40"/>
<Cov CovItemId="S9" Value="10"/>
</CovPrefix>
<CovPrefix CovItemPrefix="pickr.games.Briscola.java">
<Cov CovItemId="B1" Value="1"/>
<Cov CovItemId="B2" Value="39"/>
<Cov CovItemId="B3" Value="6"/>
<Cov CovItemId="B4" Value="34"/>
<Cov CovItemId="B5" Value="4"/>
<Cov CovItemId="B6" Value="36"/>
<Cov CovItemId="S1" Value="3"/>
<Cov CovItemId="S10" Value="10"/>
<Cov CovItemId="S11" Value="40"/>
<Cov CovItemId="S12" Value="1"/>
<Cov CovItemId="S13" Value="1"/>
<Cov CovItemId="S14" Value="40"/>
<Cov CovItemId="S15" Value="6"/>
<Cov CovItemId="S16" Value="6"/>
<Cov CovItemId="S17" Value="40"/>
<Cov CovItemId="S18" Value="4"/>
<Cov CovItemId="S19" Value="4"/>
<Cov CovItemId="S2" Value="3"/>
<Cov CovItemId="S20" Value="10"/>
<Cov CovItemId="S21" Value="10"/>
<Cov CovItemId="S22" Value="10"/>
<Cov CovItemId="S23" Value="40"/>
<Cov CovItemId="S24" Value="10"/>
<Cov CovItemId="S25" Value="10"/>
<Cov CovItemId="S26" Value="10"/>
<Cov CovItemId="S27" Value="10"/>
<Cov CovItemId="S28" Value="37"/>
<Cov CovItemId="S3" Value="3"/>
<Cov CovItemId="S4" Value="12"/>
<Cov CovItemId="S5" Value="3"/>
<Cov CovItemId="S6" Value="3"/>
<Cov CovItemId="S7" Value="3"/>
<Cov CovItemId="S8" Value="3"/>
<Cov CovItemId="S9" Value="10"/>
</CovPrefix>
<CovPrefix CovItemPrefix="pickr.games.Game.java">
<Cov CovItemId="B1" Value="12"/>
<Cov CovItemId="B3" Value="10"/>
<Cov CovItemId="B4" Value="30"/>
<Cov CovItemId="S1" Value="3"/>
<Cov CovItemId="S10" Value="17"/>
<Cov CovItemId="S11" Value="12"/>
<Cov CovItemId="S12" Value="12"/>
<Cov CovItemId="S14" Value="10"/>
<Cov CovItemId="S15" Value="10"/>
<Cov CovItemId="S16" Value="40"/>
<Cov CovItemId="S17" Value="10"/>
<Cov CovItemId="S18" Value="40"/>
<Cov CovItemId="S19" Value="10"/>
<Cov CovItemId="S2" Value="3"/>
<Cov CovItemId="S20" Value="10"/>
<Cov CovItemId="S21" Value="40"/>
<Cov CovItemId="S22" Value="10"/>
<Cov CovItemId="S23" Value="40"/>
<Cov CovItemId="S24" Value="10"/>
<Cov CovItemId="S25" Value="10"/>
<Cov CovItemId="S26" Value="10"/>
<Cov CovItemId="S27" Value="10"/>
<Cov CovItemId="S28" Value="10"/>
<Cov CovItemId="S3" Value="3"/>
<Cov CovItemId="S4" Value="3"/>
<Cov CovItemId="S5" Value="3"/>
<Cov CovItemId="S6" Value="3"/>
<Cov CovItemId="S7" Value="7"/>
<Cov CovItemId="S8" Value="2"/>
<Cov CovItemId="S9" Value="30"/>
</CovPrefix>
</CovList>
<AssgnmntList>
<AssgnmntPrefix RootTermCovItemPrefix="pickr.classes.Deck.java">
<AssgnmntListEntry Length="1" RootTermCovItemId="C1">
<MapEntry BoolAssgnmnt="0" Value="8"/>
<MapEntry BoolAssgnmnt="1" Value="80"/>
</AssgnmntListEntry>
<AssgnmntListEntry Length="1" RootTermCovItemId="C2">
<MapEntry BoolAssgnmnt="0" Value="36"/>
<MapEntry BoolAssgnmnt="1" Value="1"/>
</AssgnmntListEntry>
<AssgnmntListEntry Length="1" RootTermCovItemId="C3">
<MapEntry BoolAssgnmnt="1" Value="12"/>
</AssgnmntListEntry>
<AssgnmntListEntry Length="1" RootTermCovItemId="C4">
<MapEntry BoolAssgnmnt="0" Value="12"/>
<MapEntry BoolAssgnmnt="1" Value="36"/>
</AssgnmntListEntry>
</AssgnmntPrefix>
<AssgnmntPrefix RootTermCovItemPrefix="pickr.classes.GamingCard.java">
<AssgnmntListEntry Length="2" RootTermCovItemId="C1">
<MapEntry BoolAssgnmnt="02" Value="32"/>
<MapEntry BoolAssgnmnt="10" Value="32"/>
<MapEntry BoolAssgnmnt="11" Value="256"/>
</AssgnmntListEntry>
<AssgnmntListEntry Length="2" RootTermCovItemId="C2">
<MapEntry BoolAssgnmnt="00" Value="320"/>
</AssgnmntListEntry>
</AssgnmntPrefix>
<AssgnmntPrefix RootTermCovItemPrefix="pickr.games.Briscola.java">
<AssgnmntListEntry Length="3" RootTermCovItemId="C1">
<MapEntry BoolAssgnmnt="022" Value="28"/>
<MapEntry BoolAssgnmnt="102" Value="10"/>
<MapEntry BoolAssgnmnt="110" Value="1"/>
<MapEntry BoolAssgnmnt="111" Value="1"/>
</AssgnmntListEntry>
<AssgnmntListEntry Length="3" RootTermCovItemId="C2">
<MapEntry BoolAssgnmnt="022" Value="29"/>
<MapEntry BoolAssgnmnt="102" Value="1"/>
<MapEntry BoolAssgnmnt="110" Value="4"/>
<MapEntry BoolAssgnmnt="111" Value="6"/>
</AssgnmntListEntry>
<AssgnmntListEntry Length="3" RootTermCovItemId="C3">
<MapEntry BoolAssgnmnt="122" Value="5"/>
<MapEntry BoolAssgnmnt="002" Value="30"/>
<MapEntry BoolAssgnmnt="010" Value="1"/>
<MapEntry BoolAssgnmnt="011" Value="4"/>
</AssgnmntListEntry>
</AssgnmntPrefix>
<AssgnmntPrefix RootTermCovItemPrefix="pickr.games.Game.java">
<AssgnmntListEntry Length="1" RootTermCovItemId="C1">
<MapEntry BoolAssgnmnt="1" Value="12"/>
</AssgnmntListEntry>
<AssgnmntListEntry Length="1" RootTermCovItemId="C2">
<MapEntry BoolAssgnmnt="0" Value="30"/>
<MapEntry BoolAssgnmnt="1" Value="10"/>
</AssgnmntListEntry>
</AssgnmntPrefix>
</AssgnmntList>
<ObjMetaDataList/>
<MetaDataList/>
</TestCase>
<TestCase Comment="" Date="1598619558757" Name="randoop.RandoopTest0:test70">
<CovList>
<CovPrefix CovItemPrefix="pickr.classes.Deck.java">
<Cov CovItemId="B1" Value="8"/>
<Cov CovItemId="B3" Value="8"/>
<Cov CovItemId="S1" Value="5"/>
<Cov CovItemId="S10" Value="8"/>
<Cov CovItemId="S11" Value="8"/>
<Cov CovItemId="S12" Value="8"/>
<Cov CovItemId="S13" Value="24"/>
<Cov CovItemId="S14" Value="8"/>
<Cov CovItemId="S2" Value="19"/>
<Cov CovItemId="S3" Value="5"/>
<Cov CovItemId="S4" Value="50"/>
<Cov CovItemId="S5" Value="200"/>
<Cov CovItemId="S6" Value="2"/>
<Cov CovItemId="S7" Value="8"/>
<Cov CovItemId="S8" Value="8"/>
</CovPrefix>
<CovPrefix CovItemPrefix="pickr.classes.GamingCard.java">
<Cov CovItemId="B1" Value="161"/>
<Cov CovItemId="B2" Value="40"/>
<Cov CovItemId="B3" Value="1"/>
<Cov CovItemId="B4" Value="200"/>
<Cov CovItemId="S1" Value="201"/>
<Cov CovItemId="S10" Value="201"/>
<Cov CovItemId="S11" Value="1"/>
<Cov CovItemId="S12" Value="200"/>
<Cov CovItemId="S13" Value="40"/>
<Cov CovItemId="S2" Value="201"/>
<Cov CovItemId="S3" Value="201"/>
<Cov CovItemId="S4" Value="17"/>
<Cov CovItemId="S6" Value="56"/>
<Cov CovItemId="S7" Value="201"/>
<Cov CovItemId="S8" Value="161"/>
<Cov CovItemId="S9" Value="40"/>
</CovPrefix>
<CovPrefix CovItemPrefix="pickr.classes.Player.java">
<Cov CovItemId="S1" Value="8"/>
<Cov CovItemId="S12" Value="10"/>
<Cov CovItemId="S13" Value="8"/>
<Cov CovItemId="S14" Value="8"/>
<Cov CovItemId="S2" Value="8"/>
<Cov CovItemId="S3" Value="8"/>
<Cov CovItemId="S4" Value="8"/>
<Cov CovItemId="S5" Value="16"/>
<Cov CovItemId="S6" Value="8"/>
<Cov CovItemId="S7" Value="8"/>
<Cov CovItemId="S9" Value="2"/>
</CovPrefix>
<CovPrefix CovItemPrefix="pickr.games.Briscola.java">
<Cov CovItemId="B1" Value="1"/>
<Cov CovItemId="B2" Value="7"/>
<Cov CovItemId="B4" Value="8"/>
<Cov CovItemId="B5" Value="2"/>
<Cov CovItemId="B6" Value="6"/>
<Cov CovItemId="S1" Value="2"/>
<Cov CovItemId="S10" Value="2"/>
<Cov CovItemId="S11" Value="8"/>
<Cov CovItemId="S12" Value="1"/>
<Cov CovItemId="S13" Value="1"/>
<Cov CovItemId="S14" Value="8"/>
<Cov CovItemId="S17" Value="8"/>
<Cov CovItemId="S18" Value="2"/>
<Cov CovItemId="S19" Value="2"/>
<Cov CovItemId="S2" Value="2"/>
<Cov CovItemId="S20" Value="2"/>
<Cov CovItemId="S21" Value="2"/>
<Cov CovItemId="S22" Value="2"/>
<Cov CovItemId="S23" Value="8"/>
<Cov CovItemId="S24" Value="2"/>
<Cov CovItemId="S25" Value="2"/>
<Cov CovItemId="S26" Value="2"/>
<Cov CovItemId="S27" Value="2"/>
<Cov CovItemId="S28" Value="8"/>
<Cov CovItemId="S3" Value="2"/>
<Cov CovItemId="S4" Value="8"/>
<Cov CovItemId="S5" Value="2"/>
<Cov CovItemId="S6" Value="2"/>
<Cov CovItemId="S7" Value="2"/>
<Cov CovItemId="S8" Value="2"/>
<Cov CovItemId="S9" Value="2"/>
</CovPrefix>
<CovPrefix CovItemPrefix="pickr.games.Game.java">
<Cov CovItemId="B1" Value="8"/>
<Cov CovItemId="B3" Value="2"/>
<Cov CovItemId="B4" Value="6"/>
<Cov CovItemId="S1" Value="2"/>
<Cov CovItemId="S10" Value="8"/>
<Cov CovItemId="S11" Value="8"/>
<Cov CovItemId="S12" Value="8"/>
<Cov CovItemId="S14" Value="2"/>
<Cov CovItemId="S15" Value="2"/>
<Cov CovItemId="S16" Value="8"/>
<Cov CovItemId="S17" Value="2"/>
<Cov CovItemId="S18" Value="8"/>
<Cov CovItemId="S19" Value="2"/>
<Cov CovItemId="S2" Value="2"/>
<Cov CovItemId="S20" Value="2"/>
<Cov CovItemId="S21" Value="8"/>
<Cov CovItemId="S22" Value="2"/>
<Cov CovItemId="S23" Value="8"/>
<Cov CovItemId="S24" Value="2"/>
<Cov CovItemId="S25" Value="2"/>
<Cov CovItemId="S26" Value="2"/>
<Cov CovItemId="S27" Value="2"/>
<Cov CovItemId="S28" Value="2"/>
<Cov CovItemId="S3" Value="2"/>
<Cov CovItemId="S4" Value="2"/>
<Cov CovItemId="S5" Value="2"/>
<Cov CovItemId="S6" Value="2"/>
<Cov CovItemId="S7" Value="6"/>
<Cov CovItemId="S8" Value="2"/>
<Cov CovItemId="S9" Value="6"/>
</CovPrefix>
</CovList>
<AssgnmntList>
<AssgnmntPrefix RootTermCovItemPrefix="pickr.classes.Deck.java">
<AssgnmntListEntry Length="1" RootTermCovItemId="C1">
<MapEntry BoolAssgnmnt="0" Value="5"/>
<MapEntry BoolAssgnmnt="1" Value="50"/>
</AssgnmntListEntry>
<AssgnmntListEntry Length="1" RootTermCovItemId="C2">
<MapEntry BoolAssgnmnt="0" Value="8"/>
</AssgnmntListEntry>
<AssgnmntListEntry Length="1" RootTermCovItemId="C3">
<MapEntry BoolAssgnmnt="1" Value="8"/>
</AssgnmntListEntry>
<AssgnmntListEntry Length="1" RootTermCovItemId="C4">
<MapEntry BoolAssgnmnt="0" Value="8"/>
<MapEntry BoolAssgnmnt="1" Value="24"/>
</AssgnmntListEntry>
</AssgnmntPrefix>
<AssgnmntPrefix RootTermCovItemPrefix="pickr.classes.GamingCard.java">
<AssgnmntListEntry Length="2" RootTermCovItemId="C1">
<MapEntry BoolAssgnmnt="02" Value="20"/>
<MapEntry BoolAssgnmnt="10" Value="20"/>
<MapEntry BoolAssgnmnt="11" Value="161"/>
</AssgnmntListEntry>
<AssgnmntListEntry Length="2" RootTermCovItemId="C2">
<MapEntry BoolAssgnmnt="00" Value="200"/>
<MapEntry BoolAssgnmnt="01" Value="1"/>
</AssgnmntListEntry>
</AssgnmntPrefix>
<AssgnmntPrefix RootTermCovItemPrefix="pickr.games.Briscola.java">
<AssgnmntListEntry Length="3" RootTermCovItemId="C1">
<MapEntry BoolAssgnmnt="022" Value="6"/>
<MapEntry BoolAssgnmnt="110" Value="1"/>
<MapEntry BoolAssgnmnt="111" Value="1"/>
</AssgnmntListEntry>
<AssgnmntListEntry Length="3" RootTermCovItemId="C2">
<MapEntry BoolAssgnmnt="022" Value="7"/>
<MapEntry BoolAssgnmnt="102" Value="1"/>
</AssgnmntListEntry>
<AssgnmntListEntry Length="3" RootTermCovItemId="C3">
<MapEntry BoolAssgnmnt="122" Value="1"/>
<MapEntry BoolAssgnmnt="002" Value="4"/>
<MapEntry BoolAssgnmnt="010" Value="1"/>
<MapEntry BoolAssgnmnt="011" Value="2"/>
</AssgnmntListEntry>
</AssgnmntPrefix>
<AssgnmntPrefix RootTermCovItemPrefix="pickr.games.Game.java">
<AssgnmntListEntry Length="1" RootTermCovItemId="C1">
<MapEntry BoolAssgnmnt="1" Value="8"/>
</AssgnmntListEntry>
<AssgnmntListEntry Length="1" RootTermCovItemId="C2">
<MapEntry BoolAssgnmnt="0" Value="6"/>
<MapEntry BoolAssgnmnt="1" Value="2"/>
</AssgnmntListEntry>
</AssgnmntPrefix>
</AssgnmntList>
<ObjMetaDataList/>
<MetaDataList/>
</TestCase>
<TestCase Comment="" Date="1598619558757" Name="randoop.RandoopTest0:test71">
<CovList>
<CovPrefix CovItemPrefix="pickr.classes.Deck.java">
<Cov CovItemId="B1" Value="12"/>
<Cov CovItemId="B3" Value="12"/>
<Cov CovItemId="S1" Value="4"/>
<Cov CovItemId="S10" Value="12"/>
<Cov CovItemId="S11" Value="12"/>
<Cov CovItemId="S12" Value="12"/>
<Cov CovItemId="S13" Value="36"/>
<Cov CovItemId="S14" Value="12"/>
<Cov CovItemId="S2" Value="18"/>
<Cov CovItemId="S3" Value="4"/>
<Cov CovItemId="S4" Value="40"/>
<Cov CovItemId="S5" Value="160"/>
<Cov CovItemId="S6" Value="3"/>
<Cov CovItemId="S7" Value="12"/>
<Cov CovItemId="S8" Value="12"/>
</CovPrefix>
<CovPrefix CovItemPrefix="pickr.classes.GamingCard.java">
<Cov CovItemId="B1" Value="129"/>
<Cov CovItemId="B2" Value="32"/>
<Cov CovItemId="B3" Value="1"/>
<Cov CovItemId="B4" Value="160"/>
<Cov CovItemId="S1" Value="161"/>
<Cov CovItemId="S10" Value="161"/>
<Cov CovItemId="S11" Value="1"/>
<Cov CovItemId="S12" Value="160"/>
<Cov CovItemId="S13" Value="59"/>
<Cov CovItemId="S2" Value="161"/>
<Cov CovItemId="S3" Value="161"/>
<Cov CovItemId="S4" Value="34"/>
<Cov CovItemId="S6" Value="84"/>
<Cov CovItemId="S7" Value="161"/>
<Cov CovItemId="S8" Value="129"/>
<Cov CovItemId="S9" Value="32"/>
</CovPrefix>
<CovPrefix CovItemPrefix="pickr.classes.Player.java">
<Cov CovItemId="S1" Value="12"/>
<Cov CovItemId="S12" Value="15"/>
<Cov CovItemId="S13" Value="12"/>
<Cov CovItemId="S14" Value="12"/>
<Cov CovItemId="S2" Value="12"/>
<Cov CovItemId="S3" Value="12"/>
<Cov CovItemId="S4" Value="12"/>
<Cov CovItemId="S5" Value="24"/>
<Cov CovItemId="S6" Value="12"/>
<Cov CovItemId="S7" Value="12"/>
<Cov CovItemId="S9" Value="3"/>
</CovPrefix>
<CovPrefix CovItemPrefix="pickr.games.Briscola.java">
<Cov CovItemId="B2" Value="12"/>
<Cov CovItemId="B3" Value="3"/>
<Cov CovItemId="B4" Value="9"/>
<Cov CovItemId="B5" Value="1"/>
<Cov CovItemId="B6" Value="11"/>
<Cov CovItemId="S1" Value="3"/>
<Cov CovItemId="S10" Value="3"/>
<Cov CovItemId="S11" Value="12"/>
<Cov CovItemId="S14" Value="12"/>
<Cov CovItemId="S15" Value="3"/>
<Cov CovItemId="S16" Value="3"/>
<Cov CovItemId="S17" Value="12"/>
<Cov CovItemId="S18" Value="1"/>
<Cov CovItemId="S19" Value="1"/>
<Cov CovItemId="S2" Value="3"/>
<Cov CovItemId="S20" Value="3"/>
<Cov CovItemId="S21" Value="3"/>
<Cov CovItemId="S22" Value="3"/>
<Cov CovItemId="S23" Value="12"/>
<Cov CovItemId="S24" Value="3"/>
<Cov CovItemId="S25" Value="3"/>
<Cov CovItemId="S26" Value="3"/>
<Cov CovItemId="S27" Value="3"/>
<Cov CovItemId="S28" Value="12"/>
<Cov CovItemId="S3" Value="3"/>
<Cov CovItemId="S4" Value="12"/>
<Cov CovItemId="S5" Value="3"/>
<Cov CovItemId="S6" Value="3"/>
<Cov CovItemId="S7" Value="3"/>
<Cov CovItemId="S8" Value="3"/>
<Cov CovItemId="S9" Value="3"/>
</CovPrefix>
<CovPrefix CovItemPrefix="pickr.games.Game.java">
<Cov CovItemId="B1" Value="12"/>
<Cov CovItemId="B3" Value="3"/>
<Cov CovItemId="B4" Value="9"/>
<Cov CovItemId="S1" Value="3"/>
<Cov CovItemId="S10" Value="12"/>
<Cov CovItemId="S11" Value="12"/>
<Cov CovItemId="S12" Value="12"/>
<Cov CovItemId="S14" Value="3"/>
<Cov CovItemId="S15" Value="3"/>
<Cov CovItemId="S16" Value="12"/>
<Cov CovItemId="S17" Value="3"/>
<Cov CovItemId="S18" Value="12"/>
<Cov CovItemId="S19" Value="3"/>
<Cov CovItemId="S2" Value="3"/>
<Cov CovItemId="S20" Value="3"/>
<Cov CovItemId="S21" Value="12"/>
<Cov CovItemId="S22" Value="3"/>
<Cov CovItemId="S23" Value="12"/>
<Cov CovItemId="S24" Value="3"/>
<Cov CovItemId="S25" Value="3"/>
<Cov CovItemId="S26" Value="3"/>
<Cov CovItemId="S27" Value="3"/>
<Cov CovItemId="S28" Value="3"/>
<Cov CovItemId="S3" Value="3"/>
<Cov CovItemId="S4" Value="3"/>
<Cov CovItemId="S5" Value="3"/>
<Cov CovItemId="S6" Value="3"/>
<Cov CovItemId="S7" Value="9"/>
<Cov CovItemId="S8" Value="3"/>
<Cov CovItemId="S9" Value="9"/>
</CovPrefix>
</CovList>
<AssgnmntList>
<AssgnmntPrefix RootTermCovItemPrefix="pickr.classes.Deck.java">
<AssgnmntListEntry Length="1" RootTermCovItemId="C1">
<MapEntry BoolAssgnmnt="0" Value="4"/>
<MapEntry BoolAssgnmnt="1" Value="40"/>
</AssgnmntListEntry>
<AssgnmntListEntry Length="1" RootTermCovItemId="C2">
<MapEntry BoolAssgnmnt="0" Value="12"/>
</AssgnmntListEntry>
<AssgnmntListEntry Length="1" RootTermCovItemId="C3">
<MapEntry BoolAssgnmnt="1" Value="12"/>
</AssgnmntListEntry>
<AssgnmntListEntry Length="1" RootTermCovItemId="C4">
<MapEntry BoolAssgnmnt="0" Value="12"/>
<MapEntry BoolAssgnmnt="1" Value="36"/>
</AssgnmntListEntry>
</AssgnmntPrefix>
<AssgnmntPrefix RootTermCovItemPrefix="pickr.classes.GamingCard.java">
<AssgnmntListEntry Length="2" RootTermCovItemId="C1">
<MapEntry BoolAssgnmnt="02" Value="16"/>
<MapEntry BoolAssgnmnt="10" Value="16"/>
<MapEntry BoolAssgnmnt="11" Value="129"/>
</AssgnmntListEntry>
<AssgnmntListEntry Length="2" RootTermCovItemId="C2">
<MapEntry BoolAssgnmnt="00" Value="160"/>
<MapEntry BoolAssgnmnt="01" Value="1"/>
</AssgnmntListEntry>
</AssgnmntPrefix>
<AssgnmntPrefix RootTermCovItemPrefix="pickr.games.Briscola.java">
<AssgnmntListEntry Length="3" RootTermCovItemId="C1">
<MapEntry BoolAssgnmnt="022" Value="5"/>
<MapEntry BoolAssgnmnt="102" Value="3"/>
<MapEntry BoolAssgnmnt="110" Value="4"/>
</AssgnmntListEntry>
<AssgnmntListEntry Length="3" RootTermCovItemId="C2">
<MapEntry BoolAssgnmnt="022" Value="5"/>
<MapEntry BoolAssgnmnt="102" Value="4"/>
<MapEntry BoolAssgnmnt="111" Value="3"/>
</AssgnmntListEntry>
<AssgnmntListEntry Length="3" RootTermCovItemId="C3">
<MapEntry BoolAssgnmnt="122" Value="4"/>
<MapEntry BoolAssgnmnt="002" Value="6"/>
<MapEntry BoolAssgnmnt="010" Value="1"/>
<MapEntry BoolAssgnmnt="011" Value="1"/>
</AssgnmntListEntry>
</AssgnmntPrefix>
<AssgnmntPrefix RootTermCovItemPrefix="pickr.games.Game.java">
<AssgnmntListEntry Length="1" RootTermCovItemId="C1">
<MapEntry BoolAssgnmnt="1" Value="12"/>
</AssgnmntListEntry>
<AssgnmntListEntry Length="1" RootTermCovItemId="C2">
<MapEntry BoolAssgnmnt="0" Value="9"/>
<MapEntry BoolAssgnmnt="1" Value="3"/>
</AssgnmntListEntry>
</AssgnmntPrefix>
</AssgnmntList>
<ObjMetaDataList/>
<MetaDataList/>
</TestCase>
<TestCase Comment="" Date="1598619558758" Name="randoop.RandoopTest0:test72">
<CovList>
<CovPrefix CovItemPrefix="pickr.classes.Deck.java">
<Cov CovItemId="B1" Value="16"/>
<Cov CovItemId="B3" Value="16"/>
<Cov CovItemId="B4" Value="1"/>
<Cov CovItemId="S1" Value="7"/>
<Cov CovItemId="S10" Value="17"/>
<Cov CovItemId="S11" Value="16"/>
<Cov CovItemId="S12" Value="16"/>
<Cov CovItemId="S13" Value="48"/>
<Cov CovItemId="S14" Value="16"/>
<Cov CovItemId="S15" Value="1"/>
<Cov CovItemId="S2" Value="26"/>
<Cov CovItemId="S3" Value="6"/>
<Cov CovItemId="S4" Value="60"/>
<Cov CovItemId="S5" Value="240"/>
<Cov CovItemId="S6" Value="4"/>
<Cov CovItemId="S7" Value="16"/>
<Cov CovItemId="S8" Value="16"/>
</CovPrefix>
<CovPrefix CovItemPrefix="pickr.classes.GamingCard.java">
<Cov CovItemId="B1" Value="192"/>
<Cov CovItemId="B2" Value="48"/>
<Cov CovItemId="B4" Value="240"/>
<Cov CovItemId="S1" Value="240"/>
<Cov CovItemId="S10" Value="240"/>
<Cov CovItemId="S12" Value="240"/>
<Cov CovItemId="S13" Value="76"/>
<Cov CovItemId="S2" Value="240"/>
<Cov CovItemId="S3" Value="240"/>
<Cov CovItemId="S4" Value="34"/>
<Cov CovItemId="S6" Value="112"/>
<Cov CovItemId="S7" Value="240"/>
<Cov CovItemId="S8" Value="192"/>
<Cov CovItemId="S9" Value="48"/>
</CovPrefix>
<CovPrefix CovItemPrefix="pickr.classes.Player.java">
<Cov CovItemId="S1" Value="16"/>
<Cov CovItemId="S12" Value="20"/>
<Cov CovItemId="S13" Value="16"/>
<Cov CovItemId="S14" Value="16"/>
<Cov CovItemId="S2" Value="16"/>
<Cov CovItemId="S3" Value="16"/>
<Cov CovItemId="S4" Value="16"/>
<Cov CovItemId="S5" Value="32"/>
<Cov CovItemId="S6" Value="16"/>
<Cov CovItemId="S7" Value="16"/>
<Cov CovItemId="S9" Value="4"/>
</CovPrefix>
<CovPrefix CovItemPrefix="pickr.games.Briscola.java">
<Cov CovItemId="B1" Value="1"/>
<Cov CovItemId="B2" Value="15"/>
<Cov CovItemId="B3" Value="1"/>
<Cov CovItemId="B4" Value="15"/>
<Cov CovItemId="B5" Value="2"/>
<Cov CovItemId="B6" Value="14"/>
<Cov CovItemId="S1" Value="4"/>
<Cov CovItemId="S10" Value="4"/>
<Cov CovItemId="S11" Value="16"/>
<Cov CovItemId="S12" Value="1"/>
<Cov CovItemId="S13" Value="1"/>
<Cov CovItemId="S14" Value="16"/>
<Cov CovItemId="S15" Value="1"/>
<Cov CovItemId="S16" Value="1"/>
<Cov CovItemId="S17" Value="16"/>
<Cov CovItemId="S18" Value="2"/>
<Cov CovItemId="S19" Value="2"/>
<Cov CovItemId="S2" Value="4"/>
<Cov CovItemId="S20" Value="4"/>
<Cov CovItemId="S21" Value="4"/>
<Cov CovItemId="S22" Value="4"/>
<Cov CovItemId="S23" Value="16"/>
<Cov CovItemId="S24" Value="4"/>
<Cov CovItemId="S25" Value="4"/>
<Cov CovItemId="S26" Value="4"/>
<Cov CovItemId="S27" Value="4"/>
<Cov CovItemId="S28" Value="16"/>
<Cov CovItemId="S3" Value="4"/>
<Cov CovItemId="S4" Value="16"/>
<Cov CovItemId="S5" Value="4"/>
<Cov CovItemId="S6" Value="4"/>
<Cov CovItemId="S7" Value="4"/>
<Cov CovItemId="S8" Value="4"/>
<Cov CovItemId="S9" Value="4"/>
</CovPrefix>
<CovPrefix CovItemPrefix="pickr.games.Game.java">
<Cov CovItemId="B1" Value="16"/>
<Cov CovItemId="B3" Value="4"/>
<Cov CovItemId="B4" Value="12"/>
<Cov CovItemId="S1" Value="4"/>
<Cov CovItemId="S10" Value="16"/>
<Cov CovItemId="S11" Value="16"/>
<Cov CovItemId="S12" Value="16"/>
<Cov CovItemId="S14" Value="4"/>
<Cov CovItemId="S15" Value="4"/>
<Cov CovItemId="S16" Value="16"/>
<Cov CovItemId="S17" Value="4"/>
<Cov CovItemId="S18" Value="16"/>
<Cov CovItemId="S19" Value="4"/>
<Cov CovItemId="S2" Value="4"/>
<Cov CovItemId="S20" Value="4"/>
<Cov CovItemId="S21" Value="16"/>
<Cov CovItemId="S22" Value="4"/>
<Cov CovItemId="S23" Value="16"/>
<Cov CovItemId="S24" Value="4"/>
<Cov CovItemId="S25" Value="4"/>
<Cov CovItemId="S26" Value="4"/>
<Cov CovItemId="S27" Value="4"/>
<Cov CovItemId="S28" Value="4"/>
<Cov CovItemId="S3" Value="4"/>
<Cov CovItemId="S4" Value="4"/>
<Cov CovItemId="S5" Value="4"/>
<Cov CovItemId="S6" Value="4"/>
<Cov CovItemId="S7" Value="12"/>
<Cov CovItemId="S8" Value="4"/>
<Cov CovItemId="S9" Value="12"/>
</CovPrefix>
</CovList>
<AssgnmntList>
<AssgnmntPrefix RootTermCovItemPrefix="pickr.classes.Deck.java">
<AssgnmntListEntry Length="1" RootTermCovItemId="C1">
<MapEntry BoolAssgnmnt="0" Value="6"/>
<MapEntry BoolAssgnmnt="1" Value="60"/>
</AssgnmntListEntry>
<AssgnmntListEntry Length="1" RootTermCovItemId="C2">
<MapEntry BoolAssgnmnt="0" Value="16"/>
</AssgnmntListEntry>
<AssgnmntListEntry Length="1" RootTermCovItemId="C3">
<MapEntry BoolAssgnmnt="0" Value="1"/>
<MapEntry BoolAssgnmnt="1" Value="16"/>
</AssgnmntListEntry>
<AssgnmntListEntry Length="1" RootTermCovItemId="C4">
<MapEntry BoolAssgnmnt="0" Value="16"/>
<MapEntry BoolAssgnmnt="1" Value="48"/>
</AssgnmntListEntry>
</AssgnmntPrefix>
<AssgnmntPrefix RootTermCovItemPrefix="pickr.classes.GamingCard.java">
<AssgnmntListEntry Length="2" RootTermCovItemId="C1">
<MapEntry BoolAssgnmnt="02" Value="24"/>
<MapEntry BoolAssgnmnt="10" Value="24"/>
<MapEntry BoolAssgnmnt="11" Value="192"/>
</AssgnmntListEntry>
<AssgnmntListEntry Length="2" RootTermCovItemId="C2">
<MapEntry BoolAssgnmnt="00" Value="240"/>
</AssgnmntListEntry>
</AssgnmntPrefix>
<AssgnmntPrefix RootTermCovItemPrefix="pickr.games.Briscola.java">
<AssgnmntListEntry Length="3" RootTermCovItemId="C1">
<MapEntry BoolAssgnmnt="022" Value="12"/>
<MapEntry BoolAssgnmnt="102" Value="1"/>
<MapEntry BoolAssgnmnt="110" Value="2"/>
<MapEntry BoolAssgnmnt="111" Value="1"/>
</AssgnmntListEntry>
<AssgnmntListEntry Length="3" RootTermCovItemId="C2">
<MapEntry BoolAssgnmnt="022" Value="13"/>
<MapEntry BoolAssgnmnt="102" Value="2"/>
<MapEntry BoolAssgnmnt="111" Value="1"/>
</AssgnmntListEntry>
<AssgnmntListEntry Length="3" RootTermCovItemId="C3">
<MapEntry BoolAssgnmnt="122" Value="2"/>
<MapEntry BoolAssgnmnt="002" Value="9"/>
<MapEntry BoolAssgnmnt="010" Value="3"/>
<MapEntry BoolAssgnmnt="011" Value="2"/>
</AssgnmntListEntry>
</AssgnmntPrefix>
<AssgnmntPrefix RootTermCovItemPrefix="pickr.games.Game.java">
<AssgnmntListEntry Length="1" RootTermCovItemId="C1">
<MapEntry BoolAssgnmnt="1" Value="16"/>
</AssgnmntListEntry>
<AssgnmntListEntry Length="1" RootTermCovItemId="C2">
<MapEntry BoolAssgnmnt="0" Value="12"/>
<MapEntry BoolAssgnmnt="1" Value="4"/>
</AssgnmntListEntry>
</AssgnmntPrefix>
</AssgnmntList>
<ObjMetaDataList/>
<MetaDataList/>
</TestCase>
<TestCase Comment="" Date="1598619558759" Name="randoop.RandoopTest0:test73">
<CovList>
<CovPrefix CovItemPrefix="pickr.classes.Deck.java">
<Cov CovItemId="B1" Value="4"/>
<Cov CovItemId="B3" Value="4"/>
<Cov CovItemId="B4" Value="1"/>
<Cov CovItemId="S1" Value="4"/>
<Cov CovItemId="S10" Value="5"/>
<Cov CovItemId="S11" Value="4"/>
<Cov CovItemId="S12" Value="4"/>
<Cov CovItemId="S13" Value="12"/>
<Cov CovItemId="S14" Value="4"/>
<Cov CovItemId="S15" Value="1"/>
<Cov CovItemId="S2" Value="11"/>
<Cov CovItemId="S3" Value="3"/>
<Cov CovItemId="S4" Value="30"/>
<Cov CovItemId="S5" Value="120"/>
<Cov CovItemId="S6" Value="1"/>
<Cov CovItemId="S7" Value="4"/>
<Cov CovItemId="S8" Value="4"/>
</CovPrefix>
<CovPrefix CovItemPrefix="pickr.classes.GamingCard.java">
<Cov CovItemId="B1" Value="96"/>
<Cov CovItemId="B2" Value="24"/>
<Cov CovItemId="B4" Value="120"/>
<Cov CovItemId="S1" Value="120"/>
<Cov CovItemId="S10" Value="120"/>
<Cov CovItemId="S12" Value="120"/>
<Cov CovItemId="S13" Value="17"/>
<Cov CovItemId="S2" Value="120"/>
<Cov CovItemId="S3" Value="120"/>
<Cov CovItemId="S4" Value="7"/>
<Cov CovItemId="S6" Value="28"/>
<Cov CovItemId="S7" Value="120"/>
<Cov CovItemId="S8" Value="96"/>
<Cov CovItemId="S9" Value="24"/>
</CovPrefix>
<CovPrefix CovItemPrefix="pickr.classes.Player.java">
<Cov CovItemId="S1" Value="4"/>
<Cov CovItemId="S12" Value="5"/>
<Cov CovItemId="S13" Value="4"/>
<Cov CovItemId="S14" Value="4"/>
<Cov CovItemId="S2" Value="4"/>
<Cov CovItemId="S3" Value="4"/>
<Cov CovItemId="S4" Value="4"/>
<Cov CovItemId="S5" Value="8"/>
<Cov CovItemId="S6" Value="4"/>
<Cov CovItemId="S7" Value="4"/>
<Cov CovItemId="S9" Value="1"/>
</CovPrefix>
<CovPrefix CovItemPrefix="pickr.games.Briscola.java">
<Cov CovItemId="B2" Value="4"/>
<Cov CovItemId="B4" Value="4"/>
<Cov CovItemId="B6" Value="4"/>
<Cov CovItemId="S1" Value="1"/>
<Cov CovItemId="S10" Value="1"/>
<Cov CovItemId="S11" Value="4"/>
<Cov CovItemId="S14" Value="4"/>
<Cov CovItemId="S17" Value="4"/>
<Cov CovItemId="S2" Value="1"/>
<Cov CovItemId="S20" Value="1"/>
<Cov CovItemId="S21" Value="1"/>
<Cov CovItemId="S22" Value="1"/>
<Cov CovItemId="S23" Value="4"/>
<Cov CovItemId="S24" Value="1"/>
<Cov CovItemId="S25" Value="1"/>
<Cov CovItemId="S26" Value="1"/>
<Cov CovItemId="S27" Value="1"/>
<Cov CovItemId="S28" Value="4"/>
<Cov CovItemId="S3" Value="1"/>
<Cov CovItemId="S4" Value="4"/>
<Cov CovItemId="S5" Value="1"/>
<Cov CovItemId="S6" Value="1"/>
<Cov CovItemId="S7" Value="1"/>
<Cov CovItemId="S8" Value="1"/>
<Cov CovItemId="S9" Value="1"/>
</CovPrefix>
<CovPrefix CovItemPrefix="pickr.games.Game.java">
<Cov CovItemId="B1" Value="4"/>
<Cov CovItemId="B3" Value="1"/>
<Cov CovItemId="B4" Value="3"/>
<Cov CovItemId="S1" Value="1"/>
<Cov CovItemId="S10" Value="4"/>
<Cov CovItemId="S11" Value="4"/>
<Cov CovItemId="S12" Value="4"/>
<Cov CovItemId="S14" Value="1"/>
<Cov CovItemId="S15" Value="1"/>
<Cov CovItemId="S16" Value="4"/>
<Cov CovItemId="S17" Value="1"/>
<Cov CovItemId="S18" Value="4"/>
<Cov CovItemId="S19" Value="1"/>
<Cov CovItemId="S2" Value="1"/>
<Cov CovItemId="S20" Value="1"/>
<Cov CovItemId="S21" Value="4"/>
<Cov CovItemId="S22" Value="1"/>
<Cov CovItemId="S23" Value="4"/>
<Cov CovItemId="S24" Value="1"/>
<Cov CovItemId="S25" Value="1"/>
<Cov CovItemId="S26" Value="1"/>
<Cov CovItemId="S27" Value="1"/>
<Cov CovItemId="S28" Value="1"/>
<Cov CovItemId="S3" Value="1"/>
<Cov CovItemId="S4" Value="1"/>
<Cov CovItemId="S5" Value="1"/>
<Cov CovItemId="S6" Value="1"/>
<Cov CovItemId="S7" Value="3"/>
<Cov CovItemId="S8" Value="1"/>
<Cov CovItemId="S9" Value="3"/>
</CovPrefix>
</CovList>
<AssgnmntList>
<AssgnmntPrefix RootTermCovItemPrefix="pickr.classes.Deck.java">
<AssgnmntListEntry Length="1" RootTermCovItemId="C1">
<MapEntry BoolAssgnmnt="0" Value="3"/>
<MapEntry BoolAssgnmnt="1" Value="30"/>
</AssgnmntListEntry>
<AssgnmntListEntry Length="1" RootTermCovItemId="C2">
<MapEntry BoolAssgnmnt="0" Value="4"/>
</AssgnmntListEntry>
<AssgnmntListEntry Length="1" RootTermCovItemId="C3">
<MapEntry BoolAssgnmnt="0" Value="1"/>
<MapEntry BoolAssgnmnt="1" Value="4"/>
</AssgnmntListEntry>
<AssgnmntListEntry Length="1" RootTermCovItemId="C4">
<MapEntry BoolAssgnmnt="0" Value="4"/>
<MapEntry BoolAssgnmnt="1" Value="12"/>
</AssgnmntListEntry>
</AssgnmntPrefix>
<AssgnmntPrefix RootTermCovItemPrefix="pickr.classes.GamingCard.java">
<AssgnmntListEntry Length="2" RootTermCovItemId="C1">
<MapEntry BoolAssgnmnt="02" Value="12"/>
<MapEntry BoolAssgnmnt="10" Value="12"/>
<MapEntry BoolAssgnmnt="11" Value="96"/>
</AssgnmntListEntry>
<AssgnmntListEntry Length="2" RootTermCovItemId="C2">
<MapEntry BoolAssgnmnt="00" Value="120"/>
</AssgnmntListEntry>
</AssgnmntPrefix>
<AssgnmntPrefix RootTermCovItemPrefix="pickr.games.Briscola.java">
<AssgnmntListEntry Length="3" RootTermCovItemId="C1">
<MapEntry BoolAssgnmnt="022" Value="4"/>
</AssgnmntListEntry>
<AssgnmntListEntry Length="3" RootTermCovItemId="C2">
<MapEntry BoolAssgnmnt="022" Value="4"/>
</AssgnmntListEntry>
<AssgnmntListEntry Length="3" RootTermCovItemId="C3">
<MapEntry BoolAssgnmnt="002" Value="2"/>
<MapEntry BoolAssgnmnt="010" Value="2"/>
</AssgnmntListEntry>
</AssgnmntPrefix>
<AssgnmntPrefix RootTermCovItemPrefix="pickr.games.Game.java">
<AssgnmntListEntry Length="1" RootTermCovItemId="C1">
<MapEntry BoolAssgnmnt="1" Value="4"/>
</AssgnmntListEntry>
<AssgnmntListEntry Length="1" RootTermCovItemId="C2">
<MapEntry BoolAssgnmnt="0" Value="3"/>
<MapEntry BoolAssgnmnt="1" Value="1"/>
</AssgnmntListEntry>
</AssgnmntPrefix>
</AssgnmntList>
<ObjMetaDataList/>
<MetaDataList/>
</TestCase>
<TestCase Comment="" Date="1598619558759" Name="randoop.RandoopTest0:test74">
<CovList>
<CovPrefix CovItemPrefix="pickr.classes.Deck.java">
<Cov CovItemId="B1" Value="12"/>
<Cov CovItemId="B3" Value="12"/>
<Cov CovItemId="B4" Value="1"/>
<Cov CovItemId="S1" Value="5"/>
<Cov CovItemId="S10" Value="13"/>
<Cov CovItemId="S11" Value="12"/>
<Cov CovItemId="S12" Value="12"/>
<Cov CovItemId="S13" Value="36"/>
<Cov CovItemId="S14" Value="12"/>
<Cov CovItemId="S15" Value="1"/>
<Cov CovItemId="S2" Value="18"/>
<Cov CovItemId="S3" Value="4"/>
<Cov CovItemId="S4" Value="40"/>
<Cov CovItemId="S5" Value="160"/>
<Cov CovItemId="S6" Value="3"/>
<Cov CovItemId="S7" Value="12"/>
<Cov CovItemId="S8" Value="12"/>
</CovPrefix>
<CovPrefix CovItemPrefix="pickr.classes.GamingCard.java">
<Cov CovItemId="B1" Value="128"/>
<Cov CovItemId="B2" Value="32"/>
<Cov CovItemId="B4" Value="160"/>
<Cov CovItemId="S1" Value="160"/>
<Cov CovItemId="S10" Value="160"/>
<Cov CovItemId="S12" Value="160"/>
<Cov CovItemId="S13" Value="59"/>
<Cov CovItemId="S2" Value="160"/>
<Cov CovItemId="S3" Value="160"/>
<Cov CovItemId="S4" Value="27"/>
<Cov CovItemId="S6" Value="84"/>
<Cov CovItemId="S7" Value="160"/>
<Cov CovItemId="S8" Value="128"/>
<Cov CovItemId="S9" Value="32"/>
</CovPrefix>
<CovPrefix CovItemPrefix="pickr.classes.Player.java">
<Cov CovItemId="S1" Value="12"/>
<Cov CovItemId="S12" Value="15"/>
<Cov CovItemId="S13" Value="12"/>
<Cov CovItemId="S14" Value="12"/>
<Cov CovItemId="S2" Value="12"/>
<Cov CovItemId="S3" Value="12"/>
<Cov CovItemId="S4" Value="12"/>
<Cov CovItemId="S5" Value="24"/>
<Cov CovItemId="S6" Value="12"/>
<Cov CovItemId="S7" Value="12"/>
<Cov CovItemId="S9" Value="3"/>
</CovPrefix>
<CovPrefix CovItemPrefix="pickr.games.Briscola.java">
<Cov CovItemId="B2" Value="12"/>
<Cov CovItemId="B3" Value="2"/>
<Cov CovItemId="B4" Value="10"/>
<Cov CovItemId="B5" Value="2"/>
<Cov CovItemId="B6" Value="10"/>
<Cov CovItemId="S1" Value="3"/>
<Cov CovItemId="S10" Value="3"/>
<Cov CovItemId="S11" Value="12"/>
<Cov CovItemId="S14" Value="12"/>
<Cov CovItemId="S15" Value="2"/>
<Cov CovItemId="S16" Value="2"/>
<Cov CovItemId="S17" Value="12"/>
<Cov CovItemId="S18" Value="2"/>
<Cov CovItemId="S19" Value="2"/>
<Cov CovItemId="S2" Value="3"/>
<Cov CovItemId="S20" Value="3"/>
<Cov CovItemId="S21" Value="3"/>
<Cov CovItemId="S22" Value="3"/>
<Cov CovItemId="S23" Value="12"/>
<Cov CovItemId="S24" Value="3"/>
<Cov CovItemId="S25" Value="3"/>
<Cov CovItemId="S26" Value="3"/>
<Cov CovItemId="S27" Value="3"/>
<Cov CovItemId="S28" Value="12"/>
<Cov CovItemId="S3" Value="3"/>
<Cov CovItemId="S4" Value="12"/>
<Cov CovItemId="S5" Value="3"/>
<Cov CovItemId="S6" Value="3"/>
<Cov CovItemId="S7" Value="3"/>
<Cov CovItemId="S8" Value="3"/>
<Cov CovItemId="S9" Value="3"/>
</CovPrefix>
<CovPrefix CovItemPrefix="pickr.games.Game.java">
<Cov CovItemId="B1" Value="12"/>
<Cov CovItemId="B3" Value="3"/>
<Cov CovItemId="B4" Value="9"/>
<Cov CovItemId="S1" Value="3"/>
<Cov CovItemId="S10" Value="12"/>
<Cov CovItemId="S11" Value="12"/>
<Cov CovItemId="S12" Value="12"/>
<Cov CovItemId="S14" Value="3"/>
<Cov CovItemId="S15" Value="3"/>
<Cov CovItemId="S16" Value="12"/>
<Cov CovItemId="S17" Value="3"/>
<Cov CovItemId="S18" Value="12"/>
<Cov CovItemId="S19" Value="3"/>
<Cov CovItemId="S2" Value="3"/>
<Cov CovItemId="S20" Value="3"/>
<Cov CovItemId="S21" Value="12"/>
<Cov CovItemId="S22" Value="3"/>
<Cov CovItemId="S23" Value="12"/>
<Cov CovItemId="S24" Value="3"/>
<Cov CovItemId="S25" Value="3"/>
<Cov CovItemId="S26" Value="3"/>
<Cov CovItemId="S27" Value="3"/>
<Cov CovItemId="S28" Value="3"/>
<Cov CovItemId="S3" Value="3"/>
<Cov CovItemId="S4" Value="3"/>
<Cov CovItemId="S5" Value="3"/>
<Cov CovItemId="S6" Value="3"/>
<Cov CovItemId="S7" Value="9"/>
<Cov CovItemId="S8" Value="3"/>
<Cov CovItemId="S9" Value="9"/>
</CovPrefix>
</CovList>
<AssgnmntList>
<AssgnmntPrefix RootTermCovItemPrefix="pickr.classes.Deck.java">
<AssgnmntListEntry Length="1" RootTermCovItemId="C1">
<MapEntry BoolAssgnmnt="0" Value="4"/>
<MapEntry BoolAssgnmnt="1" Value="40"/>
</AssgnmntListEntry>
<AssgnmntListEntry Length="1" RootTermCovItemId="C2">
<MapEntry BoolAssgnmnt="0" Value="12"/>
</AssgnmntListEntry>
<AssgnmntListEntry Length="1" RootTermCovItemId="C3">
<MapEntry BoolAssgnmnt="0" Value="1"/>
<MapEntry BoolAssgnmnt="1" Value="12"/>
</AssgnmntListEntry>
<AssgnmntListEntry Length="1" RootTermCovItemId="C4">
<MapEntry BoolAssgnmnt="0" Value="12"/>
<MapEntry BoolAssgnmnt="1" Value="36"/>
</AssgnmntListEntry>
</AssgnmntPrefix>
<AssgnmntPrefix RootTermCovItemPrefix="pickr.classes.GamingCard.java">
<AssgnmntListEntry Length="2" RootTermCovItemId="C1">
<MapEntry BoolAssgnmnt="02" Value="16"/>
<MapEntry BoolAssgnmnt="10" Value="16"/>
<MapEntry BoolAssgnmnt="11" Value="128"/>
</AssgnmntListEntry>
<AssgnmntListEntry Length="2" RootTermCovItemId="C2">
<MapEntry BoolAssgnmnt="00" Value="160"/>
</AssgnmntListEntry>
</AssgnmntPrefix>
<AssgnmntPrefix RootTermCovItemPrefix="pickr.games.Briscola.java">
<AssgnmntListEntry Length="3" RootTermCovItemId="C1">
<MapEntry BoolAssgnmnt="022" Value="8"/>
<MapEntry BoolAssgnmnt="102" Value="4"/>
</AssgnmntListEntry>
<AssgnmntListEntry Length="3" RootTermCovItemId="C2">
<MapEntry BoolAssgnmnt="022" Value="8"/>
<MapEntry BoolAssgnmnt="110" Value="2"/>
<MapEntry BoolAssgnmnt="111" Value="2"/>
</AssgnmntListEntry>
<AssgnmntListEntry Length="3" RootTermCovItemId="C3">
<MapEntry BoolAssgnmnt="122" Value="2"/>
<MapEntry BoolAssgnmnt="002" Value="8"/>
<MapEntry BoolAssgnmnt="011" Value="2"/>
</AssgnmntListEntry>
</AssgnmntPrefix>
<AssgnmntPrefix RootTermCovItemPrefix="pickr.games.Game.java">
<AssgnmntListEntry Length="1" RootTermCovItemId="C1">
<MapEntry BoolAssgnmnt="1" Value="12"/>
</AssgnmntListEntry>
<AssgnmntListEntry Length="1" RootTermCovItemId="C2">
<MapEntry BoolAssgnmnt="0" Value="9"/>
<MapEntry BoolAssgnmnt="1" Value="3"/>
</AssgnmntListEntry>
</AssgnmntPrefix>
</AssgnmntList>
<ObjMetaDataList/>
<MetaDataList/>
</TestCase>
<TestCase Comment="" Date="1598619558759" Name="randoop.RandoopTest0:test75">
<CovList>
<CovPrefix CovItemPrefix="pickr.classes.Deck.java">
<Cov CovItemId="B1" Value="12"/>
<Cov CovItemId="B3" Value="12"/>
<Cov CovItemId="S1" Value="6"/>
<Cov CovItemId="S10" Value="12"/>
<Cov CovItemId="S11" Value="12"/>
<Cov CovItemId="S12" Value="12"/>
<Cov CovItemId="S13" Value="36"/>
<Cov CovItemId="S14" Value="12"/>
<Cov CovItemId="S2" Value="24"/>
<Cov CovItemId="S3" Value="6"/>
<Cov CovItemId="S4" Value="60"/>
<Cov CovItemId="S5" Value="240"/>
<Cov CovItemId="S6" Value="3"/>
<Cov CovItemId="S7" Value="12"/>
<Cov CovItemId="S8" Value="12"/>
</CovPrefix>
<CovPrefix CovItemPrefix="pickr.classes.GamingCard.java">
<Cov CovItemId="B1" Value="192"/>
<Cov CovItemId="B2" Value="48"/>
<Cov CovItemId="B4" Value="240"/>
<Cov CovItemId="S1" Value="240"/>
<Cov CovItemId="S10" Value="240"/>
<Cov CovItemId="S12" Value="240"/>
<Cov CovItemId="S13" Value="59"/>
<Cov CovItemId="S2" Value="240"/>
<Cov CovItemId="S3" Value="240"/>
<Cov CovItemId="S4" Value="29"/>
<Cov CovItemId="S6" Value="84"/>
<Cov CovItemId="S7" Value="240"/>
<Cov CovItemId="S8" Value="192"/>
<Cov CovItemId="S9" Value="48"/>
</CovPrefix>
<CovPrefix CovItemPrefix="pickr.classes.Player.java">
<Cov CovItemId="S1" Value="12"/>
<Cov CovItemId="S12" Value="15"/>
<Cov CovItemId="S13" Value="12"/>
<Cov CovItemId="S14" Value="12"/>
<Cov CovItemId="S2" Value="12"/>
<Cov CovItemId="S3" Value="12"/>
<Cov CovItemId="S4" Value="12"/>
<Cov CovItemId="S5" Value="24"/>
<Cov CovItemId="S6" Value="12"/>
<Cov CovItemId="S7" Value="12"/>
<Cov CovItemId="S9" Value="3"/>
</CovPrefix>
<CovPrefix CovItemPrefix="pickr.games.Briscola.java">
<Cov CovItemId="B2" Value="12"/>
<Cov CovItemId="B3" Value="3"/>
<Cov CovItemId="B4" Value="9"/>
<Cov CovItemId="B5" Value="1"/>
<Cov CovItemId="B6" Value="11"/>
<Cov CovItemId="S1" Value="3"/>
<Cov CovItemId="S10" Value="3"/>
<Cov CovItemId="S11" Value="12"/>
<Cov CovItemId="S14" Value="12"/>
<Cov CovItemId="S15" Value="3"/>
<Cov CovItemId="S16" Value="3"/>
<Cov CovItemId="S17" Value="12"/>
<Cov CovItemId="S18" Value="1"/>
<Cov CovItemId="S19" Value="1"/>
<Cov CovItemId="S2" Value="3"/>
<Cov CovItemId="S20" Value="3"/>
<Cov CovItemId="S21" Value="3"/>
<Cov CovItemId="S22" Value="3"/>
<Cov CovItemId="S23" Value="12"/>
<Cov CovItemId="S24" Value="3"/>
<Cov CovItemId="S25" Value="3"/>
<Cov CovItemId="S26" Value="3"/>
<Cov CovItemId="S27" Value="3"/>
<Cov CovItemId="S28" Value="12"/>
<Cov CovItemId="S3" Value="3"/>
<Cov CovItemId="S4" Value="12"/>
<Cov CovItemId="S5" Value="3"/>
<Cov CovItemId="S6" Value="3"/>
<Cov CovItemId="S7" Value="3"/>
<Cov CovItemId="S8" Value="3"/>
<Cov CovItemId="S9" Value="3"/>
</CovPrefix>
<CovPrefix CovItemPrefix="pickr.games.Game.java">
<Cov CovItemId="B1" Value="12"/>
<Cov CovItemId="B3" Value="3"/>
<Cov CovItemId="B4" Value="9"/>
<Cov CovItemId="S1" Value="3"/>
<Cov CovItemId="S10" Value="12"/>
<Cov CovItemId="S11" Value="12"/>
<Cov CovItemId="S12" Value="12"/>
<Cov CovItemId="S14" Value="3"/>
<Cov CovItemId="S15" Value="3"/>
<Cov CovItemId="S16" Value="12"/>
<Cov CovItemId="S17" Value="3"/>
<Cov CovItemId="S18" Value="12"/>
<Cov CovItemId="S19" Value="3"/>
<Cov CovItemId="S2" Value="3"/>
<Cov CovItemId="S20" Value="3"/>
<Cov CovItemId="S21" Value="12"/>
<Cov CovItemId="S22" Value="3"/>
<Cov CovItemId="S23" Value="12"/>
<Cov CovItemId="S24" Value="3"/>
<Cov CovItemId="S25" Value="3"/>
<Cov CovItemId="S26" Value="3"/>
<Cov CovItemId="S27" Value="3"/>
<Cov CovItemId="S28" Value="3"/>
<Cov CovItemId="S3" Value="3"/>
<Cov CovItemId="S4" Value="3"/>
<Cov CovItemId="S5" Value="3"/>
<Cov CovItemId="S6" Value="3"/>
<Cov CovItemId="S7" Value="9"/>
<Cov CovItemId="S8" Value="3"/>
<Cov CovItemId="S9" Value="9"/>
</CovPrefix>
</CovList>
<AssgnmntList>
<AssgnmntPrefix RootTermCovItemPrefix="pickr.classes.Deck.java">
<AssgnmntListEntry Length="1" RootTermCovItemId="C1">
<MapEntry BoolAssgnmnt="0" Value="6"/>
<MapEntry BoolAssgnmnt="1" Value="60"/>
</AssgnmntListEntry>
<AssgnmntListEntry Length="1" RootTermCovItemId="C2">
<MapEntry BoolAssgnmnt="0" Value="12"/>
</AssgnmntListEntry>
<AssgnmntListEntry Length="1" RootTermCovItemId="C3">
<MapEntry BoolAssgnmnt="1" Value="12"/>
</AssgnmntListEntry>
<AssgnmntListEntry Length="1" RootTermCovItemId="C4">
<MapEntry BoolAssgnmnt="0" Value="12"/>
<MapEntry BoolAssgnmnt="1" Value="36"/>
</AssgnmntListEntry>
</AssgnmntPrefix>
<AssgnmntPrefix RootTermCovItemPrefix="pickr.classes.GamingCard.java">
<AssgnmntListEntry Length="2" RootTermCovItemId="C1">
<MapEntry BoolAssgnmnt="02" Value="24"/>
<MapEntry BoolAssgnmnt="10" Value="24"/>
<MapEntry BoolAssgnmnt="11" Value="192"/>
</AssgnmntListEntry>
<AssgnmntListEntry Length="2" RootTermCovItemId="C2">
<MapEntry BoolAssgnmnt="00" Value="240"/>
</AssgnmntListEntry>
</AssgnmntPrefix>
<AssgnmntPrefix RootTermCovItemPrefix="pickr.games.Briscola.java">
<AssgnmntListEntry Length="3" RootTermCovItemId="C1">
<MapEntry BoolAssgnmnt="022" Value="7"/>
<MapEntry BoolAssgnmnt="102" Value="5"/>
</AssgnmntListEntry>
<AssgnmntListEntry Length="3" RootTermCovItemId="C2">
<MapEntry BoolAssgnmnt="022" Value="7"/>
<MapEntry BoolAssgnmnt="110" Value="2"/>
<MapEntry BoolAssgnmnt="111" Value="3"/>
</AssgnmntListEntry>
<AssgnmntListEntry Length="3" RootTermCovItemId="C3">
<MapEntry BoolAssgnmnt="122" Value="2"/>
<MapEntry BoolAssgnmnt="002" Value="9"/>
<MapEntry BoolAssgnmnt="011" Value="1"/>
</AssgnmntListEntry>
</AssgnmntPrefix>
<AssgnmntPrefix RootTermCovItemPrefix="pickr.games.Game.java">
<AssgnmntListEntry Length="1" RootTermCovItemId="C1">
<MapEntry BoolAssgnmnt="1" Value="12"/>
</AssgnmntListEntry>
<AssgnmntListEntry Length="1" RootTermCovItemId="C2">
<MapEntry BoolAssgnmnt="0" Value="9"/>
<MapEntry BoolAssgnmnt="1" Value="3"/>
</AssgnmntListEntry>
</AssgnmntPrefix>
</AssgnmntList>
<ObjMetaDataList/>
<MetaDataList/>
</TestCase>
<TestCase Comment="" Date="1598619558760" Name="randoop.RandoopTest0:test76">
<CovList>
<CovPrefix CovItemPrefix="pickr.classes.Deck.java">
<Cov CovItemId="B1" Value="16"/>
<Cov CovItemId="B3" Value="16"/>
<Cov CovItemId="B4" Value="1"/>
<Cov CovItemId="S1" Value="7"/>
<Cov CovItemId="S10" Value="17"/>
<Cov CovItemId="S11" Value="16"/>
<Cov CovItemId="S12" Value="16"/>
<Cov CovItemId="S13" Value="48"/>
<Cov CovItemId="S14" Value="16"/>
<Cov CovItemId="S15" Value="1"/>
<Cov CovItemId="S2" Value="26"/>
<Cov CovItemId="S3" Value="6"/>
<Cov CovItemId="S4" Value="60"/>
<Cov CovItemId="S5" Value="240"/>
<Cov CovItemId="S6" Value="4"/>
<Cov CovItemId="S7" Value="16"/>
<Cov CovItemId="S8" Value="16"/>
</CovPrefix>
<CovPrefix CovItemPrefix="pickr.classes.GamingCard.java">
<Cov CovItemId="B1" Value="192"/>
<Cov CovItemId="B2" Value="48"/>
<Cov CovItemId="B4" Value="240"/>
<Cov CovItemId="S1" Value="240"/>
<Cov CovItemId="S10" Value="240"/>
<Cov CovItemId="S12" Value="240"/>
<Cov CovItemId="S13" Value="74"/>
<Cov CovItemId="S2" Value="240"/>
<Cov CovItemId="S3" Value="240"/>
<Cov CovItemId="S4" Value="31"/>
<Cov CovItemId="S6" Value="112"/>
<Cov CovItemId="S7" Value="240"/>
<Cov CovItemId="S8" Value="192"/>
<Cov CovItemId="S9" Value="48"/>
</CovPrefix>
<CovPrefix CovItemPrefix="pickr.classes.Player.java">
<Cov CovItemId="S1" Value="16"/>
<Cov CovItemId="S12" Value="20"/>
<Cov CovItemId="S13" Value="16"/>
<Cov CovItemId="S14" Value="16"/>
<Cov CovItemId="S2" Value="16"/>
<Cov CovItemId="S3" Value="16"/>
<Cov CovItemId="S4" Value="16"/>
<Cov CovItemId="S5" Value="32"/>
<Cov CovItemId="S6" Value="16"/>
<Cov CovItemId="S7" Value="16"/>
<Cov CovItemId="S9" Value="4"/>
</CovPrefix>
<CovPrefix CovItemPrefix="pickr.games.Briscola.java">
<Cov CovItemId="B2" Value="16"/>
<Cov CovItemId="B3" Value="1"/>
<Cov CovItemId="B4" Value="15"/>
<Cov CovItemId="B5" Value="2"/>
<Cov CovItemId="B6" Value="14"/>
<Cov CovItemId="S1" Value="4"/>
<Cov CovItemId="S10" Value="4"/>
<Cov CovItemId="S11" Value="16"/>
<Cov CovItemId="S14" Value="16"/>
<Cov CovItemId="S15" Value="1"/>
<Cov CovItemId="S16" Value="1"/>
<Cov CovItemId="S17" Value="16"/>
<Cov CovItemId="S18" Value="2"/>
<Cov CovItemId="S19" Value="2"/>
<Cov CovItemId="S2" Value="4"/>
<Cov CovItemId="S20" Value="4"/>
<Cov CovItemId="S21" Value="4"/>
<Cov CovItemId="S22" Value="4"/>
<Cov CovItemId="S23" Value="16"/>
<Cov CovItemId="S24" Value="4"/>
<Cov CovItemId="S25" Value="4"/>
<Cov CovItemId="S26" Value="4"/>
<Cov CovItemId="S27" Value="4"/>
<Cov CovItemId="S28" Value="16"/>
<Cov CovItemId="S3" Value="4"/>
<Cov CovItemId="S4" Value="16"/>
<Cov CovItemId="S5" Value="4"/>
<Cov CovItemId="S6" Value="4"/>
<Cov CovItemId="S7" Value="4"/>
<Cov CovItemId="S8" Value="4"/>
<Cov CovItemId="S9" Value="4"/>
</CovPrefix>
<CovPrefix CovItemPrefix="pickr.games.Game.java">
<Cov CovItemId="B1" Value="16"/>
<Cov CovItemId="B3" Value="4"/>
<Cov CovItemId="B4" Value="12"/>
<Cov CovItemId="S1" Value="4"/>
<Cov CovItemId="S10" Value="16"/>
<Cov CovItemId="S11" Value="16"/>
<Cov CovItemId="S12" Value="16"/>
<Cov CovItemId="S14" Value="4"/>
<Cov CovItemId="S15" Value="4"/>
<Cov CovItemId="S16" Value="16"/>
<Cov CovItemId="S17" Value="4"/>
<Cov CovItemId="S18" Value="16"/>
<Cov CovItemId="S19" Value="4"/>
<Cov CovItemId="S2" Value="4"/>
<Cov CovItemId="S20" Value="4"/>
<Cov CovItemId="S21" Value="16"/>
<Cov CovItemId="S22" Value="4"/>
<Cov CovItemId="S23" Value="16"/>
<Cov CovItemId="S24" Value="4"/>
<Cov CovItemId="S25" Value="4"/>
<Cov CovItemId="S26" Value="4"/>
<Cov CovItemId="S27" Value="4"/>
<Cov CovItemId="S28" Value="4"/>
<Cov CovItemId="S3" Value="4"/>
<Cov CovItemId="S4" Value="4"/>
<Cov CovItemId="S5" Value="4"/>
<Cov CovItemId="S6" Value="4"/>
<Cov CovItemId="S7" Value="12"/>
<Cov CovItemId="S8" Value="4"/>
<Cov CovItemId="S9" Value="12"/>
</CovPrefix>
</CovList>
<AssgnmntList>
<AssgnmntPrefix RootTermCovItemPrefix="pickr.classes.Deck.java">
<AssgnmntListEntry Length="1" RootTermCovItemId="C1">
<MapEntry BoolAssgnmnt="0" Value="6"/>
<MapEntry BoolAssgnmnt="1" Value="60"/>
</AssgnmntListEntry>
<AssgnmntListEntry Length="1" RootTermCovItemId="C2">
<MapEntry BoolAssgnmnt="0" Value="16"/>
</AssgnmntListEntry>
<AssgnmntListEntry Length="1" RootTermCovItemId="C3">
<MapEntry BoolAssgnmnt="0" Value="1"/>
<MapEntry BoolAssgnmnt="1" Value="16"/>
</AssgnmntListEntry>
<AssgnmntListEntry Length="1" RootTermCovItemId="C4">
<MapEntry BoolAssgnmnt="0" Value="16"/>
<MapEntry BoolAssgnmnt="1" Value="48"/>
</AssgnmntListEntry>
</AssgnmntPrefix>
<AssgnmntPrefix RootTermCovItemPrefix="pickr.classes.GamingCard.java">
<AssgnmntListEntry Length="2" RootTermCovItemId="C1">
<MapEntry BoolAssgnmnt="02" Value="24"/>
<MapEntry BoolAssgnmnt="10" Value="24"/>
<MapEntry BoolAssgnmnt="11" Value="192"/>
</AssgnmntListEntry>
<AssgnmntListEntry Length="2" RootTermCovItemId="C2">
<MapEntry BoolAssgnmnt="00" Value="240"/>
</AssgnmntListEntry>
</AssgnmntPrefix>
<AssgnmntPrefix RootTermCovItemPrefix="pickr.games.Briscola.java">
<AssgnmntListEntry Length="3" RootTermCovItemId="C1">
<MapEntry BoolAssgnmnt="022" Value="12"/>
<MapEntry BoolAssgnmnt="102" Value="1"/>
<MapEntry BoolAssgnmnt="110" Value="3"/>
</AssgnmntListEntry>
<AssgnmntListEntry Length="3" RootTermCovItemId="C2">
<MapEntry BoolAssgnmnt="022" Value="12"/>
<MapEntry BoolAssgnmnt="102" Value="3"/>
<MapEntry BoolAssgnmnt="111" Value="1"/>
</AssgnmntListEntry>
<AssgnmntListEntry Length="3" RootTermCovItemId="C3">
<MapEntry BoolAssgnmnt="122" Value="3"/>
<MapEntry BoolAssgnmnt="002" Value="11"/>
<MapEntry BoolAssgnmnt="011" Value="2"/>
</AssgnmntListEntry>
</AssgnmntPrefix>
<AssgnmntPrefix RootTermCovItemPrefix="pickr.games.Game.java">
<AssgnmntListEntry Length="1" RootTermCovItemId="C1">
<MapEntry BoolAssgnmnt="1" Value="16"/>
</AssgnmntListEntry>
<AssgnmntListEntry Length="1" RootTermCovItemId="C2">
<MapEntry BoolAssgnmnt="0" Value="12"/>
<MapEntry BoolAssgnmnt="1" Value="4"/>
</AssgnmntListEntry>
</AssgnmntPrefix>
</AssgnmntList>
<ObjMetaDataList/>
<MetaDataList/>
</TestCase>
<TestCase Comment="" Date="1598619558760" Name="randoop.RandoopTest0:test77">
<CovList>
<CovPrefix CovItemPrefix="pickr.classes.Deck.java">
<Cov CovItemId="B1" Value="36"/>
<Cov CovItemId="B2" Value="1"/>
<Cov CovItemId="B3" Value="12"/>
<Cov CovItemId="S1" Value="6"/>
<Cov CovItemId="S10" Value="12"/>
<Cov CovItemId="S11" Value="12"/>
<Cov CovItemId="S12" Value="12"/>
<Cov CovItemId="S13" Value="36"/>
<Cov CovItemId="S14" Value="12"/>
<Cov CovItemId="S2" Value="22"/>
<Cov CovItemId="S3" Value="6"/>
<Cov CovItemId="S4" Value="60"/>
<Cov CovItemId="S5" Value="240"/>
<Cov CovItemId="S6" Value="3"/>
<Cov CovItemId="S7" Value="37"/>
<Cov CovItemId="S8" Value="36"/>
<Cov CovItemId="S9" Value="1"/>
</CovPrefix>
<CovPrefix CovItemPrefix="pickr.classes.GamingCard.java">
<Cov CovItemId="B1" Value="192"/>
<Cov CovItemId="B2" Value="48"/>
<Cov CovItemId="B4" Value="240"/>
<Cov CovItemId="S1" Value="240"/>
<Cov CovItemId="S10" Value="240"/>
<Cov CovItemId="S12" Value="240"/>
<Cov CovItemId="S13" Value="98"/>
<Cov CovItemId="S2" Value="240"/>
<Cov CovItemId="S3" Value="240"/>
<Cov CovItemId="S4" Value="81"/>
<Cov CovItemId="S6" Value="280"/>
<Cov CovItemId="S7" Value="240"/>
<Cov CovItemId="S8" Value="192"/>
<Cov CovItemId="S9" Value="48"/>
</CovPrefix>
<CovPrefix CovItemPrefix="pickr.classes.Player.java">
<Cov CovItemId="S1" Value="12"/>
<Cov CovItemId="S12" Value="18"/>
<Cov CovItemId="S13" Value="40"/>
<Cov CovItemId="S14" Value="36"/>
<Cov CovItemId="S2" Value="12"/>
<Cov CovItemId="S3" Value="12"/>
<Cov CovItemId="S4" Value="12"/>
<Cov CovItemId="S5" Value="48"/>
<Cov CovItemId="S6" Value="12"/>
<Cov CovItemId="S7" Value="40"/>
<Cov CovItemId="S9" Value="10"/>
</CovPrefix>
<CovPrefix CovItemPrefix="pickr.games.Briscola.java">
<Cov CovItemId="B1" Value="1"/>
<Cov CovItemId="B2" Value="39"/>
<Cov CovItemId="B3" Value="6"/>
<Cov CovItemId="B4" Value="34"/>
<Cov CovItemId="B5" Value="5"/>
<Cov CovItemId="B6" Value="35"/>
<Cov CovItemId="S1" Value="3"/>
<Cov CovItemId="S10" Value="10"/>
<Cov CovItemId="S11" Value="40"/>
<Cov CovItemId="S12" Value="1"/>
<Cov CovItemId="S13" Value="1"/>
<Cov CovItemId="S14" Value="40"/>
<Cov CovItemId="S15" Value="6"/>
<Cov CovItemId="S16" Value="6"/>
<Cov CovItemId="S17" Value="40"/>
<Cov CovItemId="S18" Value="5"/>
<Cov CovItemId="S19" Value="5"/>
<Cov CovItemId="S2" Value="3"/>
<Cov CovItemId="S20" Value="10"/>
<Cov CovItemId="S21" Value="10"/>
<Cov CovItemId="S22" Value="10"/>
<Cov CovItemId="S23" Value="40"/>
<Cov CovItemId="S24" Value="10"/>
<Cov CovItemId="S25" Value="10"/>
<Cov CovItemId="S26" Value="10"/>
<Cov CovItemId="S27" Value="10"/>
<Cov CovItemId="S28" Value="37"/>
<Cov CovItemId="S3" Value="3"/>
<Cov CovItemId="S4" Value="12"/>
<Cov CovItemId="S5" Value="3"/>
<Cov CovItemId="S6" Value="3"/>
<Cov CovItemId="S7" Value="3"/>
<Cov CovItemId="S8" Value="3"/>
<Cov CovItemId="S9" Value="10"/>
</CovPrefix>
<CovPrefix CovItemPrefix="pickr.games.Game.java">
<Cov CovItemId="B1" Value="12"/>
<Cov CovItemId="B3" Value="10"/>
<Cov CovItemId="B4" Value="30"/>
<Cov CovItemId="S1" Value="3"/>
<Cov CovItemId="S10" Value="17"/>
<Cov CovItemId="S11" Value="12"/>
<Cov CovItemId="S12" Value="12"/>
<Cov CovItemId="S14" Value="10"/>
<Cov CovItemId="S15" Value="10"/>
<Cov CovItemId="S16" Value="40"/>
<Cov CovItemId="S17" Value="10"/>
<Cov CovItemId="S18" Value="40"/>
<Cov CovItemId="S19" Value="10"/>
<Cov CovItemId="S2" Value="3"/>
<Cov CovItemId="S20" Value="10"/>
<Cov CovItemId="S21" Value="40"/>
<Cov CovItemId="S22" Value="10"/>
<Cov CovItemId="S23" Value="40"/>
<Cov CovItemId="S24" Value="10"/>
<Cov CovItemId="S25" Value="10"/>
<Cov CovItemId="S26" Value="10"/>
<Cov CovItemId="S27" Value="10"/>
<Cov CovItemId="S28" Value="10"/>
<Cov CovItemId="S3" Value="3"/>
<Cov CovItemId="S4" Value="3"/>
<Cov CovItemId="S5" Value="3"/>
<Cov CovItemId="S6" Value="3"/>
<Cov CovItemId="S7" Value="7"/>
<Cov CovItemId="S8" Value="2"/>
<Cov CovItemId="S9" Value="30"/>
</CovPrefix>
</CovList>
<AssgnmntList>
<AssgnmntPrefix RootTermCovItemPrefix="pickr.classes.Deck.java">
<AssgnmntListEntry Length="1" RootTermCovItemId="C1">
<MapEntry BoolAssgnmnt="0" Value="6"/>
<MapEntry BoolAssgnmnt="1" Value="60"/>
</AssgnmntListEntry>
<AssgnmntListEntry Length="1" RootTermCovItemId="C2">
<MapEntry BoolAssgnmnt="0" Value="36"/>
<MapEntry BoolAssgnmnt="1" Value="1"/>
</AssgnmntListEntry>
<AssgnmntListEntry Length="1" RootTermCovItemId="C3">
<MapEntry BoolAssgnmnt="1" Value="12"/>
</AssgnmntListEntry>
<AssgnmntListEntry Length="1" RootTermCovItemId="C4">
<MapEntry BoolAssgnmnt="0" Value="12"/>
<MapEntry BoolAssgnmnt="1" Value="36"/>
</AssgnmntListEntry>
</AssgnmntPrefix>
<AssgnmntPrefix RootTermCovItemPrefix="pickr.classes.GamingCard.java">
<AssgnmntListEntry Length="2" RootTermCovItemId="C1">
<MapEntry BoolAssgnmnt="02" Value="24"/>
<MapEntry BoolAssgnmnt="10" Value="24"/>
<MapEntry BoolAssgnmnt="11" Value="192"/>
</AssgnmntListEntry>
<AssgnmntListEntry Length="2" RootTermCovItemId="C2">
<MapEntry BoolAssgnmnt="00" Value="240"/>
</AssgnmntListEntry>
</AssgnmntPrefix>
<AssgnmntPrefix RootTermCovItemPrefix="pickr.games.Briscola.java">
<AssgnmntListEntry Length="3" RootTermCovItemId="C1">
<MapEntry BoolAssgnmnt="022" Value="29"/>
<MapEntry BoolAssgnmnt="102" Value="7"/>
<MapEntry BoolAssgnmnt="110" Value="3"/>
<MapEntry BoolAssgnmnt="111" Value="1"/>
</AssgnmntListEntry>
<AssgnmntListEntry Length="3" RootTermCovItemId="C2">
<MapEntry BoolAssgnmnt="022" Value="30"/>
<MapEntry BoolAssgnmnt="102" Value="3"/>
<MapEntry BoolAssgnmnt="110" Value="1"/>
<MapEntry BoolAssgnmnt="111" Value="6"/>
</AssgnmntListEntry>
<AssgnmntListEntry Length="3" RootTermCovItemId="C3">
<MapEntry BoolAssgnmnt="122" Value="4"/>
<MapEntry BoolAssgnmnt="002" Value="26"/>
<MapEntry BoolAssgnmnt="010" Value="5"/>
<MapEntry BoolAssgnmnt="011" Value="5"/>
</AssgnmntListEntry>
</AssgnmntPrefix>
<AssgnmntPrefix RootTermCovItemPrefix="pickr.games.Game.java">
<AssgnmntListEntry Length="1" RootTermCovItemId="C1">
<MapEntry BoolAssgnmnt="1" Value="12"/>
</AssgnmntListEntry>
<AssgnmntListEntry Length="1" RootTermCovItemId="C2">
<MapEntry BoolAssgnmnt="0" Value="30"/>
<MapEntry BoolAssgnmnt="1" Value="10"/>
</AssgnmntListEntry>
</AssgnmntPrefix>
</AssgnmntList>
<ObjMetaDataList/>
<MetaDataList/>
</TestCase>
<TestCase Comment="" Date="1598619558761" Name="randoop.RandoopTest0:test78">
<CovList>
<CovPrefix CovItemPrefix="pickr.classes.Deck.java">
<Cov CovItemId="B1" Value="16"/>
<Cov CovItemId="B3" Value="16"/>
<Cov CovItemId="B4" Value="1"/>
<Cov CovItemId="S1" Value="6"/>
<Cov CovItemId="S10" Value="17"/>
<Cov CovItemId="S11" Value="16"/>
<Cov CovItemId="S12" Value="16"/>
<Cov CovItemId="S13" Value="48"/>
<Cov CovItemId="S14" Value="16"/>
<Cov CovItemId="S15" Value="1"/>
<Cov CovItemId="S2" Value="23"/>
<Cov CovItemId="S3" Value="5"/>
<Cov CovItemId="S4" Value="50"/>
<Cov CovItemId="S5" Value="200"/>
<Cov CovItemId="S6" Value="4"/>
<Cov CovItemId="S7" Value="16"/>
<Cov CovItemId="S8" Value="16"/>
</CovPrefix>
<CovPrefix CovItemPrefix="pickr.classes.GamingCard.java">
<Cov CovItemId="B1" Value="160"/>
<Cov CovItemId="B2" Value="40"/>
<Cov CovItemId="B4" Value="200"/>
<Cov CovItemId="S1" Value="200"/>
<Cov CovItemId="S10" Value="200"/>
<Cov CovItemId="S12" Value="200"/>
<Cov CovItemId="S13" Value="78"/>
<Cov CovItemId="S2" Value="200"/>
<Cov CovItemId="S3" Value="200"/>
<Cov CovItemId="S4" Value="39"/>
<Cov CovItemId="S6" Value="112"/>
<Cov CovItemId="S7" Value="200"/>
<Cov CovItemId="S8" Value="160"/>
<Cov CovItemId="S9" Value="40"/>
</CovPrefix>
<CovPrefix CovItemPrefix="pickr.classes.Player.java">
<Cov CovItemId="S1" Value="16"/>
<Cov CovItemId="S12" Value="20"/>
<Cov CovItemId="S13" Value="16"/>
<Cov CovItemId="S14" Value="16"/>
<Cov CovItemId="S2" Value="16"/>
<Cov CovItemId="S3" Value="16"/>
<Cov CovItemId="S4" Value="16"/>
<Cov CovItemId="S5" Value="32"/>
<Cov CovItemId="S6" Value="16"/>
<Cov CovItemId="S7" Value="16"/>
<Cov CovItemId="S9" Value="4"/>
</CovPrefix>
<CovPrefix CovItemPrefix="pickr.games.Briscola.java">
<Cov CovItemId="B2" Value="16"/>
<Cov CovItemId="B3" Value="4"/>
<Cov CovItemId="B4" Value="12"/>
<Cov CovItemId="B5" Value="1"/>
<Cov CovItemId="B6" Value="15"/>
<Cov CovItemId="S1" Value="4"/>
<Cov CovItemId="S10" Value="4"/>
<Cov CovItemId="S11" Value="16"/>
<Cov CovItemId="S14" Value="16"/>
<Cov CovItemId="S15" Value="4"/>
<Cov CovItemId="S16" Value="4"/>
<Cov CovItemId="S17" Value="16"/>
<Cov CovItemId="S18" Value="1"/>
<Cov CovItemId="S19" Value="1"/>
<Cov CovItemId="S2" Value="4"/>
<Cov CovItemId="S20" Value="4"/>
<Cov CovItemId="S21" Value="4"/>
<Cov CovItemId="S22" Value="4"/>
<Cov CovItemId="S23" Value="16"/>
<Cov CovItemId="S24" Value="4"/>
<Cov CovItemId="S25" Value="4"/>
<Cov CovItemId="S26" Value="4"/>
<Cov CovItemId="S27" Value="4"/>
<Cov CovItemId="S28" Value="16"/>
<Cov CovItemId="S3" Value="4"/>
<Cov CovItemId="S4" Value="16"/>
<Cov CovItemId="S5" Value="4"/>
<Cov CovItemId="S6" Value="4"/>
<Cov CovItemId="S7" Value="4"/>
<Cov CovItemId="S8" Value="4"/>
<Cov CovItemId="S9" Value="4"/>
</CovPrefix>
<CovPrefix CovItemPrefix="pickr.games.Game.java">
<Cov CovItemId="B1" Value="16"/>
<Cov CovItemId="B3" Value="4"/>
<Cov CovItemId="B4" Value="12"/>
<Cov CovItemId="S1" Value="4"/>
<Cov CovItemId="S10" Value="16"/>
<Cov CovItemId="S11" Value="16"/>
<Cov CovItemId="S12" Value="16"/>
<Cov CovItemId="S14" Value="4"/>
<Cov CovItemId="S15" Value="4"/>
<Cov CovItemId="S16" Value="16"/>
<Cov CovItemId="S17" Value="4"/>
<Cov CovItemId="S18" Value="16"/>
<Cov CovItemId="S19" Value="4"/>
<Cov CovItemId="S2" Value="4"/>
<Cov CovItemId="S20" Value="4"/>
<Cov CovItemId="S21" Value="16"/>
<Cov CovItemId="S22" Value="4"/>
<Cov CovItemId="S23" Value="16"/>
<Cov CovItemId="S24" Value="4"/>
<Cov CovItemId="S25" Value="4"/>
<Cov CovItemId="S26" Value="4"/>
<Cov CovItemId="S27" Value="4"/>
<Cov CovItemId="S28" Value="4"/>
<Cov CovItemId="S3" Value="4"/>
<Cov CovItemId="S4" Value="4"/>
<Cov CovItemId="S5" Value="4"/>
<Cov CovItemId="S6" Value="4"/>
<Cov CovItemId="S7" Value="12"/>
<Cov CovItemId="S8" Value="4"/>
<Cov CovItemId="S9" Value="12"/>
</CovPrefix>
</CovList>
<AssgnmntList>
<AssgnmntPrefix RootTermCovItemPrefix="pickr.classes.Deck.java">
<AssgnmntListEntry Length="1" RootTermCovItemId="C1">
<MapEntry BoolAssgnmnt="0" Value="5"/>
<MapEntry BoolAssgnmnt="1" Value="50"/>
</AssgnmntListEntry>
<AssgnmntListEntry Length="1" RootTermCovItemId="C2">
<MapEntry BoolAssgnmnt="0" Value="16"/>
</AssgnmntListEntry>
<AssgnmntListEntry Length="1" RootTermCovItemId="C3">
<MapEntry BoolAssgnmnt="0" Value="1"/>
<MapEntry BoolAssgnmnt="1" Value="16"/>
</AssgnmntListEntry>
<AssgnmntListEntry Length="1" RootTermCovItemId="C4">
<MapEntry BoolAssgnmnt="0" Value="16"/>
<MapEntry BoolAssgnmnt="1" Value="48"/>
</AssgnmntListEntry>
</AssgnmntPrefix>
<AssgnmntPrefix RootTermCovItemPrefix="pickr.classes.GamingCard.java">
<AssgnmntListEntry Length="2" RootTermCovItemId="C1">
<MapEntry BoolAssgnmnt="02" Value="20"/>
<MapEntry BoolAssgnmnt="10" Value="20"/>
<MapEntry BoolAssgnmnt="11" Value="160"/>
</AssgnmntListEntry>
<AssgnmntListEntry Length="2" RootTermCovItemId="C2">
<MapEntry BoolAssgnmnt="00" Value="200"/>
</AssgnmntListEntry>
</AssgnmntPrefix>
<AssgnmntPrefix RootTermCovItemPrefix="pickr.games.Briscola.java">
<AssgnmntListEntry Length="3" RootTermCovItemId="C1">
<MapEntry BoolAssgnmnt="022" Value="9"/>
<MapEntry BoolAssgnmnt="102" Value="6"/>
<MapEntry BoolAssgnmnt="110" Value="1"/>
</AssgnmntListEntry>
<AssgnmntListEntry Length="3" RootTermCovItemId="C2">
<MapEntry BoolAssgnmnt="022" Value="9"/>
<MapEntry BoolAssgnmnt="102" Value="1"/>
<MapEntry BoolAssgnmnt="110" Value="2"/>
<MapEntry BoolAssgnmnt="111" Value="4"/>
</AssgnmntListEntry>
<AssgnmntListEntry Length="3" RootTermCovItemId="C3">
<MapEntry BoolAssgnmnt="122" Value="3"/>
<MapEntry BoolAssgnmnt="002" Value="12"/>
<MapEntry BoolAssgnmnt="011" Value="1"/>
</AssgnmntListEntry>
</AssgnmntPrefix>
<AssgnmntPrefix RootTermCovItemPrefix="pickr.games.Game.java">
<AssgnmntListEntry Length="1" RootTermCovItemId="C1">
<MapEntry BoolAssgnmnt="1" Value="16"/>
</AssgnmntListEntry>
<AssgnmntListEntry Length="1" RootTermCovItemId="C2">
<MapEntry BoolAssgnmnt="0" Value="12"/>
<MapEntry BoolAssgnmnt="1" Value="4"/>
</AssgnmntListEntry>
</AssgnmntPrefix>
</AssgnmntList>
<ObjMetaDataList/>
<MetaDataList/>
</TestCase>
<TestCase Comment="" Date="1598619558762" Name="randoop.RandoopTest0:test79">
<CovList>
<CovPrefix CovItemPrefix="pickr.classes.Deck.java">
<Cov CovItemId="B1" Value="8"/>
<Cov CovItemId="B3" Value="8"/>
<Cov CovItemId="B4" Value="1"/>
<Cov CovItemId="S1" Value="6"/>
<Cov CovItemId="S10" Value="9"/>
<Cov CovItemId="S11" Value="8"/>
<Cov CovItemId="S12" Value="8"/>
<Cov CovItemId="S13" Value="24"/>
<Cov CovItemId="S14" Value="8"/>
<Cov CovItemId="S15" Value="1"/>
<Cov CovItemId="S2" Value="19"/>
<Cov CovItemId="S3" Value="5"/>
<Cov CovItemId="S4" Value="50"/>
<Cov CovItemId="S5" Value="200"/>
<Cov CovItemId="S6" Value="2"/>
<Cov CovItemId="S7" Value="8"/>
<Cov CovItemId="S8" Value="8"/>
</CovPrefix>
<CovPrefix CovItemPrefix="pickr.classes.GamingCard.java">
<Cov CovItemId="B1" Value="160"/>
<Cov CovItemId="B2" Value="40"/>
<Cov CovItemId="B4" Value="200"/>
<Cov CovItemId="S1" Value="200"/>
<Cov CovItemId="S10" Value="200"/>
<Cov CovItemId="S12" Value="200"/>
<Cov CovItemId="S13" Value="36"/>
<Cov CovItemId="S2" Value="200"/>
<Cov CovItemId="S3" Value="200"/>
<Cov CovItemId="S4" Value="18"/>
<Cov CovItemId="S6" Value="56"/>
<Cov CovItemId="S7" Value="200"/>
<Cov CovItemId="S8" Value="160"/>
<Cov CovItemId="S9" Value="40"/>
</CovPrefix>
<CovPrefix CovItemPrefix="pickr.classes.Player.java">
<Cov CovItemId="S1" Value="8"/>
<Cov CovItemId="S12" Value="10"/>
<Cov CovItemId="S13" Value="8"/>
<Cov CovItemId="S14" Value="8"/>
<Cov CovItemId="S2" Value="8"/>
<Cov CovItemId="S3" Value="8"/>
<Cov CovItemId="S4" Value="8"/>
<Cov CovItemId="S5" Value="16"/>
<Cov CovItemId="S6" Value="8"/>
<Cov CovItemId="S7" Value="8"/>
<Cov CovItemId="S9" Value="2"/>
</CovPrefix>
<CovPrefix CovItemPrefix="pickr.games.Briscola.java">
<Cov CovItemId="B2" Value="8"/>
<Cov CovItemId="B3" Value="1"/>
<Cov CovItemId="B4" Value="7"/>
<Cov CovItemId="B6" Value="8"/>
<Cov CovItemId="S1" Value="2"/>
<Cov CovItemId="S10" Value="2"/>
<Cov CovItemId="S11" Value="8"/>
<Cov CovItemId="S14" Value="8"/>
<Cov CovItemId="S15" Value="1"/>
<Cov CovItemId="S16" Value="1"/>
<Cov CovItemId="S17" Value="8"/>
<Cov CovItemId="S2" Value="2"/>
<Cov CovItemId="S20" Value="2"/>
<Cov CovItemId="S21" Value="2"/>
<Cov CovItemId="S22" Value="2"/>
<Cov CovItemId="S23" Value="8"/>
<Cov CovItemId="S24" Value="2"/>
<Cov CovItemId="S25" Value="2"/>
<Cov CovItemId="S26" Value="2"/>
<Cov CovItemId="S27" Value="2"/>
<Cov CovItemId="S28" Value="8"/>
<Cov CovItemId="S3" Value="2"/>
<Cov CovItemId="S4" Value="8"/>
<Cov CovItemId="S5" Value="2"/>
<Cov CovItemId="S6" Value="2"/>
<Cov CovItemId="S7" Value="2"/>
<Cov CovItemId="S8" Value="2"/>
<Cov CovItemId="S9" Value="2"/>
</CovPrefix>
<CovPrefix CovItemPrefix="pickr.games.Game.java">
<Cov CovItemId="B1" Value="8"/>
<Cov CovItemId="B3" Value="2"/>
<Cov CovItemId="B4" Value="6"/>
<Cov CovItemId="S1" Value="2"/>
<Cov CovItemId="S10" Value="8"/>
<Cov CovItemId="S11" Value="8"/>
<Cov CovItemId="S12" Value="8"/>
<Cov CovItemId="S14" Value="2"/>
<Cov CovItemId="S15" Value="2"/>
<Cov CovItemId="S16" Value="8"/>
<Cov CovItemId="S17" Value="2"/>
<Cov CovItemId="S18" Value="8"/>
<Cov CovItemId="S19" Value="2"/>
<Cov CovItemId="S2" Value="2"/>
<Cov CovItemId="S20" Value="2"/>
<Cov CovItemId="S21" Value="8"/>
<Cov CovItemId="S22" Value="2"/>
<Cov CovItemId="S23" Value="8"/>
<Cov CovItemId="S24" Value="2"/>
<Cov CovItemId="S25" Value="2"/>
<Cov CovItemId="S26" Value="2"/>
<Cov CovItemId="S27" Value="2"/>
<Cov CovItemId="S28" Value="2"/>
<Cov CovItemId="S3" Value="2"/>
<Cov CovItemId="S4" Value="2"/>
<Cov CovItemId="S5" Value="2"/>
<Cov CovItemId="S6" Value="2"/>
<Cov CovItemId="S7" Value="6"/>
<Cov CovItemId="S8" Value="2"/>
<Cov CovItemId="S9" Value="6"/>
</CovPrefix>
</CovList>
<AssgnmntList>
<AssgnmntPrefix RootTermCovItemPrefix="pickr.classes.Deck.java">
<AssgnmntListEntry Length="1" RootTermCovItemId="C1">
<MapEntry BoolAssgnmnt="0" Value="5"/>
<MapEntry BoolAssgnmnt="1" Value="50"/>
</AssgnmntListEntry>
<AssgnmntListEntry Length="1" RootTermCovItemId="C2">
<MapEntry BoolAssgnmnt="0" Value="8"/>
</AssgnmntListEntry>
<AssgnmntListEntry Length="1" RootTermCovItemId="C3">
<MapEntry BoolAssgnmnt="0" Value="1"/>
<MapEntry BoolAssgnmnt="1" Value="8"/>
</AssgnmntListEntry>
<AssgnmntListEntry Length="1" RootTermCovItemId="C4">
<MapEntry BoolAssgnmnt="0" Value="8"/>
<MapEntry BoolAssgnmnt="1" Value="24"/>
</AssgnmntListEntry>
</AssgnmntPrefix>
<AssgnmntPrefix RootTermCovItemPrefix="pickr.classes.GamingCard.java">
<AssgnmntListEntry Length="2" RootTermCovItemId="C1">
<MapEntry BoolAssgnmnt="02" Value="20"/>
<MapEntry BoolAssgnmnt="10" Value="20"/>
<MapEntry BoolAssgnmnt="11" Value="160"/>
</AssgnmntListEntry>
<AssgnmntListEntry Length="2" RootTermCovItemId="C2">
<MapEntry BoolAssgnmnt="00" Value="200"/>
</AssgnmntListEntry>
</AssgnmntPrefix>
<AssgnmntPrefix RootTermCovItemPrefix="pickr.games.Briscola.java">
<AssgnmntListEntry Length="3" RootTermCovItemId="C1">
<MapEntry BoolAssgnmnt="022" Value="5"/>
<MapEntry BoolAssgnmnt="102" Value="2"/>
<MapEntry BoolAssgnmnt="110" Value="1"/>
</AssgnmntListEntry>
<AssgnmntListEntry Length="3" RootTermCovItemId="C2">
<MapEntry BoolAssgnmnt="022" Value="5"/>
<MapEntry BoolAssgnmnt="102" Value="1"/>
<MapEntry BoolAssgnmnt="110" Value="1"/>
<MapEntry BoolAssgnmnt="111" Value="1"/>
</AssgnmntListEntry>
<AssgnmntListEntry Length="3" RootTermCovItemId="C3">
<MapEntry BoolAssgnmnt="122" Value="2"/>
<MapEntry BoolAssgnmnt="002" Value="5"/>
<MapEntry BoolAssgnmnt="010" Value="1"/>
</AssgnmntListEntry>
</AssgnmntPrefix>
<AssgnmntPrefix RootTermCovItemPrefix="pickr.games.Game.java">
<AssgnmntListEntry Length="1" RootTermCovItemId="C1">
<MapEntry BoolAssgnmnt="1" Value="8"/>
</AssgnmntListEntry>
<AssgnmntListEntry Length="1" RootTermCovItemId="C2">
<MapEntry BoolAssgnmnt="0" Value="6"/>
<MapEntry BoolAssgnmnt="1" Value="2"/>
</AssgnmntListEntry>
</AssgnmntPrefix>
</AssgnmntList>
<ObjMetaDataList/>
<MetaDataList/>
</TestCase>
<TestCase Comment="" Date="1598619558762" Name="randoop.RandoopTest0:test80">
<CovList>
<CovPrefix CovItemPrefix="pickr.classes.Deck.java">
<Cov CovItemId="S1" Value="3"/>
<Cov CovItemId="S2" Value="9"/>
<Cov CovItemId="S3" Value="3"/>
<Cov CovItemId="S4" Value="30"/>
<Cov CovItemId="S5" Value="120"/>
</CovPrefix>
<CovPrefix CovItemPrefix="pickr.classes.GamingCard.java">
<Cov CovItemId="B1" Value="96"/>
<Cov CovItemId="B2" Value="24"/>
<Cov CovItemId="B4" Value="120"/>
<Cov CovItemId="S1" Value="120"/>
<Cov CovItemId="S10" Value="120"/>
<Cov CovItemId="S12" Value="120"/>
<Cov CovItemId="S2" Value="120"/>
<Cov CovItemId="S3" Value="120"/>
<Cov CovItemId="S7" Value="120"/>
<Cov CovItemId="S8" Value="96"/>
<Cov CovItemId="S9" Value="24"/>
</CovPrefix>
</CovList>
<AssgnmntList>
<AssgnmntPrefix RootTermCovItemPrefix="pickr.classes.Deck.java">
<AssgnmntListEntry Length="1" RootTermCovItemId="C1">
<MapEntry BoolAssgnmnt="0" Value="3"/>
<MapEntry BoolAssgnmnt="1" Value="30"/>
</AssgnmntListEntry>
</AssgnmntPrefix>
<AssgnmntPrefix RootTermCovItemPrefix="pickr.classes.GamingCard.java">
<AssgnmntListEntry Length="2" RootTermCovItemId="C1">
<MapEntry BoolAssgnmnt="02" Value="12"/>
<MapEntry BoolAssgnmnt="10" Value="12"/>
<MapEntry BoolAssgnmnt="11" Value="96"/>
</AssgnmntListEntry>
<AssgnmntListEntry Length="2" RootTermCovItemId="C2">
<MapEntry BoolAssgnmnt="00" Value="120"/>
</AssgnmntListEntry>
</AssgnmntPrefix>
</AssgnmntList>
<ObjMetaDataList/>
<MetaDataList/>
</TestCase>
<TestCase Comment="" Date="1598619558762" Name="randoop.RandoopTest0:test81">
<CovList>
<CovPrefix CovItemPrefix="pickr.classes.Deck.java">
<Cov CovItemId="B1" Value="12"/>
<Cov CovItemId="B3" Value="12"/>
<Cov CovItemId="S1" Value="7"/>
<Cov CovItemId="S10" Value="12"/>
<Cov CovItemId="S11" Value="12"/>
<Cov CovItemId="S12" Value="12"/>
<Cov CovItemId="S13" Value="36"/>
<Cov CovItemId="S14" Value="12"/>
<Cov CovItemId="S2" Value="27"/>
<Cov CovItemId="S3" Value="7"/>
<Cov CovItemId="S4" Value="70"/>
<Cov CovItemId="S5" Value="280"/>
<Cov CovItemId="S6" Value="3"/>
<Cov CovItemId="S7" Value="12"/>
<Cov CovItemId="S8" Value="12"/>
</CovPrefix>
<CovPrefix CovItemPrefix="pickr.classes.GamingCard.java">
<Cov CovItemId="B1" Value="225"/>
<Cov CovItemId="B2" Value="56"/>
<Cov CovItemId="B3" Value="1"/>
<Cov CovItemId="B4" Value="280"/>
<Cov CovItemId="S1" Value="281"/>
<Cov CovItemId="S10" Value="281"/>
<Cov CovItemId="S11" Value="1"/>
<Cov CovItemId="S12" Value="280"/>
<Cov CovItemId="S13" Value="55"/>
<Cov CovItemId="S2" Value="281"/>
<Cov CovItemId="S3" Value="281"/>
<Cov CovItemId="S4" Value="25"/>
<Cov CovItemId="S6" Value="84"/>
<Cov CovItemId="S7" Value="281"/>
<Cov CovItemId="S8" Value="225"/>
<Cov CovItemId="S9" Value="56"/>
</CovPrefix>
<CovPrefix CovItemPrefix="pickr.classes.Player.java">
<Cov CovItemId="S1" Value="12"/>
<Cov CovItemId="S12" Value="15"/>
<Cov CovItemId="S13" Value="12"/>
<Cov CovItemId="S14" Value="12"/>
<Cov CovItemId="S2" Value="12"/>
<Cov CovItemId="S3" Value="12"/>
<Cov CovItemId="S4" Value="12"/>
<Cov CovItemId="S5" Value="24"/>
<Cov CovItemId="S6" Value="12"/>
<Cov CovItemId="S7" Value="12"/>
<Cov CovItemId="S9" Value="3"/>
</CovPrefix>
<CovPrefix CovItemPrefix="pickr.games.Briscola.java">
<Cov CovItemId="B2" Value="12"/>
<Cov CovItemId="B3" Value="2"/>
<Cov CovItemId="B4" Value="10"/>
<Cov CovItemId="B6" Value="12"/>
<Cov CovItemId="S1" Value="3"/>
<Cov CovItemId="S10" Value="3"/>
<Cov CovItemId="S11" Value="12"/>
<Cov CovItemId="S14" Value="12"/>
<Cov CovItemId="S15" Value="2"/>
<Cov CovItemId="S16" Value="2"/>
<Cov CovItemId="S17" Value="12"/>
<Cov CovItemId="S2" Value="3"/>
<Cov CovItemId="S20" Value="3"/>
<Cov CovItemId="S21" Value="3"/>
<Cov CovItemId="S22" Value="3"/>
<Cov CovItemId="S23" Value="12"/>
<Cov CovItemId="S24" Value="3"/>
<Cov CovItemId="S25" Value="3"/>
<Cov CovItemId="S26" Value="3"/>
<Cov CovItemId="S27" Value="3"/>
<Cov CovItemId="S28" Value="12"/>
<Cov CovItemId="S3" Value="3"/>
<Cov CovItemId="S4" Value="12"/>
<Cov CovItemId="S5" Value="3"/>
<Cov CovItemId="S6" Value="3"/>
<Cov CovItemId="S7" Value="3"/>
<Cov CovItemId="S8" Value="3"/>
<Cov CovItemId="S9" Value="3"/>
</CovPrefix>
<CovPrefix CovItemPrefix="pickr.games.Game.java">
<Cov CovItemId="B1" Value="12"/>
<Cov CovItemId="B3" Value="3"/>
<Cov CovItemId="B4" Value="9"/>
<Cov CovItemId="S1" Value="3"/>
<Cov CovItemId="S10" Value="12"/>
<Cov CovItemId="S11" Value="12"/>
<Cov CovItemId="S12" Value="12"/>
<Cov CovItemId="S14" Value="3"/>
<Cov CovItemId="S15" Value="3"/>
<Cov CovItemId="S16" Value="12"/>
<Cov CovItemId="S17" Value="3"/>
<Cov CovItemId="S18" Value="12"/>
<Cov CovItemId="S19" Value="3"/>
<Cov CovItemId="S2" Value="3"/>
<Cov CovItemId="S20" Value="3"/>
<Cov CovItemId="S21" Value="12"/>
<Cov CovItemId="S22" Value="3"/>
<Cov CovItemId="S23" Value="12"/>
<Cov CovItemId="S24" Value="3"/>
<Cov CovItemId="S25" Value="3"/>
<Cov CovItemId="S26" Value="3"/>
<Cov CovItemId="S27" Value="3"/>
<Cov CovItemId="S28" Value="3"/>
<Cov CovItemId="S3" Value="3"/>
<Cov CovItemId="S4" Value="3"/>
<Cov CovItemId="S5" Value="3"/>
<Cov CovItemId="S6" Value="3"/>
<Cov CovItemId="S7" Value="9"/>
<Cov CovItemId="S8" Value="3"/>
<Cov CovItemId="S9" Value="9"/>
</CovPrefix>
</CovList>
<AssgnmntList>
<AssgnmntPrefix RootTermCovItemPrefix="pickr.classes.Deck.java">
<AssgnmntListEntry Length="1" RootTermCovItemId="C1">
<MapEntry BoolAssgnmnt="0" Value="7"/>
<MapEntry BoolAssgnmnt="1" Value="70"/>
</AssgnmntListEntry>
<AssgnmntListEntry Length="1" RootTermCovItemId="C2">
<MapEntry BoolAssgnmnt="0" Value="12"/>
</AssgnmntListEntry>
<AssgnmntListEntry Length="1" RootTermCovItemId="C3">
<MapEntry BoolAssgnmnt="1" Value="12"/>
</AssgnmntListEntry>
<AssgnmntListEntry Length="1" RootTermCovItemId="C4">
<MapEntry BoolAssgnmnt="0" Value="12"/>
<MapEntry BoolAssgnmnt="1" Value="36"/>
</AssgnmntListEntry>
</AssgnmntPrefix>
<AssgnmntPrefix RootTermCovItemPrefix="pickr.classes.GamingCard.java">
<AssgnmntListEntry Length="2" RootTermCovItemId="C1">
<MapEntry BoolAssgnmnt="02" Value="28"/>
<MapEntry BoolAssgnmnt="10" Value="28"/>
<MapEntry BoolAssgnmnt="11" Value="225"/>
</AssgnmntListEntry>
<AssgnmntListEntry Length="2" RootTermCovItemId="C2">
<MapEntry BoolAssgnmnt="00" Value="280"/>
<MapEntry BoolAssgnmnt="01" Value="1"/>
</AssgnmntListEntry>
</AssgnmntPrefix>
<AssgnmntPrefix RootTermCovItemPrefix="pickr.games.Briscola.java">
<AssgnmntListEntry Length="3" RootTermCovItemId="C1">
<MapEntry BoolAssgnmnt="022" Value="9"/>
<MapEntry BoolAssgnmnt="102" Value="2"/>
<MapEntry BoolAssgnmnt="110" Value="1"/>
</AssgnmntListEntry>
<AssgnmntListEntry Length="3" RootTermCovItemId="C2">
<MapEntry BoolAssgnmnt="022" Value="9"/>
<MapEntry BoolAssgnmnt="102" Value="1"/>
<MapEntry BoolAssgnmnt="111" Value="2"/>
</AssgnmntListEntry>
<AssgnmntListEntry Length="3" RootTermCovItemId="C3">
<MapEntry BoolAssgnmnt="122" Value="1"/>
<MapEntry BoolAssgnmnt="002" Value="9"/>
<MapEntry BoolAssgnmnt="010" Value="2"/>
</AssgnmntListEntry>
</AssgnmntPrefix>
<AssgnmntPrefix RootTermCovItemPrefix="pickr.games.Game.java">
<AssgnmntListEntry Length="1" RootTermCovItemId="C1">
<MapEntry BoolAssgnmnt="1" Value="12"/>
</AssgnmntListEntry>
<AssgnmntListEntry Length="1" RootTermCovItemId="C2">
<MapEntry BoolAssgnmnt="0" Value="9"/>
<MapEntry BoolAssgnmnt="1" Value="3"/>
</AssgnmntListEntry>
</AssgnmntPrefix>
</AssgnmntList>
<ObjMetaDataList/>
<MetaDataList/>
</TestCase>
<TestCase Comment="" Date="1598619558763" Name="randoop.RandoopTest0:test82">
<CovList>
<CovPrefix CovItemPrefix="pickr.classes.Deck.java">
<Cov CovItemId="B1" Value="44"/>
<Cov CovItemId="B2" Value="1"/>
<Cov CovItemId="B3" Value="20"/>
<Cov CovItemId="S1" Value="7"/>
<Cov CovItemId="S10" Value="20"/>
<Cov CovItemId="S11" Value="20"/>
<Cov CovItemId="S12" Value="20"/>
<Cov CovItemId="S13" Value="60"/>
<Cov CovItemId="S14" Value="20"/>
<Cov CovItemId="S2" Value="29"/>
<Cov CovItemId="S3" Value="7"/>
<Cov CovItemId="S4" Value="70"/>
<Cov CovItemId="S5" Value="280"/>
<Cov CovItemId="S6" Value="5"/>
<Cov CovItemId="S7" Value="45"/>
<Cov CovItemId="S8" Value="44"/>
<Cov CovItemId="S9" Value="1"/>
</CovPrefix>
<CovPrefix CovItemPrefix="pickr.classes.GamingCard.java">
<Cov CovItemId="B1" Value="224"/>
<Cov CovItemId="B2" Value="56"/>
<Cov CovItemId="B4" Value="280"/>
<Cov CovItemId="S1" Value="280"/>
<Cov CovItemId="S10" Value="280"/>
<Cov CovItemId="S12" Value="280"/>
<Cov CovItemId="S13" Value="132"/>
<Cov CovItemId="S2" Value="280"/>
<Cov CovItemId="S3" Value="280"/>
<Cov CovItemId="S4" Value="89"/>
<Cov CovItemId="S6" Value="336"/>
<Cov CovItemId="S7" Value="280"/>
<Cov CovItemId="S8" Value="224"/>
<Cov CovItemId="S9" Value="56"/>
</CovPrefix>
<CovPrefix CovItemPrefix="pickr.classes.Player.java">
<Cov CovItemId="S1" Value="20"/>
<Cov CovItemId="S12" Value="28"/>
<Cov CovItemId="S13" Value="48"/>
<Cov CovItemId="S14" Value="44"/>
<Cov CovItemId="S2" Value="20"/>
<Cov CovItemId="S3" Value="20"/>
<Cov CovItemId="S4" Value="20"/>
<Cov CovItemId="S5" Value="64"/>
<Cov CovItemId="S6" Value="20"/>
<Cov CovItemId="S7" Value="48"/>
<Cov CovItemId="S9" Value="12"/>
</CovPrefix>
<CovPrefix CovItemPrefix="pickr.games.Briscola.java">
<Cov CovItemId="B2" Value="48"/>
<Cov CovItemId="B3" Value="8"/>
<Cov CovItemId="B4" Value="40"/>
<Cov CovItemId="B5" Value="4"/>
<Cov CovItemId="B6" Value="44"/>
<Cov CovItemId="S1" Value="5"/>
<Cov CovItemId="S10" Value="12"/>
<Cov CovItemId="S11" Value="48"/>
<Cov CovItemId="S14" Value="48"/>
<Cov CovItemId="S15" Value="8"/>
<Cov CovItemId="S16" Value="8"/>
<Cov CovItemId="S17" Value="48"/>
<Cov CovItemId="S18" Value="4"/>
<Cov CovItemId="S19" Value="4"/>
<Cov CovItemId="S2" Value="5"/>
<Cov CovItemId="S20" Value="12"/>
<Cov CovItemId="S21" Value="12"/>
<Cov CovItemId="S22" Value="12"/>
<Cov CovItemId="S23" Value="48"/>
<Cov CovItemId="S24" Value="12"/>
<Cov CovItemId="S25" Value="12"/>
<Cov CovItemId="S26" Value="12"/>
<Cov CovItemId="S27" Value="12"/>
<Cov CovItemId="S28" Value="45"/>
<Cov CovItemId="S3" Value="5"/>
<Cov CovItemId="S4" Value="20"/>
<Cov CovItemId="S5" Value="5"/>
<Cov CovItemId="S6" Value="5"/>
<Cov CovItemId="S7" Value="5"/>
<Cov CovItemId="S8" Value="5"/>
<Cov CovItemId="S9" Value="12"/>
</CovPrefix>
<CovPrefix CovItemPrefix="pickr.games.Game.java">
<Cov CovItemId="B1" Value="20"/>
<Cov CovItemId="B3" Value="12"/>
<Cov CovItemId="B4" Value="36"/>
<Cov CovItemId="S1" Value="5"/>
<Cov CovItemId="S10" Value="25"/>
<Cov CovItemId="S11" Value="20"/>
<Cov CovItemId="S12" Value="20"/>
<Cov CovItemId="S14" Value="12"/>
<Cov CovItemId="S15" Value="12"/>
<Cov CovItemId="S16" Value="48"/>
<Cov CovItemId="S17" Value="12"/>
<Cov CovItemId="S18" Value="48"/>
<Cov CovItemId="S19" Value="12"/>
<Cov CovItemId="S2" Value="5"/>
<Cov CovItemId="S20" Value="12"/>
<Cov CovItemId="S21" Value="48"/>
<Cov CovItemId="S22" Value="12"/>
<Cov CovItemId="S23" Value="48"/>
<Cov CovItemId="S24" Value="12"/>
<Cov CovItemId="S25" Value="12"/>
<Cov CovItemId="S26" Value="12"/>
<Cov CovItemId="S27" Value="12"/>
<Cov CovItemId="S28" Value="12"/>
<Cov CovItemId="S3" Value="5"/>
<Cov CovItemId="S4" Value="5"/>
<Cov CovItemId="S5" Value="5"/>
<Cov CovItemId="S6" Value="5"/>
<Cov CovItemId="S7" Value="13"/>
<Cov CovItemId="S8" Value="4"/>
<Cov CovItemId="S9" Value="36"/>
</CovPrefix>
</CovList>
<AssgnmntList>
<AssgnmntPrefix RootTermCovItemPrefix="pickr.classes.Deck.java">
<AssgnmntListEntry Length="1" RootTermCovItemId="C1">
<MapEntry BoolAssgnmnt="0" Value="7"/>
<MapEntry BoolAssgnmnt="1" Value="70"/>
</AssgnmntListEntry>
<AssgnmntListEntry Length="1" RootTermCovItemId="C2">
<MapEntry BoolAssgnmnt="0" Value="44"/>
<MapEntry BoolAssgnmnt="1" Value="1"/>
</AssgnmntListEntry>
<AssgnmntListEntry Length="1" RootTermCovItemId="C3">
<MapEntry BoolAssgnmnt="1" Value="20"/>
</AssgnmntListEntry>
<AssgnmntListEntry Length="1" RootTermCovItemId="C4">
<MapEntry BoolAssgnmnt="0" Value="20"/>
<MapEntry BoolAssgnmnt="1" Value="60"/>
</AssgnmntListEntry>
</AssgnmntPrefix>
<AssgnmntPrefix RootTermCovItemPrefix="pickr.classes.GamingCard.java">
<AssgnmntListEntry Length="2" RootTermCovItemId="C1">
<MapEntry BoolAssgnmnt="02" Value="28"/>
<MapEntry BoolAssgnmnt="10" Value="28"/>
<MapEntry BoolAssgnmnt="11" Value="224"/>
</AssgnmntListEntry>
<AssgnmntListEntry Length="2" RootTermCovItemId="C2">
<MapEntry BoolAssgnmnt="00" Value="280"/>
</AssgnmntListEntry>
</AssgnmntPrefix>
<AssgnmntPrefix RootTermCovItemPrefix="pickr.games.Briscola.java">
<AssgnmntListEntry Length="3" RootTermCovItemId="C1">
<MapEntry BoolAssgnmnt="022" Value="39"/>
<MapEntry BoolAssgnmnt="102" Value="9"/>
</AssgnmntListEntry>
<AssgnmntListEntry Length="3" RootTermCovItemId="C2">
<MapEntry BoolAssgnmnt="022" Value="39"/>
<MapEntry BoolAssgnmnt="110" Value="1"/>
<MapEntry BoolAssgnmnt="111" Value="8"/>
</AssgnmntListEntry>
<AssgnmntListEntry Length="3" RootTermCovItemId="C3">
<MapEntry BoolAssgnmnt="122" Value="1"/>
<MapEntry BoolAssgnmnt="002" Value="37"/>
<MapEntry BoolAssgnmnt="010" Value="6"/>
<MapEntry BoolAssgnmnt="011" Value="4"/>
</AssgnmntListEntry>
</AssgnmntPrefix>
<AssgnmntPrefix RootTermCovItemPrefix="pickr.games.Game.java">
<AssgnmntListEntry Length="1" RootTermCovItemId="C1">
<MapEntry BoolAssgnmnt="1" Value="20"/>
</AssgnmntListEntry>
<AssgnmntListEntry Length="1" RootTermCovItemId="C2">
<MapEntry BoolAssgnmnt="0" Value="36"/>
<MapEntry BoolAssgnmnt="1" Value="12"/>
</AssgnmntListEntry>
</AssgnmntPrefix>
</AssgnmntList>
<ObjMetaDataList/>
<MetaDataList/>
</TestCase>
<TestCase Comment="" Date="1598619558763" Name="randoop.RandoopTest0:test83">
<CovList>
<CovPrefix CovItemPrefix="pickr.classes.Deck.java">
<Cov CovItemId="B1" Value="40"/>
<Cov CovItemId="B2" Value="1"/>
<Cov CovItemId="B3" Value="16"/>
<Cov CovItemId="S1" Value="5"/>
<Cov CovItemId="S10" Value="16"/>
<Cov CovItemId="S11" Value="16"/>
<Cov CovItemId="S12" Value="16"/>
<Cov CovItemId="S13" Value="48"/>
<Cov CovItemId="S14" Value="16"/>
<Cov CovItemId="S2" Value="21"/>
<Cov CovItemId="S3" Value="5"/>
<Cov CovItemId="S4" Value="50"/>
<Cov CovItemId="S5" Value="200"/>
<Cov CovItemId="S6" Value="4"/>
<Cov CovItemId="S7" Value="41"/>
<Cov CovItemId="S8" Value="40"/>
<Cov CovItemId="S9" Value="1"/>
</CovPrefix>
<CovPrefix CovItemPrefix="pickr.classes.GamingCard.java">
<Cov CovItemId="B1" Value="160"/>
<Cov CovItemId="B2" Value="40"/>
<Cov CovItemId="B4" Value="200"/>
<Cov CovItemId="S1" Value="200"/>
<Cov CovItemId="S10" Value="200"/>
<Cov CovItemId="S12" Value="200"/>
<Cov CovItemId="S13" Value="109"/>
<Cov CovItemId="S2" Value="200"/>
<Cov CovItemId="S3" Value="200"/>
<Cov CovItemId="S4" Value="81"/>
<Cov CovItemId="S6" Value="308"/>
<Cov CovItemId="S7" Value="200"/>
<Cov CovItemId="S8" Value="160"/>
<Cov CovItemId="S9" Value="40"/>
</CovPrefix>
<CovPrefix CovItemPrefix="pickr.classes.Player.java">
<Cov CovItemId="S1" Value="16"/>
<Cov CovItemId="S12" Value="23"/>
<Cov CovItemId="S13" Value="44"/>
<Cov CovItemId="S14" Value="40"/>
<Cov CovItemId="S2" Value="16"/>
<Cov CovItemId="S3" Value="16"/>
<Cov CovItemId="S4" Value="16"/>
<Cov CovItemId="S5" Value="56"/>
<Cov CovItemId="S6" Value="16"/>
<Cov CovItemId="S7" Value="44"/>
<Cov CovItemId="S9" Value="11"/>
</CovPrefix>
<CovPrefix CovItemPrefix="pickr.games.Briscola.java">
<Cov CovItemId="B1" Value="1"/>
<Cov CovItemId="B2" Value="43"/>
<Cov CovItemId="B3" Value="3"/>
<Cov CovItemId="B4" Value="41"/>
<Cov CovItemId="B5" Value="5"/>
<Cov CovItemId="B6" Value="39"/>
<Cov CovItemId="S1" Value="4"/>
<Cov CovItemId="S10" Value="11"/>
<Cov CovItemId="S11" Value="44"/>
<Cov CovItemId="S12" Value="1"/>
<Cov CovItemId="S13" Value="1"/>
<Cov CovItemId="S14" Value="44"/>
<Cov CovItemId="S15" Value="3"/>
<Cov CovItemId="S16" Value="3"/>
<Cov CovItemId="S17" Value="44"/>
<Cov CovItemId="S18" Value="5"/>
<Cov CovItemId="S19" Value="5"/>
<Cov CovItemId="S2" Value="4"/>
<Cov CovItemId="S20" Value="11"/>
<Cov CovItemId="S21" Value="11"/>
<Cov CovItemId="S22" Value="11"/>
<Cov CovItemId="S23" Value="44"/>
<Cov CovItemId="S24" Value="11"/>
<Cov CovItemId="S25" Value="11"/>
<Cov CovItemId="S26" Value="11"/>
<Cov CovItemId="S27" Value="11"/>
<Cov CovItemId="S28" Value="41"/>
<Cov CovItemId="S3" Value="4"/>
<Cov CovItemId="S4" Value="16"/>
<Cov CovItemId="S5" Value="4"/>
<Cov CovItemId="S6" Value="4"/>
<Cov CovItemId="S7" Value="4"/>
<Cov CovItemId="S8" Value="4"/>
<Cov CovItemId="S9" Value="11"/>
</CovPrefix>
<CovPrefix CovItemPrefix="pickr.games.Game.java">
<Cov CovItemId="B1" Value="16"/>
<Cov CovItemId="B3" Value="11"/>
<Cov CovItemId="B4" Value="33"/>
<Cov CovItemId="S1" Value="4"/>
<Cov CovItemId="S10" Value="21"/>
<Cov CovItemId="S11" Value="16"/>
<Cov CovItemId="S12" Value="16"/>
<Cov CovItemId="S14" Value="11"/>
<Cov CovItemId="S15" Value="11"/>
<Cov CovItemId="S16" Value="44"/>
<Cov CovItemId="S17" Value="11"/>
<Cov CovItemId="S18" Value="44"/>
<Cov CovItemId="S19" Value="11"/>
<Cov CovItemId="S2" Value="4"/>
<Cov CovItemId="S20" Value="11"/>
<Cov CovItemId="S21" Value="44"/>
<Cov CovItemId="S22" Value="11"/>
<Cov CovItemId="S23" Value="44"/>
<Cov CovItemId="S24" Value="11"/>
<Cov CovItemId="S25" Value="11"/>
<Cov CovItemId="S26" Value="11"/>
<Cov CovItemId="S27" Value="11"/>
<Cov CovItemId="S28" Value="11"/>
<Cov CovItemId="S3" Value="4"/>
<Cov CovItemId="S4" Value="4"/>
<Cov CovItemId="S5" Value="4"/>
<Cov CovItemId="S6" Value="4"/>
<Cov CovItemId="S7" Value="10"/>
<Cov CovItemId="S8" Value="3"/>
<Cov CovItemId="S9" Value="33"/>
</CovPrefix>
</CovList>
<AssgnmntList>
<AssgnmntPrefix RootTermCovItemPrefix="pickr.classes.Deck.java">
<AssgnmntListEntry Length="1" RootTermCovItemId="C1">
<MapEntry BoolAssgnmnt="0" Value="5"/>
<MapEntry BoolAssgnmnt="1" Value="50"/>
</AssgnmntListEntry>
<AssgnmntListEntry Length="1" RootTermCovItemId="C2">
<MapEntry BoolAssgnmnt="0" Value="40"/>
<MapEntry BoolAssgnmnt="1" Value="1"/>
</AssgnmntListEntry>
<AssgnmntListEntry Length="1" RootTermCovItemId="C3">
<MapEntry BoolAssgnmnt="1" Value="16"/>
</AssgnmntListEntry>
<AssgnmntListEntry Length="1" RootTermCovItemId="C4">
<MapEntry BoolAssgnmnt="0" Value="16"/>
<MapEntry BoolAssgnmnt="1" Value="48"/>
</AssgnmntListEntry>
</AssgnmntPrefix>
<AssgnmntPrefix RootTermCovItemPrefix="pickr.classes.GamingCard.java">
<AssgnmntListEntry Length="2" RootTermCovItemId="C1">
<MapEntry BoolAssgnmnt="02" Value="20"/>
<MapEntry BoolAssgnmnt="10" Value="20"/>
<MapEntry BoolAssgnmnt="11" Value="160"/>
</AssgnmntListEntry>
<AssgnmntListEntry Length="2" RootTermCovItemId="C2">
<MapEntry BoolAssgnmnt="00" Value="200"/>
</AssgnmntListEntry>
</AssgnmntPrefix>
<AssgnmntPrefix RootTermCovItemPrefix="pickr.games.Briscola.java">
<AssgnmntListEntry Length="3" RootTermCovItemId="C1">
<MapEntry BoolAssgnmnt="022" Value="34"/>
<MapEntry BoolAssgnmnt="102" Value="6"/>
<MapEntry BoolAssgnmnt="110" Value="3"/>
<MapEntry BoolAssgnmnt="111" Value="1"/>
</AssgnmntListEntry>
<AssgnmntListEntry Length="3" RootTermCovItemId="C2">
<MapEntry BoolAssgnmnt="022" Value="35"/>
<MapEntry BoolAssgnmnt="102" Value="3"/>
<MapEntry BoolAssgnmnt="110" Value="3"/>
<MapEntry BoolAssgnmnt="111" Value="3"/>
</AssgnmntListEntry>
<AssgnmntListEntry Length="3" RootTermCovItemId="C3">
<MapEntry BoolAssgnmnt="122" Value="6"/>
<MapEntry BoolAssgnmnt="002" Value="28"/>
<MapEntry BoolAssgnmnt="010" Value="5"/>
<MapEntry BoolAssgnmnt="011" Value="5"/>
</AssgnmntListEntry>
</AssgnmntPrefix>
<AssgnmntPrefix RootTermCovItemPrefix="pickr.games.Game.java">
<AssgnmntListEntry Length="1" RootTermCovItemId="C1">
<MapEntry BoolAssgnmnt="1" Value="16"/>
</AssgnmntListEntry>
<AssgnmntListEntry Length="1" RootTermCovItemId="C2">
<MapEntry BoolAssgnmnt="0" Value="33"/>
<MapEntry BoolAssgnmnt="1" Value="11"/>
</AssgnmntListEntry>
</AssgnmntPrefix>
</AssgnmntList>
<ObjMetaDataList/>
<MetaDataList/>
</TestCase>
<TestCase Comment="" Date="1598619558764" Name="randoop.RandoopTest0:test84">
<CovList>
<CovPrefix CovItemPrefix="pickr.classes.Deck.java">
<Cov CovItemId="B1" Value="16"/>
<Cov CovItemId="B3" Value="16"/>
<Cov CovItemId="S1" Value="8"/>
<Cov CovItemId="S10" Value="16"/>
<Cov CovItemId="S11" Value="16"/>
<Cov CovItemId="S12" Value="16"/>
<Cov CovItemId="S13" Value="48"/>
<Cov CovItemId="S14" Value="16"/>
<Cov CovItemId="S2" Value="32"/>
<Cov CovItemId="S3" Value="8"/>
<Cov CovItemId="S4" Value="80"/>
<Cov CovItemId="S5" Value="320"/>
<Cov CovItemId="S6" Value="4"/>
<Cov CovItemId="S7" Value="16"/>
<Cov CovItemId="S8" Value="16"/>
</CovPrefix>
<CovPrefix CovItemPrefix="pickr.classes.GamingCard.java">
<Cov CovItemId="B1" Value="257"/>
<Cov CovItemId="B2" Value="64"/>
<Cov CovItemId="B3" Value="1"/>
<Cov CovItemId="B4" Value="320"/>
<Cov CovItemId="S1" Value="321"/>
<Cov CovItemId="S10" Value="321"/>
<Cov CovItemId="S11" Value="1"/>
<Cov CovItemId="S12" Value="320"/>
<Cov CovItemId="S13" Value="78"/>
<Cov CovItemId="S2" Value="321"/>
<Cov CovItemId="S3" Value="321"/>
<Cov CovItemId="S4" Value="35"/>
<Cov CovItemId="S6" Value="112"/>
<Cov CovItemId="S7" Value="321"/>
<Cov CovItemId="S8" Value="257"/>
<Cov CovItemId="S9" Value="64"/>
</CovPrefix>
<CovPrefix CovItemPrefix="pickr.classes.Player.java">
<Cov CovItemId="S1" Value="16"/>
<Cov CovItemId="S12" Value="20"/>
<Cov CovItemId="S13" Value="16"/>
<Cov CovItemId="S14" Value="16"/>
<Cov CovItemId="S2" Value="16"/>
<Cov CovItemId="S3" Value="16"/>
<Cov CovItemId="S4" Value="16"/>
<Cov CovItemId="S5" Value="32"/>
<Cov CovItemId="S6" Value="16"/>
<Cov CovItemId="S7" Value="16"/>
<Cov CovItemId="S9" Value="4"/>
</CovPrefix>
<CovPrefix CovItemPrefix="pickr.games.Briscola.java">
<Cov CovItemId="B2" Value="16"/>
<Cov CovItemId="B3" Value="4"/>
<Cov CovItemId="B4" Value="12"/>
<Cov CovItemId="B5" Value="1"/>
<Cov CovItemId="B6" Value="15"/>
<Cov CovItemId="S1" Value="4"/>
<Cov CovItemId="S10" Value="4"/>
<Cov CovItemId="S11" Value="16"/>
<Cov CovItemId="S14" Value="16"/>
<Cov CovItemId="S15" Value="4"/>
<Cov CovItemId="S16" Value="4"/>
<Cov CovItemId="S17" Value="16"/>
<Cov CovItemId="S18" Value="1"/>
<Cov CovItemId="S19" Value="1"/>
<Cov CovItemId="S2" Value="4"/>
<Cov CovItemId="S20" Value="4"/>
<Cov CovItemId="S21" Value="4"/>
<Cov CovItemId="S22" Value="4"/>
<Cov CovItemId="S23" Value="16"/>
<Cov CovItemId="S24" Value="4"/>
<Cov CovItemId="S25" Value="4"/>
<Cov CovItemId="S26" Value="4"/>
<Cov CovItemId="S27" Value="4"/>
<Cov CovItemId="S28" Value="16"/>
<Cov CovItemId="S3" Value="4"/>
<Cov CovItemId="S4" Value="16"/>
<Cov CovItemId="S5" Value="4"/>
<Cov CovItemId="S6" Value="4"/>
<Cov CovItemId="S7" Value="4"/>
<Cov CovItemId="S8" Value="4"/>
<Cov CovItemId="S9" Value="4"/>
</CovPrefix>
<CovPrefix CovItemPrefix="pickr.games.Game.java">
<Cov CovItemId="B1" Value="16"/>
<Cov CovItemId="B3" Value="4"/>
<Cov CovItemId="B4" Value="12"/>
<Cov CovItemId="S1" Value="4"/>
<Cov CovItemId="S10" Value="16"/>
<Cov CovItemId="S11" Value="16"/>
<Cov CovItemId="S12" Value="16"/>
<Cov CovItemId="S14" Value="4"/>
<Cov CovItemId="S15" Value="4"/>
<Cov CovItemId="S16" Value="16"/>
<Cov CovItemId="S17" Value="4"/>
<Cov CovItemId="S18" Value="16"/>
<Cov CovItemId="S19" Value="4"/>
<Cov CovItemId="S2" Value="4"/>
<Cov CovItemId="S20" Value="4"/>
<Cov CovItemId="S21" Value="16"/>
<Cov CovItemId="S22" Value="4"/>
<Cov CovItemId="S23" Value="16"/>
<Cov CovItemId="S24" Value="4"/>
<Cov CovItemId="S25" Value="4"/>
<Cov CovItemId="S26" Value="4"/>
<Cov CovItemId="S27" Value="4"/>
<Cov CovItemId="S28" Value="4"/>
<Cov CovItemId="S3" Value="4"/>
<Cov CovItemId="S4" Value="4"/>
<Cov CovItemId="S5" Value="4"/>
<Cov CovItemId="S6" Value="4"/>
<Cov CovItemId="S7" Value="12"/>
<Cov CovItemId="S8" Value="4"/>
<Cov CovItemId="S9" Value="12"/>
</CovPrefix>
</CovList>
<AssgnmntList>
<AssgnmntPrefix RootTermCovItemPrefix="pickr.classes.Deck.java">
<AssgnmntListEntry Length="1" RootTermCovItemId="C1">
<MapEntry BoolAssgnmnt="0" Value="8"/>
<MapEntry BoolAssgnmnt="1" Value="80"/>
</AssgnmntListEntry>
<AssgnmntListEntry Length="1" RootTermCovItemId="C2">
<MapEntry BoolAssgnmnt="0" Value="16"/>
</AssgnmntListEntry>
<AssgnmntListEntry Length="1" RootTermCovItemId="C3">
<MapEntry BoolAssgnmnt="1" Value="16"/>
</AssgnmntListEntry>
<AssgnmntListEntry Length="1" RootTermCovItemId="C4">
<MapEntry BoolAssgnmnt="0" Value="16"/>
<MapEntry BoolAssgnmnt="1" Value="48"/>
</AssgnmntListEntry>
</AssgnmntPrefix>
<AssgnmntPrefix RootTermCovItemPrefix="pickr.classes.GamingCard.java">
<AssgnmntListEntry Length="2" RootTermCovItemId="C1">
<MapEntry BoolAssgnmnt="02" Value="32"/>
<MapEntry BoolAssgnmnt="10" Value="32"/>
<MapEntry BoolAssgnmnt="11" Value="257"/>
</AssgnmntListEntry>
<AssgnmntListEntry Length="2" RootTermCovItemId="C2">
<MapEntry BoolAssgnmnt="00" Value="320"/>
<MapEntry BoolAssgnmnt="01" Value="1"/>
</AssgnmntListEntry>
</AssgnmntPrefix>
<AssgnmntPrefix RootTermCovItemPrefix="pickr.games.Briscola.java">
<AssgnmntListEntry Length="3" RootTermCovItemId="C1">
<MapEntry BoolAssgnmnt="022" Value="11"/>
<MapEntry BoolAssgnmnt="102" Value="5"/>
</AssgnmntListEntry>
<AssgnmntListEntry Length="3" RootTermCovItemId="C2">
<MapEntry BoolAssgnmnt="022" Value="11"/>
<MapEntry BoolAssgnmnt="110" Value="1"/>
<MapEntry BoolAssgnmnt="111" Value="4"/>
</AssgnmntListEntry>
<AssgnmntListEntry Length="3" RootTermCovItemId="C3">
<MapEntry BoolAssgnmnt="122" Value="1"/>
<MapEntry BoolAssgnmnt="002" Value="14"/>
<MapEntry BoolAssgnmnt="011" Value="1"/>
</AssgnmntListEntry>
</AssgnmntPrefix>
<AssgnmntPrefix RootTermCovItemPrefix="pickr.games.Game.java">
<AssgnmntListEntry Length="1" RootTermCovItemId="C1">
<MapEntry BoolAssgnmnt="1" Value="16"/>
</AssgnmntListEntry>
<AssgnmntListEntry Length="1" RootTermCovItemId="C2">
<MapEntry BoolAssgnmnt="0" Value="12"/>
<MapEntry BoolAssgnmnt="1" Value="4"/>
</AssgnmntListEntry>
</AssgnmntPrefix>
</AssgnmntList>
<ObjMetaDataList/>
<MetaDataList/>
</TestCase>
<TestCase Comment="" Date="1598619558765" Name="randoop.RandoopTest0:test85">
<CovList>
<CovPrefix CovItemPrefix="pickr.classes.Deck.java">
<Cov CovItemId="B1" Value="20"/>
<Cov CovItemId="B3" Value="20"/>
<Cov CovItemId="S1" Value="6"/>
<Cov CovItemId="S10" Value="20"/>
<Cov CovItemId="S11" Value="20"/>
<Cov CovItemId="S12" Value="20"/>
<Cov CovItemId="S13" Value="60"/>
<Cov CovItemId="S14" Value="20"/>
<Cov CovItemId="S2" Value="28"/>
<Cov CovItemId="S3" Value="6"/>
<Cov CovItemId="S4" Value="60"/>
<Cov CovItemId="S5" Value="240"/>
<Cov CovItemId="S6" Value="5"/>
<Cov CovItemId="S7" Value="20"/>
<Cov CovItemId="S8" Value="20"/>
</CovPrefix>
<CovPrefix CovItemPrefix="pickr.classes.GamingCard.java">
<Cov CovItemId="B1" Value="192"/>
<Cov CovItemId="B2" Value="48"/>
<Cov CovItemId="B4" Value="240"/>
<Cov CovItemId="S1" Value="240"/>
<Cov CovItemId="S10" Value="240"/>
<Cov CovItemId="S12" Value="240"/>
<Cov CovItemId="S13" Value="91"/>
<Cov CovItemId="S2" Value="240"/>
<Cov CovItemId="S3" Value="240"/>
<Cov CovItemId="S4" Value="36"/>
<Cov CovItemId="S6" Value="140"/>
<Cov CovItemId="S7" Value="240"/>
<Cov CovItemId="S8" Value="192"/>
<Cov CovItemId="S9" Value="48"/>
</CovPrefix>
<CovPrefix CovItemPrefix="pickr.classes.Player.java">
<Cov CovItemId="S1" Value="20"/>
<Cov CovItemId="S12" Value="25"/>
<Cov CovItemId="S13" Value="20"/>
<Cov CovItemId="S14" Value="20"/>
<Cov CovItemId="S2" Value="20"/>
<Cov CovItemId="S3" Value="20"/>
<Cov CovItemId="S4" Value="20"/>
<Cov CovItemId="S5" Value="40"/>
<Cov CovItemId="S6" Value="20"/>
<Cov CovItemId="S7" Value="20"/>
<Cov CovItemId="S9" Value="5"/>
</CovPrefix>
<CovPrefix CovItemPrefix="pickr.games.Briscola.java">
<Cov CovItemId="B2" Value="20"/>
<Cov CovItemId="B4" Value="20"/>
<Cov CovItemId="B5" Value="3"/>
<Cov CovItemId="B6" Value="17"/>
<Cov CovItemId="S1" Value="5"/>
<Cov CovItemId="S10" Value="5"/>
<Cov CovItemId="S11" Value="20"/>
<Cov CovItemId="S14" Value="20"/>
<Cov CovItemId="S17" Value="20"/>
<Cov CovItemId="S18" Value="3"/>
<Cov CovItemId="S19" Value="3"/>
<Cov CovItemId="S2" Value="5"/>
<Cov CovItemId="S20" Value="5"/>
<Cov CovItemId="S21" Value="5"/>
<Cov CovItemId="S22" Value="5"/>
<Cov CovItemId="S23" Value="20"/>
<Cov CovItemId="S24" Value="5"/>
<Cov CovItemId="S25" Value="5"/>
<Cov CovItemId="S26" Value="5"/>
<Cov CovItemId="S27" Value="5"/>
<Cov CovItemId="S28" Value="20"/>
<Cov CovItemId="S3" Value="5"/>
<Cov CovItemId="S4" Value="20"/>
<Cov CovItemId="S5" Value="5"/>
<Cov CovItemId="S6" Value="5"/>
<Cov CovItemId="S7" Value="5"/>
<Cov CovItemId="S8" Value="5"/>
<Cov CovItemId="S9" Value="5"/>
</CovPrefix>
<CovPrefix CovItemPrefix="pickr.games.Game.java">
<Cov CovItemId="B1" Value="20"/>
<Cov CovItemId="B3" Value="5"/>
<Cov CovItemId="B4" Value="15"/>
<Cov CovItemId="S1" Value="5"/>
<Cov CovItemId="S10" Value="20"/>
<Cov CovItemId="S11" Value="20"/>
<Cov CovItemId="S12" Value="20"/>
<Cov CovItemId="S14" Value="5"/>
<Cov CovItemId="S15" Value="5"/>
<Cov CovItemId="S16" Value="20"/>
<Cov CovItemId="S17" Value="5"/>
<Cov CovItemId="S18" Value="20"/>
<Cov CovItemId="S19" Value="5"/>
<Cov CovItemId="S2" Value="5"/>
<Cov CovItemId="S20" Value="5"/>
<Cov CovItemId="S21" Value="20"/>
<Cov CovItemId="S22" Value="5"/>
<Cov CovItemId="S23" Value="20"/>
<Cov CovItemId="S24" Value="5"/>
<Cov CovItemId="S25" Value="5"/>
<Cov CovItemId="S26" Value="5"/>
<Cov CovItemId="S27" Value="5"/>
<Cov CovItemId="S28" Value="5"/>
<Cov CovItemId="S3" Value="5"/>
<Cov CovItemId="S4" Value="5"/>
<Cov CovItemId="S5" Value="5"/>
<Cov CovItemId="S6" Value="5"/>
<Cov CovItemId="S7" Value="15"/>
<Cov CovItemId="S8" Value="5"/>
<Cov CovItemId="S9" Value="15"/>
</CovPrefix>
</CovList>
<AssgnmntList>
<AssgnmntPrefix RootTermCovItemPrefix="pickr.classes.Deck.java">
<AssgnmntListEntry Length="1" RootTermCovItemId="C1">
<MapEntry BoolAssgnmnt="0" Value="6"/>
<MapEntry BoolAssgnmnt="1" Value="60"/>
</AssgnmntListEntry>
<AssgnmntListEntry Length="1" RootTermCovItemId="C2">
<MapEntry BoolAssgnmnt="0" Value="20"/>
</AssgnmntListEntry>
<AssgnmntListEntry Length="1" RootTermCovItemId="C3">
<MapEntry BoolAssgnmnt="1" Value="20"/>
</AssgnmntListEntry>
<AssgnmntListEntry Length="1" RootTermCovItemId="C4">
<MapEntry BoolAssgnmnt="0" Value="20"/>
<MapEntry BoolAssgnmnt="1" Value="60"/>
</AssgnmntListEntry>
</AssgnmntPrefix>
<AssgnmntPrefix RootTermCovItemPrefix="pickr.classes.GamingCard.java">
<AssgnmntListEntry Length="2" RootTermCovItemId="C1">
<MapEntry BoolAssgnmnt="02" Value="24"/>
<MapEntry BoolAssgnmnt="10" Value="24"/>
<MapEntry BoolAssgnmnt="11" Value="192"/>
</AssgnmntListEntry>
<AssgnmntListEntry Length="2" RootTermCovItemId="C2">
<MapEntry BoolAssgnmnt="00" Value="240"/>
</AssgnmntListEntry>
</AssgnmntPrefix>
<AssgnmntPrefix RootTermCovItemPrefix="pickr.games.Briscola.java">
<AssgnmntListEntry Length="3" RootTermCovItemId="C1">
<MapEntry BoolAssgnmnt="022" Value="18"/>
<MapEntry BoolAssgnmnt="110" Value="2"/>
</AssgnmntListEntry>
<AssgnmntListEntry Length="3" RootTermCovItemId="C2">
<MapEntry BoolAssgnmnt="022" Value="18"/>
<MapEntry BoolAssgnmnt="102" Value="2"/>
</AssgnmntListEntry>
<AssgnmntListEntry Length="3" RootTermCovItemId="C3">
<MapEntry BoolAssgnmnt="122" Value="2"/>
<MapEntry BoolAssgnmnt="002" Value="11"/>
<MapEntry BoolAssgnmnt="010" Value="4"/>
<MapEntry BoolAssgnmnt="011" Value="3"/>
</AssgnmntListEntry>
</AssgnmntPrefix>
<AssgnmntPrefix RootTermCovItemPrefix="pickr.games.Game.java">
<AssgnmntListEntry Length="1" RootTermCovItemId="C1">
<MapEntry BoolAssgnmnt="1" Value="20"/>
</AssgnmntListEntry>
<AssgnmntListEntry Length="1" RootTermCovItemId="C2">
<MapEntry BoolAssgnmnt="0" Value="15"/>
<MapEntry BoolAssgnmnt="1" Value="5"/>
</AssgnmntListEntry>
</AssgnmntPrefix>
</AssgnmntList>
<ObjMetaDataList/>
<MetaDataList/>
</TestCase>
<TestCase Comment="" Date="1598619558765" Name="randoop.RandoopTest0:test86">
<CovList>
<CovPrefix CovItemPrefix="pickr.classes.Deck.java">
<Cov CovItemId="B1" Value="16"/>
<Cov CovItemId="B3" Value="16"/>
<Cov CovItemId="S1" Value="6"/>
<Cov CovItemId="S10" Value="16"/>
<Cov CovItemId="S11" Value="16"/>
<Cov CovItemId="S12" Value="16"/>
<Cov CovItemId="S13" Value="48"/>
<Cov CovItemId="S14" Value="16"/>
<Cov CovItemId="S2" Value="26"/>
<Cov CovItemId="S3" Value="6"/>
<Cov CovItemId="S4" Value="60"/>
<Cov CovItemId="S5" Value="240"/>
<Cov CovItemId="S6" Value="4"/>
<Cov CovItemId="S7" Value="16"/>
<Cov CovItemId="S8" Value="16"/>
</CovPrefix>
<CovPrefix CovItemPrefix="pickr.classes.GamingCard.java">
<Cov CovItemId="B1" Value="193"/>
<Cov CovItemId="B2" Value="48"/>
<Cov CovItemId="B3" Value="1"/>
<Cov CovItemId="B4" Value="240"/>
<Cov CovItemId="S1" Value="241"/>
<Cov CovItemId="S10" Value="241"/>
<Cov CovItemId="S11" Value="1"/>
<Cov CovItemId="S12" Value="240"/>
<Cov CovItemId="S13" Value="74"/>
<Cov CovItemId="S2" Value="241"/>
<Cov CovItemId="S3" Value="241"/>
<Cov CovItemId="S4" Value="33"/>
<Cov CovItemId="S6" Value="112"/>
<Cov CovItemId="S7" Value="241"/>
<Cov CovItemId="S8" Value="193"/>
<Cov CovItemId="S9" Value="48"/>
</CovPrefix>
<CovPrefix CovItemPrefix="pickr.classes.Player.java">
<Cov CovItemId="S1" Value="16"/>
<Cov CovItemId="S12" Value="20"/>
<Cov CovItemId="S13" Value="16"/>
<Cov CovItemId="S14" Value="16"/>
<Cov CovItemId="S2" Value="16"/>
<Cov CovItemId="S3" Value="16"/>
<Cov CovItemId="S4" Value="16"/>
<Cov CovItemId="S5" Value="32"/>
<Cov CovItemId="S6" Value="16"/>
<Cov CovItemId="S7" Value="16"/>
<Cov CovItemId="S9" Value="4"/>
</CovPrefix>
<CovPrefix CovItemPrefix="pickr.games.Briscola.java">
<Cov CovItemId="B2" Value="16"/>
<Cov CovItemId="B3" Value="2"/>
<Cov CovItemId="B4" Value="14"/>
<Cov CovItemId="B5" Value="1"/>
<Cov CovItemId="B6" Value="15"/>
<Cov CovItemId="S1" Value="4"/>
<Cov CovItemId="S10" Value="4"/>
<Cov CovItemId="S11" Value="16"/>
<Cov CovItemId="S14" Value="16"/>
<Cov CovItemId="S15" Value="2"/>
<Cov CovItemId="S16" Value="2"/>
<Cov CovItemId="S17" Value="16"/>
<Cov CovItemId="S18" Value="1"/>
<Cov CovItemId="S19" Value="1"/>
<Cov CovItemId="S2" Value="4"/>
<Cov CovItemId="S20" Value="4"/>
<Cov CovItemId="S21" Value="4"/>
<Cov CovItemId="S22" Value="4"/>
<Cov CovItemId="S23" Value="16"/>
<Cov CovItemId="S24" Value="4"/>
<Cov CovItemId="S25" Value="4"/>
<Cov CovItemId="S26" Value="4"/>
<Cov CovItemId="S27" Value="4"/>
<Cov CovItemId="S28" Value="16"/>
<Cov CovItemId="S3" Value="4"/>
<Cov CovItemId="S4" Value="16"/>
<Cov CovItemId="S5" Value="4"/>
<Cov CovItemId="S6" Value="4"/>
<Cov CovItemId="S7" Value="4"/>
<Cov CovItemId="S8" Value="4"/>
<Cov CovItemId="S9" Value="4"/>
</CovPrefix>
<CovPrefix CovItemPrefix="pickr.games.Game.java">
<Cov CovItemId="B1" Value="16"/>
<Cov CovItemId="B3" Value="4"/>
<Cov CovItemId="B4" Value="12"/>
<Cov CovItemId="S1" Value="4"/>
<Cov CovItemId="S10" Value="16"/>
<Cov CovItemId="S11" Value="16"/>
<Cov CovItemId="S12" Value="16"/>
<Cov CovItemId="S14" Value="4"/>
<Cov CovItemId="S15" Value="4"/>
<Cov CovItemId="S16" Value="16"/>
<Cov CovItemId="S17" Value="4"/>
<Cov CovItemId="S18" Value="16"/>
<Cov CovItemId="S19" Value="4"/>
<Cov CovItemId="S2" Value="4"/>
<Cov CovItemId="S20" Value="4"/>
<Cov CovItemId="S21" Value="16"/>
<Cov CovItemId="S22" Value="4"/>
<Cov CovItemId="S23" Value="16"/>
<Cov CovItemId="S24" Value="4"/>
<Cov CovItemId="S25" Value="4"/>
<Cov CovItemId="S26" Value="4"/>
<Cov CovItemId="S27" Value="4"/>
<Cov CovItemId="S28" Value="4"/>
<Cov CovItemId="S3" Value="4"/>
<Cov CovItemId="S4" Value="4"/>
<Cov CovItemId="S5" Value="4"/>
<Cov CovItemId="S6" Value="4"/>
<Cov CovItemId="S7" Value="12"/>
<Cov CovItemId="S8" Value="4"/>
<Cov CovItemId="S9" Value="12"/>
</CovPrefix>
</CovList>
<AssgnmntList>
<AssgnmntPrefix RootTermCovItemPrefix="pickr.classes.Deck.java">
<AssgnmntListEntry Length="1" RootTermCovItemId="C1">
<MapEntry BoolAssgnmnt="0" Value="6"/>
<MapEntry BoolAssgnmnt="1" Value="60"/>
</AssgnmntListEntry>
<AssgnmntListEntry Length="1" RootTermCovItemId="C2">
<MapEntry BoolAssgnmnt="0" Value="16"/>
</AssgnmntListEntry>
<AssgnmntListEntry Length="1" RootTermCovItemId="C3">
<MapEntry BoolAssgnmnt="1" Value="16"/>
</AssgnmntListEntry>
<AssgnmntListEntry Length="1" RootTermCovItemId="C4">
<MapEntry BoolAssgnmnt="0" Value="16"/>
<MapEntry BoolAssgnmnt="1" Value="48"/>
</AssgnmntListEntry>
</AssgnmntPrefix>
<AssgnmntPrefix RootTermCovItemPrefix="pickr.classes.GamingCard.java">
<AssgnmntListEntry Length="2" RootTermCovItemId="C1">
<MapEntry BoolAssgnmnt="02" Value="24"/>
<MapEntry BoolAssgnmnt="10" Value="24"/>
<MapEntry BoolAssgnmnt="11" Value="193"/>
</AssgnmntListEntry>
<AssgnmntListEntry Length="2" RootTermCovItemId="C2">
<MapEntry BoolAssgnmnt="00" Value="240"/>
<MapEntry BoolAssgnmnt="01" Value="1"/>
</AssgnmntListEntry>
</AssgnmntPrefix>
<AssgnmntPrefix RootTermCovItemPrefix="pickr.games.Briscola.java">
<AssgnmntListEntry Length="3" RootTermCovItemId="C1">
<MapEntry BoolAssgnmnt="022" Value="12"/>
<MapEntry BoolAssgnmnt="102" Value="2"/>
<MapEntry BoolAssgnmnt="110" Value="2"/>
</AssgnmntListEntry>
<AssgnmntListEntry Length="3" RootTermCovItemId="C2">
<MapEntry BoolAssgnmnt="022" Value="12"/>
<MapEntry BoolAssgnmnt="102" Value="2"/>
<MapEntry BoolAssgnmnt="111" Value="2"/>
</AssgnmntListEntry>
<AssgnmntListEntry Length="3" RootTermCovItemId="C3">
<MapEntry BoolAssgnmnt="122" Value="2"/>
<MapEntry BoolAssgnmnt="002" Value="11"/>
<MapEntry BoolAssgnmnt="010" Value="2"/>
<MapEntry BoolAssgnmnt="011" Value="1"/>
</AssgnmntListEntry>
</AssgnmntPrefix>
<AssgnmntPrefix RootTermCovItemPrefix="pickr.games.Game.java">
<AssgnmntListEntry Length="1" RootTermCovItemId="C1">
<MapEntry BoolAssgnmnt="1" Value="16"/>
</AssgnmntListEntry>
<AssgnmntListEntry Length="1" RootTermCovItemId="C2">
<MapEntry BoolAssgnmnt="0" Value="12"/>
<MapEntry BoolAssgnmnt="1" Value="4"/>
</AssgnmntListEntry>
</AssgnmntPrefix>
</AssgnmntList>
<ObjMetaDataList/>
<MetaDataList/>
</TestCase>
<TestCase Comment="" Date="1598619558766" Name="randoop.RandoopTest0:test87">
<CovList>
<CovPrefix CovItemPrefix="pickr.classes.Deck.java">
<Cov CovItemId="B1" Value="16"/>
<Cov CovItemId="B3" Value="16"/>
<Cov CovItemId="S1" Value="7"/>
<Cov CovItemId="S10" Value="16"/>
<Cov CovItemId="S11" Value="16"/>
<Cov CovItemId="S12" Value="16"/>
<Cov CovItemId="S13" Value="48"/>
<Cov CovItemId="S14" Value="16"/>
<Cov CovItemId="S2" Value="29"/>
<Cov CovItemId="S3" Value="7"/>
<Cov CovItemId="S4" Value="70"/>
<Cov CovItemId="S5" Value="280"/>
<Cov CovItemId="S6" Value="4"/>
<Cov CovItemId="S7" Value="16"/>
<Cov CovItemId="S8" Value="16"/>
</CovPrefix>
<CovPrefix CovItemPrefix="pickr.classes.GamingCard.java">
<Cov CovItemId="B1" Value="225"/>
<Cov CovItemId="B2" Value="56"/>
<Cov CovItemId="B3" Value="1"/>
<Cov CovItemId="B4" Value="280"/>
<Cov CovItemId="S1" Value="281"/>
<Cov CovItemId="S10" Value="281"/>
<Cov CovItemId="S11" Value="1"/>
<Cov CovItemId="S12" Value="280"/>
<Cov CovItemId="S13" Value="78"/>
<Cov CovItemId="S2" Value="281"/>
<Cov CovItemId="S3" Value="281"/>
<Cov CovItemId="S4" Value="41"/>
<Cov CovItemId="S6" Value="112"/>
<Cov CovItemId="S7" Value="281"/>
<Cov CovItemId="S8" Value="225"/>
<Cov CovItemId="S9" Value="56"/>
</CovPrefix>
<CovPrefix CovItemPrefix="pickr.classes.Player.java">
<Cov CovItemId="S1" Value="16"/>
<Cov CovItemId="S12" Value="20"/>
<Cov CovItemId="S13" Value="16"/>
<Cov CovItemId="S14" Value="16"/>
<Cov CovItemId="S2" Value="16"/>
<Cov CovItemId="S3" Value="16"/>
<Cov CovItemId="S4" Value="16"/>
<Cov CovItemId="S5" Value="32"/>
<Cov CovItemId="S6" Value="16"/>
<Cov CovItemId="S7" Value="16"/>
<Cov CovItemId="S9" Value="4"/>
</CovPrefix>
<CovPrefix CovItemPrefix="pickr.games.Briscola.java">
<Cov CovItemId="B2" Value="16"/>
<Cov CovItemId="B3" Value="4"/>
<Cov CovItemId="B4" Value="12"/>
<Cov CovItemId="B5" Value="1"/>
<Cov CovItemId="B6" Value="15"/>
<Cov CovItemId="S1" Value="4"/>
<Cov CovItemId="S10" Value="4"/>
<Cov CovItemId="S11" Value="16"/>
<Cov CovItemId="S14" Value="16"/>
<Cov CovItemId="S15" Value="4"/>
<Cov CovItemId="S16" Value="4"/>
<Cov CovItemId="S17" Value="16"/>
<Cov CovItemId="S18" Value="1"/>
<Cov CovItemId="S19" Value="1"/>
<Cov CovItemId="S2" Value="4"/>
<Cov CovItemId="S20" Value="4"/>
<Cov CovItemId="S21" Value="4"/>
<Cov CovItemId="S22" Value="4"/>
<Cov CovItemId="S23" Value="16"/>
<Cov CovItemId="S24" Value="4"/>
<Cov CovItemId="S25" Value="4"/>
<Cov CovItemId="S26" Value="4"/>
<Cov CovItemId="S27" Value="4"/>
<Cov CovItemId="S28" Value="16"/>
<Cov CovItemId="S3" Value="4"/>
<Cov CovItemId="S4" Value="16"/>
<Cov CovItemId="S5" Value="4"/>
<Cov CovItemId="S6" Value="4"/>
<Cov CovItemId="S7" Value="4"/>
<Cov CovItemId="S8" Value="4"/>
<Cov CovItemId="S9" Value="4"/>
</CovPrefix>
<CovPrefix CovItemPrefix="pickr.games.Game.java">
<Cov CovItemId="B1" Value="16"/>
<Cov CovItemId="B3" Value="4"/>
<Cov CovItemId="B4" Value="12"/>
<Cov CovItemId="S1" Value="4"/>
<Cov CovItemId="S10" Value="16"/>
<Cov CovItemId="S11" Value="16"/>
<Cov CovItemId="S12" Value="16"/>
<Cov CovItemId="S14" Value="4"/>
<Cov CovItemId="S15" Value="4"/>
<Cov CovItemId="S16" Value="16"/>
<Cov CovItemId="S17" Value="4"/>
<Cov CovItemId="S18" Value="16"/>
<Cov CovItemId="S19" Value="4"/>
<Cov CovItemId="S2" Value="4"/>
<Cov CovItemId="S20" Value="4"/>
<Cov CovItemId="S21" Value="16"/>
<Cov CovItemId="S22" Value="4"/>
<Cov CovItemId="S23" Value="16"/>
<Cov CovItemId="S24" Value="4"/>
<Cov CovItemId="S25" Value="4"/>
<Cov CovItemId="S26" Value="4"/>
<Cov CovItemId="S27" Value="4"/>
<Cov CovItemId="S28" Value="4"/>
<Cov CovItemId="S3" Value="4"/>
<Cov CovItemId="S4" Value="4"/>
<Cov CovItemId="S5" Value="4"/>
<Cov CovItemId="S6" Value="4"/>
<Cov CovItemId="S7" Value="12"/>
<Cov CovItemId="S8" Value="4"/>
<Cov CovItemId="S9" Value="12"/>
</CovPrefix>
</CovList>
<AssgnmntList>
<AssgnmntPrefix RootTermCovItemPrefix="pickr.classes.Deck.java">
<AssgnmntListEntry Length="1" RootTermCovItemId="C1">
<MapEntry BoolAssgnmnt="0" Value="7"/>
<MapEntry BoolAssgnmnt="1" Value="70"/>
</AssgnmntListEntry>
<AssgnmntListEntry Length="1" RootTermCovItemId="C2">
<MapEntry BoolAssgnmnt="0" Value="16"/>
</AssgnmntListEntry>
<AssgnmntListEntry Length="1" RootTermCovItemId="C3">
<MapEntry BoolAssgnmnt="1" Value="16"/>
</AssgnmntListEntry>
<AssgnmntListEntry Length="1" RootTermCovItemId="C4">
<MapEntry BoolAssgnmnt="0" Value="16"/>
<MapEntry BoolAssgnmnt="1" Value="48"/>
</AssgnmntListEntry>
</AssgnmntPrefix>
<AssgnmntPrefix RootTermCovItemPrefix="pickr.classes.GamingCard.java">
<AssgnmntListEntry Length="2" RootTermCovItemId="C1">
<MapEntry BoolAssgnmnt="02" Value="28"/>
<MapEntry BoolAssgnmnt="10" Value="28"/>
<MapEntry BoolAssgnmnt="11" Value="225"/>
</AssgnmntListEntry>
<AssgnmntListEntry Length="2" RootTermCovItemId="C2">
<MapEntry BoolAssgnmnt="00" Value="280"/>
<MapEntry BoolAssgnmnt="01" Value="1"/>
</AssgnmntListEntry>
</AssgnmntPrefix>
<AssgnmntPrefix RootTermCovItemPrefix="pickr.games.Briscola.java">
<AssgnmntListEntry Length="3" RootTermCovItemId="C1">
<MapEntry BoolAssgnmnt="022" Value="8"/>
<MapEntry BoolAssgnmnt="102" Value="8"/>
</AssgnmntListEntry>
<AssgnmntListEntry Length="3" RootTermCovItemId="C2">
<MapEntry BoolAssgnmnt="022" Value="8"/>
<MapEntry BoolAssgnmnt="110" Value="4"/>
<MapEntry BoolAssgnmnt="111" Value="4"/>
</AssgnmntListEntry>
<AssgnmntListEntry Length="3" RootTermCovItemId="C3">
<MapEntry BoolAssgnmnt="122" Value="4"/>
<MapEntry BoolAssgnmnt="002" Value="11"/>
<MapEntry BoolAssgnmnt="011" Value="1"/>
</AssgnmntListEntry>
</AssgnmntPrefix>
<AssgnmntPrefix RootTermCovItemPrefix="pickr.games.Game.java">
<AssgnmntListEntry Length="1" RootTermCovItemId="C1">
<MapEntry BoolAssgnmnt="1" Value="16"/>
</AssgnmntListEntry>
<AssgnmntListEntry Length="1" RootTermCovItemId="C2">
<MapEntry BoolAssgnmnt="0" Value="12"/>
<MapEntry BoolAssgnmnt="1" Value="4"/>
</AssgnmntListEntry>
</AssgnmntPrefix>
</AssgnmntList>
<ObjMetaDataList/>
<MetaDataList/>
</TestCase>
<TestCase Comment="" Date="1598619558767" Name="randoop.RandoopTest0:test88">
<CovList>
<CovPrefix CovItemPrefix="pickr.classes.Deck.java">
<Cov CovItemId="B1" Value="4"/>
<Cov CovItemId="B3" Value="4"/>
<Cov CovItemId="S1" Value="5"/>
<Cov CovItemId="S10" Value="4"/>
<Cov CovItemId="S11" Value="4"/>
<Cov CovItemId="S12" Value="4"/>
<Cov CovItemId="S13" Value="12"/>
<Cov CovItemId="S14" Value="4"/>
<Cov CovItemId="S2" Value="17"/>
<Cov CovItemId="S3" Value="5"/>
<Cov CovItemId="S4" Value="50"/>
<Cov CovItemId="S5" Value="200"/>
<Cov CovItemId="S6" Value="1"/>
<Cov CovItemId="S7" Value="4"/>
<Cov CovItemId="S8" Value="4"/>
</CovPrefix>
<CovPrefix CovItemPrefix="pickr.classes.GamingCard.java">
<Cov CovItemId="B1" Value="160"/>
<Cov CovItemId="B2" Value="40"/>
<Cov CovItemId="B4" Value="200"/>
<Cov CovItemId="S1" Value="200"/>
<Cov CovItemId="S10" Value="200"/>
<Cov CovItemId="S12" Value="200"/>
<Cov CovItemId="S13" Value="19"/>
<Cov CovItemId="S2" Value="200"/>
<Cov CovItemId="S3" Value="200"/>
<Cov CovItemId="S4" Value="6"/>
<Cov CovItemId="S6" Value="28"/>
<Cov CovItemId="S7" Value="200"/>
<Cov CovItemId="S8" Value="160"/>
<Cov CovItemId="S9" Value="40"/>
</CovPrefix>
<CovPrefix CovItemPrefix="pickr.classes.Player.java">
<Cov CovItemId="S1" Value="4"/>
<Cov CovItemId="S12" Value="5"/>
<Cov CovItemId="S13" Value="4"/>
<Cov CovItemId="S14" Value="4"/>
<Cov CovItemId="S2" Value="4"/>
<Cov CovItemId="S3" Value="4"/>
<Cov CovItemId="S4" Value="4"/>
<Cov CovItemId="S5" Value="8"/>
<Cov CovItemId="S6" Value="4"/>
<Cov CovItemId="S7" Value="4"/>
<Cov CovItemId="S9" Value="1"/>
</CovPrefix>
<CovPrefix CovItemPrefix="pickr.games.Briscola.java">
<Cov CovItemId="B2" Value="4"/>
<Cov CovItemId="B4" Value="4"/>
<Cov CovItemId="B5" Value="1"/>
<Cov CovItemId="B6" Value="3"/>
<Cov CovItemId="S1" Value="1"/>
<Cov CovItemId="S10" Value="1"/>
<Cov CovItemId="S11" Value="4"/>
<Cov CovItemId="S14" Value="4"/>
<Cov CovItemId="S17" Value="4"/>
<Cov CovItemId="S18" Value="1"/>
<Cov CovItemId="S19" Value="1"/>
<Cov CovItemId="S2" Value="1"/>
<Cov CovItemId="S20" Value="1"/>
<Cov CovItemId="S21" Value="1"/>
<Cov CovItemId="S22" Value="1"/>
<Cov CovItemId="S23" Value="4"/>
<Cov CovItemId="S24" Value="1"/>
<Cov CovItemId="S25" Value="1"/>
<Cov CovItemId="S26" Value="1"/>
<Cov CovItemId="S27" Value="1"/>
<Cov CovItemId="S28" Value="4"/>
<Cov CovItemId="S3" Value="1"/>
<Cov CovItemId="S4" Value="4"/>
<Cov CovItemId="S5" Value="1"/>
<Cov CovItemId="S6" Value="1"/>
<Cov CovItemId="S7" Value="1"/>
<Cov CovItemId="S8" Value="1"/>
<Cov CovItemId="S9" Value="1"/>
</CovPrefix>
<CovPrefix CovItemPrefix="pickr.games.Game.java">
<Cov CovItemId="B1" Value="4"/>
<Cov CovItemId="B3" Value="1"/>
<Cov CovItemId="B4" Value="3"/>
<Cov CovItemId="S1" Value="1"/>
<Cov CovItemId="S10" Value="4"/>
<Cov CovItemId="S11" Value="4"/>
<Cov CovItemId="S12" Value="4"/>
<Cov CovItemId="S14" Value="1"/>
<Cov CovItemId="S15" Value="1"/>
<Cov CovItemId="S16" Value="4"/>
<Cov CovItemId="S17" Value="1"/>
<Cov CovItemId="S18" Value="4"/>
<Cov CovItemId="S19" Value="1"/>
<Cov CovItemId="S2" Value="1"/>
<Cov CovItemId="S20" Value="1"/>
<Cov CovItemId="S21" Value="4"/>
<Cov CovItemId="S22" Value="1"/>
<Cov CovItemId="S23" Value="4"/>
<Cov CovItemId="S24" Value="1"/>
<Cov CovItemId="S25" Value="1"/>
<Cov CovItemId="S26" Value="1"/>
<Cov CovItemId="S27" Value="1"/>
<Cov CovItemId="S28" Value="1"/>
<Cov CovItemId="S3" Value="1"/>
<Cov CovItemId="S4" Value="1"/>
<Cov CovItemId="S5" Value="1"/>
<Cov CovItemId="S6" Value="1"/>
<Cov CovItemId="S7" Value="3"/>
<Cov CovItemId="S8" Value="1"/>
<Cov CovItemId="S9" Value="3"/>
</CovPrefix>
</CovList>
<AssgnmntList>
<AssgnmntPrefix RootTermCovItemPrefix="pickr.classes.Deck.java">
<AssgnmntListEntry Length="1" RootTermCovItemId="C1">
<MapEntry BoolAssgnmnt="0" Value="5"/>
<MapEntry BoolAssgnmnt="1" Value="50"/>
</AssgnmntListEntry>
<AssgnmntListEntry Length="1" RootTermCovItemId="C2">
<MapEntry BoolAssgnmnt="0" Value="4"/>
</AssgnmntListEntry>
<AssgnmntListEntry Length="1" RootTermCovItemId="C3">
<MapEntry BoolAssgnmnt="1" Value="4"/>
</AssgnmntListEntry>
<AssgnmntListEntry Length="1" RootTermCovItemId="C4">
<MapEntry BoolAssgnmnt="0" Value="4"/>
<MapEntry BoolAssgnmnt="1" Value="12"/>
</AssgnmntListEntry>
</AssgnmntPrefix>
<AssgnmntPrefix RootTermCovItemPrefix="pickr.classes.GamingCard.java">
<AssgnmntListEntry Length="2" RootTermCovItemId="C1">
<MapEntry BoolAssgnmnt="02" Value="20"/>
<MapEntry BoolAssgnmnt="10" Value="20"/>
<MapEntry BoolAssgnmnt="11" Value="160"/>
</AssgnmntListEntry>
<AssgnmntListEntry Length="2" RootTermCovItemId="C2">
<MapEntry BoolAssgnmnt="00" Value="200"/>
</AssgnmntListEntry>
</AssgnmntPrefix>
<AssgnmntPrefix RootTermCovItemPrefix="pickr.games.Briscola.java">
<AssgnmntListEntry Length="3" RootTermCovItemId="C1">
<MapEntry BoolAssgnmnt="022" Value="4"/>
</AssgnmntListEntry>
<AssgnmntListEntry Length="3" RootTermCovItemId="C2">
<MapEntry BoolAssgnmnt="022" Value="4"/>
</AssgnmntListEntry>
<AssgnmntListEntry Length="3" RootTermCovItemId="C3">
<MapEntry BoolAssgnmnt="002" Value="3"/>
<MapEntry BoolAssgnmnt="011" Value="1"/>
</AssgnmntListEntry>
</AssgnmntPrefix>
<AssgnmntPrefix RootTermCovItemPrefix="pickr.games.Game.java">
<AssgnmntListEntry Length="1" RootTermCovItemId="C1">
<MapEntry BoolAssgnmnt="1" Value="4"/>
</AssgnmntListEntry>
<AssgnmntListEntry Length="1" RootTermCovItemId="C2">
<MapEntry BoolAssgnmnt="0" Value="3"/>
<MapEntry BoolAssgnmnt="1" Value="1"/>
</AssgnmntListEntry>
</AssgnmntPrefix>
</AssgnmntList>
<ObjMetaDataList/>
<MetaDataList/>
</TestCase>
<TestCase Comment="" Date="1598619558768" Name="randoop.RandoopTest0:test89">
<CovList>
<CovPrefix CovItemPrefix="pickr.classes.Deck.java">
<Cov CovItemId="B1" Value="20"/>
<Cov CovItemId="B3" Value="20"/>
<Cov CovItemId="B4" Value="1"/>
<Cov CovItemId="S1" Value="9"/>
<Cov CovItemId="S10" Value="21"/>
<Cov CovItemId="S11" Value="20"/>
<Cov CovItemId="S12" Value="20"/>
<Cov CovItemId="S13" Value="60"/>
<Cov CovItemId="S14" Value="20"/>
<Cov CovItemId="S15" Value="1"/>
<Cov CovItemId="S2" Value="34"/>
<Cov CovItemId="S3" Value="8"/>
<Cov CovItemId="S4" Value="80"/>
<Cov CovItemId="S5" Value="320"/>
<Cov CovItemId="S6" Value="5"/>
<Cov CovItemId="S7" Value="20"/>
<Cov CovItemId="S8" Value="20"/>
</CovPrefix>
<CovPrefix CovItemPrefix="pickr.classes.GamingCard.java">
<Cov CovItemId="B1" Value="256"/>
<Cov CovItemId="B2" Value="64"/>
<Cov CovItemId="B4" Value="320"/>
<Cov CovItemId="S1" Value="320"/>
<Cov CovItemId="S10" Value="320"/>
<Cov CovItemId="S12" Value="320"/>
<Cov CovItemId="S13" Value="99"/>
<Cov CovItemId="S2" Value="320"/>
<Cov CovItemId="S3" Value="320"/>
<Cov CovItemId="S4" Value="47"/>
<Cov CovItemId="S6" Value="140"/>
<Cov CovItemId="S7" Value="320"/>
<Cov CovItemId="S8" Value="256"/>
<Cov CovItemId="S9" Value="64"/>
</CovPrefix>
<CovPrefix CovItemPrefix="pickr.classes.Player.java">
<Cov CovItemId="S1" Value="20"/>
<Cov CovItemId="S12" Value="25"/>
<Cov CovItemId="S13" Value="20"/>
<Cov CovItemId="S14" Value="20"/>
<Cov CovItemId="S2" Value="20"/>
<Cov CovItemId="S3" Value="20"/>
<Cov CovItemId="S4" Value="20"/>
<Cov CovItemId="S5" Value="40"/>
<Cov CovItemId="S6" Value="20"/>
<Cov CovItemId="S7" Value="20"/>
<Cov CovItemId="S9" Value="5"/>
</CovPrefix>
<CovPrefix CovItemPrefix="pickr.games.Briscola.java">
<Cov CovItemId="B1" Value="1"/>
<Cov CovItemId="B2" Value="19"/>
<Cov CovItemId="B3" Value="4"/>
<Cov CovItemId="B4" Value="16"/>
<Cov CovItemId="B5" Value="2"/>
<Cov CovItemId="B6" Value="18"/>
<Cov CovItemId="S1" Value="5"/>
<Cov CovItemId="S10" Value="5"/>
<Cov CovItemId="S11" Value="20"/>
<Cov CovItemId="S12" Value="1"/>
<Cov CovItemId="S13" Value="1"/>
<Cov CovItemId="S14" Value="20"/>
<Cov CovItemId="S15" Value="4"/>
<Cov CovItemId="S16" Value="4"/>
<Cov CovItemId="S17" Value="20"/>
<Cov CovItemId="S18" Value="2"/>
<Cov CovItemId="S19" Value="2"/>
<Cov CovItemId="S2" Value="5"/>
<Cov CovItemId="S20" Value="5"/>
<Cov CovItemId="S21" Value="5"/>
<Cov CovItemId="S22" Value="5"/>
<Cov CovItemId="S23" Value="20"/>
<Cov CovItemId="S24" Value="5"/>
<Cov CovItemId="S25" Value="5"/>
<Cov CovItemId="S26" Value="5"/>
<Cov CovItemId="S27" Value="5"/>
<Cov CovItemId="S28" Value="20"/>
<Cov CovItemId="S3" Value="5"/>
<Cov CovItemId="S4" Value="20"/>
<Cov CovItemId="S5" Value="5"/>
<Cov CovItemId="S6" Value="5"/>
<Cov CovItemId="S7" Value="5"/>
<Cov CovItemId="S8" Value="5"/>
<Cov CovItemId="S9" Value="5"/>
</CovPrefix>
<CovPrefix CovItemPrefix="pickr.games.Game.java">
<Cov CovItemId="B1" Value="20"/>
<Cov CovItemId="B3" Value="5"/>
<Cov CovItemId="B4" Value="15"/>
<Cov CovItemId="S1" Value="5"/>
<Cov CovItemId="S10" Value="20"/>
<Cov CovItemId="S11" Value="20"/>
<Cov CovItemId="S12" Value="20"/>
<Cov CovItemId="S14" Value="5"/>
<Cov CovItemId="S15" Value="5"/>
<Cov CovItemId="S16" Value="20"/>
<Cov CovItemId="S17" Value="5"/>
<Cov CovItemId="S18" Value="20"/>
<Cov CovItemId="S19" Value="5"/>
<Cov CovItemId="S2" Value="5"/>
<Cov CovItemId="S20" Value="5"/>
<Cov CovItemId="S21" Value="20"/>
<Cov CovItemId="S22" Value="5"/>
<Cov CovItemId="S23" Value="20"/>
<Cov CovItemId="S24" Value="5"/>
<Cov CovItemId="S25" Value="5"/>
<Cov CovItemId="S26" Value="5"/>
<Cov CovItemId="S27" Value="5"/>
<Cov CovItemId="S28" Value="5"/>
<Cov CovItemId="S3" Value="5"/>
<Cov CovItemId="S4" Value="5"/>
<Cov CovItemId="S5" Value="5"/>
<Cov CovItemId="S6" Value="5"/>
<Cov CovItemId="S7" Value="15"/>
<Cov CovItemId="S8" Value="5"/>
<Cov CovItemId="S9" Value="15"/>
</CovPrefix>
</CovList>
<AssgnmntList>
<AssgnmntPrefix RootTermCovItemPrefix="pickr.classes.Deck.java">
<AssgnmntListEntry Length="1" RootTermCovItemId="C1">
<MapEntry BoolAssgnmnt="0" Value="8"/>
<MapEntry BoolAssgnmnt="1" Value="80"/>
</AssgnmntListEntry>
<AssgnmntListEntry Length="1" RootTermCovItemId="C2">
<MapEntry BoolAssgnmnt="0" Value="20"/>
</AssgnmntListEntry>
<AssgnmntListEntry Length="1" RootTermCovItemId="C3">
<MapEntry BoolAssgnmnt="0" Value="1"/>
<MapEntry BoolAssgnmnt="1" Value="20"/>
</AssgnmntListEntry>
<AssgnmntListEntry Length="1" RootTermCovItemId="C4">
<MapEntry BoolAssgnmnt="0" Value="20"/>
<MapEntry BoolAssgnmnt="1" Value="60"/>
</AssgnmntListEntry>
</AssgnmntPrefix>
<AssgnmntPrefix RootTermCovItemPrefix="pickr.classes.GamingCard.java">
<AssgnmntListEntry Length="2" RootTermCovItemId="C1">
<MapEntry BoolAssgnmnt="02" Value="32"/>
<MapEntry BoolAssgnmnt="10" Value="32"/>
<MapEntry BoolAssgnmnt="11" Value="256"/>
</AssgnmntListEntry>
<AssgnmntListEntry Length="2" RootTermCovItemId="C2">
<MapEntry BoolAssgnmnt="00" Value="320"/>
</AssgnmntListEntry>
</AssgnmntPrefix>
<AssgnmntPrefix RootTermCovItemPrefix="pickr.games.Briscola.java">
<AssgnmntListEntry Length="3" RootTermCovItemId="C1">
<MapEntry BoolAssgnmnt="022" Value="13"/>
<MapEntry BoolAssgnmnt="102" Value="4"/>
<MapEntry BoolAssgnmnt="110" Value="2"/>
<MapEntry BoolAssgnmnt="111" Value="1"/>
</AssgnmntListEntry>
<AssgnmntListEntry Length="3" RootTermCovItemId="C2">
<MapEntry BoolAssgnmnt="022" Value="14"/>
<MapEntry BoolAssgnmnt="102" Value="2"/>
<MapEntry BoolAssgnmnt="111" Value="4"/>
</AssgnmntListEntry>
<AssgnmntListEntry Length="3" RootTermCovItemId="C3">
<MapEntry BoolAssgnmnt="122" Value="2"/>
<MapEntry BoolAssgnmnt="002" Value="14"/>
<MapEntry BoolAssgnmnt="010" Value="2"/>
<MapEntry BoolAssgnmnt="011" Value="2"/>
</AssgnmntListEntry>
</AssgnmntPrefix>
<AssgnmntPrefix RootTermCovItemPrefix="pickr.games.Game.java">
<AssgnmntListEntry Length="1" RootTermCovItemId="C1">
<MapEntry BoolAssgnmnt="1" Value="20"/>
</AssgnmntListEntry>
<AssgnmntListEntry Length="1" RootTermCovItemId="C2">
<MapEntry BoolAssgnmnt="0" Value="15"/>
<MapEntry BoolAssgnmnt="1" Value="5"/>
</AssgnmntListEntry>
</AssgnmntPrefix>
</AssgnmntList>
<ObjMetaDataList/>
<MetaDataList/>
</TestCase>
<TestCase Comment="" Date="1598619558768" Name="randoop.RandoopTest0:test90">
<CovList>
<CovPrefix CovItemPrefix="pickr.classes.Deck.java">
<Cov CovItemId="B1" Value="40"/>
<Cov CovItemId="B2" Value="1"/>
<Cov CovItemId="B3" Value="16"/>
<Cov CovItemId="S1" Value="7"/>
<Cov CovItemId="S10" Value="16"/>
<Cov CovItemId="S11" Value="16"/>
<Cov CovItemId="S12" Value="16"/>
<Cov CovItemId="S13" Value="48"/>
<Cov CovItemId="S14" Value="16"/>
<Cov CovItemId="S2" Value="27"/>
<Cov CovItemId="S3" Value="7"/>
<Cov CovItemId="S4" Value="70"/>
<Cov CovItemId="S5" Value="280"/>
<Cov CovItemId="S6" Value="4"/>
<Cov CovItemId="S7" Value="41"/>
<Cov CovItemId="S8" Value="40"/>
<Cov CovItemId="S9" Value="1"/>
</CovPrefix>
<CovPrefix CovItemPrefix="pickr.classes.GamingCard.java">
<Cov CovItemId="B1" Value="224"/>
<Cov CovItemId="B2" Value="56"/>
<Cov CovItemId="B4" Value="280"/>
<Cov CovItemId="S1" Value="280"/>
<Cov CovItemId="S10" Value="280"/>
<Cov CovItemId="S12" Value="280"/>
<Cov CovItemId="S13" Value="125"/>
<Cov CovItemId="S2" Value="280"/>
<Cov CovItemId="S3" Value="280"/>
<Cov CovItemId="S4" Value="101"/>
<Cov CovItemId="S6" Value="308"/>
<Cov CovItemId="S7" Value="280"/>
<Cov CovItemId="S8" Value="224"/>
<Cov CovItemId="S9" Value="56"/>
</CovPrefix>
<CovPrefix CovItemPrefix="pickr.classes.Player.java">
<Cov CovItemId="S1" Value="16"/>
<Cov CovItemId="S12" Value="23"/>
<Cov CovItemId="S13" Value="44"/>
<Cov CovItemId="S14" Value="40"/>
<Cov CovItemId="S2" Value="16"/>
<Cov CovItemId="S3" Value="16"/>
<Cov CovItemId="S4" Value="16"/>
<Cov CovItemId="S5" Value="56"/>
<Cov CovItemId="S6" Value="16"/>
<Cov CovItemId="S7" Value="44"/>
<Cov CovItemId="S9" Value="11"/>
</CovPrefix>
<CovPrefix CovItemPrefix="pickr.games.Briscola.java">
<Cov CovItemId="B1" Value="1"/>
<Cov CovItemId="B2" Value="43"/>
<Cov CovItemId="B3" Value="9"/>
<Cov CovItemId="B4" Value="35"/>
<Cov CovItemId="B5" Value="7"/>
<Cov CovItemId="B6" Value="37"/>
<Cov CovItemId="S1" Value="4"/>
<Cov CovItemId="S10" Value="11"/>
<Cov CovItemId="S11" Value="44"/>
<Cov CovItemId="S12" Value="1"/>
<Cov CovItemId="S13" Value="1"/>
<Cov CovItemId="S14" Value="44"/>
<Cov CovItemId="S15" Value="9"/>
<Cov CovItemId="S16" Value="9"/>
<Cov CovItemId="S17" Value="44"/>
<Cov CovItemId="S18" Value="7"/>
<Cov CovItemId="S19" Value="7"/>
<Cov CovItemId="S2" Value="4"/>
<Cov CovItemId="S20" Value="11"/>
<Cov CovItemId="S21" Value="11"/>
<Cov CovItemId="S22" Value="11"/>
<Cov CovItemId="S23" Value="44"/>
<Cov CovItemId="S24" Value="11"/>
<Cov CovItemId="S25" Value="11"/>
<Cov CovItemId="S26" Value="11"/>
<Cov CovItemId="S27" Value="11"/>
<Cov CovItemId="S28" Value="41"/>
<Cov CovItemId="S3" Value="4"/>
<Cov CovItemId="S4" Value="16"/>
<Cov CovItemId="S5" Value="4"/>
<Cov CovItemId="S6" Value="4"/>
<Cov CovItemId="S7" Value="4"/>
<Cov CovItemId="S8" Value="4"/>
<Cov CovItemId="S9" Value="11"/>
</CovPrefix>
<CovPrefix CovItemPrefix="pickr.games.Game.java">
<Cov CovItemId="B1" Value="16"/>
<Cov CovItemId="B3" Value="11"/>
<Cov CovItemId="B4" Value="33"/>
<Cov CovItemId="S1" Value="4"/>
<Cov CovItemId="S10" Value="21"/>
<Cov CovItemId="S11" Value="16"/>
<Cov CovItemId="S12" Value="16"/>
<Cov CovItemId="S14" Value="11"/>
<Cov CovItemId="S15" Value="11"/>
<Cov CovItemId="S16" Value="44"/>
<Cov CovItemId="S17" Value="11"/>
<Cov CovItemId="S18" Value="44"/>
<Cov CovItemId="S19" Value="11"/>
<Cov CovItemId="S2" Value="4"/>
<Cov CovItemId="S20" Value="11"/>
<Cov CovItemId="S21" Value="44"/>
<Cov CovItemId="S22" Value="11"/>
<Cov CovItemId="S23" Value="44"/>
<Cov CovItemId="S24" Value="11"/>
<Cov CovItemId="S25" Value="11"/>
<Cov CovItemId="S26" Value="11"/>
<Cov CovItemId="S27" Value="11"/>
<Cov CovItemId="S28" Value="11"/>
<Cov CovItemId="S3" Value="4"/>
<Cov CovItemId="S4" Value="4"/>
<Cov CovItemId="S5" Value="4"/>
<Cov CovItemId="S6" Value="4"/>
<Cov CovItemId="S7" Value="10"/>
<Cov CovItemId="S8" Value="3"/>
<Cov CovItemId="S9" Value="33"/>
</CovPrefix>
</CovList>
<AssgnmntList>
<AssgnmntPrefix RootTermCovItemPrefix="pickr.classes.Deck.java">
<AssgnmntListEntry Length="1" RootTermCovItemId="C1">
<MapEntry BoolAssgnmnt="0" Value="7"/>
<MapEntry BoolAssgnmnt="1" Value="70"/>
</AssgnmntListEntry>
<AssgnmntListEntry Length="1" RootTermCovItemId="C2">
<MapEntry BoolAssgnmnt="0" Value="40"/>
<MapEntry BoolAssgnmnt="1" Value="1"/>
</AssgnmntListEntry>
<AssgnmntListEntry Length="1" RootTermCovItemId="C3">
<MapEntry BoolAssgnmnt="1" Value="16"/>
</AssgnmntListEntry>
<AssgnmntListEntry Length="1" RootTermCovItemId="C4">
<MapEntry BoolAssgnmnt="0" Value="16"/>
<MapEntry BoolAssgnmnt="1" Value="48"/>
</AssgnmntListEntry>
</AssgnmntPrefix>
<AssgnmntPrefix RootTermCovItemPrefix="pickr.classes.GamingCard.java">
<AssgnmntListEntry Length="2" RootTermCovItemId="C1">
<MapEntry BoolAssgnmnt="02" Value="28"/>
<MapEntry BoolAssgnmnt="10" Value="28"/>
<MapEntry BoolAssgnmnt="11" Value="224"/>
</AssgnmntListEntry>
<AssgnmntListEntry Length="2" RootTermCovItemId="C2">
<MapEntry BoolAssgnmnt="00" Value="280"/>
</AssgnmntListEntry>
</AssgnmntPrefix>
<AssgnmntPrefix RootTermCovItemPrefix="pickr.games.Briscola.java">
<AssgnmntListEntry Length="3" RootTermCovItemId="C1">
<MapEntry BoolAssgnmnt="022" Value="28"/>
<MapEntry BoolAssgnmnt="102" Value="9"/>
<MapEntry BoolAssgnmnt="110" Value="6"/>
<MapEntry BoolAssgnmnt="111" Value="1"/>
</AssgnmntListEntry>
<AssgnmntListEntry Length="3" RootTermCovItemId="C2">
<MapEntry BoolAssgnmnt="022" Value="29"/>
<MapEntry BoolAssgnmnt="102" Value="6"/>
<MapEntry BoolAssgnmnt="111" Value="9"/>
</AssgnmntListEntry>
<AssgnmntListEntry Length="3" RootTermCovItemId="C3">
<MapEntry BoolAssgnmnt="122" Value="6"/>
<MapEntry BoolAssgnmnt="002" Value="26"/>
<MapEntry BoolAssgnmnt="010" Value="5"/>
<MapEntry BoolAssgnmnt="011" Value="7"/>
</AssgnmntListEntry>
</AssgnmntPrefix>
<AssgnmntPrefix RootTermCovItemPrefix="pickr.games.Game.java">
<AssgnmntListEntry Length="1" RootTermCovItemId="C1">
<MapEntry BoolAssgnmnt="1" Value="16"/>
</AssgnmntListEntry>
<AssgnmntListEntry Length="1" RootTermCovItemId="C2">
<MapEntry BoolAssgnmnt="0" Value="33"/>
<MapEntry BoolAssgnmnt="1" Value="11"/>
</AssgnmntListEntry>
</AssgnmntPrefix>
</AssgnmntList>
<ObjMetaDataList/>
<MetaDataList/>
</TestCase>
<TestCase Comment="" Date="1598619558769" Name="randoop.RandoopTest0:test91">
<CovList>
<CovPrefix CovItemPrefix="pickr.classes.Deck.java">
<Cov CovItemId="B1" Value="4"/>
<Cov CovItemId="B3" Value="4"/>
<Cov CovItemId="S1" Value="3"/>
<Cov CovItemId="S10" Value="4"/>
<Cov CovItemId="S11" Value="4"/>
<Cov CovItemId="S12" Value="4"/>
<Cov CovItemId="S13" Value="12"/>
<Cov CovItemId="S14" Value="4"/>
<Cov CovItemId="S2" Value="11"/>
<Cov CovItemId="S3" Value="3"/>
<Cov CovItemId="S4" Value="30"/>
<Cov CovItemId="S5" Value="120"/>
<Cov CovItemId="S6" Value="1"/>
<Cov CovItemId="S7" Value="4"/>
<Cov CovItemId="S8" Value="4"/>
</CovPrefix>
<CovPrefix CovItemPrefix="pickr.classes.GamingCard.java">
<Cov CovItemId="B1" Value="97"/>
<Cov CovItemId="B2" Value="24"/>
<Cov CovItemId="B3" Value="1"/>
<Cov CovItemId="B4" Value="120"/>
<Cov CovItemId="S1" Value="121"/>
<Cov CovItemId="S10" Value="121"/>
<Cov CovItemId="S11" Value="1"/>
<Cov CovItemId="S12" Value="120"/>
<Cov CovItemId="S13" Value="19"/>
<Cov CovItemId="S2" Value="121"/>
<Cov CovItemId="S3" Value="121"/>
<Cov CovItemId="S4" Value="8"/>
<Cov CovItemId="S6" Value="28"/>
<Cov CovItemId="S7" Value="121"/>
<Cov CovItemId="S8" Value="97"/>
<Cov CovItemId="S9" Value="24"/>
</CovPrefix>
<CovPrefix CovItemPrefix="pickr.classes.Player.java">
<Cov CovItemId="S1" Value="4"/>
<Cov CovItemId="S12" Value="5"/>
<Cov CovItemId="S13" Value="4"/>
<Cov CovItemId="S14" Value="4"/>
<Cov CovItemId="S2" Value="4"/>
<Cov CovItemId="S3" Value="4"/>
<Cov CovItemId="S4" Value="4"/>
<Cov CovItemId="S5" Value="8"/>
<Cov CovItemId="S6" Value="4"/>
<Cov CovItemId="S7" Value="4"/>
<Cov CovItemId="S9" Value="1"/>
</CovPrefix>
<CovPrefix CovItemPrefix="pickr.games.Briscola.java">
<Cov CovItemId="B2" Value="4"/>
<Cov CovItemId="B3" Value="1"/>
<Cov CovItemId="B4" Value="3"/>
<Cov CovItemId="B6" Value="4"/>
<Cov CovItemId="S1" Value="1"/>
<Cov CovItemId="S10" Value="1"/>
<Cov CovItemId="S11" Value="4"/>
<Cov CovItemId="S14" Value="4"/>
<Cov CovItemId="S15" Value="1"/>
<Cov CovItemId="S16" Value="1"/>
<Cov CovItemId="S17" Value="4"/>
<Cov CovItemId="S2" Value="1"/>
<Cov CovItemId="S20" Value="1"/>
<Cov CovItemId="S21" Value="1"/>
<Cov CovItemId="S22" Value="1"/>
<Cov CovItemId="S23" Value="4"/>
<Cov CovItemId="S24" Value="1"/>
<Cov CovItemId="S25" Value="1"/>
<Cov CovItemId="S26" Value="1"/>
<Cov CovItemId="S27" Value="1"/>
<Cov CovItemId="S28" Value="4"/>
<Cov CovItemId="S3" Value="1"/>
<Cov CovItemId="S4" Value="4"/>
<Cov CovItemId="S5" Value="1"/>
<Cov CovItemId="S6" Value="1"/>
<Cov CovItemId="S7" Value="1"/>
<Cov CovItemId="S8" Value="1"/>
<Cov CovItemId="S9" Value="1"/>
</CovPrefix>
<CovPrefix CovItemPrefix="pickr.games.Game.java">
<Cov CovItemId="B1" Value="4"/>
<Cov CovItemId="B3" Value="1"/>
<Cov CovItemId="B4" Value="3"/>
<Cov CovItemId="S1" Value="1"/>
<Cov CovItemId="S10" Value="4"/>
<Cov CovItemId="S11" Value="4"/>
<Cov CovItemId="S12" Value="4"/>
<Cov CovItemId="S14" Value="1"/>
<Cov CovItemId="S15" Value="1"/>
<Cov CovItemId="S16" Value="4"/>
<Cov CovItemId="S17" Value="1"/>
<Cov CovItemId="S18" Value="4"/>
<Cov CovItemId="S19" Value="1"/>
<Cov CovItemId="S2" Value="1"/>
<Cov CovItemId="S20" Value="1"/>
<Cov CovItemId="S21" Value="4"/>
<Cov CovItemId="S22" Value="1"/>
<Cov CovItemId="S23" Value="4"/>
<Cov CovItemId="S24" Value="1"/>
<Cov CovItemId="S25" Value="1"/>
<Cov CovItemId="S26" Value="1"/>
<Cov CovItemId="S27" Value="1"/>
<Cov CovItemId="S28" Value="1"/>
<Cov CovItemId="S3" Value="1"/>
<Cov CovItemId="S4" Value="1"/>
<Cov CovItemId="S5" Value="1"/>
<Cov CovItemId="S6" Value="1"/>
<Cov CovItemId="S7" Value="3"/>
<Cov CovItemId="S8" Value="1"/>
<Cov CovItemId="S9" Value="3"/>
</CovPrefix>
</CovList>
<AssgnmntList>
<AssgnmntPrefix RootTermCovItemPrefix="pickr.classes.Deck.java">
<AssgnmntListEntry Length="1" RootTermCovItemId="C1">
<MapEntry BoolAssgnmnt="0" Value="3"/>
<MapEntry BoolAssgnmnt="1" Value="30"/>
</AssgnmntListEntry>
<AssgnmntListEntry Length="1" RootTermCovItemId="C2">
<MapEntry BoolAssgnmnt="0" Value="4"/>
</AssgnmntListEntry>
<AssgnmntListEntry Length="1" RootTermCovItemId="C3">
<MapEntry BoolAssgnmnt="1" Value="4"/>
</AssgnmntListEntry>
<AssgnmntListEntry Length="1" RootTermCovItemId="C4">
<MapEntry BoolAssgnmnt="0" Value="4"/>
<MapEntry BoolAssgnmnt="1" Value="12"/>
</AssgnmntListEntry>
</AssgnmntPrefix>
<AssgnmntPrefix RootTermCovItemPrefix="pickr.classes.GamingCard.java">
<AssgnmntListEntry Length="2" RootTermCovItemId="C1">
<MapEntry BoolAssgnmnt="02" Value="12"/>
<MapEntry BoolAssgnmnt="10" Value="12"/>
<MapEntry BoolAssgnmnt="11" Value="97"/>
</AssgnmntListEntry>
<AssgnmntListEntry Length="2" RootTermCovItemId="C2">
<MapEntry BoolAssgnmnt="00" Value="120"/>
<MapEntry BoolAssgnmnt="01" Value="1"/>
</AssgnmntListEntry>
</AssgnmntPrefix>
<AssgnmntPrefix RootTermCovItemPrefix="pickr.games.Briscola.java">
<AssgnmntListEntry Length="3" RootTermCovItemId="C1">
<MapEntry BoolAssgnmnt="022" Value="3"/>
<MapEntry BoolAssgnmnt="102" Value="1"/>
</AssgnmntListEntry>
<AssgnmntListEntry Length="3" RootTermCovItemId="C2">
<MapEntry BoolAssgnmnt="022" Value="3"/>
<MapEntry BoolAssgnmnt="111" Value="1"/>
</AssgnmntListEntry>
<AssgnmntListEntry Length="3" RootTermCovItemId="C3">
<MapEntry BoolAssgnmnt="002" Value="4"/>
</AssgnmntListEntry>
</AssgnmntPrefix>
<AssgnmntPrefix RootTermCovItemPrefix="pickr.games.Game.java">
<AssgnmntListEntry Length="1" RootTermCovItemId="C1">
<MapEntry BoolAssgnmnt="1" Value="4"/>
</AssgnmntListEntry>
<AssgnmntListEntry Length="1" RootTermCovItemId="C2">
<MapEntry BoolAssgnmnt="0" Value="3"/>
<MapEntry BoolAssgnmnt="1" Value="1"/>
</AssgnmntListEntry>
</AssgnmntPrefix>
</AssgnmntList>
<ObjMetaDataList/>
<MetaDataList/>
</TestCase>
<TestCase Comment="" Date="1598619558770" Name="randoop.RandoopTest0:test92">
<CovList>
<CovPrefix CovItemPrefix="pickr.classes.Deck.java">
<Cov CovItemId="B1" Value="40"/>
<Cov CovItemId="B2" Value="1"/>
<Cov CovItemId="B3" Value="16"/>
<Cov CovItemId="S1" Value="7"/>
<Cov CovItemId="S10" Value="16"/>
<Cov CovItemId="S11" Value="16"/>
<Cov CovItemId="S12" Value="16"/>
<Cov CovItemId="S13" Value="48"/>
<Cov CovItemId="S14" Value="16"/>
<Cov CovItemId="S2" Value="27"/>
<Cov CovItemId="S3" Value="7"/>
<Cov CovItemId="S4" Value="70"/>
<Cov CovItemId="S5" Value="280"/>
<Cov CovItemId="S6" Value="4"/>
<Cov CovItemId="S7" Value="41"/>
<Cov CovItemId="S8" Value="40"/>
<Cov CovItemId="S9" Value="1"/>
</CovPrefix>
<CovPrefix CovItemPrefix="pickr.classes.GamingCard.java">
<Cov CovItemId="B1" Value="224"/>
<Cov CovItemId="B2" Value="56"/>
<Cov CovItemId="B4" Value="280"/>
<Cov CovItemId="S1" Value="280"/>
<Cov CovItemId="S10" Value="280"/>
<Cov CovItemId="S12" Value="280"/>
<Cov CovItemId="S13" Value="105"/>
<Cov CovItemId="S2" Value="280"/>
<Cov CovItemId="S3" Value="280"/>
<Cov CovItemId="S4" Value="82"/>
<Cov CovItemId="S6" Value="308"/>
<Cov CovItemId="S7" Value="280"/>
<Cov CovItemId="S8" Value="224"/>
<Cov CovItemId="S9" Value="56"/>
</CovPrefix>
<CovPrefix CovItemPrefix="pickr.classes.Player.java">
<Cov CovItemId="S1" Value="16"/>
<Cov CovItemId="S12" Value="23"/>
<Cov CovItemId="S13" Value="44"/>
<Cov CovItemId="S14" Value="40"/>
<Cov CovItemId="S2" Value="16"/>
<Cov CovItemId="S3" Value="16"/>
<Cov CovItemId="S4" Value="16"/>
<Cov CovItemId="S5" Value="56"/>
<Cov CovItemId="S6" Value="16"/>
<Cov CovItemId="S7" Value="44"/>
<Cov CovItemId="S9" Value="11"/>
</CovPrefix>
<CovPrefix CovItemPrefix="pickr.games.Briscola.java">
<Cov CovItemId="B1" Value="2"/>
<Cov CovItemId="B2" Value="42"/>
<Cov CovItemId="B3" Value="2"/>
<Cov CovItemId="B4" Value="42"/>
<Cov CovItemId="B5" Value="3"/>
<Cov CovItemId="B6" Value="41"/>
<Cov CovItemId="S1" Value="4"/>
<Cov CovItemId="S10" Value="11"/>
<Cov CovItemId="S11" Value="44"/>
<Cov CovItemId="S12" Value="2"/>
<Cov CovItemId="S13" Value="2"/>
<Cov CovItemId="S14" Value="44"/>
<Cov CovItemId="S15" Value="2"/>
<Cov CovItemId="S16" Value="2"/>
<Cov CovItemId="S17" Value="44"/>
<Cov CovItemId="S18" Value="3"/>
<Cov CovItemId="S19" Value="3"/>
<Cov CovItemId="S2" Value="4"/>
<Cov CovItemId="S20" Value="11"/>
<Cov CovItemId="S21" Value="11"/>
<Cov CovItemId="S22" Value="11"/>
<Cov CovItemId="S23" Value="44"/>
<Cov CovItemId="S24" Value="11"/>
<Cov CovItemId="S25" Value="11"/>
<Cov CovItemId="S26" Value="11"/>
<Cov CovItemId="S27" Value="11"/>
<Cov CovItemId="S28" Value="41"/>
<Cov CovItemId="S3" Value="4"/>
<Cov CovItemId="S4" Value="16"/>
<Cov CovItemId="S5" Value="4"/>
<Cov CovItemId="S6" Value="4"/>
<Cov CovItemId="S7" Value="4"/>
<Cov CovItemId="S8" Value="4"/>
<Cov CovItemId="S9" Value="11"/>
</CovPrefix>
<CovPrefix CovItemPrefix="pickr.games.Game.java">
<Cov CovItemId="B1" Value="16"/>
<Cov CovItemId="B3" Value="11"/>
<Cov CovItemId="B4" Value="33"/>
<Cov CovItemId="S1" Value="4"/>
<Cov CovItemId="S10" Value="21"/>
<Cov CovItemId="S11" Value="16"/>
<Cov CovItemId="S12" Value="16"/>
<Cov CovItemId="S14" Value="11"/>
<Cov CovItemId="S15" Value="11"/>
<Cov CovItemId="S16" Value="44"/>
<Cov CovItemId="S17" Value="11"/>
<Cov CovItemId="S18" Value="44"/>
<Cov CovItemId="S19" Value="11"/>
<Cov CovItemId="S2" Value="4"/>
<Cov CovItemId="S20" Value="11"/>
<Cov CovItemId="S21" Value="44"/>
<Cov CovItemId="S22" Value="11"/>
<Cov CovItemId="S23" Value="44"/>
<Cov CovItemId="S24" Value="11"/>
<Cov CovItemId="S25" Value="11"/>
<Cov CovItemId="S26" Value="11"/>
<Cov CovItemId="S27" Value="11"/>
<Cov CovItemId="S28" Value="11"/>
<Cov CovItemId="S3" Value="4"/>
<Cov CovItemId="S4" Value="4"/>
<Cov CovItemId="S5" Value="4"/>
<Cov CovItemId="S6" Value="4"/>
<Cov CovItemId="S7" Value="10"/>
<Cov CovItemId="S8" Value="3"/>
<Cov CovItemId="S9" Value="33"/>
</CovPrefix>
</CovList>
<AssgnmntList>
<AssgnmntPrefix RootTermCovItemPrefix="pickr.classes.Deck.java">
<AssgnmntListEntry Length="1" RootTermCovItemId="C1">
<MapEntry BoolAssgnmnt="0" Value="7"/>
<MapEntry BoolAssgnmnt="1" Value="70"/>
</AssgnmntListEntry>
<AssgnmntListEntry Length="1" RootTermCovItemId="C2">
<MapEntry BoolAssgnmnt="0" Value="40"/>
<MapEntry BoolAssgnmnt="1" Value="1"/>
</AssgnmntListEntry>
<AssgnmntListEntry Length="1" RootTermCovItemId="C3">
<MapEntry BoolAssgnmnt="1" Value="16"/>
</AssgnmntListEntry>
<AssgnmntListEntry Length="1" RootTermCovItemId="C4">
<MapEntry BoolAssgnmnt="0" Value="16"/>
<MapEntry BoolAssgnmnt="1" Value="48"/>
</AssgnmntListEntry>
</AssgnmntPrefix>
<AssgnmntPrefix RootTermCovItemPrefix="pickr.classes.GamingCard.java">
<AssgnmntListEntry Length="2" RootTermCovItemId="C1">
<MapEntry BoolAssgnmnt="02" Value="28"/>
<MapEntry BoolAssgnmnt="10" Value="28"/>
<MapEntry BoolAssgnmnt="11" Value="224"/>
</AssgnmntListEntry>
<AssgnmntListEntry Length="2" RootTermCovItemId="C2">
<MapEntry BoolAssgnmnt="00" Value="280"/>
</AssgnmntListEntry>
</AssgnmntPrefix>
<AssgnmntPrefix RootTermCovItemPrefix="pickr.games.Briscola.java">
<AssgnmntListEntry Length="3" RootTermCovItemId="C1">
<MapEntry BoolAssgnmnt="022" Value="33"/>
<MapEntry BoolAssgnmnt="102" Value="3"/>
<MapEntry BoolAssgnmnt="110" Value="6"/>
<MapEntry BoolAssgnmnt="111" Value="2"/>
</AssgnmntListEntry>
<AssgnmntListEntry Length="3" RootTermCovItemId="C2">
<MapEntry BoolAssgnmnt="022" Value="35"/>
<MapEntry BoolAssgnmnt="102" Value="6"/>
<MapEntry BoolAssgnmnt="110" Value="1"/>
<MapEntry BoolAssgnmnt="111" Value="2"/>
</AssgnmntListEntry>
<AssgnmntListEntry Length="3" RootTermCovItemId="C3">
<MapEntry BoolAssgnmnt="122" Value="7"/>
<MapEntry BoolAssgnmnt="002" Value="27"/>
<MapEntry BoolAssgnmnt="010" Value="7"/>
<MapEntry BoolAssgnmnt="011" Value="3"/>
</AssgnmntListEntry>
</AssgnmntPrefix>
<AssgnmntPrefix RootTermCovItemPrefix="pickr.games.Game.java">
<AssgnmntListEntry Length="1" RootTermCovItemId="C1">
<MapEntry BoolAssgnmnt="1" Value="16"/>
</AssgnmntListEntry>
<AssgnmntListEntry Length="1" RootTermCovItemId="C2">
<MapEntry BoolAssgnmnt="0" Value="33"/>
<MapEntry BoolAssgnmnt="1" Value="11"/>
</AssgnmntListEntry>
</AssgnmntPrefix>
</AssgnmntList>
<ObjMetaDataList/>
<MetaDataList/>
</TestCase>
<TestCase Comment="" Date="1598619558770" Name="randoop.RandoopTest0:test93">
<CovList>
<CovPrefix CovItemPrefix="pickr.classes.Deck.java">
<Cov CovItemId="B1" Value="4"/>
<Cov CovItemId="B3" Value="4"/>
<Cov CovItemId="B4" Value="1"/>
<Cov CovItemId="S1" Value="3"/>
<Cov CovItemId="S10" Value="5"/>
<Cov CovItemId="S11" Value="4"/>
<Cov CovItemId="S12" Value="4"/>
<Cov CovItemId="S13" Value="12"/>
<Cov CovItemId="S14" Value="4"/>
<Cov CovItemId="S15" Value="1"/>
<Cov CovItemId="S2" Value="8"/>
<Cov CovItemId="S3" Value="2"/>
<Cov CovItemId="S4" Value="20"/>
<Cov CovItemId="S5" Value="80"/>
<Cov CovItemId="S6" Value="1"/>
<Cov CovItemId="S7" Value="4"/>
<Cov CovItemId="S8" Value="4"/>
</CovPrefix>
<CovPrefix CovItemPrefix="pickr.classes.GamingCard.java">
<Cov CovItemId="B1" Value="64"/>
<Cov CovItemId="B2" Value="16"/>
<Cov CovItemId="B4" Value="80"/>
<Cov CovItemId="S1" Value="80"/>
<Cov CovItemId="S10" Value="80"/>
<Cov CovItemId="S12" Value="80"/>
<Cov CovItemId="S13" Value="19"/>
<Cov CovItemId="S2" Value="80"/>
<Cov CovItemId="S3" Value="80"/>
<Cov CovItemId="S4" Value="11"/>
<Cov CovItemId="S6" Value="28"/>
<Cov CovItemId="S7" Value="80"/>
<Cov CovItemId="S8" Value="64"/>
<Cov CovItemId="S9" Value="16"/>
</CovPrefix>
<CovPrefix CovItemPrefix="pickr.classes.Player.java">
<Cov CovItemId="S1" Value="4"/>
<Cov CovItemId="S12" Value="5"/>
<Cov CovItemId="S13" Value="4"/>
<Cov CovItemId="S14" Value="4"/>
<Cov CovItemId="S2" Value="4"/>
<Cov CovItemId="S3" Value="4"/>
<Cov CovItemId="S4" Value="4"/>
<Cov CovItemId="S5" Value="8"/>
<Cov CovItemId="S6" Value="4"/>
<Cov CovItemId="S7" Value="4"/>
<Cov CovItemId="S9" Value="1"/>
</CovPrefix>
<CovPrefix CovItemPrefix="pickr.games.Briscola.java">
<Cov CovItemId="B1" Value="1"/>
<Cov CovItemId="B2" Value="3"/>
<Cov CovItemId="B4" Value="4"/>
<Cov CovItemId="B6" Value="4"/>
<Cov CovItemId="S1" Value="1"/>
<Cov CovItemId="S10" Value="1"/>
<Cov CovItemId="S11" Value="4"/>
<Cov CovItemId="S12" Value="1"/>
<Cov CovItemId="S13" Value="1"/>
<Cov CovItemId="S14" Value="4"/>
<Cov CovItemId="S17" Value="4"/>
<Cov CovItemId="S2" Value="1"/>
<Cov CovItemId="S20" Value="1"/>
<Cov CovItemId="S21" Value="1"/>
<Cov CovItemId="S22" Value="1"/>
<Cov CovItemId="S23" Value="4"/>
<Cov CovItemId="S24" Value="1"/>
<Cov CovItemId="S25" Value="1"/>
<Cov CovItemId="S26" Value="1"/>
<Cov CovItemId="S27" Value="1"/>
<Cov CovItemId="S28" Value="4"/>
<Cov CovItemId="S3" Value="1"/>
<Cov CovItemId="S4" Value="4"/>
<Cov CovItemId="S5" Value="1"/>
<Cov CovItemId="S6" Value="1"/>
<Cov CovItemId="S7" Value="1"/>
<Cov CovItemId="S8" Value="1"/>
<Cov CovItemId="S9" Value="1"/>
</CovPrefix>
<CovPrefix CovItemPrefix="pickr.games.Game.java">
<Cov CovItemId="B1" Value="4"/>
<Cov CovItemId="B3" Value="1"/>
<Cov CovItemId="B4" Value="3"/>
<Cov CovItemId="S1" Value="1"/>
<Cov CovItemId="S10" Value="4"/>
<Cov CovItemId="S11" Value="4"/>
<Cov CovItemId="S12" Value="4"/>
<Cov CovItemId="S14" Value="1"/>
<Cov CovItemId="S15" Value="1"/>
<Cov CovItemId="S16" Value="4"/>
<Cov CovItemId="S17" Value="1"/>
<Cov CovItemId="S18" Value="4"/>
<Cov CovItemId="S19" Value="1"/>
<Cov CovItemId="S2" Value="1"/>
<Cov CovItemId="S20" Value="1"/>
<Cov CovItemId="S21" Value="4"/>
<Cov CovItemId="S22" Value="1"/>
<Cov CovItemId="S23" Value="4"/>
<Cov CovItemId="S24" Value="1"/>
<Cov CovItemId="S25" Value="1"/>
<Cov CovItemId="S26" Value="1"/>
<Cov CovItemId="S27" Value="1"/>
<Cov CovItemId="S28" Value="1"/>
<Cov CovItemId="S3" Value="1"/>
<Cov CovItemId="S4" Value="1"/>
<Cov CovItemId="S5" Value="1"/>
<Cov CovItemId="S6" Value="1"/>
<Cov CovItemId="S7" Value="3"/>
<Cov CovItemId="S8" Value="1"/>
<Cov CovItemId="S9" Value="3"/>
</CovPrefix>
</CovList>
<AssgnmntList>
<AssgnmntPrefix RootTermCovItemPrefix="pickr.classes.Deck.java">
<AssgnmntListEntry Length="1" RootTermCovItemId="C1">
<MapEntry BoolAssgnmnt="0" Value="2"/>
<MapEntry BoolAssgnmnt="1" Value="20"/>
</AssgnmntListEntry>
<AssgnmntListEntry Length="1" RootTermCovItemId="C2">
<MapEntry BoolAssgnmnt="0" Value="4"/>
</AssgnmntListEntry>
<AssgnmntListEntry Length="1" RootTermCovItemId="C3">
<MapEntry BoolAssgnmnt="0" Value="1"/>
<MapEntry BoolAssgnmnt="1" Value="4"/>
</AssgnmntListEntry>
<AssgnmntListEntry Length="1" RootTermCovItemId="C4">
<MapEntry BoolAssgnmnt="0" Value="4"/>
<MapEntry BoolAssgnmnt="1" Value="12"/>
</AssgnmntListEntry>
</AssgnmntPrefix>
<AssgnmntPrefix RootTermCovItemPrefix="pickr.classes.GamingCard.java">
<AssgnmntListEntry Length="2" RootTermCovItemId="C1">
<MapEntry BoolAssgnmnt="02" Value="8"/>
<MapEntry BoolAssgnmnt="10" Value="8"/>
<MapEntry BoolAssgnmnt="11" Value="64"/>
</AssgnmntListEntry>
<AssgnmntListEntry Length="2" RootTermCovItemId="C2">
<MapEntry BoolAssgnmnt="00" Value="80"/>
</AssgnmntListEntry>
</AssgnmntPrefix>
<AssgnmntPrefix RootTermCovItemPrefix="pickr.games.Briscola.java">
<AssgnmntListEntry Length="3" RootTermCovItemId="C1">
<MapEntry BoolAssgnmnt="022" Value="2"/>
<MapEntry BoolAssgnmnt="110" Value="1"/>
<MapEntry BoolAssgnmnt="111" Value="1"/>
</AssgnmntListEntry>
<AssgnmntListEntry Length="3" RootTermCovItemId="C2">
<MapEntry BoolAssgnmnt="022" Value="3"/>
<MapEntry BoolAssgnmnt="102" Value="1"/>
</AssgnmntListEntry>
<AssgnmntListEntry Length="3" RootTermCovItemId="C3">
<MapEntry BoolAssgnmnt="122" Value="1"/>
<MapEntry BoolAssgnmnt="002" Value="1"/>
<MapEntry BoolAssgnmnt="010" Value="2"/>
</AssgnmntListEntry>
</AssgnmntPrefix>
<AssgnmntPrefix RootTermCovItemPrefix="pickr.games.Game.java">
<AssgnmntListEntry Length="1" RootTermCovItemId="C1">
<MapEntry BoolAssgnmnt="1" Value="4"/>
</AssgnmntListEntry>
<AssgnmntListEntry Length="1" RootTermCovItemId="C2">
<MapEntry BoolAssgnmnt="0" Value="3"/>
<MapEntry BoolAssgnmnt="1" Value="1"/>
</AssgnmntListEntry>
</AssgnmntPrefix>
</AssgnmntList>
<ObjMetaDataList/>
<MetaDataList/>
</TestCase>
<TestCase Comment="" Date="1598619558771" Name="randoop.RandoopTest0:test94">
<CovList>
<CovPrefix CovItemPrefix="pickr.classes.Deck.java">
<Cov CovItemId="B1" Value="40"/>
<Cov CovItemId="B2" Value="1"/>
<Cov CovItemId="B3" Value="16"/>
<Cov CovItemId="S1" Value="8"/>
<Cov CovItemId="S10" Value="16"/>
<Cov CovItemId="S11" Value="16"/>
<Cov CovItemId="S12" Value="16"/>
<Cov CovItemId="S13" Value="48"/>
<Cov CovItemId="S14" Value="16"/>
<Cov CovItemId="S2" Value="30"/>
<Cov CovItemId="S3" Value="8"/>
<Cov CovItemId="S4" Value="80"/>
<Cov CovItemId="S5" Value="320"/>
<Cov CovItemId="S6" Value="4"/>
<Cov CovItemId="S7" Value="41"/>
<Cov CovItemId="S8" Value="40"/>
<Cov CovItemId="S9" Value="1"/>
</CovPrefix>
<CovPrefix CovItemPrefix="pickr.classes.GamingCard.java">
<Cov CovItemId="B1" Value="256"/>
<Cov CovItemId="B2" Value="64"/>
<Cov CovItemId="B4" Value="320"/>
<Cov CovItemId="S1" Value="320"/>
<Cov CovItemId="S10" Value="320"/>
<Cov CovItemId="S12" Value="320"/>
<Cov CovItemId="S13" Value="111"/>
<Cov CovItemId="S2" Value="320"/>
<Cov CovItemId="S3" Value="320"/>
<Cov CovItemId="S4" Value="80"/>
<Cov CovItemId="S6" Value="308"/>
<Cov CovItemId="S7" Value="320"/>
<Cov CovItemId="S8" Value="256"/>
<Cov CovItemId="S9" Value="64"/>
</CovPrefix>
<CovPrefix CovItemPrefix="pickr.classes.Player.java">
<Cov CovItemId="S1" Value="16"/>
<Cov CovItemId="S12" Value="23"/>
<Cov CovItemId="S13" Value="44"/>
<Cov CovItemId="S14" Value="40"/>
<Cov CovItemId="S2" Value="16"/>
<Cov CovItemId="S3" Value="16"/>
<Cov CovItemId="S4" Value="16"/>
<Cov CovItemId="S5" Value="56"/>
<Cov CovItemId="S6" Value="16"/>
<Cov CovItemId="S7" Value="44"/>
<Cov CovItemId="S9" Value="11"/>
</CovPrefix>
<CovPrefix CovItemPrefix="pickr.games.Briscola.java">
<Cov CovItemId="B1" Value="3"/>
<Cov CovItemId="B2" Value="41"/>
<Cov CovItemId="B3" Value="4"/>
<Cov CovItemId="B4" Value="40"/>
<Cov CovItemId="B5" Value="3"/>
<Cov CovItemId="B6" Value="41"/>
<Cov CovItemId="S1" Value="4"/>
<Cov CovItemId="S10" Value="11"/>
<Cov CovItemId="S11" Value="44"/>
<Cov CovItemId="S12" Value="3"/>
<Cov CovItemId="S13" Value="3"/>
<Cov CovItemId="S14" Value="44"/>
<Cov CovItemId="S15" Value="4"/>
<Cov CovItemId="S16" Value="4"/>
<Cov CovItemId="S17" Value="44"/>
<Cov CovItemId="S18" Value="3"/>
<Cov CovItemId="S19" Value="3"/>
<Cov CovItemId="S2" Value="4"/>
<Cov CovItemId="S20" Value="11"/>
<Cov CovItemId="S21" Value="11"/>
<Cov CovItemId="S22" Value="11"/>
<Cov CovItemId="S23" Value="44"/>
<Cov CovItemId="S24" Value="11"/>
<Cov CovItemId="S25" Value="11"/>
<Cov CovItemId="S26" Value="11"/>
<Cov CovItemId="S27" Value="11"/>
<Cov CovItemId="S28" Value="41"/>
<Cov CovItemId="S3" Value="4"/>
<Cov CovItemId="S4" Value="16"/>
<Cov CovItemId="S5" Value="4"/>
<Cov CovItemId="S6" Value="4"/>
<Cov CovItemId="S7" Value="4"/>
<Cov CovItemId="S8" Value="4"/>
<Cov CovItemId="S9" Value="11"/>
</CovPrefix>
<CovPrefix CovItemPrefix="pickr.games.Game.java">
<Cov CovItemId="B1" Value="16"/>
<Cov CovItemId="B3" Value="11"/>
<Cov CovItemId="B4" Value="33"/>
<Cov CovItemId="S1" Value="4"/>
<Cov CovItemId="S10" Value="21"/>
<Cov CovItemId="S11" Value="16"/>
<Cov CovItemId="S12" Value="16"/>
<Cov CovItemId="S14" Value="11"/>
<Cov CovItemId="S15" Value="11"/>
<Cov CovItemId="S16" Value="44"/>
<Cov CovItemId="S17" Value="11"/>
<Cov CovItemId="S18" Value="44"/>
<Cov CovItemId="S19" Value="11"/>
<Cov CovItemId="S2" Value="4"/>
<Cov CovItemId="S20" Value="11"/>
<Cov CovItemId="S21" Value="44"/>
<Cov CovItemId="S22" Value="11"/>
<Cov CovItemId="S23" Value="44"/>
<Cov CovItemId="S24" Value="11"/>
<Cov CovItemId="S25" Value="11"/>
<Cov CovItemId="S26" Value="11"/>
<Cov CovItemId="S27" Value="11"/>
<Cov CovItemId="S28" Value="11"/>
<Cov CovItemId="S3" Value="4"/>
<Cov CovItemId="S4" Value="4"/>
<Cov CovItemId="S5" Value="4"/>
<Cov CovItemId="S6" Value="4"/>
<Cov CovItemId="S7" Value="10"/>
<Cov CovItemId="S8" Value="3"/>
<Cov CovItemId="S9" Value="33"/>
</CovPrefix>
</CovList>
<AssgnmntList>
<AssgnmntPrefix RootTermCovItemPrefix="pickr.classes.Deck.java">
<AssgnmntListEntry Length="1" RootTermCovItemId="C1">
<MapEntry BoolAssgnmnt="0" Value="8"/>
<MapEntry BoolAssgnmnt="1" Value="80"/>
</AssgnmntListEntry>
<AssgnmntListEntry Length="1" RootTermCovItemId="C2">
<MapEntry BoolAssgnmnt="0" Value="40"/>
<MapEntry BoolAssgnmnt="1" Value="1"/>
</AssgnmntListEntry>
<AssgnmntListEntry Length="1" RootTermCovItemId="C3">
<MapEntry BoolAssgnmnt="1" Value="16"/>
</AssgnmntListEntry>
<AssgnmntListEntry Length="1" RootTermCovItemId="C4">
<MapEntry BoolAssgnmnt="0" Value="16"/>
<MapEntry BoolAssgnmnt="1" Value="48"/>
</AssgnmntListEntry>
</AssgnmntPrefix>
<AssgnmntPrefix RootTermCovItemPrefix="pickr.classes.GamingCard.java">
<AssgnmntListEntry Length="2" RootTermCovItemId="C1">
<MapEntry BoolAssgnmnt="02" Value="32"/>
<MapEntry BoolAssgnmnt="10" Value="32"/>
<MapEntry BoolAssgnmnt="11" Value="256"/>
</AssgnmntListEntry>
<AssgnmntListEntry Length="2" RootTermCovItemId="C2">
<MapEntry BoolAssgnmnt="00" Value="320"/>
</AssgnmntListEntry>
</AssgnmntPrefix>
<AssgnmntPrefix RootTermCovItemPrefix="pickr.games.Briscola.java">
<AssgnmntListEntry Length="3" RootTermCovItemId="C1">
<MapEntry BoolAssgnmnt="022" Value="35"/>
<MapEntry BoolAssgnmnt="102" Value="4"/>
<MapEntry BoolAssgnmnt="110" Value="2"/>
<MapEntry BoolAssgnmnt="111" Value="3"/>
</AssgnmntListEntry>
<AssgnmntListEntry Length="3" RootTermCovItemId="C2">
<MapEntry BoolAssgnmnt="022" Value="38"/>
<MapEntry BoolAssgnmnt="102" Value="2"/>
<MapEntry BoolAssgnmnt="111" Value="4"/>
</AssgnmntListEntry>
<AssgnmntListEntry Length="3" RootTermCovItemId="C3">
<MapEntry BoolAssgnmnt="122" Value="2"/>
<MapEntry BoolAssgnmnt="002" Value="32"/>
<MapEntry BoolAssgnmnt="010" Value="7"/>
<MapEntry BoolAssgnmnt="011" Value="3"/>
</AssgnmntListEntry>
</AssgnmntPrefix>
<AssgnmntPrefix RootTermCovItemPrefix="pickr.games.Game.java">
<AssgnmntListEntry Length="1" RootTermCovItemId="C1">
<MapEntry BoolAssgnmnt="1" Value="16"/>
</AssgnmntListEntry>
<AssgnmntListEntry Length="1" RootTermCovItemId="C2">
<MapEntry BoolAssgnmnt="0" Value="33"/>
<MapEntry BoolAssgnmnt="1" Value="11"/>
</AssgnmntListEntry>
</AssgnmntPrefix>
</AssgnmntList>
<ObjMetaDataList/>
<MetaDataList/>
</TestCase>
<TestCase Comment="" Date="1598619558771" Name="randoop.RandoopTest0:test95">
<CovList>
<CovPrefix CovItemPrefix="pickr.classes.Deck.java">
<Cov CovItemId="B1" Value="40"/>
<Cov CovItemId="B2" Value="1"/>
<Cov CovItemId="B3" Value="16"/>
<Cov CovItemId="S1" Value="7"/>
<Cov CovItemId="S10" Value="16"/>
<Cov CovItemId="S11" Value="16"/>
<Cov CovItemId="S12" Value="16"/>
<Cov CovItemId="S13" Value="48"/>
<Cov CovItemId="S14" Value="16"/>
<Cov CovItemId="S2" Value="27"/>
<Cov CovItemId="S3" Value="7"/>
<Cov CovItemId="S4" Value="70"/>
<Cov CovItemId="S5" Value="280"/>
<Cov CovItemId="S6" Value="4"/>
<Cov CovItemId="S7" Value="41"/>
<Cov CovItemId="S8" Value="40"/>
<Cov CovItemId="S9" Value="1"/>
</CovPrefix>
<CovPrefix CovItemPrefix="pickr.classes.GamingCard.java">
<Cov CovItemId="B1" Value="224"/>
<Cov CovItemId="B2" Value="56"/>
<Cov CovItemId="B4" Value="280"/>
<Cov CovItemId="S1" Value="280"/>
<Cov CovItemId="S10" Value="280"/>
<Cov CovItemId="S12" Value="280"/>
<Cov CovItemId="S13" Value="105"/>
<Cov CovItemId="S2" Value="280"/>
<Cov CovItemId="S3" Value="280"/>
<Cov CovItemId="S4" Value="79"/>
<Cov CovItemId="S6" Value="308"/>
<Cov CovItemId="S7" Value="280"/>
<Cov CovItemId="S8" Value="224"/>
<Cov CovItemId="S9" Value="56"/>
</CovPrefix>
<CovPrefix CovItemPrefix="pickr.classes.Player.java">
<Cov CovItemId="S1" Value="16"/>
<Cov CovItemId="S12" Value="23"/>
<Cov CovItemId="S13" Value="44"/>
<Cov CovItemId="S14" Value="40"/>
<Cov CovItemId="S2" Value="16"/>
<Cov CovItemId="S3" Value="16"/>
<Cov CovItemId="S4" Value="16"/>
<Cov CovItemId="S5" Value="56"/>
<Cov CovItemId="S6" Value="16"/>
<Cov CovItemId="S7" Value="44"/>
<Cov CovItemId="S9" Value="11"/>
</CovPrefix>
<CovPrefix CovItemPrefix="pickr.games.Briscola.java">
<Cov CovItemId="B2" Value="44"/>
<Cov CovItemId="B3" Value="3"/>
<Cov CovItemId="B4" Value="41"/>
<Cov CovItemId="B5" Value="4"/>
<Cov CovItemId="B6" Value="40"/>
<Cov CovItemId="S1" Value="4"/>
<Cov CovItemId="S10" Value="11"/>
<Cov CovItemId="S11" Value="44"/>
<Cov CovItemId="S14" Value="44"/>
<Cov CovItemId="S15" Value="3"/>
<Cov CovItemId="S16" Value="3"/>
<Cov CovItemId="S17" Value="44"/>
<Cov CovItemId="S18" Value="4"/>
<Cov CovItemId="S19" Value="4"/>
<Cov CovItemId="S2" Value="4"/>
<Cov CovItemId="S20" Value="11"/>
<Cov CovItemId="S21" Value="11"/>
<Cov CovItemId="S22" Value="11"/>
<Cov CovItemId="S23" Value="44"/>
<Cov CovItemId="S24" Value="11"/>
<Cov CovItemId="S25" Value="11"/>
<Cov CovItemId="S26" Value="11"/>
<Cov CovItemId="S27" Value="11"/>
<Cov CovItemId="S28" Value="41"/>
<Cov CovItemId="S3" Value="4"/>
<Cov CovItemId="S4" Value="16"/>
<Cov CovItemId="S5" Value="4"/>
<Cov CovItemId="S6" Value="4"/>
<Cov CovItemId="S7" Value="4"/>
<Cov CovItemId="S8" Value="4"/>
<Cov CovItemId="S9" Value="11"/>
</CovPrefix>
<CovPrefix CovItemPrefix="pickr.games.Game.java">
<Cov CovItemId="B1" Value="16"/>
<Cov CovItemId="B3" Value="11"/>
<Cov CovItemId="B4" Value="33"/>
<Cov CovItemId="S1" Value="4"/>
<Cov CovItemId="S10" Value="21"/>
<Cov CovItemId="S11" Value="16"/>
<Cov CovItemId="S12" Value="16"/>
<Cov CovItemId="S14" Value="11"/>
<Cov CovItemId="S15" Value="11"/>
<Cov CovItemId="S16" Value="44"/>
<Cov CovItemId="S17" Value="11"/>
<Cov CovItemId="S18" Value="44"/>
<Cov CovItemId="S19" Value="11"/>
<Cov CovItemId="S2" Value="4"/>
<Cov CovItemId="S20" Value="11"/>
<Cov CovItemId="S21" Value="44"/>
<Cov CovItemId="S22" Value="11"/>
<Cov CovItemId="S23" Value="44"/>
<Cov CovItemId="S24" Value="11"/>
<Cov CovItemId="S25" Value="11"/>
<Cov CovItemId="S26" Value="11"/>
<Cov CovItemId="S27" Value="11"/>
<Cov CovItemId="S28" Value="11"/>
<Cov CovItemId="S3" Value="4"/>
<Cov CovItemId="S4" Value="4"/>
<Cov CovItemId="S5" Value="4"/>
<Cov CovItemId="S6" Value="4"/>
<Cov CovItemId="S7" Value="10"/>
<Cov CovItemId="S8" Value="3"/>
<Cov CovItemId="S9" Value="33"/>
</CovPrefix>
</CovList>
<AssgnmntList>
<AssgnmntPrefix RootTermCovItemPrefix="pickr.classes.Deck.java">
<AssgnmntListEntry Length="1" RootTermCovItemId="C1">
<MapEntry BoolAssgnmnt="0" Value="7"/>
<MapEntry BoolAssgnmnt="1" Value="70"/>
</AssgnmntListEntry>
<AssgnmntListEntry Length="1" RootTermCovItemId="C2">
<MapEntry BoolAssgnmnt="0" Value="40"/>
<MapEntry BoolAssgnmnt="1" Value="1"/>
</AssgnmntListEntry>
<AssgnmntListEntry Length="1" RootTermCovItemId="C3">
<MapEntry BoolAssgnmnt="1" Value="16"/>
</AssgnmntListEntry>
<AssgnmntListEntry Length="1" RootTermCovItemId="C4">
<MapEntry BoolAssgnmnt="0" Value="16"/>
<MapEntry BoolAssgnmnt="1" Value="48"/>
</AssgnmntListEntry>
</AssgnmntPrefix>
<AssgnmntPrefix RootTermCovItemPrefix="pickr.classes.GamingCard.java">
<AssgnmntListEntry Length="2" RootTermCovItemId="C1">
<MapEntry BoolAssgnmnt="02" Value="28"/>
<MapEntry BoolAssgnmnt="10" Value="28"/>
<MapEntry BoolAssgnmnt="11" Value="224"/>
</AssgnmntListEntry>
<AssgnmntListEntry Length="2" RootTermCovItemId="C2">
<MapEntry BoolAssgnmnt="00" Value="280"/>
</AssgnmntListEntry>
</AssgnmntPrefix>
<AssgnmntPrefix RootTermCovItemPrefix="pickr.games.Briscola.java">
<AssgnmntListEntry Length="3" RootTermCovItemId="C1">
<MapEntry BoolAssgnmnt="022" Value="35"/>
<MapEntry BoolAssgnmnt="102" Value="3"/>
<MapEntry BoolAssgnmnt="110" Value="6"/>
</AssgnmntListEntry>
<AssgnmntListEntry Length="3" RootTermCovItemId="C2">
<MapEntry BoolAssgnmnt="022" Value="35"/>
<MapEntry BoolAssgnmnt="102" Value="6"/>
<MapEntry BoolAssgnmnt="111" Value="3"/>
</AssgnmntListEntry>
<AssgnmntListEntry Length="3" RootTermCovItemId="C3">
<MapEntry BoolAssgnmnt="122" Value="6"/>
<MapEntry BoolAssgnmnt="002" Value="28"/>
<MapEntry BoolAssgnmnt="010" Value="6"/>
<MapEntry BoolAssgnmnt="011" Value="4"/>
</AssgnmntListEntry>
</AssgnmntPrefix>
<AssgnmntPrefix RootTermCovItemPrefix="pickr.games.Game.java">
<AssgnmntListEntry Length="1" RootTermCovItemId="C1">
<MapEntry BoolAssgnmnt="1" Value="16"/>
</AssgnmntListEntry>
<AssgnmntListEntry Length="1" RootTermCovItemId="C2">
<MapEntry BoolAssgnmnt="0" Value="33"/>
<MapEntry BoolAssgnmnt="1" Value="11"/>
</AssgnmntListEntry>
</AssgnmntPrefix>
</AssgnmntList>
<ObjMetaDataList/>
<MetaDataList/>
</TestCase>
<TestCase Comment="" Date="1598619558772" Name="randoop.RandoopTest0:test96">
<CovList>
<CovPrefix CovItemPrefix="pickr.classes.Deck.java">
<Cov CovItemId="B1" Value="8"/>
<Cov CovItemId="B3" Value="8"/>
<Cov CovItemId="S1" Value="9"/>
<Cov CovItemId="S10" Value="8"/>
<Cov CovItemId="S11" Value="8"/>
<Cov CovItemId="S12" Value="8"/>
<Cov CovItemId="S13" Value="24"/>
<Cov CovItemId="S14" Value="8"/>
<Cov CovItemId="S2" Value="31"/>
<Cov CovItemId="S3" Value="9"/>
<Cov CovItemId="S4" Value="90"/>
<Cov CovItemId="S5" Value="360"/>
<Cov CovItemId="S6" Value="2"/>
<Cov CovItemId="S7" Value="8"/>
<Cov CovItemId="S8" Value="8"/>
</CovPrefix>
<CovPrefix CovItemPrefix="pickr.classes.GamingCard.java">
<Cov CovItemId="B1" Value="289"/>
<Cov CovItemId="B2" Value="72"/>
<Cov CovItemId="B3" Value="1"/>
<Cov CovItemId="B4" Value="360"/>
<Cov CovItemId="S1" Value="361"/>
<Cov CovItemId="S10" Value="361"/>
<Cov CovItemId="S11" Value="1"/>
<Cov CovItemId="S12" Value="360"/>
<Cov CovItemId="S13" Value="36"/>
<Cov CovItemId="S2" Value="361"/>
<Cov CovItemId="S3" Value="361"/>
<Cov CovItemId="S4" Value="12"/>
<Cov CovItemId="S6" Value="56"/>
<Cov CovItemId="S7" Value="361"/>
<Cov CovItemId="S8" Value="289"/>
<Cov CovItemId="S9" Value="72"/>
</CovPrefix>
<CovPrefix CovItemPrefix="pickr.classes.Player.java">
<Cov CovItemId="S1" Value="8"/>
<Cov CovItemId="S12" Value="10"/>
<Cov CovItemId="S13" Value="8"/>
<Cov CovItemId="S14" Value="8"/>
<Cov CovItemId="S2" Value="8"/>
<Cov CovItemId="S3" Value="8"/>
<Cov CovItemId="S4" Value="8"/>
<Cov CovItemId="S5" Value="16"/>
<Cov CovItemId="S6" Value="8"/>
<Cov CovItemId="S7" Value="8"/>
<Cov CovItemId="S9" Value="2"/>
</CovPrefix>
<CovPrefix CovItemPrefix="pickr.games.Briscola.java">
<Cov CovItemId="B2" Value="8"/>
<Cov CovItemId="B4" Value="8"/>
<Cov CovItemId="B5" Value="1"/>
<Cov CovItemId="B6" Value="7"/>
<Cov CovItemId="S1" Value="2"/>
<Cov CovItemId="S10" Value="2"/>
<Cov CovItemId="S11" Value="8"/>
<Cov CovItemId="S14" Value="8"/>
<Cov CovItemId="S17" Value="8"/>
<Cov CovItemId="S18" Value="1"/>
<Cov CovItemId="S19" Value="1"/>
<Cov CovItemId="S2" Value="2"/>
<Cov CovItemId="S20" Value="2"/>
<Cov CovItemId="S21" Value="2"/>
<Cov CovItemId="S22" Value="2"/>
<Cov CovItemId="S23" Value="8"/>
<Cov CovItemId="S24" Value="2"/>
<Cov CovItemId="S25" Value="2"/>
<Cov CovItemId="S26" Value="2"/>
<Cov CovItemId="S27" Value="2"/>
<Cov CovItemId="S28" Value="8"/>
<Cov CovItemId="S3" Value="2"/>
<Cov CovItemId="S4" Value="8"/>
<Cov CovItemId="S5" Value="2"/>
<Cov CovItemId="S6" Value="2"/>
<Cov CovItemId="S7" Value="2"/>
<Cov CovItemId="S8" Value="2"/>
<Cov CovItemId="S9" Value="2"/>
</CovPrefix>
<CovPrefix CovItemPrefix="pickr.games.Game.java">
<Cov CovItemId="B1" Value="8"/>
<Cov CovItemId="B3" Value="2"/>
<Cov CovItemId="B4" Value="6"/>
<Cov CovItemId="S1" Value="2"/>
<Cov CovItemId="S10" Value="8"/>
<Cov CovItemId="S11" Value="8"/>
<Cov CovItemId="S12" Value="8"/>
<Cov CovItemId="S14" Value="2"/>
<Cov CovItemId="S15" Value="2"/>
<Cov CovItemId="S16" Value="8"/>
<Cov CovItemId="S17" Value="2"/>
<Cov CovItemId="S18" Value="8"/>
<Cov CovItemId="S19" Value="2"/>
<Cov CovItemId="S2" Value="2"/>
<Cov CovItemId="S20" Value="2"/>
<Cov CovItemId="S21" Value="8"/>
<Cov CovItemId="S22" Value="2"/>
<Cov CovItemId="S23" Value="8"/>
<Cov CovItemId="S24" Value="2"/>
<Cov CovItemId="S25" Value="2"/>
<Cov CovItemId="S26" Value="2"/>
<Cov CovItemId="S27" Value="2"/>
<Cov CovItemId="S28" Value="2"/>
<Cov CovItemId="S3" Value="2"/>
<Cov CovItemId="S4" Value="2"/>
<Cov CovItemId="S5" Value="2"/>
<Cov CovItemId="S6" Value="2"/>
<Cov CovItemId="S7" Value="6"/>
<Cov CovItemId="S8" Value="2"/>
<Cov CovItemId="S9" Value="6"/>
</CovPrefix>
</CovList>
<AssgnmntList>
<AssgnmntPrefix RootTermCovItemPrefix="pickr.classes.Deck.java">
<AssgnmntListEntry Length="1" RootTermCovItemId="C1">
<MapEntry BoolAssgnmnt="0" Value="9"/>
<MapEntry BoolAssgnmnt="1" Value="90"/>
</AssgnmntListEntry>
<AssgnmntListEntry Length="1" RootTermCovItemId="C2">
<MapEntry BoolAssgnmnt="0" Value="8"/>
</AssgnmntListEntry>
<AssgnmntListEntry Length="1" RootTermCovItemId="C3">
<MapEntry BoolAssgnmnt="1" Value="8"/>
</AssgnmntListEntry>
<AssgnmntListEntry Length="1" RootTermCovItemId="C4">
<MapEntry BoolAssgnmnt="0" Value="8"/>
<MapEntry BoolAssgnmnt="1" Value="24"/>
</AssgnmntListEntry>
</AssgnmntPrefix>
<AssgnmntPrefix RootTermCovItemPrefix="pickr.classes.GamingCard.java">
<AssgnmntListEntry Length="2" RootTermCovItemId="C1">
<MapEntry BoolAssgnmnt="02" Value="36"/>
<MapEntry BoolAssgnmnt="10" Value="36"/>
<MapEntry BoolAssgnmnt="11" Value="289"/>
</AssgnmntListEntry>
<AssgnmntListEntry Length="2" RootTermCovItemId="C2">
<MapEntry BoolAssgnmnt="00" Value="360"/>
<MapEntry BoolAssgnmnt="01" Value="1"/>
</AssgnmntListEntry>
</AssgnmntPrefix>
<AssgnmntPrefix RootTermCovItemPrefix="pickr.games.Briscola.java">
<AssgnmntListEntry Length="3" RootTermCovItemId="C1">
<MapEntry BoolAssgnmnt="022" Value="8"/>
</AssgnmntListEntry>
<AssgnmntListEntry Length="3" RootTermCovItemId="C2">
<MapEntry BoolAssgnmnt="022" Value="8"/>
</AssgnmntListEntry>
<AssgnmntListEntry Length="3" RootTermCovItemId="C3">
<MapEntry BoolAssgnmnt="002" Value="6"/>
<MapEntry BoolAssgnmnt="010" Value="1"/>
<MapEntry BoolAssgnmnt="011" Value="1"/>
</AssgnmntListEntry>
</AssgnmntPrefix>
<AssgnmntPrefix RootTermCovItemPrefix="pickr.games.Game.java">
<AssgnmntListEntry Length="1" RootTermCovItemId="C1">
<MapEntry BoolAssgnmnt="1" Value="8"/>
</AssgnmntListEntry>
<AssgnmntListEntry Length="1" RootTermCovItemId="C2">
<MapEntry BoolAssgnmnt="0" Value="6"/>
<MapEntry BoolAssgnmnt="1" Value="2"/>
</AssgnmntListEntry>
</AssgnmntPrefix>
</AssgnmntList>
<ObjMetaDataList/>
<MetaDataList/>
</TestCase>
<TestCase Comment="" Date="1598619558772" Name="randoop.RandoopTest0:test97">
<CovList>
<CovPrefix CovItemPrefix="pickr.classes.Deck.java">
<Cov CovItemId="B1" Value="12"/>
<Cov CovItemId="B3" Value="12"/>
<Cov CovItemId="S1" Value="6"/>
<Cov CovItemId="S10" Value="12"/>
<Cov CovItemId="S11" Value="12"/>
<Cov CovItemId="S12" Value="12"/>
<Cov CovItemId="S13" Value="36"/>
<Cov CovItemId="S14" Value="12"/>
<Cov CovItemId="S2" Value="24"/>
<Cov CovItemId="S3" Value="6"/>
<Cov CovItemId="S4" Value="60"/>
<Cov CovItemId="S5" Value="240"/>
<Cov CovItemId="S6" Value="3"/>
<Cov CovItemId="S7" Value="12"/>
<Cov CovItemId="S8" Value="12"/>
</CovPrefix>
<CovPrefix CovItemPrefix="pickr.classes.GamingCard.java">
<Cov CovItemId="B1" Value="193"/>
<Cov CovItemId="B2" Value="48"/>
<Cov CovItemId="B3" Value="1"/>
<Cov CovItemId="B4" Value="240"/>
<Cov CovItemId="S1" Value="241"/>
<Cov CovItemId="S10" Value="241"/>
<Cov CovItemId="S11" Value="1"/>
<Cov CovItemId="S12" Value="240"/>
<Cov CovItemId="S13" Value="57"/>
<Cov CovItemId="S2" Value="241"/>
<Cov CovItemId="S3" Value="241"/>
<Cov CovItemId="S4" Value="27"/>
<Cov CovItemId="S6" Value="84"/>
<Cov CovItemId="S7" Value="241"/>
<Cov CovItemId="S8" Value="193"/>
<Cov CovItemId="S9" Value="48"/>
</CovPrefix>
<CovPrefix CovItemPrefix="pickr.classes.Player.java">
<Cov CovItemId="S1" Value="12"/>
<Cov CovItemId="S12" Value="15"/>
<Cov CovItemId="S13" Value="12"/>
<Cov CovItemId="S14" Value="12"/>
<Cov CovItemId="S2" Value="12"/>
<Cov CovItemId="S3" Value="12"/>
<Cov CovItemId="S4" Value="12"/>
<Cov CovItemId="S5" Value="24"/>
<Cov CovItemId="S6" Value="12"/>
<Cov CovItemId="S7" Value="12"/>
<Cov CovItemId="S9" Value="3"/>
</CovPrefix>
<CovPrefix CovItemPrefix="pickr.games.Briscola.java">
<Cov CovItemId="B1" Value="1"/>
<Cov CovItemId="B2" Value="11"/>
<Cov CovItemId="B3" Value="1"/>
<Cov CovItemId="B4" Value="11"/>
<Cov CovItemId="B5" Value="1"/>
<Cov CovItemId="B6" Value="11"/>
<Cov CovItemId="S1" Value="3"/>
<Cov CovItemId="S10" Value="3"/>
<Cov CovItemId="S11" Value="12"/>
<Cov CovItemId="S12" Value="1"/>
<Cov CovItemId="S13" Value="1"/>
<Cov CovItemId="S14" Value="12"/>
<Cov CovItemId="S15" Value="1"/>
<Cov CovItemId="S16" Value="1"/>
<Cov CovItemId="S17" Value="12"/>
<Cov CovItemId="S18" Value="1"/>
<Cov CovItemId="S19" Value="1"/>
<Cov CovItemId="S2" Value="3"/>
<Cov CovItemId="S20" Value="3"/>
<Cov CovItemId="S21" Value="3"/>
<Cov CovItemId="S22" Value="3"/>
<Cov CovItemId="S23" Value="12"/>
<Cov CovItemId="S24" Value="3"/>
<Cov CovItemId="S25" Value="3"/>
<Cov CovItemId="S26" Value="3"/>
<Cov CovItemId="S27" Value="3"/>
<Cov CovItemId="S28" Value="12"/>
<Cov CovItemId="S3" Value="3"/>
<Cov CovItemId="S4" Value="12"/>
<Cov CovItemId="S5" Value="3"/>
<Cov CovItemId="S6" Value="3"/>
<Cov CovItemId="S7" Value="3"/>
<Cov CovItemId="S8" Value="3"/>
<Cov CovItemId="S9" Value="3"/>
</CovPrefix>
<CovPrefix CovItemPrefix="pickr.games.Game.java">
<Cov CovItemId="B1" Value="12"/>
<Cov CovItemId="B3" Value="3"/>
<Cov CovItemId="B4" Value="9"/>
<Cov CovItemId="S1" Value="3"/>
<Cov CovItemId="S10" Value="12"/>
<Cov CovItemId="S11" Value="12"/>
<Cov CovItemId="S12" Value="12"/>
<Cov CovItemId="S14" Value="3"/>
<Cov CovItemId="S15" Value="3"/>
<Cov CovItemId="S16" Value="12"/>
<Cov CovItemId="S17" Value="3"/>
<Cov CovItemId="S18" Value="12"/>
<Cov CovItemId="S19" Value="3"/>
<Cov CovItemId="S2" Value="3"/>
<Cov CovItemId="S20" Value="3"/>
<Cov CovItemId="S21" Value="12"/>
<Cov CovItemId="S22" Value="3"/>
<Cov CovItemId="S23" Value="12"/>
<Cov CovItemId="S24" Value="3"/>
<Cov CovItemId="S25" Value="3"/>
<Cov CovItemId="S26" Value="3"/>
<Cov CovItemId="S27" Value="3"/>
<Cov CovItemId="S28" Value="3"/>
<Cov CovItemId="S3" Value="3"/>
<Cov CovItemId="S4" Value="3"/>
<Cov CovItemId="S5" Value="3"/>
<Cov CovItemId="S6" Value="3"/>
<Cov CovItemId="S7" Value="9"/>
<Cov CovItemId="S8" Value="3"/>
<Cov CovItemId="S9" Value="9"/>
</CovPrefix>
</CovList>
<AssgnmntList>
<AssgnmntPrefix RootTermCovItemPrefix="pickr.classes.Deck.java">
<AssgnmntListEntry Length="1" RootTermCovItemId="C1">
<MapEntry BoolAssgnmnt="0" Value="6"/>
<MapEntry BoolAssgnmnt="1" Value="60"/>
</AssgnmntListEntry>
<AssgnmntListEntry Length="1" RootTermCovItemId="C2">
<MapEntry BoolAssgnmnt="0" Value="12"/>
</AssgnmntListEntry>
<AssgnmntListEntry Length="1" RootTermCovItemId="C3">
<MapEntry BoolAssgnmnt="1" Value="12"/>
</AssgnmntListEntry>
<AssgnmntListEntry Length="1" RootTermCovItemId="C4">
<MapEntry BoolAssgnmnt="0" Value="12"/>
<MapEntry BoolAssgnmnt="1" Value="36"/>
</AssgnmntListEntry>
</AssgnmntPrefix>
<AssgnmntPrefix RootTermCovItemPrefix="pickr.classes.GamingCard.java">
<AssgnmntListEntry Length="2" RootTermCovItemId="C1">
<MapEntry BoolAssgnmnt="02" Value="24"/>
<MapEntry BoolAssgnmnt="10" Value="24"/>
<MapEntry BoolAssgnmnt="11" Value="193"/>
</AssgnmntListEntry>
<AssgnmntListEntry Length="2" RootTermCovItemId="C2">
<MapEntry BoolAssgnmnt="00" Value="240"/>
<MapEntry BoolAssgnmnt="01" Value="1"/>
</AssgnmntListEntry>
</AssgnmntPrefix>
<AssgnmntPrefix RootTermCovItemPrefix="pickr.games.Briscola.java">
<AssgnmntListEntry Length="3" RootTermCovItemId="C1">
<MapEntry BoolAssgnmnt="022" Value="8"/>
<MapEntry BoolAssgnmnt="102" Value="1"/>
<MapEntry BoolAssgnmnt="110" Value="2"/>
<MapEntry BoolAssgnmnt="111" Value="1"/>
</AssgnmntListEntry>
<AssgnmntListEntry Length="3" RootTermCovItemId="C2">
<MapEntry BoolAssgnmnt="022" Value="9"/>
<MapEntry BoolAssgnmnt="102" Value="2"/>
<MapEntry BoolAssgnmnt="111" Value="1"/>
</AssgnmntListEntry>
<AssgnmntListEntry Length="3" RootTermCovItemId="C3">
<MapEntry BoolAssgnmnt="122" Value="2"/>
<MapEntry BoolAssgnmnt="002" Value="7"/>
<MapEntry BoolAssgnmnt="010" Value="2"/>
<MapEntry BoolAssgnmnt="011" Value="1"/>
</AssgnmntListEntry>
</AssgnmntPrefix>
<AssgnmntPrefix RootTermCovItemPrefix="pickr.games.Game.java">
<AssgnmntListEntry Length="1" RootTermCovItemId="C1">
<MapEntry BoolAssgnmnt="1" Value="12"/>
</AssgnmntListEntry>
<AssgnmntListEntry Length="1" RootTermCovItemId="C2">
<MapEntry BoolAssgnmnt="0" Value="9"/>
<MapEntry BoolAssgnmnt="1" Value="3"/>
</AssgnmntListEntry>
</AssgnmntPrefix>
</AssgnmntList>
<ObjMetaDataList/>
<MetaDataList/>
</TestCase>
<TestCase Comment="" Date="1598619558773" Name="randoop.RandoopTest0:test98">
<CovList>
<CovPrefix CovItemPrefix="pickr.classes.Deck.java">
<Cov CovItemId="B1" Value="32"/>
<Cov CovItemId="B2" Value="1"/>
<Cov CovItemId="B3" Value="8"/>
<Cov CovItemId="S1" Value="4"/>
<Cov CovItemId="S10" Value="8"/>
<Cov CovItemId="S11" Value="8"/>
<Cov CovItemId="S12" Value="8"/>
<Cov CovItemId="S13" Value="24"/>
<Cov CovItemId="S14" Value="8"/>
<Cov CovItemId="S2" Value="14"/>
<Cov CovItemId="S3" Value="4"/>
<Cov CovItemId="S4" Value="40"/>
<Cov CovItemId="S5" Value="160"/>
<Cov CovItemId="S6" Value="2"/>
<Cov CovItemId="S7" Value="33"/>
<Cov CovItemId="S8" Value="32"/>
<Cov CovItemId="S9" Value="1"/>
</CovPrefix>
<CovPrefix CovItemPrefix="pickr.classes.GamingCard.java">
<Cov CovItemId="B1" Value="128"/>
<Cov CovItemId="B2" Value="32"/>
<Cov CovItemId="B4" Value="160"/>
<Cov CovItemId="S1" Value="160"/>
<Cov CovItemId="S10" Value="160"/>
<Cov CovItemId="S12" Value="160"/>
<Cov CovItemId="S13" Value="87"/>
<Cov CovItemId="S2" Value="160"/>
<Cov CovItemId="S3" Value="160"/>
<Cov CovItemId="S4" Value="84"/>
<Cov CovItemId="S6" Value="252"/>
<Cov CovItemId="S7" Value="160"/>
<Cov CovItemId="S8" Value="128"/>
<Cov CovItemId="S9" Value="32"/>
</CovPrefix>
<CovPrefix CovItemPrefix="pickr.classes.Player.java">
<Cov CovItemId="S1" Value="8"/>
<Cov CovItemId="S12" Value="13"/>
<Cov CovItemId="S13" Value="36"/>
<Cov CovItemId="S14" Value="32"/>
<Cov CovItemId="S2" Value="8"/>
<Cov CovItemId="S3" Value="8"/>
<Cov CovItemId="S4" Value="8"/>
<Cov CovItemId="S5" Value="40"/>
<Cov CovItemId="S6" Value="8"/>
<Cov CovItemId="S7" Value="36"/>
<Cov CovItemId="S9" Value="9"/>
</CovPrefix>
<CovPrefix CovItemPrefix="pickr.games.Briscola.java">
<Cov CovItemId="B1" Value="1"/>
<Cov CovItemId="B2" Value="35"/>
<Cov CovItemId="B3" Value="10"/>
<Cov CovItemId="B4" Value="26"/>
<Cov CovItemId="B5" Value="4"/>
<Cov CovItemId="B6" Value="32"/>
<Cov CovItemId="S1" Value="2"/>
<Cov CovItemId="S10" Value="9"/>
<Cov CovItemId="S11" Value="36"/>
<Cov CovItemId="S12" Value="1"/>
<Cov CovItemId="S13" Value="1"/>
<Cov CovItemId="S14" Value="36"/>
<Cov CovItemId="S15" Value="10"/>
<Cov CovItemId="S16" Value="10"/>
<Cov CovItemId="S17" Value="36"/>
<Cov CovItemId="S18" Value="4"/>
<Cov CovItemId="S19" Value="4"/>
<Cov CovItemId="S2" Value="2"/>
<Cov CovItemId="S20" Value="9"/>
<Cov CovItemId="S21" Value="9"/>
<Cov CovItemId="S22" Value="9"/>
<Cov CovItemId="S23" Value="36"/>
<Cov CovItemId="S24" Value="9"/>
<Cov CovItemId="S25" Value="9"/>
<Cov CovItemId="S26" Value="9"/>
<Cov CovItemId="S27" Value="9"/>
<Cov CovItemId="S28" Value="33"/>
<Cov CovItemId="S3" Value="2"/>
<Cov CovItemId="S4" Value="8"/>
<Cov CovItemId="S5" Value="2"/>
<Cov CovItemId="S6" Value="2"/>
<Cov CovItemId="S7" Value="2"/>
<Cov CovItemId="S8" Value="2"/>
<Cov CovItemId="S9" Value="9"/>
</CovPrefix>
<CovPrefix CovItemPrefix="pickr.games.Game.java">
<Cov CovItemId="B1" Value="8"/>
<Cov CovItemId="B3" Value="9"/>
<Cov CovItemId="B4" Value="27"/>
<Cov CovItemId="S1" Value="2"/>
<Cov CovItemId="S10" Value="13"/>
<Cov CovItemId="S11" Value="8"/>
<Cov CovItemId="S12" Value="8"/>
<Cov CovItemId="S14" Value="9"/>
<Cov CovItemId="S15" Value="9"/>
<Cov CovItemId="S16" Value="36"/>
<Cov CovItemId="S17" Value="9"/>
<Cov CovItemId="S18" Value="36"/>
<Cov CovItemId="S19" Value="9"/>
<Cov CovItemId="S2" Value="2"/>
<Cov CovItemId="S20" Value="9"/>
<Cov CovItemId="S21" Value="36"/>
<Cov CovItemId="S22" Value="9"/>
<Cov CovItemId="S23" Value="36"/>
<Cov CovItemId="S24" Value="9"/>
<Cov CovItemId="S25" Value="9"/>
<Cov CovItemId="S26" Value="9"/>
<Cov CovItemId="S27" Value="9"/>
<Cov CovItemId="S28" Value="9"/>
<Cov CovItemId="S3" Value="2"/>
<Cov CovItemId="S4" Value="2"/>
<Cov CovItemId="S5" Value="2"/>
<Cov CovItemId="S6" Value="2"/>
<Cov CovItemId="S7" Value="4"/>
<Cov CovItemId="S8" Value="1"/>
<Cov CovItemId="S9" Value="27"/>
</CovPrefix>
</CovList>
<AssgnmntList>
<AssgnmntPrefix RootTermCovItemPrefix="pickr.classes.Deck.java">
<AssgnmntListEntry Length="1" RootTermCovItemId="C1">
<MapEntry BoolAssgnmnt="0" Value="4"/>
<MapEntry BoolAssgnmnt="1" Value="40"/>
</AssgnmntListEntry>
<AssgnmntListEntry Length="1" RootTermCovItemId="C2">
<MapEntry BoolAssgnmnt="0" Value="32"/>
<MapEntry BoolAssgnmnt="1" Value="1"/>
</AssgnmntListEntry>
<AssgnmntListEntry Length="1" RootTermCovItemId="C3">
<MapEntry BoolAssgnmnt="1" Value="8"/>
</AssgnmntListEntry>
<AssgnmntListEntry Length="1" RootTermCovItemId="C4">
<MapEntry BoolAssgnmnt="0" Value="8"/>
<MapEntry BoolAssgnmnt="1" Value="24"/>
</AssgnmntListEntry>
</AssgnmntPrefix>
<AssgnmntPrefix RootTermCovItemPrefix="pickr.classes.GamingCard.java">
<AssgnmntListEntry Length="2" RootTermCovItemId="C1">
<MapEntry BoolAssgnmnt="02" Value="16"/>
<MapEntry BoolAssgnmnt="10" Value="16"/>
<MapEntry BoolAssgnmnt="11" Value="128"/>
</AssgnmntListEntry>
<AssgnmntListEntry Length="2" RootTermCovItemId="C2">
<MapEntry BoolAssgnmnt="00" Value="160"/>
</AssgnmntListEntry>
</AssgnmntPrefix>
<AssgnmntPrefix RootTermCovItemPrefix="pickr.games.Briscola.java">
<AssgnmntListEntry Length="3" RootTermCovItemId="C1">
<MapEntry BoolAssgnmnt="022" Value="21"/>
<MapEntry BoolAssgnmnt="102" Value="11"/>
<MapEntry BoolAssgnmnt="110" Value="3"/>
<MapEntry BoolAssgnmnt="111" Value="1"/>
</AssgnmntListEntry>
<AssgnmntListEntry Length="3" RootTermCovItemId="C2">
<MapEntry BoolAssgnmnt="022" Value="22"/>
<MapEntry BoolAssgnmnt="102" Value="3"/>
<MapEntry BoolAssgnmnt="110" Value="1"/>
<MapEntry BoolAssgnmnt="111" Value="10"/>
</AssgnmntListEntry>
<AssgnmntListEntry Length="3" RootTermCovItemId="C3">
<MapEntry BoolAssgnmnt="122" Value="4"/>
<MapEntry BoolAssgnmnt="002" Value="26"/>
<MapEntry BoolAssgnmnt="010" Value="2"/>
<MapEntry BoolAssgnmnt="011" Value="4"/>
</AssgnmntListEntry>
</AssgnmntPrefix>
<AssgnmntPrefix RootTermCovItemPrefix="pickr.games.Game.java">
<AssgnmntListEntry Length="1" RootTermCovItemId="C1">
<MapEntry BoolAssgnmnt="1" Value="8"/>
</AssgnmntListEntry>
<AssgnmntListEntry Length="1" RootTermCovItemId="C2">
<MapEntry BoolAssgnmnt="0" Value="27"/>
<MapEntry BoolAssgnmnt="1" Value="9"/>
</AssgnmntListEntry>
</AssgnmntPrefix>
</AssgnmntList>
<ObjMetaDataList/>
<MetaDataList/>
</TestCase>
<TestCase Comment="" Date="1598619558773" Name="randoop.RandoopTest0:test99">
<CovList>
<CovPrefix CovItemPrefix="pickr.classes.Deck.java">
<Cov CovItemId="B1" Value="24"/>
<Cov CovItemId="B3" Value="24"/>
<Cov CovItemId="S1" Value="9"/>
<Cov CovItemId="S10" Value="24"/>
<Cov CovItemId="S11" Value="24"/>
<Cov CovItemId="S12" Value="24"/>
<Cov CovItemId="S13" Value="72"/>
<Cov CovItemId="S14" Value="24"/>
<Cov CovItemId="S2" Value="39"/>
<Cov CovItemId="S3" Value="9"/>
<Cov CovItemId="S4" Value="90"/>
<Cov CovItemId="S5" Value="360"/>
<Cov CovItemId="S6" Value="6"/>
<Cov CovItemId="S7" Value="24"/>
<Cov CovItemId="S8" Value="24"/>
</CovPrefix>
<CovPrefix CovItemPrefix="pickr.classes.GamingCard.java">
<Cov CovItemId="B1" Value="289"/>
<Cov CovItemId="B2" Value="72"/>
<Cov CovItemId="B3" Value="1"/>
<Cov CovItemId="B4" Value="360"/>
<Cov CovItemId="S1" Value="361"/>
<Cov CovItemId="S10" Value="361"/>
<Cov CovItemId="S11" Value="1"/>
<Cov CovItemId="S12" Value="360"/>
<Cov CovItemId="S13" Value="110"/>
<Cov CovItemId="S2" Value="361"/>
<Cov CovItemId="S3" Value="361"/>
<Cov CovItemId="S4" Value="60"/>
<Cov CovItemId="S6" Value="168"/>
<Cov CovItemId="S7" Value="361"/>
<Cov CovItemId="S8" Value="289"/>
<Cov CovItemId="S9" Value="72"/>
</CovPrefix>
<CovPrefix CovItemPrefix="pickr.classes.Player.java">
<Cov CovItemId="S1" Value="24"/>
<Cov CovItemId="S12" Value="30"/>
<Cov CovItemId="S13" Value="24"/>
<Cov CovItemId="S14" Value="24"/>
<Cov CovItemId="S2" Value="24"/>
<Cov CovItemId="S3" Value="24"/>
<Cov CovItemId="S4" Value="24"/>
<Cov CovItemId="S5" Value="48"/>
<Cov CovItemId="S6" Value="24"/>
<Cov CovItemId="S7" Value="24"/>
<Cov CovItemId="S9" Value="6"/>
</CovPrefix>
<CovPrefix CovItemPrefix="pickr.games.Briscola.java">
<Cov CovItemId="B1" Value="3"/>
<Cov CovItemId="B2" Value="21"/>
<Cov CovItemId="B3" Value="1"/>
<Cov CovItemId="B4" Value="23"/>
<Cov CovItemId="B6" Value="24"/>
<Cov CovItemId="S1" Value="6"/>
<Cov CovItemId="S10" Value="6"/>
<Cov CovItemId="S11" Value="24"/>
<Cov CovItemId="S12" Value="3"/>
<Cov CovItemId="S13" Value="3"/>
<Cov CovItemId="S14" Value="24"/>
<Cov CovItemId="S15" Value="1"/>
<Cov CovItemId="S16" Value="1"/>
<Cov CovItemId="S17" Value="24"/>
<Cov CovItemId="S2" Value="6"/>
<Cov CovItemId="S20" Value="6"/>
<Cov CovItemId="S21" Value="6"/>
<Cov CovItemId="S22" Value="6"/>
<Cov CovItemId="S23" Value="24"/>
<Cov CovItemId="S24" Value="6"/>
<Cov CovItemId="S25" Value="6"/>
<Cov CovItemId="S26" Value="6"/>
<Cov CovItemId="S27" Value="6"/>
<Cov CovItemId="S28" Value="24"/>
<Cov CovItemId="S3" Value="6"/>
<Cov CovItemId="S4" Value="24"/>
<Cov CovItemId="S5" Value="6"/>
<Cov CovItemId="S6" Value="6"/>
<Cov CovItemId="S7" Value="6"/>
<Cov CovItemId="S8" Value="6"/>
<Cov CovItemId="S9" Value="6"/>
</CovPrefix>
<CovPrefix CovItemPrefix="pickr.games.Game.java">
<Cov CovItemId="B1" Value="24"/>
<Cov CovItemId="B3" Value="6"/>
<Cov CovItemId="B4" Value="18"/>
<Cov CovItemId="S1" Value="6"/>
<Cov CovItemId="S10" Value="24"/>
<Cov CovItemId="S11" Value="24"/>
<Cov CovItemId="S12" Value="24"/>
<Cov CovItemId="S14" Value="6"/>
<Cov CovItemId="S15" Value="6"/>
<Cov CovItemId="S16" Value="24"/>
<Cov CovItemId="S17" Value="6"/>
<Cov CovItemId="S18" Value="24"/>
<Cov CovItemId="S19" Value="6"/>
<Cov CovItemId="S2" Value="6"/>
<Cov CovItemId="S20" Value="6"/>
<Cov CovItemId="S21" Value="24"/>
<Cov CovItemId="S22" Value="6"/>
<Cov CovItemId="S23" Value="24"/>
<Cov CovItemId="S24" Value="6"/>
<Cov CovItemId="S25" Value="6"/>
<Cov CovItemId="S26" Value="6"/>
<Cov CovItemId="S27" Value="6"/>
<Cov CovItemId="S28" Value="6"/>
<Cov CovItemId="S3" Value="6"/>
<Cov CovItemId="S4" Value="6"/>
<Cov CovItemId="S5" Value="6"/>
<Cov CovItemId="S6" Value="6"/>
<Cov CovItemId="S7" Value="18"/>
<Cov CovItemId="S8" Value="6"/>
<Cov CovItemId="S9" Value="18"/>
</CovPrefix>
</CovList>
<AssgnmntList>
<AssgnmntPrefix RootTermCovItemPrefix="pickr.classes.Deck.java">
<AssgnmntListEntry Length="1" RootTermCovItemId="C1">
<MapEntry BoolAssgnmnt="0" Value="9"/>
<MapEntry BoolAssgnmnt="1" Value="90"/>
</AssgnmntListEntry>
<AssgnmntListEntry Length="1" RootTermCovItemId="C2">
<MapEntry BoolAssgnmnt="0" Value="24"/>
</AssgnmntListEntry>
<AssgnmntListEntry Length="1" RootTermCovItemId="C3">
<MapEntry BoolAssgnmnt="1" Value="24"/>
</AssgnmntListEntry>
<AssgnmntListEntry Length="1" RootTermCovItemId="C4">
<MapEntry BoolAssgnmnt="0" Value="24"/>
<MapEntry BoolAssgnmnt="1" Value="72"/>
</AssgnmntListEntry>
</AssgnmntPrefix>
<AssgnmntPrefix RootTermCovItemPrefix="pickr.classes.GamingCard.java">
<AssgnmntListEntry Length="2" RootTermCovItemId="C1">
<MapEntry BoolAssgnmnt="02" Value="36"/>
<MapEntry BoolAssgnmnt="10" Value="36"/>
<MapEntry BoolAssgnmnt="11" Value="289"/>
</AssgnmntListEntry>
<AssgnmntListEntry Length="2" RootTermCovItemId="C2">
<MapEntry BoolAssgnmnt="00" Value="360"/>
<MapEntry BoolAssgnmnt="01" Value="1"/>
</AssgnmntListEntry>
</AssgnmntPrefix>
<AssgnmntPrefix RootTermCovItemPrefix="pickr.games.Briscola.java">
<AssgnmntListEntry Length="3" RootTermCovItemId="C1">
<MapEntry BoolAssgnmnt="022" Value="13"/>
<MapEntry BoolAssgnmnt="102" Value="1"/>
<MapEntry BoolAssgnmnt="110" Value="7"/>
<MapEntry BoolAssgnmnt="111" Value="3"/>
</AssgnmntListEntry>
<AssgnmntListEntry Length="3" RootTermCovItemId="C2">
<MapEntry BoolAssgnmnt="022" Value="16"/>
<MapEntry BoolAssgnmnt="102" Value="7"/>
<MapEntry BoolAssgnmnt="111" Value="1"/>
</AssgnmntListEntry>
<AssgnmntListEntry Length="3" RootTermCovItemId="C3">
<MapEntry BoolAssgnmnt="122" Value="7"/>
<MapEntry BoolAssgnmnt="002" Value="10"/>
<MapEntry BoolAssgnmnt="010" Value="7"/>
</AssgnmntListEntry>
</AssgnmntPrefix>
<AssgnmntPrefix RootTermCovItemPrefix="pickr.games.Game.java">
<AssgnmntListEntry Length="1" RootTermCovItemId="C1">
<MapEntry BoolAssgnmnt="1" Value="24"/>
</AssgnmntListEntry>
<AssgnmntListEntry Length="1" RootTermCovItemId="C2">
<MapEntry BoolAssgnmnt="0" Value="18"/>
<MapEntry BoolAssgnmnt="1" Value="6"/>
</AssgnmntListEntry>
</AssgnmntPrefix>
</AssgnmntList>
<ObjMetaDataList/>
<MetaDataList/>
</TestCase>
<TestCase Comment="" Date="1598619558774" Name="randoop.RandoopTest0:test1">
<CovList>
<CovPrefix CovItemPrefix="pickr.classes.GamingCard.java">
<Cov CovItemId="B1" Value="1"/>
<Cov CovItemId="B3" Value="1"/>
<Cov CovItemId="S1" Value="1"/>
<Cov CovItemId="S10" Value="1"/>
<Cov CovItemId="S11" Value="1"/>
<Cov CovItemId="S2" Value="1"/>
<Cov CovItemId="S3" Value="1"/>
<Cov CovItemId="S7" Value="1"/>
<Cov CovItemId="S8" Value="1"/>
</CovPrefix>
</CovList>
<AssgnmntList>
<AssgnmntPrefix RootTermCovItemPrefix="pickr.classes.GamingCard.java">
<AssgnmntListEntry Length="2" RootTermCovItemId="C1">
<MapEntry BoolAssgnmnt="11" Value="1"/>
</AssgnmntListEntry>
<AssgnmntListEntry Length="2" RootTermCovItemId="C2">
<MapEntry BoolAssgnmnt="01" Value="1"/>
</AssgnmntListEntry>
</AssgnmntPrefix>
</AssgnmntList>
<ObjMetaDataList/>
<MetaDataList/>
</TestCase>
<TestCase Comment="" Date="1598619558774" Name="randoop.RandoopTest0:test2">
<CovList>
<CovPrefix CovItemPrefix="pickr.classes.Deck.java">
<Cov CovItemId="B4" Value="1"/>
<Cov CovItemId="S1" Value="1"/>
<Cov CovItemId="S10" Value="1"/>
<Cov CovItemId="S15" Value="1"/>
</CovPrefix>
</CovList>
<AssgnmntList>
<AssgnmntPrefix RootTermCovItemPrefix="pickr.classes.Deck.java">
<AssgnmntListEntry Length="1" RootTermCovItemId="C3">
<MapEntry BoolAssgnmnt="0" Value="1"/>
</AssgnmntListEntry>
</AssgnmntPrefix>
</AssgnmntList>
<ObjMetaDataList/>
<MetaDataList/>
</TestCase>
<TestCase Comment="" Date="1598619558775" Name="randoop.RandoopTest0:test3">
<CovList>
<CovPrefix CovItemPrefix="pickr.classes.Deck.java">
<Cov CovItemId="B1" Value="28"/>
<Cov CovItemId="B2" Value="1"/>
<Cov CovItemId="B3" Value="4"/>
<Cov CovItemId="S1" Value="1"/>
<Cov CovItemId="S10" Value="4"/>
<Cov CovItemId="S11" Value="4"/>
<Cov CovItemId="S12" Value="4"/>
<Cov CovItemId="S13" Value="12"/>
<Cov CovItemId="S14" Value="4"/>
<Cov CovItemId="S2" Value="3"/>
<Cov CovItemId="S3" Value="1"/>
<Cov CovItemId="S4" Value="10"/>
<Cov CovItemId="S5" Value="40"/>
<Cov CovItemId="S6" Value="1"/>
<Cov CovItemId="S7" Value="29"/>
<Cov CovItemId="S8" Value="28"/>
<Cov CovItemId="S9" Value="1"/>
</CovPrefix>
<CovPrefix CovItemPrefix="pickr.classes.GamingCard.java">
<Cov CovItemId="B1" Value="32"/>
<Cov CovItemId="B2" Value="8"/>
<Cov CovItemId="B4" Value="40"/>
<Cov CovItemId="S1" Value="40"/>
<Cov CovItemId="S10" Value="40"/>
<Cov CovItemId="S12" Value="40"/>
<Cov CovItemId="S13" Value="60"/>
<Cov CovItemId="S2" Value="40"/>
<Cov CovItemId="S3" Value="40"/>
<Cov CovItemId="S4" Value="62"/>
<Cov CovItemId="S6" Value="224"/>
<Cov CovItemId="S7" Value="40"/>
<Cov CovItemId="S8" Value="32"/>
<Cov CovItemId="S9" Value="8"/>
</CovPrefix>
<CovPrefix CovItemPrefix="pickr.classes.Player.java">
<Cov CovItemId="S1" Value="4"/>
<Cov CovItemId="S12" Value="8"/>
<Cov CovItemId="S13" Value="32"/>
<Cov CovItemId="S14" Value="28"/>
<Cov CovItemId="S2" Value="4"/>
<Cov CovItemId="S3" Value="4"/>
<Cov CovItemId="S4" Value="4"/>
<Cov CovItemId="S5" Value="32"/>
<Cov CovItemId="S6" Value="4"/>
<Cov CovItemId="S7" Value="32"/>
<Cov CovItemId="S9" Value="8"/>
</CovPrefix>
<CovPrefix CovItemPrefix="pickr.games.Briscola.java">
<Cov CovItemId="B1" Value="1"/>
<Cov CovItemId="B2" Value="31"/>
<Cov CovItemId="B3" Value="5"/>
<Cov CovItemId="B4" Value="27"/>
<Cov CovItemId="B5" Value="4"/>
<Cov CovItemId="B6" Value="28"/>
<Cov CovItemId="S1" Value="1"/>
<Cov CovItemId="S10" Value="8"/>
<Cov CovItemId="S11" Value="32"/>
<Cov CovItemId="S12" Value="1"/>
<Cov CovItemId="S13" Value="1"/>
<Cov CovItemId="S14" Value="32"/>
<Cov CovItemId="S15" Value="5"/>
<Cov CovItemId="S16" Value="5"/>
<Cov CovItemId="S17" Value="32"/>
<Cov CovItemId="S18" Value="4"/>
<Cov CovItemId="S19" Value="4"/>
<Cov CovItemId="S2" Value="1"/>
<Cov CovItemId="S20" Value="8"/>
<Cov CovItemId="S21" Value="8"/>
<Cov CovItemId="S22" Value="8"/>
<Cov CovItemId="S23" Value="32"/>
<Cov CovItemId="S24" Value="8"/>
<Cov CovItemId="S25" Value="8"/>
<Cov CovItemId="S26" Value="8"/>
<Cov CovItemId="S27" Value="8"/>
<Cov CovItemId="S28" Value="29"/>
<Cov CovItemId="S3" Value="1"/>
<Cov CovItemId="S4" Value="4"/>
<Cov CovItemId="S5" Value="1"/>
<Cov CovItemId="S6" Value="1"/>
<Cov CovItemId="S7" Value="1"/>
<Cov CovItemId="S8" Value="1"/>
<Cov CovItemId="S9" Value="8"/>
</CovPrefix>
<CovPrefix CovItemPrefix="pickr.games.Game.java">
<Cov CovItemId="B1" Value="4"/>
<Cov CovItemId="B3" Value="8"/>
<Cov CovItemId="B4" Value="24"/>
<Cov CovItemId="S1" Value="1"/>
<Cov CovItemId="S10" Value="9"/>
<Cov CovItemId="S11" Value="4"/>
<Cov CovItemId="S12" Value="4"/>
<Cov CovItemId="S14" Value="8"/>
<Cov CovItemId="S15" Value="8"/>
<Cov CovItemId="S16" Value="32"/>
<Cov CovItemId="S17" Value="8"/>
<Cov CovItemId="S18" Value="32"/>
<Cov CovItemId="S19" Value="8"/>
<Cov CovItemId="S2" Value="1"/>
<Cov CovItemId="S20" Value="8"/>
<Cov CovItemId="S21" Value="32"/>
<Cov CovItemId="S22" Value="8"/>
<Cov CovItemId="S23" Value="32"/>
<Cov CovItemId="S24" Value="8"/>
<Cov CovItemId="S25" Value="8"/>
<Cov CovItemId="S26" Value="8"/>
<Cov CovItemId="S27" Value="8"/>
<Cov CovItemId="S28" Value="8"/>
<Cov CovItemId="S3" Value="1"/>
<Cov CovItemId="S4" Value="1"/>
<Cov CovItemId="S5" Value="1"/>
<Cov CovItemId="S6" Value="1"/>
<Cov CovItemId="S7" Value="1"/>
<Cov CovItemId="S9" Value="24"/>
</CovPrefix>
</CovList>
<AssgnmntList>
<AssgnmntPrefix RootTermCovItemPrefix="pickr.classes.Deck.java">
<AssgnmntListEntry Length="1" RootTermCovItemId="C1">
<MapEntry BoolAssgnmnt="0" Value="1"/>
<MapEntry BoolAssgnmnt="1" Value="10"/>
</AssgnmntListEntry>
<AssgnmntListEntry Length="1" RootTermCovItemId="C2">
<MapEntry BoolAssgnmnt="0" Value="28"/>
<MapEntry BoolAssgnmnt="1" Value="1"/>
</AssgnmntListEntry>
<AssgnmntListEntry Length="1" RootTermCovItemId="C3">
<MapEntry BoolAssgnmnt="1" Value="4"/>
</AssgnmntListEntry>
<AssgnmntListEntry Length="1" RootTermCovItemId="C4">
<MapEntry BoolAssgnmnt="0" Value="4"/>
<MapEntry BoolAssgnmnt="1" Value="12"/>
</AssgnmntListEntry>
</AssgnmntPrefix>
<AssgnmntPrefix RootTermCovItemPrefix="pickr.classes.GamingCard.java">
<AssgnmntListEntry Length="2" RootTermCovItemId="C1">
<MapEntry BoolAssgnmnt="02" Value="4"/>
<MapEntry BoolAssgnmnt="10" Value="4"/>
<MapEntry BoolAssgnmnt="11" Value="32"/>
</AssgnmntListEntry>
<AssgnmntListEntry Length="2" RootTermCovItemId="C2">
<MapEntry BoolAssgnmnt="00" Value="40"/>
</AssgnmntListEntry>
</AssgnmntPrefix>
<AssgnmntPrefix RootTermCovItemPrefix="pickr.games.Briscola.java">
<AssgnmntListEntry Length="3" RootTermCovItemId="C1">
<MapEntry BoolAssgnmnt="022" Value="23"/>
<MapEntry BoolAssgnmnt="102" Value="5"/>
<MapEntry BoolAssgnmnt="110" Value="3"/>
<MapEntry BoolAssgnmnt="111" Value="1"/>
</AssgnmntListEntry>
<AssgnmntListEntry Length="3" RootTermCovItemId="C2">
<MapEntry BoolAssgnmnt="022" Value="24"/>
<MapEntry BoolAssgnmnt="102" Value="3"/>
<MapEntry BoolAssgnmnt="111" Value="5"/>
</AssgnmntListEntry>
<AssgnmntListEntry Length="3" RootTermCovItemId="C3">
<MapEntry BoolAssgnmnt="122" Value="3"/>
<MapEntry BoolAssgnmnt="002" Value="23"/>
<MapEntry BoolAssgnmnt="010" Value="2"/>
<MapEntry BoolAssgnmnt="011" Value="4"/>
</AssgnmntListEntry>
</AssgnmntPrefix>
<AssgnmntPrefix RootTermCovItemPrefix="pickr.games.Game.java">
<AssgnmntListEntry Length="1" RootTermCovItemId="C1">
<MapEntry BoolAssgnmnt="1" Value="4"/>
</AssgnmntListEntry>
<AssgnmntListEntry Length="1" RootTermCovItemId="C2">
<MapEntry BoolAssgnmnt="0" Value="24"/>
<MapEntry BoolAssgnmnt="1" Value="8"/>
</AssgnmntListEntry>
</AssgnmntPrefix>
</AssgnmntList>
<ObjMetaDataList/>
<MetaDataList/>
</TestCase>
<TestCase Comment="" Date="1598619558775" Name="randoop.RandoopTest0:test4">
<CovList>
<CovPrefix CovItemPrefix="pickr.classes.Deck.java">
<Cov CovItemId="B1" Value="36"/>
<Cov CovItemId="B2" Value="1"/>
<Cov CovItemId="B3" Value="12"/>
<Cov CovItemId="S1" Value="3"/>
<Cov CovItemId="S10" Value="12"/>
<Cov CovItemId="S11" Value="12"/>
<Cov CovItemId="S12" Value="12"/>
<Cov CovItemId="S13" Value="36"/>
<Cov CovItemId="S14" Value="12"/>
<Cov CovItemId="S2" Value="13"/>
<Cov CovItemId="S3" Value="3"/>
<Cov CovItemId="S4" Value="30"/>
<Cov CovItemId="S5" Value="120"/>
<Cov CovItemId="S6" Value="3"/>
<Cov CovItemId="S7" Value="37"/>
<Cov CovItemId="S8" Value="36"/>
<Cov CovItemId="S9" Value="1"/>
</CovPrefix>
<CovPrefix CovItemPrefix="pickr.classes.GamingCard.java">
<Cov CovItemId="B1" Value="96"/>
<Cov CovItemId="B2" Value="24"/>
<Cov CovItemId="B4" Value="120"/>
<Cov CovItemId="S1" Value="120"/>
<Cov CovItemId="S10" Value="120"/>
<Cov CovItemId="S12" Value="120"/>
<Cov CovItemId="S13" Value="88"/>
<Cov CovItemId="S2" Value="120"/>
<Cov CovItemId="S3" Value="120"/>
<Cov CovItemId="S4" Value="78"/>
<Cov CovItemId="S6" Value="280"/>
<Cov CovItemId="S7" Value="120"/>
<Cov CovItemId="S8" Value="96"/>
<Cov CovItemId="S9" Value="24"/>
</CovPrefix>
<CovPrefix CovItemPrefix="pickr.classes.Player.java">
<Cov CovItemId="S1" Value="12"/>
<Cov CovItemId="S12" Value="18"/>
<Cov CovItemId="S13" Value="40"/>
<Cov CovItemId="S14" Value="36"/>
<Cov CovItemId="S2" Value="12"/>
<Cov CovItemId="S3" Value="12"/>
<Cov CovItemId="S4" Value="12"/>
<Cov CovItemId="S5" Value="48"/>
<Cov CovItemId="S6" Value="12"/>
<Cov CovItemId="S7" Value="40"/>
<Cov CovItemId="S9" Value="10"/>
</CovPrefix>
<CovPrefix CovItemPrefix="pickr.games.Briscola.java">
<Cov CovItemId="B1" Value="1"/>
<Cov CovItemId="B2" Value="39"/>
<Cov CovItemId="B3" Value="4"/>
<Cov CovItemId="B4" Value="36"/>
<Cov CovItemId="B5" Value="2"/>
<Cov CovItemId="B6" Value="38"/>
<Cov CovItemId="S1" Value="3"/>
<Cov CovItemId="S10" Value="10"/>
<Cov CovItemId="S11" Value="40"/>
<Cov CovItemId="S12" Value="1"/>
<Cov CovItemId="S13" Value="1"/>
<Cov CovItemId="S14" Value="40"/>
<Cov CovItemId="S15" Value="4"/>
<Cov CovItemId="S16" Value="4"/>
<Cov CovItemId="S17" Value="40"/>
<Cov CovItemId="S18" Value="2"/>
<Cov CovItemId="S19" Value="2"/>
<Cov CovItemId="S2" Value="3"/>
<Cov CovItemId="S20" Value="10"/>
<Cov CovItemId="S21" Value="10"/>
<Cov CovItemId="S22" Value="10"/>
<Cov CovItemId="S23" Value="40"/>
<Cov CovItemId="S24" Value="10"/>
<Cov CovItemId="S25" Value="10"/>
<Cov CovItemId="S26" Value="10"/>
<Cov CovItemId="S27" Value="10"/>
<Cov CovItemId="S28" Value="37"/>
<Cov CovItemId="S3" Value="3"/>
<Cov CovItemId="S4" Value="12"/>
<Cov CovItemId="S5" Value="3"/>
<Cov CovItemId="S6" Value="3"/>
<Cov CovItemId="S7" Value="3"/>
<Cov CovItemId="S8" Value="3"/>
<Cov CovItemId="S9" Value="10"/>
</CovPrefix>
<CovPrefix CovItemPrefix="pickr.games.Game.java">
<Cov CovItemId="B1" Value="12"/>
<Cov CovItemId="B3" Value="10"/>
<Cov CovItemId="B4" Value="30"/>
<Cov CovItemId="S1" Value="3"/>
<Cov CovItemId="S10" Value="17"/>
<Cov CovItemId="S11" Value="12"/>
<Cov CovItemId="S12" Value="12"/>
<Cov CovItemId="S14" Value="10"/>
<Cov CovItemId="S15" Value="10"/>
<Cov CovItemId="S16" Value="40"/>
<Cov CovItemId="S17" Value="10"/>
<Cov CovItemId="S18" Value="40"/>
<Cov CovItemId="S19" Value="10"/>
<Cov CovItemId="S2" Value="3"/>
<Cov CovItemId="S20" Value="10"/>
<Cov CovItemId="S21" Value="40"/>
<Cov CovItemId="S22" Value="10"/>
<Cov CovItemId="S23" Value="40"/>
<Cov CovItemId="S24" Value="10"/>
<Cov CovItemId="S25" Value="10"/>
<Cov CovItemId="S26" Value="10"/>
<Cov CovItemId="S27" Value="10"/>
<Cov CovItemId="S28" Value="10"/>
<Cov CovItemId="S3" Value="3"/>
<Cov CovItemId="S4" Value="3"/>
<Cov CovItemId="S5" Value="3"/>
<Cov CovItemId="S6" Value="3"/>
<Cov CovItemId="S7" Value="7"/>
<Cov CovItemId="S8" Value="2"/>
<Cov CovItemId="S9" Value="30"/>
</CovPrefix>
</CovList>
<AssgnmntList>
<AssgnmntPrefix RootTermCovItemPrefix="pickr.classes.Deck.java">
<AssgnmntListEntry Length="1" RootTermCovItemId="C1">
<MapEntry BoolAssgnmnt="0" Value="3"/>
<MapEntry BoolAssgnmnt="1" Value="30"/>
</AssgnmntListEntry>
<AssgnmntListEntry Length="1" RootTermCovItemId="C2">
<MapEntry BoolAssgnmnt="0" Value="36"/>
<MapEntry BoolAssgnmnt="1" Value="1"/>
</AssgnmntListEntry>
<AssgnmntListEntry Length="1" RootTermCovItemId="C3">
<MapEntry BoolAssgnmnt="1" Value="12"/>
</AssgnmntListEntry>
<AssgnmntListEntry Length="1" RootTermCovItemId="C4">
<MapEntry BoolAssgnmnt="0" Value="12"/>
<MapEntry BoolAssgnmnt="1" Value="36"/>
</AssgnmntListEntry>
</AssgnmntPrefix>
<AssgnmntPrefix RootTermCovItemPrefix="pickr.classes.GamingCard.java">
<AssgnmntListEntry Length="2" RootTermCovItemId="C1">
<MapEntry BoolAssgnmnt="02" Value="12"/>
<MapEntry BoolAssgnmnt="10" Value="12"/>
<MapEntry BoolAssgnmnt="11" Value="96"/>
</AssgnmntListEntry>
<AssgnmntListEntry Length="2" RootTermCovItemId="C2">
<MapEntry BoolAssgnmnt="00" Value="120"/>
</AssgnmntListEntry>
</AssgnmntPrefix>
<AssgnmntPrefix RootTermCovItemPrefix="pickr.games.Briscola.java">
<AssgnmntListEntry Length="3" RootTermCovItemId="C1">
<MapEntry BoolAssgnmnt="022" Value="28"/>
<MapEntry BoolAssgnmnt="102" Value="7"/>
<MapEntry BoolAssgnmnt="110" Value="4"/>
<MapEntry BoolAssgnmnt="111" Value="1"/>
</AssgnmntListEntry>
<AssgnmntListEntry Length="3" RootTermCovItemId="C2">
<MapEntry BoolAssgnmnt="022" Value="29"/>
<MapEntry BoolAssgnmnt="102" Value="4"/>
<MapEntry BoolAssgnmnt="110" Value="3"/>
<MapEntry BoolAssgnmnt="111" Value="4"/>
</AssgnmntListEntry>
<AssgnmntListEntry Length="3" RootTermCovItemId="C3">
<MapEntry BoolAssgnmnt="122" Value="7"/>
<MapEntry BoolAssgnmnt="002" Value="26"/>
<MapEntry BoolAssgnmnt="010" Value="5"/>
<MapEntry BoolAssgnmnt="011" Value="2"/>
</AssgnmntListEntry>
</AssgnmntPrefix>
<AssgnmntPrefix RootTermCovItemPrefix="pickr.games.Game.java">
<AssgnmntListEntry Length="1" RootTermCovItemId="C1">
<MapEntry BoolAssgnmnt="1" Value="12"/>
</AssgnmntListEntry>
<AssgnmntListEntry Length="1" RootTermCovItemId="C2">
<MapEntry BoolAssgnmnt="0" Value="30"/>
<MapEntry BoolAssgnmnt="1" Value="10"/>
</AssgnmntListEntry>
</AssgnmntPrefix>
</AssgnmntList>
<ObjMetaDataList/>
<MetaDataList/>
</TestCase>
<TestCase Comment="" Date="1598619558776" Name="randoop.RandoopTest0:test5">
<CovList>
<CovPrefix CovItemPrefix="pickr.classes.Deck.java">
<Cov CovItemId="B1" Value="4"/>
<Cov CovItemId="B3" Value="4"/>
<Cov CovItemId="B4" Value="1"/>
<Cov CovItemId="S1" Value="2"/>
<Cov CovItemId="S10" Value="5"/>
<Cov CovItemId="S11" Value="4"/>
<Cov CovItemId="S12" Value="4"/>
<Cov CovItemId="S13" Value="12"/>
<Cov CovItemId="S14" Value="4"/>
<Cov CovItemId="S15" Value="1"/>
<Cov CovItemId="S2" Value="5"/>
<Cov CovItemId="S3" Value="1"/>
<Cov CovItemId="S4" Value="10"/>
<Cov CovItemId="S5" Value="40"/>
<Cov CovItemId="S6" Value="1"/>
<Cov CovItemId="S7" Value="4"/>
<Cov CovItemId="S8" Value="4"/>
</CovPrefix>
<CovPrefix CovItemPrefix="pickr.classes.GamingCard.java">
<Cov CovItemId="B1" Value="32"/>
<Cov CovItemId="B2" Value="8"/>
<Cov CovItemId="B4" Value="40"/>
<Cov CovItemId="S1" Value="40"/>
<Cov CovItemId="S10" Value="40"/>
<Cov CovItemId="S12" Value="40"/>
<Cov CovItemId="S13" Value="19"/>
<Cov CovItemId="S2" Value="40"/>
<Cov CovItemId="S3" Value="40"/>
<Cov CovItemId="S4" Value="8"/>
<Cov CovItemId="S6" Value="28"/>
<Cov CovItemId="S7" Value="40"/>
<Cov CovItemId="S8" Value="32"/>
<Cov CovItemId="S9" Value="8"/>
</CovPrefix>
<CovPrefix CovItemPrefix="pickr.classes.Player.java">
<Cov CovItemId="S1" Value="4"/>
<Cov CovItemId="S12" Value="5"/>
<Cov CovItemId="S13" Value="4"/>
<Cov CovItemId="S14" Value="4"/>
<Cov CovItemId="S2" Value="4"/>
<Cov CovItemId="S3" Value="4"/>
<Cov CovItemId="S4" Value="4"/>
<Cov CovItemId="S5" Value="8"/>
<Cov CovItemId="S6" Value="4"/>
<Cov CovItemId="S7" Value="4"/>
<Cov CovItemId="S9" Value="1"/>
</CovPrefix>
<CovPrefix CovItemPrefix="pickr.games.Briscola.java">
<Cov CovItemId="B2" Value="4"/>
<Cov CovItemId="B3" Value="1"/>
<Cov CovItemId="B4" Value="3"/>
<Cov CovItemId="B6" Value="4"/>
<Cov CovItemId="S1" Value="1"/>
<Cov CovItemId="S10" Value="1"/>
<Cov CovItemId="S11" Value="4"/>
<Cov CovItemId="S14" Value="4"/>
<Cov CovItemId="S15" Value="1"/>
<Cov CovItemId="S16" Value="1"/>
<Cov CovItemId="S17" Value="4"/>
<Cov CovItemId="S2" Value="1"/>
<Cov CovItemId="S20" Value="1"/>
<Cov CovItemId="S21" Value="1"/>
<Cov CovItemId="S22" Value="1"/>
<Cov CovItemId="S23" Value="4"/>
<Cov CovItemId="S24" Value="1"/>
<Cov CovItemId="S25" Value="1"/>
<Cov CovItemId="S26" Value="1"/>
<Cov CovItemId="S27" Value="1"/>
<Cov CovItemId="S28" Value="4"/>
<Cov CovItemId="S3" Value="1"/>
<Cov CovItemId="S4" Value="4"/>
<Cov CovItemId="S5" Value="1"/>
<Cov CovItemId="S6" Value="1"/>
<Cov CovItemId="S7" Value="1"/>
<Cov CovItemId="S8" Value="1"/>
<Cov CovItemId="S9" Value="1"/>
</CovPrefix>
<CovPrefix CovItemPrefix="pickr.games.Game.java">
<Cov CovItemId="B1" Value="4"/>
<Cov CovItemId="B3" Value="1"/>
<Cov CovItemId="B4" Value="3"/>
<Cov CovItemId="S1" Value="1"/>
<Cov CovItemId="S10" Value="4"/>
<Cov CovItemId="S11" Value="4"/>
<Cov CovItemId="S12" Value="4"/>
<Cov CovItemId="S14" Value="1"/>
<Cov CovItemId="S15" Value="1"/>
<Cov CovItemId="S16" Value="4"/>
<Cov CovItemId="S17" Value="1"/>
<Cov CovItemId="S18" Value="4"/>
<Cov CovItemId="S19" Value="1"/>
<Cov CovItemId="S2" Value="1"/>
<Cov CovItemId="S20" Value="1"/>
<Cov CovItemId="S21" Value="4"/>
<Cov CovItemId="S22" Value="1"/>
<Cov CovItemId="S23" Value="4"/>
<Cov CovItemId="S24" Value="1"/>
<Cov CovItemId="S25" Value="1"/>
<Cov CovItemId="S26" Value="1"/>
<Cov CovItemId="S27" Value="1"/>
<Cov CovItemId="S28" Value="1"/>
<Cov CovItemId="S3" Value="1"/>
<Cov CovItemId="S4" Value="1"/>
<Cov CovItemId="S5" Value="1"/>
<Cov CovItemId="S6" Value="1"/>
<Cov CovItemId="S7" Value="3"/>
<Cov CovItemId="S8" Value="1"/>
<Cov CovItemId="S9" Value="3"/>
</CovPrefix>
</CovList>
<AssgnmntList>
<AssgnmntPrefix RootTermCovItemPrefix="pickr.classes.Deck.java">
<AssgnmntListEntry Length="1" RootTermCovItemId="C1">
<MapEntry BoolAssgnmnt="0" Value="1"/>
<MapEntry BoolAssgnmnt="1" Value="10"/>
</AssgnmntListEntry>
<AssgnmntListEntry Length="1" RootTermCovItemId="C2">
<MapEntry BoolAssgnmnt="0" Value="4"/>
</AssgnmntListEntry>
<AssgnmntListEntry Length="1" RootTermCovItemId="C3">
<MapEntry BoolAssgnmnt="0" Value="1"/>
<MapEntry BoolAssgnmnt="1" Value="4"/>
</AssgnmntListEntry>
<AssgnmntListEntry Length="1" RootTermCovItemId="C4">
<MapEntry BoolAssgnmnt="0" Value="4"/>
<MapEntry BoolAssgnmnt="1" Value="12"/>
</AssgnmntListEntry>
</AssgnmntPrefix>
<AssgnmntPrefix RootTermCovItemPrefix="pickr.classes.GamingCard.java">
<AssgnmntListEntry Length="2" RootTermCovItemId="C1">
<MapEntry BoolAssgnmnt="02" Value="4"/>
<MapEntry BoolAssgnmnt="10" Value="4"/>
<MapEntry BoolAssgnmnt="11" Value="32"/>
</AssgnmntListEntry>
<AssgnmntListEntry Length="2" RootTermCovItemId="C2">
<MapEntry BoolAssgnmnt="00" Value="40"/>
</AssgnmntListEntry>
</AssgnmntPrefix>
<AssgnmntPrefix RootTermCovItemPrefix="pickr.games.Briscola.java">
<AssgnmntListEntry Length="3" RootTermCovItemId="C1">
<MapEntry BoolAssgnmnt="022" Value="3"/>
<MapEntry BoolAssgnmnt="102" Value="1"/>
</AssgnmntListEntry>
<AssgnmntListEntry Length="3" RootTermCovItemId="C2">
<MapEntry BoolAssgnmnt="022" Value="3"/>
<MapEntry BoolAssgnmnt="111" Value="1"/>
</AssgnmntListEntry>
<AssgnmntListEntry Length="3" RootTermCovItemId="C3">
<MapEntry BoolAssgnmnt="002" Value="4"/>
</AssgnmntListEntry>
</AssgnmntPrefix>
<AssgnmntPrefix RootTermCovItemPrefix="pickr.games.Game.java">
<AssgnmntListEntry Length="1" RootTermCovItemId="C1">
<MapEntry BoolAssgnmnt="1" Value="4"/>
</AssgnmntListEntry>
<AssgnmntListEntry Length="1" RootTermCovItemId="C2">
<MapEntry BoolAssgnmnt="0" Value="3"/>
<MapEntry BoolAssgnmnt="1" Value="1"/>
</AssgnmntListEntry>
</AssgnmntPrefix>
</AssgnmntList>
<ObjMetaDataList/>
<MetaDataList/>
</TestCase>
<TestCase Comment="" Date="1598619558778" Name="randoop.RandoopTest0:test6">
<CovList>
<CovPrefix CovItemPrefix="pickr.classes.Deck.java">
<Cov CovItemId="B1" Value="8"/>
<Cov CovItemId="B3" Value="8"/>
<Cov CovItemId="B4" Value="1"/>
<Cov CovItemId="S1" Value="3"/>
<Cov CovItemId="S10" Value="9"/>
<Cov CovItemId="S11" Value="8"/>
<Cov CovItemId="S12" Value="8"/>
<Cov CovItemId="S13" Value="24"/>
<Cov CovItemId="S14" Value="8"/>
<Cov CovItemId="S15" Value="1"/>
<Cov CovItemId="S2" Value="10"/>
<Cov CovItemId="S3" Value="2"/>
<Cov CovItemId="S4" Value="20"/>
<Cov CovItemId="S5" Value="80"/>
<Cov CovItemId="S6" Value="2"/>
<Cov CovItemId="S7" Value="8"/>
<Cov CovItemId="S8" Value="8"/>
</CovPrefix>
<CovPrefix CovItemPrefix="pickr.classes.GamingCard.java">
<Cov CovItemId="B1" Value="64"/>
<Cov CovItemId="B2" Value="16"/>
<Cov CovItemId="B4" Value="80"/>
<Cov CovItemId="S1" Value="80"/>
<Cov CovItemId="S10" Value="80"/>
<Cov CovItemId="S12" Value="80"/>
<Cov CovItemId="S13" Value="36"/>
<Cov CovItemId="S2" Value="80"/>
<Cov CovItemId="S3" Value="80"/>
<Cov CovItemId="S4" Value="12"/>
<Cov CovItemId="S6" Value="56"/>
<Cov CovItemId="S7" Value="80"/>
<Cov CovItemId="S8" Value="64"/>
<Cov CovItemId="S9" Value="16"/>
</CovPrefix>
<CovPrefix CovItemPrefix="pickr.classes.Player.java">
<Cov CovItemId="S1" Value="8"/>
<Cov CovItemId="S12" Value="10"/>
<Cov CovItemId="S13" Value="8"/>
<Cov CovItemId="S14" Value="8"/>
<Cov CovItemId="S2" Value="8"/>
<Cov CovItemId="S3" Value="8"/>
<Cov CovItemId="S4" Value="8"/>
<Cov CovItemId="S5" Value="16"/>
<Cov CovItemId="S6" Value="8"/>
<Cov CovItemId="S7" Value="8"/>
<Cov CovItemId="S9" Value="2"/>
</CovPrefix>
<CovPrefix CovItemPrefix="pickr.games.Briscola.java">
<Cov CovItemId="B2" Value="8"/>
<Cov CovItemId="B4" Value="8"/>
<Cov CovItemId="B5" Value="1"/>
<Cov CovItemId="B6" Value="7"/>
<Cov CovItemId="S1" Value="2"/>
<Cov CovItemId="S10" Value="2"/>
<Cov CovItemId="S11" Value="8"/>
<Cov CovItemId="S14" Value="8"/>
<Cov CovItemId="S17" Value="8"/>
<Cov CovItemId="S18" Value="1"/>
<Cov CovItemId="S19" Value="1"/>
<Cov CovItemId="S2" Value="2"/>
<Cov CovItemId="S20" Value="2"/>
<Cov CovItemId="S21" Value="2"/>
<Cov CovItemId="S22" Value="2"/>
<Cov CovItemId="S23" Value="8"/>
<Cov CovItemId="S24" Value="2"/>
<Cov CovItemId="S25" Value="2"/>
<Cov CovItemId="S26" Value="2"/>
<Cov CovItemId="S27" Value="2"/>
<Cov CovItemId="S28" Value="8"/>
<Cov CovItemId="S3" Value="2"/>
<Cov CovItemId="S4" Value="8"/>
<Cov CovItemId="S5" Value="2"/>
<Cov CovItemId="S6" Value="2"/>
<Cov CovItemId="S7" Value="2"/>
<Cov CovItemId="S8" Value="2"/>
<Cov CovItemId="S9" Value="2"/>
</CovPrefix>
<CovPrefix CovItemPrefix="pickr.games.Game.java">
<Cov CovItemId="B1" Value="8"/>
<Cov CovItemId="B3" Value="2"/>
<Cov CovItemId="B4" Value="6"/>
<Cov CovItemId="S1" Value="2"/>
<Cov CovItemId="S10" Value="8"/>
<Cov CovItemId="S11" Value="8"/>
<Cov CovItemId="S12" Value="8"/>
<Cov CovItemId="S14" Value="2"/>
<Cov CovItemId="S15" Value="2"/>
<Cov CovItemId="S16" Value="8"/>
<Cov CovItemId="S17" Value="2"/>
<Cov CovItemId="S18" Value="8"/>
<Cov CovItemId="S19" Value="2"/>
<Cov CovItemId="S2" Value="2"/>
<Cov CovItemId="S20" Value="2"/>
<Cov CovItemId="S21" Value="8"/>
<Cov CovItemId="S22" Value="2"/>
<Cov CovItemId="S23" Value="8"/>
<Cov CovItemId="S24" Value="2"/>
<Cov CovItemId="S25" Value="2"/>
<Cov CovItemId="S26" Value="2"/>
<Cov CovItemId="S27" Value="2"/>
<Cov CovItemId="S28" Value="2"/>
<Cov CovItemId="S3" Value="2"/>
<Cov CovItemId="S4" Value="2"/>
<Cov CovItemId="S5" Value="2"/>
<Cov CovItemId="S6" Value="2"/>
<Cov CovItemId="S7" Value="6"/>
<Cov CovItemId="S8" Value="2"/>
<Cov CovItemId="S9" Value="6"/>
</CovPrefix>
</CovList>
<AssgnmntList>
<AssgnmntPrefix RootTermCovItemPrefix="pickr.classes.Deck.java">
<AssgnmntListEntry Length="1" RootTermCovItemId="C1">
<MapEntry BoolAssgnmnt="0" Value="2"/>
<MapEntry BoolAssgnmnt="1" Value="20"/>
</AssgnmntListEntry>
<AssgnmntListEntry Length="1" RootTermCovItemId="C2">
<MapEntry BoolAssgnmnt="0" Value="8"/>
</AssgnmntListEntry>
<AssgnmntListEntry Length="1" RootTermCovItemId="C3">
<MapEntry BoolAssgnmnt="0" Value="1"/>
<MapEntry BoolAssgnmnt="1" Value="8"/>
</AssgnmntListEntry>
<AssgnmntListEntry Length="1" RootTermCovItemId="C4">
<MapEntry BoolAssgnmnt="0" Value="8"/>
<MapEntry BoolAssgnmnt="1" Value="24"/>
</AssgnmntListEntry>
</AssgnmntPrefix>
<AssgnmntPrefix RootTermCovItemPrefix="pickr.classes.GamingCard.java">
<AssgnmntListEntry Length="2" RootTermCovItemId="C1">
<MapEntry BoolAssgnmnt="02" Value="8"/>
<MapEntry BoolAssgnmnt="10" Value="8"/>
<MapEntry BoolAssgnmnt="11" Value="64"/>
</AssgnmntListEntry>
<AssgnmntListEntry Length="2" RootTermCovItemId="C2">
<MapEntry BoolAssgnmnt="00" Value="80"/>
</AssgnmntListEntry>
</AssgnmntPrefix>
<AssgnmntPrefix RootTermCovItemPrefix="pickr.games.Briscola.java">
<AssgnmntListEntry Length="3" RootTermCovItemId="C1">
<MapEntry BoolAssgnmnt="022" Value="8"/>
</AssgnmntListEntry>
<AssgnmntListEntry Length="3" RootTermCovItemId="C2">
<MapEntry BoolAssgnmnt="022" Value="8"/>
</AssgnmntListEntry>
<AssgnmntListEntry Length="3" RootTermCovItemId="C3">
<MapEntry BoolAssgnmnt="002" Value="6"/>
<MapEntry BoolAssgnmnt="010" Value="1"/>
<MapEntry BoolAssgnmnt="011" Value="1"/>
</AssgnmntListEntry>
</AssgnmntPrefix>
<AssgnmntPrefix RootTermCovItemPrefix="pickr.games.Game.java">
<AssgnmntListEntry Length="1" RootTermCovItemId="C1">
<MapEntry BoolAssgnmnt="1" Value="8"/>
</AssgnmntListEntry>
<AssgnmntListEntry Length="1" RootTermCovItemId="C2">
<MapEntry BoolAssgnmnt="0" Value="6"/>
<MapEntry BoolAssgnmnt="1" Value="2"/>
</AssgnmntListEntry>
</AssgnmntPrefix>
</AssgnmntList>
<ObjMetaDataList/>
<MetaDataList/>
</TestCase>
<TestCase Comment="" Date="1598619558778" Name="randoop.RandoopTest0:test7">
<CovList>
<CovPrefix CovItemPrefix="pickr.classes.Deck.java">
<Cov CovItemId="B1" Value="12"/>
<Cov CovItemId="B3" Value="12"/>
<Cov CovItemId="B4" Value="1"/>
<Cov CovItemId="S1" Value="4"/>
<Cov CovItemId="S10" Value="13"/>
<Cov CovItemId="S11" Value="12"/>
<Cov CovItemId="S12" Value="12"/>
<Cov CovItemId="S13" Value="36"/>
<Cov CovItemId="S14" Value="12"/>
<Cov CovItemId="S15" Value="1"/>
<Cov CovItemId="S2" Value="15"/>
<Cov CovItemId="S3" Value="3"/>
<Cov CovItemId="S4" Value="30"/>
<Cov CovItemId="S5" Value="120"/>
<Cov CovItemId="S6" Value="3"/>
<Cov CovItemId="S7" Value="12"/>
<Cov CovItemId="S8" Value="12"/>
</CovPrefix>
<CovPrefix CovItemPrefix="pickr.classes.GamingCard.java">
<Cov CovItemId="B1" Value="96"/>
<Cov CovItemId="B2" Value="24"/>
<Cov CovItemId="B4" Value="120"/>
<Cov CovItemId="S1" Value="120"/>
<Cov CovItemId="S10" Value="120"/>
<Cov CovItemId="S12" Value="120"/>
<Cov CovItemId="S13" Value="59"/>
<Cov CovItemId="S2" Value="120"/>
<Cov CovItemId="S3" Value="120"/>
<Cov CovItemId="S4" Value="29"/>
<Cov CovItemId="S6" Value="84"/>
<Cov CovItemId="S7" Value="120"/>
<Cov CovItemId="S8" Value="96"/>
<Cov CovItemId="S9" Value="24"/>
</CovPrefix>
<CovPrefix CovItemPrefix="pickr.classes.Player.java">
<Cov CovItemId="S1" Value="12"/>
<Cov CovItemId="S12" Value="15"/>
<Cov CovItemId="S13" Value="12"/>
<Cov CovItemId="S14" Value="12"/>
<Cov CovItemId="S2" Value="12"/>
<Cov CovItemId="S3" Value="12"/>
<Cov CovItemId="S4" Value="12"/>
<Cov CovItemId="S5" Value="24"/>
<Cov CovItemId="S6" Value="12"/>
<Cov CovItemId="S7" Value="12"/>
<Cov CovItemId="S9" Value="3"/>
</CovPrefix>
<CovPrefix CovItemPrefix="pickr.games.Briscola.java">
<Cov CovItemId="B2" Value="12"/>
<Cov CovItemId="B3" Value="3"/>
<Cov CovItemId="B4" Value="9"/>
<Cov CovItemId="B5" Value="1"/>
<Cov CovItemId="B6" Value="11"/>
<Cov CovItemId="S1" Value="3"/>
<Cov CovItemId="S10" Value="3"/>
<Cov CovItemId="S11" Value="12"/>
<Cov CovItemId="S14" Value="12"/>
<Cov CovItemId="S15" Value="3"/>
<Cov CovItemId="S16" Value="3"/>
<Cov CovItemId="S17" Value="12"/>
<Cov CovItemId="S18" Value="1"/>
<Cov CovItemId="S19" Value="1"/>
<Cov CovItemId="S2" Value="3"/>
<Cov CovItemId="S20" Value="3"/>
<Cov CovItemId="S21" Value="3"/>
<Cov CovItemId="S22" Value="3"/>
<Cov CovItemId="S23" Value="12"/>
<Cov CovItemId="S24" Value="3"/>
<Cov CovItemId="S25" Value="3"/>
<Cov CovItemId="S26" Value="3"/>
<Cov CovItemId="S27" Value="3"/>
<Cov CovItemId="S28" Value="12"/>
<Cov CovItemId="S3" Value="3"/>
<Cov CovItemId="S4" Value="12"/>
<Cov CovItemId="S5" Value="3"/>
<Cov CovItemId="S6" Value="3"/>
<Cov CovItemId="S7" Value="3"/>
<Cov CovItemId="S8" Value="3"/>
<Cov CovItemId="S9" Value="3"/>
</CovPrefix>
<CovPrefix CovItemPrefix="pickr.games.Game.java">
<Cov CovItemId="B1" Value="12"/>
<Cov CovItemId="B3" Value="3"/>
<Cov CovItemId="B4" Value="9"/>
<Cov CovItemId="S1" Value="3"/>
<Cov CovItemId="S10" Value="12"/>
<Cov CovItemId="S11" Value="12"/>
<Cov CovItemId="S12" Value="12"/>
<Cov CovItemId="S14" Value="3"/>
<Cov CovItemId="S15" Value="3"/>
<Cov CovItemId="S16" Value="12"/>
<Cov CovItemId="S17" Value="3"/>
<Cov CovItemId="S18" Value="12"/>
<Cov CovItemId="S19" Value="3"/>
<Cov CovItemId="S2" Value="3"/>
<Cov CovItemId="S20" Value="3"/>
<Cov CovItemId="S21" Value="12"/>
<Cov CovItemId="S22" Value="3"/>
<Cov CovItemId="S23" Value="12"/>
<Cov CovItemId="S24" Value="3"/>
<Cov CovItemId="S25" Value="3"/>
<Cov CovItemId="S26" Value="3"/>
<Cov CovItemId="S27" Value="3"/>
<Cov CovItemId="S28" Value="3"/>
<Cov CovItemId="S3" Value="3"/>
<Cov CovItemId="S4" Value="3"/>
<Cov CovItemId="S5" Value="3"/>
<Cov CovItemId="S6" Value="3"/>
<Cov CovItemId="S7" Value="9"/>
<Cov CovItemId="S8" Value="3"/>
<Cov CovItemId="S9" Value="9"/>
</CovPrefix>
</CovList>
<AssgnmntList>
<AssgnmntPrefix RootTermCovItemPrefix="pickr.classes.Deck.java">
<AssgnmntListEntry Length="1" RootTermCovItemId="C1">
<MapEntry BoolAssgnmnt="0" Value="3"/>
<MapEntry BoolAssgnmnt="1" Value="30"/>
</AssgnmntListEntry>
<AssgnmntListEntry Length="1" RootTermCovItemId="C2">
<MapEntry BoolAssgnmnt="0" Value="12"/>
</AssgnmntListEntry>
<AssgnmntListEntry Length="1" RootTermCovItemId="C3">
<MapEntry BoolAssgnmnt="0" Value="1"/>
<MapEntry BoolAssgnmnt="1" Value="12"/>
</AssgnmntListEntry>
<AssgnmntListEntry Length="1" RootTermCovItemId="C4">
<MapEntry BoolAssgnmnt="0" Value="12"/>
<MapEntry BoolAssgnmnt="1" Value="36"/>
</AssgnmntListEntry>
</AssgnmntPrefix>
<AssgnmntPrefix RootTermCovItemPrefix="pickr.classes.GamingCard.java">
<AssgnmntListEntry Length="2" RootTermCovItemId="C1">
<MapEntry BoolAssgnmnt="02" Value="12"/>
<MapEntry BoolAssgnmnt="10" Value="12"/>
<MapEntry BoolAssgnmnt="11" Value="96"/>
</AssgnmntListEntry>
<AssgnmntListEntry Length="2" RootTermCovItemId="C2">
<MapEntry BoolAssgnmnt="00" Value="120"/>
</AssgnmntListEntry>
</AssgnmntPrefix>
<AssgnmntPrefix RootTermCovItemPrefix="pickr.games.Briscola.java">
<AssgnmntListEntry Length="3" RootTermCovItemId="C1">
<MapEntry BoolAssgnmnt="022" Value="7"/>
<MapEntry BoolAssgnmnt="102" Value="5"/>
</AssgnmntListEntry>
<AssgnmntListEntry Length="3" RootTermCovItemId="C2">
<MapEntry BoolAssgnmnt="022" Value="7"/>
<MapEntry BoolAssgnmnt="110" Value="2"/>
<MapEntry BoolAssgnmnt="111" Value="3"/>
</AssgnmntListEntry>
<AssgnmntListEntry Length="3" RootTermCovItemId="C3">
<MapEntry BoolAssgnmnt="122" Value="2"/>
<MapEntry BoolAssgnmnt="002" Value="9"/>
<MapEntry BoolAssgnmnt="011" Value="1"/>
</AssgnmntListEntry>
</AssgnmntPrefix>
<AssgnmntPrefix RootTermCovItemPrefix="pickr.games.Game.java">
<AssgnmntListEntry Length="1" RootTermCovItemId="C1">
<MapEntry BoolAssgnmnt="1" Value="12"/>
</AssgnmntListEntry>
<AssgnmntListEntry Length="1" RootTermCovItemId="C2">
<MapEntry BoolAssgnmnt="0" Value="9"/>
<MapEntry BoolAssgnmnt="1" Value="3"/>
</AssgnmntListEntry>
</AssgnmntPrefix>
</AssgnmntList>
<ObjMetaDataList/>
<MetaDataList/>
</TestCase>
<TestCase Comment="" Date="1598619558779" Name="randoop.RandoopTest0:test8">
<CovList>
<CovPrefix CovItemPrefix="pickr.classes.Deck.java">
<Cov CovItemId="B1" Value="8"/>
<Cov CovItemId="B3" Value="8"/>
<Cov CovItemId="S1" Value="2"/>
<Cov CovItemId="S10" Value="8"/>
<Cov CovItemId="S11" Value="8"/>
<Cov CovItemId="S12" Value="8"/>
<Cov CovItemId="S13" Value="24"/>
<Cov CovItemId="S14" Value="8"/>
<Cov CovItemId="S2" Value="10"/>
<Cov CovItemId="S3" Value="2"/>
<Cov CovItemId="S4" Value="20"/>
<Cov CovItemId="S5" Value="80"/>
<Cov CovItemId="S6" Value="2"/>
<Cov CovItemId="S7" Value="8"/>
<Cov CovItemId="S8" Value="8"/>
</CovPrefix>
<CovPrefix CovItemPrefix="pickr.classes.GamingCard.java">
<Cov CovItemId="B1" Value="65"/>
<Cov CovItemId="B2" Value="16"/>
<Cov CovItemId="B3" Value="1"/>
<Cov CovItemId="B4" Value="80"/>
<Cov CovItemId="S1" Value="81"/>
<Cov CovItemId="S10" Value="81"/>
<Cov CovItemId="S11" Value="1"/>
<Cov CovItemId="S12" Value="80"/>
<Cov CovItemId="S13" Value="36"/>
<Cov CovItemId="S2" Value="81"/>
<Cov CovItemId="S3" Value="81"/>
<Cov CovItemId="S4" Value="17"/>
<Cov CovItemId="S6" Value="56"/>
<Cov CovItemId="S7" Value="81"/>
<Cov CovItemId="S8" Value="65"/>
<Cov CovItemId="S9" Value="16"/>
</CovPrefix>
<CovPrefix CovItemPrefix="pickr.classes.Player.java">
<Cov CovItemId="S1" Value="8"/>
<Cov CovItemId="S12" Value="10"/>
<Cov CovItemId="S13" Value="8"/>
<Cov CovItemId="S14" Value="8"/>
<Cov CovItemId="S2" Value="8"/>
<Cov CovItemId="S3" Value="8"/>
<Cov CovItemId="S4" Value="8"/>
<Cov CovItemId="S5" Value="16"/>
<Cov CovItemId="S6" Value="8"/>
<Cov CovItemId="S7" Value="8"/>
<Cov CovItemId="S9" Value="2"/>
</CovPrefix>
<CovPrefix CovItemPrefix="pickr.games.Briscola.java">
<Cov CovItemId="B1" Value="1"/>
<Cov CovItemId="B2" Value="7"/>
<Cov CovItemId="B4" Value="8"/>
<Cov CovItemId="B6" Value="8"/>
<Cov CovItemId="S1" Value="2"/>
<Cov CovItemId="S10" Value="2"/>
<Cov CovItemId="S11" Value="8"/>
<Cov CovItemId="S12" Value="1"/>
<Cov CovItemId="S13" Value="1"/>
<Cov CovItemId="S14" Value="8"/>
<Cov CovItemId="S17" Value="8"/>
<Cov CovItemId="S2" Value="2"/>
<Cov CovItemId="S20" Value="2"/>
<Cov CovItemId="S21" Value="2"/>
<Cov CovItemId="S22" Value="2"/>
<Cov CovItemId="S23" Value="8"/>
<Cov CovItemId="S24" Value="2"/>
<Cov CovItemId="S25" Value="2"/>
<Cov CovItemId="S26" Value="2"/>
<Cov CovItemId="S27" Value="2"/>
<Cov CovItemId="S28" Value="8"/>
<Cov CovItemId="S3" Value="2"/>
<Cov CovItemId="S4" Value="8"/>
<Cov CovItemId="S5" Value="2"/>
<Cov CovItemId="S6" Value="2"/>
<Cov CovItemId="S7" Value="2"/>
<Cov CovItemId="S8" Value="2"/>
<Cov CovItemId="S9" Value="2"/>
</CovPrefix>
<CovPrefix CovItemPrefix="pickr.games.Game.java">
<Cov CovItemId="B1" Value="8"/>
<Cov CovItemId="B3" Value="2"/>
<Cov CovItemId="B4" Value="6"/>
<Cov CovItemId="S1" Value="2"/>
<Cov CovItemId="S10" Value="8"/>
<Cov CovItemId="S11" Value="8"/>
<Cov CovItemId="S12" Value="8"/>
<Cov CovItemId="S14" Value="2"/>
<Cov CovItemId="S15" Value="2"/>
<Cov CovItemId="S16" Value="8"/>
<Cov CovItemId="S17" Value="2"/>
<Cov CovItemId="S18" Value="8"/>
<Cov CovItemId="S19" Value="2"/>
<Cov CovItemId="S2" Value="2"/>
<Cov CovItemId="S20" Value="2"/>
<Cov CovItemId="S21" Value="8"/>
<Cov CovItemId="S22" Value="2"/>
<Cov CovItemId="S23" Value="8"/>
<Cov CovItemId="S24" Value="2"/>
<Cov CovItemId="S25" Value="2"/>
<Cov CovItemId="S26" Value="2"/>
<Cov CovItemId="S27" Value="2"/>
<Cov CovItemId="S28" Value="2"/>
<Cov CovItemId="S3" Value="2"/>
<Cov CovItemId="S4" Value="2"/>
<Cov CovItemId="S5" Value="2"/>
<Cov CovItemId="S6" Value="2"/>
<Cov CovItemId="S7" Value="6"/>
<Cov CovItemId="S8" Value="2"/>
<Cov CovItemId="S9" Value="6"/>
</CovPrefix>
</CovList>
<AssgnmntList>
<AssgnmntPrefix RootTermCovItemPrefix="pickr.classes.Deck.java">
<AssgnmntListEntry Length="1" RootTermCovItemId="C1">
<MapEntry BoolAssgnmnt="0" Value="2"/>
<MapEntry BoolAssgnmnt="1" Value="20"/>
</AssgnmntListEntry>
<AssgnmntListEntry Length="1" RootTermCovItemId="C2">
<MapEntry BoolAssgnmnt="0" Value="8"/>
</AssgnmntListEntry>
<AssgnmntListEntry Length="1" RootTermCovItemId="C3">
<MapEntry BoolAssgnmnt="1" Value="8"/>
</AssgnmntListEntry>
<AssgnmntListEntry Length="1" RootTermCovItemId="C4">
<MapEntry BoolAssgnmnt="0" Value="8"/>
<MapEntry BoolAssgnmnt="1" Value="24"/>
</AssgnmntListEntry>
</AssgnmntPrefix>
<AssgnmntPrefix RootTermCovItemPrefix="pickr.classes.GamingCard.java">
<AssgnmntListEntry Length="2" RootTermCovItemId="C1">
<MapEntry BoolAssgnmnt="02" Value="8"/>
<MapEntry BoolAssgnmnt="10" Value="8"/>
<MapEntry BoolAssgnmnt="11" Value="65"/>
</AssgnmntListEntry>
<AssgnmntListEntry Length="2" RootTermCovItemId="C2">
<MapEntry BoolAssgnmnt="00" Value="80"/>
<MapEntry BoolAssgnmnt="01" Value="1"/>
</AssgnmntListEntry>
</AssgnmntPrefix>
<AssgnmntPrefix RootTermCovItemPrefix="pickr.games.Briscola.java">
<AssgnmntListEntry Length="3" RootTermCovItemId="C1">
<MapEntry BoolAssgnmnt="022" Value="6"/>
<MapEntry BoolAssgnmnt="110" Value="1"/>
<MapEntry BoolAssgnmnt="111" Value="1"/>
</AssgnmntListEntry>
<AssgnmntListEntry Length="3" RootTermCovItemId="C2">
<MapEntry BoolAssgnmnt="022" Value="7"/>
<MapEntry BoolAssgnmnt="102" Value="1"/>
</AssgnmntListEntry>
<AssgnmntListEntry Length="3" RootTermCovItemId="C3">
<MapEntry BoolAssgnmnt="122" Value="1"/>
<MapEntry BoolAssgnmnt="002" Value="4"/>
<MapEntry BoolAssgnmnt="010" Value="3"/>
</AssgnmntListEntry>
</AssgnmntPrefix>
<AssgnmntPrefix RootTermCovItemPrefix="pickr.games.Game.java">
<AssgnmntListEntry Length="1" RootTermCovItemId="C1">
<MapEntry BoolAssgnmnt="1" Value="8"/>
</AssgnmntListEntry>
<AssgnmntListEntry Length="1" RootTermCovItemId="C2">
<MapEntry BoolAssgnmnt="0" Value="6"/>
<MapEntry BoolAssgnmnt="1" Value="2"/>
</AssgnmntListEntry>
</AssgnmntPrefix>
</AssgnmntList>
<ObjMetaDataList/>
<MetaDataList/>
</TestCase>
<TestCase Comment="" Date="1598619558779" Name="randoop.RandoopTest0:test9">
<CovList>
<CovPrefix CovItemPrefix="pickr.classes.Deck.java">
<Cov CovItemId="B1" Value="8"/>
<Cov CovItemId="B3" Value="8"/>
<Cov CovItemId="B4" Value="1"/>
<Cov CovItemId="S1" Value="4"/>
<Cov CovItemId="S10" Value="9"/>
<Cov CovItemId="S11" Value="8"/>
<Cov CovItemId="S12" Value="8"/>
<Cov CovItemId="S13" Value="24"/>
<Cov CovItemId="S14" Value="8"/>
<Cov CovItemId="S15" Value="1"/>
<Cov CovItemId="S2" Value="13"/>
<Cov CovItemId="S3" Value="3"/>
<Cov CovItemId="S4" Value="30"/>
<Cov CovItemId="S5" Value="120"/>
<Cov CovItemId="S6" Value="2"/>
<Cov CovItemId="S7" Value="8"/>
<Cov CovItemId="S8" Value="8"/>
</CovPrefix>
<CovPrefix CovItemPrefix="pickr.classes.GamingCard.java">
<Cov CovItemId="B1" Value="96"/>
<Cov CovItemId="B2" Value="24"/>
<Cov CovItemId="B4" Value="120"/>
<Cov CovItemId="S1" Value="120"/>
<Cov CovItemId="S10" Value="120"/>
<Cov CovItemId="S12" Value="120"/>
<Cov CovItemId="S13" Value="36"/>
<Cov CovItemId="S2" Value="120"/>
<Cov CovItemId="S3" Value="120"/>
<Cov CovItemId="S4" Value="20"/>
<Cov CovItemId="S6" Value="56"/>
<Cov CovItemId="S7" Value="120"/>
<Cov CovItemId="S8" Value="96"/>
<Cov CovItemId="S9" Value="24"/>
</CovPrefix>
<CovPrefix CovItemPrefix="pickr.classes.Player.java">
<Cov CovItemId="S1" Value="8"/>
<Cov CovItemId="S12" Value="10"/>
<Cov CovItemId="S13" Value="8"/>
<Cov CovItemId="S14" Value="8"/>
<Cov CovItemId="S2" Value="8"/>
<Cov CovItemId="S3" Value="8"/>
<Cov CovItemId="S4" Value="8"/>
<Cov CovItemId="S5" Value="16"/>
<Cov CovItemId="S6" Value="8"/>
<Cov CovItemId="S7" Value="8"/>
<Cov CovItemId="S9" Value="2"/>
</CovPrefix>
<CovPrefix CovItemPrefix="pickr.games.Briscola.java">
<Cov CovItemId="B2" Value="8"/>
<Cov CovItemId="B4" Value="8"/>
<Cov CovItemId="B5" Value="1"/>
<Cov CovItemId="B6" Value="7"/>
<Cov CovItemId="S1" Value="2"/>
<Cov CovItemId="S10" Value="2"/>
<Cov CovItemId="S11" Value="8"/>
<Cov CovItemId="S14" Value="8"/>
<Cov CovItemId="S17" Value="8"/>
<Cov CovItemId="S18" Value="1"/>
<Cov CovItemId="S19" Value="1"/>
<Cov CovItemId="S2" Value="2"/>
<Cov CovItemId="S20" Value="2"/>
<Cov CovItemId="S21" Value="2"/>
<Cov CovItemId="S22" Value="2"/>
<Cov CovItemId="S23" Value="8"/>
<Cov CovItemId="S24" Value="2"/>
<Cov CovItemId="S25" Value="2"/>
<Cov CovItemId="S26" Value="2"/>
<Cov CovItemId="S27" Value="2"/>
<Cov CovItemId="S28" Value="8"/>
<Cov CovItemId="S3" Value="2"/>
<Cov CovItemId="S4" Value="8"/>
<Cov CovItemId="S5" Value="2"/>
<Cov CovItemId="S6" Value="2"/>
<Cov CovItemId="S7" Value="2"/>
<Cov CovItemId="S8" Value="2"/>
<Cov CovItemId="S9" Value="2"/>
</CovPrefix>
<CovPrefix CovItemPrefix="pickr.games.Game.java">
<Cov CovItemId="B1" Value="8"/>
<Cov CovItemId="B3" Value="2"/>
<Cov CovItemId="B4" Value="6"/>
<Cov CovItemId="S1" Value="2"/>
<Cov CovItemId="S10" Value="8"/>
<Cov CovItemId="S11" Value="8"/>
<Cov CovItemId="S12" Value="8"/>
<Cov CovItemId="S14" Value="2"/>
<Cov CovItemId="S15" Value="2"/>
<Cov CovItemId="S16" Value="8"/>
<Cov CovItemId="S17" Value="2"/>
<Cov CovItemId="S18" Value="8"/>
<Cov CovItemId="S19" Value="2"/>
<Cov CovItemId="S2" Value="2"/>
<Cov CovItemId="S20" Value="2"/>
<Cov CovItemId="S21" Value="8"/>
<Cov CovItemId="S22" Value="2"/>
<Cov CovItemId="S23" Value="8"/>
<Cov CovItemId="S24" Value="2"/>
<Cov CovItemId="S25" Value="2"/>
<Cov CovItemId="S26" Value="2"/>
<Cov CovItemId="S27" Value="2"/>
<Cov CovItemId="S28" Value="2"/>
<Cov CovItemId="S3" Value="2"/>
<Cov CovItemId="S4" Value="2"/>
<Cov CovItemId="S5" Value="2"/>
<Cov CovItemId="S6" Value="2"/>
<Cov CovItemId="S7" Value="6"/>
<Cov CovItemId="S8" Value="2"/>
<Cov CovItemId="S9" Value="6"/>
</CovPrefix>
</CovList>
<AssgnmntList>
<AssgnmntPrefix RootTermCovItemPrefix="pickr.classes.Deck.java">
<AssgnmntListEntry Length="1" RootTermCovItemId="C1">
<MapEntry BoolAssgnmnt="0" Value="3"/>
<MapEntry BoolAssgnmnt="1" Value="30"/>
</AssgnmntListEntry>
<AssgnmntListEntry Length="1" RootTermCovItemId="C2">
<MapEntry BoolAssgnmnt="0" Value="8"/>
</AssgnmntListEntry>
<AssgnmntListEntry Length="1" RootTermCovItemId="C3">
<MapEntry BoolAssgnmnt="0" Value="1"/>
<MapEntry BoolAssgnmnt="1" Value="8"/>
</AssgnmntListEntry>
<AssgnmntListEntry Length="1" RootTermCovItemId="C4">
<MapEntry BoolAssgnmnt="0" Value="8"/>
<MapEntry BoolAssgnmnt="1" Value="24"/>
</AssgnmntListEntry>
</AssgnmntPrefix>
<AssgnmntPrefix RootTermCovItemPrefix="pickr.classes.GamingCard.java">
<AssgnmntListEntry Length="2" RootTermCovItemId="C1">
<MapEntry BoolAssgnmnt="02" Value="12"/>
<MapEntry BoolAssgnmnt="10" Value="12"/>
<MapEntry BoolAssgnmnt="11" Value="96"/>
</AssgnmntListEntry>
<AssgnmntListEntry Length="2" RootTermCovItemId="C2">
<MapEntry BoolAssgnmnt="00" Value="120"/>
</AssgnmntListEntry>
</AssgnmntPrefix>
<AssgnmntPrefix RootTermCovItemPrefix="pickr.games.Briscola.java">
<AssgnmntListEntry Length="3" RootTermCovItemId="C1">
<MapEntry BoolAssgnmnt="022" Value="4"/>
<MapEntry BoolAssgnmnt="110" Value="4"/>
</AssgnmntListEntry>
<AssgnmntListEntry Length="3" RootTermCovItemId="C2">
<MapEntry BoolAssgnmnt="022" Value="4"/>
<MapEntry BoolAssgnmnt="102" Value="4"/>
</AssgnmntListEntry>
<AssgnmntListEntry Length="3" RootTermCovItemId="C3">
<MapEntry BoolAssgnmnt="122" Value="4"/>
<MapEntry BoolAssgnmnt="002" Value="2"/>
<MapEntry BoolAssgnmnt="010" Value="1"/>
<MapEntry BoolAssgnmnt="011" Value="1"/>
</AssgnmntListEntry>
</AssgnmntPrefix>
<AssgnmntPrefix RootTermCovItemPrefix="pickr.games.Game.java">
<AssgnmntListEntry Length="1" RootTermCovItemId="C1">
<MapEntry BoolAssgnmnt="1" Value="8"/>
</AssgnmntListEntry>
<AssgnmntListEntry Length="1" RootTermCovItemId="C2">
<MapEntry BoolAssgnmnt="0" Value="6"/>
<MapEntry BoolAssgnmnt="1" Value="2"/>
</AssgnmntListEntry>
</AssgnmntPrefix>
</AssgnmntList>
<ObjMetaDataList/>
<MetaDataList/>
</TestCase>
<MetaDataList/>
</TestSession>
<TestSession Comment="" Date="1598619671083" Name="28-ago-2020 15.01.11">
<TestCase Comment="" Date="1598619671053" Name="test.ClassTest:testDeck">
<CovList>
<CovPrefix CovItemPrefix="pickr.classes.Deck.java">
<Cov CovItemId="S1" Value="1"/>
<Cov CovItemId="S2" Value="3"/>
<Cov CovItemId="S3" Value="1"/>
<Cov CovItemId="S4" Value="10"/>
<Cov CovItemId="S5" Value="40"/>
</CovPrefix>
<CovPrefix CovItemPrefix="pickr.classes.GamingCard.java">
<Cov CovItemId="B1" Value="32"/>
<Cov CovItemId="B2" Value="8"/>
<Cov CovItemId="B4" Value="40"/>
<Cov CovItemId="S1" Value="40"/>
<Cov CovItemId="S10" Value="40"/>
<Cov CovItemId="S12" Value="40"/>
<Cov CovItemId="S2" Value="40"/>
<Cov CovItemId="S3" Value="40"/>
<Cov CovItemId="S7" Value="40"/>
<Cov CovItemId="S8" Value="32"/>
<Cov CovItemId="S9" Value="8"/>
</CovPrefix>
</CovList>
<AssgnmntList>
<AssgnmntPrefix RootTermCovItemPrefix="pickr.classes.Deck.java">
<AssgnmntListEntry Length="1" RootTermCovItemId="C1">
<MapEntry BoolAssgnmnt="0" Value="1"/>
<MapEntry BoolAssgnmnt="1" Value="10"/>
</AssgnmntListEntry>
</AssgnmntPrefix>
<AssgnmntPrefix RootTermCovItemPrefix="pickr.classes.GamingCard.java">
<AssgnmntListEntry Length="2" RootTermCovItemId="C1">
<MapEntry BoolAssgnmnt="02" Value="4"/>
<MapEntry BoolAssgnmnt="10" Value="4"/>
<MapEntry BoolAssgnmnt="11" Value="32"/>
</AssgnmntListEntry>
<AssgnmntListEntry Length="2" RootTermCovItemId="C2">
<MapEntry BoolAssgnmnt="00" Value="40"/>
</AssgnmntListEntry>
</AssgnmntPrefix>
</AssgnmntList>
<ObjMetaDataList/>
<MetaDataList/>
</TestCase>
<TestCase Comment="" Date="1598619671056" Name="test.ClassTest:testGame">
<CovList>
<CovPrefix CovItemPrefix="pickr.classes.Deck.java">
<Cov CovItemId="B1" Value="28"/>
<Cov CovItemId="B2" Value="1"/>
<Cov CovItemId="B3" Value="4"/>
<Cov CovItemId="S1" Value="1"/>
<Cov CovItemId="S10" Value="4"/>
<Cov CovItemId="S11" Value="4"/>
<Cov CovItemId="S12" Value="4"/>
<Cov CovItemId="S13" Value="12"/>
<Cov CovItemId="S14" Value="4"/>
<Cov CovItemId="S2" Value="3"/>
<Cov CovItemId="S3" Value="1"/>
<Cov CovItemId="S4" Value="10"/>
<Cov CovItemId="S5" Value="40"/>
<Cov CovItemId="S6" Value="1"/>
<Cov CovItemId="S7" Value="29"/>
<Cov CovItemId="S8" Value="28"/>
<Cov CovItemId="S9" Value="1"/>
</CovPrefix>
<CovPrefix CovItemPrefix="pickr.classes.GamingCard.java">
<Cov CovItemId="B1" Value="32"/>
<Cov CovItemId="B2" Value="8"/>
<Cov CovItemId="B4" Value="40"/>
<Cov CovItemId="S1" Value="40"/>
<Cov CovItemId="S10" Value="40"/>
<Cov CovItemId="S12" Value="40"/>
<Cov CovItemId="S13" Value="46"/>
<Cov CovItemId="S2" Value="40"/>
<Cov CovItemId="S3" Value="40"/>
<Cov CovItemId="S4" Value="58"/>
<Cov CovItemId="S6" Value="224"/>
<Cov CovItemId="S7" Value="40"/>
<Cov CovItemId="S8" Value="32"/>
<Cov CovItemId="S9" Value="8"/>
</CovPrefix>
<CovPrefix CovItemPrefix="pickr.classes.Player.java">
<Cov CovItemId="S1" Value="4"/>
<Cov CovItemId="S12" Value="8"/>
<Cov CovItemId="S13" Value="32"/>
<Cov CovItemId="S14" Value="28"/>
<Cov CovItemId="S2" Value="4"/>
<Cov CovItemId="S3" Value="4"/>
<Cov CovItemId="S4" Value="4"/>
<Cov CovItemId="S5" Value="32"/>
<Cov CovItemId="S6" Value="4"/>
<Cov CovItemId="S7" Value="32"/>
<Cov CovItemId="S9" Value="8"/>
</CovPrefix>
<CovPrefix CovItemPrefix="pickr.exceptions.OutOfBoundException.java">
<Cov CovItemId="S1" Value="1"/>
</CovPrefix>
<CovPrefix CovItemPrefix="pickr.games.Briscola.java">
<Cov CovItemId="B2" Value="32"/>
<Cov CovItemId="B3" Value="2"/>
<Cov CovItemId="B4" Value="30"/>
<Cov CovItemId="B5" Value="1"/>
<Cov CovItemId="B6" Value="31"/>
<Cov CovItemId="S1" Value="1"/>
<Cov CovItemId="S10" Value="8"/>
<Cov CovItemId="S11" Value="32"/>
<Cov CovItemId="S14" Value="32"/>
<Cov CovItemId="S15" Value="2"/>
<Cov CovItemId="S16" Value="2"/>
<Cov CovItemId="S17" Value="32"/>
<Cov CovItemId="S18" Value="1"/>
<Cov CovItemId="S19" Value="1"/>
<Cov CovItemId="S2" Value="1"/>
<Cov CovItemId="S20" Value="8"/>
<Cov CovItemId="S21" Value="8"/>
<Cov CovItemId="S22" Value="8"/>
<Cov CovItemId="S23" Value="32"/>
<Cov CovItemId="S24" Value="8"/>
<Cov CovItemId="S25" Value="8"/>
<Cov CovItemId="S26" Value="8"/>
<Cov CovItemId="S27" Value="8"/>
<Cov CovItemId="S28" Value="29"/>
<Cov CovItemId="S3" Value="1"/>
<Cov CovItemId="S4" Value="4"/>
<Cov CovItemId="S5" Value="1"/>
<Cov CovItemId="S6" Value="1"/>
<Cov CovItemId="S7" Value="1"/>
<Cov CovItemId="S8" Value="1"/>
<Cov CovItemId="S9" Value="8"/>
</CovPrefix>
<CovPrefix CovItemPrefix="pickr.games.Game.java">
<Cov CovItemId="B1" Value="4"/>
<Cov CovItemId="B3" Value="8"/>
<Cov CovItemId="B4" Value="24"/>
<Cov CovItemId="S1" Value="1"/>
<Cov CovItemId="S10" Value="9"/>
<Cov CovItemId="S11" Value="4"/>
<Cov CovItemId="S12" Value="4"/>
<Cov CovItemId="S14" Value="8"/>
<Cov CovItemId="S15" Value="8"/>
<Cov CovItemId="S16" Value="32"/>
<Cov CovItemId="S17" Value="8"/>
<Cov CovItemId="S18" Value="32"/>
<Cov CovItemId="S19" Value="8"/>
<Cov CovItemId="S2" Value="1"/>
<Cov CovItemId="S20" Value="8"/>
<Cov CovItemId="S21" Value="32"/>
<Cov CovItemId="S22" Value="8"/>
<Cov CovItemId="S23" Value="32"/>
<Cov CovItemId="S24" Value="8"/>
<Cov CovItemId="S25" Value="8"/>
<Cov CovItemId="S26" Value="8"/>
<Cov CovItemId="S27" Value="8"/>
<Cov CovItemId="S28" Value="8"/>
<Cov CovItemId="S3" Value="1"/>
<Cov CovItemId="S4" Value="1"/>
<Cov CovItemId="S5" Value="1"/>
<Cov CovItemId="S6" Value="1"/>
<Cov CovItemId="S7" Value="1"/>
<Cov CovItemId="S9" Value="24"/>
</CovPrefix>
</CovList>
<AssgnmntList>
<AssgnmntPrefix RootTermCovItemPrefix="pickr.classes.Deck.java">
<AssgnmntListEntry Length="1" RootTermCovItemId="C1">
<MapEntry BoolAssgnmnt="0" Value="1"/>
<MapEntry BoolAssgnmnt="1" Value="10"/>
</AssgnmntListEntry>
<AssgnmntListEntry Length="1" RootTermCovItemId="C2">
<MapEntry BoolAssgnmnt="0" Value="28"/>
<MapEntry BoolAssgnmnt="1" Value="1"/>
</AssgnmntListEntry>
<AssgnmntListEntry Length="1" RootTermCovItemId="C3">
<MapEntry BoolAssgnmnt="1" Value="4"/>
</AssgnmntListEntry>
<AssgnmntListEntry Length="1" RootTermCovItemId="C4">
<MapEntry BoolAssgnmnt="0" Value="4"/>
<MapEntry BoolAssgnmnt="1" Value="12"/>
</AssgnmntListEntry>
</AssgnmntPrefix>
<AssgnmntPrefix RootTermCovItemPrefix="pickr.classes.GamingCard.java">
<AssgnmntListEntry Length="2" RootTermCovItemId="C1">
<MapEntry BoolAssgnmnt="02" Value="4"/>
<MapEntry BoolAssgnmnt="10" Value="4"/>
<MapEntry BoolAssgnmnt="11" Value="32"/>
</AssgnmntListEntry>
<AssgnmntListEntry Length="2" RootTermCovItemId="C2">
<MapEntry BoolAssgnmnt="00" Value="40"/>
</AssgnmntListEntry>
</AssgnmntPrefix>
<AssgnmntPrefix RootTermCovItemPrefix="pickr.games.Briscola.java">
<AssgnmntListEntry Length="3" RootTermCovItemId="C1">
<MapEntry BoolAssgnmnt="022" Value="25"/>
<MapEntry BoolAssgnmnt="102" Value="2"/>
<MapEntry BoolAssgnmnt="110" Value="5"/>
</AssgnmntListEntry>
<AssgnmntListEntry Length="3" RootTermCovItemId="C2">
<MapEntry BoolAssgnmnt="022" Value="25"/>
<MapEntry BoolAssgnmnt="102" Value="5"/>
<MapEntry BoolAssgnmnt="111" Value="2"/>
</AssgnmntListEntry>
<AssgnmntListEntry Length="3" RootTermCovItemId="C3">
<MapEntry BoolAssgnmnt="122" Value="5"/>
<MapEntry BoolAssgnmnt="002" Value="18"/>
<MapEntry BoolAssgnmnt="010" Value="8"/>
<MapEntry BoolAssgnmnt="011" Value="1"/>
</AssgnmntListEntry>
</AssgnmntPrefix>
<AssgnmntPrefix RootTermCovItemPrefix="pickr.games.Game.java">
<AssgnmntListEntry Length="1" RootTermCovItemId="C1">
<MapEntry BoolAssgnmnt="1" Value="4"/>
</AssgnmntListEntry>
<AssgnmntListEntry Length="1" RootTermCovItemId="C2">
<MapEntry BoolAssgnmnt="0" Value="24"/>
<MapEntry BoolAssgnmnt="1" Value="8"/>
</AssgnmntListEntry>
</AssgnmntPrefix>
</AssgnmntList>
<ObjMetaDataList/>
<MetaDataList/>
</TestCase>
<TestCase Comment="" Date="1598619671061" Name="test.ClassTest:testWrongCardNumberException">
<CovList>
<CovPrefix CovItemPrefix="pickr.classes.GamingCard.java">
<Cov CovItemId="B1" Value="1"/>
<Cov CovItemId="B3" Value="1"/>
<Cov CovItemId="S1" Value="1"/>
<Cov CovItemId="S10" Value="1"/>
<Cov CovItemId="S11" Value="1"/>
<Cov CovItemId="S2" Value="1"/>
<Cov CovItemId="S3" Value="1"/>
<Cov CovItemId="S7" Value="1"/>
<Cov CovItemId="S8" Value="1"/>
</CovPrefix>
<CovPrefix CovItemPrefix="pickr.exceptions.WrongCardNumberException.java">
<Cov CovItemId="S1" Value="1"/>
</CovPrefix>
</CovList>
<AssgnmntList>
<AssgnmntPrefix RootTermCovItemPrefix="pickr.classes.GamingCard.java">
<AssgnmntListEntry Length="2" RootTermCovItemId="C1">
<MapEntry BoolAssgnmnt="11" Value="1"/>
</AssgnmntListEntry>
<AssgnmntListEntry Length="2" RootTermCovItemId="C2">
<MapEntry BoolAssgnmnt="01" Value="1"/>
</AssgnmntListEntry>
</AssgnmntPrefix>
</AssgnmntList>
<ObjMetaDataList/>
<MetaDataList/>
</TestCase>
<TestCase Comment="" Date="1598619671062" Name="test.ClassTest:testOutOfBoundException">
<CovList>
<CovPrefix CovItemPrefix="pickr.classes.Deck.java">
<Cov CovItemId="B4" Value="1"/>
<Cov CovItemId="S1" Value="1"/>
<Cov CovItemId="S10" Value="1"/>
<Cov CovItemId="S15" Value="1"/>
</CovPrefix>
</CovList>
<AssgnmntList>
<AssgnmntPrefix RootTermCovItemPrefix="pickr.classes.Deck.java">
<AssgnmntListEntry Length="1" RootTermCovItemId="C3">
<MapEntry BoolAssgnmnt="0" Value="1"/>
</AssgnmntListEntry>
</AssgnmntPrefix>
</AssgnmntList>
<ObjMetaDataList/>
<MetaDataList/>
</TestCase>
<TestCase Comment="" Date="1598619671063" Name="test.ClassTest:testBriscola">
<CovList>
<CovPrefix CovItemPrefix="pickr.classes.Deck.java">
<Cov CovItemId="B1" Value="4"/>
<Cov CovItemId="B3" Value="4"/>
<Cov CovItemId="S1" Value="1"/>
<Cov CovItemId="S10" Value="4"/>
<Cov CovItemId="S11" Value="4"/>
<Cov CovItemId="S12" Value="4"/>
<Cov CovItemId="S13" Value="12"/>
<Cov CovItemId="S14" Value="4"/>
<Cov CovItemId="S2" Value="5"/>
<Cov CovItemId="S3" Value="1"/>
<Cov CovItemId="S4" Value="10"/>
<Cov CovItemId="S5" Value="40"/>
<Cov CovItemId="S6" Value="1"/>
<Cov CovItemId="S7" Value="4"/>
<Cov CovItemId="S8" Value="4"/>
</CovPrefix>
<CovPrefix CovItemPrefix="pickr.classes.GamingCard.java">
<Cov CovItemId="B1" Value="32"/>
<Cov CovItemId="B2" Value="8"/>
<Cov CovItemId="B4" Value="40"/>
<Cov CovItemId="S1" Value="40"/>
<Cov CovItemId="S10" Value="40"/>
<Cov CovItemId="S12" Value="40"/>
<Cov CovItemId="S13" Value="19"/>
<Cov CovItemId="S2" Value="40"/>
<Cov CovItemId="S3" Value="40"/>
<Cov CovItemId="S4" Value="10"/>
<Cov CovItemId="S6" Value="28"/>
<Cov CovItemId="S7" Value="40"/>
<Cov CovItemId="S8" Value="32"/>
<Cov CovItemId="S9" Value="8"/>
</CovPrefix>
<CovPrefix CovItemPrefix="pickr.classes.Player.java">
<Cov CovItemId="S1" Value="4"/>
<Cov CovItemId="S12" Value="5"/>
<Cov CovItemId="S13" Value="4"/>
<Cov CovItemId="S14" Value="4"/>
<Cov CovItemId="S2" Value="4"/>
<Cov CovItemId="S3" Value="4"/>
<Cov CovItemId="S4" Value="4"/>
<Cov CovItemId="S5" Value="8"/>
<Cov CovItemId="S6" Value="4"/>
<Cov CovItemId="S7" Value="4"/>
<Cov CovItemId="S9" Value="1"/>
</CovPrefix>
<CovPrefix CovItemPrefix="pickr.games.Briscola.java">
<Cov CovItemId="B2" Value="4"/>
<Cov CovItemId="B3" Value="1"/>
<Cov CovItemId="B4" Value="3"/>
<Cov CovItemId="B6" Value="4"/>
<Cov CovItemId="S1" Value="1"/>
<Cov CovItemId="S10" Value="1"/>
<Cov CovItemId="S11" Value="4"/>
<Cov CovItemId="S14" Value="4"/>
<Cov CovItemId="S15" Value="1"/>
<Cov CovItemId="S16" Value="1"/>
<Cov CovItemId="S17" Value="4"/>
<Cov CovItemId="S2" Value="1"/>
<Cov CovItemId="S20" Value="1"/>
<Cov CovItemId="S21" Value="1"/>
<Cov CovItemId="S22" Value="1"/>
<Cov CovItemId="S23" Value="4"/>
<Cov CovItemId="S24" Value="1"/>
<Cov CovItemId="S25" Value="1"/>
<Cov CovItemId="S26" Value="1"/>
<Cov CovItemId="S27" Value="1"/>
<Cov CovItemId="S28" Value="4"/>
<Cov CovItemId="S3" Value="1"/>
<Cov CovItemId="S4" Value="4"/>
<Cov CovItemId="S5" Value="1"/>
<Cov CovItemId="S6" Value="1"/>
<Cov CovItemId="S7" Value="1"/>
<Cov CovItemId="S8" Value="1"/>
<Cov CovItemId="S9" Value="1"/>
</CovPrefix>
<CovPrefix CovItemPrefix="pickr.games.Game.java">
<Cov CovItemId="B1" Value="4"/>
<Cov CovItemId="B3" Value="1"/>
<Cov CovItemId="B4" Value="3"/>
<Cov CovItemId="S1" Value="1"/>
<Cov CovItemId="S10" Value="4"/>
<Cov CovItemId="S11" Value="4"/>
<Cov CovItemId="S12" Value="4"/>
<Cov CovItemId="S14" Value="1"/>
<Cov CovItemId="S15" Value="1"/>
<Cov CovItemId="S16" Value="4"/>
<Cov CovItemId="S17" Value="1"/>
<Cov CovItemId="S18" Value="4"/>
<Cov CovItemId="S19" Value="1"/>
<Cov CovItemId="S2" Value="1"/>
<Cov CovItemId="S20" Value="1"/>
<Cov CovItemId="S21" Value="4"/>
<Cov CovItemId="S22" Value="1"/>
<Cov CovItemId="S23" Value="4"/>
<Cov CovItemId="S24" Value="1"/>
<Cov CovItemId="S25" Value="1"/>
<Cov CovItemId="S26" Value="1"/>
<Cov CovItemId="S27" Value="1"/>
<Cov CovItemId="S28" Value="1"/>
<Cov CovItemId="S3" Value="1"/>
<Cov CovItemId="S4" Value="1"/>
<Cov CovItemId="S5" Value="1"/>
<Cov CovItemId="S6" Value="1"/>
<Cov CovItemId="S7" Value="3"/>
<Cov CovItemId="S8" Value="1"/>
<Cov CovItemId="S9" Value="3"/>
</CovPrefix>
</CovList>
<AssgnmntList>
<AssgnmntPrefix RootTermCovItemPrefix="pickr.classes.Deck.java">
<AssgnmntListEntry Length="1" RootTermCovItemId="C1">
<MapEntry BoolAssgnmnt="0" Value="1"/>
<MapEntry BoolAssgnmnt="1" Value="10"/>
</AssgnmntListEntry>
<AssgnmntListEntry Length="1" RootTermCovItemId="C2">
<MapEntry BoolAssgnmnt="0" Value="4"/>
</AssgnmntListEntry>
<AssgnmntListEntry Length="1" RootTermCovItemId="C3">
<MapEntry BoolAssgnmnt="1" Value="4"/>
</AssgnmntListEntry>
<AssgnmntListEntry Length="1" RootTermCovItemId="C4">
<MapEntry BoolAssgnmnt="0" Value="4"/>
<MapEntry BoolAssgnmnt="1" Value="12"/>
</AssgnmntListEntry>
</AssgnmntPrefix>
<AssgnmntPrefix RootTermCovItemPrefix="pickr.classes.GamingCard.java">
<AssgnmntListEntry Length="2" RootTermCovItemId="C1">
<MapEntry BoolAssgnmnt="02" Value="4"/>
<MapEntry BoolAssgnmnt="10" Value="4"/>
<MapEntry BoolAssgnmnt="11" Value="32"/>
</AssgnmntListEntry>
<AssgnmntListEntry Length="2" RootTermCovItemId="C2">
<MapEntry BoolAssgnmnt="00" Value="40"/>
</AssgnmntListEntry>
</AssgnmntPrefix>
<AssgnmntPrefix RootTermCovItemPrefix="pickr.games.Briscola.java">
<AssgnmntListEntry Length="3" RootTermCovItemId="C1">
<MapEntry BoolAssgnmnt="022" Value="2"/>
<MapEntry BoolAssgnmnt="102" Value="2"/>
</AssgnmntListEntry>
<AssgnmntListEntry Length="3" RootTermCovItemId="C2">
<MapEntry BoolAssgnmnt="022" Value="2"/>
<MapEntry BoolAssgnmnt="110" Value="1"/>
<MapEntry BoolAssgnmnt="111" Value="1"/>
</AssgnmntListEntry>
<AssgnmntListEntry Length="3" RootTermCovItemId="C3">
<MapEntry BoolAssgnmnt="122" Value="1"/>
<MapEntry BoolAssgnmnt="002" Value="3"/>
</AssgnmntListEntry>
</AssgnmntPrefix>
<AssgnmntPrefix RootTermCovItemPrefix="pickr.games.Game.java">
<AssgnmntListEntry Length="1" RootTermCovItemId="C1">
<MapEntry BoolAssgnmnt="1" Value="4"/>
</AssgnmntListEntry>
<AssgnmntListEntry Length="1" RootTermCovItemId="C2">
<MapEntry BoolAssgnmnt="0" Value="3"/>
<MapEntry BoolAssgnmnt="1" Value="1"/>
</AssgnmntListEntry>
</AssgnmntPrefix>
</AssgnmntList>
<ObjMetaDataList/>
<MetaDataList/>
</TestCase>
<MetaDataList/>
</TestSession>
<TestSession Comment="" Date="1598619799521" Name="28-ago-2020 15.03.19">
<TestCase Comment="" Date="1598619799496" Name="test.MCDC:MCDC_Test">
<CovList>
<CovPrefix CovItemPrefix="pickr.classes.Deck.java">
<Cov CovItemId="S1" Value="1"/>
</CovPrefix>
<CovPrefix CovItemPrefix="pickr.classes.GamingCard.java">
<Cov CovItemId="B1" Value="6"/>
<Cov CovItemId="B2" Value="2"/>
<Cov CovItemId="B4" Value="8"/>
<Cov CovItemId="S1" Value="8"/>
<Cov CovItemId="S10" Value="8"/>
<Cov CovItemId="S12" Value="8"/>
<Cov CovItemId="S13" Value="16"/>
<Cov CovItemId="S2" Value="8"/>
<Cov CovItemId="S3" Value="8"/>
<Cov CovItemId="S4" Value="17"/>
<Cov CovItemId="S6" Value="56"/>
<Cov CovItemId="S7" Value="8"/>
<Cov CovItemId="S8" Value="6"/>
<Cov CovItemId="S9" Value="2"/>
</CovPrefix>
<CovPrefix CovItemPrefix="pickr.classes.Player.java">
<Cov CovItemId="S1" Value="4"/>
<Cov CovItemId="S12" Value="2"/>
<Cov CovItemId="S13" Value="8"/>
<Cov CovItemId="S2" Value="4"/>
<Cov CovItemId="S3" Value="4"/>
<Cov CovItemId="S4" Value="4"/>
<Cov CovItemId="S5" Value="8"/>
<Cov CovItemId="S6" Value="4"/>
<Cov CovItemId="S7" Value="8"/>
<Cov CovItemId="S9" Value="2"/>
</CovPrefix>
<CovPrefix CovItemPrefix="pickr.games.Briscola.java">
<Cov CovItemId="B1" Value="1"/>
<Cov CovItemId="B2" Value="7"/>
<Cov CovItemId="B3" Value="1"/>
<Cov CovItemId="B4" Value="7"/>
<Cov CovItemId="B5" Value="1"/>
<Cov CovItemId="B6" Value="7"/>
<Cov CovItemId="S1" Value="1"/>
<Cov CovItemId="S10" Value="2"/>
<Cov CovItemId="S11" Value="8"/>
<Cov CovItemId="S12" Value="1"/>
<Cov CovItemId="S13" Value="1"/>
<Cov CovItemId="S14" Value="8"/>
<Cov CovItemId="S15" Value="1"/>
<Cov CovItemId="S16" Value="1"/>
<Cov CovItemId="S17" Value="8"/>
<Cov CovItemId="S18" Value="1"/>
<Cov CovItemId="S19" Value="1"/>
<Cov CovItemId="S2" Value="1"/>
<Cov CovItemId="S20" Value="2"/>
<Cov CovItemId="S21" Value="2"/>
<Cov CovItemId="S9" Value="2"/>
</CovPrefix>
<CovPrefix CovItemPrefix="pickr.games.Game.java">
<Cov CovItemId="B1" Value="4"/>
<Cov CovItemId="B3" Value="2"/>
<Cov CovItemId="B4" Value="6"/>
<Cov CovItemId="S1" Value="1"/>
<Cov CovItemId="S11" Value="4"/>
<Cov CovItemId="S12" Value="4"/>
<Cov CovItemId="S14" Value="2"/>
<Cov CovItemId="S15" Value="2"/>
<Cov CovItemId="S16" Value="8"/>
<Cov CovItemId="S17" Value="2"/>
<Cov CovItemId="S18" Value="8"/>
<Cov CovItemId="S19" Value="2"/>
<Cov CovItemId="S2" Value="1"/>
<Cov CovItemId="S20" Value="2"/>
<Cov CovItemId="S21" Value="8"/>
<Cov CovItemId="S22" Value="2"/>
<Cov CovItemId="S23" Value="8"/>
<Cov CovItemId="S24" Value="2"/>
<Cov CovItemId="S25" Value="2"/>
<Cov CovItemId="S26" Value="2"/>
<Cov CovItemId="S27" Value="2"/>
<Cov CovItemId="S28" Value="2"/>
<Cov CovItemId="S3" Value="1"/>
<Cov CovItemId="S4" Value="1"/>
<Cov CovItemId="S5" Value="1"/>
<Cov CovItemId="S6" Value="1"/>
<Cov CovItemId="S9" Value="6"/>
</CovPrefix>
<CovPrefix CovItemPrefix="test.MCDC.java">
<Cov CovItemId="S1" Value="1"/>
<Cov CovItemId="S10" Value="1"/>
<Cov CovItemId="S11" Value="1"/>
<Cov CovItemId="S12" Value="1"/>
<Cov CovItemId="S13" Value="1"/>
<Cov CovItemId="S14" Value="1"/>
<Cov CovItemId="S15" Value="1"/>
<Cov CovItemId="S16" Value="1"/>
<Cov CovItemId="S17" Value="1"/>
<Cov CovItemId="S18" Value="1"/>
<Cov CovItemId="S19" Value="2"/>
<Cov CovItemId="S2" Value="1"/>
<Cov CovItemId="S20" Value="8"/>
<Cov CovItemId="S21" Value="2"/>
<Cov CovItemId="S22" Value="2"/>
<Cov CovItemId="S23" Value="2"/>
<Cov CovItemId="S24" Value="1"/>
<Cov CovItemId="S25" Value="1"/>
<Cov CovItemId="S26" Value="1"/>
<Cov CovItemId="S27" Value="1"/>
<Cov CovItemId="S28" Value="4"/>
<Cov CovItemId="S29" Value="1"/>
<Cov CovItemId="S3" Value="1"/>
<Cov CovItemId="S30" Value="1"/>
<Cov CovItemId="S31" Value="1"/>
<Cov CovItemId="S4" Value="1"/>
<Cov CovItemId="S5" Value="1"/>
<Cov CovItemId="S6" Value="1"/>
<Cov CovItemId="S7" Value="1"/>
<Cov CovItemId="S8" Value="1"/>
<Cov CovItemId="S9" Value="1"/>
</CovPrefix>
</CovList>
<AssgnmntList>
<AssgnmntPrefix RootTermCovItemPrefix="pickr.classes.GamingCard.java">
<AssgnmntListEntry Length="2" RootTermCovItemId="C1">
<MapEntry BoolAssgnmnt="02" Value="1"/>
<MapEntry BoolAssgnmnt="10" Value="1"/>
<MapEntry BoolAssgnmnt="11" Value="6"/>
</AssgnmntListEntry>
<AssgnmntListEntry Length="2" RootTermCovItemId="C2">
<MapEntry BoolAssgnmnt="00" Value="8"/>
</AssgnmntListEntry>
</AssgnmntPrefix>
<AssgnmntPrefix RootTermCovItemPrefix="pickr.games.Briscola.java">
<AssgnmntListEntry Length="3" RootTermCovItemId="C1">
<MapEntry BoolAssgnmnt="022" Value="6"/>
<MapEntry BoolAssgnmnt="102" Value="1"/>
<MapEntry BoolAssgnmnt="111" Value="1"/>
</AssgnmntListEntry>
<AssgnmntListEntry Length="3" RootTermCovItemId="C2">
<MapEntry BoolAssgnmnt="022" Value="7"/>
<MapEntry BoolAssgnmnt="111" Value="1"/>
</AssgnmntListEntry>
<AssgnmntListEntry Length="3" RootTermCovItemId="C3">
<MapEntry BoolAssgnmnt="002" Value="4"/>
<MapEntry BoolAssgnmnt="010" Value="3"/>
<MapEntry BoolAssgnmnt="011" Value="1"/>
</AssgnmntListEntry>
</AssgnmntPrefix>
<AssgnmntPrefix RootTermCovItemPrefix="pickr.games.Game.java">
<AssgnmntListEntry Length="1" RootTermCovItemId="C1">
<MapEntry BoolAssgnmnt="1" Value="4"/>
</AssgnmntListEntry>
<AssgnmntListEntry Length="1" RootTermCovItemId="C2">
<MapEntry BoolAssgnmnt="0" Value="6"/>
<MapEntry BoolAssgnmnt="1" Value="2"/>
</AssgnmntListEntry>
</AssgnmntPrefix>
<AssgnmntPrefix RootTermCovItemPrefix="test.MCDC.java">
<AssgnmntListEntry Length="1" RootTermCovItemId="C1">
<MapEntry BoolAssgnmnt="0" Value="1"/>
<MapEntry BoolAssgnmnt="1" Value="4"/>
</AssgnmntListEntry>
</AssgnmntPrefix>
</AssgnmntList>
<ObjMetaDataList/>
<MetaDataList/>
</TestCase>
<MetaDataList/>
</TestSession>
</TestSessionContainer>
