<?xml version="1.0" encoding="UTF-8"?><TestSessionContainer xmlns="http://www.codecover.org/xml/testsession-container" Date="1598691715936" TestSessionContainerId="9c93c2bb-58a2-457c-9bc7-539112863732" version="1.0">
<SrcFileList>
<SrcFile Content="package pickr;&#13;&#10;&#13;&#10;public class Main {&#13;&#10;&#13;&#10;&#9;public static void main(String[] args) {&#13;&#10;&#9;&#9;// TODO Auto-generated method stub&#13;&#10;&#13;&#10;&#9;}&#13;&#10;&#13;&#10;}&#13;&#10;" Filename="Main.java" Intrnl_Id="1"/>
<SrcFile Content="package pickr.classes;&#13;&#10;&#13;&#10;&#13;&#10;import java.util.ArrayList;&#13;&#10;//import java.util.Collections;&#13;&#10;import java.util.Collections;&#13;&#10;&#13;&#10;import pickr.enums.Suit;&#13;&#10;import pickr.exceptions.OutOfBoundException;&#13;&#10;import pickr.exceptions.WrongCardNumberException;&#13;&#10;&#13;&#10;public class Deck {&#13;&#10;&#13;&#10;&#9;public ArrayList&lt;GamingCard&gt; cards;&#13;&#10;&#13;&#10;&#13;&#10;&#9;public Deck() { this.cards = new ArrayList&lt;GamingCard&gt;();&#9;}&#13;&#10;&#13;&#10;&#9;public ArrayList&lt;GamingCard&gt; getCards() { return cards;&#9;}&#13;&#10;&#13;&#10;&#9;public void init() throws WrongCardNumberException {&#13;&#10;&#9;&#9;for(int num = 1; num &lt; 11; num++) {&#13;&#10;&#9;&#9;&#9;for(Suit suit : Suit.values()) {&#13;&#10;&#9;&#9;&#9;&#9;cards.add(new GamingCard(suit, num));&#13;&#10;&#9;&#9;&#9;}&#13;&#10;&#9;&#9;}&#13;&#10;&#9;}&#13;&#10;&#13;&#10;&#9;public void shuffle() { Collections.shuffle(cards);&#9;}&#13;&#10;&#13;&#10;&#9;public GamingCard pick() throws OutOfBoundException {&#13;&#10;&#13;&#10;&#9;&#9;if(!cards.isEmpty())&#13;&#10;&#9;&#9;&#9;return cards.remove(0);&#13;&#10;&#9;&#9;else throw new OutOfBoundException();&#13;&#10;&#13;&#10;&#9;}&#13;&#10;&#13;&#10;&#9;public ArrayList&lt;GamingCard&gt; picks(int n) throws OutOfBoundException {&#13;&#10;&#13;&#10;&#9;&#9;if(cards.size() &gt;= n) {&#13;&#10;&#9;&#9;&#9;ArrayList&lt;GamingCard&gt; picked = new ArrayList&lt;GamingCard&gt;();&#13;&#10;&#9;&#9;&#9;for(int i =0; i &lt; n; i ++) {&#13;&#10;&#9;&#9;&#9;&#9;picked.add(cards.remove(0));&#13;&#10;&#9;&#9;&#9;}&#13;&#10;&#9;&#9;&#9;return picked;&#13;&#10;&#9;&#9;}&#13;&#10;&#9;&#9;else throw new OutOfBoundException();&#13;&#10;&#9;}&#13;&#10;}&#13;&#10;" Filename="Deck.java" Intrnl_Id="2"/>
<SrcFile Content="package pickr.classes;&#13;&#10;&#13;&#10;import pickr.enums.Suit;&#13;&#10;import pickr.exceptions.WrongCardNumberException;&#13;&#10;&#13;&#10;public class GamingCard {&#13;&#10;&#9;&#13;&#10;&#9;private Suit suit;&#13;&#10;&#9;private int num;&#13;&#10;&#9;private int val;&#13;&#10;&#9;&#13;&#10;&#9;public GamingCard(Suit suit, int num) throws WrongCardNumberException {&#13;&#10;&#9;&#13;&#10;&#9;&#9;this.suit = suit;&#13;&#10;&#9;&#9;this.val = numToVal(num);&#13;&#10;&#9;&#9;this.num = checkNum(num);&#13;&#10;&#9;}&#13;&#10;&#9; &#13;&#10;&#9;public Suit getSuit() { return this.suit; }&#13;&#10;&#9;&#13;&#10;&#9;public int getNum() { return this.num; }&#13;&#10;&#9;&#13;&#10;&#9;public int getVal() { return this.val; }&#13;&#10;&#9;&#13;&#10;&#9;&#13;&#10;&#9;int numToVal(int num) {&#13;&#10;&#9;&#9;if(num != 1 &amp;&amp; num != 3) return num-1;&#13;&#10;&#9;&#9;else return num == 1 ? 10 : 9;&#9;&#9;&#13;&#10;&#9;}&#13;&#10;&#9;&#13;&#10;&#9;int checkNum(int num) throws WrongCardNumberException {&#13;&#10;&#9; &#13;&#10;&#9;&#9;    if (num &lt; 1 || num &gt; 10) {&#13;&#10;&#9;&#9;      throw new WrongCardNumberException();&#13;&#10;&#9;&#9;    }&#13;&#10;&#9;&#9;    return num;&#13;&#10;&#9; }&#13;&#10;&#9;&#13;&#10;&#9;@Override&#13;&#10;&#9;public String toString() {&#9;return num + &quot; &quot; + suit.toString() + &quot; value: &quot; + val;&#9;}&#13;&#10;&#13;&#10;}&#13;&#10;" Filename="GamingCard.java" Intrnl_Id="3"/>
<SrcFile Content="package pickr.classes;&#13;&#10;&#13;&#10;&#13;&#10;import java.util.ArrayList;&#13;&#10;&#13;&#10;public class Player {&#13;&#10;&#9;&#13;&#10;&#9;private ArrayList&lt;GamingCard&gt; cards;&#13;&#10;&#9;&#13;&#10;&#9;private String id;&#13;&#10;&#9;&#13;&#10;&#9;private int gameScore;&#13;&#10;&#9;&#13;&#10;&#9;private int matchScore;&#13;&#10;&#9;&#13;&#10;&#9;public Player(String id) {&#13;&#10;&#9;&#9;this.id = id;&#13;&#10;&#9;&#9;this.cards = new ArrayList&lt;GamingCard&gt;();&#13;&#10;&#9;&#9;this.gameScore = 0;&#13;&#10;&#9;&#9;this.matchScore = 0;&#13;&#10;&#9;}&#13;&#10;&#13;&#10;&#9;&#13;&#10;&#9;public ArrayList&lt;GamingCard&gt; getCards() { return cards;&#9;}&#13;&#10;&#13;&#10;&#9;public void hand(ArrayList&lt;GamingCard&gt; cards) { this.cards = cards;&#9;}&#13;&#10;&#9;&#13;&#10;&#9;public GamingCard drop() { return this.cards.get(0); }&#13;&#10;&#13;&#10;&#9;public int getGameScore() {&#9;return gameScore; }&#13;&#10;&#13;&#10;&#9;public void setGameScore(int gameScore) { this.gameScore += gameScore;&#9;}&#13;&#10;&#13;&#10;&#9;public int getMatchScore() { return matchScore; }&#13;&#10;&#13;&#10;&#9;public void setMatchScore(int matchScore) {&#9;this.matchScore = matchScore; }&#13;&#10;&#13;&#10;&#9;public String getId() {&#9;return id;&#9;}&#13;&#10;&#13;&#10;&#9;public void delete() { this.cards.remove(0); }&#13;&#10;&#9;&#13;&#10;&#9;public void pick(GamingCard card) { this.cards.add(card);  }&#13;&#10;&#13;&#10;}&#13;&#10;&#13;&#10;" Filename="Player.java" Intrnl_Id="4"/>
<SrcFile Content="package pickr.exceptions;&#13;&#10;&#13;&#10;&#13;&#10;public class OutOfBoundException extends Exception {&#13;&#10;&#13;&#10;&#9;/**&#13;&#10;&#9; * &#13;&#10;&#9; */&#13;&#10;&#9;private static final long serialVersionUID = 1L;&#13;&#10;&#13;&#10;}&#13;&#10;" Filename="OutOfBoundException.java" Intrnl_Id="5"/>
<SrcFile Content="package pickr.exceptions;&#13;&#10;&#13;&#10;&#13;&#10;public class WrongCardNumberException extends Exception {&#13;&#10;&#13;&#10;&#9;/**&#13;&#10;&#9; * &#13;&#10;&#9; */&#13;&#10;&#9;private static final long serialVersionUID = 1L;&#13;&#10;&#13;&#10;}&#13;&#10;" Filename="WrongCardNumberException.java" Intrnl_Id="6"/>
<SrcFile Content="package pickr.games;&#13;&#10;&#13;&#10;import pickr.classes.GamingCard;&#13;&#10;import pickr.classes.Player;&#13;&#10;import pickr.enums.Suit;&#13;&#10;import pickr.exceptions.OutOfBoundException;&#13;&#10;import pickr.exceptions.WrongCardNumberException;&#13;&#10;&#13;&#10;public class Briscola extends Game{&#13;&#10;&#9;&#13;&#10;&#9;private int numcards = 3;&#13;&#10;&#9;&#13;&#10;&#9;protected Suit briscola;&#13;&#10;&#9;&#13;&#10;&#9;public Briscola(int numplayers, int score) {&#13;&#10;&#9;&#9;super(numplayers, score);&#13;&#10;&#9;}&#13;&#10;&#9;&#13;&#10;&#13;&#10;&#9;@Override&#13;&#10;&#9;void spread() throws OutOfBoundException {&#13;&#10;&#9;&#9;for(Player player : players) {&#13;&#10;&#9;&#9;&#9;player.hand(deck.picks(numcards));&#13;&#10;&#9;&#9;}&#9;&#9;&#13;&#10;&#9;}&#13;&#10;&#13;&#10;&#9;@Override&#13;&#10;&#9;public void start() throws WrongCardNumberException, OutOfBoundException { &#9;&#13;&#10;&#9;&#9;&#13;&#10;&#9;&#9;this.deck.init();&#13;&#10;&#9;&#9;this.deck.shuffle();&#13;&#10;&#9;&#9;&#13;&#10;&#9;&#9;briscola = deck.getCards().get(deck.getCards().size()-1).getSuit();&#13;&#10;&#9;&#9;&#13;&#10;&#9;&#9;this.spread();&#13;&#10;&#9;&#9;&#13;&#10;&#9;&#9;// this.deck.show();&#13;&#10;&#9;}&#13;&#10;&#13;&#10;&#13;&#10;&#9;@Override&#13;&#10;&#9;protected GamingCard rule() {&#13;&#10;&#9;&#9;&#13;&#10;&#9;&#9;GamingCard winningCard = this.getTable().get(0);&#13;&#10;&#9;&#9;&#13;&#10;&#9;&#9;// assert(this.getTable().size() == this.numplayers);&#13;&#10;&#9;&#9;for(GamingCard card : this.getTable()) {&#9;&#13;&#10;&#9;&#9;&#9;&#9;&#13;&#10;&#9;&#9;&#9;// T T T&#13;&#10;&#9;&#9;&#9;if(card.getVal() &gt; winningCard.getVal() &amp;&amp; winningCard.getSuit() == briscola &amp;&amp; card.getSuit() == briscola) {&#13;&#10;&#9;&#9;&#9;&#9;winningCard = card;&#13;&#10;&#9;&#9;&#9;}&#13;&#10;&#9;&#9;&#9;// T F F &#13;&#10;&#9;&#9;&#9;if(card.getVal() &gt; winningCard.getVal() &amp;&amp; winningCard.getSuit() != briscola &amp;&amp; card.getSuit() != briscola) {&#13;&#10;&#9;&#9;&#9;&#9;winningCard = card;&#13;&#10;&#9;&#9;&#9;}&#13;&#10;&#9;&#9;&#9;&#13;&#10;&#9;&#9;&#9;// F T F &#13;&#10;&#9;&#9;&#9; if(!(card.getVal() &gt; winningCard.getVal()) &amp;&amp; card.getSuit() == briscola &amp;&amp; winningCard.getSuit() != briscola) {&#13;&#10;&#9;&#9;&#9;&#9;winningCard = card;&#13;&#10;&#9;&#9;&#9;}&#9;&#13;&#10;&#9;&#9;&#9;&#13;&#10;&#9;&#9;}&#13;&#10;&#9;&#9;return winningCard;&#13;&#10;&#9;}&#13;&#10;&#9;&#13;&#10;&#13;&#10;&#13;&#10;&#13;&#10;&#9;public void round() throws OutOfBoundException {&#13;&#10;&#9;&#9;&#13;&#10;&#9;&#9;for(Player player : this.players) {&#13;&#10;&#9;&#9;&#9;this.dropCard(player.drop());&#13;&#10;&#9;&#9;}&#13;&#10;&#9;&#9;&#13;&#10;&#9;&#9;System.out.println(&quot;Briscola.round() : &quot; + this.getTable());&#13;&#10;&#9;&#9;&#13;&#10;&#9;&#9;GamingCard winningCard = this.rule();&#13;&#10;&#9;&#9;&#13;&#10;&#9;&#9;this.winner(winningCard);&#9;&#13;&#10;&#9;&#9;&#13;&#10;&#9;&#9;for(Player player : this.players) {&#13;&#10;&#9;&#9;&#9;player.pick(this.deck.pick());&#13;&#10;&#9;&#9;}&#9;&#9;&#13;&#10;&#9;}&#13;&#10;}&#13;&#10;" Filename="Briscola.java" Intrnl_Id="7"/>
<SrcFile Content="package test;&#13;&#10;&#13;&#10;import java.util.ArrayList;&#13;&#10;&#13;&#10;import org.junit.Test;&#13;&#10;&#13;&#10;import pickr.classes.GamingCard;&#13;&#10;import pickr.classes.Player;&#13;&#10;import pickr.enums.Suit;&#13;&#10;import pickr.exceptions.OutOfBoundException;&#13;&#10;import pickr.exceptions.WrongCardNumberException;&#13;&#10;import pickr.games.Briscola;&#13;&#10;&#13;&#10;class GameMCDC extends Briscola {&#13;&#10;&#13;&#10;&#9;public GameMCDC(int numplayers, int score) { super(numplayers, score);&#9;}&#13;&#10;&#9;&#13;&#10;&#9;@Override&#13;&#10;&#9;public void start() throws WrongCardNumberException, OutOfBoundException {&#13;&#10;&#9;&#9;&#13;&#10;&#9;&#9;ArrayList&lt;GamingCard&gt; player1 = new ArrayList&lt;GamingCard&gt;();&#13;&#10;&#9;&#9;player1.add(new GamingCard(Suit.BASTONI, 2));&#13;&#10;&#9;&#9;player1.add(new GamingCard(Suit.ORI, 9));&#9;&#9;&#13;&#10;&#9;&#9;this.players.get(0).hand(player1);&#13;&#10;&#9;&#9;&#13;&#10;&#9;&#9;ArrayList&lt;GamingCard&gt; player2 = new ArrayList&lt;GamingCard&gt;();&#13;&#10;&#9;&#9;player2.add(new GamingCard(Suit.BASTONI, 10));&#13;&#10;&#9;&#9;player2.add(new GamingCard(Suit.ORI, 2));&#9;&#9;&#13;&#10;&#9;&#9;this.players.get(1).hand(player2);&#13;&#10;&#9;&#9;&#13;&#10;&#9;&#9;ArrayList&lt;GamingCard&gt; player3 = new ArrayList&lt;GamingCard&gt;();&#13;&#10;&#9;&#9;player3.add(new GamingCard(Suit.ORI, 3));&#13;&#10;&#9;&#9;player3.add(new GamingCard(Suit.BASTONI, 4));&#9;&#9;&#13;&#10;&#9;&#9;this.players.get(2).hand(player3);&#13;&#10;&#9;&#9;&#13;&#10;&#9;&#9;ArrayList&lt;GamingCard&gt; player4 = new ArrayList&lt;GamingCard&gt;();&#13;&#10;&#9;&#9;player4.add(new GamingCard(Suit.ORI, 1));&#13;&#10;&#9;&#9;player4.add(new GamingCard(Suit.SPADE, 6));&#9;&#9;&#13;&#10;&#9;&#9;this.players.get(3).hand(player4);&#13;&#10;&#9;&#9;&#13;&#10;&#9;&#9;this.briscola = Suit.ORI;&#13;&#10;&#9;}&#13;&#10;&#9;&#13;&#10;&#9;@Override&#13;&#10;&#9;public void round() throws OutOfBoundException {&#13;&#10;&#9;&#9;&#13;&#10;&#9;&#9;for(Player player : this.players) {&#13;&#10;&#9;&#9;&#9;this.dropCard(player.drop());&#13;&#10;&#9;&#9;}&#13;&#10;&#9;&#9;&#13;&#10;&#9;&#9;System.out.println(&quot;Briscola.round() : &quot; + this.getTable());&#13;&#10;&#9;&#9;&#13;&#10;&#9;&#9;GamingCard winningCard =  rule();&#13;&#10;&#9;&#9;&#13;&#10;&#9;&#9;this.winner(winningCard);&#9;&#13;&#10;&#9;&#13;&#10;&#9;}&#13;&#10;&#9;&#13;&#10;&#9;&#13;&#10;}&#13;&#10;&#13;&#10;public class MCDC {&#13;&#10;&#9;&#13;&#10;&#9;@Test&#13;&#10;&#9;public void MCDC_Test() throws OutOfBoundException, WrongCardNumberException { &#13;&#10;&#9;&#9;&#13;&#10;&#9;&#9;int score = 10;&#13;&#10;&#9;&#9;int numplayers = 4;&#13;&#10;&#9;&#9;&#13;&#10;&#9;&#9;GameMCDC game = new GameMCDC(numplayers, score);&#9;&#13;&#10;&#9;&#9;&#13;&#10;&#9;&#9;for(int i=0; i &lt; 4; i++) { game.addPlayer(&quot;Player &quot; + i); }&#13;&#10;&#9;&#9;&#13;&#10;&#9;&#9;game.start();&#13;&#10;&#9;&#9;&#13;&#10;&#9;&#9;game.round();&#13;&#10;&#9;&#9;game.round();&#13;&#10;&#9;}&#13;&#10;&#13;&#10;}&#13;&#10;" Filename="MCDC.java" Intrnl_Id="8"/>
</SrcFileList>
<CritList>
<CritListEntry Name="org.codecover.model.utils.criteria.ConditionCoverage" PluginName="org.codecover"/>
<CritListEntry Name="org.codecover.model.utils.criteria.BranchCoverage" PluginName="org.codecover"/>
<CritListEntry Name="org.codecover.model.utils.criteria.StatementCoverage" PluginName="org.codecover"/>
</CritList>
<BoolOpList>
<BoolOp Arity="2" Intrnl_Id="9" Name="conditional and (&amp;&amp;)">
<BoolAssgnmntBoolMapList>
<MapEntry BoolAssgnmnt="02" Value="false"/>
<MapEntry BoolAssgnmnt="10" Value="false"/>
<MapEntry BoolAssgnmnt="11" Value="true"/>
</BoolAssgnmntBoolMapList>
</BoolOp>
<BoolOp Arity="2" Intrnl_Id="10" Name="conditional or (||)">
<BoolAssgnmntBoolMapList>
<MapEntry BoolAssgnmnt="00" Value="false"/>
<MapEntry BoolAssgnmnt="01" Value="true"/>
<MapEntry BoolAssgnmnt="12" Value="true"/>
</BoolAssgnmntBoolMapList>
</BoolOp>
<BoolOp Arity="1" Intrnl_Id="11" Name="not (!)">
<BoolAssgnmntBoolMapList>
<MapEntry BoolAssgnmnt="1" Value="false"/>
<MapEntry BoolAssgnmnt="0" Value="true"/>
</BoolAssgnmntBoolMapList>
</BoolOp>
</BoolOpList>
<HierarchyLvlTypeList>
<HierarchyLvlType EnglishName="package" IntrnlName="package" Intrnl_Id="12"/>
<HierarchyLvlType EnglishName="method" IntrnlName="method" Intrnl_Id="13"/>
<HierarchyLvlType EnglishName="class" IntrnlName="class" Intrnl_Id="14"/>
<HierarchyLvlType EnglishName="default package" IntrnlName="default package" Intrnl_Id="15"/>
</HierarchyLvlTypeList>
<MASTRoot>
<HierarchyLvl HierarchyLvlId="196" HierarchyLvlTypeId="15" Intrnl_Id="16" Name="default package">
<Header/>
<LocList/>
<HierarchyLvl HierarchyLvlId="194" HierarchyLvlTypeId="12" Intrnl_Id="17" Name="pickr">
<Header/>
<LocList/>
<HierarchyLvl HierarchyLvlId="191" HierarchyLvlTypeId="12" Intrnl_Id="18" Name="classes">
<Header/>
<LocList/>
<HierarchyLvl HierarchyLvlId="156" HierarchyLvlTypeId="14" Intrnl_Id="19" Name="Deck">
<Header>
<Loc EndOffset="265" SrcFileId="2" StartOffset="248"/>
</Header>
<LocList>
<Loc EndOffset="1156" SrcFileId="2" StartOffset="248"/>
</LocList>
<HierarchyLvl HierarchyLvlId="150" HierarchyLvlTypeId="13" Intrnl_Id="20" Name="Deck">
<Header>
<Loc EndOffset="327" SrcFileId="2" StartOffset="314"/>
</Header>
<LocList>
<Loc EndOffset="373" SrcFileId="2" StartOffset="314"/>
</LocList>
<StmntSeq Intrnl_Id="21">
<LocList>
<Loc EndOffset="371" SrcFileId="2" StartOffset="330"/>
</LocList>
<BasicStmnt CovItemId="S1" CovItemPrefix="pickr.classes.Deck.java" Intrnl_Id="22">
<LocList>
<Loc EndOffset="371" SrcFileId="2" StartOffset="330"/>
</LocList>
</BasicStmnt>
</StmntSeq>
</HierarchyLvl>
<HierarchyLvl HierarchyLvlId="151" HierarchyLvlTypeId="13" Intrnl_Id="23" Name="getCards">
<Header>
<Loc EndOffset="417" SrcFileId="2" StartOffset="378"/>
</Header>
<LocList>
<Loc EndOffset="435" SrcFileId="2" StartOffset="378"/>
</LocList>
<StmntSeq Intrnl_Id="24">
<LocList>
<Loc EndOffset="433" SrcFileId="2" StartOffset="420"/>
</LocList>
<BasicStmnt CovItemId="S2" CovItemPrefix="pickr.classes.Deck.java" Intrnl_Id="25">
<LocList>
<Loc EndOffset="433" SrcFileId="2" StartOffset="420"/>
</LocList>
</BasicStmnt>
</StmntSeq>
</HierarchyLvl>
<HierarchyLvl HierarchyLvlId="152" HierarchyLvlTypeId="13" Intrnl_Id="26" Name="init">
<Header>
<Loc EndOffset="490" SrcFileId="2" StartOffset="440"/>
</Header>
<LocList>
<Loc EndOffset="626" SrcFileId="2" StartOffset="440"/>
</LocList>
<StmntSeq Intrnl_Id="27">
<LocList>
<Loc EndOffset="622" SrcFileId="2" StartOffset="496"/>
</LocList>
<LoopStmnt CovItemId="S3" CovItemPrefix="pickr.classes.Deck.java" Intrnl_Id="28" MltplExecId="L1-2" MltplExecPrefix="pickr.classes.Deck.java" NvrExecId="L1-0" NvrExecPrefix="pickr.classes.Deck.java" OnceExecutedId="L1-1" OnceExecutedPrefix="pickr.classes.Deck.java" OptBodyExec="true">
<StmntSeq Intrnl_Id="29">
<LocList>
<Loc EndOffset="617" SrcFileId="2" StartOffset="536"/>
</LocList>
<LoopStmnt CovItemId="S4" CovItemPrefix="pickr.classes.Deck.java" Intrnl_Id="30" MltplExecId="L2-2" MltplExecPrefix="pickr.classes.Deck.java" NvrExecId="L2-0" NvrExecPrefix="pickr.classes.Deck.java" OnceExecutedId="L2-1" OnceExecutedPrefix="pickr.classes.Deck.java" OptBodyExec="true">
<StmntSeq Intrnl_Id="31">
<LocList>
<Loc EndOffset="611" SrcFileId="2" StartOffset="574"/>
</LocList>
<BasicStmnt CovItemId="S5" CovItemPrefix="pickr.classes.Deck.java" Intrnl_Id="32">
<LocList>
<Loc EndOffset="611" SrcFileId="2" StartOffset="574"/>
</LocList>
</BasicStmnt>
</StmntSeq>
<Keyword EndOffset="539" SrcFileId="2" StartOffset="536"/>
<LocList>
<Loc EndOffset="617" SrcFileId="2" StartOffset="536"/>
</LocList>
</LoopStmnt>
</StmntSeq>
<Keyword EndOffset="499" SrcFileId="2" StartOffset="496"/>
<LocList>
<Loc EndOffset="622" SrcFileId="2" StartOffset="496"/>
</LocList>
<RootTerm CovItemId="C1" CovItemPrefix="pickr.classes.Deck.java" Intrnl_Id="33">
<BasicBoolTerm Intrnl_Id="34">
<LocList>
<Loc EndOffset="521" SrcFileId="2" StartOffset="513"/>
</LocList>
</BasicBoolTerm>
</RootTerm>
</LoopStmnt>
</StmntSeq>
</HierarchyLvl>
<HierarchyLvl HierarchyLvlId="153" HierarchyLvlTypeId="13" Intrnl_Id="35" Name="shuffle">
<Header>
<Loc EndOffset="652" SrcFileId="2" StartOffset="631"/>
</Header>
<LocList>
<Loc EndOffset="684" SrcFileId="2" StartOffset="631"/>
</LocList>
<StmntSeq Intrnl_Id="36">
<LocList>
<Loc EndOffset="682" SrcFileId="2" StartOffset="655"/>
</LocList>
<BasicStmnt CovItemId="S6" CovItemPrefix="pickr.classes.Deck.java" Intrnl_Id="37">
<LocList>
<Loc EndOffset="682" SrcFileId="2" StartOffset="655"/>
</LocList>
</BasicStmnt>
</StmntSeq>
</HierarchyLvl>
<HierarchyLvl HierarchyLvlId="154" HierarchyLvlTypeId="13" Intrnl_Id="38" Name="pick">
<Header>
<Loc EndOffset="740" SrcFileId="2" StartOffset="689"/>
</Header>
<LocList>
<Loc EndOffset="843" SrcFileId="2" StartOffset="689"/>
</LocList>
<StmntSeq Intrnl_Id="39">
<LocList>
<Loc EndOffset="837" SrcFileId="2" StartOffset="748"/>
</LocList>
<CondStmnt CovItemId="S7" CovItemPrefix="pickr.classes.Deck.java" Intrnl_Id="40">
<Branch CovItemId="B1" CovItemPrefix="pickr.classes.Deck.java" Implct="false" Intrnl_Id="41">
<Cond/>
<LocList>
<Loc EndOffset="796" SrcFileId="2" StartOffset="773"/>
</LocList>
<StmntSeq Intrnl_Id="42">
<LocList>
<Loc EndOffset="796" SrcFileId="2" StartOffset="773"/>
</LocList>
<BasicStmnt CovItemId="S8" CovItemPrefix="pickr.classes.Deck.java" Intrnl_Id="43">
<LocList>
<Loc EndOffset="796" SrcFileId="2" StartOffset="773"/>
</LocList>
</BasicStmnt>
</StmntSeq>
</Branch>
<Branch CovItemId="B2" CovItemPrefix="pickr.classes.Deck.java" Implct="false" Intrnl_Id="44">
<Cond>
<Loc EndOffset="804" SrcFileId="2" StartOffset="800"/>
</Cond>
<LocList>
<Loc EndOffset="837" SrcFileId="2" StartOffset="805"/>
</LocList>
<StmntSeq Intrnl_Id="45">
<LocList>
<Loc EndOffset="837" SrcFileId="2" StartOffset="805"/>
</LocList>
<BasicStmnt CovItemId="S9" CovItemPrefix="pickr.classes.Deck.java" Intrnl_Id="46">
<LocList>
<Loc EndOffset="837" SrcFileId="2" StartOffset="805"/>
</LocList>
</BasicStmnt>
</StmntSeq>
</Branch>
<Keyword EndOffset="750" SrcFileId="2" StartOffset="748"/>
<LocList>
<Loc EndOffset="837" SrcFileId="2" StartOffset="748"/>
</LocList>
<RootTerm CovItemId="C2" CovItemPrefix="pickr.classes.Deck.java" Intrnl_Id="47">
<OpTerm BooleanOpId="11" Intrnl_Id="48">
<BasicBoolTerm Intrnl_Id="49">
<LocList>
<Loc EndOffset="767" SrcFileId="2" StartOffset="752"/>
</LocList>
</BasicBoolTerm>
<LocList>
<Loc EndOffset="752" SrcFileId="2" StartOffset="751"/>
</LocList>
</OpTerm>
</RootTerm>
</CondStmnt>
</StmntSeq>
</HierarchyLvl>
<HierarchyLvl HierarchyLvlId="155" HierarchyLvlTypeId="13" Intrnl_Id="50" Name="picks">
<Header>
<Loc EndOffset="916" SrcFileId="2" StartOffset="848"/>
</Header>
<LocList>
<Loc EndOffset="1153" SrcFileId="2" StartOffset="848"/>
</LocList>
<StmntSeq Intrnl_Id="51">
<LocList>
<Loc EndOffset="1149" SrcFileId="2" StartOffset="924"/>
</LocList>
<CondStmnt CovItemId="S10" CovItemPrefix="pickr.classes.Deck.java" Intrnl_Id="52">
<Branch CovItemId="B3" CovItemPrefix="pickr.classes.Deck.java" Implct="false" Intrnl_Id="53">
<Cond/>
<LocList>
<Loc EndOffset="1108" SrcFileId="2" StartOffset="946"/>
</LocList>
<StmntSeq Intrnl_Id="54">
<LocList>
<Loc EndOffset="1011" SrcFileId="2" StartOffset="952"/>
<Loc EndOffset="1084" SrcFileId="2" StartOffset="1016"/>
<Loc EndOffset="1103" SrcFileId="2" StartOffset="1089"/>
</LocList>
<BasicStmnt CovItemId="S11" CovItemPrefix="pickr.classes.Deck.java" Intrnl_Id="55">
<LocList>
<Loc EndOffset="1011" SrcFileId="2" StartOffset="952"/>
</LocList>
</BasicStmnt>
<LoopStmnt CovItemId="S12" CovItemPrefix="pickr.classes.Deck.java" Intrnl_Id="56" MltplExecId="L3-2" MltplExecPrefix="pickr.classes.Deck.java" NvrExecId="L3-0" NvrExecPrefix="pickr.classes.Deck.java" OnceExecutedId="L3-1" OnceExecutedPrefix="pickr.classes.Deck.java" OptBodyExec="true">
<StmntSeq Intrnl_Id="57">
<LocList>
<Loc EndOffset="1078" SrcFileId="2" StartOffset="1050"/>
</LocList>
<BasicStmnt CovItemId="S13" CovItemPrefix="pickr.classes.Deck.java" Intrnl_Id="58">
<LocList>
<Loc EndOffset="1078" SrcFileId="2" StartOffset="1050"/>
</LocList>
</BasicStmnt>
</StmntSeq>
<Keyword EndOffset="1019" SrcFileId="2" StartOffset="1016"/>
<LocList>
<Loc EndOffset="1084" SrcFileId="2" StartOffset="1016"/>
</LocList>
<RootTerm CovItemId="C4" CovItemPrefix="pickr.classes.Deck.java" Intrnl_Id="59">
<BasicBoolTerm Intrnl_Id="60">
<LocList>
<Loc EndOffset="1035" SrcFileId="2" StartOffset="1030"/>
</LocList>
</BasicBoolTerm>
</RootTerm>
</LoopStmnt>
<BasicStmnt CovItemId="S14" CovItemPrefix="pickr.classes.Deck.java" Intrnl_Id="61">
<LocList>
<Loc EndOffset="1103" SrcFileId="2" StartOffset="1089"/>
</LocList>
</BasicStmnt>
</StmntSeq>
</Branch>
<Branch CovItemId="B4" CovItemPrefix="pickr.classes.Deck.java" Implct="false" Intrnl_Id="62">
<Cond>
<Loc EndOffset="1116" SrcFileId="2" StartOffset="1112"/>
</Cond>
<LocList>
<Loc EndOffset="1149" SrcFileId="2" StartOffset="1117"/>
</LocList>
<StmntSeq Intrnl_Id="63">
<LocList>
<Loc EndOffset="1149" SrcFileId="2" StartOffset="1117"/>
</LocList>
<BasicStmnt CovItemId="S15" CovItemPrefix="pickr.classes.Deck.java" Intrnl_Id="64">
<LocList>
<Loc EndOffset="1149" SrcFileId="2" StartOffset="1117"/>
</LocList>
</BasicStmnt>
</StmntSeq>
</Branch>
<Keyword EndOffset="926" SrcFileId="2" StartOffset="924"/>
<LocList>
<Loc EndOffset="1149" SrcFileId="2" StartOffset="924"/>
</LocList>
<RootTerm CovItemId="C3" CovItemPrefix="pickr.classes.Deck.java" Intrnl_Id="65">
<BasicBoolTerm Intrnl_Id="66">
<LocList>
<Loc EndOffset="944" SrcFileId="2" StartOffset="927"/>
</LocList>
</BasicBoolTerm>
</RootTerm>
</CondStmnt>
</StmntSeq>
</HierarchyLvl>
</HierarchyLvl>
<HierarchyLvl HierarchyLvlId="164" HierarchyLvlTypeId="14" Intrnl_Id="67" Name="GamingCard">
<Header>
<Loc EndOffset="128" SrcFileId="3" StartOffset="105"/>
</Header>
<LocList>
<Loc EndOffset="896" SrcFileId="3" StartOffset="105"/>
</LocList>
<HierarchyLvl HierarchyLvlId="157" HierarchyLvlTypeId="13" Intrnl_Id="68" Name="GamingCard">
<Header>
<Loc EndOffset="267" SrcFileId="3" StartOffset="198"/>
</Header>
<LocList>
<Loc EndOffset="355" SrcFileId="3" StartOffset="198"/>
</LocList>
<StmntSeq Intrnl_Id="69">
<LocList>
<Loc EndOffset="293" SrcFileId="3" StartOffset="276"/>
<Loc EndOffset="322" SrcFileId="3" StartOffset="297"/>
<Loc EndOffset="351" SrcFileId="3" StartOffset="326"/>
</LocList>
<BasicStmnt CovItemId="S1" CovItemPrefix="pickr.classes.GamingCard.java" Intrnl_Id="70">
<LocList>
<Loc EndOffset="293" SrcFileId="3" StartOffset="276"/>
</LocList>
</BasicStmnt>
<BasicStmnt CovItemId="S2" CovItemPrefix="pickr.classes.GamingCard.java" Intrnl_Id="71">
<LocList>
<Loc EndOffset="322" SrcFileId="3" StartOffset="297"/>
</LocList>
</BasicStmnt>
<BasicStmnt CovItemId="S3" CovItemPrefix="pickr.classes.GamingCard.java" Intrnl_Id="72">
<LocList>
<Loc EndOffset="351" SrcFileId="3" StartOffset="326"/>
</LocList>
</BasicStmnt>
</StmntSeq>
</HierarchyLvl>
<HierarchyLvl HierarchyLvlId="158" HierarchyLvlTypeId="13" Intrnl_Id="73" Name="getSuit">
<Header>
<Loc EndOffset="383" SrcFileId="3" StartOffset="362"/>
</Header>
<LocList>
<Loc EndOffset="405" SrcFileId="3" StartOffset="362"/>
</LocList>
<StmntSeq Intrnl_Id="74">
<LocList>
<Loc EndOffset="403" SrcFileId="3" StartOffset="386"/>
</LocList>
<BasicStmnt CovItemId="S4" CovItemPrefix="pickr.classes.GamingCard.java" Intrnl_Id="75">
<LocList>
<Loc EndOffset="403" SrcFileId="3" StartOffset="386"/>
</LocList>
</BasicStmnt>
</StmntSeq>
</HierarchyLvl>
<HierarchyLvl HierarchyLvlId="159" HierarchyLvlTypeId="13" Intrnl_Id="76" Name="getNum">
<Header>
<Loc EndOffset="430" SrcFileId="3" StartOffset="411"/>
</Header>
<LocList>
<Loc EndOffset="451" SrcFileId="3" StartOffset="411"/>
</LocList>
<StmntSeq Intrnl_Id="77">
<LocList>
<Loc EndOffset="449" SrcFileId="3" StartOffset="433"/>
</LocList>
<BasicStmnt CovItemId="S5" CovItemPrefix="pickr.classes.GamingCard.java" Intrnl_Id="78">
<LocList>
<Loc EndOffset="449" SrcFileId="3" StartOffset="433"/>
</LocList>
</BasicStmnt>
</StmntSeq>
</HierarchyLvl>
<HierarchyLvl HierarchyLvlId="160" HierarchyLvlTypeId="13" Intrnl_Id="79" Name="getVal">
<Header>
<Loc EndOffset="476" SrcFileId="3" StartOffset="457"/>
</Header>
<LocList>
<Loc EndOffset="497" SrcFileId="3" StartOffset="457"/>
</LocList>
<StmntSeq Intrnl_Id="80">
<LocList>
<Loc EndOffset="495" SrcFileId="3" StartOffset="479"/>
</LocList>
<BasicStmnt CovItemId="S6" CovItemPrefix="pickr.classes.GamingCard.java" Intrnl_Id="81">
<LocList>
<Loc EndOffset="495" SrcFileId="3" StartOffset="479"/>
</LocList>
</BasicStmnt>
</StmntSeq>
</HierarchyLvl>
<HierarchyLvl HierarchyLvlId="161" HierarchyLvlTypeId="13" Intrnl_Id="82" Name="numToVal">
<Header>
<Loc EndOffset="527" SrcFileId="3" StartOffset="506"/>
</Header>
<LocList>
<Loc EndOffset="611" SrcFileId="3" StartOffset="506"/>
</LocList>
<StmntSeq Intrnl_Id="83">
<LocList>
<Loc EndOffset="605" SrcFileId="3" StartOffset="533"/>
</LocList>
<CondStmnt CovItemId="S7" CovItemPrefix="pickr.classes.GamingCard.java" Intrnl_Id="84">
<Branch CovItemId="B1" CovItemPrefix="pickr.classes.GamingCard.java" Implct="false" Intrnl_Id="85">
<Cond/>
<LocList>
<Loc EndOffset="571" SrcFileId="3" StartOffset="558"/>
</LocList>
<StmntSeq Intrnl_Id="86">
<LocList>
<Loc EndOffset="571" SrcFileId="3" StartOffset="558"/>
</LocList>
<BasicStmnt CovItemId="S8" CovItemPrefix="pickr.classes.GamingCard.java" Intrnl_Id="87">
<LocList>
<Loc EndOffset="571" SrcFileId="3" StartOffset="558"/>
</LocList>
</BasicStmnt>
</StmntSeq>
</Branch>
<Branch CovItemId="B2" CovItemPrefix="pickr.classes.GamingCard.java" Implct="false" Intrnl_Id="88">
<Cond>
<Loc EndOffset="579" SrcFileId="3" StartOffset="575"/>
</Cond>
<LocList>
<Loc EndOffset="605" SrcFileId="3" StartOffset="580"/>
</LocList>
<StmntSeq Intrnl_Id="89">
<LocList>
<Loc EndOffset="605" SrcFileId="3" StartOffset="580"/>
</LocList>
<BasicStmnt CovItemId="S9" CovItemPrefix="pickr.classes.GamingCard.java" Intrnl_Id="90">
<LocList>
<Loc EndOffset="605" SrcFileId="3" StartOffset="580"/>
</LocList>
<QMO CovItemId="Q0" CovItemPrefix="pickr.classes.GamingCard.java" Intrnl_Id="91">
<LocList>
<Loc EndOffset="595" SrcFileId="3" StartOffset="587"/>
</LocList>
<QMO_E CovItemId="Q0-0" CovItemPrefix="pickr.classes.GamingCard.java" Intrnl_Id="92">
<LocList>
<Loc EndOffset="600" SrcFileId="3" StartOffset="598"/>
</LocList>
</QMO_E>
<QMO_E CovItemId="Q0-1" CovItemPrefix="pickr.classes.GamingCard.java" Intrnl_Id="93">
<LocList>
<Loc EndOffset="604" SrcFileId="3" StartOffset="603"/>
</LocList>
</QMO_E>
</QMO>
</BasicStmnt>
</StmntSeq>
</Branch>
<Keyword EndOffset="535" SrcFileId="3" StartOffset="533"/>
<LocList>
<Loc EndOffset="605" SrcFileId="3" StartOffset="533"/>
</LocList>
<RootTerm CovItemId="C1" CovItemPrefix="pickr.classes.GamingCard.java" Intrnl_Id="94">
<OpTerm BooleanOpId="9" Intrnl_Id="95">
<BasicBoolTerm Intrnl_Id="96">
<LocList>
<Loc EndOffset="544" SrcFileId="3" StartOffset="536"/>
</LocList>
</BasicBoolTerm>
<BasicBoolTerm Intrnl_Id="97">
<LocList>
<Loc EndOffset="556" SrcFileId="3" StartOffset="548"/>
</LocList>
</BasicBoolTerm>
<LocList>
<Loc EndOffset="547" SrcFileId="3" StartOffset="545"/>
</LocList>
</OpTerm>
</RootTerm>
</CondStmnt>
</StmntSeq>
</HierarchyLvl>
<HierarchyLvl HierarchyLvlId="162" HierarchyLvlTypeId="13" Intrnl_Id="98" Name="checkNum">
<Header>
<Loc EndOffset="670" SrcFileId="3" StartOffset="617"/>
</Header>
<LocList>
<Loc EndOffset="790" SrcFileId="3" StartOffset="617"/>
</LocList>
<StmntSeq Intrnl_Id="99">
<LocList>
<Loc EndOffset="766" SrcFileId="3" StartOffset="684"/>
<Loc EndOffset="785" SrcFileId="3" StartOffset="774"/>
</LocList>
<CondStmnt CovItemId="S10" CovItemPrefix="pickr.classes.GamingCard.java" Intrnl_Id="100">
<Branch CovItemId="B3" CovItemPrefix="pickr.classes.GamingCard.java" Implct="false" Intrnl_Id="101">
<Cond/>
<LocList>
<Loc EndOffset="766" SrcFileId="3" StartOffset="709"/>
</LocList>
<StmntSeq Intrnl_Id="102">
<LocList>
<Loc EndOffset="757" SrcFileId="3" StartOffset="720"/>
</LocList>
<BasicStmnt CovItemId="S11" CovItemPrefix="pickr.classes.GamingCard.java" Intrnl_Id="103">
<LocList>
<Loc EndOffset="757" SrcFileId="3" StartOffset="720"/>
</LocList>
</BasicStmnt>
</StmntSeq>
</Branch>
<Branch CovItemId="B4" CovItemPrefix="pickr.classes.GamingCard.java" Implct="true" Intrnl_Id="104">
<Cond/>
<LocList/>
<StmntSeq Intrnl_Id="105">
<LocList/>
</StmntSeq>
</Branch>
<Keyword EndOffset="686" SrcFileId="3" StartOffset="684"/>
<LocList>
<Loc EndOffset="766" SrcFileId="3" StartOffset="684"/>
</LocList>
<RootTerm CovItemId="C2" CovItemPrefix="pickr.classes.GamingCard.java" Intrnl_Id="106">
<OpTerm BooleanOpId="10" Intrnl_Id="107">
<BasicBoolTerm Intrnl_Id="108">
<LocList>
<Loc EndOffset="695" SrcFileId="3" StartOffset="688"/>
</LocList>
</BasicBoolTerm>
<BasicBoolTerm Intrnl_Id="109">
<LocList>
<Loc EndOffset="707" SrcFileId="3" StartOffset="699"/>
</LocList>
</BasicBoolTerm>
<LocList>
<Loc EndOffset="698" SrcFileId="3" StartOffset="696"/>
</LocList>
</OpTerm>
</RootTerm>
</CondStmnt>
<BasicStmnt CovItemId="S12" CovItemPrefix="pickr.classes.GamingCard.java" Intrnl_Id="110">
<LocList>
<Loc EndOffset="785" SrcFileId="3" StartOffset="774"/>
</LocList>
</BasicStmnt>
</StmntSeq>
</HierarchyLvl>
<HierarchyLvl HierarchyLvlId="163" HierarchyLvlTypeId="13" Intrnl_Id="111" Name="toString">
<Header>
<Loc EndOffset="832" SrcFileId="3" StartOffset="796"/>
</Header>
<LocList>
<Loc EndOffset="891" SrcFileId="3" StartOffset="796"/>
</LocList>
<StmntSeq Intrnl_Id="112">
<LocList>
<Loc EndOffset="889" SrcFileId="3" StartOffset="835"/>
</LocList>
<BasicStmnt CovItemId="S13" CovItemPrefix="pickr.classes.GamingCard.java" Intrnl_Id="113">
<LocList>
<Loc EndOffset="889" SrcFileId="3" StartOffset="835"/>
</LocList>
</BasicStmnt>
</StmntSeq>
</HierarchyLvl>
</HierarchyLvl>
<HierarchyLvl HierarchyLvlId="176" HierarchyLvlTypeId="14" Intrnl_Id="114" Name="Player">
<Header>
<Loc EndOffset="78" SrcFileId="4" StartOffset="59"/>
</Header>
<LocList>
<Loc EndOffset="973" SrcFileId="4" StartOffset="59"/>
</LocList>
<HierarchyLvl HierarchyLvlId="165" HierarchyLvlTypeId="13" Intrnl_Id="115" Name="Player">
<Header>
<Loc EndOffset="233" SrcFileId="4" StartOffset="209"/>
</Header>
<LocList>
<Loc EndOffset="348" SrcFileId="4" StartOffset="209"/>
</LocList>
<StmntSeq Intrnl_Id="116">
<LocList>
<Loc EndOffset="252" SrcFileId="4" StartOffset="239"/>
<Loc EndOffset="297" SrcFileId="4" StartOffset="256"/>
<Loc EndOffset="320" SrcFileId="4" StartOffset="301"/>
<Loc EndOffset="344" SrcFileId="4" StartOffset="324"/>
</LocList>
<BasicStmnt CovItemId="S1" CovItemPrefix="pickr.classes.Player.java" Intrnl_Id="117">
<LocList>
<Loc EndOffset="252" SrcFileId="4" StartOffset="239"/>
</LocList>
</BasicStmnt>
<BasicStmnt CovItemId="S2" CovItemPrefix="pickr.classes.Player.java" Intrnl_Id="118">
<LocList>
<Loc EndOffset="297" SrcFileId="4" StartOffset="256"/>
</LocList>
</BasicStmnt>
<BasicStmnt CovItemId="S3" CovItemPrefix="pickr.classes.Player.java" Intrnl_Id="119">
<LocList>
<Loc EndOffset="320" SrcFileId="4" StartOffset="301"/>
</LocList>
</BasicStmnt>
<BasicStmnt CovItemId="S4" CovItemPrefix="pickr.classes.Player.java" Intrnl_Id="120">
<LocList>
<Loc EndOffset="344" SrcFileId="4" StartOffset="324"/>
</LocList>
</BasicStmnt>
</StmntSeq>
</HierarchyLvl>
<HierarchyLvl HierarchyLvlId="166" HierarchyLvlTypeId="13" Intrnl_Id="121" Name="getCards">
<Header>
<Loc EndOffset="395" SrcFileId="4" StartOffset="356"/>
</Header>
<LocList>
<Loc EndOffset="413" SrcFileId="4" StartOffset="356"/>
</LocList>
<StmntSeq Intrnl_Id="122">
<LocList>
<Loc EndOffset="411" SrcFileId="4" StartOffset="398"/>
</LocList>
<BasicStmnt CovItemId="S5" CovItemPrefix="pickr.classes.Player.java" Intrnl_Id="123">
<LocList>
<Loc EndOffset="411" SrcFileId="4" StartOffset="398"/>
</LocList>
</BasicStmnt>
</StmntSeq>
</HierarchyLvl>
<HierarchyLvl HierarchyLvlId="167" HierarchyLvlTypeId="13" Intrnl_Id="124" Name="hand">
<Header>
<Loc EndOffset="463" SrcFileId="4" StartOffset="418"/>
</Header>
<LocList>
<Loc EndOffset="487" SrcFileId="4" StartOffset="418"/>
</LocList>
<StmntSeq Intrnl_Id="125">
<LocList>
<Loc EndOffset="485" SrcFileId="4" StartOffset="466"/>
</LocList>
<BasicStmnt CovItemId="S6" CovItemPrefix="pickr.classes.Player.java" Intrnl_Id="126">
<LocList>
<Loc EndOffset="485" SrcFileId="4" StartOffset="466"/>
</LocList>
</BasicStmnt>
</StmntSeq>
</HierarchyLvl>
<HierarchyLvl HierarchyLvlId="168" HierarchyLvlTypeId="13" Intrnl_Id="127" Name="drop">
<Header>
<Loc EndOffset="517" SrcFileId="4" StartOffset="493"/>
</Header>
<LocList>
<Loc EndOffset="547" SrcFileId="4" StartOffset="493"/>
</LocList>
<StmntSeq Intrnl_Id="128">
<LocList>
<Loc EndOffset="545" SrcFileId="4" StartOffset="520"/>
</LocList>
<BasicStmnt CovItemId="S7" CovItemPrefix="pickr.classes.Player.java" Intrnl_Id="129">
<LocList>
<Loc EndOffset="545" SrcFileId="4" StartOffset="520"/>
</LocList>
</BasicStmnt>
</StmntSeq>
</HierarchyLvl>
<HierarchyLvl HierarchyLvlId="169" HierarchyLvlTypeId="13" Intrnl_Id="130" Name="getGameScore">
<Header>
<Loc EndOffset="577" SrcFileId="4" StartOffset="552"/>
</Header>
<LocList>
<Loc EndOffset="599" SrcFileId="4" StartOffset="552"/>
</LocList>
<StmntSeq Intrnl_Id="131">
<LocList>
<Loc EndOffset="597" SrcFileId="4" StartOffset="580"/>
</LocList>
<BasicStmnt CovItemId="S8" CovItemPrefix="pickr.classes.Player.java" Intrnl_Id="132">
<LocList>
<Loc EndOffset="597" SrcFileId="4" StartOffset="580"/>
</LocList>
</BasicStmnt>
</StmntSeq>
</HierarchyLvl>
<HierarchyLvl HierarchyLvlId="170" HierarchyLvlTypeId="13" Intrnl_Id="133" Name="setGameScore">
<Header>
<Loc EndOffset="643" SrcFileId="4" StartOffset="604"/>
</Header>
<LocList>
<Loc EndOffset="676" SrcFileId="4" StartOffset="604"/>
</LocList>
<StmntSeq Intrnl_Id="134">
<LocList>
<Loc EndOffset="674" SrcFileId="4" StartOffset="646"/>
</LocList>
<BasicStmnt CovItemId="S9" CovItemPrefix="pickr.classes.Player.java" Intrnl_Id="135">
<LocList>
<Loc EndOffset="674" SrcFileId="4" StartOffset="646"/>
</LocList>
</BasicStmnt>
</StmntSeq>
</HierarchyLvl>
<HierarchyLvl HierarchyLvlId="171" HierarchyLvlTypeId="13" Intrnl_Id="136" Name="getMatchScore">
<Header>
<Loc EndOffset="707" SrcFileId="4" StartOffset="681"/>
</Header>
<LocList>
<Loc EndOffset="730" SrcFileId="4" StartOffset="681"/>
</LocList>
<StmntSeq Intrnl_Id="137">
<LocList>
<Loc EndOffset="728" SrcFileId="4" StartOffset="710"/>
</LocList>
<BasicStmnt CovItemId="S10" CovItemPrefix="pickr.classes.Player.java" Intrnl_Id="138">
<LocList>
<Loc EndOffset="728" SrcFileId="4" StartOffset="710"/>
</LocList>
</BasicStmnt>
</StmntSeq>
</HierarchyLvl>
<HierarchyLvl HierarchyLvlId="172" HierarchyLvlTypeId="13" Intrnl_Id="139" Name="setMatchScore">
<Header>
<Loc EndOffset="776" SrcFileId="4" StartOffset="735"/>
</Header>
<LocList>
<Loc EndOffset="810" SrcFileId="4" StartOffset="735"/>
</LocList>
<StmntSeq Intrnl_Id="140">
<LocList>
<Loc EndOffset="808" SrcFileId="4" StartOffset="779"/>
</LocList>
<BasicStmnt CovItemId="S11" CovItemPrefix="pickr.classes.Player.java" Intrnl_Id="141">
<LocList>
<Loc EndOffset="808" SrcFileId="4" StartOffset="779"/>
</LocList>
</BasicStmnt>
</StmntSeq>
</HierarchyLvl>
<HierarchyLvl HierarchyLvlId="173" HierarchyLvlTypeId="13" Intrnl_Id="142" Name="getId">
<Header>
<Loc EndOffset="836" SrcFileId="4" StartOffset="815"/>
</Header>
<LocList>
<Loc EndOffset="851" SrcFileId="4" StartOffset="815"/>
</LocList>
<StmntSeq Intrnl_Id="143">
<LocList>
<Loc EndOffset="849" SrcFileId="4" StartOffset="839"/>
</LocList>
<BasicStmnt CovItemId="S12" CovItemPrefix="pickr.classes.Player.java" Intrnl_Id="144">
<LocList>
<Loc EndOffset="849" SrcFileId="4" StartOffset="839"/>
</LocList>
</BasicStmnt>
</StmntSeq>
</HierarchyLvl>
<HierarchyLvl HierarchyLvlId="174" HierarchyLvlTypeId="13" Intrnl_Id="145" Name="delete">
<Header>
<Loc EndOffset="876" SrcFileId="4" StartOffset="856"/>
</Header>
<LocList>
<Loc EndOffset="902" SrcFileId="4" StartOffset="856"/>
</LocList>
<StmntSeq Intrnl_Id="146">
<LocList>
<Loc EndOffset="900" SrcFileId="4" StartOffset="879"/>
</LocList>
<BasicStmnt CovItemId="S13" CovItemPrefix="pickr.classes.Player.java" Intrnl_Id="147">
<LocList>
<Loc EndOffset="900" SrcFileId="4" StartOffset="879"/>
</LocList>
</BasicStmnt>
</StmntSeq>
</HierarchyLvl>
<HierarchyLvl HierarchyLvlId="175" HierarchyLvlTypeId="13" Intrnl_Id="148" Name="pick">
<Header>
<Loc EndOffset="941" SrcFileId="4" StartOffset="908"/>
</Header>
<LocList>
<Loc EndOffset="968" SrcFileId="4" StartOffset="908"/>
</LocList>
<StmntSeq Intrnl_Id="149">
<LocList>
<Loc EndOffset="965" SrcFileId="4" StartOffset="944"/>
</LocList>
<BasicStmnt CovItemId="S14" CovItemPrefix="pickr.classes.Player.java" Intrnl_Id="150">
<LocList>
<Loc EndOffset="965" SrcFileId="4" StartOffset="944"/>
</LocList>
</BasicStmnt>
</StmntSeq>
</HierarchyLvl>
</HierarchyLvl>
</HierarchyLvl>
<HierarchyLvl HierarchyLvlId="192" HierarchyLvlTypeId="12" Intrnl_Id="151" Name="exceptions">
<Header/>
<LocList/>
<HierarchyLvl HierarchyLvlId="177" HierarchyLvlTypeId="14" Intrnl_Id="152" Name="OutOfBoundException">
<Header>
<Loc EndOffset="81" SrcFileId="5" StartOffset="31"/>
</Header>
<LocList>
<Loc EndOffset="159" SrcFileId="5" StartOffset="31"/>
</LocList>
<StmntSeq Intrnl_Id="153">
<LocList>
<Loc EndOffset="154" SrcFileId="5" StartOffset="106"/>
</LocList>
<BasicStmnt CovItemId="S1" CovItemPrefix="pickr.exceptions.OutOfBoundException.java" Intrnl_Id="154">
<LocList>
<Loc EndOffset="154" SrcFileId="5" StartOffset="106"/>
</LocList>
</BasicStmnt>
</StmntSeq>
</HierarchyLvl>
<HierarchyLvl HierarchyLvlId="178" HierarchyLvlTypeId="14" Intrnl_Id="155" Name="WrongCardNumberException">
<Header>
<Loc EndOffset="86" SrcFileId="6" StartOffset="31"/>
</Header>
<LocList>
<Loc EndOffset="164" SrcFileId="6" StartOffset="31"/>
</LocList>
<StmntSeq Intrnl_Id="156">
<LocList>
<Loc EndOffset="159" SrcFileId="6" StartOffset="111"/>
</LocList>
<BasicStmnt CovItemId="S1" CovItemPrefix="pickr.exceptions.WrongCardNumberException.java" Intrnl_Id="157">
<LocList>
<Loc EndOffset="159" SrcFileId="6" StartOffset="111"/>
</LocList>
</BasicStmnt>
</StmntSeq>
</HierarchyLvl>
</HierarchyLvl>
<HierarchyLvl HierarchyLvlId="193" HierarchyLvlTypeId="12" Intrnl_Id="158" Name="games">
<Header/>
<LocList/>
<HierarchyLvl HierarchyLvlId="184" HierarchyLvlTypeId="14" Intrnl_Id="159" Name="Briscola">
<Header>
<Loc EndOffset="247" SrcFileId="7" StartOffset="213"/>
</Header>
<LocList>
<Loc EndOffset="1929" SrcFileId="7" StartOffset="213"/>
</LocList>
<StmntSeq Intrnl_Id="160">
<LocList>
<Loc EndOffset="279" SrcFileId="7" StartOffset="254"/>
</LocList>
<BasicStmnt CovItemId="S1" CovItemPrefix="pickr.games.Briscola.java" Intrnl_Id="161">
<LocList>
<Loc EndOffset="279" SrcFileId="7" StartOffset="254"/>
</LocList>
</BasicStmnt>
</StmntSeq>
<HierarchyLvl HierarchyLvlId="179" HierarchyLvlTypeId="13" Intrnl_Id="162" Name="Briscola">
<Header>
<Loc EndOffset="357" SrcFileId="7" StartOffset="315"/>
</Header>
<LocList>
<Loc EndOffset="392" SrcFileId="7" StartOffset="315"/>
</LocList>
<StmntSeq Intrnl_Id="163">
<LocList>
<Loc EndOffset="388" SrcFileId="7" StartOffset="363"/>
</LocList>
<BasicStmnt CovItemId="S2" CovItemPrefix="pickr.games.Briscola.java" Intrnl_Id="164">
<LocList>
<Loc EndOffset="388" SrcFileId="7" StartOffset="363"/>
</LocList>
</BasicStmnt>
</StmntSeq>
</HierarchyLvl>
<HierarchyLvl HierarchyLvlId="180" HierarchyLvlTypeId="13" Intrnl_Id="165" Name="spread">
<Header>
<Loc EndOffset="452" SrcFileId="7" StartOffset="400"/>
</Header>
<LocList>
<Loc EndOffset="538" SrcFileId="7" StartOffset="400"/>
</LocList>
<StmntSeq Intrnl_Id="166">
<LocList>
<Loc EndOffset="532" SrcFileId="7" StartOffset="458"/>
</LocList>
<LoopStmnt CovItemId="S3" CovItemPrefix="pickr.games.Briscola.java" Intrnl_Id="167" MltplExecId="L1-2" MltplExecPrefix="pickr.games.Briscola.java" NvrExecId="L1-0" NvrExecPrefix="pickr.games.Briscola.java" OnceExecutedId="L1-1" OnceExecutedPrefix="pickr.games.Briscola.java" OptBodyExec="true">
<StmntSeq Intrnl_Id="168">
<LocList>
<Loc EndOffset="527" SrcFileId="7" StartOffset="493"/>
</LocList>
<BasicStmnt CovItemId="S4" CovItemPrefix="pickr.games.Briscola.java" Intrnl_Id="169">
<LocList>
<Loc EndOffset="527" SrcFileId="7" StartOffset="493"/>
</LocList>
</BasicStmnt>
</StmntSeq>
<Keyword EndOffset="461" SrcFileId="7" StartOffset="458"/>
<LocList>
<Loc EndOffset="532" SrcFileId="7" StartOffset="458"/>
</LocList>
</LoopStmnt>
</StmntSeq>
</HierarchyLvl>
<HierarchyLvl HierarchyLvlId="181" HierarchyLvlTypeId="13" Intrnl_Id="170" Name="start">
<Header>
<Loc EndOffset="627" SrcFileId="7" StartOffset="543"/>
</Header>
<LocList>
<Loc EndOffset="809" SrcFileId="7" StartOffset="543"/>
</LocList>
<StmntSeq Intrnl_Id="171">
<LocList>
<Loc EndOffset="656" SrcFileId="7" StartOffset="639"/>
<Loc EndOffset="680" SrcFileId="7" StartOffset="660"/>
<Loc EndOffset="755" SrcFileId="7" StartOffset="688"/>
<Loc EndOffset="777" SrcFileId="7" StartOffset="763"/>
</LocList>
<BasicStmnt CovItemId="S5" CovItemPrefix="pickr.games.Briscola.java" Intrnl_Id="172">
<LocList>
<Loc EndOffset="656" SrcFileId="7" StartOffset="639"/>
</LocList>
</BasicStmnt>
<BasicStmnt CovItemId="S6" CovItemPrefix="pickr.games.Briscola.java" Intrnl_Id="173">
<LocList>
<Loc EndOffset="680" SrcFileId="7" StartOffset="660"/>
</LocList>
</BasicStmnt>
<BasicStmnt CovItemId="S7" CovItemPrefix="pickr.games.Briscola.java" Intrnl_Id="174">
<LocList>
<Loc EndOffset="755" SrcFileId="7" StartOffset="688"/>
</LocList>
</BasicStmnt>
<BasicStmnt CovItemId="S8" CovItemPrefix="pickr.games.Briscola.java" Intrnl_Id="175">
<LocList>
<Loc EndOffset="777" SrcFileId="7" StartOffset="763"/>
</LocList>
</BasicStmnt>
</StmntSeq>
</HierarchyLvl>
<HierarchyLvl HierarchyLvlId="182" HierarchyLvlTypeId="13" Intrnl_Id="176" Name="rule">
<Header>
<Loc EndOffset="855" SrcFileId="7" StartOffset="816"/>
</Header>
<LocList>
<Loc EndOffset="1548" SrcFileId="7" StartOffset="816"/>
</LocList>
<StmntSeq Intrnl_Id="177">
<LocList>
<Loc EndOffset="913" SrcFileId="7" StartOffset="865"/>
<Loc EndOffset="1521" SrcFileId="7" StartOffset="978"/>
<Loc EndOffset="1544" SrcFileId="7" StartOffset="1525"/>
</LocList>
<BasicStmnt CovItemId="S9" CovItemPrefix="pickr.games.Briscola.java" Intrnl_Id="178">
<LocList>
<Loc EndOffset="913" SrcFileId="7" StartOffset="865"/>
</LocList>
</BasicStmnt>
<LoopStmnt CovItemId="S10" CovItemPrefix="pickr.games.Briscola.java" Intrnl_Id="179" MltplExecId="L2-2" MltplExecPrefix="pickr.games.Briscola.java" NvrExecId="L2-0" NvrExecPrefix="pickr.games.Briscola.java" OnceExecutedId="L2-1" OnceExecutedPrefix="pickr.games.Briscola.java" OptBodyExec="true">
<StmntSeq Intrnl_Id="180">
<LocList>
<Loc EndOffset="1183" SrcFileId="7" StartOffset="1043"/>
<Loc EndOffset="1342" SrcFileId="7" StartOffset="1202"/>
<Loc EndOffset="1510" SrcFileId="7" StartOffset="1367"/>
</LocList>
<CondStmnt CovItemId="S11" CovItemPrefix="pickr.games.Briscola.java" Intrnl_Id="181">
<Branch CovItemId="B1" CovItemPrefix="pickr.games.Briscola.java" Implct="false" Intrnl_Id="182">
<Cond/>
<LocList>
<Loc EndOffset="1183" SrcFileId="7" StartOffset="1151"/>
</LocList>
<StmntSeq Intrnl_Id="183">
<LocList>
<Loc EndOffset="1177" SrcFileId="7" StartOffset="1158"/>
</LocList>
<BasicStmnt CovItemId="S12" CovItemPrefix="pickr.games.Briscola.java" Intrnl_Id="184">
<LocList>
<Loc EndOffset="1177" SrcFileId="7" StartOffset="1158"/>
</LocList>
</BasicStmnt>
</StmntSeq>
</Branch>
<Branch CovItemId="B2" CovItemPrefix="pickr.games.Briscola.java" Implct="true" Intrnl_Id="185">
<Cond/>
<LocList/>
<StmntSeq Intrnl_Id="186">
<LocList/>
</StmntSeq>
</Branch>
<Keyword EndOffset="1045" SrcFileId="7" StartOffset="1043"/>
<LocList>
<Loc EndOffset="1183" SrcFileId="7" StartOffset="1043"/>
</LocList>
<RootTerm CovItemId="C1" CovItemPrefix="pickr.games.Briscola.java" Intrnl_Id="187">
<OpTerm BooleanOpId="9" Intrnl_Id="188">
<OpTerm BooleanOpId="9" Intrnl_Id="189">
<BasicBoolTerm Intrnl_Id="190">
<LocList>
<Loc EndOffset="1082" SrcFileId="7" StartOffset="1046"/>
</LocList>
</BasicBoolTerm>
<BasicBoolTerm Intrnl_Id="191">
<LocList>
<Loc EndOffset="1119" SrcFileId="7" StartOffset="1086"/>
</LocList>
</BasicBoolTerm>
<LocList>
<Loc EndOffset="1085" SrcFileId="7" StartOffset="1083"/>
</LocList>
</OpTerm>
<BasicBoolTerm Intrnl_Id="192">
<LocList>
<Loc EndOffset="1149" SrcFileId="7" StartOffset="1123"/>
</LocList>
</BasicBoolTerm>
<LocList>
<Loc EndOffset="1122" SrcFileId="7" StartOffset="1120"/>
</LocList>
</OpTerm>
</RootTerm>
</CondStmnt>
<CondStmnt CovItemId="S13" CovItemPrefix="pickr.games.Briscola.java" Intrnl_Id="193">
<Branch CovItemId="B3" CovItemPrefix="pickr.games.Briscola.java" Implct="false" Intrnl_Id="194">
<Cond/>
<LocList>
<Loc EndOffset="1342" SrcFileId="7" StartOffset="1310"/>
</LocList>
<StmntSeq Intrnl_Id="195">
<LocList>
<Loc EndOffset="1336" SrcFileId="7" StartOffset="1317"/>
</LocList>
<BasicStmnt CovItemId="S14" CovItemPrefix="pickr.games.Briscola.java" Intrnl_Id="196">
<LocList>
<Loc EndOffset="1336" SrcFileId="7" StartOffset="1317"/>
</LocList>
</BasicStmnt>
</StmntSeq>
</Branch>
<Branch CovItemId="B4" CovItemPrefix="pickr.games.Briscola.java" Implct="true" Intrnl_Id="197">
<Cond/>
<LocList/>
<StmntSeq Intrnl_Id="198">
<LocList/>
</StmntSeq>
</Branch>
<Keyword EndOffset="1204" SrcFileId="7" StartOffset="1202"/>
<LocList>
<Loc EndOffset="1342" SrcFileId="7" StartOffset="1202"/>
</LocList>
<RootTerm CovItemId="C2" CovItemPrefix="pickr.games.Briscola.java" Intrnl_Id="199">
<OpTerm BooleanOpId="9" Intrnl_Id="200">
<OpTerm BooleanOpId="9" Intrnl_Id="201">
<BasicBoolTerm Intrnl_Id="202">
<LocList>
<Loc EndOffset="1241" SrcFileId="7" StartOffset="1205"/>
</LocList>
</BasicBoolTerm>
<BasicBoolTerm Intrnl_Id="203">
<LocList>
<Loc EndOffset="1278" SrcFileId="7" StartOffset="1245"/>
</LocList>
</BasicBoolTerm>
<LocList>
<Loc EndOffset="1244" SrcFileId="7" StartOffset="1242"/>
</LocList>
</OpTerm>
<BasicBoolTerm Intrnl_Id="204">
<LocList>
<Loc EndOffset="1308" SrcFileId="7" StartOffset="1282"/>
</LocList>
</BasicBoolTerm>
<LocList>
<Loc EndOffset="1281" SrcFileId="7" StartOffset="1279"/>
</LocList>
</OpTerm>
</RootTerm>
</CondStmnt>
<CondStmnt CovItemId="S15" CovItemPrefix="pickr.games.Briscola.java" Intrnl_Id="205">
<Branch CovItemId="B5" CovItemPrefix="pickr.games.Briscola.java" Implct="false" Intrnl_Id="206">
<Cond/>
<LocList>
<Loc EndOffset="1510" SrcFileId="7" StartOffset="1478"/>
</LocList>
<StmntSeq Intrnl_Id="207">
<LocList>
<Loc EndOffset="1504" SrcFileId="7" StartOffset="1485"/>
</LocList>
<BasicStmnt CovItemId="S16" CovItemPrefix="pickr.games.Briscola.java" Intrnl_Id="208">
<LocList>
<Loc EndOffset="1504" SrcFileId="7" StartOffset="1485"/>
</LocList>
</BasicStmnt>
</StmntSeq>
</Branch>
<Branch CovItemId="B6" CovItemPrefix="pickr.games.Briscola.java" Implct="true" Intrnl_Id="209">
<Cond/>
<LocList/>
<StmntSeq Intrnl_Id="210">
<LocList/>
</StmntSeq>
</Branch>
<Keyword EndOffset="1369" SrcFileId="7" StartOffset="1367"/>
<LocList>
<Loc EndOffset="1510" SrcFileId="7" StartOffset="1367"/>
</LocList>
<RootTerm CovItemId="C3" CovItemPrefix="pickr.games.Briscola.java" Intrnl_Id="211">
<OpTerm BooleanOpId="9" Intrnl_Id="212">
<OpTerm BooleanOpId="9" Intrnl_Id="213">
<OpTerm BooleanOpId="11" Intrnl_Id="214">
<BasicBoolTerm Intrnl_Id="215">
<LocList>
<Loc EndOffset="1408" SrcFileId="7" StartOffset="1372"/>
</LocList>
</BasicBoolTerm>
<LocList>
<Loc EndOffset="1371" SrcFileId="7" StartOffset="1370"/>
</LocList>
</OpTerm>
<BasicBoolTerm Intrnl_Id="216">
<LocList>
<Loc EndOffset="1439" SrcFileId="7" StartOffset="1413"/>
</LocList>
</BasicBoolTerm>
<LocList>
<Loc EndOffset="1412" SrcFileId="7" StartOffset="1410"/>
</LocList>
</OpTerm>
<BasicBoolTerm Intrnl_Id="217">
<LocList>
<Loc EndOffset="1476" SrcFileId="7" StartOffset="1443"/>
</LocList>
</BasicBoolTerm>
<LocList>
<Loc EndOffset="1442" SrcFileId="7" StartOffset="1440"/>
</LocList>
</OpTerm>
</RootTerm>
</CondStmnt>
</StmntSeq>
<Keyword EndOffset="981" SrcFileId="7" StartOffset="978"/>
<LocList>
<Loc EndOffset="1521" SrcFileId="7" StartOffset="978"/>
</LocList>
</LoopStmnt>
<BasicStmnt CovItemId="S17" CovItemPrefix="pickr.games.Briscola.java" Intrnl_Id="218">
<LocList>
<Loc EndOffset="1544" SrcFileId="7" StartOffset="1525"/>
</LocList>
</BasicStmnt>
</StmntSeq>
</HierarchyLvl>
<HierarchyLvl HierarchyLvlId="183" HierarchyLvlTypeId="13" Intrnl_Id="219" Name="round">
<Header>
<Loc EndOffset="1606" SrcFileId="7" StartOffset="1560"/>
</Header>
<LocList>
<Loc EndOffset="1926" SrcFileId="7" StartOffset="1560"/>
</LocList>
<StmntSeq Intrnl_Id="220">
<LocList>
<Loc EndOffset="1690" SrcFileId="7" StartOffset="1616"/>
<Loc EndOffset="1758" SrcFileId="7" StartOffset="1698"/>
<Loc EndOffset="1803" SrcFileId="7" StartOffset="1766"/>
<Loc EndOffset="1836" SrcFileId="7" StartOffset="1811"/>
<Loc EndOffset="1920" SrcFileId="7" StartOffset="1845"/>
</LocList>
<LoopStmnt CovItemId="S18" CovItemPrefix="pickr.games.Briscola.java" Intrnl_Id="221" MltplExecId="L3-2" MltplExecPrefix="pickr.games.Briscola.java" NvrExecId="L3-0" NvrExecPrefix="pickr.games.Briscola.java" OnceExecutedId="L3-1" OnceExecutedPrefix="pickr.games.Briscola.java" OptBodyExec="true">
<StmntSeq Intrnl_Id="222">
<LocList>
<Loc EndOffset="1685" SrcFileId="7" StartOffset="1656"/>
</LocList>
<BasicStmnt CovItemId="S19" CovItemPrefix="pickr.games.Briscola.java" Intrnl_Id="223">
<LocList>
<Loc EndOffset="1685" SrcFileId="7" StartOffset="1656"/>
</LocList>
</BasicStmnt>
</StmntSeq>
<Keyword EndOffset="1619" SrcFileId="7" StartOffset="1616"/>
<LocList>
<Loc EndOffset="1690" SrcFileId="7" StartOffset="1616"/>
</LocList>
</LoopStmnt>
<BasicStmnt CovItemId="S20" CovItemPrefix="pickr.games.Briscola.java" Intrnl_Id="224">
<LocList>
<Loc EndOffset="1758" SrcFileId="7" StartOffset="1698"/>
</LocList>
</BasicStmnt>
<BasicStmnt CovItemId="S21" CovItemPrefix="pickr.games.Briscola.java" Intrnl_Id="225">
<LocList>
<Loc EndOffset="1803" SrcFileId="7" StartOffset="1766"/>
</LocList>
</BasicStmnt>
<BasicStmnt CovItemId="S22" CovItemPrefix="pickr.games.Briscola.java" Intrnl_Id="226">
<LocList>
<Loc EndOffset="1836" SrcFileId="7" StartOffset="1811"/>
</LocList>
</BasicStmnt>
<LoopStmnt CovItemId="S23" CovItemPrefix="pickr.games.Briscola.java" Intrnl_Id="227" MltplExecId="L4-2" MltplExecPrefix="pickr.games.Briscola.java" NvrExecId="L4-0" NvrExecPrefix="pickr.games.Briscola.java" OnceExecutedId="L4-1" OnceExecutedPrefix="pickr.games.Briscola.java" OptBodyExec="true">
<StmntSeq Intrnl_Id="228">
<LocList>
<Loc EndOffset="1915" SrcFileId="7" StartOffset="1885"/>
</LocList>
<BasicStmnt CovItemId="S24" CovItemPrefix="pickr.games.Briscola.java" Intrnl_Id="229">
<LocList>
<Loc EndOffset="1915" SrcFileId="7" StartOffset="1885"/>
</LocList>
</BasicStmnt>
</StmntSeq>
<Keyword EndOffset="1848" SrcFileId="7" StartOffset="1845"/>
<LocList>
<Loc EndOffset="1920" SrcFileId="7" StartOffset="1845"/>
</LocList>
</LoopStmnt>
</StmntSeq>
</HierarchyLvl>
</HierarchyLvl>
</HierarchyLvl>
<HierarchyLvl HierarchyLvlId="149" HierarchyLvlTypeId="14" Intrnl_Id="230" Name="Main">
<Header>
<Loc EndOffset="35" SrcFileId="1" StartOffset="18"/>
</Header>
<LocList>
<Loc EndOffset="131" SrcFileId="1" StartOffset="18"/>
</LocList>
<HierarchyLvl HierarchyLvlId="148" HierarchyLvlTypeId="13" Intrnl_Id="231" Name="main">
<Header>
<Loc EndOffset="80" SrcFileId="1" StartOffset="42"/>
</Header>
<LocList>
<Loc EndOffset="126" SrcFileId="1" StartOffset="42"/>
</LocList>
</HierarchyLvl>
</HierarchyLvl>
</HierarchyLvl>
<HierarchyLvl HierarchyLvlId="195" HierarchyLvlTypeId="12" Intrnl_Id="232" Name="test">
<Header/>
<LocList/>
<HierarchyLvl HierarchyLvlId="188" HierarchyLvlTypeId="14" Intrnl_Id="233" Name="GameMCDC">
<Header>
<Loc EndOffset="324" SrcFileId="8" StartOffset="293"/>
</Header>
<LocList>
<Loc EndOffset="1646" SrcFileId="8" StartOffset="293"/>
</LocList>
<HierarchyLvl HierarchyLvlId="185" HierarchyLvlTypeId="13" Intrnl_Id="234" Name="GameMCDC">
<Header>
<Loc EndOffset="373" SrcFileId="8" StartOffset="331"/>
</Header>
<LocList>
<Loc EndOffset="403" SrcFileId="8" StartOffset="331"/>
</LocList>
<StmntSeq Intrnl_Id="235">
<LocList>
<Loc EndOffset="401" SrcFileId="8" StartOffset="376"/>
</LocList>
<BasicStmnt CovItemId="S1" CovItemPrefix="test.MCDC.java" Intrnl_Id="236">
<LocList>
<Loc EndOffset="401" SrcFileId="8" StartOffset="376"/>
</LocList>
</BasicStmnt>
</StmntSeq>
</HierarchyLvl>
<HierarchyLvl HierarchyLvlId="186" HierarchyLvlTypeId="13" Intrnl_Id="237" Name="start">
<Header>
<Loc EndOffset="493" SrcFileId="8" StartOffset="409"/>
</Header>
<LocList>
<Loc EndOffset="1339" SrcFileId="8" StartOffset="409"/>
</LocList>
<StmntSeq Intrnl_Id="238">
<LocList>
<Loc EndOffset="563" SrcFileId="8" StartOffset="503"/>
<Loc EndOffset="612" SrcFileId="8" StartOffset="567"/>
<Loc EndOffset="657" SrcFileId="8" StartOffset="616"/>
<Loc EndOffset="697" SrcFileId="8" StartOffset="663"/>
<Loc EndOffset="765" SrcFileId="8" StartOffset="705"/>
<Loc EndOffset="815" SrcFileId="8" StartOffset="769"/>
<Loc EndOffset="860" SrcFileId="8" StartOffset="819"/>
<Loc EndOffset="900" SrcFileId="8" StartOffset="866"/>
<Loc EndOffset="968" SrcFileId="8" StartOffset="908"/>
<Loc EndOffset="1013" SrcFileId="8" StartOffset="972"/>
<Loc EndOffset="1062" SrcFileId="8" StartOffset="1017"/>
<Loc EndOffset="1102" SrcFileId="8" StartOffset="1068"/>
<Loc EndOffset="1170" SrcFileId="8" StartOffset="1110"/>
<Loc EndOffset="1215" SrcFileId="8" StartOffset="1174"/>
<Loc EndOffset="1262" SrcFileId="8" StartOffset="1219"/>
<Loc EndOffset="1302" SrcFileId="8" StartOffset="1268"/>
<Loc EndOffset="1335" SrcFileId="8" StartOffset="1310"/>
</LocList>
<BasicStmnt CovItemId="S2" CovItemPrefix="test.MCDC.java" Intrnl_Id="239">
<LocList>
<Loc EndOffset="563" SrcFileId="8" StartOffset="503"/>
</LocList>
</BasicStmnt>
<BasicStmnt CovItemId="S3" CovItemPrefix="test.MCDC.java" Intrnl_Id="240">
<LocList>
<Loc EndOffset="612" SrcFileId="8" StartOffset="567"/>
</LocList>
</BasicStmnt>
<BasicStmnt CovItemId="S4" CovItemPrefix="test.MCDC.java" Intrnl_Id="241">
<LocList>
<Loc EndOffset="657" SrcFileId="8" StartOffset="616"/>
</LocList>
</BasicStmnt>
<BasicStmnt CovItemId="S5" CovItemPrefix="test.MCDC.java" Intrnl_Id="242">
<LocList>
<Loc EndOffset="697" SrcFileId="8" StartOffset="663"/>
</LocList>
</BasicStmnt>
<BasicStmnt CovItemId="S6" CovItemPrefix="test.MCDC.java" Intrnl_Id="243">
<LocList>
<Loc EndOffset="765" SrcFileId="8" StartOffset="705"/>
</LocList>
</BasicStmnt>
<BasicStmnt CovItemId="S7" CovItemPrefix="test.MCDC.java" Intrnl_Id="244">
<LocList>
<Loc EndOffset="815" SrcFileId="8" StartOffset="769"/>
</LocList>
</BasicStmnt>
<BasicStmnt CovItemId="S8" CovItemPrefix="test.MCDC.java" Intrnl_Id="245">
<LocList>
<Loc EndOffset="860" SrcFileId="8" StartOffset="819"/>
</LocList>
</BasicStmnt>
<BasicStmnt CovItemId="S9" CovItemPrefix="test.MCDC.java" Intrnl_Id="246">
<LocList>
<Loc EndOffset="900" SrcFileId="8" StartOffset="866"/>
</LocList>
</BasicStmnt>
<BasicStmnt CovItemId="S10" CovItemPrefix="test.MCDC.java" Intrnl_Id="247">
<LocList>
<Loc EndOffset="968" SrcFileId="8" StartOffset="908"/>
</LocList>
</BasicStmnt>
<BasicStmnt CovItemId="S11" CovItemPrefix="test.MCDC.java" Intrnl_Id="248">
<LocList>
<Loc EndOffset="1013" SrcFileId="8" StartOffset="972"/>
</LocList>
</BasicStmnt>
<BasicStmnt CovItemId="S12" CovItemPrefix="test.MCDC.java" Intrnl_Id="249">
<LocList>
<Loc EndOffset="1062" SrcFileId="8" StartOffset="1017"/>
</LocList>
</BasicStmnt>
<BasicStmnt CovItemId="S13" CovItemPrefix="test.MCDC.java" Intrnl_Id="250">
<LocList>
<Loc EndOffset="1102" SrcFileId="8" StartOffset="1068"/>
</LocList>
</BasicStmnt>
<BasicStmnt CovItemId="S14" CovItemPrefix="test.MCDC.java" Intrnl_Id="251">
<LocList>
<Loc EndOffset="1170" SrcFileId="8" StartOffset="1110"/>
</LocList>
</BasicStmnt>
<BasicStmnt CovItemId="S15" CovItemPrefix="test.MCDC.java" Intrnl_Id="252">
<LocList>
<Loc EndOffset="1215" SrcFileId="8" StartOffset="1174"/>
</LocList>
</BasicStmnt>
<BasicStmnt CovItemId="S16" CovItemPrefix="test.MCDC.java" Intrnl_Id="253">
<LocList>
<Loc EndOffset="1262" SrcFileId="8" StartOffset="1219"/>
</LocList>
</BasicStmnt>
<BasicStmnt CovItemId="S17" CovItemPrefix="test.MCDC.java" Intrnl_Id="254">
<LocList>
<Loc EndOffset="1302" SrcFileId="8" StartOffset="1268"/>
</LocList>
</BasicStmnt>
<BasicStmnt CovItemId="S18" CovItemPrefix="test.MCDC.java" Intrnl_Id="255">
<LocList>
<Loc EndOffset="1335" SrcFileId="8" StartOffset="1310"/>
</LocList>
</BasicStmnt>
</StmntSeq>
</HierarchyLvl>
<HierarchyLvl HierarchyLvlId="187" HierarchyLvlTypeId="13" Intrnl_Id="256" Name="round">
<Header>
<Loc EndOffset="1403" SrcFileId="8" StartOffset="1345"/>
</Header>
<LocList>
<Loc EndOffset="1637" SrcFileId="8" StartOffset="1345"/>
</LocList>
<StmntSeq Intrnl_Id="257">
<LocList>
<Loc EndOffset="1487" SrcFileId="8" StartOffset="1413"/>
<Loc EndOffset="1555" SrcFileId="8" StartOffset="1495"/>
<Loc EndOffset="1596" SrcFileId="8" StartOffset="1563"/>
<Loc EndOffset="1629" SrcFileId="8" StartOffset="1604"/>
</LocList>
<LoopStmnt CovItemId="S19" CovItemPrefix="test.MCDC.java" Intrnl_Id="258" MltplExecId="L1-2" MltplExecPrefix="test.MCDC.java" NvrExecId="L1-0" NvrExecPrefix="test.MCDC.java" OnceExecutedId="L1-1" OnceExecutedPrefix="test.MCDC.java" OptBodyExec="true">
<StmntSeq Intrnl_Id="259">
<LocList>
<Loc EndOffset="1482" SrcFileId="8" StartOffset="1453"/>
</LocList>
<BasicStmnt CovItemId="S20" CovItemPrefix="test.MCDC.java" Intrnl_Id="260">
<LocList>
<Loc EndOffset="1482" SrcFileId="8" StartOffset="1453"/>
</LocList>
</BasicStmnt>
</StmntSeq>
<Keyword EndOffset="1416" SrcFileId="8" StartOffset="1413"/>
<LocList>
<Loc EndOffset="1487" SrcFileId="8" StartOffset="1413"/>
</LocList>
</LoopStmnt>
<BasicStmnt CovItemId="S21" CovItemPrefix="test.MCDC.java" Intrnl_Id="261">
<LocList>
<Loc EndOffset="1555" SrcFileId="8" StartOffset="1495"/>
</LocList>
</BasicStmnt>
<BasicStmnt CovItemId="S22" CovItemPrefix="test.MCDC.java" Intrnl_Id="262">
<LocList>
<Loc EndOffset="1596" SrcFileId="8" StartOffset="1563"/>
</LocList>
</BasicStmnt>
<BasicStmnt CovItemId="S23" CovItemPrefix="test.MCDC.java" Intrnl_Id="263">
<LocList>
<Loc EndOffset="1629" SrcFileId="8" StartOffset="1604"/>
</LocList>
</BasicStmnt>
</StmntSeq>
</HierarchyLvl>
</HierarchyLvl>
<HierarchyLvl HierarchyLvlId="190" HierarchyLvlTypeId="14" Intrnl_Id="264" Name="MCDC">
<Header>
<Loc EndOffset="1667" SrcFileId="8" StartOffset="1650"/>
</Header>
<LocList>
<Loc EndOffset="2000" SrcFileId="8" StartOffset="1650"/>
</LocList>
<HierarchyLvl HierarchyLvlId="189" HierarchyLvlTypeId="13" Intrnl_Id="265" Name="MCDC_Test">
<Header>
<Loc EndOffset="1759" SrcFileId="8" StartOffset="1675"/>
</Header>
<LocList>
<Loc EndOffset="1995" SrcFileId="8" StartOffset="1675"/>
</LocList>
<StmntSeq Intrnl_Id="266">
<LocList>
<Loc EndOffset="1785" SrcFileId="8" StartOffset="1770"/>
<Loc EndOffset="1808" SrcFileId="8" StartOffset="1789"/>
<Loc EndOffset="1864" SrcFileId="8" StartOffset="1816"/>
<Loc EndOffset="1932" SrcFileId="8" StartOffset="1873"/>
<Loc EndOffset="1953" SrcFileId="8" StartOffset="1940"/>
<Loc EndOffset="1974" SrcFileId="8" StartOffset="1961"/>
<Loc EndOffset="1991" SrcFileId="8" StartOffset="1978"/>
</LocList>
<BasicStmnt CovItemId="S24" CovItemPrefix="test.MCDC.java" Intrnl_Id="267">
<LocList>
<Loc EndOffset="1785" SrcFileId="8" StartOffset="1770"/>
</LocList>
</BasicStmnt>
<BasicStmnt CovItemId="S25" CovItemPrefix="test.MCDC.java" Intrnl_Id="268">
<LocList>
<Loc EndOffset="1808" SrcFileId="8" StartOffset="1789"/>
</LocList>
</BasicStmnt>
<BasicStmnt CovItemId="S26" CovItemPrefix="test.MCDC.java" Intrnl_Id="269">
<LocList>
<Loc EndOffset="1864" SrcFileId="8" StartOffset="1816"/>
</LocList>
</BasicStmnt>
<LoopStmnt CovItemId="S27" CovItemPrefix="test.MCDC.java" Intrnl_Id="270" MltplExecId="L2-2" MltplExecPrefix="test.MCDC.java" NvrExecId="L2-0" NvrExecPrefix="test.MCDC.java" OnceExecutedId="L2-1" OnceExecutedPrefix="test.MCDC.java" OptBodyExec="true">
<StmntSeq Intrnl_Id="271">
<LocList>
<Loc EndOffset="1930" SrcFileId="8" StartOffset="1900"/>
</LocList>
<BasicStmnt CovItemId="S28" CovItemPrefix="test.MCDC.java" Intrnl_Id="272">
<LocList>
<Loc EndOffset="1930" SrcFileId="8" StartOffset="1900"/>
</LocList>
</BasicStmnt>
</StmntSeq>
<Keyword EndOffset="1876" SrcFileId="8" StartOffset="1873"/>
<LocList>
<Loc EndOffset="1932" SrcFileId="8" StartOffset="1873"/>
</LocList>
<RootTerm CovItemId="C1" CovItemPrefix="test.MCDC.java" Intrnl_Id="273">
<BasicBoolTerm Intrnl_Id="274">
<LocList>
<Loc EndOffset="1891" SrcFileId="8" StartOffset="1886"/>
</LocList>
</BasicBoolTerm>
</RootTerm>
</LoopStmnt>
<BasicStmnt CovItemId="S29" CovItemPrefix="test.MCDC.java" Intrnl_Id="275">
<LocList>
<Loc EndOffset="1953" SrcFileId="8" StartOffset="1940"/>
</LocList>
</BasicStmnt>
<BasicStmnt CovItemId="S30" CovItemPrefix="test.MCDC.java" Intrnl_Id="276">
<LocList>
<Loc EndOffset="1974" SrcFileId="8" StartOffset="1961"/>
</LocList>
</BasicStmnt>
<BasicStmnt CovItemId="S31" CovItemPrefix="test.MCDC.java" Intrnl_Id="277">
<LocList>
<Loc EndOffset="1991" SrcFileId="8" StartOffset="1978"/>
</LocList>
</BasicStmnt>
</StmntSeq>
</HierarchyLvl>
</HierarchyLvl>
</HierarchyLvl>
</HierarchyLvl>
</MASTRoot>
<TestSession Comment="" Date="1598691723525" Name="29-ago-2020 11.02.03">
<TestCase Comment="" Date="1598691723472" Name="test.MCDC:MCDC_Test">
<CovList>
<CovPrefix CovItemPrefix="pickr.classes.Deck.java">
<Cov CovItemId="S1" Value="1"/>
</CovPrefix>
<CovPrefix CovItemPrefix="pickr.classes.GamingCard.java">
<Cov CovItemId="B1" Value="6"/>
<Cov CovItemId="B2" Value="2"/>
<Cov CovItemId="B4" Value="8"/>
<Cov CovItemId="S1" Value="8"/>
<Cov CovItemId="S10" Value="8"/>
<Cov CovItemId="S12" Value="8"/>
<Cov CovItemId="S13" Value="8"/>
<Cov CovItemId="S2" Value="8"/>
<Cov CovItemId="S3" Value="8"/>
<Cov CovItemId="S4" Value="17"/>
<Cov CovItemId="S6" Value="56"/>
<Cov CovItemId="S7" Value="8"/>
<Cov CovItemId="S8" Value="6"/>
<Cov CovItemId="S9" Value="2"/>
</CovPrefix>
<CovPrefix CovItemPrefix="pickr.classes.Player.java">
<Cov CovItemId="S1" Value="4"/>
<Cov CovItemId="S12" Value="2"/>
<Cov CovItemId="S13" Value="8"/>
<Cov CovItemId="S2" Value="4"/>
<Cov CovItemId="S3" Value="4"/>
<Cov CovItemId="S4" Value="4"/>
<Cov CovItemId="S5" Value="8"/>
<Cov CovItemId="S6" Value="4"/>
<Cov CovItemId="S7" Value="8"/>
<Cov CovItemId="S9" Value="2"/>
</CovPrefix>
<CovPrefix CovItemPrefix="pickr.games.Briscola.java">
<Cov CovItemId="B1" Value="1"/>
<Cov CovItemId="B2" Value="7"/>
<Cov CovItemId="B3" Value="1"/>
<Cov CovItemId="B4" Value="7"/>
<Cov CovItemId="B5" Value="1"/>
<Cov CovItemId="B6" Value="7"/>
<Cov CovItemId="S1" Value="1"/>
<Cov CovItemId="S10" Value="2"/>
<Cov CovItemId="S11" Value="8"/>
<Cov CovItemId="S12" Value="1"/>
<Cov CovItemId="S13" Value="8"/>
<Cov CovItemId="S14" Value="1"/>
<Cov CovItemId="S15" Value="8"/>
<Cov CovItemId="S16" Value="1"/>
<Cov CovItemId="S17" Value="2"/>
<Cov CovItemId="S2" Value="1"/>
<Cov CovItemId="S9" Value="2"/>
</CovPrefix>
<CovPrefix CovItemPrefix="test.MCDC.java">
<Cov CovItemId="S1" Value="1"/>
<Cov CovItemId="S10" Value="1"/>
<Cov CovItemId="S11" Value="1"/>
<Cov CovItemId="S12" Value="1"/>
<Cov CovItemId="S13" Value="1"/>
<Cov CovItemId="S14" Value="1"/>
<Cov CovItemId="S15" Value="1"/>
<Cov CovItemId="S16" Value="1"/>
<Cov CovItemId="S17" Value="1"/>
<Cov CovItemId="S18" Value="1"/>
<Cov CovItemId="S19" Value="2"/>
<Cov CovItemId="S2" Value="1"/>
<Cov CovItemId="S20" Value="8"/>
<Cov CovItemId="S21" Value="2"/>
<Cov CovItemId="S22" Value="2"/>
<Cov CovItemId="S23" Value="2"/>
<Cov CovItemId="S24" Value="1"/>
<Cov CovItemId="S25" Value="1"/>
<Cov CovItemId="S26" Value="1"/>
<Cov CovItemId="S27" Value="1"/>
<Cov CovItemId="S28" Value="4"/>
<Cov CovItemId="S29" Value="1"/>
<Cov CovItemId="S3" Value="1"/>
<Cov CovItemId="S30" Value="1"/>
<Cov CovItemId="S31" Value="1"/>
<Cov CovItemId="S4" Value="1"/>
<Cov CovItemId="S5" Value="1"/>
<Cov CovItemId="S6" Value="1"/>
<Cov CovItemId="S7" Value="1"/>
<Cov CovItemId="S8" Value="1"/>
<Cov CovItemId="S9" Value="1"/>
</CovPrefix>
</CovList>
<AssgnmntList>
<AssgnmntPrefix RootTermCovItemPrefix="pickr.classes.GamingCard.java">
<AssgnmntListEntry Length="2" RootTermCovItemId="C1">
<MapEntry BoolAssgnmnt="02" Value="1"/>
<MapEntry BoolAssgnmnt="10" Value="1"/>
<MapEntry BoolAssgnmnt="11" Value="6"/>
</AssgnmntListEntry>
<AssgnmntListEntry Length="2" RootTermCovItemId="C2">
<MapEntry BoolAssgnmnt="00" Value="8"/>
</AssgnmntListEntry>
</AssgnmntPrefix>
<AssgnmntPrefix RootTermCovItemPrefix="pickr.games.Briscola.java">
<AssgnmntListEntry Length="3" RootTermCovItemId="C1">
<MapEntry BoolAssgnmnt="022" Value="6"/>
<MapEntry BoolAssgnmnt="102" Value="1"/>
<MapEntry BoolAssgnmnt="111" Value="1"/>
</AssgnmntListEntry>
<AssgnmntListEntry Length="3" RootTermCovItemId="C2">
<MapEntry BoolAssgnmnt="022" Value="7"/>
<MapEntry BoolAssgnmnt="111" Value="1"/>
</AssgnmntListEntry>
<AssgnmntListEntry Length="3" RootTermCovItemId="C3">
<MapEntry BoolAssgnmnt="002" Value="4"/>
<MapEntry BoolAssgnmnt="010" Value="3"/>
<MapEntry BoolAssgnmnt="011" Value="1"/>
</AssgnmntListEntry>
</AssgnmntPrefix>
<AssgnmntPrefix RootTermCovItemPrefix="test.MCDC.java">
<AssgnmntListEntry Length="1" RootTermCovItemId="C1">
<MapEntry BoolAssgnmnt="0" Value="1"/>
<MapEntry BoolAssgnmnt="1" Value="4"/>
</AssgnmntListEntry>
</AssgnmntPrefix>
</AssgnmntList>
<ObjMetaDataList/>
<MetaDataList/>
</TestCase>
<MetaDataList/>
</TestSession>
</TestSessionContainer>
